[2023-09-17T02:36:38.160+0000] {taskinstance.py:1125} INFO - Dependencies all met for dep_context=non-requeueable deps ti=<TaskInstance: business_question.daily_earnings scheduled__2023-09-15T02:00:00+00:00 [queued]>
[2023-09-17T02:36:38.218+0000] {taskinstance.py:1125} INFO - Dependencies all met for dep_context=requeueable deps ti=<TaskInstance: business_question.daily_earnings scheduled__2023-09-15T02:00:00+00:00 [queued]>
[2023-09-17T02:36:38.219+0000] {taskinstance.py:1331} INFO - Starting attempt 1 of 2
[2023-09-17T02:36:38.313+0000] {taskinstance.py:1350} INFO - Executing <Task(GenericTransfer): daily_earnings> on 2023-09-15 02:00:00+00:00
[2023-09-17T02:36:38.329+0000] {standard_task_runner.py:57} INFO - Started process 78 to run task
[2023-09-17T02:36:38.351+0000] {standard_task_runner.py:84} INFO - Running: ['***', 'tasks', 'run', 'business_question', 'daily_earnings', 'scheduled__2023-09-15T02:00:00+00:00', '--job-id', '29', '--raw', '--subdir', 'DAGS_FOLDER/businesse.py', '--cfg-path', '/tmp/tmphel2ho6t']
[2023-09-17T02:36:38.390+0000] {standard_task_runner.py:85} INFO - Job 29: Subtask daily_earnings
[2023-09-17T02:36:38.825+0000] {task_command.py:410} INFO - Running <TaskInstance: business_question.daily_earnings scheduled__2023-09-15T02:00:00+00:00 [running]> on host f8e092322bb9
[2023-09-17T02:36:39.429+0000] {taskinstance.py:1570} INFO - Exporting env vars: AIRFLOW_CTX_DAG_OWNER='Febriansyah' AIRFLOW_CTX_DAG_ID='business_question' AIRFLOW_CTX_TASK_ID='daily_earnings' AIRFLOW_CTX_EXECUTION_DATE='2023-09-15T02:00:00+00:00' AIRFLOW_CTX_TRY_NUMBER='1' AIRFLOW_CTX_DAG_RUN_ID='scheduled__2023-09-15T02:00:00+00:00'
[2023-09-17T02:36:39.521+0000] {base.py:73} INFO - Using connection ID 'db_destination' for task execution.
[2023-09-17T02:36:40.055+0000] {base.py:73} INFO - Using connection ID 'last_destination' for task execution.
[2023-09-17T02:36:40.197+0000] {generic_transfer.py:77} INFO - Extracting data from db_destination
[2023-09-17T02:36:40.210+0000] {generic_transfer.py:78} INFO - Executing: 
 
    SELECT *
    FROM (
            SELECT "InvoiceDate", SUM("TotalPrice") as "DailyEarnings"
            FROM "artist_revenue"
            GROUP BY "InvoiceDate"
    ) as a
    
[2023-09-17T02:36:40.237+0000] {base.py:73} INFO - Using connection ID 'db_destination' for task execution.
[2023-09-17T02:36:40.251+0000] {sql.py:375} INFO - Running statement: 
    SELECT *
    FROM (
            SELECT "InvoiceDate", SUM("TotalPrice") as "DailyEarnings"
            FROM "artist_revenue"
            GROUP BY "InvoiceDate"
    ) as a
    , parameters: None
[2023-09-17T02:36:40.362+0000] {sql.py:384} INFO - Rows affected: 354
[2023-09-17T02:36:40.367+0000] {generic_transfer.py:95} INFO - Running preoperator
[2023-09-17T02:36:40.369+0000] {generic_transfer.py:96} INFO - ['DROP TABLE IF EXISTS question1', '\n        CREATE TABLE question1 (\n        \n        "InvoiceDate" TIMESTAMP NOT NULL,\n        "DailyEarnings" NUMERIC(10,2) NOT NULL\n    \n        )\n        ']
[2023-09-17T02:36:40.386+0000] {base.py:73} INFO - Using connection ID 'last_destination' for task execution.
[2023-09-17T02:36:40.409+0000] {sql.py:375} INFO - Running statement: DROP TABLE IF EXISTS question1, parameters: None
[2023-09-17T02:36:40.560+0000] {sql.py:375} INFO - Running statement: 
        CREATE TABLE question1 (
        
        "InvoiceDate" TIMESTAMP NOT NULL,
        "DailyEarnings" NUMERIC(10,2) NOT NULL
    
        )
        , parameters: None
[2023-09-17T02:36:40.578+0000] {generic_transfer.py:105} INFO - Inserting rows into last_destination
[2023-09-17T02:36:40.632+0000] {base.py:73} INFO - Using connection ID 'last_destination' for task execution.
[2023-09-17T02:36:40.860+0000] {sql.py:473} INFO - Done loading. Loaded a total of 354 rows into question1
[2023-09-17T02:36:40.898+0000] {taskinstance.py:1373} INFO - Marking task as SUCCESS. dag_id=business_question, task_id=daily_earnings, execution_date=20230915T020000, start_date=20230917T023638, end_date=20230917T023640
[2023-09-17T02:36:40.962+0000] {local_task_job_runner.py:232} INFO - Task exited with return code 0
[2023-09-17T02:36:41.055+0000] {taskinstance.py:2674} INFO - 1 downstream tasks scheduled from follow-on schedule check
