[2023-09-15T15:17:06.934+0000] {taskinstance.py:1125} INFO - Dependencies all met for dep_context=non-requeueable deps ti=<TaskInstance: business_question.city_with_most_purchases manual__2023-09-15T15:16:54.304493+00:00 [queued]>
[2023-09-15T15:17:06.956+0000] {taskinstance.py:1125} INFO - Dependencies all met for dep_context=requeueable deps ti=<TaskInstance: business_question.city_with_most_purchases manual__2023-09-15T15:16:54.304493+00:00 [queued]>
[2023-09-15T15:17:06.957+0000] {taskinstance.py:1331} INFO - Starting attempt 1 of 2
[2023-09-15T15:17:06.999+0000] {taskinstance.py:1350} INFO - Executing <Task(GenericTransfer): city_with_most_purchases> on 2023-09-15 15:16:54.304493+00:00
[2023-09-15T15:17:07.011+0000] {standard_task_runner.py:57} INFO - Started process 339 to run task
[2023-09-15T15:17:07.019+0000] {standard_task_runner.py:84} INFO - Running: ['***', 'tasks', 'run', 'business_question', 'city_with_most_purchases', 'manual__2023-09-15T15:16:54.304493+00:00', '--job-id', '11', '--raw', '--subdir', 'DAGS_FOLDER/businesse.py', '--cfg-path', '/tmp/tmpwh5ydcpi']
[2023-09-15T15:17:07.022+0000] {standard_task_runner.py:85} INFO - Job 11: Subtask city_with_most_purchases
[2023-09-15T15:17:07.125+0000] {task_command.py:410} INFO - Running <TaskInstance: business_question.city_with_most_purchases manual__2023-09-15T15:16:54.304493+00:00 [running]> on host f8e092322bb9
[2023-09-15T15:17:07.297+0000] {taskinstance.py:1570} INFO - Exporting env vars: AIRFLOW_CTX_DAG_OWNER='Febriansyah' AIRFLOW_CTX_DAG_ID='business_question' AIRFLOW_CTX_TASK_ID='city_with_most_purchases' AIRFLOW_CTX_EXECUTION_DATE='2023-09-15T15:16:54.304493+00:00' AIRFLOW_CTX_TRY_NUMBER='1' AIRFLOW_CTX_DAG_RUN_ID='manual__2023-09-15T15:16:54.304493+00:00'
[2023-09-15T15:17:07.316+0000] {base.py:73} INFO - Using connection ID 'db_destination' for task execution.
[2023-09-15T15:17:07.449+0000] {base.py:73} INFO - Using connection ID 'last_destination' for task execution.
[2023-09-15T15:17:07.546+0000] {generic_transfer.py:77} INFO - Extracting data from db_destination
[2023-09-15T15:17:07.547+0000] {generic_transfer.py:78} INFO - Executing: 
 
    SELECT "City", COUNT("InvoiceId") as "TotalPurchases"
    FROM "transactions"
    GROUP BY "City"
    ORDER BY "TotalPurchases" DESC
    
[2023-09-15T15:17:07.556+0000] {base.py:73} INFO - Using connection ID 'db_destination' for task execution.
[2023-09-15T15:17:07.562+0000] {sql.py:375} INFO - Running statement: 
    SELECT "City", COUNT("InvoiceId") as "TotalPurchases"
    FROM "transactions"
    GROUP BY "City"
    ORDER BY "TotalPurchases" DESC
    , parameters: None
[2023-09-15T15:17:07.566+0000] {sql.py:384} INFO - Rows affected: 53
[2023-09-15T15:17:07.567+0000] {generic_transfer.py:95} INFO - Running preoperator
[2023-09-15T15:17:07.568+0000] {generic_transfer.py:96} INFO - ['DROP TABLE IF EXISTS question4', '\n        CREATE TABLE question4 (\n        \n        "City" VARCHAR,\n        "TotalPurchases" NUMERIC(10,2) NOT NULL\n        \n    \n        )\n        ']
[2023-09-15T15:17:07.578+0000] {base.py:73} INFO - Using connection ID 'last_destination' for task execution.
[2023-09-15T15:17:07.584+0000] {sql.py:375} INFO - Running statement: DROP TABLE IF EXISTS question4, parameters: None
[2023-09-15T15:17:07.585+0000] {sql.py:375} INFO - Running statement: 
        CREATE TABLE question4 (
        
        "City" VARCHAR,
        "TotalPurchases" NUMERIC(10,2) NOT NULL
        
    
        )
        , parameters: None
[2023-09-15T15:17:07.602+0000] {generic_transfer.py:105} INFO - Inserting rows into last_destination
[2023-09-15T15:17:07.612+0000] {base.py:73} INFO - Using connection ID 'last_destination' for task execution.
[2023-09-15T15:17:07.643+0000] {sql.py:473} INFO - Done loading. Loaded a total of 53 rows into question4
[2023-09-15T15:17:07.672+0000] {taskinstance.py:1373} INFO - Marking task as SUCCESS. dag_id=business_question, task_id=city_with_most_purchases, execution_date=20230915T151654, start_date=20230915T151706, end_date=20230915T151707
[2023-09-15T15:17:07.751+0000] {local_task_job_runner.py:232} INFO - Task exited with return code 0
[2023-09-15T15:17:07.786+0000] {taskinstance.py:2674} INFO - 0 downstream tasks scheduled from follow-on schedule check
