[2023-09-15T12:24:57.182+0000] {taskinstance.py:1125} INFO - Dependencies all met for dep_context=non-requeueable deps ti=<TaskInstance: business_question.daily_earnings manual__2023-09-15T12:24:55.493555+00:00 [queued]>
[2023-09-15T12:24:57.191+0000] {taskinstance.py:1125} INFO - Dependencies all met for dep_context=requeueable deps ti=<TaskInstance: business_question.daily_earnings manual__2023-09-15T12:24:55.493555+00:00 [queued]>
[2023-09-15T12:24:57.192+0000] {taskinstance.py:1331} INFO - Starting attempt 1 of 2
[2023-09-15T12:24:57.207+0000] {taskinstance.py:1350} INFO - Executing <Task(GenericTransfer): daily_earnings> on 2023-09-15 12:24:55.493555+00:00
[2023-09-15T12:24:57.214+0000] {standard_task_runner.py:57} INFO - Started process 1798 to run task
[2023-09-15T12:24:57.218+0000] {standard_task_runner.py:84} INFO - Running: ['***', 'tasks', 'run', 'business_question', 'daily_earnings', 'manual__2023-09-15T12:24:55.493555+00:00', '--job-id', '21', '--raw', '--subdir', 'DAGS_FOLDER/businesse.py', '--cfg-path', '/tmp/tmp4b_hqxaw']
[2023-09-15T12:24:57.221+0000] {standard_task_runner.py:85} INFO - Job 21: Subtask daily_earnings
[2023-09-15T12:24:57.284+0000] {task_command.py:410} INFO - Running <TaskInstance: business_question.daily_earnings manual__2023-09-15T12:24:55.493555+00:00 [running]> on host 7b2f04a25b74
[2023-09-15T12:24:57.375+0000] {taskinstance.py:1570} INFO - Exporting env vars: AIRFLOW_CTX_DAG_OWNER='Aldinoharyo' AIRFLOW_CTX_DAG_ID='business_question' AIRFLOW_CTX_TASK_ID='daily_earnings' AIRFLOW_CTX_EXECUTION_DATE='2023-09-15T12:24:55.493555+00:00' AIRFLOW_CTX_TRY_NUMBER='1' AIRFLOW_CTX_DAG_RUN_ID='manual__2023-09-15T12:24:55.493555+00:00'
[2023-09-15T12:24:57.388+0000] {base.py:73} INFO - Using connection ID 'destination' for task execution.
[2023-09-15T12:24:57.455+0000] {base.py:73} INFO - Using connection ID 'final_destination' for task execution.
[2023-09-15T12:24:57.506+0000] {generic_transfer.py:77} INFO - Extracting data from destination
[2023-09-15T12:24:57.507+0000] {generic_transfer.py:78} INFO - Executing: 
 
    SELECT *
    FROM (
            SELECT "InvoiceDate", SUM("TotalPrice") as "DailyEarnings"
            FROM "artist_revenue"
            GROUP BY "InvoiceDate"
    ) as a
    
[2023-09-15T12:24:57.517+0000] {base.py:73} INFO - Using connection ID 'destination' for task execution.
[2023-09-15T12:24:57.523+0000] {sql.py:375} INFO - Running statement: 
    SELECT *
    FROM (
            SELECT "InvoiceDate", SUM("TotalPrice") as "DailyEarnings"
            FROM "artist_revenue"
            GROUP BY "InvoiceDate"
    ) as a
    , parameters: None
[2023-09-15T12:24:57.526+0000] {sql.py:384} INFO - Rows affected: 354
[2023-09-15T12:24:57.528+0000] {generic_transfer.py:95} INFO - Running preoperator
[2023-09-15T12:24:57.529+0000] {generic_transfer.py:96} INFO - ['DROP TABLE IF EXISTS question1', '\n        CREATE TABLE question1 (\n        \n        "InvoiceDate" TIMESTAMP NOT NULL,\n        "DailyEarnings" NUMERIC(10,2) NOT NULL\n    \n        )\n        ']
[2023-09-15T12:24:57.540+0000] {base.py:73} INFO - Using connection ID 'final_destination' for task execution.
[2023-09-15T12:24:57.545+0000] {sql.py:375} INFO - Running statement: DROP TABLE IF EXISTS question1, parameters: None
[2023-09-15T12:24:57.548+0000] {sql.py:375} INFO - Running statement: 
        CREATE TABLE question1 (
        
        "InvoiceDate" TIMESTAMP NOT NULL,
        "DailyEarnings" NUMERIC(10,2) NOT NULL
    
        )
        , parameters: None
[2023-09-15T12:24:57.552+0000] {generic_transfer.py:105} INFO - Inserting rows into final_destination
[2023-09-15T12:24:57.560+0000] {base.py:73} INFO - Using connection ID 'final_destination' for task execution.
[2023-09-15T12:24:57.656+0000] {sql.py:473} INFO - Done loading. Loaded a total of 354 rows into question1
[2023-09-15T12:24:57.667+0000] {taskinstance.py:1373} INFO - Marking task as SUCCESS. dag_id=business_question, task_id=daily_earnings, execution_date=20230915T122455, start_date=20230915T122457, end_date=20230915T122457
[2023-09-15T12:24:57.713+0000] {local_task_job_runner.py:232} INFO - Task exited with return code 0
[2023-09-15T12:24:57.760+0000] {taskinstance.py:2674} INFO - 1 downstream tasks scheduled from follow-on schedule check
