[2023-09-17T02:36:38.468+0000] {taskinstance.py:1125} INFO - Dependencies all met for dep_context=non-requeueable deps ti=<TaskInstance: revenue.insert_into_artist_revenue scheduled__2023-09-16T00:00:00+00:00 [queued]>
[2023-09-17T02:36:38.499+0000] {taskinstance.py:1125} INFO - Dependencies all met for dep_context=requeueable deps ti=<TaskInstance: revenue.insert_into_artist_revenue scheduled__2023-09-16T00:00:00+00:00 [queued]>
[2023-09-17T02:36:38.500+0000] {taskinstance.py:1331} INFO - Starting attempt 1 of 2
[2023-09-17T02:36:38.613+0000] {taskinstance.py:1350} INFO - Executing <Task(GenericTransfer): insert_into_artist_revenue> on 2023-09-16 00:00:00+00:00
[2023-09-17T02:36:38.693+0000] {standard_task_runner.py:84} INFO - Running: ['***', 'tasks', 'run', 'revenue', 'insert_into_artist_revenue', 'scheduled__2023-09-16T00:00:00+00:00', '--job-id', '24', '--raw', '--subdir', 'DAGS_FOLDER/revenue.py', '--cfg-path', '/tmp/tmpis2kxeei']
[2023-09-17T02:36:38.705+0000] {standard_task_runner.py:85} INFO - Job 24: Subtask insert_into_artist_revenue
[2023-09-17T02:36:38.737+0000] {standard_task_runner.py:57} INFO - Started process 80 to run task
[2023-09-17T02:36:39.042+0000] {task_command.py:410} INFO - Running <TaskInstance: revenue.insert_into_artist_revenue scheduled__2023-09-16T00:00:00+00:00 [running]> on host f8e092322bb9
[2023-09-17T02:36:39.665+0000] {taskinstance.py:1570} INFO - Exporting env vars: AIRFLOW_CTX_DAG_OWNER='Febriansyah' AIRFLOW_CTX_DAG_ID='revenue' AIRFLOW_CTX_TASK_ID='insert_into_artist_revenue' AIRFLOW_CTX_EXECUTION_DATE='2023-09-16T00:00:00+00:00' AIRFLOW_CTX_TRY_NUMBER='1' AIRFLOW_CTX_DAG_RUN_ID='scheduled__2023-09-16T00:00:00+00:00'
[2023-09-17T02:36:39.707+0000] {base.py:73} INFO - Using connection ID 'db_source' for task execution.
[2023-09-17T02:36:40.074+0000] {base.py:73} INFO - Using connection ID 'db_destination' for task execution.
[2023-09-17T02:36:40.289+0000] {generic_transfer.py:77} INFO - Extracting data from db_source
[2023-09-17T02:36:40.290+0000] {generic_transfer.py:78} INFO - Executing: 
 
SELECT a."ArtistId", 
       a."Name", 
       b."Title", 
       c."Name", 
       (d."Quantity" * d."UnitPrice"),
       d."InvoiceLineId",
       e."InvoiceId",
       e."InvoiceDate"
FROM "Artist" a
JOIN "Album" b
ON a."ArtistId" = b."ArtistId"
JOIN "Track" c
ON b."AlbumId" = c."AlbumId"
JOIN "InvoiceLine" d
ON c."TrackId" = d."TrackId"
JOIN "Invoice" e
ON d."InvoiceId" = e."InvoiceId"
[2023-09-17T02:36:40.305+0000] {base.py:73} INFO - Using connection ID 'db_source' for task execution.
[2023-09-17T02:36:40.348+0000] {sql.py:375} INFO - Running statement: 
SELECT a."ArtistId", 
       a."Name", 
       b."Title", 
       c."Name", 
       (d."Quantity" * d."UnitPrice"),
       d."InvoiceLineId",
       e."InvoiceId",
       e."InvoiceDate"
FROM "Artist" a
JOIN "Album" b
ON a."ArtistId" = b."ArtistId"
JOIN "Track" c
ON b."AlbumId" = c."AlbumId"
JOIN "InvoiceLine" d
ON c."TrackId" = d."TrackId"
JOIN "Invoice" e
ON d."InvoiceId" = e."InvoiceId", parameters: None
[2023-09-17T02:36:40.442+0000] {sql.py:384} INFO - Rows affected: 2240
[2023-09-17T02:36:40.461+0000] {generic_transfer.py:95} INFO - Running preoperator
[2023-09-17T02:36:40.462+0000] {generic_transfer.py:96} INFO - ['DROP TABLE IF EXISTS artist_revenue', '\n        CREATE TABLE artist_revenue (\n        "ArtistId" INT NOT NULL,\n        "ArtistName" VARCHAR(120),\n        "AlbumTitle" VARCHAR(160) NOT NULL,\n        "TrackName" VARCHAR(200) NOT NULL,\n        "TotalPrice" NUMERIC(10,2) NOT NULL,\n        "InvoiceLineId" INT NOT NULL,\n        "InvoiceId" INT NOT NULL,\n        "InvoiceDate" TIMESTAMP NOT NULL)\n        ']
[2023-09-17T02:36:40.485+0000] {base.py:73} INFO - Using connection ID 'db_destination' for task execution.
[2023-09-17T02:36:40.498+0000] {sql.py:375} INFO - Running statement: DROP TABLE IF EXISTS artist_revenue, parameters: None
[2023-09-17T02:36:40.540+0000] {sql.py:375} INFO - Running statement: 
        CREATE TABLE artist_revenue (
        "ArtistId" INT NOT NULL,
        "ArtistName" VARCHAR(120),
        "AlbumTitle" VARCHAR(160) NOT NULL,
        "TrackName" VARCHAR(200) NOT NULL,
        "TotalPrice" NUMERIC(10,2) NOT NULL,
        "InvoiceLineId" INT NOT NULL,
        "InvoiceId" INT NOT NULL,
        "InvoiceDate" TIMESTAMP NOT NULL)
        , parameters: None
[2023-09-17T02:36:40.604+0000] {generic_transfer.py:105} INFO - Inserting rows into db_destination
[2023-09-17T02:36:40.647+0000] {base.py:73} INFO - Using connection ID 'db_destination' for task execution.
[2023-09-17T02:36:41.214+0000] {sql.py:470} INFO - Loaded 1000 rows into artist_revenue so far
[2023-09-17T02:36:41.870+0000] {sql.py:470} INFO - Loaded 2000 rows into artist_revenue so far
[2023-09-17T02:36:41.990+0000] {sql.py:473} INFO - Done loading. Loaded a total of 2240 rows into artist_revenue
[2023-09-17T02:36:42.042+0000] {taskinstance.py:1373} INFO - Marking task as SUCCESS. dag_id=revenue, task_id=insert_into_artist_revenue, execution_date=20230916T000000, start_date=20230917T023638, end_date=20230917T023642
[2023-09-17T02:36:42.150+0000] {local_task_job_runner.py:232} INFO - Task exited with return code 0
[2023-09-17T02:36:42.245+0000] {taskinstance.py:2674} INFO - 0 downstream tasks scheduled from follow-on schedule check
