[2023-09-15T12:25:05.181+0000] {taskinstance.py:1125} INFO - Dependencies all met for dep_context=non-requeueable deps ti=<TaskInstance: business_question.city_with_most_purchases manual__2023-09-15T12:24:55.493555+00:00 [queued]>
[2023-09-15T12:25:05.194+0000] {taskinstance.py:1125} INFO - Dependencies all met for dep_context=requeueable deps ti=<TaskInstance: business_question.city_with_most_purchases manual__2023-09-15T12:24:55.493555+00:00 [queued]>
[2023-09-15T12:25:05.195+0000] {taskinstance.py:1331} INFO - Starting attempt 1 of 2
[2023-09-15T12:25:05.218+0000] {taskinstance.py:1350} INFO - Executing <Task(GenericTransfer): city_with_most_purchases> on 2023-09-15 12:24:55.493555+00:00
[2023-09-15T12:25:05.226+0000] {standard_task_runner.py:57} INFO - Started process 1816 to run task
[2023-09-15T12:25:05.232+0000] {standard_task_runner.py:84} INFO - Running: ['***', 'tasks', 'run', 'business_question', 'city_with_most_purchases', 'manual__2023-09-15T12:24:55.493555+00:00', '--job-id', '24', '--raw', '--subdir', 'DAGS_FOLDER/businesse.py', '--cfg-path', '/tmp/tmp2mu4zubh']
[2023-09-15T12:25:05.239+0000] {standard_task_runner.py:85} INFO - Job 24: Subtask city_with_most_purchases
[2023-09-15T12:25:05.326+0000] {task_command.py:410} INFO - Running <TaskInstance: business_question.city_with_most_purchases manual__2023-09-15T12:24:55.493555+00:00 [running]> on host 7b2f04a25b74
[2023-09-15T12:25:05.468+0000] {taskinstance.py:1570} INFO - Exporting env vars: AIRFLOW_CTX_DAG_OWNER='Aldinoharyo' AIRFLOW_CTX_DAG_ID='business_question' AIRFLOW_CTX_TASK_ID='city_with_most_purchases' AIRFLOW_CTX_EXECUTION_DATE='2023-09-15T12:24:55.493555+00:00' AIRFLOW_CTX_TRY_NUMBER='1' AIRFLOW_CTX_DAG_RUN_ID='manual__2023-09-15T12:24:55.493555+00:00'
[2023-09-15T12:25:05.483+0000] {base.py:73} INFO - Using connection ID 'destination' for task execution.
[2023-09-15T12:25:05.585+0000] {base.py:73} INFO - Using connection ID 'final_destination' for task execution.
[2023-09-15T12:25:05.693+0000] {generic_transfer.py:77} INFO - Extracting data from destination
[2023-09-15T12:25:05.695+0000] {generic_transfer.py:78} INFO - Executing: 
 
    SELECT "City", COUNT("InvoiceId") as "TotalPurchases"
    FROM "transactions"
    GROUP BY "City"
    ORDER BY "TotalPurchases" DESC
    
[2023-09-15T12:25:05.704+0000] {base.py:73} INFO - Using connection ID 'destination' for task execution.
[2023-09-15T12:25:05.709+0000] {sql.py:375} INFO - Running statement: 
    SELECT "City", COUNT("InvoiceId") as "TotalPurchases"
    FROM "transactions"
    GROUP BY "City"
    ORDER BY "TotalPurchases" DESC
    , parameters: None
[2023-09-15T12:25:05.713+0000] {sql.py:384} INFO - Rows affected: 53
[2023-09-15T12:25:05.715+0000] {generic_transfer.py:95} INFO - Running preoperator
[2023-09-15T12:25:05.716+0000] {generic_transfer.py:96} INFO - ['DROP TABLE IF EXISTS question4', '\n        CREATE TABLE question4 (\n        \n        "City" VARCHAR,\n        "TotalPurchases" NUMERIC(10,2) NOT NULL\n        \n    \n        )\n        ']
[2023-09-15T12:25:05.723+0000] {base.py:73} INFO - Using connection ID 'final_destination' for task execution.
[2023-09-15T12:25:05.728+0000] {sql.py:375} INFO - Running statement: DROP TABLE IF EXISTS question4, parameters: None
[2023-09-15T12:25:05.730+0000] {sql.py:375} INFO - Running statement: 
        CREATE TABLE question4 (
        
        "City" VARCHAR,
        "TotalPurchases" NUMERIC(10,2) NOT NULL
        
    
        )
        , parameters: None
[2023-09-15T12:25:05.738+0000] {generic_transfer.py:105} INFO - Inserting rows into final_destination
[2023-09-15T12:25:05.747+0000] {base.py:73} INFO - Using connection ID 'final_destination' for task execution.
[2023-09-15T12:25:05.765+0000] {sql.py:473} INFO - Done loading. Loaded a total of 53 rows into question4
[2023-09-15T12:25:05.782+0000] {taskinstance.py:1373} INFO - Marking task as SUCCESS. dag_id=business_question, task_id=city_with_most_purchases, execution_date=20230915T122455, start_date=20230915T122505, end_date=20230915T122505
[2023-09-15T12:25:05.847+0000] {local_task_job_runner.py:232} INFO - Task exited with return code 0
[2023-09-15T12:25:05.876+0000] {taskinstance.py:2674} INFO - 0 downstream tasks scheduled from follow-on schedule check
