[2023-09-15T16:20:52.718+0000] {taskinstance.py:1125} INFO - Dependencies all met for dep_context=non-requeueable deps ti=<TaskInstance: business_question.city_with_most_purchases manual__2023-09-15T16:20:39.799347+00:00 [queued]>
[2023-09-15T16:20:52.732+0000] {taskinstance.py:1125} INFO - Dependencies all met for dep_context=requeueable deps ti=<TaskInstance: business_question.city_with_most_purchases manual__2023-09-15T16:20:39.799347+00:00 [queued]>
[2023-09-15T16:20:52.732+0000] {taskinstance.py:1331} INFO - Starting attempt 1 of 2
[2023-09-15T16:20:52.755+0000] {taskinstance.py:1350} INFO - Executing <Task(GenericTransfer): city_with_most_purchases> on 2023-09-15 16:20:39.799347+00:00
[2023-09-15T16:20:52.764+0000] {standard_task_runner.py:57} INFO - Started process 1442 to run task
[2023-09-15T16:20:52.768+0000] {standard_task_runner.py:84} INFO - Running: ['***', 'tasks', 'run', 'business_question', 'city_with_most_purchases', 'manual__2023-09-15T16:20:39.799347+00:00', '--job-id', '18', '--raw', '--subdir', 'DAGS_FOLDER/businesse.py', '--cfg-path', '/tmp/tmp5zcuih7q']
[2023-09-15T16:20:52.770+0000] {standard_task_runner.py:85} INFO - Job 18: Subtask city_with_most_purchases
[2023-09-15T16:20:52.825+0000] {task_command.py:410} INFO - Running <TaskInstance: business_question.city_with_most_purchases manual__2023-09-15T16:20:39.799347+00:00 [running]> on host f8e092322bb9
[2023-09-15T16:20:52.947+0000] {taskinstance.py:1570} INFO - Exporting env vars: AIRFLOW_CTX_DAG_OWNER='Febriansyah' AIRFLOW_CTX_DAG_ID='business_question' AIRFLOW_CTX_TASK_ID='city_with_most_purchases' AIRFLOW_CTX_EXECUTION_DATE='2023-09-15T16:20:39.799347+00:00' AIRFLOW_CTX_TRY_NUMBER='1' AIRFLOW_CTX_DAG_RUN_ID='manual__2023-09-15T16:20:39.799347+00:00'
[2023-09-15T16:20:52.960+0000] {base.py:73} INFO - Using connection ID 'db_destination' for task execution.
[2023-09-15T16:20:53.042+0000] {base.py:73} INFO - Using connection ID 'last_destination' for task execution.
[2023-09-15T16:20:53.107+0000] {generic_transfer.py:77} INFO - Extracting data from db_destination
[2023-09-15T16:20:53.108+0000] {generic_transfer.py:78} INFO - Executing: 
 
    SELECT "City", COUNT("InvoiceId") as "TotalPurchases"
    FROM "transactions"
    GROUP BY "City"
    ORDER BY "TotalPurchases" DESC
    
[2023-09-15T16:20:53.121+0000] {base.py:73} INFO - Using connection ID 'db_destination' for task execution.
[2023-09-15T16:20:53.128+0000] {sql.py:375} INFO - Running statement: 
    SELECT "City", COUNT("InvoiceId") as "TotalPurchases"
    FROM "transactions"
    GROUP BY "City"
    ORDER BY "TotalPurchases" DESC
    , parameters: None
[2023-09-15T16:20:53.131+0000] {sql.py:384} INFO - Rows affected: 53
[2023-09-15T16:20:53.133+0000] {generic_transfer.py:95} INFO - Running preoperator
[2023-09-15T16:20:53.134+0000] {generic_transfer.py:96} INFO - ['DROP TABLE IF EXISTS question4', '\n        CREATE TABLE question4 (\n        \n        "City" VARCHAR,\n        "TotalPurchases" NUMERIC(10,2) NOT NULL\n        \n    \n        )\n        ']
[2023-09-15T16:20:53.194+0000] {base.py:73} INFO - Using connection ID 'last_destination' for task execution.
[2023-09-15T16:20:53.201+0000] {sql.py:375} INFO - Running statement: DROP TABLE IF EXISTS question4, parameters: None
[2023-09-15T16:20:53.205+0000] {sql.py:375} INFO - Running statement: 
        CREATE TABLE question4 (
        
        "City" VARCHAR,
        "TotalPurchases" NUMERIC(10,2) NOT NULL
        
    
        )
        , parameters: None
[2023-09-15T16:20:53.227+0000] {generic_transfer.py:105} INFO - Inserting rows into last_destination
[2023-09-15T16:20:53.237+0000] {base.py:73} INFO - Using connection ID 'last_destination' for task execution.
[2023-09-15T16:20:53.262+0000] {sql.py:473} INFO - Done loading. Loaded a total of 53 rows into question4
[2023-09-15T16:20:53.281+0000] {taskinstance.py:1373} INFO - Marking task as SUCCESS. dag_id=business_question, task_id=city_with_most_purchases, execution_date=20230915T162039, start_date=20230915T162052, end_date=20230915T162053
[2023-09-15T16:20:53.342+0000] {local_task_job_runner.py:232} INFO - Task exited with return code 0
[2023-09-15T16:20:53.367+0000] {taskinstance.py:2674} INFO - 0 downstream tasks scheduled from follow-on schedule check
