[2023-09-15T16:20:49.242+0000] {taskinstance.py:1125} INFO - Dependencies all met for dep_context=non-requeueable deps ti=<TaskInstance: business_question.artist_earnings manual__2023-09-15T16:20:39.799347+00:00 [queued]>
[2023-09-15T16:20:49.260+0000] {taskinstance.py:1125} INFO - Dependencies all met for dep_context=requeueable deps ti=<TaskInstance: business_question.artist_earnings manual__2023-09-15T16:20:39.799347+00:00 [queued]>
[2023-09-15T16:20:49.261+0000] {taskinstance.py:1331} INFO - Starting attempt 1 of 2
[2023-09-15T16:20:49.301+0000] {taskinstance.py:1350} INFO - Executing <Task(GenericTransfer): artist_earnings> on 2023-09-15 16:20:39.799347+00:00
[2023-09-15T16:20:49.367+0000] {standard_task_runner.py:57} INFO - Started process 1432 to run task
[2023-09-15T16:20:49.373+0000] {standard_task_runner.py:84} INFO - Running: ['***', 'tasks', 'run', 'business_question', 'artist_earnings', 'manual__2023-09-15T16:20:39.799347+00:00', '--job-id', '17', '--raw', '--subdir', 'DAGS_FOLDER/businesse.py', '--cfg-path', '/tmp/tmpe5ul2okl']
[2023-09-15T16:20:49.379+0000] {standard_task_runner.py:85} INFO - Job 17: Subtask artist_earnings
[2023-09-15T16:20:49.462+0000] {task_command.py:410} INFO - Running <TaskInstance: business_question.artist_earnings manual__2023-09-15T16:20:39.799347+00:00 [running]> on host f8e092322bb9
[2023-09-15T16:20:49.634+0000] {taskinstance.py:1570} INFO - Exporting env vars: AIRFLOW_CTX_DAG_OWNER='Febriansyah' AIRFLOW_CTX_DAG_ID='business_question' AIRFLOW_CTX_TASK_ID='artist_earnings' AIRFLOW_CTX_EXECUTION_DATE='2023-09-15T16:20:39.799347+00:00' AIRFLOW_CTX_TRY_NUMBER='1' AIRFLOW_CTX_DAG_RUN_ID='manual__2023-09-15T16:20:39.799347+00:00'
[2023-09-15T16:20:49.650+0000] {base.py:73} INFO - Using connection ID 'db_destination' for task execution.
[2023-09-15T16:20:49.791+0000] {base.py:73} INFO - Using connection ID 'last_destination' for task execution.
[2023-09-15T16:20:49.893+0000] {generic_transfer.py:77} INFO - Extracting data from db_destination
[2023-09-15T16:20:49.894+0000] {generic_transfer.py:78} INFO - Executing: 
 
    SELECT "ArtistId", "ArtistName", SUM("TotalPrice") as "Earnings"
    FROM "artist_revenue"
    GROUP BY "ArtistId", "ArtistName"
    ORDER BY "Earnings" DESC
    
[2023-09-15T16:20:49.904+0000] {base.py:73} INFO - Using connection ID 'db_destination' for task execution.
[2023-09-15T16:20:49.911+0000] {sql.py:375} INFO - Running statement: 
    SELECT "ArtistId", "ArtistName", SUM("TotalPrice") as "Earnings"
    FROM "artist_revenue"
    GROUP BY "ArtistId", "ArtistName"
    ORDER BY "Earnings" DESC
    , parameters: None
[2023-09-15T16:20:49.915+0000] {sql.py:384} INFO - Rows affected: 165
[2023-09-15T16:20:49.916+0000] {generic_transfer.py:95} INFO - Running preoperator
[2023-09-15T16:20:49.917+0000] {generic_transfer.py:96} INFO - ['DROP TABLE IF EXISTS question3', '\n        CREATE TABLE question3 (\n        "ArtistId" INT NOT NULL,\n        "ArtistName" VARCHAR,\n        "Earnings" NUMERIC(10,2) NOT NULL\n        )\n        ']
[2023-09-15T16:20:49.929+0000] {base.py:73} INFO - Using connection ID 'last_destination' for task execution.
[2023-09-15T16:20:49.934+0000] {sql.py:375} INFO - Running statement: DROP TABLE IF EXISTS question3, parameters: None
[2023-09-15T16:20:49.938+0000] {sql.py:375} INFO - Running statement: 
        CREATE TABLE question3 (
        "ArtistId" INT NOT NULL,
        "ArtistName" VARCHAR,
        "Earnings" NUMERIC(10,2) NOT NULL
        )
        , parameters: None
[2023-09-15T16:20:49.953+0000] {generic_transfer.py:105} INFO - Inserting rows into last_destination
[2023-09-15T16:20:49.964+0000] {base.py:73} INFO - Using connection ID 'last_destination' for task execution.
[2023-09-15T16:20:50.049+0000] {sql.py:473} INFO - Done loading. Loaded a total of 165 rows into question3
[2023-09-15T16:20:50.075+0000] {taskinstance.py:1373} INFO - Marking task as SUCCESS. dag_id=business_question, task_id=artist_earnings, execution_date=20230915T162039, start_date=20230915T162049, end_date=20230915T162050
[2023-09-15T16:20:50.149+0000] {local_task_job_runner.py:232} INFO - Task exited with return code 0
[2023-09-15T16:20:50.199+0000] {taskinstance.py:2674} INFO - 1 downstream tasks scheduled from follow-on schedule check
