[2023-09-15T12:23:17.925+0000] {taskinstance.py:1125} INFO - Dependencies all met for dep_context=non-requeueable deps ti=<TaskInstance: business_question.daily_earnings manual__2023-09-15T12:23:15.576372+00:00 [queued]>
[2023-09-15T12:23:17.940+0000] {taskinstance.py:1125} INFO - Dependencies all met for dep_context=requeueable deps ti=<TaskInstance: business_question.daily_earnings manual__2023-09-15T12:23:15.576372+00:00 [queued]>
[2023-09-15T12:23:17.941+0000] {taskinstance.py:1331} INFO - Starting attempt 1 of 2
[2023-09-15T12:23:17.967+0000] {taskinstance.py:1350} INFO - Executing <Task(GenericTransfer): daily_earnings> on 2023-09-15 12:23:15.576372+00:00
[2023-09-15T12:23:17.974+0000] {standard_task_runner.py:57} INFO - Started process 1756 to run task
[2023-09-15T12:23:17.980+0000] {standard_task_runner.py:84} INFO - Running: ['***', 'tasks', 'run', 'business_question', 'daily_earnings', 'manual__2023-09-15T12:23:15.576372+00:00', '--job-id', '16', '--raw', '--subdir', 'DAGS_FOLDER/businesse.py', '--cfg-path', '/tmp/tmpuibglpr0']
[2023-09-15T12:23:17.983+0000] {standard_task_runner.py:85} INFO - Job 16: Subtask daily_earnings
[2023-09-15T12:23:18.052+0000] {task_command.py:410} INFO - Running <TaskInstance: business_question.daily_earnings manual__2023-09-15T12:23:15.576372+00:00 [running]> on host 7b2f04a25b74
[2023-09-15T12:23:18.151+0000] {taskinstance.py:1570} INFO - Exporting env vars: AIRFLOW_CTX_DAG_OWNER='Aldinoharyo' AIRFLOW_CTX_DAG_ID='business_question' AIRFLOW_CTX_TASK_ID='daily_earnings' AIRFLOW_CTX_EXECUTION_DATE='2023-09-15T12:23:15.576372+00:00' AIRFLOW_CTX_TRY_NUMBER='1' AIRFLOW_CTX_DAG_RUN_ID='manual__2023-09-15T12:23:15.576372+00:00'
[2023-09-15T12:23:18.167+0000] {base.py:73} INFO - Using connection ID 'destination' for task execution.
[2023-09-15T12:23:18.262+0000] {base.py:73} INFO - Using connection ID 'final_destination' for task execution.
[2023-09-15T12:23:18.315+0000] {generic_transfer.py:77} INFO - Extracting data from destination
[2023-09-15T12:23:18.316+0000] {generic_transfer.py:78} INFO - Executing: 
 
    SELECT *
    FROM (
            SELECT "InvoiceDate", SUM("TotalPrice") as "DailyEarnings"
            FROM "artist_revenue"
            GROUP BY "InvoiceDate"
    ) as a
    
[2023-09-15T12:23:18.323+0000] {base.py:73} INFO - Using connection ID 'destination' for task execution.
[2023-09-15T12:23:18.328+0000] {sql.py:375} INFO - Running statement: 
    SELECT *
    FROM (
            SELECT "InvoiceDate", SUM("TotalPrice") as "DailyEarnings"
            FROM "artist_revenue"
            GROUP BY "InvoiceDate"
    ) as a
    , parameters: None
[2023-09-15T12:23:18.331+0000] {sql.py:384} INFO - Rows affected: 354
[2023-09-15T12:23:18.333+0000] {generic_transfer.py:95} INFO - Running preoperator
[2023-09-15T12:23:18.333+0000] {generic_transfer.py:96} INFO - ['DROP TABLE IF EXISTS question1', '\n        CREATE TABLE question1 (\n        \n        "InvoiceDate" TIMESTAMP NOT NULL,\n        "DailyEarnings" NUMERIC(10,2) NOT NULL\n    \n        )\n        ']
[2023-09-15T12:23:18.342+0000] {base.py:73} INFO - Using connection ID 'final_destination' for task execution.
[2023-09-15T12:23:18.347+0000] {sql.py:375} INFO - Running statement: DROP TABLE IF EXISTS question1, parameters: None
[2023-09-15T12:23:18.350+0000] {sql.py:375} INFO - Running statement: 
        CREATE TABLE question1 (
        
        "InvoiceDate" TIMESTAMP NOT NULL,
        "DailyEarnings" NUMERIC(10,2) NOT NULL
    
        )
        , parameters: None
[2023-09-15T12:23:18.354+0000] {generic_transfer.py:105} INFO - Inserting rows into final_destination
[2023-09-15T12:23:18.362+0000] {base.py:73} INFO - Using connection ID 'final_destination' for task execution.
[2023-09-15T12:23:18.480+0000] {sql.py:473} INFO - Done loading. Loaded a total of 354 rows into question1
[2023-09-15T12:23:18.497+0000] {taskinstance.py:1373} INFO - Marking task as SUCCESS. dag_id=business_question, task_id=daily_earnings, execution_date=20230915T122315, start_date=20230915T122317, end_date=20230915T122318
[2023-09-15T12:23:18.554+0000] {local_task_job_runner.py:232} INFO - Task exited with return code 0
[2023-09-15T12:23:18.592+0000] {taskinstance.py:2674} INFO - 1 downstream tasks scheduled from follow-on schedule check
