[2023-09-17T02:36:48.034+0000] {taskinstance.py:1125} INFO - Dependencies all met for dep_context=non-requeueable deps ti=<TaskInstance: business_question.artist_earnings scheduled__2023-09-16T02:00:00+00:00 [queued]>
[2023-09-17T02:36:48.066+0000] {taskinstance.py:1125} INFO - Dependencies all met for dep_context=requeueable deps ti=<TaskInstance: business_question.artist_earnings scheduled__2023-09-16T02:00:00+00:00 [queued]>
[2023-09-17T02:36:48.068+0000] {taskinstance.py:1331} INFO - Starting attempt 1 of 2
[2023-09-17T02:36:48.118+0000] {taskinstance.py:1350} INFO - Executing <Task(GenericTransfer): artist_earnings> on 2023-09-16 02:00:00+00:00
[2023-09-17T02:36:48.132+0000] {standard_task_runner.py:57} INFO - Started process 96 to run task
[2023-09-17T02:36:48.140+0000] {standard_task_runner.py:84} INFO - Running: ['***', 'tasks', 'run', 'business_question', 'artist_earnings', 'scheduled__2023-09-16T02:00:00+00:00', '--job-id', '34', '--raw', '--subdir', 'DAGS_FOLDER/businesse.py', '--cfg-path', '/tmp/tmpupknfqs1']
[2023-09-17T02:36:48.143+0000] {standard_task_runner.py:85} INFO - Job 34: Subtask artist_earnings
[2023-09-17T02:36:48.263+0000] {task_command.py:410} INFO - Running <TaskInstance: business_question.artist_earnings scheduled__2023-09-16T02:00:00+00:00 [running]> on host f8e092322bb9
[2023-09-17T02:36:48.547+0000] {taskinstance.py:1570} INFO - Exporting env vars: AIRFLOW_CTX_DAG_OWNER='Febriansyah' AIRFLOW_CTX_DAG_ID='business_question' AIRFLOW_CTX_TASK_ID='artist_earnings' AIRFLOW_CTX_EXECUTION_DATE='2023-09-16T02:00:00+00:00' AIRFLOW_CTX_TRY_NUMBER='1' AIRFLOW_CTX_DAG_RUN_ID='scheduled__2023-09-16T02:00:00+00:00'
[2023-09-17T02:36:48.570+0000] {base.py:73} INFO - Using connection ID 'db_destination' for task execution.
[2023-09-17T02:36:48.808+0000] {base.py:73} INFO - Using connection ID 'last_destination' for task execution.
[2023-09-17T02:36:48.950+0000] {generic_transfer.py:77} INFO - Extracting data from db_destination
[2023-09-17T02:36:48.951+0000] {generic_transfer.py:78} INFO - Executing: 
 
    SELECT "ArtistId", "ArtistName", SUM("TotalPrice") as "Earnings"
    FROM "artist_revenue"
    GROUP BY "ArtistId", "ArtistName"
    ORDER BY "Earnings" DESC
    
[2023-09-17T02:36:48.967+0000] {base.py:73} INFO - Using connection ID 'db_destination' for task execution.
[2023-09-17T02:36:48.981+0000] {sql.py:375} INFO - Running statement: 
    SELECT "ArtistId", "ArtistName", SUM("TotalPrice") as "Earnings"
    FROM "artist_revenue"
    GROUP BY "ArtistId", "ArtistName"
    ORDER BY "Earnings" DESC
    , parameters: None
[2023-09-17T02:36:48.991+0000] {sql.py:384} INFO - Rows affected: 165
[2023-09-17T02:36:48.996+0000] {generic_transfer.py:95} INFO - Running preoperator
[2023-09-17T02:36:48.997+0000] {generic_transfer.py:96} INFO - ['DROP TABLE IF EXISTS question3', '\n        CREATE TABLE question3 (\n        "ArtistId" INT NOT NULL,\n        "ArtistName" VARCHAR,\n        "Earnings" NUMERIC(10,2) NOT NULL\n        )\n        ']
[2023-09-17T02:36:49.013+0000] {base.py:73} INFO - Using connection ID 'last_destination' for task execution.
[2023-09-17T02:36:49.022+0000] {sql.py:375} INFO - Running statement: DROP TABLE IF EXISTS question3, parameters: None
[2023-09-17T02:36:49.026+0000] {sql.py:375} INFO - Running statement: 
        CREATE TABLE question3 (
        "ArtistId" INT NOT NULL,
        "ArtistName" VARCHAR,
        "Earnings" NUMERIC(10,2) NOT NULL
        )
        , parameters: None
[2023-09-17T02:36:49.047+0000] {generic_transfer.py:105} INFO - Inserting rows into last_destination
[2023-09-17T02:36:49.063+0000] {base.py:73} INFO - Using connection ID 'last_destination' for task execution.
[2023-09-17T02:36:49.212+0000] {sql.py:473} INFO - Done loading. Loaded a total of 165 rows into question3
[2023-09-17T02:36:49.269+0000] {taskinstance.py:1373} INFO - Marking task as SUCCESS. dag_id=business_question, task_id=artist_earnings, execution_date=20230916T020000, start_date=20230917T023648, end_date=20230917T023649
[2023-09-17T02:36:49.318+0000] {local_task_job_runner.py:232} INFO - Task exited with return code 0
[2023-09-17T02:36:49.362+0000] {taskinstance.py:2674} INFO - 0 downstream tasks scheduled from follow-on schedule check
