[2023-09-17T02:36:38.674+0000] {taskinstance.py:1125} INFO - Dependencies all met for dep_context=non-requeueable deps ti=<TaskInstance: transactions.insert_into_transactions scheduled__2023-09-15T17:00:00+00:00 [queued]>
[2023-09-17T02:36:38.804+0000] {taskinstance.py:1125} INFO - Dependencies all met for dep_context=requeueable deps ti=<TaskInstance: transactions.insert_into_transactions scheduled__2023-09-15T17:00:00+00:00 [queued]>
[2023-09-17T02:36:38.806+0000] {taskinstance.py:1331} INFO - Starting attempt 1 of 2
[2023-09-17T02:36:38.930+0000] {taskinstance.py:1350} INFO - Executing <Task(GenericTransfer): insert_into_transactions> on 2023-09-15 17:00:00+00:00
[2023-09-17T02:36:39.006+0000] {standard_task_runner.py:57} INFO - Started process 83 to run task
[2023-09-17T02:36:39.043+0000] {standard_task_runner.py:84} INFO - Running: ['***', 'tasks', 'run', 'transactions', 'insert_into_transactions', 'scheduled__2023-09-15T17:00:00+00:00', '--job-id', '27', '--raw', '--subdir', 'DAGS_FOLDER/transactions.py', '--cfg-path', '/tmp/tmpmtlovd94']
[2023-09-17T02:36:39.065+0000] {standard_task_runner.py:85} INFO - Job 27: Subtask insert_into_transactions
[2023-09-17T02:36:39.454+0000] {task_command.py:410} INFO - Running <TaskInstance: transactions.insert_into_transactions scheduled__2023-09-15T17:00:00+00:00 [running]> on host f8e092322bb9
[2023-09-17T02:36:39.933+0000] {taskinstance.py:1570} INFO - Exporting env vars: AIRFLOW_CTX_DAG_OWNER='Febriansyah' AIRFLOW_CTX_DAG_ID='transactions' AIRFLOW_CTX_TASK_ID='insert_into_transactions' AIRFLOW_CTX_EXECUTION_DATE='2023-09-15T17:00:00+00:00' AIRFLOW_CTX_TRY_NUMBER='1' AIRFLOW_CTX_DAG_RUN_ID='scheduled__2023-09-15T17:00:00+00:00'
[2023-09-17T02:36:39.955+0000] {base.py:73} INFO - Using connection ID 'db_source' for task execution.
[2023-09-17T02:36:40.219+0000] {base.py:73} INFO - Using connection ID 'db_destination' for task execution.
[2023-09-17T02:36:40.381+0000] {generic_transfer.py:77} INFO - Extracting data from db_source
[2023-09-17T02:36:40.382+0000] {generic_transfer.py:78} INFO - Executing: 
 
SELECT a."TrackId",
       b."InvoiceId",
       d."CustomerId",
       c."InvoiceDate",
       c."Total",
       concat(d."FirstName", ' ', d."LastName"),
       d."Address",
       d."City",
       d."State",
       d."Country",
       d."PostalCode",
       d."Email"
FROM "Track" a 
JOIN "InvoiceLine" b
ON  a."TrackId" = b."TrackId"
JOIN "Invoice" c
ON  b."InvoiceId" = c."InvoiceId"
JOIN "Customer" d
ON c."CustomerId" = d."CustomerId"
[2023-09-17T02:36:40.409+0000] {base.py:73} INFO - Using connection ID 'db_source' for task execution.
[2023-09-17T02:36:40.416+0000] {sql.py:375} INFO - Running statement: 
SELECT a."TrackId",
       b."InvoiceId",
       d."CustomerId",
       c."InvoiceDate",
       c."Total",
       concat(d."FirstName", ' ', d."LastName"),
       d."Address",
       d."City",
       d."State",
       d."Country",
       d."PostalCode",
       d."Email"
FROM "Track" a 
JOIN "InvoiceLine" b
ON  a."TrackId" = b."TrackId"
JOIN "Invoice" c
ON  b."InvoiceId" = c."InvoiceId"
JOIN "Customer" d
ON c."CustomerId" = d."CustomerId", parameters: None
[2023-09-17T02:36:40.470+0000] {sql.py:384} INFO - Rows affected: 2240
[2023-09-17T02:36:40.494+0000] {generic_transfer.py:95} INFO - Running preoperator
[2023-09-17T02:36:40.497+0000] {generic_transfer.py:96} INFO - ['DROP TABLE IF EXISTS transactions', '\n        CREATE TABLE transactions (\n        "TrackId" INT NOT NULL,\n        "InvoiceId" INT NOT NULL,\n        "CustomerId" INT NOT NULL,\n        "InvoiceDate" TIMESTAMP NOT NULL,\n        "Total" NUMERIC(10,2) NOT NULL,\n        "FullName" VARCHAR(50) NOT NULL,\n        "Address" VARCHAR(70),\n        "City" VARCHAR(40),\n        "State" VARCHAR(40),\n        "Country" VARCHAR(40),\n        "PostalCode" VARCHAR(10),\n        "Email" VARCHAR(60) NOT NULL\n        )\n        ']
[2023-09-17T02:36:40.528+0000] {base.py:73} INFO - Using connection ID 'db_destination' for task execution.
[2023-09-17T02:36:40.550+0000] {sql.py:375} INFO - Running statement: DROP TABLE IF EXISTS transactions, parameters: None
[2023-09-17T02:36:40.561+0000] {sql.py:375} INFO - Running statement: 
        CREATE TABLE transactions (
        "TrackId" INT NOT NULL,
        "InvoiceId" INT NOT NULL,
        "CustomerId" INT NOT NULL,
        "InvoiceDate" TIMESTAMP NOT NULL,
        "Total" NUMERIC(10,2) NOT NULL,
        "FullName" VARCHAR(50) NOT NULL,
        "Address" VARCHAR(70),
        "City" VARCHAR(40),
        "State" VARCHAR(40),
        "Country" VARCHAR(40),
        "PostalCode" VARCHAR(10),
        "Email" VARCHAR(60) NOT NULL
        )
        , parameters: None
[2023-09-17T02:36:40.608+0000] {generic_transfer.py:105} INFO - Inserting rows into db_destination
[2023-09-17T02:36:40.656+0000] {base.py:73} INFO - Using connection ID 'db_destination' for task execution.
[2023-09-17T02:36:41.211+0000] {sql.py:470} INFO - Loaded 1000 rows into transactions so far
[2023-09-17T02:36:41.991+0000] {sql.py:470} INFO - Loaded 2000 rows into transactions so far
[2023-09-17T02:36:42.124+0000] {sql.py:473} INFO - Done loading. Loaded a total of 2240 rows into transactions
[2023-09-17T02:36:42.153+0000] {taskinstance.py:1373} INFO - Marking task as SUCCESS. dag_id=transactions, task_id=insert_into_transactions, execution_date=20230915T170000, start_date=20230917T023638, end_date=20230917T023642
[2023-09-17T02:36:42.217+0000] {local_task_job_runner.py:232} INFO - Task exited with return code 0
[2023-09-17T02:36:42.303+0000] {taskinstance.py:2674} INFO - 0 downstream tasks scheduled from follow-on schedule check
