[2023-09-17T02:36:44.339+0000] {taskinstance.py:1125} INFO - Dependencies all met for dep_context=non-requeueable deps ti=<TaskInstance: business_question.most_productive_artist scheduled__2023-09-16T02:00:00+00:00 [queued]>
[2023-09-17T02:36:44.363+0000] {taskinstance.py:1125} INFO - Dependencies all met for dep_context=requeueable deps ti=<TaskInstance: business_question.most_productive_artist scheduled__2023-09-16T02:00:00+00:00 [queued]>
[2023-09-17T02:36:44.364+0000] {taskinstance.py:1331} INFO - Starting attempt 1 of 2
[2023-09-17T02:36:44.397+0000] {taskinstance.py:1350} INFO - Executing <Task(GenericTransfer): most_productive_artist> on 2023-09-16 02:00:00+00:00
[2023-09-17T02:36:44.409+0000] {standard_task_runner.py:57} INFO - Started process 90 to run task
[2023-09-17T02:36:44.415+0000] {standard_task_runner.py:84} INFO - Running: ['***', 'tasks', 'run', 'business_question', 'most_productive_artist', 'scheduled__2023-09-16T02:00:00+00:00', '--job-id', '32', '--raw', '--subdir', 'DAGS_FOLDER/businesse.py', '--cfg-path', '/tmp/tmpr6w_e0y3']
[2023-09-17T02:36:44.418+0000] {standard_task_runner.py:85} INFO - Job 32: Subtask most_productive_artist
[2023-09-17T02:36:44.571+0000] {task_command.py:410} INFO - Running <TaskInstance: business_question.most_productive_artist scheduled__2023-09-16T02:00:00+00:00 [running]> on host f8e092322bb9
[2023-09-17T02:36:44.784+0000] {taskinstance.py:1570} INFO - Exporting env vars: AIRFLOW_CTX_DAG_OWNER='Febriansyah' AIRFLOW_CTX_DAG_ID='business_question' AIRFLOW_CTX_TASK_ID='most_productive_artist' AIRFLOW_CTX_EXECUTION_DATE='2023-09-16T02:00:00+00:00' AIRFLOW_CTX_TRY_NUMBER='1' AIRFLOW_CTX_DAG_RUN_ID='scheduled__2023-09-16T02:00:00+00:00'
[2023-09-17T02:36:44.811+0000] {base.py:73} INFO - Using connection ID 'db_destination' for task execution.
[2023-09-17T02:36:44.996+0000] {base.py:73} INFO - Using connection ID 'last_destination' for task execution.
[2023-09-17T02:36:45.093+0000] {generic_transfer.py:77} INFO - Extracting data from db_destination
[2023-09-17T02:36:45.094+0000] {generic_transfer.py:78} INFO - Executing: 
 
    SELECT "ArtistId", "ArtistName", COUNT("TrackId") as "TotalTrack"
    FROM "songs"
    GROUP BY "GenreName", "ArtistId", "ArtistName"
    ORDER BY "TotalTrack" DESC
    
[2023-09-17T02:36:45.105+0000] {base.py:73} INFO - Using connection ID 'db_destination' for task execution.
[2023-09-17T02:36:45.112+0000] {sql.py:375} INFO - Running statement: 
    SELECT "ArtistId", "ArtistName", COUNT("TrackId") as "TotalTrack"
    FROM "songs"
    GROUP BY "GenreName", "ArtistId", "ArtistName"
    ORDER BY "TotalTrack" DESC
    , parameters: None
[2023-09-17T02:36:45.121+0000] {sql.py:384} INFO - Rows affected: 233
[2023-09-17T02:36:45.123+0000] {generic_transfer.py:95} INFO - Running preoperator
[2023-09-17T02:36:45.123+0000] {generic_transfer.py:96} INFO - ['DROP TABLE IF EXISTS question2', '\n        CREATE TABLE question2 (\n        \n        "ArtistId" INT NOT NULL,\n        "ArtistName" VARCHAR,\n        "TotalTrack" NUMERIC(10,2) NOT NULL\n        )\n        ']
[2023-09-17T02:36:45.134+0000] {base.py:73} INFO - Using connection ID 'last_destination' for task execution.
[2023-09-17T02:36:45.140+0000] {sql.py:375} INFO - Running statement: DROP TABLE IF EXISTS question2, parameters: None
[2023-09-17T02:36:45.143+0000] {sql.py:375} INFO - Running statement: 
        CREATE TABLE question2 (
        
        "ArtistId" INT NOT NULL,
        "ArtistName" VARCHAR,
        "TotalTrack" NUMERIC(10,2) NOT NULL
        )
        , parameters: None
[2023-09-17T02:36:45.164+0000] {generic_transfer.py:105} INFO - Inserting rows into last_destination
[2023-09-17T02:36:45.175+0000] {base.py:73} INFO - Using connection ID 'last_destination' for task execution.
[2023-09-17T02:36:45.286+0000] {sql.py:473} INFO - Done loading. Loaded a total of 233 rows into question2
[2023-09-17T02:36:45.310+0000] {taskinstance.py:1373} INFO - Marking task as SUCCESS. dag_id=business_question, task_id=most_productive_artist, execution_date=20230916T020000, start_date=20230917T023644, end_date=20230917T023645
[2023-09-17T02:36:45.356+0000] {local_task_job_runner.py:232} INFO - Task exited with return code 0
[2023-09-17T02:36:45.419+0000] {taskinstance.py:2674} INFO - 1 downstream tasks scheduled from follow-on schedule check
