[2023-09-15T15:16:57.001+0000] {taskinstance.py:1125} INFO - Dependencies all met for dep_context=non-requeueable deps ti=<TaskInstance: business_question.daily_earnings manual__2023-09-15T15:16:54.304493+00:00 [queued]>
[2023-09-15T15:16:57.018+0000] {taskinstance.py:1125} INFO - Dependencies all met for dep_context=requeueable deps ti=<TaskInstance: business_question.daily_earnings manual__2023-09-15T15:16:54.304493+00:00 [queued]>
[2023-09-15T15:16:57.019+0000] {taskinstance.py:1331} INFO - Starting attempt 1 of 2
[2023-09-15T15:16:57.047+0000] {taskinstance.py:1350} INFO - Executing <Task(GenericTransfer): daily_earnings> on 2023-09-15 15:16:54.304493+00:00
[2023-09-15T15:16:57.056+0000] {standard_task_runner.py:57} INFO - Started process 321 to run task
[2023-09-15T15:16:57.061+0000] {standard_task_runner.py:84} INFO - Running: ['***', 'tasks', 'run', 'business_question', 'daily_earnings', 'manual__2023-09-15T15:16:54.304493+00:00', '--job-id', '8', '--raw', '--subdir', 'DAGS_FOLDER/businesse.py', '--cfg-path', '/tmp/tmp4w8s_ywb']
[2023-09-15T15:16:57.065+0000] {standard_task_runner.py:85} INFO - Job 8: Subtask daily_earnings
[2023-09-15T15:16:57.133+0000] {task_command.py:410} INFO - Running <TaskInstance: business_question.daily_earnings manual__2023-09-15T15:16:54.304493+00:00 [running]> on host f8e092322bb9
[2023-09-15T15:16:57.260+0000] {taskinstance.py:1570} INFO - Exporting env vars: AIRFLOW_CTX_DAG_OWNER='Febriansyah' AIRFLOW_CTX_DAG_ID='business_question' AIRFLOW_CTX_TASK_ID='daily_earnings' AIRFLOW_CTX_EXECUTION_DATE='2023-09-15T15:16:54.304493+00:00' AIRFLOW_CTX_TRY_NUMBER='1' AIRFLOW_CTX_DAG_RUN_ID='manual__2023-09-15T15:16:54.304493+00:00'
[2023-09-15T15:16:57.274+0000] {base.py:73} INFO - Using connection ID 'db_destination' for task execution.
[2023-09-15T15:16:57.385+0000] {base.py:73} INFO - Using connection ID 'last_destination' for task execution.
[2023-09-15T15:16:57.464+0000] {generic_transfer.py:77} INFO - Extracting data from db_destination
[2023-09-15T15:16:57.464+0000] {generic_transfer.py:78} INFO - Executing: 
 
    SELECT *
    FROM (
            SELECT "InvoiceDate", SUM("TotalPrice") as "DailyEarnings"
            FROM "artist_revenue"
            GROUP BY "InvoiceDate"
    ) as a
    
[2023-09-15T15:16:57.473+0000] {base.py:73} INFO - Using connection ID 'db_destination' for task execution.
[2023-09-15T15:16:57.478+0000] {sql.py:375} INFO - Running statement: 
    SELECT *
    FROM (
            SELECT "InvoiceDate", SUM("TotalPrice") as "DailyEarnings"
            FROM "artist_revenue"
            GROUP BY "InvoiceDate"
    ) as a
    , parameters: None
[2023-09-15T15:16:57.483+0000] {sql.py:384} INFO - Rows affected: 354
[2023-09-15T15:16:57.484+0000] {generic_transfer.py:95} INFO - Running preoperator
[2023-09-15T15:16:57.485+0000] {generic_transfer.py:96} INFO - ['DROP TABLE IF EXISTS question1', '\n        CREATE TABLE question1 (\n        \n        "InvoiceDate" TIMESTAMP NOT NULL,\n        "DailyEarnings" NUMERIC(10,2) NOT NULL\n    \n        )\n        ']
[2023-09-15T15:16:57.494+0000] {base.py:73} INFO - Using connection ID 'last_destination' for task execution.
[2023-09-15T15:16:57.499+0000] {sql.py:375} INFO - Running statement: DROP TABLE IF EXISTS question1, parameters: None
[2023-09-15T15:16:57.501+0000] {sql.py:375} INFO - Running statement: 
        CREATE TABLE question1 (
        
        "InvoiceDate" TIMESTAMP NOT NULL,
        "DailyEarnings" NUMERIC(10,2) NOT NULL
    
        )
        , parameters: None
[2023-09-15T15:16:57.508+0000] {generic_transfer.py:105} INFO - Inserting rows into last_destination
[2023-09-15T15:16:57.520+0000] {base.py:73} INFO - Using connection ID 'last_destination' for task execution.
[2023-09-15T15:16:57.644+0000] {sql.py:473} INFO - Done loading. Loaded a total of 354 rows into question1
[2023-09-15T15:16:57.660+0000] {taskinstance.py:1373} INFO - Marking task as SUCCESS. dag_id=business_question, task_id=daily_earnings, execution_date=20230915T151654, start_date=20230915T151657, end_date=20230915T151657
[2023-09-15T15:16:57.715+0000] {local_task_job_runner.py:232} INFO - Task exited with return code 0
[2023-09-15T15:16:57.757+0000] {taskinstance.py:2674} INFO - 1 downstream tasks scheduled from follow-on schedule check
