[2023-09-17T02:36:52.822+0000] {taskinstance.py:1125} INFO - Dependencies all met for dep_context=non-requeueable deps ti=<TaskInstance: business_question.city_with_most_purchases scheduled__2023-09-15T02:00:00+00:00 [queued]>
[2023-09-17T02:36:52.863+0000] {taskinstance.py:1125} INFO - Dependencies all met for dep_context=requeueable deps ti=<TaskInstance: business_question.city_with_most_purchases scheduled__2023-09-15T02:00:00+00:00 [queued]>
[2023-09-17T02:36:52.864+0000] {taskinstance.py:1331} INFO - Starting attempt 1 of 2
[2023-09-17T02:36:52.943+0000] {taskinstance.py:1350} INFO - Executing <Task(GenericTransfer): city_with_most_purchases> on 2023-09-15 02:00:00+00:00
[2023-09-17T02:36:52.961+0000] {standard_task_runner.py:57} INFO - Started process 101 to run task
[2023-09-17T02:36:52.973+0000] {standard_task_runner.py:84} INFO - Running: ['***', 'tasks', 'run', 'business_question', 'city_with_most_purchases', 'scheduled__2023-09-15T02:00:00+00:00', '--job-id', '35', '--raw', '--subdir', 'DAGS_FOLDER/businesse.py', '--cfg-path', '/tmp/tmpgmmizo34']
[2023-09-17T02:36:52.979+0000] {standard_task_runner.py:85} INFO - Job 35: Subtask city_with_most_purchases
[2023-09-17T02:36:53.193+0000] {task_command.py:410} INFO - Running <TaskInstance: business_question.city_with_most_purchases scheduled__2023-09-15T02:00:00+00:00 [running]> on host f8e092322bb9
[2023-09-17T02:36:53.584+0000] {taskinstance.py:1570} INFO - Exporting env vars: AIRFLOW_CTX_DAG_OWNER='Febriansyah' AIRFLOW_CTX_DAG_ID='business_question' AIRFLOW_CTX_TASK_ID='city_with_most_purchases' AIRFLOW_CTX_EXECUTION_DATE='2023-09-15T02:00:00+00:00' AIRFLOW_CTX_TRY_NUMBER='1' AIRFLOW_CTX_DAG_RUN_ID='scheduled__2023-09-15T02:00:00+00:00'
[2023-09-17T02:36:53.620+0000] {base.py:73} INFO - Using connection ID 'db_destination' for task execution.
[2023-09-17T02:36:53.840+0000] {base.py:73} INFO - Using connection ID 'last_destination' for task execution.
[2023-09-17T02:36:54.022+0000] {generic_transfer.py:77} INFO - Extracting data from db_destination
[2023-09-17T02:36:54.024+0000] {generic_transfer.py:78} INFO - Executing: 
 
    SELECT "City", COUNT("InvoiceId") as "TotalPurchases"
    FROM "transactions"
    GROUP BY "City"
    ORDER BY "TotalPurchases" DESC
    
[2023-09-17T02:36:54.041+0000] {base.py:73} INFO - Using connection ID 'db_destination' for task execution.
[2023-09-17T02:36:54.054+0000] {sql.py:375} INFO - Running statement: 
    SELECT "City", COUNT("InvoiceId") as "TotalPurchases"
    FROM "transactions"
    GROUP BY "City"
    ORDER BY "TotalPurchases" DESC
    , parameters: None
[2023-09-17T02:36:54.062+0000] {sql.py:384} INFO - Rows affected: 53
[2023-09-17T02:36:54.064+0000] {generic_transfer.py:95} INFO - Running preoperator
[2023-09-17T02:36:54.066+0000] {generic_transfer.py:96} INFO - ['DROP TABLE IF EXISTS question4', '\n        CREATE TABLE question4 (\n        \n        "City" VARCHAR,\n        "TotalPurchases" NUMERIC(10,2) NOT NULL\n        \n    \n        )\n        ']
[2023-09-17T02:36:54.087+0000] {base.py:73} INFO - Using connection ID 'last_destination' for task execution.
[2023-09-17T02:36:54.099+0000] {sql.py:375} INFO - Running statement: DROP TABLE IF EXISTS question4, parameters: None
[2023-09-17T02:36:54.169+0000] {sql.py:375} INFO - Running statement: 
        CREATE TABLE question4 (
        
        "City" VARCHAR,
        "TotalPurchases" NUMERIC(10,2) NOT NULL
        
    
        )
        , parameters: None
[2023-09-17T02:36:54.189+0000] {generic_transfer.py:105} INFO - Inserting rows into last_destination
[2023-09-17T02:36:54.208+0000] {base.py:73} INFO - Using connection ID 'last_destination' for task execution.
[2023-09-17T02:36:54.265+0000] {sql.py:473} INFO - Done loading. Loaded a total of 53 rows into question4
[2023-09-17T02:36:54.302+0000] {taskinstance.py:1373} INFO - Marking task as SUCCESS. dag_id=business_question, task_id=city_with_most_purchases, execution_date=20230915T020000, start_date=20230917T023652, end_date=20230917T023654
[2023-09-17T02:36:54.399+0000] {local_task_job_runner.py:232} INFO - Task exited with return code 0
[2023-09-17T02:36:54.466+0000] {taskinstance.py:2674} INFO - 0 downstream tasks scheduled from follow-on schedule check
