[2023-09-13T07:58:48.363+0000] {processor.py:156} INFO - Started process (PID=42) to work on /home/airflow/.local/lib/python3.7/site-packages/airflow/example_dags/example_kubernetes_executor.py
[2023-09-13T07:58:48.368+0000] {processor.py:799} INFO - Processing file /home/airflow/.local/lib/python3.7/site-packages/airflow/example_dags/example_kubernetes_executor.py for tasks to queue
[2023-09-13T07:58:48.372+0000] {logging_mixin.py:149} INFO - [2023-09-13T07:58:48.371+0000] {dagbag.py:541} INFO - Filling up the DagBag from /home/airflow/.local/lib/python3.7/site-packages/airflow/example_dags/example_kubernetes_executor.py
[2023-09-13T07:58:50.606+0000] {processor.py:809} INFO - DAG(s) dict_keys(['example_kubernetes_executor']) retrieved from /home/airflow/.local/lib/python3.7/site-packages/airflow/example_dags/example_kubernetes_executor.py
[2023-09-13T07:58:50.965+0000] {logging_mixin.py:149} INFO - [2023-09-13T07:58:50.964+0000] {dag.py:2726} INFO - Sync 1 DAGs
[2023-09-13T07:58:51.068+0000] {logging_mixin.py:149} INFO - [2023-09-13T07:58:51.068+0000] {dag.py:3490} INFO - Setting next_dagrun for example_kubernetes_executor to None, run_after=None
[2023-09-13T07:58:51.151+0000] {processor.py:178} INFO - Processing /home/airflow/.local/lib/python3.7/site-packages/airflow/example_dags/example_kubernetes_executor.py took 2.798 seconds
[2023-09-13T07:59:21.753+0000] {processor.py:156} INFO - Started process (PID=106) to work on /home/airflow/.local/lib/python3.7/site-packages/airflow/example_dags/example_kubernetes_executor.py
[2023-09-13T07:59:21.758+0000] {processor.py:799} INFO - Processing file /home/airflow/.local/lib/python3.7/site-packages/airflow/example_dags/example_kubernetes_executor.py for tasks to queue
[2023-09-13T07:59:21.762+0000] {logging_mixin.py:149} INFO - [2023-09-13T07:59:21.762+0000] {dagbag.py:541} INFO - Filling up the DagBag from /home/airflow/.local/lib/python3.7/site-packages/airflow/example_dags/example_kubernetes_executor.py
[2023-09-13T07:59:22.772+0000] {processor.py:809} INFO - DAG(s) dict_keys(['example_kubernetes_executor']) retrieved from /home/airflow/.local/lib/python3.7/site-packages/airflow/example_dags/example_kubernetes_executor.py
[2023-09-13T07:59:22.994+0000] {logging_mixin.py:149} INFO - [2023-09-13T07:59:22.993+0000] {dag.py:2726} INFO - Sync 1 DAGs
[2023-09-13T07:59:23.107+0000] {logging_mixin.py:149} INFO - [2023-09-13T07:59:23.106+0000] {dag.py:3490} INFO - Setting next_dagrun for example_kubernetes_executor to None, run_after=None
[2023-09-13T07:59:23.204+0000] {processor.py:178} INFO - Processing /home/airflow/.local/lib/python3.7/site-packages/airflow/example_dags/example_kubernetes_executor.py took 1.464 seconds
[2023-09-13T07:59:53.685+0000] {processor.py:156} INFO - Started process (PID=169) to work on /home/airflow/.local/lib/python3.7/site-packages/airflow/example_dags/example_kubernetes_executor.py
[2023-09-13T07:59:53.689+0000] {processor.py:799} INFO - Processing file /home/airflow/.local/lib/python3.7/site-packages/airflow/example_dags/example_kubernetes_executor.py for tasks to queue
[2023-09-13T07:59:53.692+0000] {logging_mixin.py:149} INFO - [2023-09-13T07:59:53.692+0000] {dagbag.py:541} INFO - Filling up the DagBag from /home/airflow/.local/lib/python3.7/site-packages/airflow/example_dags/example_kubernetes_executor.py
[2023-09-13T07:59:54.666+0000] {processor.py:809} INFO - DAG(s) dict_keys(['example_kubernetes_executor']) retrieved from /home/airflow/.local/lib/python3.7/site-packages/airflow/example_dags/example_kubernetes_executor.py
[2023-09-13T07:59:54.827+0000] {logging_mixin.py:149} INFO - [2023-09-13T07:59:54.827+0000] {dag.py:2726} INFO - Sync 1 DAGs
[2023-09-13T07:59:54.911+0000] {logging_mixin.py:149} INFO - [2023-09-13T07:59:54.911+0000] {dag.py:3490} INFO - Setting next_dagrun for example_kubernetes_executor to None, run_after=None
[2023-09-13T07:59:54.982+0000] {processor.py:178} INFO - Processing /home/airflow/.local/lib/python3.7/site-packages/airflow/example_dags/example_kubernetes_executor.py took 1.303 seconds
[2023-09-13T08:00:25.059+0000] {processor.py:156} INFO - Started process (PID=230) to work on /home/airflow/.local/lib/python3.7/site-packages/airflow/example_dags/example_kubernetes_executor.py
[2023-09-13T08:00:25.062+0000] {processor.py:799} INFO - Processing file /home/airflow/.local/lib/python3.7/site-packages/airflow/example_dags/example_kubernetes_executor.py for tasks to queue
[2023-09-13T08:00:25.064+0000] {logging_mixin.py:149} INFO - [2023-09-13T08:00:25.064+0000] {dagbag.py:541} INFO - Filling up the DagBag from /home/airflow/.local/lib/python3.7/site-packages/airflow/example_dags/example_kubernetes_executor.py
[2023-09-13T08:00:25.630+0000] {processor.py:809} INFO - DAG(s) dict_keys(['example_kubernetes_executor']) retrieved from /home/airflow/.local/lib/python3.7/site-packages/airflow/example_dags/example_kubernetes_executor.py
[2023-09-13T08:00:25.701+0000] {logging_mixin.py:149} INFO - [2023-09-13T08:00:25.700+0000] {dag.py:2726} INFO - Sync 1 DAGs
[2023-09-13T08:00:25.741+0000] {logging_mixin.py:149} INFO - [2023-09-13T08:00:25.740+0000] {dag.py:3490} INFO - Setting next_dagrun for example_kubernetes_executor to None, run_after=None
[2023-09-13T08:00:25.783+0000] {processor.py:178} INFO - Processing /home/airflow/.local/lib/python3.7/site-packages/airflow/example_dags/example_kubernetes_executor.py took 0.730 seconds
[2023-09-13T08:00:56.732+0000] {processor.py:156} INFO - Started process (PID=292) to work on /home/airflow/.local/lib/python3.7/site-packages/airflow/example_dags/example_kubernetes_executor.py
[2023-09-13T08:00:56.740+0000] {processor.py:799} INFO - Processing file /home/airflow/.local/lib/python3.7/site-packages/airflow/example_dags/example_kubernetes_executor.py for tasks to queue
[2023-09-13T08:00:56.746+0000] {logging_mixin.py:149} INFO - [2023-09-13T08:00:56.746+0000] {dagbag.py:541} INFO - Filling up the DagBag from /home/airflow/.local/lib/python3.7/site-packages/airflow/example_dags/example_kubernetes_executor.py
[2023-09-13T08:00:57.769+0000] {processor.py:809} INFO - DAG(s) dict_keys(['example_kubernetes_executor']) retrieved from /home/airflow/.local/lib/python3.7/site-packages/airflow/example_dags/example_kubernetes_executor.py
[2023-09-13T08:00:57.991+0000] {logging_mixin.py:149} INFO - [2023-09-13T08:00:57.991+0000] {dag.py:2726} INFO - Sync 1 DAGs
[2023-09-13T08:00:58.132+0000] {logging_mixin.py:149} INFO - [2023-09-13T08:00:58.132+0000] {dag.py:3490} INFO - Setting next_dagrun for example_kubernetes_executor to None, run_after=None
[2023-09-13T08:00:58.255+0000] {processor.py:178} INFO - Processing /home/airflow/.local/lib/python3.7/site-packages/airflow/example_dags/example_kubernetes_executor.py took 1.532 seconds
[2023-09-13T08:01:28.396+0000] {processor.py:156} INFO - Started process (PID=352) to work on /home/airflow/.local/lib/python3.7/site-packages/airflow/example_dags/example_kubernetes_executor.py
[2023-09-13T08:01:28.401+0000] {processor.py:799} INFO - Processing file /home/airflow/.local/lib/python3.7/site-packages/airflow/example_dags/example_kubernetes_executor.py for tasks to queue
[2023-09-13T08:01:28.404+0000] {logging_mixin.py:149} INFO - [2023-09-13T08:01:28.403+0000] {dagbag.py:541} INFO - Filling up the DagBag from /home/airflow/.local/lib/python3.7/site-packages/airflow/example_dags/example_kubernetes_executor.py
[2023-09-13T08:01:29.161+0000] {processor.py:809} INFO - DAG(s) dict_keys(['example_kubernetes_executor']) retrieved from /home/airflow/.local/lib/python3.7/site-packages/airflow/example_dags/example_kubernetes_executor.py
[2023-09-13T08:01:29.301+0000] {logging_mixin.py:149} INFO - [2023-09-13T08:01:29.301+0000] {dag.py:2726} INFO - Sync 1 DAGs
[2023-09-13T08:01:29.390+0000] {logging_mixin.py:149} INFO - [2023-09-13T08:01:29.390+0000] {dag.py:3490} INFO - Setting next_dagrun for example_kubernetes_executor to None, run_after=None
[2023-09-13T08:01:29.466+0000] {processor.py:178} INFO - Processing /home/airflow/.local/lib/python3.7/site-packages/airflow/example_dags/example_kubernetes_executor.py took 1.078 seconds
[2023-09-13T08:02:00.518+0000] {processor.py:156} INFO - Started process (PID=412) to work on /home/airflow/.local/lib/python3.7/site-packages/airflow/example_dags/example_kubernetes_executor.py
[2023-09-13T08:02:00.522+0000] {processor.py:799} INFO - Processing file /home/airflow/.local/lib/python3.7/site-packages/airflow/example_dags/example_kubernetes_executor.py for tasks to queue
[2023-09-13T08:02:00.526+0000] {logging_mixin.py:149} INFO - [2023-09-13T08:02:00.525+0000] {dagbag.py:541} INFO - Filling up the DagBag from /home/airflow/.local/lib/python3.7/site-packages/airflow/example_dags/example_kubernetes_executor.py
[2023-09-13T08:02:02.059+0000] {processor.py:809} INFO - DAG(s) dict_keys(['example_kubernetes_executor']) retrieved from /home/airflow/.local/lib/python3.7/site-packages/airflow/example_dags/example_kubernetes_executor.py
[2023-09-13T08:02:02.313+0000] {logging_mixin.py:149} INFO - [2023-09-13T08:02:02.312+0000] {dag.py:2726} INFO - Sync 1 DAGs
[2023-09-13T08:02:02.443+0000] {logging_mixin.py:149} INFO - [2023-09-13T08:02:02.442+0000] {dag.py:3490} INFO - Setting next_dagrun for example_kubernetes_executor to None, run_after=None
[2023-09-13T08:02:02.529+0000] {processor.py:178} INFO - Processing /home/airflow/.local/lib/python3.7/site-packages/airflow/example_dags/example_kubernetes_executor.py took 2.030 seconds
[2023-09-13T08:02:32.745+0000] {processor.py:156} INFO - Started process (PID=474) to work on /home/airflow/.local/lib/python3.7/site-packages/airflow/example_dags/example_kubernetes_executor.py
[2023-09-13T08:02:32.748+0000] {processor.py:799} INFO - Processing file /home/airflow/.local/lib/python3.7/site-packages/airflow/example_dags/example_kubernetes_executor.py for tasks to queue
[2023-09-13T08:02:32.750+0000] {logging_mixin.py:149} INFO - [2023-09-13T08:02:32.750+0000] {dagbag.py:541} INFO - Filling up the DagBag from /home/airflow/.local/lib/python3.7/site-packages/airflow/example_dags/example_kubernetes_executor.py
[2023-09-13T08:02:33.234+0000] {processor.py:809} INFO - DAG(s) dict_keys(['example_kubernetes_executor']) retrieved from /home/airflow/.local/lib/python3.7/site-packages/airflow/example_dags/example_kubernetes_executor.py
[2023-09-13T08:02:33.331+0000] {logging_mixin.py:149} INFO - [2023-09-13T08:02:33.330+0000] {dag.py:2726} INFO - Sync 1 DAGs
[2023-09-13T08:02:33.378+0000] {logging_mixin.py:149} INFO - [2023-09-13T08:02:33.378+0000] {dag.py:3490} INFO - Setting next_dagrun for example_kubernetes_executor to None, run_after=None
[2023-09-13T08:02:33.432+0000] {processor.py:178} INFO - Processing /home/airflow/.local/lib/python3.7/site-packages/airflow/example_dags/example_kubernetes_executor.py took 0.692 seconds
[2023-09-13T08:03:03.828+0000] {processor.py:156} INFO - Started process (PID=534) to work on /home/airflow/.local/lib/python3.7/site-packages/airflow/example_dags/example_kubernetes_executor.py
[2023-09-13T08:03:03.843+0000] {processor.py:799} INFO - Processing file /home/airflow/.local/lib/python3.7/site-packages/airflow/example_dags/example_kubernetes_executor.py for tasks to queue
[2023-09-13T08:03:03.846+0000] {logging_mixin.py:149} INFO - [2023-09-13T08:03:03.845+0000] {dagbag.py:541} INFO - Filling up the DagBag from /home/airflow/.local/lib/python3.7/site-packages/airflow/example_dags/example_kubernetes_executor.py
[2023-09-13T08:03:05.077+0000] {processor.py:809} INFO - DAG(s) dict_keys(['example_kubernetes_executor']) retrieved from /home/airflow/.local/lib/python3.7/site-packages/airflow/example_dags/example_kubernetes_executor.py
[2023-09-13T08:03:05.345+0000] {logging_mixin.py:149} INFO - [2023-09-13T08:03:05.344+0000] {dag.py:2726} INFO - Sync 1 DAGs
[2023-09-13T08:03:05.517+0000] {logging_mixin.py:149} INFO - [2023-09-13T08:03:05.517+0000] {dag.py:3490} INFO - Setting next_dagrun for example_kubernetes_executor to None, run_after=None
[2023-09-13T08:03:05.706+0000] {processor.py:178} INFO - Processing /home/airflow/.local/lib/python3.7/site-packages/airflow/example_dags/example_kubernetes_executor.py took 1.888 seconds
[2023-09-13T08:03:35.998+0000] {processor.py:156} INFO - Started process (PID=595) to work on /home/airflow/.local/lib/python3.7/site-packages/airflow/example_dags/example_kubernetes_executor.py
[2023-09-13T08:03:36.021+0000] {processor.py:799} INFO - Processing file /home/airflow/.local/lib/python3.7/site-packages/airflow/example_dags/example_kubernetes_executor.py for tasks to queue
[2023-09-13T08:03:36.045+0000] {logging_mixin.py:149} INFO - [2023-09-13T08:03:36.044+0000] {dagbag.py:541} INFO - Filling up the DagBag from /home/airflow/.local/lib/python3.7/site-packages/airflow/example_dags/example_kubernetes_executor.py
[2023-09-13T08:03:37.980+0000] {processor.py:809} INFO - DAG(s) dict_keys(['example_kubernetes_executor']) retrieved from /home/airflow/.local/lib/python3.7/site-packages/airflow/example_dags/example_kubernetes_executor.py
[2023-09-13T08:03:38.162+0000] {logging_mixin.py:149} INFO - [2023-09-13T08:03:38.162+0000] {dag.py:2726} INFO - Sync 1 DAGs
[2023-09-13T08:03:38.299+0000] {logging_mixin.py:149} INFO - [2023-09-13T08:03:38.298+0000] {dag.py:3490} INFO - Setting next_dagrun for example_kubernetes_executor to None, run_after=None
[2023-09-13T08:03:38.398+0000] {processor.py:178} INFO - Processing /home/airflow/.local/lib/python3.7/site-packages/airflow/example_dags/example_kubernetes_executor.py took 2.411 seconds
[2023-09-13T08:04:08.512+0000] {processor.py:156} INFO - Started process (PID=658) to work on /home/airflow/.local/lib/python3.7/site-packages/airflow/example_dags/example_kubernetes_executor.py
[2023-09-13T08:04:08.516+0000] {processor.py:799} INFO - Processing file /home/airflow/.local/lib/python3.7/site-packages/airflow/example_dags/example_kubernetes_executor.py for tasks to queue
[2023-09-13T08:04:08.520+0000] {logging_mixin.py:149} INFO - [2023-09-13T08:04:08.519+0000] {dagbag.py:541} INFO - Filling up the DagBag from /home/airflow/.local/lib/python3.7/site-packages/airflow/example_dags/example_kubernetes_executor.py
[2023-09-13T08:04:09.676+0000] {processor.py:809} INFO - DAG(s) dict_keys(['example_kubernetes_executor']) retrieved from /home/airflow/.local/lib/python3.7/site-packages/airflow/example_dags/example_kubernetes_executor.py
[2023-09-13T08:04:09.855+0000] {logging_mixin.py:149} INFO - [2023-09-13T08:04:09.854+0000] {dag.py:2726} INFO - Sync 1 DAGs
[2023-09-13T08:04:10.043+0000] {logging_mixin.py:149} INFO - [2023-09-13T08:04:10.042+0000] {dag.py:3490} INFO - Setting next_dagrun for example_kubernetes_executor to None, run_after=None
[2023-09-13T08:04:10.214+0000] {processor.py:178} INFO - Processing /home/airflow/.local/lib/python3.7/site-packages/airflow/example_dags/example_kubernetes_executor.py took 1.710 seconds
[2023-09-13T08:04:40.782+0000] {processor.py:156} INFO - Started process (PID=720) to work on /home/airflow/.local/lib/python3.7/site-packages/airflow/example_dags/example_kubernetes_executor.py
[2023-09-13T08:04:40.788+0000] {processor.py:799} INFO - Processing file /home/airflow/.local/lib/python3.7/site-packages/airflow/example_dags/example_kubernetes_executor.py for tasks to queue
[2023-09-13T08:04:40.794+0000] {logging_mixin.py:149} INFO - [2023-09-13T08:04:40.793+0000] {dagbag.py:541} INFO - Filling up the DagBag from /home/airflow/.local/lib/python3.7/site-packages/airflow/example_dags/example_kubernetes_executor.py
[2023-09-13T08:04:41.712+0000] {processor.py:809} INFO - DAG(s) dict_keys(['example_kubernetes_executor']) retrieved from /home/airflow/.local/lib/python3.7/site-packages/airflow/example_dags/example_kubernetes_executor.py
[2023-09-13T08:04:41.917+0000] {logging_mixin.py:149} INFO - [2023-09-13T08:04:41.916+0000] {dag.py:2726} INFO - Sync 1 DAGs
[2023-09-13T08:04:42.028+0000] {logging_mixin.py:149} INFO - [2023-09-13T08:04:42.027+0000] {dag.py:3490} INFO - Setting next_dagrun for example_kubernetes_executor to None, run_after=None
[2023-09-13T08:04:42.098+0000] {processor.py:178} INFO - Processing /home/airflow/.local/lib/python3.7/site-packages/airflow/example_dags/example_kubernetes_executor.py took 1.325 seconds
[2023-09-13T08:05:12.359+0000] {processor.py:156} INFO - Started process (PID=782) to work on /home/airflow/.local/lib/python3.7/site-packages/airflow/example_dags/example_kubernetes_executor.py
[2023-09-13T08:05:12.362+0000] {processor.py:799} INFO - Processing file /home/airflow/.local/lib/python3.7/site-packages/airflow/example_dags/example_kubernetes_executor.py for tasks to queue
[2023-09-13T08:05:12.365+0000] {logging_mixin.py:149} INFO - [2023-09-13T08:05:12.365+0000] {dagbag.py:541} INFO - Filling up the DagBag from /home/airflow/.local/lib/python3.7/site-packages/airflow/example_dags/example_kubernetes_executor.py
[2023-09-13T08:05:13.137+0000] {processor.py:809} INFO - DAG(s) dict_keys(['example_kubernetes_executor']) retrieved from /home/airflow/.local/lib/python3.7/site-packages/airflow/example_dags/example_kubernetes_executor.py
[2023-09-13T08:05:13.322+0000] {logging_mixin.py:149} INFO - [2023-09-13T08:05:13.321+0000] {dag.py:2726} INFO - Sync 1 DAGs
[2023-09-13T08:05:13.492+0000] {logging_mixin.py:149} INFO - [2023-09-13T08:05:13.492+0000] {dag.py:3490} INFO - Setting next_dagrun for example_kubernetes_executor to None, run_after=None
[2023-09-13T08:05:13.551+0000] {processor.py:178} INFO - Processing /home/airflow/.local/lib/python3.7/site-packages/airflow/example_dags/example_kubernetes_executor.py took 1.202 seconds
[2023-09-13T08:05:44.795+0000] {processor.py:156} INFO - Started process (PID=849) to work on /home/airflow/.local/lib/python3.7/site-packages/airflow/example_dags/example_kubernetes_executor.py
[2023-09-13T08:05:44.804+0000] {processor.py:799} INFO - Processing file /home/airflow/.local/lib/python3.7/site-packages/airflow/example_dags/example_kubernetes_executor.py for tasks to queue
[2023-09-13T08:05:44.810+0000] {logging_mixin.py:149} INFO - [2023-09-13T08:05:44.810+0000] {dagbag.py:541} INFO - Filling up the DagBag from /home/airflow/.local/lib/python3.7/site-packages/airflow/example_dags/example_kubernetes_executor.py
[2023-09-13T08:05:46.942+0000] {processor.py:809} INFO - DAG(s) dict_keys(['example_kubernetes_executor']) retrieved from /home/airflow/.local/lib/python3.7/site-packages/airflow/example_dags/example_kubernetes_executor.py
[2023-09-13T08:05:47.230+0000] {logging_mixin.py:149} INFO - [2023-09-13T08:05:47.229+0000] {dag.py:2726} INFO - Sync 1 DAGs
[2023-09-13T08:05:47.475+0000] {logging_mixin.py:149} INFO - [2023-09-13T08:05:47.475+0000] {dag.py:3490} INFO - Setting next_dagrun for example_kubernetes_executor to None, run_after=None
[2023-09-13T08:05:47.671+0000] {processor.py:178} INFO - Processing /home/airflow/.local/lib/python3.7/site-packages/airflow/example_dags/example_kubernetes_executor.py took 2.895 seconds
[2023-09-13T08:06:18.534+0000] {processor.py:156} INFO - Started process (PID=911) to work on /home/airflow/.local/lib/python3.7/site-packages/airflow/example_dags/example_kubernetes_executor.py
[2023-09-13T08:06:18.538+0000] {processor.py:799} INFO - Processing file /home/airflow/.local/lib/python3.7/site-packages/airflow/example_dags/example_kubernetes_executor.py for tasks to queue
[2023-09-13T08:06:18.540+0000] {logging_mixin.py:149} INFO - [2023-09-13T08:06:18.540+0000] {dagbag.py:541} INFO - Filling up the DagBag from /home/airflow/.local/lib/python3.7/site-packages/airflow/example_dags/example_kubernetes_executor.py
[2023-09-13T08:06:18.980+0000] {processor.py:809} INFO - DAG(s) dict_keys(['example_kubernetes_executor']) retrieved from /home/airflow/.local/lib/python3.7/site-packages/airflow/example_dags/example_kubernetes_executor.py
[2023-09-13T08:06:19.076+0000] {logging_mixin.py:149} INFO - [2023-09-13T08:06:19.075+0000] {dag.py:2726} INFO - Sync 1 DAGs
[2023-09-13T08:06:19.126+0000] {logging_mixin.py:149} INFO - [2023-09-13T08:06:19.126+0000] {dag.py:3490} INFO - Setting next_dagrun for example_kubernetes_executor to None, run_after=None
[2023-09-13T08:06:19.163+0000] {processor.py:178} INFO - Processing /home/airflow/.local/lib/python3.7/site-packages/airflow/example_dags/example_kubernetes_executor.py took 0.634 seconds
[2023-09-13T08:06:49.309+0000] {processor.py:156} INFO - Started process (PID=971) to work on /home/airflow/.local/lib/python3.7/site-packages/airflow/example_dags/example_kubernetes_executor.py
[2023-09-13T08:06:49.318+0000] {processor.py:799} INFO - Processing file /home/airflow/.local/lib/python3.7/site-packages/airflow/example_dags/example_kubernetes_executor.py for tasks to queue
[2023-09-13T08:06:49.322+0000] {logging_mixin.py:149} INFO - [2023-09-13T08:06:49.322+0000] {dagbag.py:541} INFO - Filling up the DagBag from /home/airflow/.local/lib/python3.7/site-packages/airflow/example_dags/example_kubernetes_executor.py
[2023-09-13T08:06:50.300+0000] {processor.py:809} INFO - DAG(s) dict_keys(['example_kubernetes_executor']) retrieved from /home/airflow/.local/lib/python3.7/site-packages/airflow/example_dags/example_kubernetes_executor.py
[2023-09-13T08:06:50.414+0000] {logging_mixin.py:149} INFO - [2023-09-13T08:06:50.414+0000] {dag.py:2726} INFO - Sync 1 DAGs
[2023-09-13T08:06:50.490+0000] {logging_mixin.py:149} INFO - [2023-09-13T08:06:50.490+0000] {dag.py:3490} INFO - Setting next_dagrun for example_kubernetes_executor to None, run_after=None
[2023-09-13T08:06:50.552+0000] {processor.py:178} INFO - Processing /home/airflow/.local/lib/python3.7/site-packages/airflow/example_dags/example_kubernetes_executor.py took 1.252 seconds
[2023-09-13T08:07:20.895+0000] {processor.py:156} INFO - Started process (PID=1033) to work on /home/airflow/.local/lib/python3.7/site-packages/airflow/example_dags/example_kubernetes_executor.py
[2023-09-13T08:07:20.902+0000] {processor.py:799} INFO - Processing file /home/airflow/.local/lib/python3.7/site-packages/airflow/example_dags/example_kubernetes_executor.py for tasks to queue
[2023-09-13T08:07:20.906+0000] {logging_mixin.py:149} INFO - [2023-09-13T08:07:20.906+0000] {dagbag.py:541} INFO - Filling up the DagBag from /home/airflow/.local/lib/python3.7/site-packages/airflow/example_dags/example_kubernetes_executor.py
[2023-09-13T08:07:21.547+0000] {processor.py:809} INFO - DAG(s) dict_keys(['example_kubernetes_executor']) retrieved from /home/airflow/.local/lib/python3.7/site-packages/airflow/example_dags/example_kubernetes_executor.py
[2023-09-13T08:07:21.669+0000] {logging_mixin.py:149} INFO - [2023-09-13T08:07:21.669+0000] {dag.py:2726} INFO - Sync 1 DAGs
[2023-09-13T08:07:21.760+0000] {logging_mixin.py:149} INFO - [2023-09-13T08:07:21.759+0000] {dag.py:3490} INFO - Setting next_dagrun for example_kubernetes_executor to None, run_after=None
[2023-09-13T08:07:21.859+0000] {processor.py:178} INFO - Processing /home/airflow/.local/lib/python3.7/site-packages/airflow/example_dags/example_kubernetes_executor.py took 0.974 seconds
[2023-09-13T08:07:52.302+0000] {processor.py:156} INFO - Started process (PID=1095) to work on /home/airflow/.local/lib/python3.7/site-packages/airflow/example_dags/example_kubernetes_executor.py
[2023-09-13T08:07:52.305+0000] {processor.py:799} INFO - Processing file /home/airflow/.local/lib/python3.7/site-packages/airflow/example_dags/example_kubernetes_executor.py for tasks to queue
[2023-09-13T08:07:52.307+0000] {logging_mixin.py:149} INFO - [2023-09-13T08:07:52.307+0000] {dagbag.py:541} INFO - Filling up the DagBag from /home/airflow/.local/lib/python3.7/site-packages/airflow/example_dags/example_kubernetes_executor.py
[2023-09-13T08:07:52.979+0000] {processor.py:809} INFO - DAG(s) dict_keys(['example_kubernetes_executor']) retrieved from /home/airflow/.local/lib/python3.7/site-packages/airflow/example_dags/example_kubernetes_executor.py
[2023-09-13T08:07:53.202+0000] {logging_mixin.py:149} INFO - [2023-09-13T08:07:53.198+0000] {dag.py:2726} INFO - Sync 1 DAGs
[2023-09-13T08:07:53.282+0000] {logging_mixin.py:149} INFO - [2023-09-13T08:07:53.282+0000] {dag.py:3490} INFO - Setting next_dagrun for example_kubernetes_executor to None, run_after=None
[2023-09-13T08:07:53.348+0000] {processor.py:178} INFO - Processing /home/airflow/.local/lib/python3.7/site-packages/airflow/example_dags/example_kubernetes_executor.py took 1.054 seconds
[2023-09-13T08:08:23.876+0000] {processor.py:156} INFO - Started process (PID=1155) to work on /home/airflow/.local/lib/python3.7/site-packages/airflow/example_dags/example_kubernetes_executor.py
[2023-09-13T08:08:23.880+0000] {processor.py:799} INFO - Processing file /home/airflow/.local/lib/python3.7/site-packages/airflow/example_dags/example_kubernetes_executor.py for tasks to queue
[2023-09-13T08:08:23.882+0000] {logging_mixin.py:149} INFO - [2023-09-13T08:08:23.882+0000] {dagbag.py:541} INFO - Filling up the DagBag from /home/airflow/.local/lib/python3.7/site-packages/airflow/example_dags/example_kubernetes_executor.py
[2023-09-13T08:08:24.686+0000] {processor.py:809} INFO - DAG(s) dict_keys(['example_kubernetes_executor']) retrieved from /home/airflow/.local/lib/python3.7/site-packages/airflow/example_dags/example_kubernetes_executor.py
[2023-09-13T08:08:24.809+0000] {logging_mixin.py:149} INFO - [2023-09-13T08:08:24.808+0000] {dag.py:2726} INFO - Sync 1 DAGs
[2023-09-13T08:08:24.891+0000] {logging_mixin.py:149} INFO - [2023-09-13T08:08:24.891+0000] {dag.py:3490} INFO - Setting next_dagrun for example_kubernetes_executor to None, run_after=None
[2023-09-13T08:08:24.965+0000] {processor.py:178} INFO - Processing /home/airflow/.local/lib/python3.7/site-packages/airflow/example_dags/example_kubernetes_executor.py took 1.096 seconds
[2023-09-13T08:08:55.440+0000] {processor.py:156} INFO - Started process (PID=1215) to work on /home/airflow/.local/lib/python3.7/site-packages/airflow/example_dags/example_kubernetes_executor.py
[2023-09-13T08:08:55.462+0000] {processor.py:799} INFO - Processing file /home/airflow/.local/lib/python3.7/site-packages/airflow/example_dags/example_kubernetes_executor.py for tasks to queue
[2023-09-13T08:08:55.469+0000] {logging_mixin.py:149} INFO - [2023-09-13T08:08:55.469+0000] {dagbag.py:541} INFO - Filling up the DagBag from /home/airflow/.local/lib/python3.7/site-packages/airflow/example_dags/example_kubernetes_executor.py
[2023-09-13T08:08:56.584+0000] {processor.py:809} INFO - DAG(s) dict_keys(['example_kubernetes_executor']) retrieved from /home/airflow/.local/lib/python3.7/site-packages/airflow/example_dags/example_kubernetes_executor.py
[2023-09-13T08:08:56.797+0000] {logging_mixin.py:149} INFO - [2023-09-13T08:08:56.796+0000] {dag.py:2726} INFO - Sync 1 DAGs
[2023-09-13T08:08:56.927+0000] {logging_mixin.py:149} INFO - [2023-09-13T08:08:56.927+0000] {dag.py:3490} INFO - Setting next_dagrun for example_kubernetes_executor to None, run_after=None
[2023-09-13T08:08:57.019+0000] {processor.py:178} INFO - Processing /home/airflow/.local/lib/python3.7/site-packages/airflow/example_dags/example_kubernetes_executor.py took 1.597 seconds
[2023-09-13T08:09:27.428+0000] {processor.py:156} INFO - Started process (PID=1277) to work on /home/airflow/.local/lib/python3.7/site-packages/airflow/example_dags/example_kubernetes_executor.py
[2023-09-13T08:09:27.433+0000] {processor.py:799} INFO - Processing file /home/airflow/.local/lib/python3.7/site-packages/airflow/example_dags/example_kubernetes_executor.py for tasks to queue
[2023-09-13T08:09:27.437+0000] {logging_mixin.py:149} INFO - [2023-09-13T08:09:27.437+0000] {dagbag.py:541} INFO - Filling up the DagBag from /home/airflow/.local/lib/python3.7/site-packages/airflow/example_dags/example_kubernetes_executor.py
[2023-09-13T08:09:28.332+0000] {processor.py:809} INFO - DAG(s) dict_keys(['example_kubernetes_executor']) retrieved from /home/airflow/.local/lib/python3.7/site-packages/airflow/example_dags/example_kubernetes_executor.py
[2023-09-13T08:09:28.428+0000] {logging_mixin.py:149} INFO - [2023-09-13T08:09:28.427+0000] {dag.py:2726} INFO - Sync 1 DAGs
[2023-09-13T08:09:28.493+0000] {logging_mixin.py:149} INFO - [2023-09-13T08:09:28.492+0000] {dag.py:3490} INFO - Setting next_dagrun for example_kubernetes_executor to None, run_after=None
[2023-09-13T08:09:28.552+0000] {processor.py:178} INFO - Processing /home/airflow/.local/lib/python3.7/site-packages/airflow/example_dags/example_kubernetes_executor.py took 1.136 seconds
[2023-09-13T08:09:58.670+0000] {processor.py:156} INFO - Started process (PID=1337) to work on /home/airflow/.local/lib/python3.7/site-packages/airflow/example_dags/example_kubernetes_executor.py
[2023-09-13T08:09:58.672+0000] {processor.py:799} INFO - Processing file /home/airflow/.local/lib/python3.7/site-packages/airflow/example_dags/example_kubernetes_executor.py for tasks to queue
[2023-09-13T08:09:58.675+0000] {logging_mixin.py:149} INFO - [2023-09-13T08:09:58.675+0000] {dagbag.py:541} INFO - Filling up the DagBag from /home/airflow/.local/lib/python3.7/site-packages/airflow/example_dags/example_kubernetes_executor.py
[2023-09-13T08:09:59.154+0000] {processor.py:809} INFO - DAG(s) dict_keys(['example_kubernetes_executor']) retrieved from /home/airflow/.local/lib/python3.7/site-packages/airflow/example_dags/example_kubernetes_executor.py
[2023-09-13T08:09:59.239+0000] {logging_mixin.py:149} INFO - [2023-09-13T08:09:59.239+0000] {dag.py:2726} INFO - Sync 1 DAGs
[2023-09-13T08:09:59.288+0000] {logging_mixin.py:149} INFO - [2023-09-13T08:09:59.288+0000] {dag.py:3490} INFO - Setting next_dagrun for example_kubernetes_executor to None, run_after=None
[2023-09-13T08:09:59.340+0000] {processor.py:178} INFO - Processing /home/airflow/.local/lib/python3.7/site-packages/airflow/example_dags/example_kubernetes_executor.py took 0.677 seconds
[2023-09-13T08:10:29.671+0000] {processor.py:156} INFO - Started process (PID=1399) to work on /home/airflow/.local/lib/python3.7/site-packages/airflow/example_dags/example_kubernetes_executor.py
[2023-09-13T08:10:29.674+0000] {processor.py:799} INFO - Processing file /home/airflow/.local/lib/python3.7/site-packages/airflow/example_dags/example_kubernetes_executor.py for tasks to queue
[2023-09-13T08:10:29.677+0000] {logging_mixin.py:149} INFO - [2023-09-13T08:10:29.677+0000] {dagbag.py:541} INFO - Filling up the DagBag from /home/airflow/.local/lib/python3.7/site-packages/airflow/example_dags/example_kubernetes_executor.py
[2023-09-13T08:10:30.206+0000] {processor.py:809} INFO - DAG(s) dict_keys(['example_kubernetes_executor']) retrieved from /home/airflow/.local/lib/python3.7/site-packages/airflow/example_dags/example_kubernetes_executor.py
[2023-09-13T08:10:30.301+0000] {logging_mixin.py:149} INFO - [2023-09-13T08:10:30.301+0000] {dag.py:2726} INFO - Sync 1 DAGs
[2023-09-13T08:10:30.354+0000] {logging_mixin.py:149} INFO - [2023-09-13T08:10:30.354+0000] {dag.py:3490} INFO - Setting next_dagrun for example_kubernetes_executor to None, run_after=None
[2023-09-13T08:10:30.410+0000] {processor.py:178} INFO - Processing /home/airflow/.local/lib/python3.7/site-packages/airflow/example_dags/example_kubernetes_executor.py took 0.747 seconds
[2023-09-13T08:11:00.844+0000] {processor.py:156} INFO - Started process (PID=1462) to work on /home/airflow/.local/lib/python3.7/site-packages/airflow/example_dags/example_kubernetes_executor.py
[2023-09-13T08:11:00.850+0000] {processor.py:799} INFO - Processing file /home/airflow/.local/lib/python3.7/site-packages/airflow/example_dags/example_kubernetes_executor.py for tasks to queue
[2023-09-13T08:11:00.854+0000] {logging_mixin.py:149} INFO - [2023-09-13T08:11:00.852+0000] {dagbag.py:541} INFO - Filling up the DagBag from /home/airflow/.local/lib/python3.7/site-packages/airflow/example_dags/example_kubernetes_executor.py
[2023-09-13T08:11:01.478+0000] {processor.py:809} INFO - DAG(s) dict_keys(['example_kubernetes_executor']) retrieved from /home/airflow/.local/lib/python3.7/site-packages/airflow/example_dags/example_kubernetes_executor.py
[2023-09-13T08:11:01.585+0000] {logging_mixin.py:149} INFO - [2023-09-13T08:11:01.585+0000] {dag.py:2726} INFO - Sync 1 DAGs
[2023-09-13T08:11:01.658+0000] {logging_mixin.py:149} INFO - [2023-09-13T08:11:01.658+0000] {dag.py:3490} INFO - Setting next_dagrun for example_kubernetes_executor to None, run_after=None
[2023-09-13T08:11:01.717+0000] {processor.py:178} INFO - Processing /home/airflow/.local/lib/python3.7/site-packages/airflow/example_dags/example_kubernetes_executor.py took 0.882 seconds
[2023-09-13T08:11:31.912+0000] {processor.py:156} INFO - Started process (PID=1524) to work on /home/airflow/.local/lib/python3.7/site-packages/airflow/example_dags/example_kubernetes_executor.py
[2023-09-13T08:11:31.915+0000] {processor.py:799} INFO - Processing file /home/airflow/.local/lib/python3.7/site-packages/airflow/example_dags/example_kubernetes_executor.py for tasks to queue
[2023-09-13T08:11:31.918+0000] {logging_mixin.py:149} INFO - [2023-09-13T08:11:31.917+0000] {dagbag.py:541} INFO - Filling up the DagBag from /home/airflow/.local/lib/python3.7/site-packages/airflow/example_dags/example_kubernetes_executor.py
[2023-09-13T08:11:32.480+0000] {processor.py:809} INFO - DAG(s) dict_keys(['example_kubernetes_executor']) retrieved from /home/airflow/.local/lib/python3.7/site-packages/airflow/example_dags/example_kubernetes_executor.py
[2023-09-13T08:11:32.592+0000] {logging_mixin.py:149} INFO - [2023-09-13T08:11:32.592+0000] {dag.py:2726} INFO - Sync 1 DAGs
[2023-09-13T08:11:32.658+0000] {logging_mixin.py:149} INFO - [2023-09-13T08:11:32.657+0000] {dag.py:3490} INFO - Setting next_dagrun for example_kubernetes_executor to None, run_after=None
[2023-09-13T08:11:32.709+0000] {processor.py:178} INFO - Processing /home/airflow/.local/lib/python3.7/site-packages/airflow/example_dags/example_kubernetes_executor.py took 0.805 seconds
[2023-09-13T08:12:02.890+0000] {processor.py:156} INFO - Started process (PID=1586) to work on /home/airflow/.local/lib/python3.7/site-packages/airflow/example_dags/example_kubernetes_executor.py
[2023-09-13T08:12:02.893+0000] {processor.py:799} INFO - Processing file /home/airflow/.local/lib/python3.7/site-packages/airflow/example_dags/example_kubernetes_executor.py for tasks to queue
[2023-09-13T08:12:02.895+0000] {logging_mixin.py:149} INFO - [2023-09-13T08:12:02.895+0000] {dagbag.py:541} INFO - Filling up the DagBag from /home/airflow/.local/lib/python3.7/site-packages/airflow/example_dags/example_kubernetes_executor.py
[2023-09-13T08:12:03.306+0000] {processor.py:809} INFO - DAG(s) dict_keys(['example_kubernetes_executor']) retrieved from /home/airflow/.local/lib/python3.7/site-packages/airflow/example_dags/example_kubernetes_executor.py
[2023-09-13T08:12:03.368+0000] {logging_mixin.py:149} INFO - [2023-09-13T08:12:03.368+0000] {dag.py:2726} INFO - Sync 1 DAGs
[2023-09-13T08:12:03.401+0000] {logging_mixin.py:149} INFO - [2023-09-13T08:12:03.400+0000] {dag.py:3490} INFO - Setting next_dagrun for example_kubernetes_executor to None, run_after=None
[2023-09-13T08:12:03.437+0000] {processor.py:178} INFO - Processing /home/airflow/.local/lib/python3.7/site-packages/airflow/example_dags/example_kubernetes_executor.py took 0.553 seconds
[2023-09-13T08:12:33.650+0000] {processor.py:156} INFO - Started process (PID=1649) to work on /home/airflow/.local/lib/python3.7/site-packages/airflow/example_dags/example_kubernetes_executor.py
[2023-09-13T08:12:33.653+0000] {processor.py:799} INFO - Processing file /home/airflow/.local/lib/python3.7/site-packages/airflow/example_dags/example_kubernetes_executor.py for tasks to queue
[2023-09-13T08:12:33.655+0000] {logging_mixin.py:149} INFO - [2023-09-13T08:12:33.655+0000] {dagbag.py:541} INFO - Filling up the DagBag from /home/airflow/.local/lib/python3.7/site-packages/airflow/example_dags/example_kubernetes_executor.py
[2023-09-13T08:12:34.032+0000] {processor.py:809} INFO - DAG(s) dict_keys(['example_kubernetes_executor']) retrieved from /home/airflow/.local/lib/python3.7/site-packages/airflow/example_dags/example_kubernetes_executor.py
[2023-09-13T08:12:34.109+0000] {logging_mixin.py:149} INFO - [2023-09-13T08:12:34.109+0000] {dag.py:2726} INFO - Sync 1 DAGs
[2023-09-13T08:12:34.161+0000] {logging_mixin.py:149} INFO - [2023-09-13T08:12:34.161+0000] {dag.py:3490} INFO - Setting next_dagrun for example_kubernetes_executor to None, run_after=None
[2023-09-13T08:12:34.207+0000] {processor.py:178} INFO - Processing /home/airflow/.local/lib/python3.7/site-packages/airflow/example_dags/example_kubernetes_executor.py took 0.564 seconds
[2023-09-13T09:26:08.111+0000] {processor.py:156} INFO - Started process (PID=35) to work on /home/airflow/.local/lib/python3.7/site-packages/airflow/example_dags/example_kubernetes_executor.py
[2023-09-13T09:26:08.113+0000] {processor.py:799} INFO - Processing file /home/airflow/.local/lib/python3.7/site-packages/airflow/example_dags/example_kubernetes_executor.py for tasks to queue
[2023-09-13T09:26:08.114+0000] {logging_mixin.py:149} INFO - [2023-09-13T09:26:08.114+0000] {dagbag.py:541} INFO - Filling up the DagBag from /home/airflow/.local/lib/python3.7/site-packages/airflow/example_dags/example_kubernetes_executor.py
[2023-09-13T09:26:08.928+0000] {processor.py:809} INFO - DAG(s) dict_keys(['example_kubernetes_executor']) retrieved from /home/airflow/.local/lib/python3.7/site-packages/airflow/example_dags/example_kubernetes_executor.py
[2023-09-13T09:26:08.995+0000] {logging_mixin.py:149} INFO - [2023-09-13T09:26:08.995+0000] {dag.py:2726} INFO - Sync 1 DAGs
[2023-09-13T09:26:09.027+0000] {logging_mixin.py:149} INFO - [2023-09-13T09:26:09.027+0000] {dag.py:3490} INFO - Setting next_dagrun for example_kubernetes_executor to None, run_after=None
[2023-09-13T09:26:09.061+0000] {processor.py:178} INFO - Processing /home/airflow/.local/lib/python3.7/site-packages/airflow/example_dags/example_kubernetes_executor.py took 0.954 seconds
