[2023-09-13T07:58:56.929+0000] {processor.py:156} INFO - Started process (PID=73) to work on /home/airflow/.local/lib/python3.7/site-packages/airflow/example_dags/example_dynamic_task_mapping.py
[2023-09-13T07:58:56.932+0000] {processor.py:799} INFO - Processing file /home/airflow/.local/lib/python3.7/site-packages/airflow/example_dags/example_dynamic_task_mapping.py for tasks to queue
[2023-09-13T07:58:56.934+0000] {logging_mixin.py:149} INFO - [2023-09-13T07:58:56.934+0000] {dagbag.py:541} INFO - Filling up the DagBag from /home/airflow/.local/lib/python3.7/site-packages/airflow/example_dags/example_dynamic_task_mapping.py
[2023-09-13T07:58:56.961+0000] {processor.py:809} INFO - DAG(s) dict_keys(['example_dynamic_task_mapping']) retrieved from /home/airflow/.local/lib/python3.7/site-packages/airflow/example_dags/example_dynamic_task_mapping.py
[2023-09-13T07:58:57.042+0000] {logging_mixin.py:149} INFO - [2023-09-13T07:58:57.042+0000] {dag.py:2726} INFO - Sync 1 DAGs
[2023-09-13T07:58:57.134+0000] {logging_mixin.py:149} INFO - [2023-09-13T07:58:57.134+0000] {dag.py:3490} INFO - Setting next_dagrun for example_dynamic_task_mapping to 2022-03-04T00:00:00+00:00, run_after=2022-03-05T00:00:00+00:00
[2023-09-13T07:58:57.192+0000] {processor.py:178} INFO - Processing /home/airflow/.local/lib/python3.7/site-packages/airflow/example_dags/example_dynamic_task_mapping.py took 0.273 seconds
[2023-09-13T07:59:27.473+0000] {processor.py:156} INFO - Started process (PID=132) to work on /home/airflow/.local/lib/python3.7/site-packages/airflow/example_dags/example_dynamic_task_mapping.py
[2023-09-13T07:59:27.476+0000] {processor.py:799} INFO - Processing file /home/airflow/.local/lib/python3.7/site-packages/airflow/example_dags/example_dynamic_task_mapping.py for tasks to queue
[2023-09-13T07:59:27.478+0000] {logging_mixin.py:149} INFO - [2023-09-13T07:59:27.478+0000] {dagbag.py:541} INFO - Filling up the DagBag from /home/airflow/.local/lib/python3.7/site-packages/airflow/example_dags/example_dynamic_task_mapping.py
[2023-09-13T07:59:27.490+0000] {processor.py:809} INFO - DAG(s) dict_keys(['example_dynamic_task_mapping']) retrieved from /home/airflow/.local/lib/python3.7/site-packages/airflow/example_dags/example_dynamic_task_mapping.py
[2023-09-13T07:59:27.538+0000] {logging_mixin.py:149} INFO - [2023-09-13T07:59:27.537+0000] {dag.py:2726} INFO - Sync 1 DAGs
[2023-09-13T07:59:27.590+0000] {logging_mixin.py:149} INFO - [2023-09-13T07:59:27.589+0000] {dag.py:3490} INFO - Setting next_dagrun for example_dynamic_task_mapping to 2022-03-04T00:00:00+00:00, run_after=2022-03-05T00:00:00+00:00
[2023-09-13T07:59:27.638+0000] {processor.py:178} INFO - Processing /home/airflow/.local/lib/python3.7/site-packages/airflow/example_dags/example_dynamic_task_mapping.py took 0.170 seconds
[2023-09-13T08:00:01.065+0000] {processor.py:156} INFO - Started process (PID=193) to work on /home/airflow/.local/lib/python3.7/site-packages/airflow/example_dags/example_dynamic_task_mapping.py
[2023-09-13T08:00:01.068+0000] {processor.py:799} INFO - Processing file /home/airflow/.local/lib/python3.7/site-packages/airflow/example_dags/example_dynamic_task_mapping.py for tasks to queue
[2023-09-13T08:00:01.071+0000] {logging_mixin.py:149} INFO - [2023-09-13T08:00:01.070+0000] {dagbag.py:541} INFO - Filling up the DagBag from /home/airflow/.local/lib/python3.7/site-packages/airflow/example_dags/example_dynamic_task_mapping.py
[2023-09-13T08:00:01.088+0000] {processor.py:809} INFO - DAG(s) dict_keys(['example_dynamic_task_mapping']) retrieved from /home/airflow/.local/lib/python3.7/site-packages/airflow/example_dags/example_dynamic_task_mapping.py
[2023-09-13T08:00:01.140+0000] {logging_mixin.py:149} INFO - [2023-09-13T08:00:01.139+0000] {dag.py:2726} INFO - Sync 1 DAGs
[2023-09-13T08:00:01.379+0000] {logging_mixin.py:149} INFO - [2023-09-13T08:00:01.379+0000] {dag.py:3490} INFO - Setting next_dagrun for example_dynamic_task_mapping to 2022-03-04T00:00:00+00:00, run_after=2022-03-05T00:00:00+00:00
[2023-09-13T08:00:01.428+0000] {processor.py:178} INFO - Processing /home/airflow/.local/lib/python3.7/site-packages/airflow/example_dags/example_dynamic_task_mapping.py took 0.370 seconds
[2023-09-13T08:00:31.601+0000] {processor.py:156} INFO - Started process (PID=253) to work on /home/airflow/.local/lib/python3.7/site-packages/airflow/example_dags/example_dynamic_task_mapping.py
[2023-09-13T08:00:31.604+0000] {processor.py:799} INFO - Processing file /home/airflow/.local/lib/python3.7/site-packages/airflow/example_dags/example_dynamic_task_mapping.py for tasks to queue
[2023-09-13T08:00:31.611+0000] {logging_mixin.py:149} INFO - [2023-09-13T08:00:31.610+0000] {dagbag.py:541} INFO - Filling up the DagBag from /home/airflow/.local/lib/python3.7/site-packages/airflow/example_dags/example_dynamic_task_mapping.py
[2023-09-13T08:00:31.636+0000] {processor.py:809} INFO - DAG(s) dict_keys(['example_dynamic_task_mapping']) retrieved from /home/airflow/.local/lib/python3.7/site-packages/airflow/example_dags/example_dynamic_task_mapping.py
[2023-09-13T08:00:31.722+0000] {logging_mixin.py:149} INFO - [2023-09-13T08:00:31.721+0000] {dag.py:2726} INFO - Sync 1 DAGs
[2023-09-13T08:00:31.820+0000] {logging_mixin.py:149} INFO - [2023-09-13T08:00:31.818+0000] {dag.py:3490} INFO - Setting next_dagrun for example_dynamic_task_mapping to 2022-03-04T00:00:00+00:00, run_after=2022-03-05T00:00:00+00:00
[2023-09-13T08:00:31.896+0000] {processor.py:178} INFO - Processing /home/airflow/.local/lib/python3.7/site-packages/airflow/example_dags/example_dynamic_task_mapping.py took 0.304 seconds
[2023-09-13T08:01:05.530+0000] {processor.py:156} INFO - Started process (PID=313) to work on /home/airflow/.local/lib/python3.7/site-packages/airflow/example_dags/example_dynamic_task_mapping.py
[2023-09-13T08:01:05.552+0000] {processor.py:799} INFO - Processing file /home/airflow/.local/lib/python3.7/site-packages/airflow/example_dags/example_dynamic_task_mapping.py for tasks to queue
[2023-09-13T08:01:05.559+0000] {logging_mixin.py:149} INFO - [2023-09-13T08:01:05.559+0000] {dagbag.py:541} INFO - Filling up the DagBag from /home/airflow/.local/lib/python3.7/site-packages/airflow/example_dags/example_dynamic_task_mapping.py
[2023-09-13T08:01:05.606+0000] {processor.py:809} INFO - DAG(s) dict_keys(['example_dynamic_task_mapping']) retrieved from /home/airflow/.local/lib/python3.7/site-packages/airflow/example_dags/example_dynamic_task_mapping.py
[2023-09-13T08:01:05.753+0000] {logging_mixin.py:149} INFO - [2023-09-13T08:01:05.748+0000] {dag.py:2726} INFO - Sync 1 DAGs
[2023-09-13T08:01:05.917+0000] {logging_mixin.py:149} INFO - [2023-09-13T08:01:05.916+0000] {dag.py:3490} INFO - Setting next_dagrun for example_dynamic_task_mapping to 2022-03-04T00:00:00+00:00, run_after=2022-03-05T00:00:00+00:00
[2023-09-13T08:01:06.049+0000] {processor.py:178} INFO - Processing /home/airflow/.local/lib/python3.7/site-packages/airflow/example_dags/example_dynamic_task_mapping.py took 0.535 seconds
[2023-09-13T08:01:36.875+0000] {processor.py:156} INFO - Started process (PID=373) to work on /home/airflow/.local/lib/python3.7/site-packages/airflow/example_dags/example_dynamic_task_mapping.py
[2023-09-13T08:01:36.882+0000] {processor.py:799} INFO - Processing file /home/airflow/.local/lib/python3.7/site-packages/airflow/example_dags/example_dynamic_task_mapping.py for tasks to queue
[2023-09-13T08:01:36.886+0000] {logging_mixin.py:149} INFO - [2023-09-13T08:01:36.886+0000] {dagbag.py:541} INFO - Filling up the DagBag from /home/airflow/.local/lib/python3.7/site-packages/airflow/example_dags/example_dynamic_task_mapping.py
[2023-09-13T08:01:36.943+0000] {processor.py:809} INFO - DAG(s) dict_keys(['example_dynamic_task_mapping']) retrieved from /home/airflow/.local/lib/python3.7/site-packages/airflow/example_dags/example_dynamic_task_mapping.py
[2023-09-13T08:01:37.115+0000] {logging_mixin.py:149} INFO - [2023-09-13T08:01:37.114+0000] {dag.py:2726} INFO - Sync 1 DAGs
[2023-09-13T08:01:37.373+0000] {logging_mixin.py:149} INFO - [2023-09-13T08:01:37.366+0000] {dag.py:3490} INFO - Setting next_dagrun for example_dynamic_task_mapping to 2022-03-04T00:00:00+00:00, run_after=2022-03-05T00:00:00+00:00
[2023-09-13T08:01:37.542+0000] {processor.py:178} INFO - Processing /home/airflow/.local/lib/python3.7/site-packages/airflow/example_dags/example_dynamic_task_mapping.py took 0.685 seconds
[2023-09-13T08:02:08.440+0000] {processor.py:156} INFO - Started process (PID=432) to work on /home/airflow/.local/lib/python3.7/site-packages/airflow/example_dags/example_dynamic_task_mapping.py
[2023-09-13T08:02:08.443+0000] {processor.py:799} INFO - Processing file /home/airflow/.local/lib/python3.7/site-packages/airflow/example_dags/example_dynamic_task_mapping.py for tasks to queue
[2023-09-13T08:02:08.445+0000] {logging_mixin.py:149} INFO - [2023-09-13T08:02:08.445+0000] {dagbag.py:541} INFO - Filling up the DagBag from /home/airflow/.local/lib/python3.7/site-packages/airflow/example_dags/example_dynamic_task_mapping.py
[2023-09-13T08:02:08.454+0000] {processor.py:809} INFO - DAG(s) dict_keys(['example_dynamic_task_mapping']) retrieved from /home/airflow/.local/lib/python3.7/site-packages/airflow/example_dags/example_dynamic_task_mapping.py
[2023-09-13T08:02:08.489+0000] {logging_mixin.py:149} INFO - [2023-09-13T08:02:08.489+0000] {dag.py:2726} INFO - Sync 1 DAGs
[2023-09-13T08:02:08.519+0000] {logging_mixin.py:149} INFO - [2023-09-13T08:02:08.519+0000] {dag.py:3490} INFO - Setting next_dagrun for example_dynamic_task_mapping to 2022-03-04T00:00:00+00:00, run_after=2022-03-05T00:00:00+00:00
[2023-09-13T08:02:08.541+0000] {processor.py:178} INFO - Processing /home/airflow/.local/lib/python3.7/site-packages/airflow/example_dags/example_dynamic_task_mapping.py took 0.106 seconds
[2023-09-13T08:02:39.614+0000] {processor.py:156} INFO - Started process (PID=493) to work on /home/airflow/.local/lib/python3.7/site-packages/airflow/example_dags/example_dynamic_task_mapping.py
[2023-09-13T08:02:39.618+0000] {processor.py:799} INFO - Processing file /home/airflow/.local/lib/python3.7/site-packages/airflow/example_dags/example_dynamic_task_mapping.py for tasks to queue
[2023-09-13T08:02:39.620+0000] {logging_mixin.py:149} INFO - [2023-09-13T08:02:39.620+0000] {dagbag.py:541} INFO - Filling up the DagBag from /home/airflow/.local/lib/python3.7/site-packages/airflow/example_dags/example_dynamic_task_mapping.py
[2023-09-13T08:02:39.636+0000] {processor.py:809} INFO - DAG(s) dict_keys(['example_dynamic_task_mapping']) retrieved from /home/airflow/.local/lib/python3.7/site-packages/airflow/example_dags/example_dynamic_task_mapping.py
[2023-09-13T08:02:39.684+0000] {logging_mixin.py:149} INFO - [2023-09-13T08:02:39.684+0000] {dag.py:2726} INFO - Sync 1 DAGs
[2023-09-13T08:02:39.741+0000] {logging_mixin.py:149} INFO - [2023-09-13T08:02:39.741+0000] {dag.py:3490} INFO - Setting next_dagrun for example_dynamic_task_mapping to 2022-03-04T00:00:00+00:00, run_after=2022-03-05T00:00:00+00:00
[2023-09-13T08:02:39.784+0000] {processor.py:178} INFO - Processing /home/airflow/.local/lib/python3.7/site-packages/airflow/example_dags/example_dynamic_task_mapping.py took 0.177 seconds
[2023-09-13T08:03:10.176+0000] {processor.py:156} INFO - Started process (PID=552) to work on /home/airflow/.local/lib/python3.7/site-packages/airflow/example_dags/example_dynamic_task_mapping.py
[2023-09-13T08:03:10.179+0000] {processor.py:799} INFO - Processing file /home/airflow/.local/lib/python3.7/site-packages/airflow/example_dags/example_dynamic_task_mapping.py for tasks to queue
[2023-09-13T08:03:10.186+0000] {logging_mixin.py:149} INFO - [2023-09-13T08:03:10.183+0000] {dagbag.py:541} INFO - Filling up the DagBag from /home/airflow/.local/lib/python3.7/site-packages/airflow/example_dags/example_dynamic_task_mapping.py
[2023-09-13T08:03:10.218+0000] {processor.py:809} INFO - DAG(s) dict_keys(['example_dynamic_task_mapping']) retrieved from /home/airflow/.local/lib/python3.7/site-packages/airflow/example_dags/example_dynamic_task_mapping.py
[2023-09-13T08:03:10.320+0000] {logging_mixin.py:149} INFO - [2023-09-13T08:03:10.319+0000] {dag.py:2726} INFO - Sync 1 DAGs
[2023-09-13T08:03:10.429+0000] {logging_mixin.py:149} INFO - [2023-09-13T08:03:10.429+0000] {dag.py:3490} INFO - Setting next_dagrun for example_dynamic_task_mapping to 2022-03-04T00:00:00+00:00, run_after=2022-03-05T00:00:00+00:00
[2023-09-13T08:03:10.566+0000] {processor.py:178} INFO - Processing /home/airflow/.local/lib/python3.7/site-packages/airflow/example_dags/example_dynamic_task_mapping.py took 0.398 seconds
[2023-09-13T08:03:42.328+0000] {processor.py:156} INFO - Started process (PID=620) to work on /home/airflow/.local/lib/python3.7/site-packages/airflow/example_dags/example_dynamic_task_mapping.py
[2023-09-13T08:03:42.334+0000] {processor.py:799} INFO - Processing file /home/airflow/.local/lib/python3.7/site-packages/airflow/example_dags/example_dynamic_task_mapping.py for tasks to queue
[2023-09-13T08:03:42.337+0000] {logging_mixin.py:149} INFO - [2023-09-13T08:03:42.337+0000] {dagbag.py:541} INFO - Filling up the DagBag from /home/airflow/.local/lib/python3.7/site-packages/airflow/example_dags/example_dynamic_task_mapping.py
[2023-09-13T08:03:42.374+0000] {processor.py:809} INFO - DAG(s) dict_keys(['example_dynamic_task_mapping']) retrieved from /home/airflow/.local/lib/python3.7/site-packages/airflow/example_dags/example_dynamic_task_mapping.py
[2023-09-13T08:03:42.497+0000] {logging_mixin.py:149} INFO - [2023-09-13T08:03:42.496+0000] {dag.py:2726} INFO - Sync 1 DAGs
[2023-09-13T08:03:42.670+0000] {logging_mixin.py:149} INFO - [2023-09-13T08:03:42.669+0000] {dag.py:3490} INFO - Setting next_dagrun for example_dynamic_task_mapping to 2022-03-04T00:00:00+00:00, run_after=2022-03-05T00:00:00+00:00
[2023-09-13T08:03:42.839+0000] {processor.py:178} INFO - Processing /home/airflow/.local/lib/python3.7/site-packages/airflow/example_dags/example_dynamic_task_mapping.py took 0.527 seconds
[2023-09-13T08:04:13.996+0000] {processor.py:156} INFO - Started process (PID=680) to work on /home/airflow/.local/lib/python3.7/site-packages/airflow/example_dags/example_dynamic_task_mapping.py
[2023-09-13T08:04:14.008+0000] {processor.py:799} INFO - Processing file /home/airflow/.local/lib/python3.7/site-packages/airflow/example_dags/example_dynamic_task_mapping.py for tasks to queue
[2023-09-13T08:04:14.014+0000] {logging_mixin.py:149} INFO - [2023-09-13T08:04:14.013+0000] {dagbag.py:541} INFO - Filling up the DagBag from /home/airflow/.local/lib/python3.7/site-packages/airflow/example_dags/example_dynamic_task_mapping.py
[2023-09-13T08:04:14.050+0000] {processor.py:809} INFO - DAG(s) dict_keys(['example_dynamic_task_mapping']) retrieved from /home/airflow/.local/lib/python3.7/site-packages/airflow/example_dags/example_dynamic_task_mapping.py
[2023-09-13T08:04:14.154+0000] {logging_mixin.py:149} INFO - [2023-09-13T08:04:14.154+0000] {dag.py:2726} INFO - Sync 1 DAGs
[2023-09-13T08:04:14.268+0000] {logging_mixin.py:149} INFO - [2023-09-13T08:04:14.267+0000] {dag.py:3490} INFO - Setting next_dagrun for example_dynamic_task_mapping to 2022-03-04T00:00:00+00:00, run_after=2022-03-05T00:00:00+00:00
[2023-09-13T08:04:14.357+0000] {processor.py:178} INFO - Processing /home/airflow/.local/lib/python3.7/site-packages/airflow/example_dags/example_dynamic_task_mapping.py took 0.376 seconds
[2023-09-13T08:04:44.538+0000] {processor.py:156} INFO - Started process (PID=740) to work on /home/airflow/.local/lib/python3.7/site-packages/airflow/example_dags/example_dynamic_task_mapping.py
[2023-09-13T08:04:44.541+0000] {processor.py:799} INFO - Processing file /home/airflow/.local/lib/python3.7/site-packages/airflow/example_dags/example_dynamic_task_mapping.py for tasks to queue
[2023-09-13T08:04:44.550+0000] {logging_mixin.py:149} INFO - [2023-09-13T08:04:44.549+0000] {dagbag.py:541} INFO - Filling up the DagBag from /home/airflow/.local/lib/python3.7/site-packages/airflow/example_dags/example_dynamic_task_mapping.py
[2023-09-13T08:04:44.580+0000] {processor.py:809} INFO - DAG(s) dict_keys(['example_dynamic_task_mapping']) retrieved from /home/airflow/.local/lib/python3.7/site-packages/airflow/example_dags/example_dynamic_task_mapping.py
[2023-09-13T08:04:44.669+0000] {logging_mixin.py:149} INFO - [2023-09-13T08:04:44.668+0000] {dag.py:2726} INFO - Sync 1 DAGs
[2023-09-13T08:04:44.756+0000] {logging_mixin.py:149} INFO - [2023-09-13T08:04:44.755+0000] {dag.py:3490} INFO - Setting next_dagrun for example_dynamic_task_mapping to 2022-03-04T00:00:00+00:00, run_after=2022-03-05T00:00:00+00:00
[2023-09-13T08:04:44.819+0000] {processor.py:178} INFO - Processing /home/airflow/.local/lib/python3.7/site-packages/airflow/example_dags/example_dynamic_task_mapping.py took 0.288 seconds
[2023-09-13T08:05:15.204+0000] {processor.py:156} INFO - Started process (PID=801) to work on /home/airflow/.local/lib/python3.7/site-packages/airflow/example_dags/example_dynamic_task_mapping.py
[2023-09-13T08:05:15.206+0000] {processor.py:799} INFO - Processing file /home/airflow/.local/lib/python3.7/site-packages/airflow/example_dags/example_dynamic_task_mapping.py for tasks to queue
[2023-09-13T08:05:15.209+0000] {logging_mixin.py:149} INFO - [2023-09-13T08:05:15.209+0000] {dagbag.py:541} INFO - Filling up the DagBag from /home/airflow/.local/lib/python3.7/site-packages/airflow/example_dags/example_dynamic_task_mapping.py
[2023-09-13T08:05:15.222+0000] {processor.py:809} INFO - DAG(s) dict_keys(['example_dynamic_task_mapping']) retrieved from /home/airflow/.local/lib/python3.7/site-packages/airflow/example_dags/example_dynamic_task_mapping.py
[2023-09-13T08:05:15.266+0000] {logging_mixin.py:149} INFO - [2023-09-13T08:05:15.266+0000] {dag.py:2726} INFO - Sync 1 DAGs
[2023-09-13T08:05:15.316+0000] {logging_mixin.py:149} INFO - [2023-09-13T08:05:15.316+0000] {dag.py:3490} INFO - Setting next_dagrun for example_dynamic_task_mapping to 2022-03-04T00:00:00+00:00, run_after=2022-03-05T00:00:00+00:00
[2023-09-13T08:05:15.357+0000] {processor.py:178} INFO - Processing /home/airflow/.local/lib/python3.7/site-packages/airflow/example_dags/example_dynamic_task_mapping.py took 0.157 seconds
[2023-09-13T08:05:51.192+0000] {processor.py:156} INFO - Started process (PID=861) to work on /home/airflow/.local/lib/python3.7/site-packages/airflow/example_dags/example_dynamic_task_mapping.py
[2023-09-13T08:05:51.217+0000] {processor.py:799} INFO - Processing file /home/airflow/.local/lib/python3.7/site-packages/airflow/example_dags/example_dynamic_task_mapping.py for tasks to queue
[2023-09-13T08:05:51.227+0000] {logging_mixin.py:149} INFO - [2023-09-13T08:05:51.226+0000] {dagbag.py:541} INFO - Filling up the DagBag from /home/airflow/.local/lib/python3.7/site-packages/airflow/example_dags/example_dynamic_task_mapping.py
[2023-09-13T08:05:51.279+0000] {processor.py:809} INFO - DAG(s) dict_keys(['example_dynamic_task_mapping']) retrieved from /home/airflow/.local/lib/python3.7/site-packages/airflow/example_dags/example_dynamic_task_mapping.py
[2023-09-13T08:05:51.411+0000] {logging_mixin.py:149} INFO - [2023-09-13T08:05:51.410+0000] {dag.py:2726} INFO - Sync 1 DAGs
[2023-09-13T08:05:51.603+0000] {logging_mixin.py:149} INFO - [2023-09-13T08:05:51.603+0000] {dag.py:3490} INFO - Setting next_dagrun for example_dynamic_task_mapping to 2022-03-04T00:00:00+00:00, run_after=2022-03-05T00:00:00+00:00
[2023-09-13T08:05:51.731+0000] {processor.py:178} INFO - Processing /home/airflow/.local/lib/python3.7/site-packages/airflow/example_dags/example_dynamic_task_mapping.py took 0.551 seconds
[2023-09-13T08:06:21.965+0000] {processor.py:156} INFO - Started process (PID=921) to work on /home/airflow/.local/lib/python3.7/site-packages/airflow/example_dags/example_dynamic_task_mapping.py
[2023-09-13T08:06:21.969+0000] {processor.py:799} INFO - Processing file /home/airflow/.local/lib/python3.7/site-packages/airflow/example_dags/example_dynamic_task_mapping.py for tasks to queue
[2023-09-13T08:06:21.973+0000] {logging_mixin.py:149} INFO - [2023-09-13T08:06:21.972+0000] {dagbag.py:541} INFO - Filling up the DagBag from /home/airflow/.local/lib/python3.7/site-packages/airflow/example_dags/example_dynamic_task_mapping.py
[2023-09-13T08:06:21.989+0000] {processor.py:809} INFO - DAG(s) dict_keys(['example_dynamic_task_mapping']) retrieved from /home/airflow/.local/lib/python3.7/site-packages/airflow/example_dags/example_dynamic_task_mapping.py
[2023-09-13T08:06:22.038+0000] {logging_mixin.py:149} INFO - [2023-09-13T08:06:22.038+0000] {dag.py:2726} INFO - Sync 1 DAGs
[2023-09-13T08:06:22.090+0000] {logging_mixin.py:149} INFO - [2023-09-13T08:06:22.089+0000] {dag.py:3490} INFO - Setting next_dagrun for example_dynamic_task_mapping to 2022-03-04T00:00:00+00:00, run_after=2022-03-05T00:00:00+00:00
[2023-09-13T08:06:22.128+0000] {processor.py:178} INFO - Processing /home/airflow/.local/lib/python3.7/site-packages/airflow/example_dags/example_dynamic_task_mapping.py took 0.169 seconds
[2023-09-13T08:06:52.473+0000] {processor.py:156} INFO - Started process (PID=981) to work on /home/airflow/.local/lib/python3.7/site-packages/airflow/example_dags/example_dynamic_task_mapping.py
[2023-09-13T08:06:52.513+0000] {processor.py:799} INFO - Processing file /home/airflow/.local/lib/python3.7/site-packages/airflow/example_dags/example_dynamic_task_mapping.py for tasks to queue
[2023-09-13T08:06:52.556+0000] {logging_mixin.py:149} INFO - [2023-09-13T08:06:52.555+0000] {dagbag.py:541} INFO - Filling up the DagBag from /home/airflow/.local/lib/python3.7/site-packages/airflow/example_dags/example_dynamic_task_mapping.py
[2023-09-13T08:06:52.596+0000] {processor.py:809} INFO - DAG(s) dict_keys(['example_dynamic_task_mapping']) retrieved from /home/airflow/.local/lib/python3.7/site-packages/airflow/example_dags/example_dynamic_task_mapping.py
[2023-09-13T08:06:52.768+0000] {logging_mixin.py:149} INFO - [2023-09-13T08:06:52.767+0000] {dag.py:2726} INFO - Sync 1 DAGs
[2023-09-13T08:06:52.988+0000] {logging_mixin.py:149} INFO - [2023-09-13T08:06:52.987+0000] {dag.py:3490} INFO - Setting next_dagrun for example_dynamic_task_mapping to 2022-03-04T00:00:00+00:00, run_after=2022-03-05T00:00:00+00:00
[2023-09-13T08:06:53.149+0000] {processor.py:178} INFO - Processing /home/airflow/.local/lib/python3.7/site-packages/airflow/example_dags/example_dynamic_task_mapping.py took 0.700 seconds
[2023-09-13T08:07:23.516+0000] {processor.py:156} INFO - Started process (PID=1041) to work on /home/airflow/.local/lib/python3.7/site-packages/airflow/example_dags/example_dynamic_task_mapping.py
[2023-09-13T08:07:23.519+0000] {processor.py:799} INFO - Processing file /home/airflow/.local/lib/python3.7/site-packages/airflow/example_dags/example_dynamic_task_mapping.py for tasks to queue
[2023-09-13T08:07:23.523+0000] {logging_mixin.py:149} INFO - [2023-09-13T08:07:23.523+0000] {dagbag.py:541} INFO - Filling up the DagBag from /home/airflow/.local/lib/python3.7/site-packages/airflow/example_dags/example_dynamic_task_mapping.py
[2023-09-13T08:07:23.540+0000] {processor.py:809} INFO - DAG(s) dict_keys(['example_dynamic_task_mapping']) retrieved from /home/airflow/.local/lib/python3.7/site-packages/airflow/example_dags/example_dynamic_task_mapping.py
[2023-09-13T08:07:23.600+0000] {logging_mixin.py:149} INFO - [2023-09-13T08:07:23.600+0000] {dag.py:2726} INFO - Sync 1 DAGs
[2023-09-13T08:07:23.672+0000] {logging_mixin.py:149} INFO - [2023-09-13T08:07:23.671+0000] {dag.py:3490} INFO - Setting next_dagrun for example_dynamic_task_mapping to 2022-03-04T00:00:00+00:00, run_after=2022-03-05T00:00:00+00:00
[2023-09-13T08:07:23.718+0000] {processor.py:178} INFO - Processing /home/airflow/.local/lib/python3.7/site-packages/airflow/example_dags/example_dynamic_task_mapping.py took 0.210 seconds
[2023-09-13T08:07:54.214+0000] {processor.py:156} INFO - Started process (PID=1101) to work on /home/airflow/.local/lib/python3.7/site-packages/airflow/example_dags/example_dynamic_task_mapping.py
[2023-09-13T08:07:54.217+0000] {processor.py:799} INFO - Processing file /home/airflow/.local/lib/python3.7/site-packages/airflow/example_dags/example_dynamic_task_mapping.py for tasks to queue
[2023-09-13T08:07:54.220+0000] {logging_mixin.py:149} INFO - [2023-09-13T08:07:54.220+0000] {dagbag.py:541} INFO - Filling up the DagBag from /home/airflow/.local/lib/python3.7/site-packages/airflow/example_dags/example_dynamic_task_mapping.py
[2023-09-13T08:07:54.238+0000] {processor.py:809} INFO - DAG(s) dict_keys(['example_dynamic_task_mapping']) retrieved from /home/airflow/.local/lib/python3.7/site-packages/airflow/example_dags/example_dynamic_task_mapping.py
[2023-09-13T08:07:54.297+0000] {logging_mixin.py:149} INFO - [2023-09-13T08:07:54.297+0000] {dag.py:2726} INFO - Sync 1 DAGs
[2023-09-13T08:07:54.367+0000] {logging_mixin.py:149} INFO - [2023-09-13T08:07:54.366+0000] {dag.py:3490} INFO - Setting next_dagrun for example_dynamic_task_mapping to 2022-03-04T00:00:00+00:00, run_after=2022-03-05T00:00:00+00:00
[2023-09-13T08:07:54.424+0000] {processor.py:178} INFO - Processing /home/airflow/.local/lib/python3.7/site-packages/airflow/example_dags/example_dynamic_task_mapping.py took 0.217 seconds
[2023-09-13T08:08:25.420+0000] {processor.py:156} INFO - Started process (PID=1161) to work on /home/airflow/.local/lib/python3.7/site-packages/airflow/example_dags/example_dynamic_task_mapping.py
[2023-09-13T08:08:25.425+0000] {processor.py:799} INFO - Processing file /home/airflow/.local/lib/python3.7/site-packages/airflow/example_dags/example_dynamic_task_mapping.py for tasks to queue
[2023-09-13T08:08:25.428+0000] {logging_mixin.py:149} INFO - [2023-09-13T08:08:25.428+0000] {dagbag.py:541} INFO - Filling up the DagBag from /home/airflow/.local/lib/python3.7/site-packages/airflow/example_dags/example_dynamic_task_mapping.py
[2023-09-13T08:08:25.445+0000] {processor.py:809} INFO - DAG(s) dict_keys(['example_dynamic_task_mapping']) retrieved from /home/airflow/.local/lib/python3.7/site-packages/airflow/example_dags/example_dynamic_task_mapping.py
[2023-09-13T08:08:25.528+0000] {logging_mixin.py:149} INFO - [2023-09-13T08:08:25.527+0000] {dag.py:2726} INFO - Sync 1 DAGs
[2023-09-13T08:08:25.605+0000] {logging_mixin.py:149} INFO - [2023-09-13T08:08:25.605+0000] {dag.py:3490} INFO - Setting next_dagrun for example_dynamic_task_mapping to 2022-03-04T00:00:00+00:00, run_after=2022-03-05T00:00:00+00:00
[2023-09-13T08:08:25.664+0000] {processor.py:178} INFO - Processing /home/airflow/.local/lib/python3.7/site-packages/airflow/example_dags/example_dynamic_task_mapping.py took 0.252 seconds
[2023-09-13T08:08:57.780+0000] {processor.py:156} INFO - Started process (PID=1221) to work on /home/airflow/.local/lib/python3.7/site-packages/airflow/example_dags/example_dynamic_task_mapping.py
[2023-09-13T08:08:57.788+0000] {processor.py:799} INFO - Processing file /home/airflow/.local/lib/python3.7/site-packages/airflow/example_dags/example_dynamic_task_mapping.py for tasks to queue
[2023-09-13T08:08:57.799+0000] {logging_mixin.py:149} INFO - [2023-09-13T08:08:57.799+0000] {dagbag.py:541} INFO - Filling up the DagBag from /home/airflow/.local/lib/python3.7/site-packages/airflow/example_dags/example_dynamic_task_mapping.py
[2023-09-13T08:08:57.825+0000] {processor.py:809} INFO - DAG(s) dict_keys(['example_dynamic_task_mapping']) retrieved from /home/airflow/.local/lib/python3.7/site-packages/airflow/example_dags/example_dynamic_task_mapping.py
[2023-09-13T08:08:57.972+0000] {logging_mixin.py:149} INFO - [2023-09-13T08:08:57.971+0000] {dag.py:2726} INFO - Sync 1 DAGs
[2023-09-13T08:08:58.265+0000] {logging_mixin.py:149} INFO - [2023-09-13T08:08:58.255+0000] {dag.py:3490} INFO - Setting next_dagrun for example_dynamic_task_mapping to 2022-03-04T00:00:00+00:00, run_after=2022-03-05T00:00:00+00:00
[2023-09-13T08:08:58.459+0000] {processor.py:178} INFO - Processing /home/airflow/.local/lib/python3.7/site-packages/airflow/example_dags/example_dynamic_task_mapping.py took 0.688 seconds
[2023-09-13T08:09:28.632+0000] {processor.py:156} INFO - Started process (PID=1281) to work on /home/airflow/.local/lib/python3.7/site-packages/airflow/example_dags/example_dynamic_task_mapping.py
[2023-09-13T08:09:28.635+0000] {processor.py:799} INFO - Processing file /home/airflow/.local/lib/python3.7/site-packages/airflow/example_dags/example_dynamic_task_mapping.py for tasks to queue
[2023-09-13T08:09:28.637+0000] {logging_mixin.py:149} INFO - [2023-09-13T08:09:28.637+0000] {dagbag.py:541} INFO - Filling up the DagBag from /home/airflow/.local/lib/python3.7/site-packages/airflow/example_dags/example_dynamic_task_mapping.py
[2023-09-13T08:09:28.661+0000] {processor.py:809} INFO - DAG(s) dict_keys(['example_dynamic_task_mapping']) retrieved from /home/airflow/.local/lib/python3.7/site-packages/airflow/example_dags/example_dynamic_task_mapping.py
[2023-09-13T08:09:28.709+0000] {logging_mixin.py:149} INFO - [2023-09-13T08:09:28.709+0000] {dag.py:2726} INFO - Sync 1 DAGs
[2023-09-13T08:09:28.761+0000] {logging_mixin.py:149} INFO - [2023-09-13T08:09:28.761+0000] {dag.py:3490} INFO - Setting next_dagrun for example_dynamic_task_mapping to 2022-03-04T00:00:00+00:00, run_after=2022-03-05T00:00:00+00:00
[2023-09-13T08:09:28.806+0000] {processor.py:178} INFO - Processing /home/airflow/.local/lib/python3.7/site-packages/airflow/example_dags/example_dynamic_task_mapping.py took 0.181 seconds
[2023-09-13T08:09:59.409+0000] {processor.py:156} INFO - Started process (PID=1341) to work on /home/airflow/.local/lib/python3.7/site-packages/airflow/example_dags/example_dynamic_task_mapping.py
[2023-09-13T08:09:59.412+0000] {processor.py:799} INFO - Processing file /home/airflow/.local/lib/python3.7/site-packages/airflow/example_dags/example_dynamic_task_mapping.py for tasks to queue
[2023-09-13T08:09:59.414+0000] {logging_mixin.py:149} INFO - [2023-09-13T08:09:59.414+0000] {dagbag.py:541} INFO - Filling up the DagBag from /home/airflow/.local/lib/python3.7/site-packages/airflow/example_dags/example_dynamic_task_mapping.py
[2023-09-13T08:09:59.432+0000] {processor.py:809} INFO - DAG(s) dict_keys(['example_dynamic_task_mapping']) retrieved from /home/airflow/.local/lib/python3.7/site-packages/airflow/example_dags/example_dynamic_task_mapping.py
[2023-09-13T08:09:59.501+0000] {logging_mixin.py:149} INFO - [2023-09-13T08:09:59.501+0000] {dag.py:2726} INFO - Sync 1 DAGs
[2023-09-13T08:09:59.582+0000] {logging_mixin.py:149} INFO - [2023-09-13T08:09:59.581+0000] {dag.py:3490} INFO - Setting next_dagrun for example_dynamic_task_mapping to 2022-03-04T00:00:00+00:00, run_after=2022-03-05T00:00:00+00:00
[2023-09-13T08:09:59.627+0000] {processor.py:178} INFO - Processing /home/airflow/.local/lib/python3.7/site-packages/airflow/example_dags/example_dynamic_task_mapping.py took 0.226 seconds
[2023-09-13T08:10:29.946+0000] {processor.py:156} INFO - Started process (PID=1401) to work on /home/airflow/.local/lib/python3.7/site-packages/airflow/example_dags/example_dynamic_task_mapping.py
[2023-09-13T08:10:29.949+0000] {processor.py:799} INFO - Processing file /home/airflow/.local/lib/python3.7/site-packages/airflow/example_dags/example_dynamic_task_mapping.py for tasks to queue
[2023-09-13T08:10:29.953+0000] {logging_mixin.py:149} INFO - [2023-09-13T08:10:29.952+0000] {dagbag.py:541} INFO - Filling up the DagBag from /home/airflow/.local/lib/python3.7/site-packages/airflow/example_dags/example_dynamic_task_mapping.py
[2023-09-13T08:10:29.972+0000] {processor.py:809} INFO - DAG(s) dict_keys(['example_dynamic_task_mapping']) retrieved from /home/airflow/.local/lib/python3.7/site-packages/airflow/example_dags/example_dynamic_task_mapping.py
[2023-09-13T08:10:30.043+0000] {logging_mixin.py:149} INFO - [2023-09-13T08:10:30.042+0000] {dag.py:2726} INFO - Sync 1 DAGs
[2023-09-13T08:10:30.126+0000] {logging_mixin.py:149} INFO - [2023-09-13T08:10:30.125+0000] {dag.py:3490} INFO - Setting next_dagrun for example_dynamic_task_mapping to 2022-03-04T00:00:00+00:00, run_after=2022-03-05T00:00:00+00:00
[2023-09-13T08:10:30.196+0000] {processor.py:178} INFO - Processing /home/airflow/.local/lib/python3.7/site-packages/airflow/example_dags/example_dynamic_task_mapping.py took 0.260 seconds
[2023-09-13T08:11:00.525+0000] {processor.py:156} INFO - Started process (PID=1461) to work on /home/airflow/.local/lib/python3.7/site-packages/airflow/example_dags/example_dynamic_task_mapping.py
[2023-09-13T08:11:00.528+0000] {processor.py:799} INFO - Processing file /home/airflow/.local/lib/python3.7/site-packages/airflow/example_dags/example_dynamic_task_mapping.py for tasks to queue
[2023-09-13T08:11:00.535+0000] {logging_mixin.py:149} INFO - [2023-09-13T08:11:00.535+0000] {dagbag.py:541} INFO - Filling up the DagBag from /home/airflow/.local/lib/python3.7/site-packages/airflow/example_dags/example_dynamic_task_mapping.py
[2023-09-13T08:11:00.559+0000] {processor.py:809} INFO - DAG(s) dict_keys(['example_dynamic_task_mapping']) retrieved from /home/airflow/.local/lib/python3.7/site-packages/airflow/example_dags/example_dynamic_task_mapping.py
[2023-09-13T08:11:00.630+0000] {logging_mixin.py:149} INFO - [2023-09-13T08:11:00.629+0000] {dag.py:2726} INFO - Sync 1 DAGs
[2023-09-13T08:11:00.698+0000] {logging_mixin.py:149} INFO - [2023-09-13T08:11:00.698+0000] {dag.py:3490} INFO - Setting next_dagrun for example_dynamic_task_mapping to 2022-03-04T00:00:00+00:00, run_after=2022-03-05T00:00:00+00:00
[2023-09-13T08:11:00.748+0000] {processor.py:178} INFO - Processing /home/airflow/.local/lib/python3.7/site-packages/airflow/example_dags/example_dynamic_task_mapping.py took 0.234 seconds
[2023-09-13T08:11:30.917+0000] {processor.py:156} INFO - Started process (PID=1521) to work on /home/airflow/.local/lib/python3.7/site-packages/airflow/example_dags/example_dynamic_task_mapping.py
[2023-09-13T08:11:30.919+0000] {processor.py:799} INFO - Processing file /home/airflow/.local/lib/python3.7/site-packages/airflow/example_dags/example_dynamic_task_mapping.py for tasks to queue
[2023-09-13T08:11:30.922+0000] {logging_mixin.py:149} INFO - [2023-09-13T08:11:30.921+0000] {dagbag.py:541} INFO - Filling up the DagBag from /home/airflow/.local/lib/python3.7/site-packages/airflow/example_dags/example_dynamic_task_mapping.py
[2023-09-13T08:11:30.942+0000] {processor.py:809} INFO - DAG(s) dict_keys(['example_dynamic_task_mapping']) retrieved from /home/airflow/.local/lib/python3.7/site-packages/airflow/example_dags/example_dynamic_task_mapping.py
[2023-09-13T08:11:31.002+0000] {logging_mixin.py:149} INFO - [2023-09-13T08:11:31.001+0000] {dag.py:2726} INFO - Sync 1 DAGs
[2023-09-13T08:11:31.064+0000] {logging_mixin.py:149} INFO - [2023-09-13T08:11:31.063+0000] {dag.py:3490} INFO - Setting next_dagrun for example_dynamic_task_mapping to 2022-03-04T00:00:00+00:00, run_after=2022-03-05T00:00:00+00:00
[2023-09-13T08:11:31.120+0000] {processor.py:178} INFO - Processing /home/airflow/.local/lib/python3.7/site-packages/airflow/example_dags/example_dynamic_task_mapping.py took 0.211 seconds
[2023-09-13T08:12:01.758+0000] {processor.py:156} INFO - Started process (PID=1581) to work on /home/airflow/.local/lib/python3.7/site-packages/airflow/example_dags/example_dynamic_task_mapping.py
[2023-09-13T08:12:01.761+0000] {processor.py:799} INFO - Processing file /home/airflow/.local/lib/python3.7/site-packages/airflow/example_dags/example_dynamic_task_mapping.py for tasks to queue
[2023-09-13T08:12:01.764+0000] {logging_mixin.py:149} INFO - [2023-09-13T08:12:01.763+0000] {dagbag.py:541} INFO - Filling up the DagBag from /home/airflow/.local/lib/python3.7/site-packages/airflow/example_dags/example_dynamic_task_mapping.py
[2023-09-13T08:12:01.775+0000] {processor.py:809} INFO - DAG(s) dict_keys(['example_dynamic_task_mapping']) retrieved from /home/airflow/.local/lib/python3.7/site-packages/airflow/example_dags/example_dynamic_task_mapping.py
[2023-09-13T08:12:01.814+0000] {logging_mixin.py:149} INFO - [2023-09-13T08:12:01.814+0000] {dag.py:2726} INFO - Sync 1 DAGs
[2023-09-13T08:12:01.869+0000] {logging_mixin.py:149} INFO - [2023-09-13T08:12:01.868+0000] {dag.py:3490} INFO - Setting next_dagrun for example_dynamic_task_mapping to 2022-03-04T00:00:00+00:00, run_after=2022-03-05T00:00:00+00:00
[2023-09-13T08:12:01.916+0000] {processor.py:178} INFO - Processing /home/airflow/.local/lib/python3.7/site-packages/airflow/example_dags/example_dynamic_task_mapping.py took 0.165 seconds
[2023-09-13T08:12:32.578+0000] {processor.py:156} INFO - Started process (PID=1641) to work on /home/airflow/.local/lib/python3.7/site-packages/airflow/example_dags/example_dynamic_task_mapping.py
[2023-09-13T08:12:32.580+0000] {processor.py:799} INFO - Processing file /home/airflow/.local/lib/python3.7/site-packages/airflow/example_dags/example_dynamic_task_mapping.py for tasks to queue
[2023-09-13T08:12:32.583+0000] {logging_mixin.py:149} INFO - [2023-09-13T08:12:32.583+0000] {dagbag.py:541} INFO - Filling up the DagBag from /home/airflow/.local/lib/python3.7/site-packages/airflow/example_dags/example_dynamic_task_mapping.py
[2023-09-13T08:12:32.594+0000] {processor.py:809} INFO - DAG(s) dict_keys(['example_dynamic_task_mapping']) retrieved from /home/airflow/.local/lib/python3.7/site-packages/airflow/example_dags/example_dynamic_task_mapping.py
[2023-09-13T08:12:32.633+0000] {logging_mixin.py:149} INFO - [2023-09-13T08:12:32.633+0000] {dag.py:2726} INFO - Sync 1 DAGs
[2023-09-13T08:12:32.677+0000] {logging_mixin.py:149} INFO - [2023-09-13T08:12:32.676+0000] {dag.py:3490} INFO - Setting next_dagrun for example_dynamic_task_mapping to 2022-03-04T00:00:00+00:00, run_after=2022-03-05T00:00:00+00:00
[2023-09-13T08:12:32.709+0000] {processor.py:178} INFO - Processing /home/airflow/.local/lib/python3.7/site-packages/airflow/example_dags/example_dynamic_task_mapping.py took 0.136 seconds
[2023-09-13T09:26:11.983+0000] {processor.py:156} INFO - Started process (PID=66) to work on /home/airflow/.local/lib/python3.7/site-packages/airflow/example_dags/example_dynamic_task_mapping.py
[2023-09-13T09:26:11.985+0000] {processor.py:799} INFO - Processing file /home/airflow/.local/lib/python3.7/site-packages/airflow/example_dags/example_dynamic_task_mapping.py for tasks to queue
[2023-09-13T09:26:11.987+0000] {logging_mixin.py:149} INFO - [2023-09-13T09:26:11.986+0000] {dagbag.py:541} INFO - Filling up the DagBag from /home/airflow/.local/lib/python3.7/site-packages/airflow/example_dags/example_dynamic_task_mapping.py
[2023-09-13T09:26:12.002+0000] {processor.py:809} INFO - DAG(s) dict_keys(['example_dynamic_task_mapping']) retrieved from /home/airflow/.local/lib/python3.7/site-packages/airflow/example_dags/example_dynamic_task_mapping.py
[2023-09-13T09:26:12.034+0000] {logging_mixin.py:149} INFO - [2023-09-13T09:26:12.034+0000] {dag.py:2726} INFO - Sync 1 DAGs
[2023-09-13T09:26:12.071+0000] {logging_mixin.py:149} INFO - [2023-09-13T09:26:12.071+0000] {dag.py:3490} INFO - Setting next_dagrun for example_dynamic_task_mapping to 2022-03-04T00:00:00+00:00, run_after=2022-03-05T00:00:00+00:00
[2023-09-13T09:26:12.101+0000] {processor.py:178} INFO - Processing /home/airflow/.local/lib/python3.7/site-packages/airflow/example_dags/example_dynamic_task_mapping.py took 0.122 seconds
