[2023-09-13T07:58:53.588+0000] {processor.py:156} INFO - Started process (PID=58) to work on /home/airflow/.local/lib/python3.7/site-packages/airflow/example_dags/example_short_circuit_decorator.py
[2023-09-13T07:58:53.593+0000] {processor.py:799} INFO - Processing file /home/airflow/.local/lib/python3.7/site-packages/airflow/example_dags/example_short_circuit_decorator.py for tasks to queue
[2023-09-13T07:58:53.596+0000] {logging_mixin.py:149} INFO - [2023-09-13T07:58:53.596+0000] {dagbag.py:541} INFO - Filling up the DagBag from /home/airflow/.local/lib/python3.7/site-packages/airflow/example_dags/example_short_circuit_decorator.py
[2023-09-13T07:58:53.638+0000] {processor.py:809} INFO - DAG(s) dict_keys(['example_short_circuit_decorator']) retrieved from /home/airflow/.local/lib/python3.7/site-packages/airflow/example_dags/example_short_circuit_decorator.py
[2023-09-13T07:58:53.775+0000] {logging_mixin.py:149} INFO - [2023-09-13T07:58:53.775+0000] {dag.py:2726} INFO - Sync 1 DAGs
[2023-09-13T07:58:53.885+0000] {logging_mixin.py:149} INFO - [2023-09-13T07:58:53.884+0000] {dag.py:3490} INFO - Setting next_dagrun for example_short_circuit_decorator to 2023-09-12T07:58:53.884148+00:00, run_after=2023-09-13T07:58:53.884148+00:00
[2023-09-13T07:58:54.005+0000] {processor.py:178} INFO - Processing /home/airflow/.local/lib/python3.7/site-packages/airflow/example_dags/example_short_circuit_decorator.py took 0.427 seconds
[2023-09-13T07:59:24.467+0000] {processor.py:156} INFO - Started process (PID=118) to work on /home/airflow/.local/lib/python3.7/site-packages/airflow/example_dags/example_short_circuit_decorator.py
[2023-09-13T07:59:24.470+0000] {processor.py:799} INFO - Processing file /home/airflow/.local/lib/python3.7/site-packages/airflow/example_dags/example_short_circuit_decorator.py for tasks to queue
[2023-09-13T07:59:24.473+0000] {logging_mixin.py:149} INFO - [2023-09-13T07:59:24.473+0000] {dagbag.py:541} INFO - Filling up the DagBag from /home/airflow/.local/lib/python3.7/site-packages/airflow/example_dags/example_short_circuit_decorator.py
[2023-09-13T07:59:24.498+0000] {processor.py:809} INFO - DAG(s) dict_keys(['example_short_circuit_decorator']) retrieved from /home/airflow/.local/lib/python3.7/site-packages/airflow/example_dags/example_short_circuit_decorator.py
[2023-09-13T07:59:24.568+0000] {logging_mixin.py:149} INFO - [2023-09-13T07:59:24.568+0000] {dag.py:2726} INFO - Sync 1 DAGs
[2023-09-13T07:59:24.634+0000] {logging_mixin.py:149} INFO - [2023-09-13T07:59:24.634+0000] {dag.py:3490} INFO - Setting next_dagrun for example_short_circuit_decorator to 2023-09-12T07:59:24.633590+00:00, run_after=2023-09-13T07:59:24.633590+00:00
[2023-09-13T07:59:24.678+0000] {processor.py:178} INFO - Processing /home/airflow/.local/lib/python3.7/site-packages/airflow/example_dags/example_short_circuit_decorator.py took 0.218 seconds
[2023-09-13T07:59:56.391+0000] {processor.py:156} INFO - Started process (PID=178) to work on /home/airflow/.local/lib/python3.7/site-packages/airflow/example_dags/example_short_circuit_decorator.py
[2023-09-13T07:59:56.394+0000] {processor.py:799} INFO - Processing file /home/airflow/.local/lib/python3.7/site-packages/airflow/example_dags/example_short_circuit_decorator.py for tasks to queue
[2023-09-13T07:59:56.397+0000] {logging_mixin.py:149} INFO - [2023-09-13T07:59:56.396+0000] {dagbag.py:541} INFO - Filling up the DagBag from /home/airflow/.local/lib/python3.7/site-packages/airflow/example_dags/example_short_circuit_decorator.py
[2023-09-13T07:59:56.421+0000] {processor.py:809} INFO - DAG(s) dict_keys(['example_short_circuit_decorator']) retrieved from /home/airflow/.local/lib/python3.7/site-packages/airflow/example_dags/example_short_circuit_decorator.py
[2023-09-13T07:59:56.501+0000] {logging_mixin.py:149} INFO - [2023-09-13T07:59:56.500+0000] {dag.py:2726} INFO - Sync 1 DAGs
[2023-09-13T07:59:56.771+0000] {logging_mixin.py:149} INFO - [2023-09-13T07:59:56.771+0000] {dag.py:3490} INFO - Setting next_dagrun for example_short_circuit_decorator to 2023-09-12T07:59:56.770559+00:00, run_after=2023-09-13T07:59:56.770559+00:00
[2023-09-13T07:59:56.827+0000] {processor.py:178} INFO - Processing /home/airflow/.local/lib/python3.7/site-packages/airflow/example_dags/example_short_circuit_decorator.py took 0.446 seconds
[2023-09-13T08:00:27.105+0000] {processor.py:156} INFO - Started process (PID=238) to work on /home/airflow/.local/lib/python3.7/site-packages/airflow/example_dags/example_short_circuit_decorator.py
[2023-09-13T08:00:27.108+0000] {processor.py:799} INFO - Processing file /home/airflow/.local/lib/python3.7/site-packages/airflow/example_dags/example_short_circuit_decorator.py for tasks to queue
[2023-09-13T08:00:27.110+0000] {logging_mixin.py:149} INFO - [2023-09-13T08:00:27.110+0000] {dagbag.py:541} INFO - Filling up the DagBag from /home/airflow/.local/lib/python3.7/site-packages/airflow/example_dags/example_short_circuit_decorator.py
[2023-09-13T08:00:27.132+0000] {processor.py:809} INFO - DAG(s) dict_keys(['example_short_circuit_decorator']) retrieved from /home/airflow/.local/lib/python3.7/site-packages/airflow/example_dags/example_short_circuit_decorator.py
[2023-09-13T08:00:27.185+0000] {logging_mixin.py:149} INFO - [2023-09-13T08:00:27.185+0000] {dag.py:2726} INFO - Sync 1 DAGs
[2023-09-13T08:00:27.238+0000] {logging_mixin.py:149} INFO - [2023-09-13T08:00:27.238+0000] {dag.py:3490} INFO - Setting next_dagrun for example_short_circuit_decorator to 2023-09-12T08:00:27.237595+00:00, run_after=2023-09-13T08:00:27.237595+00:00
[2023-09-13T08:00:27.283+0000] {processor.py:178} INFO - Processing /home/airflow/.local/lib/python3.7/site-packages/airflow/example_dags/example_short_circuit_decorator.py took 0.183 seconds
[2023-09-13T08:00:59.948+0000] {processor.py:156} INFO - Started process (PID=298) to work on /home/airflow/.local/lib/python3.7/site-packages/airflow/example_dags/example_short_circuit_decorator.py
[2023-09-13T08:00:59.955+0000] {processor.py:799} INFO - Processing file /home/airflow/.local/lib/python3.7/site-packages/airflow/example_dags/example_short_circuit_decorator.py for tasks to queue
[2023-09-13T08:00:59.958+0000] {logging_mixin.py:149} INFO - [2023-09-13T08:00:59.958+0000] {dagbag.py:541} INFO - Filling up the DagBag from /home/airflow/.local/lib/python3.7/site-packages/airflow/example_dags/example_short_circuit_decorator.py
[2023-09-13T08:01:00.006+0000] {processor.py:809} INFO - DAG(s) dict_keys(['example_short_circuit_decorator']) retrieved from /home/airflow/.local/lib/python3.7/site-packages/airflow/example_dags/example_short_circuit_decorator.py
[2023-09-13T08:01:00.160+0000] {logging_mixin.py:149} INFO - [2023-09-13T08:01:00.159+0000] {dag.py:2726} INFO - Sync 1 DAGs
[2023-09-13T08:01:00.354+0000] {logging_mixin.py:149} INFO - [2023-09-13T08:01:00.353+0000] {dag.py:3490} INFO - Setting next_dagrun for example_short_circuit_decorator to 2023-09-12T08:01:00.353046+00:00, run_after=2023-09-13T08:01:00.353046+00:00
[2023-09-13T08:01:00.472+0000] {processor.py:178} INFO - Processing /home/airflow/.local/lib/python3.7/site-packages/airflow/example_dags/example_short_circuit_decorator.py took 0.533 seconds
[2023-09-13T08:01:30.747+0000] {processor.py:156} INFO - Started process (PID=358) to work on /home/airflow/.local/lib/python3.7/site-packages/airflow/example_dags/example_short_circuit_decorator.py
[2023-09-13T08:01:30.750+0000] {processor.py:799} INFO - Processing file /home/airflow/.local/lib/python3.7/site-packages/airflow/example_dags/example_short_circuit_decorator.py for tasks to queue
[2023-09-13T08:01:30.753+0000] {logging_mixin.py:149} INFO - [2023-09-13T08:01:30.753+0000] {dagbag.py:541} INFO - Filling up the DagBag from /home/airflow/.local/lib/python3.7/site-packages/airflow/example_dags/example_short_circuit_decorator.py
[2023-09-13T08:01:30.783+0000] {processor.py:809} INFO - DAG(s) dict_keys(['example_short_circuit_decorator']) retrieved from /home/airflow/.local/lib/python3.7/site-packages/airflow/example_dags/example_short_circuit_decorator.py
[2023-09-13T08:01:30.879+0000] {logging_mixin.py:149} INFO - [2023-09-13T08:01:30.879+0000] {dag.py:2726} INFO - Sync 1 DAGs
[2023-09-13T08:01:30.958+0000] {logging_mixin.py:149} INFO - [2023-09-13T08:01:30.958+0000] {dag.py:3490} INFO - Setting next_dagrun for example_short_circuit_decorator to 2023-09-12T08:01:30.957999+00:00, run_after=2023-09-13T08:01:30.957999+00:00
[2023-09-13T08:01:31.011+0000] {processor.py:178} INFO - Processing /home/airflow/.local/lib/python3.7/site-packages/airflow/example_dags/example_short_circuit_decorator.py took 0.277 seconds
[2023-09-13T08:02:02.934+0000] {processor.py:156} INFO - Started process (PID=418) to work on /home/airflow/.local/lib/python3.7/site-packages/airflow/example_dags/example_short_circuit_decorator.py
[2023-09-13T08:02:02.941+0000] {processor.py:799} INFO - Processing file /home/airflow/.local/lib/python3.7/site-packages/airflow/example_dags/example_short_circuit_decorator.py for tasks to queue
[2023-09-13T08:02:02.945+0000] {logging_mixin.py:149} INFO - [2023-09-13T08:02:02.944+0000] {dagbag.py:541} INFO - Filling up the DagBag from /home/airflow/.local/lib/python3.7/site-packages/airflow/example_dags/example_short_circuit_decorator.py
[2023-09-13T08:02:02.991+0000] {processor.py:809} INFO - DAG(s) dict_keys(['example_short_circuit_decorator']) retrieved from /home/airflow/.local/lib/python3.7/site-packages/airflow/example_dags/example_short_circuit_decorator.py
[2023-09-13T08:02:03.167+0000] {logging_mixin.py:149} INFO - [2023-09-13T08:02:03.167+0000] {dag.py:2726} INFO - Sync 1 DAGs
[2023-09-13T08:02:03.299+0000] {logging_mixin.py:149} INFO - [2023-09-13T08:02:03.299+0000] {dag.py:3490} INFO - Setting next_dagrun for example_short_circuit_decorator to 2023-09-12T08:02:03.298165+00:00, run_after=2023-09-13T08:02:03.298165+00:00
[2023-09-13T08:02:03.396+0000] {processor.py:178} INFO - Processing /home/airflow/.local/lib/python3.7/site-packages/airflow/example_dags/example_short_circuit_decorator.py took 0.474 seconds
[2023-09-13T08:02:33.573+0000] {processor.py:156} INFO - Started process (PID=478) to work on /home/airflow/.local/lib/python3.7/site-packages/airflow/example_dags/example_short_circuit_decorator.py
[2023-09-13T08:02:33.576+0000] {processor.py:799} INFO - Processing file /home/airflow/.local/lib/python3.7/site-packages/airflow/example_dags/example_short_circuit_decorator.py for tasks to queue
[2023-09-13T08:02:33.586+0000] {logging_mixin.py:149} INFO - [2023-09-13T08:02:33.585+0000] {dagbag.py:541} INFO - Filling up the DagBag from /home/airflow/.local/lib/python3.7/site-packages/airflow/example_dags/example_short_circuit_decorator.py
[2023-09-13T08:02:33.629+0000] {processor.py:809} INFO - DAG(s) dict_keys(['example_short_circuit_decorator']) retrieved from /home/airflow/.local/lib/python3.7/site-packages/airflow/example_dags/example_short_circuit_decorator.py
[2023-09-13T08:02:33.753+0000] {logging_mixin.py:149} INFO - [2023-09-13T08:02:33.752+0000] {dag.py:2726} INFO - Sync 1 DAGs
[2023-09-13T08:02:33.828+0000] {logging_mixin.py:149} INFO - [2023-09-13T08:02:33.828+0000] {dag.py:3490} INFO - Setting next_dagrun for example_short_circuit_decorator to 2023-09-12T08:02:33.827946+00:00, run_after=2023-09-13T08:02:33.827946+00:00
[2023-09-13T08:02:33.868+0000] {processor.py:178} INFO - Processing /home/airflow/.local/lib/python3.7/site-packages/airflow/example_dags/example_short_circuit_decorator.py took 0.302 seconds
[2023-09-13T08:03:06.470+0000] {processor.py:156} INFO - Started process (PID=538) to work on /home/airflow/.local/lib/python3.7/site-packages/airflow/example_dags/example_short_circuit_decorator.py
[2023-09-13T08:03:06.480+0000] {processor.py:799} INFO - Processing file /home/airflow/.local/lib/python3.7/site-packages/airflow/example_dags/example_short_circuit_decorator.py for tasks to queue
[2023-09-13T08:03:06.492+0000] {logging_mixin.py:149} INFO - [2023-09-13T08:03:06.492+0000] {dagbag.py:541} INFO - Filling up the DagBag from /home/airflow/.local/lib/python3.7/site-packages/airflow/example_dags/example_short_circuit_decorator.py
[2023-09-13T08:03:06.537+0000] {processor.py:809} INFO - DAG(s) dict_keys(['example_short_circuit_decorator']) retrieved from /home/airflow/.local/lib/python3.7/site-packages/airflow/example_dags/example_short_circuit_decorator.py
[2023-09-13T08:03:06.674+0000] {logging_mixin.py:149} INFO - [2023-09-13T08:03:06.673+0000] {dag.py:2726} INFO - Sync 1 DAGs
[2023-09-13T08:03:06.867+0000] {logging_mixin.py:149} INFO - [2023-09-13T08:03:06.867+0000] {dag.py:3490} INFO - Setting next_dagrun for example_short_circuit_decorator to 2023-09-12T08:03:06.866447+00:00, run_after=2023-09-13T08:03:06.866447+00:00
[2023-09-13T08:03:07.010+0000] {processor.py:178} INFO - Processing /home/airflow/.local/lib/python3.7/site-packages/airflow/example_dags/example_short_circuit_decorator.py took 0.547 seconds
[2023-09-13T08:03:37.503+0000] {processor.py:156} INFO - Started process (PID=598) to work on /home/airflow/.local/lib/python3.7/site-packages/airflow/example_dags/example_short_circuit_decorator.py
[2023-09-13T08:03:37.522+0000] {processor.py:799} INFO - Processing file /home/airflow/.local/lib/python3.7/site-packages/airflow/example_dags/example_short_circuit_decorator.py for tasks to queue
[2023-09-13T08:03:37.540+0000] {logging_mixin.py:149} INFO - [2023-09-13T08:03:37.539+0000] {dagbag.py:541} INFO - Filling up the DagBag from /home/airflow/.local/lib/python3.7/site-packages/airflow/example_dags/example_short_circuit_decorator.py
[2023-09-13T08:03:37.601+0000] {processor.py:809} INFO - DAG(s) dict_keys(['example_short_circuit_decorator']) retrieved from /home/airflow/.local/lib/python3.7/site-packages/airflow/example_dags/example_short_circuit_decorator.py
[2023-09-13T08:03:37.778+0000] {logging_mixin.py:149} INFO - [2023-09-13T08:03:37.777+0000] {dag.py:2726} INFO - Sync 1 DAGs
[2023-09-13T08:03:37.951+0000] {logging_mixin.py:149} INFO - [2023-09-13T08:03:37.951+0000] {dag.py:3490} INFO - Setting next_dagrun for example_short_circuit_decorator to 2023-09-12T08:03:37.950224+00:00, run_after=2023-09-13T08:03:37.950224+00:00
[2023-09-13T08:03:38.090+0000] {processor.py:178} INFO - Processing /home/airflow/.local/lib/python3.7/site-packages/airflow/example_dags/example_short_circuit_decorator.py took 0.606 seconds
[2023-09-13T08:04:08.513+0000] {processor.py:156} INFO - Started process (PID=659) to work on /home/airflow/.local/lib/python3.7/site-packages/airflow/example_dags/example_short_circuit_decorator.py
[2023-09-13T08:04:08.516+0000] {processor.py:799} INFO - Processing file /home/airflow/.local/lib/python3.7/site-packages/airflow/example_dags/example_short_circuit_decorator.py for tasks to queue
[2023-09-13T08:04:08.522+0000] {logging_mixin.py:149} INFO - [2023-09-13T08:04:08.521+0000] {dagbag.py:541} INFO - Filling up the DagBag from /home/airflow/.local/lib/python3.7/site-packages/airflow/example_dags/example_short_circuit_decorator.py
[2023-09-13T08:04:08.552+0000] {processor.py:809} INFO - DAG(s) dict_keys(['example_short_circuit_decorator']) retrieved from /home/airflow/.local/lib/python3.7/site-packages/airflow/example_dags/example_short_circuit_decorator.py
[2023-09-13T08:04:08.651+0000] {logging_mixin.py:149} INFO - [2023-09-13T08:04:08.650+0000] {dag.py:2726} INFO - Sync 1 DAGs
[2023-09-13T08:04:08.736+0000] {logging_mixin.py:149} INFO - [2023-09-13T08:04:08.735+0000] {dag.py:3490} INFO - Setting next_dagrun for example_short_circuit_decorator to 2023-09-12T08:04:08.734735+00:00, run_after=2023-09-13T08:04:08.734735+00:00
[2023-09-13T08:04:08.864+0000] {processor.py:178} INFO - Processing /home/airflow/.local/lib/python3.7/site-packages/airflow/example_dags/example_short_circuit_decorator.py took 0.359 seconds
[2023-09-13T08:04:39.312+0000] {processor.py:156} INFO - Started process (PID=718) to work on /home/airflow/.local/lib/python3.7/site-packages/airflow/example_dags/example_short_circuit_decorator.py
[2023-09-13T08:04:39.315+0000] {processor.py:799} INFO - Processing file /home/airflow/.local/lib/python3.7/site-packages/airflow/example_dags/example_short_circuit_decorator.py for tasks to queue
[2023-09-13T08:04:39.321+0000] {logging_mixin.py:149} INFO - [2023-09-13T08:04:39.320+0000] {dagbag.py:541} INFO - Filling up the DagBag from /home/airflow/.local/lib/python3.7/site-packages/airflow/example_dags/example_short_circuit_decorator.py
[2023-09-13T08:04:39.352+0000] {processor.py:809} INFO - DAG(s) dict_keys(['example_short_circuit_decorator']) retrieved from /home/airflow/.local/lib/python3.7/site-packages/airflow/example_dags/example_short_circuit_decorator.py
[2023-09-13T08:04:39.436+0000] {logging_mixin.py:149} INFO - [2023-09-13T08:04:39.435+0000] {dag.py:2726} INFO - Sync 1 DAGs
[2023-09-13T08:04:39.533+0000] {logging_mixin.py:149} INFO - [2023-09-13T08:04:39.532+0000] {dag.py:3490} INFO - Setting next_dagrun for example_short_circuit_decorator to 2023-09-12T08:04:39.531317+00:00, run_after=2023-09-13T08:04:39.531317+00:00
[2023-09-13T08:04:39.607+0000] {processor.py:178} INFO - Processing /home/airflow/.local/lib/python3.7/site-packages/airflow/example_dags/example_short_circuit_decorator.py took 0.304 seconds
[2023-09-13T08:05:09.809+0000] {processor.py:156} INFO - Started process (PID=778) to work on /home/airflow/.local/lib/python3.7/site-packages/airflow/example_dags/example_short_circuit_decorator.py
[2023-09-13T08:05:09.812+0000] {processor.py:799} INFO - Processing file /home/airflow/.local/lib/python3.7/site-packages/airflow/example_dags/example_short_circuit_decorator.py for tasks to queue
[2023-09-13T08:05:09.816+0000] {logging_mixin.py:149} INFO - [2023-09-13T08:05:09.815+0000] {dagbag.py:541} INFO - Filling up the DagBag from /home/airflow/.local/lib/python3.7/site-packages/airflow/example_dags/example_short_circuit_decorator.py
[2023-09-13T08:05:09.856+0000] {processor.py:809} INFO - DAG(s) dict_keys(['example_short_circuit_decorator']) retrieved from /home/airflow/.local/lib/python3.7/site-packages/airflow/example_dags/example_short_circuit_decorator.py
[2023-09-13T08:05:09.948+0000] {logging_mixin.py:149} INFO - [2023-09-13T08:05:09.948+0000] {dag.py:2726} INFO - Sync 1 DAGs
[2023-09-13T08:05:10.068+0000] {logging_mixin.py:149} INFO - [2023-09-13T08:05:10.058+0000] {dag.py:3490} INFO - Setting next_dagrun for example_short_circuit_decorator to 2023-09-12T08:05:10.057895+00:00, run_after=2023-09-13T08:05:10.057895+00:00
[2023-09-13T08:05:10.191+0000] {processor.py:178} INFO - Processing /home/airflow/.local/lib/python3.7/site-packages/airflow/example_dags/example_short_circuit_decorator.py took 0.391 seconds
[2023-09-13T08:05:43.166+0000] {processor.py:156} INFO - Started process (PID=846) to work on /home/airflow/.local/lib/python3.7/site-packages/airflow/example_dags/example_short_circuit_decorator.py
[2023-09-13T08:05:43.183+0000] {processor.py:799} INFO - Processing file /home/airflow/.local/lib/python3.7/site-packages/airflow/example_dags/example_short_circuit_decorator.py for tasks to queue
[2023-09-13T08:05:43.209+0000] {logging_mixin.py:149} INFO - [2023-09-13T08:05:43.209+0000] {dagbag.py:541} INFO - Filling up the DagBag from /home/airflow/.local/lib/python3.7/site-packages/airflow/example_dags/example_short_circuit_decorator.py
[2023-09-13T08:05:43.294+0000] {processor.py:809} INFO - DAG(s) dict_keys(['example_short_circuit_decorator']) retrieved from /home/airflow/.local/lib/python3.7/site-packages/airflow/example_dags/example_short_circuit_decorator.py
[2023-09-13T08:05:43.533+0000] {logging_mixin.py:149} INFO - [2023-09-13T08:05:43.532+0000] {dag.py:2726} INFO - Sync 1 DAGs
[2023-09-13T08:05:43.761+0000] {logging_mixin.py:149} INFO - [2023-09-13T08:05:43.760+0000] {dag.py:3490} INFO - Setting next_dagrun for example_short_circuit_decorator to 2023-09-12T08:05:43.759924+00:00, run_after=2023-09-13T08:05:43.759924+00:00
[2023-09-13T08:05:43.921+0000] {processor.py:178} INFO - Processing /home/airflow/.local/lib/python3.7/site-packages/airflow/example_dags/example_short_circuit_decorator.py took 0.774 seconds
[2023-09-13T08:06:14.293+0000] {processor.py:156} INFO - Started process (PID=906) to work on /home/airflow/.local/lib/python3.7/site-packages/airflow/example_dags/example_short_circuit_decorator.py
[2023-09-13T08:06:14.297+0000] {processor.py:799} INFO - Processing file /home/airflow/.local/lib/python3.7/site-packages/airflow/example_dags/example_short_circuit_decorator.py for tasks to queue
[2023-09-13T08:06:14.308+0000] {logging_mixin.py:149} INFO - [2023-09-13T08:06:14.307+0000] {dagbag.py:541} INFO - Filling up the DagBag from /home/airflow/.local/lib/python3.7/site-packages/airflow/example_dags/example_short_circuit_decorator.py
[2023-09-13T08:06:14.353+0000] {processor.py:809} INFO - DAG(s) dict_keys(['example_short_circuit_decorator']) retrieved from /home/airflow/.local/lib/python3.7/site-packages/airflow/example_dags/example_short_circuit_decorator.py
[2023-09-13T08:06:14.499+0000] {logging_mixin.py:149} INFO - [2023-09-13T08:06:14.499+0000] {dag.py:2726} INFO - Sync 1 DAGs
[2023-09-13T08:06:14.620+0000] {logging_mixin.py:149} INFO - [2023-09-13T08:06:14.619+0000] {dag.py:3490} INFO - Setting next_dagrun for example_short_circuit_decorator to 2023-09-12T08:06:14.618876+00:00, run_after=2023-09-13T08:06:14.618876+00:00
[2023-09-13T08:06:14.721+0000] {processor.py:178} INFO - Processing /home/airflow/.local/lib/python3.7/site-packages/airflow/example_dags/example_short_circuit_decorator.py took 0.446 seconds
[2023-09-13T08:06:44.893+0000] {processor.py:156} INFO - Started process (PID=966) to work on /home/airflow/.local/lib/python3.7/site-packages/airflow/example_dags/example_short_circuit_decorator.py
[2023-09-13T08:06:44.896+0000] {processor.py:799} INFO - Processing file /home/airflow/.local/lib/python3.7/site-packages/airflow/example_dags/example_short_circuit_decorator.py for tasks to queue
[2023-09-13T08:06:44.903+0000] {logging_mixin.py:149} INFO - [2023-09-13T08:06:44.902+0000] {dagbag.py:541} INFO - Filling up the DagBag from /home/airflow/.local/lib/python3.7/site-packages/airflow/example_dags/example_short_circuit_decorator.py
[2023-09-13T08:06:44.956+0000] {processor.py:809} INFO - DAG(s) dict_keys(['example_short_circuit_decorator']) retrieved from /home/airflow/.local/lib/python3.7/site-packages/airflow/example_dags/example_short_circuit_decorator.py
[2023-09-13T08:06:45.115+0000] {logging_mixin.py:149} INFO - [2023-09-13T08:06:45.114+0000] {dag.py:2726} INFO - Sync 1 DAGs
[2023-09-13T08:06:45.243+0000] {logging_mixin.py:149} INFO - [2023-09-13T08:06:45.242+0000] {dag.py:3490} INFO - Setting next_dagrun for example_short_circuit_decorator to 2023-09-12T08:06:45.227640+00:00, run_after=2023-09-13T08:06:45.227640+00:00
[2023-09-13T08:06:45.347+0000] {processor.py:178} INFO - Processing /home/airflow/.local/lib/python3.7/site-packages/airflow/example_dags/example_short_circuit_decorator.py took 0.464 seconds
[2023-09-13T08:07:15.570+0000] {processor.py:156} INFO - Started process (PID=1026) to work on /home/airflow/.local/lib/python3.7/site-packages/airflow/example_dags/example_short_circuit_decorator.py
[2023-09-13T08:07:15.573+0000] {processor.py:799} INFO - Processing file /home/airflow/.local/lib/python3.7/site-packages/airflow/example_dags/example_short_circuit_decorator.py for tasks to queue
[2023-09-13T08:07:15.575+0000] {logging_mixin.py:149} INFO - [2023-09-13T08:07:15.575+0000] {dagbag.py:541} INFO - Filling up the DagBag from /home/airflow/.local/lib/python3.7/site-packages/airflow/example_dags/example_short_circuit_decorator.py
[2023-09-13T08:07:15.604+0000] {processor.py:809} INFO - DAG(s) dict_keys(['example_short_circuit_decorator']) retrieved from /home/airflow/.local/lib/python3.7/site-packages/airflow/example_dags/example_short_circuit_decorator.py
[2023-09-13T08:07:15.729+0000] {logging_mixin.py:149} INFO - [2023-09-13T08:07:15.728+0000] {dag.py:2726} INFO - Sync 1 DAGs
[2023-09-13T08:07:15.847+0000] {logging_mixin.py:149} INFO - [2023-09-13T08:07:15.847+0000] {dag.py:3490} INFO - Setting next_dagrun for example_short_circuit_decorator to 2023-09-12T08:07:15.846477+00:00, run_after=2023-09-13T08:07:15.846477+00:00
[2023-09-13T08:07:15.944+0000] {processor.py:178} INFO - Processing /home/airflow/.local/lib/python3.7/site-packages/airflow/example_dags/example_short_circuit_decorator.py took 0.382 seconds
[2023-09-13T08:07:46.421+0000] {processor.py:156} INFO - Started process (PID=1086) to work on /home/airflow/.local/lib/python3.7/site-packages/airflow/example_dags/example_short_circuit_decorator.py
[2023-09-13T08:07:46.424+0000] {processor.py:799} INFO - Processing file /home/airflow/.local/lib/python3.7/site-packages/airflow/example_dags/example_short_circuit_decorator.py for tasks to queue
[2023-09-13T08:07:46.427+0000] {logging_mixin.py:149} INFO - [2023-09-13T08:07:46.427+0000] {dagbag.py:541} INFO - Filling up the DagBag from /home/airflow/.local/lib/python3.7/site-packages/airflow/example_dags/example_short_circuit_decorator.py
[2023-09-13T08:07:46.449+0000] {processor.py:809} INFO - DAG(s) dict_keys(['example_short_circuit_decorator']) retrieved from /home/airflow/.local/lib/python3.7/site-packages/airflow/example_dags/example_short_circuit_decorator.py
[2023-09-13T08:07:46.515+0000] {logging_mixin.py:149} INFO - [2023-09-13T08:07:46.515+0000] {dag.py:2726} INFO - Sync 1 DAGs
[2023-09-13T08:07:46.590+0000] {logging_mixin.py:149} INFO - [2023-09-13T08:07:46.590+0000] {dag.py:3490} INFO - Setting next_dagrun for example_short_circuit_decorator to 2023-09-12T08:07:46.589477+00:00, run_after=2023-09-13T08:07:46.589477+00:00
[2023-09-13T08:07:46.643+0000] {processor.py:178} INFO - Processing /home/airflow/.local/lib/python3.7/site-packages/airflow/example_dags/example_short_circuit_decorator.py took 0.229 seconds
[2023-09-13T08:08:17.358+0000] {processor.py:156} INFO - Started process (PID=1146) to work on /home/airflow/.local/lib/python3.7/site-packages/airflow/example_dags/example_short_circuit_decorator.py
[2023-09-13T08:08:17.362+0000] {processor.py:799} INFO - Processing file /home/airflow/.local/lib/python3.7/site-packages/airflow/example_dags/example_short_circuit_decorator.py for tasks to queue
[2023-09-13T08:08:17.365+0000] {logging_mixin.py:149} INFO - [2023-09-13T08:08:17.365+0000] {dagbag.py:541} INFO - Filling up the DagBag from /home/airflow/.local/lib/python3.7/site-packages/airflow/example_dags/example_short_circuit_decorator.py
[2023-09-13T08:08:17.395+0000] {processor.py:809} INFO - DAG(s) dict_keys(['example_short_circuit_decorator']) retrieved from /home/airflow/.local/lib/python3.7/site-packages/airflow/example_dags/example_short_circuit_decorator.py
[2023-09-13T08:08:17.477+0000] {logging_mixin.py:149} INFO - [2023-09-13T08:08:17.476+0000] {dag.py:2726} INFO - Sync 1 DAGs
[2023-09-13T08:08:17.559+0000] {logging_mixin.py:149} INFO - [2023-09-13T08:08:17.559+0000] {dag.py:3490} INFO - Setting next_dagrun for example_short_circuit_decorator to 2023-09-12T08:08:17.558862+00:00, run_after=2023-09-13T08:08:17.558862+00:00
[2023-09-13T08:08:17.627+0000] {processor.py:178} INFO - Processing /home/airflow/.local/lib/python3.7/site-packages/airflow/example_dags/example_short_circuit_decorator.py took 0.278 seconds
[2023-09-13T08:08:47.880+0000] {processor.py:156} INFO - Started process (PID=1206) to work on /home/airflow/.local/lib/python3.7/site-packages/airflow/example_dags/example_short_circuit_decorator.py
[2023-09-13T08:08:47.883+0000] {processor.py:799} INFO - Processing file /home/airflow/.local/lib/python3.7/site-packages/airflow/example_dags/example_short_circuit_decorator.py for tasks to queue
[2023-09-13T08:08:47.886+0000] {logging_mixin.py:149} INFO - [2023-09-13T08:08:47.886+0000] {dagbag.py:541} INFO - Filling up the DagBag from /home/airflow/.local/lib/python3.7/site-packages/airflow/example_dags/example_short_circuit_decorator.py
[2023-09-13T08:08:47.919+0000] {processor.py:809} INFO - DAG(s) dict_keys(['example_short_circuit_decorator']) retrieved from /home/airflow/.local/lib/python3.7/site-packages/airflow/example_dags/example_short_circuit_decorator.py
[2023-09-13T08:08:47.997+0000] {logging_mixin.py:149} INFO - [2023-09-13T08:08:47.996+0000] {dag.py:2726} INFO - Sync 1 DAGs
[2023-09-13T08:08:48.081+0000] {logging_mixin.py:149} INFO - [2023-09-13T08:08:48.081+0000] {dag.py:3490} INFO - Setting next_dagrun for example_short_circuit_decorator to 2023-09-12T08:08:48.080627+00:00, run_after=2023-09-13T08:08:48.080627+00:00
[2023-09-13T08:08:48.161+0000] {processor.py:178} INFO - Processing /home/airflow/.local/lib/python3.7/site-packages/airflow/example_dags/example_short_circuit_decorator.py took 0.296 seconds
[2023-09-13T08:09:18.589+0000] {processor.py:156} INFO - Started process (PID=1266) to work on /home/airflow/.local/lib/python3.7/site-packages/airflow/example_dags/example_short_circuit_decorator.py
[2023-09-13T08:09:18.591+0000] {processor.py:799} INFO - Processing file /home/airflow/.local/lib/python3.7/site-packages/airflow/example_dags/example_short_circuit_decorator.py for tasks to queue
[2023-09-13T08:09:18.594+0000] {logging_mixin.py:149} INFO - [2023-09-13T08:09:18.593+0000] {dagbag.py:541} INFO - Filling up the DagBag from /home/airflow/.local/lib/python3.7/site-packages/airflow/example_dags/example_short_circuit_decorator.py
[2023-09-13T08:09:18.615+0000] {processor.py:809} INFO - DAG(s) dict_keys(['example_short_circuit_decorator']) retrieved from /home/airflow/.local/lib/python3.7/site-packages/airflow/example_dags/example_short_circuit_decorator.py
[2023-09-13T08:09:18.674+0000] {logging_mixin.py:149} INFO - [2023-09-13T08:09:18.674+0000] {dag.py:2726} INFO - Sync 1 DAGs
[2023-09-13T08:09:18.726+0000] {logging_mixin.py:149} INFO - [2023-09-13T08:09:18.725+0000] {dag.py:3490} INFO - Setting next_dagrun for example_short_circuit_decorator to 2023-09-12T08:09:18.725352+00:00, run_after=2023-09-13T08:09:18.725352+00:00
[2023-09-13T08:09:18.779+0000] {processor.py:178} INFO - Processing /home/airflow/.local/lib/python3.7/site-packages/airflow/example_dags/example_short_circuit_decorator.py took 0.197 seconds
[2023-09-13T08:09:49.014+0000] {processor.py:156} INFO - Started process (PID=1326) to work on /home/airflow/.local/lib/python3.7/site-packages/airflow/example_dags/example_short_circuit_decorator.py
[2023-09-13T08:09:49.017+0000] {processor.py:799} INFO - Processing file /home/airflow/.local/lib/python3.7/site-packages/airflow/example_dags/example_short_circuit_decorator.py for tasks to queue
[2023-09-13T08:09:49.020+0000] {logging_mixin.py:149} INFO - [2023-09-13T08:09:49.020+0000] {dagbag.py:541} INFO - Filling up the DagBag from /home/airflow/.local/lib/python3.7/site-packages/airflow/example_dags/example_short_circuit_decorator.py
[2023-09-13T08:09:49.051+0000] {processor.py:809} INFO - DAG(s) dict_keys(['example_short_circuit_decorator']) retrieved from /home/airflow/.local/lib/python3.7/site-packages/airflow/example_dags/example_short_circuit_decorator.py
[2023-09-13T08:09:49.121+0000] {logging_mixin.py:149} INFO - [2023-09-13T08:09:49.121+0000] {dag.py:2726} INFO - Sync 1 DAGs
[2023-09-13T08:09:49.192+0000] {logging_mixin.py:149} INFO - [2023-09-13T08:09:49.192+0000] {dag.py:3490} INFO - Setting next_dagrun for example_short_circuit_decorator to 2023-09-12T08:09:49.191967+00:00, run_after=2023-09-13T08:09:49.191967+00:00
[2023-09-13T08:09:49.243+0000] {processor.py:178} INFO - Processing /home/airflow/.local/lib/python3.7/site-packages/airflow/example_dags/example_short_circuit_decorator.py took 0.239 seconds
[2023-09-13T08:10:19.567+0000] {processor.py:156} INFO - Started process (PID=1386) to work on /home/airflow/.local/lib/python3.7/site-packages/airflow/example_dags/example_short_circuit_decorator.py
[2023-09-13T08:10:19.569+0000] {processor.py:799} INFO - Processing file /home/airflow/.local/lib/python3.7/site-packages/airflow/example_dags/example_short_circuit_decorator.py for tasks to queue
[2023-09-13T08:10:19.572+0000] {logging_mixin.py:149} INFO - [2023-09-13T08:10:19.572+0000] {dagbag.py:541} INFO - Filling up the DagBag from /home/airflow/.local/lib/python3.7/site-packages/airflow/example_dags/example_short_circuit_decorator.py
[2023-09-13T08:10:19.604+0000] {processor.py:809} INFO - DAG(s) dict_keys(['example_short_circuit_decorator']) retrieved from /home/airflow/.local/lib/python3.7/site-packages/airflow/example_dags/example_short_circuit_decorator.py
[2023-09-13T08:10:19.670+0000] {logging_mixin.py:149} INFO - [2023-09-13T08:10:19.670+0000] {dag.py:2726} INFO - Sync 1 DAGs
[2023-09-13T08:10:19.738+0000] {logging_mixin.py:149} INFO - [2023-09-13T08:10:19.737+0000] {dag.py:3490} INFO - Setting next_dagrun for example_short_circuit_decorator to 2023-09-12T08:10:19.737166+00:00, run_after=2023-09-13T08:10:19.737166+00:00
[2023-09-13T08:10:19.784+0000] {processor.py:178} INFO - Processing /home/airflow/.local/lib/python3.7/site-packages/airflow/example_dags/example_short_circuit_decorator.py took 0.226 seconds
[2023-09-13T08:10:50.642+0000] {processor.py:156} INFO - Started process (PID=1447) to work on /home/airflow/.local/lib/python3.7/site-packages/airflow/example_dags/example_short_circuit_decorator.py
[2023-09-13T08:10:50.645+0000] {processor.py:799} INFO - Processing file /home/airflow/.local/lib/python3.7/site-packages/airflow/example_dags/example_short_circuit_decorator.py for tasks to queue
[2023-09-13T08:10:50.648+0000] {logging_mixin.py:149} INFO - [2023-09-13T08:10:50.647+0000] {dagbag.py:541} INFO - Filling up the DagBag from /home/airflow/.local/lib/python3.7/site-packages/airflow/example_dags/example_short_circuit_decorator.py
[2023-09-13T08:10:50.677+0000] {processor.py:809} INFO - DAG(s) dict_keys(['example_short_circuit_decorator']) retrieved from /home/airflow/.local/lib/python3.7/site-packages/airflow/example_dags/example_short_circuit_decorator.py
[2023-09-13T08:10:50.742+0000] {logging_mixin.py:149} INFO - [2023-09-13T08:10:50.741+0000] {dag.py:2726} INFO - Sync 1 DAGs
[2023-09-13T08:10:50.828+0000] {logging_mixin.py:149} INFO - [2023-09-13T08:10:50.827+0000] {dag.py:3490} INFO - Setting next_dagrun for example_short_circuit_decorator to 2023-09-12T08:10:50.827307+00:00, run_after=2023-09-13T08:10:50.827307+00:00
[2023-09-13T08:10:50.899+0000] {processor.py:178} INFO - Processing /home/airflow/.local/lib/python3.7/site-packages/airflow/example_dags/example_short_circuit_decorator.py took 0.265 seconds
[2023-09-13T08:11:21.224+0000] {processor.py:156} INFO - Started process (PID=1507) to work on /home/airflow/.local/lib/python3.7/site-packages/airflow/example_dags/example_short_circuit_decorator.py
[2023-09-13T08:11:21.227+0000] {processor.py:799} INFO - Processing file /home/airflow/.local/lib/python3.7/site-packages/airflow/example_dags/example_short_circuit_decorator.py for tasks to queue
[2023-09-13T08:11:21.230+0000] {logging_mixin.py:149} INFO - [2023-09-13T08:11:21.230+0000] {dagbag.py:541} INFO - Filling up the DagBag from /home/airflow/.local/lib/python3.7/site-packages/airflow/example_dags/example_short_circuit_decorator.py
[2023-09-13T08:11:21.258+0000] {processor.py:809} INFO - DAG(s) dict_keys(['example_short_circuit_decorator']) retrieved from /home/airflow/.local/lib/python3.7/site-packages/airflow/example_dags/example_short_circuit_decorator.py
[2023-09-13T08:11:21.399+0000] {logging_mixin.py:149} INFO - [2023-09-13T08:11:21.398+0000] {dag.py:2726} INFO - Sync 1 DAGs
[2023-09-13T08:11:21.512+0000] {logging_mixin.py:149} INFO - [2023-09-13T08:11:21.512+0000] {dag.py:3490} INFO - Setting next_dagrun for example_short_circuit_decorator to 2023-09-12T08:11:21.511818+00:00, run_after=2023-09-13T08:11:21.511818+00:00
[2023-09-13T08:11:21.577+0000] {processor.py:178} INFO - Processing /home/airflow/.local/lib/python3.7/site-packages/airflow/example_dags/example_short_circuit_decorator.py took 0.363 seconds
[2023-09-13T08:11:51.993+0000] {processor.py:156} INFO - Started process (PID=1567) to work on /home/airflow/.local/lib/python3.7/site-packages/airflow/example_dags/example_short_circuit_decorator.py
[2023-09-13T08:11:51.996+0000] {processor.py:799} INFO - Processing file /home/airflow/.local/lib/python3.7/site-packages/airflow/example_dags/example_short_circuit_decorator.py for tasks to queue
[2023-09-13T08:11:51.998+0000] {logging_mixin.py:149} INFO - [2023-09-13T08:11:51.998+0000] {dagbag.py:541} INFO - Filling up the DagBag from /home/airflow/.local/lib/python3.7/site-packages/airflow/example_dags/example_short_circuit_decorator.py
[2023-09-13T08:11:52.027+0000] {processor.py:809} INFO - DAG(s) dict_keys(['example_short_circuit_decorator']) retrieved from /home/airflow/.local/lib/python3.7/site-packages/airflow/example_dags/example_short_circuit_decorator.py
[2023-09-13T08:11:52.085+0000] {logging_mixin.py:149} INFO - [2023-09-13T08:11:52.085+0000] {dag.py:2726} INFO - Sync 1 DAGs
[2023-09-13T08:11:52.158+0000] {logging_mixin.py:149} INFO - [2023-09-13T08:11:52.158+0000] {dag.py:3490} INFO - Setting next_dagrun for example_short_circuit_decorator to 2023-09-12T08:11:52.157715+00:00, run_after=2023-09-13T08:11:52.157715+00:00
[2023-09-13T08:11:52.212+0000] {processor.py:178} INFO - Processing /home/airflow/.local/lib/python3.7/site-packages/airflow/example_dags/example_short_circuit_decorator.py took 0.225 seconds
[2023-09-13T08:12:22.725+0000] {processor.py:156} INFO - Started process (PID=1627) to work on /home/airflow/.local/lib/python3.7/site-packages/airflow/example_dags/example_short_circuit_decorator.py
[2023-09-13T08:12:22.727+0000] {processor.py:799} INFO - Processing file /home/airflow/.local/lib/python3.7/site-packages/airflow/example_dags/example_short_circuit_decorator.py for tasks to queue
[2023-09-13T08:12:22.730+0000] {logging_mixin.py:149} INFO - [2023-09-13T08:12:22.729+0000] {dagbag.py:541} INFO - Filling up the DagBag from /home/airflow/.local/lib/python3.7/site-packages/airflow/example_dags/example_short_circuit_decorator.py
[2023-09-13T08:12:22.750+0000] {processor.py:809} INFO - DAG(s) dict_keys(['example_short_circuit_decorator']) retrieved from /home/airflow/.local/lib/python3.7/site-packages/airflow/example_dags/example_short_circuit_decorator.py
[2023-09-13T08:12:22.810+0000] {logging_mixin.py:149} INFO - [2023-09-13T08:12:22.810+0000] {dag.py:2726} INFO - Sync 1 DAGs
[2023-09-13T08:12:22.871+0000] {logging_mixin.py:149} INFO - [2023-09-13T08:12:22.871+0000] {dag.py:3490} INFO - Setting next_dagrun for example_short_circuit_decorator to 2023-09-12T08:12:22.870679+00:00, run_after=2023-09-13T08:12:22.870679+00:00
[2023-09-13T08:12:22.917+0000] {processor.py:178} INFO - Processing /home/airflow/.local/lib/python3.7/site-packages/airflow/example_dags/example_short_circuit_decorator.py took 0.198 seconds
[2023-09-13T08:12:53.467+0000] {processor.py:156} INFO - Started process (PID=1687) to work on /home/airflow/.local/lib/python3.7/site-packages/airflow/example_dags/example_short_circuit_decorator.py
[2023-09-13T08:12:53.472+0000] {processor.py:799} INFO - Processing file /home/airflow/.local/lib/python3.7/site-packages/airflow/example_dags/example_short_circuit_decorator.py for tasks to queue
[2023-09-13T08:12:53.476+0000] {logging_mixin.py:149} INFO - [2023-09-13T08:12:53.475+0000] {dagbag.py:541} INFO - Filling up the DagBag from /home/airflow/.local/lib/python3.7/site-packages/airflow/example_dags/example_short_circuit_decorator.py
[2023-09-13T08:12:53.518+0000] {processor.py:809} INFO - DAG(s) dict_keys(['example_short_circuit_decorator']) retrieved from /home/airflow/.local/lib/python3.7/site-packages/airflow/example_dags/example_short_circuit_decorator.py
[2023-09-13T08:12:53.604+0000] {logging_mixin.py:149} INFO - [2023-09-13T08:12:53.603+0000] {dag.py:2726} INFO - Sync 1 DAGs
[2023-09-13T08:12:53.670+0000] {logging_mixin.py:149} INFO - [2023-09-13T08:12:53.670+0000] {dag.py:3490} INFO - Setting next_dagrun for example_short_circuit_decorator to 2023-09-12T08:12:53.669478+00:00, run_after=2023-09-13T08:12:53.669478+00:00
[2023-09-13T08:12:53.738+0000] {processor.py:178} INFO - Processing /home/airflow/.local/lib/python3.7/site-packages/airflow/example_dags/example_short_circuit_decorator.py took 0.280 seconds
[2023-09-13T09:26:10.222+0000] {processor.py:156} INFO - Started process (PID=51) to work on /home/airflow/.local/lib/python3.7/site-packages/airflow/example_dags/example_short_circuit_decorator.py
[2023-09-13T09:26:10.223+0000] {processor.py:799} INFO - Processing file /home/airflow/.local/lib/python3.7/site-packages/airflow/example_dags/example_short_circuit_decorator.py for tasks to queue
[2023-09-13T09:26:10.225+0000] {logging_mixin.py:149} INFO - [2023-09-13T09:26:10.224+0000] {dagbag.py:541} INFO - Filling up the DagBag from /home/airflow/.local/lib/python3.7/site-packages/airflow/example_dags/example_short_circuit_decorator.py
[2023-09-13T09:26:10.239+0000] {processor.py:809} INFO - DAG(s) dict_keys(['example_short_circuit_decorator']) retrieved from /home/airflow/.local/lib/python3.7/site-packages/airflow/example_dags/example_short_circuit_decorator.py
[2023-09-13T09:26:10.284+0000] {logging_mixin.py:149} INFO - [2023-09-13T09:26:10.284+0000] {dag.py:2726} INFO - Sync 1 DAGs
[2023-09-13T09:26:10.321+0000] {logging_mixin.py:149} INFO - [2023-09-13T09:26:10.320+0000] {dag.py:3490} INFO - Setting next_dagrun for example_short_circuit_decorator to 2023-09-12T09:26:10.320513+00:00, run_after=2023-09-13T09:26:10.320513+00:00
[2023-09-13T09:26:10.349+0000] {processor.py:178} INFO - Processing /home/airflow/.local/lib/python3.7/site-packages/airflow/example_dags/example_short_circuit_decorator.py took 0.131 seconds
