[2023-09-13T07:58:55.947+0000] {processor.py:156} INFO - Started process (PID=69) to work on /home/airflow/.local/lib/python3.7/site-packages/airflow/example_dags/example_task_group_decorator.py
[2023-09-13T07:58:55.952+0000] {processor.py:799} INFO - Processing file /home/airflow/.local/lib/python3.7/site-packages/airflow/example_dags/example_task_group_decorator.py for tasks to queue
[2023-09-13T07:58:55.956+0000] {logging_mixin.py:149} INFO - [2023-09-13T07:58:55.956+0000] {dagbag.py:541} INFO - Filling up the DagBag from /home/airflow/.local/lib/python3.7/site-packages/airflow/example_dags/example_task_group_decorator.py
[2023-09-13T07:58:56.040+0000] {processor.py:809} INFO - DAG(s) dict_keys(['example_task_group_decorator']) retrieved from /home/airflow/.local/lib/python3.7/site-packages/airflow/example_dags/example_task_group_decorator.py
[2023-09-13T07:58:56.175+0000] {logging_mixin.py:149} INFO - [2023-09-13T07:58:56.174+0000] {dag.py:2726} INFO - Sync 1 DAGs
[2023-09-13T07:58:56.260+0000] {logging_mixin.py:149} INFO - [2023-09-13T07:58:56.259+0000] {dag.py:3490} INFO - Setting next_dagrun for example_task_group_decorator to 2023-09-12T07:58:56.259177+00:00, run_after=2023-09-13T07:58:56.259177+00:00
[2023-09-13T07:58:56.318+0000] {processor.py:178} INFO - Processing /home/airflow/.local/lib/python3.7/site-packages/airflow/example_dags/example_task_group_decorator.py took 0.381 seconds
[2023-09-13T07:59:26.602+0000] {processor.py:156} INFO - Started process (PID=129) to work on /home/airflow/.local/lib/python3.7/site-packages/airflow/example_dags/example_task_group_decorator.py
[2023-09-13T07:59:26.606+0000] {processor.py:799} INFO - Processing file /home/airflow/.local/lib/python3.7/site-packages/airflow/example_dags/example_task_group_decorator.py for tasks to queue
[2023-09-13T07:59:26.609+0000] {logging_mixin.py:149} INFO - [2023-09-13T07:59:26.608+0000] {dagbag.py:541} INFO - Filling up the DagBag from /home/airflow/.local/lib/python3.7/site-packages/airflow/example_dags/example_task_group_decorator.py
[2023-09-13T07:59:26.638+0000] {processor.py:809} INFO - DAG(s) dict_keys(['example_task_group_decorator']) retrieved from /home/airflow/.local/lib/python3.7/site-packages/airflow/example_dags/example_task_group_decorator.py
[2023-09-13T07:59:26.704+0000] {logging_mixin.py:149} INFO - [2023-09-13T07:59:26.704+0000] {dag.py:2726} INFO - Sync 1 DAGs
[2023-09-13T07:59:26.748+0000] {logging_mixin.py:149} INFO - [2023-09-13T07:59:26.748+0000] {dag.py:3490} INFO - Setting next_dagrun for example_task_group_decorator to 2023-09-12T07:59:26.748280+00:00, run_after=2023-09-13T07:59:26.748280+00:00
[2023-09-13T07:59:26.788+0000] {processor.py:178} INFO - Processing /home/airflow/.local/lib/python3.7/site-packages/airflow/example_dags/example_task_group_decorator.py took 0.194 seconds
[2023-09-13T07:59:59.614+0000] {processor.py:156} INFO - Started process (PID=189) to work on /home/airflow/.local/lib/python3.7/site-packages/airflow/example_dags/example_task_group_decorator.py
[2023-09-13T07:59:59.616+0000] {processor.py:799} INFO - Processing file /home/airflow/.local/lib/python3.7/site-packages/airflow/example_dags/example_task_group_decorator.py for tasks to queue
[2023-09-13T07:59:59.619+0000] {logging_mixin.py:149} INFO - [2023-09-13T07:59:59.619+0000] {dagbag.py:541} INFO - Filling up the DagBag from /home/airflow/.local/lib/python3.7/site-packages/airflow/example_dags/example_task_group_decorator.py
[2023-09-13T07:59:59.655+0000] {processor.py:809} INFO - DAG(s) dict_keys(['example_task_group_decorator']) retrieved from /home/airflow/.local/lib/python3.7/site-packages/airflow/example_dags/example_task_group_decorator.py
[2023-09-13T07:59:59.741+0000] {logging_mixin.py:149} INFO - [2023-09-13T07:59:59.741+0000] {dag.py:2726} INFO - Sync 1 DAGs
[2023-09-13T07:59:59.977+0000] {logging_mixin.py:149} INFO - [2023-09-13T07:59:59.977+0000] {dag.py:3490} INFO - Setting next_dagrun for example_task_group_decorator to 2023-09-12T07:59:59.976934+00:00, run_after=2023-09-13T07:59:59.976934+00:00
[2023-09-13T08:00:00.032+0000] {processor.py:178} INFO - Processing /home/airflow/.local/lib/python3.7/site-packages/airflow/example_dags/example_task_group_decorator.py took 0.424 seconds
[2023-09-13T08:00:30.707+0000] {processor.py:156} INFO - Started process (PID=249) to work on /home/airflow/.local/lib/python3.7/site-packages/airflow/example_dags/example_task_group_decorator.py
[2023-09-13T08:00:30.710+0000] {processor.py:799} INFO - Processing file /home/airflow/.local/lib/python3.7/site-packages/airflow/example_dags/example_task_group_decorator.py for tasks to queue
[2023-09-13T08:00:30.714+0000] {logging_mixin.py:149} INFO - [2023-09-13T08:00:30.713+0000] {dagbag.py:541} INFO - Filling up the DagBag from /home/airflow/.local/lib/python3.7/site-packages/airflow/example_dags/example_task_group_decorator.py
[2023-09-13T08:00:30.768+0000] {processor.py:809} INFO - DAG(s) dict_keys(['example_task_group_decorator']) retrieved from /home/airflow/.local/lib/python3.7/site-packages/airflow/example_dags/example_task_group_decorator.py
[2023-09-13T08:00:30.874+0000] {logging_mixin.py:149} INFO - [2023-09-13T08:00:30.873+0000] {dag.py:2726} INFO - Sync 1 DAGs
[2023-09-13T08:00:30.958+0000] {logging_mixin.py:149} INFO - [2023-09-13T08:00:30.957+0000] {dag.py:3490} INFO - Setting next_dagrun for example_task_group_decorator to 2023-09-12T08:00:30.957200+00:00, run_after=2023-09-13T08:00:30.957200+00:00
[2023-09-13T08:00:31.064+0000] {processor.py:178} INFO - Processing /home/airflow/.local/lib/python3.7/site-packages/airflow/example_dags/example_task_group_decorator.py took 0.364 seconds
[2023-09-13T08:01:03.711+0000] {processor.py:156} INFO - Started process (PID=309) to work on /home/airflow/.local/lib/python3.7/site-packages/airflow/example_dags/example_task_group_decorator.py
[2023-09-13T08:01:03.716+0000] {processor.py:799} INFO - Processing file /home/airflow/.local/lib/python3.7/site-packages/airflow/example_dags/example_task_group_decorator.py for tasks to queue
[2023-09-13T08:01:03.721+0000] {logging_mixin.py:149} INFO - [2023-09-13T08:01:03.721+0000] {dagbag.py:541} INFO - Filling up the DagBag from /home/airflow/.local/lib/python3.7/site-packages/airflow/example_dags/example_task_group_decorator.py
[2023-09-13T08:01:03.795+0000] {processor.py:809} INFO - DAG(s) dict_keys(['example_task_group_decorator']) retrieved from /home/airflow/.local/lib/python3.7/site-packages/airflow/example_dags/example_task_group_decorator.py
[2023-09-13T08:01:03.974+0000] {logging_mixin.py:149} INFO - [2023-09-13T08:01:03.973+0000] {dag.py:2726} INFO - Sync 1 DAGs
[2023-09-13T08:01:04.127+0000] {logging_mixin.py:149} INFO - [2023-09-13T08:01:04.125+0000] {dag.py:3490} INFO - Setting next_dagrun for example_task_group_decorator to 2023-09-12T08:01:04.122818+00:00, run_after=2023-09-13T08:01:04.122818+00:00
[2023-09-13T08:01:04.219+0000] {processor.py:178} INFO - Processing /home/airflow/.local/lib/python3.7/site-packages/airflow/example_dags/example_task_group_decorator.py took 0.527 seconds
[2023-09-13T08:01:34.892+0000] {processor.py:156} INFO - Started process (PID=369) to work on /home/airflow/.local/lib/python3.7/site-packages/airflow/example_dags/example_task_group_decorator.py
[2023-09-13T08:01:34.914+0000] {processor.py:799} INFO - Processing file /home/airflow/.local/lib/python3.7/site-packages/airflow/example_dags/example_task_group_decorator.py for tasks to queue
[2023-09-13T08:01:34.924+0000] {logging_mixin.py:149} INFO - [2023-09-13T08:01:34.923+0000] {dagbag.py:541} INFO - Filling up the DagBag from /home/airflow/.local/lib/python3.7/site-packages/airflow/example_dags/example_task_group_decorator.py
[2023-09-13T08:01:35.046+0000] {processor.py:809} INFO - DAG(s) dict_keys(['example_task_group_decorator']) retrieved from /home/airflow/.local/lib/python3.7/site-packages/airflow/example_dags/example_task_group_decorator.py
[2023-09-13T08:01:35.268+0000] {logging_mixin.py:149} INFO - [2023-09-13T08:01:35.267+0000] {dag.py:2726} INFO - Sync 1 DAGs
[2023-09-13T08:01:35.479+0000] {logging_mixin.py:149} INFO - [2023-09-13T08:01:35.478+0000] {dag.py:3490} INFO - Setting next_dagrun for example_task_group_decorator to 2023-09-12T08:01:35.477741+00:00, run_after=2023-09-13T08:01:35.477741+00:00
[2023-09-13T08:01:35.652+0000] {processor.py:178} INFO - Processing /home/airflow/.local/lib/python3.7/site-packages/airflow/example_dags/example_task_group_decorator.py took 0.777 seconds
[2023-09-13T08:02:06.111+0000] {processor.py:156} INFO - Started process (PID=429) to work on /home/airflow/.local/lib/python3.7/site-packages/airflow/example_dags/example_task_group_decorator.py
[2023-09-13T08:02:06.113+0000] {processor.py:799} INFO - Processing file /home/airflow/.local/lib/python3.7/site-packages/airflow/example_dags/example_task_group_decorator.py for tasks to queue
[2023-09-13T08:02:06.115+0000] {logging_mixin.py:149} INFO - [2023-09-13T08:02:06.115+0000] {dagbag.py:541} INFO - Filling up the DagBag from /home/airflow/.local/lib/python3.7/site-packages/airflow/example_dags/example_task_group_decorator.py
[2023-09-13T08:02:06.138+0000] {processor.py:809} INFO - DAG(s) dict_keys(['example_task_group_decorator']) retrieved from /home/airflow/.local/lib/python3.7/site-packages/airflow/example_dags/example_task_group_decorator.py
[2023-09-13T08:02:06.189+0000] {logging_mixin.py:149} INFO - [2023-09-13T08:02:06.188+0000] {dag.py:2726} INFO - Sync 1 DAGs
[2023-09-13T08:02:06.229+0000] {logging_mixin.py:149} INFO - [2023-09-13T08:02:06.228+0000] {dag.py:3490} INFO - Setting next_dagrun for example_task_group_decorator to 2023-09-12T08:02:06.228026+00:00, run_after=2023-09-13T08:02:06.228026+00:00
[2023-09-13T08:02:06.269+0000] {processor.py:178} INFO - Processing /home/airflow/.local/lib/python3.7/site-packages/airflow/example_dags/example_task_group_decorator.py took 0.163 seconds
[2023-09-13T08:02:36.887+0000] {processor.py:156} INFO - Started process (PID=489) to work on /home/airflow/.local/lib/python3.7/site-packages/airflow/example_dags/example_task_group_decorator.py
[2023-09-13T08:02:36.919+0000] {processor.py:799} INFO - Processing file /home/airflow/.local/lib/python3.7/site-packages/airflow/example_dags/example_task_group_decorator.py for tasks to queue
[2023-09-13T08:02:36.938+0000] {logging_mixin.py:149} INFO - [2023-09-13T08:02:36.937+0000] {dagbag.py:541} INFO - Filling up the DagBag from /home/airflow/.local/lib/python3.7/site-packages/airflow/example_dags/example_task_group_decorator.py
[2023-09-13T08:02:37.043+0000] {processor.py:809} INFO - DAG(s) dict_keys(['example_task_group_decorator']) retrieved from /home/airflow/.local/lib/python3.7/site-packages/airflow/example_dags/example_task_group_decorator.py
[2023-09-13T08:02:37.133+0000] {logging_mixin.py:149} INFO - [2023-09-13T08:02:37.133+0000] {dag.py:2726} INFO - Sync 1 DAGs
[2023-09-13T08:02:37.197+0000] {logging_mixin.py:149} INFO - [2023-09-13T08:02:37.196+0000] {dag.py:3490} INFO - Setting next_dagrun for example_task_group_decorator to 2023-09-12T08:02:37.196457+00:00, run_after=2023-09-13T08:02:37.196457+00:00
[2023-09-13T08:02:37.243+0000] {processor.py:178} INFO - Processing /home/airflow/.local/lib/python3.7/site-packages/airflow/example_dags/example_task_group_decorator.py took 0.396 seconds
[2023-09-13T08:03:09.639+0000] {processor.py:156} INFO - Started process (PID=549) to work on /home/airflow/.local/lib/python3.7/site-packages/airflow/example_dags/example_task_group_decorator.py
[2023-09-13T08:03:09.644+0000] {processor.py:799} INFO - Processing file /home/airflow/.local/lib/python3.7/site-packages/airflow/example_dags/example_task_group_decorator.py for tasks to queue
[2023-09-13T08:03:09.649+0000] {logging_mixin.py:149} INFO - [2023-09-13T08:03:09.648+0000] {dagbag.py:541} INFO - Filling up the DagBag from /home/airflow/.local/lib/python3.7/site-packages/airflow/example_dags/example_task_group_decorator.py
[2023-09-13T08:03:09.699+0000] {processor.py:809} INFO - DAG(s) dict_keys(['example_task_group_decorator']) retrieved from /home/airflow/.local/lib/python3.7/site-packages/airflow/example_dags/example_task_group_decorator.py
[2023-09-13T08:03:09.799+0000] {logging_mixin.py:149} INFO - [2023-09-13T08:03:09.799+0000] {dag.py:2726} INFO - Sync 1 DAGs
[2023-09-13T08:03:09.912+0000] {logging_mixin.py:149} INFO - [2023-09-13T08:03:09.912+0000] {dag.py:3490} INFO - Setting next_dagrun for example_task_group_decorator to 2023-09-12T08:03:09.911783+00:00, run_after=2023-09-13T08:03:09.911783+00:00
[2023-09-13T08:03:10.017+0000] {processor.py:178} INFO - Processing /home/airflow/.local/lib/python3.7/site-packages/airflow/example_dags/example_task_group_decorator.py took 0.384 seconds
[2023-09-13T08:03:41.278+0000] {processor.py:156} INFO - Started process (PID=609) to work on /home/airflow/.local/lib/python3.7/site-packages/airflow/example_dags/example_task_group_decorator.py
[2023-09-13T08:03:41.284+0000] {processor.py:799} INFO - Processing file /home/airflow/.local/lib/python3.7/site-packages/airflow/example_dags/example_task_group_decorator.py for tasks to queue
[2023-09-13T08:03:41.288+0000] {logging_mixin.py:149} INFO - [2023-09-13T08:03:41.287+0000] {dagbag.py:541} INFO - Filling up the DagBag from /home/airflow/.local/lib/python3.7/site-packages/airflow/example_dags/example_task_group_decorator.py
[2023-09-13T08:03:41.348+0000] {processor.py:809} INFO - DAG(s) dict_keys(['example_task_group_decorator']) retrieved from /home/airflow/.local/lib/python3.7/site-packages/airflow/example_dags/example_task_group_decorator.py
[2023-09-13T08:03:41.511+0000] {logging_mixin.py:149} INFO - [2023-09-13T08:03:41.510+0000] {dag.py:2726} INFO - Sync 1 DAGs
[2023-09-13T08:03:41.634+0000] {logging_mixin.py:149} INFO - [2023-09-13T08:03:41.633+0000] {dag.py:3490} INFO - Setting next_dagrun for example_task_group_decorator to 2023-09-12T08:03:41.633166+00:00, run_after=2023-09-13T08:03:41.633166+00:00
[2023-09-13T08:03:41.765+0000] {processor.py:178} INFO - Processing /home/airflow/.local/lib/python3.7/site-packages/airflow/example_dags/example_task_group_decorator.py took 0.499 seconds
[2023-09-13T08:04:12.957+0000] {processor.py:156} INFO - Started process (PID=677) to work on /home/airflow/.local/lib/python3.7/site-packages/airflow/example_dags/example_task_group_decorator.py
[2023-09-13T08:04:12.970+0000] {processor.py:799} INFO - Processing file /home/airflow/.local/lib/python3.7/site-packages/airflow/example_dags/example_task_group_decorator.py for tasks to queue
[2023-09-13T08:04:12.975+0000] {logging_mixin.py:149} INFO - [2023-09-13T08:04:12.974+0000] {dagbag.py:541} INFO - Filling up the DagBag from /home/airflow/.local/lib/python3.7/site-packages/airflow/example_dags/example_task_group_decorator.py
[2023-09-13T08:04:13.076+0000] {processor.py:809} INFO - DAG(s) dict_keys(['example_task_group_decorator']) retrieved from /home/airflow/.local/lib/python3.7/site-packages/airflow/example_dags/example_task_group_decorator.py
[2023-09-13T08:04:13.239+0000] {logging_mixin.py:149} INFO - [2023-09-13T08:04:13.238+0000] {dag.py:2726} INFO - Sync 1 DAGs
[2023-09-13T08:04:13.337+0000] {logging_mixin.py:149} INFO - [2023-09-13T08:04:13.336+0000] {dag.py:3490} INFO - Setting next_dagrun for example_task_group_decorator to 2023-09-12T08:04:13.336061+00:00, run_after=2023-09-13T08:04:13.336061+00:00
[2023-09-13T08:04:13.434+0000] {processor.py:178} INFO - Processing /home/airflow/.local/lib/python3.7/site-packages/airflow/example_dags/example_task_group_decorator.py took 0.490 seconds
[2023-09-13T08:04:43.842+0000] {processor.py:156} INFO - Started process (PID=737) to work on /home/airflow/.local/lib/python3.7/site-packages/airflow/example_dags/example_task_group_decorator.py
[2023-09-13T08:04:43.845+0000] {processor.py:799} INFO - Processing file /home/airflow/.local/lib/python3.7/site-packages/airflow/example_dags/example_task_group_decorator.py for tasks to queue
[2023-09-13T08:04:43.847+0000] {logging_mixin.py:149} INFO - [2023-09-13T08:04:43.847+0000] {dagbag.py:541} INFO - Filling up the DagBag from /home/airflow/.local/lib/python3.7/site-packages/airflow/example_dags/example_task_group_decorator.py
[2023-09-13T08:04:43.892+0000] {processor.py:809} INFO - DAG(s) dict_keys(['example_task_group_decorator']) retrieved from /home/airflow/.local/lib/python3.7/site-packages/airflow/example_dags/example_task_group_decorator.py
[2023-09-13T08:04:43.967+0000] {logging_mixin.py:149} INFO - [2023-09-13T08:04:43.966+0000] {dag.py:2726} INFO - Sync 1 DAGs
[2023-09-13T08:04:44.029+0000] {logging_mixin.py:149} INFO - [2023-09-13T08:04:44.029+0000] {dag.py:3490} INFO - Setting next_dagrun for example_task_group_decorator to 2023-09-12T08:04:44.029036+00:00, run_after=2023-09-13T08:04:44.029036+00:00
[2023-09-13T08:04:44.081+0000] {processor.py:178} INFO - Processing /home/airflow/.local/lib/python3.7/site-packages/airflow/example_dags/example_task_group_decorator.py took 0.248 seconds
[2023-09-13T08:05:14.292+0000] {processor.py:156} INFO - Started process (PID=798) to work on /home/airflow/.local/lib/python3.7/site-packages/airflow/example_dags/example_task_group_decorator.py
[2023-09-13T08:05:14.294+0000] {processor.py:799} INFO - Processing file /home/airflow/.local/lib/python3.7/site-packages/airflow/example_dags/example_task_group_decorator.py for tasks to queue
[2023-09-13T08:05:14.297+0000] {logging_mixin.py:149} INFO - [2023-09-13T08:05:14.297+0000] {dagbag.py:541} INFO - Filling up the DagBag from /home/airflow/.local/lib/python3.7/site-packages/airflow/example_dags/example_task_group_decorator.py
[2023-09-13T08:05:14.337+0000] {processor.py:809} INFO - DAG(s) dict_keys(['example_task_group_decorator']) retrieved from /home/airflow/.local/lib/python3.7/site-packages/airflow/example_dags/example_task_group_decorator.py
[2023-09-13T08:05:14.386+0000] {logging_mixin.py:149} INFO - [2023-09-13T08:05:14.385+0000] {dag.py:2726} INFO - Sync 1 DAGs
[2023-09-13T08:05:14.437+0000] {logging_mixin.py:149} INFO - [2023-09-13T08:05:14.437+0000] {dag.py:3490} INFO - Setting next_dagrun for example_task_group_decorator to 2023-09-12T08:05:14.437335+00:00, run_after=2023-09-13T08:05:14.437335+00:00
[2023-09-13T08:05:14.497+0000] {processor.py:178} INFO - Processing /home/airflow/.local/lib/python3.7/site-packages/airflow/example_dags/example_task_group_decorator.py took 0.208 seconds
[2023-09-13T08:05:50.083+0000] {processor.py:156} INFO - Started process (PID=858) to work on /home/airflow/.local/lib/python3.7/site-packages/airflow/example_dags/example_task_group_decorator.py
[2023-09-13T08:05:50.086+0000] {processor.py:799} INFO - Processing file /home/airflow/.local/lib/python3.7/site-packages/airflow/example_dags/example_task_group_decorator.py for tasks to queue
[2023-09-13T08:05:50.091+0000] {logging_mixin.py:149} INFO - [2023-09-13T08:05:50.090+0000] {dagbag.py:541} INFO - Filling up the DagBag from /home/airflow/.local/lib/python3.7/site-packages/airflow/example_dags/example_task_group_decorator.py
[2023-09-13T08:05:50.197+0000] {processor.py:809} INFO - DAG(s) dict_keys(['example_task_group_decorator']) retrieved from /home/airflow/.local/lib/python3.7/site-packages/airflow/example_dags/example_task_group_decorator.py
[2023-09-13T08:05:50.411+0000] {logging_mixin.py:149} INFO - [2023-09-13T08:05:50.411+0000] {dag.py:2726} INFO - Sync 1 DAGs
[2023-09-13T08:05:50.612+0000] {logging_mixin.py:149} INFO - [2023-09-13T08:05:50.612+0000] {dag.py:3490} INFO - Setting next_dagrun for example_task_group_decorator to 2023-09-12T08:05:50.611256+00:00, run_after=2023-09-13T08:05:50.611256+00:00
[2023-09-13T08:05:50.757+0000] {processor.py:178} INFO - Processing /home/airflow/.local/lib/python3.7/site-packages/airflow/example_dags/example_task_group_decorator.py took 0.693 seconds
[2023-09-13T08:06:21.010+0000] {processor.py:156} INFO - Started process (PID=918) to work on /home/airflow/.local/lib/python3.7/site-packages/airflow/example_dags/example_task_group_decorator.py
[2023-09-13T08:06:21.012+0000] {processor.py:799} INFO - Processing file /home/airflow/.local/lib/python3.7/site-packages/airflow/example_dags/example_task_group_decorator.py for tasks to queue
[2023-09-13T08:06:21.014+0000] {logging_mixin.py:149} INFO - [2023-09-13T08:06:21.014+0000] {dagbag.py:541} INFO - Filling up the DagBag from /home/airflow/.local/lib/python3.7/site-packages/airflow/example_dags/example_task_group_decorator.py
[2023-09-13T08:06:21.040+0000] {processor.py:809} INFO - DAG(s) dict_keys(['example_task_group_decorator']) retrieved from /home/airflow/.local/lib/python3.7/site-packages/airflow/example_dags/example_task_group_decorator.py
[2023-09-13T08:06:21.086+0000] {logging_mixin.py:149} INFO - [2023-09-13T08:06:21.086+0000] {dag.py:2726} INFO - Sync 1 DAGs
[2023-09-13T08:06:21.135+0000] {logging_mixin.py:149} INFO - [2023-09-13T08:06:21.134+0000] {dag.py:3490} INFO - Setting next_dagrun for example_task_group_decorator to 2023-09-12T08:06:21.134361+00:00, run_after=2023-09-13T08:06:21.134361+00:00
[2023-09-13T08:06:21.184+0000] {processor.py:178} INFO - Processing /home/airflow/.local/lib/python3.7/site-packages/airflow/example_dags/example_task_group_decorator.py took 0.183 seconds
[2023-09-13T08:06:51.581+0000] {processor.py:156} INFO - Started process (PID=978) to work on /home/airflow/.local/lib/python3.7/site-packages/airflow/example_dags/example_task_group_decorator.py
[2023-09-13T08:06:51.587+0000] {processor.py:799} INFO - Processing file /home/airflow/.local/lib/python3.7/site-packages/airflow/example_dags/example_task_group_decorator.py for tasks to queue
[2023-09-13T08:06:51.590+0000] {logging_mixin.py:149} INFO - [2023-09-13T08:06:51.590+0000] {dagbag.py:541} INFO - Filling up the DagBag from /home/airflow/.local/lib/python3.7/site-packages/airflow/example_dags/example_task_group_decorator.py
[2023-09-13T08:06:51.634+0000] {processor.py:809} INFO - DAG(s) dict_keys(['example_task_group_decorator']) retrieved from /home/airflow/.local/lib/python3.7/site-packages/airflow/example_dags/example_task_group_decorator.py
[2023-09-13T08:06:51.706+0000] {logging_mixin.py:149} INFO - [2023-09-13T08:06:51.706+0000] {dag.py:2726} INFO - Sync 1 DAGs
[2023-09-13T08:06:51.765+0000] {logging_mixin.py:149} INFO - [2023-09-13T08:06:51.765+0000] {dag.py:3490} INFO - Setting next_dagrun for example_task_group_decorator to 2023-09-12T08:06:51.764602+00:00, run_after=2023-09-13T08:06:51.764602+00:00
[2023-09-13T08:06:51.824+0000] {processor.py:178} INFO - Processing /home/airflow/.local/lib/python3.7/site-packages/airflow/example_dags/example_task_group_decorator.py took 0.253 seconds
[2023-09-13T08:07:22.152+0000] {processor.py:156} INFO - Started process (PID=1038) to work on /home/airflow/.local/lib/python3.7/site-packages/airflow/example_dags/example_task_group_decorator.py
[2023-09-13T08:07:22.156+0000] {processor.py:799} INFO - Processing file /home/airflow/.local/lib/python3.7/site-packages/airflow/example_dags/example_task_group_decorator.py for tasks to queue
[2023-09-13T08:07:22.160+0000] {logging_mixin.py:149} INFO - [2023-09-13T08:07:22.159+0000] {dagbag.py:541} INFO - Filling up the DagBag from /home/airflow/.local/lib/python3.7/site-packages/airflow/example_dags/example_task_group_decorator.py
[2023-09-13T08:07:22.222+0000] {processor.py:809} INFO - DAG(s) dict_keys(['example_task_group_decorator']) retrieved from /home/airflow/.local/lib/python3.7/site-packages/airflow/example_dags/example_task_group_decorator.py
[2023-09-13T08:07:22.308+0000] {logging_mixin.py:149} INFO - [2023-09-13T08:07:22.308+0000] {dag.py:2726} INFO - Sync 1 DAGs
[2023-09-13T08:07:22.425+0000] {logging_mixin.py:149} INFO - [2023-09-13T08:07:22.424+0000] {dag.py:3490} INFO - Setting next_dagrun for example_task_group_decorator to 2023-09-12T08:07:22.424279+00:00, run_after=2023-09-13T08:07:22.424279+00:00
[2023-09-13T08:07:22.514+0000] {processor.py:178} INFO - Processing /home/airflow/.local/lib/python3.7/site-packages/airflow/example_dags/example_task_group_decorator.py took 0.374 seconds
[2023-09-13T08:07:53.483+0000] {processor.py:156} INFO - Started process (PID=1098) to work on /home/airflow/.local/lib/python3.7/site-packages/airflow/example_dags/example_task_group_decorator.py
[2023-09-13T08:07:53.488+0000] {processor.py:799} INFO - Processing file /home/airflow/.local/lib/python3.7/site-packages/airflow/example_dags/example_task_group_decorator.py for tasks to queue
[2023-09-13T08:07:53.490+0000] {logging_mixin.py:149} INFO - [2023-09-13T08:07:53.490+0000] {dagbag.py:541} INFO - Filling up the DagBag from /home/airflow/.local/lib/python3.7/site-packages/airflow/example_dags/example_task_group_decorator.py
[2023-09-13T08:07:53.541+0000] {processor.py:809} INFO - DAG(s) dict_keys(['example_task_group_decorator']) retrieved from /home/airflow/.local/lib/python3.7/site-packages/airflow/example_dags/example_task_group_decorator.py
[2023-09-13T08:07:53.620+0000] {logging_mixin.py:149} INFO - [2023-09-13T08:07:53.619+0000] {dag.py:2726} INFO - Sync 1 DAGs
[2023-09-13T08:07:53.702+0000] {logging_mixin.py:149} INFO - [2023-09-13T08:07:53.702+0000] {dag.py:3490} INFO - Setting next_dagrun for example_task_group_decorator to 2023-09-12T08:07:53.701772+00:00, run_after=2023-09-13T08:07:53.701772+00:00
[2023-09-13T08:07:53.762+0000] {processor.py:178} INFO - Processing /home/airflow/.local/lib/python3.7/site-packages/airflow/example_dags/example_task_group_decorator.py took 0.288 seconds
[2023-09-13T08:08:24.834+0000] {processor.py:156} INFO - Started process (PID=1158) to work on /home/airflow/.local/lib/python3.7/site-packages/airflow/example_dags/example_task_group_decorator.py
[2023-09-13T08:08:24.837+0000] {processor.py:799} INFO - Processing file /home/airflow/.local/lib/python3.7/site-packages/airflow/example_dags/example_task_group_decorator.py for tasks to queue
[2023-09-13T08:08:24.840+0000] {logging_mixin.py:149} INFO - [2023-09-13T08:08:24.839+0000] {dagbag.py:541} INFO - Filling up the DagBag from /home/airflow/.local/lib/python3.7/site-packages/airflow/example_dags/example_task_group_decorator.py
[2023-09-13T08:08:24.889+0000] {processor.py:809} INFO - DAG(s) dict_keys(['example_task_group_decorator']) retrieved from /home/airflow/.local/lib/python3.7/site-packages/airflow/example_dags/example_task_group_decorator.py
[2023-09-13T08:08:24.997+0000] {logging_mixin.py:149} INFO - [2023-09-13T08:08:24.996+0000] {dag.py:2726} INFO - Sync 1 DAGs
[2023-09-13T08:08:25.094+0000] {logging_mixin.py:149} INFO - [2023-09-13T08:08:25.092+0000] {dag.py:3490} INFO - Setting next_dagrun for example_task_group_decorator to 2023-09-12T08:08:25.091770+00:00, run_after=2023-09-13T08:08:25.091770+00:00
[2023-09-13T08:08:25.173+0000] {processor.py:178} INFO - Processing /home/airflow/.local/lib/python3.7/site-packages/airflow/example_dags/example_task_group_decorator.py took 0.355 seconds
[2023-09-13T08:08:56.822+0000] {processor.py:156} INFO - Started process (PID=1218) to work on /home/airflow/.local/lib/python3.7/site-packages/airflow/example_dags/example_task_group_decorator.py
[2023-09-13T08:08:56.827+0000] {processor.py:799} INFO - Processing file /home/airflow/.local/lib/python3.7/site-packages/airflow/example_dags/example_task_group_decorator.py for tasks to queue
[2023-09-13T08:08:56.832+0000] {logging_mixin.py:149} INFO - [2023-09-13T08:08:56.831+0000] {dagbag.py:541} INFO - Filling up the DagBag from /home/airflow/.local/lib/python3.7/site-packages/airflow/example_dags/example_task_group_decorator.py
[2023-09-13T08:08:56.917+0000] {processor.py:809} INFO - DAG(s) dict_keys(['example_task_group_decorator']) retrieved from /home/airflow/.local/lib/python3.7/site-packages/airflow/example_dags/example_task_group_decorator.py
[2023-09-13T08:08:57.053+0000] {logging_mixin.py:149} INFO - [2023-09-13T08:08:57.052+0000] {dag.py:2726} INFO - Sync 1 DAGs
[2023-09-13T08:08:57.201+0000] {logging_mixin.py:149} INFO - [2023-09-13T08:08:57.201+0000] {dag.py:3490} INFO - Setting next_dagrun for example_task_group_decorator to 2023-09-12T08:08:57.200563+00:00, run_after=2023-09-13T08:08:57.200563+00:00
[2023-09-13T08:08:57.303+0000] {processor.py:178} INFO - Processing /home/airflow/.local/lib/python3.7/site-packages/airflow/example_dags/example_task_group_decorator.py took 0.500 seconds
[2023-09-13T08:09:27.427+0000] {processor.py:156} INFO - Started process (PID=1278) to work on /home/airflow/.local/lib/python3.7/site-packages/airflow/example_dags/example_task_group_decorator.py
[2023-09-13T08:09:27.435+0000] {processor.py:799} INFO - Processing file /home/airflow/.local/lib/python3.7/site-packages/airflow/example_dags/example_task_group_decorator.py for tasks to queue
[2023-09-13T08:09:27.438+0000] {logging_mixin.py:149} INFO - [2023-09-13T08:09:27.437+0000] {dagbag.py:541} INFO - Filling up the DagBag from /home/airflow/.local/lib/python3.7/site-packages/airflow/example_dags/example_task_group_decorator.py
[2023-09-13T08:09:27.520+0000] {processor.py:809} INFO - DAG(s) dict_keys(['example_task_group_decorator']) retrieved from /home/airflow/.local/lib/python3.7/site-packages/airflow/example_dags/example_task_group_decorator.py
[2023-09-13T08:09:27.742+0000] {logging_mixin.py:149} INFO - [2023-09-13T08:09:27.741+0000] {dag.py:2726} INFO - Sync 1 DAGs
[2023-09-13T08:09:27.864+0000] {logging_mixin.py:149} INFO - [2023-09-13T08:09:27.863+0000] {dag.py:3490} INFO - Setting next_dagrun for example_task_group_decorator to 2023-09-12T08:09:27.861821+00:00, run_after=2023-09-13T08:09:27.861821+00:00
[2023-09-13T08:09:27.931+0000] {processor.py:178} INFO - Processing /home/airflow/.local/lib/python3.7/site-packages/airflow/example_dags/example_task_group_decorator.py took 0.516 seconds
[2023-09-13T08:09:58.669+0000] {processor.py:156} INFO - Started process (PID=1338) to work on /home/airflow/.local/lib/python3.7/site-packages/airflow/example_dags/example_task_group_decorator.py
[2023-09-13T08:09:58.672+0000] {processor.py:799} INFO - Processing file /home/airflow/.local/lib/python3.7/site-packages/airflow/example_dags/example_task_group_decorator.py for tasks to queue
[2023-09-13T08:09:58.675+0000] {logging_mixin.py:149} INFO - [2023-09-13T08:09:58.674+0000] {dagbag.py:541} INFO - Filling up the DagBag from /home/airflow/.local/lib/python3.7/site-packages/airflow/example_dags/example_task_group_decorator.py
[2023-09-13T08:09:58.706+0000] {processor.py:809} INFO - DAG(s) dict_keys(['example_task_group_decorator']) retrieved from /home/airflow/.local/lib/python3.7/site-packages/airflow/example_dags/example_task_group_decorator.py
[2023-09-13T08:09:58.769+0000] {logging_mixin.py:149} INFO - [2023-09-13T08:09:58.769+0000] {dag.py:2726} INFO - Sync 1 DAGs
[2023-09-13T08:09:58.837+0000] {logging_mixin.py:149} INFO - [2023-09-13T08:09:58.836+0000] {dag.py:3490} INFO - Setting next_dagrun for example_task_group_decorator to 2023-09-12T08:09:58.836365+00:00, run_after=2023-09-13T08:09:58.836365+00:00
[2023-09-13T08:09:58.897+0000] {processor.py:178} INFO - Processing /home/airflow/.local/lib/python3.7/site-packages/airflow/example_dags/example_task_group_decorator.py took 0.234 seconds
[2023-09-13T08:10:29.042+0000] {processor.py:156} INFO - Started process (PID=1397) to work on /home/airflow/.local/lib/python3.7/site-packages/airflow/example_dags/example_task_group_decorator.py
[2023-09-13T08:10:29.044+0000] {processor.py:799} INFO - Processing file /home/airflow/.local/lib/python3.7/site-packages/airflow/example_dags/example_task_group_decorator.py for tasks to queue
[2023-09-13T08:10:29.047+0000] {logging_mixin.py:149} INFO - [2023-09-13T08:10:29.046+0000] {dagbag.py:541} INFO - Filling up the DagBag from /home/airflow/.local/lib/python3.7/site-packages/airflow/example_dags/example_task_group_decorator.py
[2023-09-13T08:10:29.074+0000] {processor.py:809} INFO - DAG(s) dict_keys(['example_task_group_decorator']) retrieved from /home/airflow/.local/lib/python3.7/site-packages/airflow/example_dags/example_task_group_decorator.py
[2023-09-13T08:10:29.140+0000] {logging_mixin.py:149} INFO - [2023-09-13T08:10:29.140+0000] {dag.py:2726} INFO - Sync 1 DAGs
[2023-09-13T08:10:29.194+0000] {logging_mixin.py:149} INFO - [2023-09-13T08:10:29.194+0000] {dag.py:3490} INFO - Setting next_dagrun for example_task_group_decorator to 2023-09-12T08:10:29.193772+00:00, run_after=2023-09-13T08:10:29.193772+00:00
[2023-09-13T08:10:29.243+0000] {processor.py:178} INFO - Processing /home/airflow/.local/lib/python3.7/site-packages/airflow/example_dags/example_task_group_decorator.py took 0.207 seconds
[2023-09-13T08:10:59.431+0000] {processor.py:156} INFO - Started process (PID=1458) to work on /home/airflow/.local/lib/python3.7/site-packages/airflow/example_dags/example_task_group_decorator.py
[2023-09-13T08:10:59.434+0000] {processor.py:799} INFO - Processing file /home/airflow/.local/lib/python3.7/site-packages/airflow/example_dags/example_task_group_decorator.py for tasks to queue
[2023-09-13T08:10:59.437+0000] {logging_mixin.py:149} INFO - [2023-09-13T08:10:59.437+0000] {dagbag.py:541} INFO - Filling up the DagBag from /home/airflow/.local/lib/python3.7/site-packages/airflow/example_dags/example_task_group_decorator.py
[2023-09-13T08:10:59.472+0000] {processor.py:809} INFO - DAG(s) dict_keys(['example_task_group_decorator']) retrieved from /home/airflow/.local/lib/python3.7/site-packages/airflow/example_dags/example_task_group_decorator.py
[2023-09-13T08:10:59.547+0000] {logging_mixin.py:149} INFO - [2023-09-13T08:10:59.547+0000] {dag.py:2726} INFO - Sync 1 DAGs
[2023-09-13T08:10:59.613+0000] {logging_mixin.py:149} INFO - [2023-09-13T08:10:59.612+0000] {dag.py:3490} INFO - Setting next_dagrun for example_task_group_decorator to 2023-09-12T08:10:59.612343+00:00, run_after=2023-09-13T08:10:59.612343+00:00
[2023-09-13T08:10:59.664+0000] {processor.py:178} INFO - Processing /home/airflow/.local/lib/python3.7/site-packages/airflow/example_dags/example_task_group_decorator.py took 0.241 seconds
[2023-09-13T08:11:29.914+0000] {processor.py:156} INFO - Started process (PID=1518) to work on /home/airflow/.local/lib/python3.7/site-packages/airflow/example_dags/example_task_group_decorator.py
[2023-09-13T08:11:29.917+0000] {processor.py:799} INFO - Processing file /home/airflow/.local/lib/python3.7/site-packages/airflow/example_dags/example_task_group_decorator.py for tasks to queue
[2023-09-13T08:11:29.919+0000] {logging_mixin.py:149} INFO - [2023-09-13T08:11:29.919+0000] {dagbag.py:541} INFO - Filling up the DagBag from /home/airflow/.local/lib/python3.7/site-packages/airflow/example_dags/example_task_group_decorator.py
[2023-09-13T08:11:29.960+0000] {processor.py:809} INFO - DAG(s) dict_keys(['example_task_group_decorator']) retrieved from /home/airflow/.local/lib/python3.7/site-packages/airflow/example_dags/example_task_group_decorator.py
[2023-09-13T08:11:30.042+0000] {logging_mixin.py:149} INFO - [2023-09-13T08:11:30.041+0000] {dag.py:2726} INFO - Sync 1 DAGs
[2023-09-13T08:11:30.125+0000] {logging_mixin.py:149} INFO - [2023-09-13T08:11:30.124+0000] {dag.py:3490} INFO - Setting next_dagrun for example_task_group_decorator to 2023-09-12T08:11:30.123338+00:00, run_after=2023-09-13T08:11:30.123338+00:00
[2023-09-13T08:11:30.195+0000] {processor.py:178} INFO - Processing /home/airflow/.local/lib/python3.7/site-packages/airflow/example_dags/example_task_group_decorator.py took 0.289 seconds
[2023-09-13T08:12:01.156+0000] {processor.py:156} INFO - Started process (PID=1578) to work on /home/airflow/.local/lib/python3.7/site-packages/airflow/example_dags/example_task_group_decorator.py
[2023-09-13T08:12:01.159+0000] {processor.py:799} INFO - Processing file /home/airflow/.local/lib/python3.7/site-packages/airflow/example_dags/example_task_group_decorator.py for tasks to queue
[2023-09-13T08:12:01.162+0000] {logging_mixin.py:149} INFO - [2023-09-13T08:12:01.161+0000] {dagbag.py:541} INFO - Filling up the DagBag from /home/airflow/.local/lib/python3.7/site-packages/airflow/example_dags/example_task_group_decorator.py
[2023-09-13T08:12:01.194+0000] {processor.py:809} INFO - DAG(s) dict_keys(['example_task_group_decorator']) retrieved from /home/airflow/.local/lib/python3.7/site-packages/airflow/example_dags/example_task_group_decorator.py
[2023-09-13T08:12:01.258+0000] {logging_mixin.py:149} INFO - [2023-09-13T08:12:01.257+0000] {dag.py:2726} INFO - Sync 1 DAGs
[2023-09-13T08:12:01.316+0000] {logging_mixin.py:149} INFO - [2023-09-13T08:12:01.316+0000] {dag.py:3490} INFO - Setting next_dagrun for example_task_group_decorator to 2023-09-12T08:12:01.315688+00:00, run_after=2023-09-13T08:12:01.315688+00:00
[2023-09-13T08:12:01.368+0000] {processor.py:178} INFO - Processing /home/airflow/.local/lib/python3.7/site-packages/airflow/example_dags/example_task_group_decorator.py took 0.218 seconds
[2023-09-13T08:12:32.024+0000] {processor.py:156} INFO - Started process (PID=1638) to work on /home/airflow/.local/lib/python3.7/site-packages/airflow/example_dags/example_task_group_decorator.py
[2023-09-13T08:12:32.026+0000] {processor.py:799} INFO - Processing file /home/airflow/.local/lib/python3.7/site-packages/airflow/example_dags/example_task_group_decorator.py for tasks to queue
[2023-09-13T08:12:32.029+0000] {logging_mixin.py:149} INFO - [2023-09-13T08:12:32.029+0000] {dagbag.py:541} INFO - Filling up the DagBag from /home/airflow/.local/lib/python3.7/site-packages/airflow/example_dags/example_task_group_decorator.py
[2023-09-13T08:12:32.052+0000] {processor.py:809} INFO - DAG(s) dict_keys(['example_task_group_decorator']) retrieved from /home/airflow/.local/lib/python3.7/site-packages/airflow/example_dags/example_task_group_decorator.py
[2023-09-13T08:12:32.116+0000] {logging_mixin.py:149} INFO - [2023-09-13T08:12:32.116+0000] {dag.py:2726} INFO - Sync 1 DAGs
[2023-09-13T08:12:32.177+0000] {logging_mixin.py:149} INFO - [2023-09-13T08:12:32.177+0000] {dag.py:3490} INFO - Setting next_dagrun for example_task_group_decorator to 2023-09-12T08:12:32.176785+00:00, run_after=2023-09-13T08:12:32.176785+00:00
[2023-09-13T08:12:32.232+0000] {processor.py:178} INFO - Processing /home/airflow/.local/lib/python3.7/site-packages/airflow/example_dags/example_task_group_decorator.py took 0.213 seconds
[2023-09-13T09:26:11.519+0000] {processor.py:156} INFO - Started process (PID=62) to work on /home/airflow/.local/lib/python3.7/site-packages/airflow/example_dags/example_task_group_decorator.py
[2023-09-13T09:26:11.521+0000] {processor.py:799} INFO - Processing file /home/airflow/.local/lib/python3.7/site-packages/airflow/example_dags/example_task_group_decorator.py for tasks to queue
[2023-09-13T09:26:11.523+0000] {logging_mixin.py:149} INFO - [2023-09-13T09:26:11.522+0000] {dagbag.py:541} INFO - Filling up the DagBag from /home/airflow/.local/lib/python3.7/site-packages/airflow/example_dags/example_task_group_decorator.py
[2023-09-13T09:26:11.549+0000] {processor.py:809} INFO - DAG(s) dict_keys(['example_task_group_decorator']) retrieved from /home/airflow/.local/lib/python3.7/site-packages/airflow/example_dags/example_task_group_decorator.py
[2023-09-13T09:26:11.603+0000] {logging_mixin.py:149} INFO - [2023-09-13T09:26:11.603+0000] {dag.py:2726} INFO - Sync 1 DAGs
[2023-09-13T09:26:11.658+0000] {logging_mixin.py:149} INFO - [2023-09-13T09:26:11.658+0000] {dag.py:3490} INFO - Setting next_dagrun for example_task_group_decorator to 2023-09-12T09:26:11.657485+00:00, run_after=2023-09-13T09:26:11.657485+00:00
[2023-09-13T09:26:11.694+0000] {processor.py:178} INFO - Processing /home/airflow/.local/lib/python3.7/site-packages/airflow/example_dags/example_task_group_decorator.py took 0.179 seconds
