[2023-09-13T07:58:58.077+0000] {processor.py:156} INFO - Started process (PID=78) to work on /home/airflow/.local/lib/python3.7/site-packages/airflow/example_dags/example_xcomargs.py
[2023-09-13T07:58:58.081+0000] {processor.py:799} INFO - Processing file /home/airflow/.local/lib/python3.7/site-packages/airflow/example_dags/example_xcomargs.py for tasks to queue
[2023-09-13T07:58:58.085+0000] {logging_mixin.py:149} INFO - [2023-09-13T07:58:58.084+0000] {dagbag.py:541} INFO - Filling up the DagBag from /home/airflow/.local/lib/python3.7/site-packages/airflow/example_dags/example_xcomargs.py
[2023-09-13T07:58:58.117+0000] {processor.py:809} INFO - DAG(s) dict_keys(['example_xcom_args', 'example_xcom_args_with_operators']) retrieved from /home/airflow/.local/lib/python3.7/site-packages/airflow/example_dags/example_xcomargs.py
[2023-09-13T07:58:58.218+0000] {logging_mixin.py:149} INFO - [2023-09-13T07:58:58.217+0000] {dag.py:2726} INFO - Sync 2 DAGs
[2023-09-13T07:58:58.347+0000] {logging_mixin.py:149} INFO - [2023-09-13T07:58:58.345+0000] {dag.py:3490} INFO - Setting next_dagrun for example_xcom_args to None, run_after=None
[2023-09-13T07:58:58.361+0000] {logging_mixin.py:149} INFO - [2023-09-13T07:58:58.360+0000] {dag.py:3490} INFO - Setting next_dagrun for example_xcom_args_with_operators to None, run_after=None
[2023-09-13T07:58:58.413+0000] {processor.py:178} INFO - Processing /home/airflow/.local/lib/python3.7/site-packages/airflow/example_dags/example_xcomargs.py took 0.345 seconds
[2023-09-13T07:59:28.564+0000] {processor.py:156} INFO - Started process (PID=138) to work on /home/airflow/.local/lib/python3.7/site-packages/airflow/example_dags/example_xcomargs.py
[2023-09-13T07:59:28.567+0000] {processor.py:799} INFO - Processing file /home/airflow/.local/lib/python3.7/site-packages/airflow/example_dags/example_xcomargs.py for tasks to queue
[2023-09-13T07:59:28.569+0000] {logging_mixin.py:149} INFO - [2023-09-13T07:59:28.569+0000] {dagbag.py:541} INFO - Filling up the DagBag from /home/airflow/.local/lib/python3.7/site-packages/airflow/example_dags/example_xcomargs.py
[2023-09-13T07:59:28.584+0000] {processor.py:809} INFO - DAG(s) dict_keys(['example_xcom_args', 'example_xcom_args_with_operators']) retrieved from /home/airflow/.local/lib/python3.7/site-packages/airflow/example_dags/example_xcomargs.py
[2023-09-13T07:59:28.646+0000] {logging_mixin.py:149} INFO - [2023-09-13T07:59:28.645+0000] {dag.py:2726} INFO - Sync 2 DAGs
[2023-09-13T07:59:28.694+0000] {logging_mixin.py:149} INFO - [2023-09-13T07:59:28.694+0000] {dag.py:3490} INFO - Setting next_dagrun for example_xcom_args to None, run_after=None
[2023-09-13T07:59:28.701+0000] {logging_mixin.py:149} INFO - [2023-09-13T07:59:28.700+0000] {dag.py:3490} INFO - Setting next_dagrun for example_xcom_args_with_operators to None, run_after=None
[2023-09-13T07:59:28.742+0000] {processor.py:178} INFO - Processing /home/airflow/.local/lib/python3.7/site-packages/airflow/example_dags/example_xcomargs.py took 0.183 seconds
[2023-09-13T08:00:02.053+0000] {processor.py:156} INFO - Started process (PID=198) to work on /home/airflow/.local/lib/python3.7/site-packages/airflow/example_dags/example_xcomargs.py
[2023-09-13T08:00:02.057+0000] {processor.py:799} INFO - Processing file /home/airflow/.local/lib/python3.7/site-packages/airflow/example_dags/example_xcomargs.py for tasks to queue
[2023-09-13T08:00:02.060+0000] {logging_mixin.py:149} INFO - [2023-09-13T08:00:02.060+0000] {dagbag.py:541} INFO - Filling up the DagBag from /home/airflow/.local/lib/python3.7/site-packages/airflow/example_dags/example_xcomargs.py
[2023-09-13T08:00:02.085+0000] {processor.py:809} INFO - DAG(s) dict_keys(['example_xcom_args_with_operators', 'example_xcom_args']) retrieved from /home/airflow/.local/lib/python3.7/site-packages/airflow/example_dags/example_xcomargs.py
[2023-09-13T08:00:02.150+0000] {logging_mixin.py:149} INFO - [2023-09-13T08:00:02.150+0000] {dag.py:2726} INFO - Sync 2 DAGs
[2023-09-13T08:00:02.425+0000] {logging_mixin.py:149} INFO - [2023-09-13T08:00:02.424+0000] {dag.py:3490} INFO - Setting next_dagrun for example_xcom_args to None, run_after=None
[2023-09-13T08:00:02.432+0000] {logging_mixin.py:149} INFO - [2023-09-13T08:00:02.432+0000] {dag.py:3490} INFO - Setting next_dagrun for example_xcom_args_with_operators to None, run_after=None
[2023-09-13T08:00:02.472+0000] {processor.py:178} INFO - Processing /home/airflow/.local/lib/python3.7/site-packages/airflow/example_dags/example_xcomargs.py took 0.428 seconds
[2023-09-13T08:00:33.246+0000] {processor.py:156} INFO - Started process (PID=258) to work on /home/airflow/.local/lib/python3.7/site-packages/airflow/example_dags/example_xcomargs.py
[2023-09-13T08:00:33.249+0000] {processor.py:799} INFO - Processing file /home/airflow/.local/lib/python3.7/site-packages/airflow/example_dags/example_xcomargs.py for tasks to queue
[2023-09-13T08:00:33.253+0000] {logging_mixin.py:149} INFO - [2023-09-13T08:00:33.253+0000] {dagbag.py:541} INFO - Filling up the DagBag from /home/airflow/.local/lib/python3.7/site-packages/airflow/example_dags/example_xcomargs.py
[2023-09-13T08:00:33.287+0000] {processor.py:809} INFO - DAG(s) dict_keys(['example_xcom_args_with_operators', 'example_xcom_args']) retrieved from /home/airflow/.local/lib/python3.7/site-packages/airflow/example_dags/example_xcomargs.py
[2023-09-13T08:00:33.370+0000] {logging_mixin.py:149} INFO - [2023-09-13T08:00:33.369+0000] {dag.py:2726} INFO - Sync 2 DAGs
[2023-09-13T08:00:33.465+0000] {logging_mixin.py:149} INFO - [2023-09-13T08:00:33.464+0000] {dag.py:3490} INFO - Setting next_dagrun for example_xcom_args to None, run_after=None
[2023-09-13T08:00:33.476+0000] {logging_mixin.py:149} INFO - [2023-09-13T08:00:33.475+0000] {dag.py:3490} INFO - Setting next_dagrun for example_xcom_args_with_operators to None, run_after=None
[2023-09-13T08:00:33.532+0000] {processor.py:178} INFO - Processing /home/airflow/.local/lib/python3.7/site-packages/airflow/example_dags/example_xcomargs.py took 0.293 seconds
[2023-09-13T08:01:07.614+0000] {processor.py:156} INFO - Started process (PID=318) to work on /home/airflow/.local/lib/python3.7/site-packages/airflow/example_dags/example_xcomargs.py
[2023-09-13T08:01:07.621+0000] {processor.py:799} INFO - Processing file /home/airflow/.local/lib/python3.7/site-packages/airflow/example_dags/example_xcomargs.py for tasks to queue
[2023-09-13T08:01:07.628+0000] {logging_mixin.py:149} INFO - [2023-09-13T08:01:07.627+0000] {dagbag.py:541} INFO - Filling up the DagBag from /home/airflow/.local/lib/python3.7/site-packages/airflow/example_dags/example_xcomargs.py
[2023-09-13T08:01:07.697+0000] {processor.py:809} INFO - DAG(s) dict_keys(['example_xcom_args', 'example_xcom_args_with_operators']) retrieved from /home/airflow/.local/lib/python3.7/site-packages/airflow/example_dags/example_xcomargs.py
[2023-09-13T08:01:07.793+0000] {logging_mixin.py:149} INFO - [2023-09-13T08:01:07.793+0000] {dag.py:2726} INFO - Sync 2 DAGs
[2023-09-13T08:01:07.950+0000] {logging_mixin.py:149} INFO - [2023-09-13T08:01:07.950+0000] {dag.py:3490} INFO - Setting next_dagrun for example_xcom_args to None, run_after=None
[2023-09-13T08:01:07.972+0000] {logging_mixin.py:149} INFO - [2023-09-13T08:01:07.971+0000] {dag.py:3490} INFO - Setting next_dagrun for example_xcom_args_with_operators to None, run_after=None
[2023-09-13T08:01:08.070+0000] {processor.py:178} INFO - Processing /home/airflow/.local/lib/python3.7/site-packages/airflow/example_dags/example_xcomargs.py took 0.474 seconds
[2023-09-13T08:01:40.148+0000] {processor.py:156} INFO - Started process (PID=378) to work on /home/airflow/.local/lib/python3.7/site-packages/airflow/example_dags/example_xcomargs.py
[2023-09-13T08:01:40.165+0000] {processor.py:799} INFO - Processing file /home/airflow/.local/lib/python3.7/site-packages/airflow/example_dags/example_xcomargs.py for tasks to queue
[2023-09-13T08:01:40.169+0000] {logging_mixin.py:149} INFO - [2023-09-13T08:01:40.169+0000] {dagbag.py:541} INFO - Filling up the DagBag from /home/airflow/.local/lib/python3.7/site-packages/airflow/example_dags/example_xcomargs.py
[2023-09-13T08:01:40.220+0000] {processor.py:809} INFO - DAG(s) dict_keys(['example_xcom_args_with_operators', 'example_xcom_args']) retrieved from /home/airflow/.local/lib/python3.7/site-packages/airflow/example_dags/example_xcomargs.py
[2023-09-13T08:01:40.437+0000] {logging_mixin.py:149} INFO - [2023-09-13T08:01:40.436+0000] {dag.py:2726} INFO - Sync 2 DAGs
[2023-09-13T08:01:40.567+0000] {logging_mixin.py:149} INFO - [2023-09-13T08:01:40.567+0000] {dag.py:3490} INFO - Setting next_dagrun for example_xcom_args to None, run_after=None
[2023-09-13T08:01:40.587+0000] {logging_mixin.py:149} INFO - [2023-09-13T08:01:40.587+0000] {dag.py:3490} INFO - Setting next_dagrun for example_xcom_args_with_operators to None, run_after=None
[2023-09-13T08:01:40.682+0000] {processor.py:178} INFO - Processing /home/airflow/.local/lib/python3.7/site-packages/airflow/example_dags/example_xcomargs.py took 0.567 seconds
[2023-09-13T08:02:10.784+0000] {processor.py:156} INFO - Started process (PID=439) to work on /home/airflow/.local/lib/python3.7/site-packages/airflow/example_dags/example_xcomargs.py
[2023-09-13T08:02:10.790+0000] {processor.py:799} INFO - Processing file /home/airflow/.local/lib/python3.7/site-packages/airflow/example_dags/example_xcomargs.py for tasks to queue
[2023-09-13T08:02:10.794+0000] {logging_mixin.py:149} INFO - [2023-09-13T08:02:10.794+0000] {dagbag.py:541} INFO - Filling up the DagBag from /home/airflow/.local/lib/python3.7/site-packages/airflow/example_dags/example_xcomargs.py
[2023-09-13T08:02:10.814+0000] {processor.py:809} INFO - DAG(s) dict_keys(['example_xcom_args', 'example_xcom_args_with_operators']) retrieved from /home/airflow/.local/lib/python3.7/site-packages/airflow/example_dags/example_xcomargs.py
[2023-09-13T08:02:10.885+0000] {logging_mixin.py:149} INFO - [2023-09-13T08:02:10.885+0000] {dag.py:2726} INFO - Sync 2 DAGs
[2023-09-13T08:02:10.961+0000] {logging_mixin.py:149} INFO - [2023-09-13T08:02:10.961+0000] {dag.py:3490} INFO - Setting next_dagrun for example_xcom_args to None, run_after=None
[2023-09-13T08:02:10.976+0000] {logging_mixin.py:149} INFO - [2023-09-13T08:02:10.975+0000] {dag.py:3490} INFO - Setting next_dagrun for example_xcom_args_with_operators to None, run_after=None
[2023-09-13T08:02:11.072+0000] {processor.py:178} INFO - Processing /home/airflow/.local/lib/python3.7/site-packages/airflow/example_dags/example_xcomargs.py took 0.295 seconds
[2023-09-13T08:02:41.827+0000] {processor.py:156} INFO - Started process (PID=505) to work on /home/airflow/.local/lib/python3.7/site-packages/airflow/example_dags/example_xcomargs.py
[2023-09-13T08:02:41.830+0000] {processor.py:799} INFO - Processing file /home/airflow/.local/lib/python3.7/site-packages/airflow/example_dags/example_xcomargs.py for tasks to queue
[2023-09-13T08:02:41.832+0000] {logging_mixin.py:149} INFO - [2023-09-13T08:02:41.832+0000] {dagbag.py:541} INFO - Filling up the DagBag from /home/airflow/.local/lib/python3.7/site-packages/airflow/example_dags/example_xcomargs.py
[2023-09-13T08:02:41.849+0000] {processor.py:809} INFO - DAG(s) dict_keys(['example_xcom_args_with_operators', 'example_xcom_args']) retrieved from /home/airflow/.local/lib/python3.7/site-packages/airflow/example_dags/example_xcomargs.py
[2023-09-13T08:02:41.902+0000] {logging_mixin.py:149} INFO - [2023-09-13T08:02:41.902+0000] {dag.py:2726} INFO - Sync 2 DAGs
[2023-09-13T08:02:41.956+0000] {logging_mixin.py:149} INFO - [2023-09-13T08:02:41.956+0000] {dag.py:3490} INFO - Setting next_dagrun for example_xcom_args to None, run_after=None
[2023-09-13T08:02:41.967+0000] {logging_mixin.py:149} INFO - [2023-09-13T08:02:41.967+0000] {dag.py:3490} INFO - Setting next_dagrun for example_xcom_args_with_operators to None, run_after=None
[2023-09-13T08:02:42.002+0000] {processor.py:178} INFO - Processing /home/airflow/.local/lib/python3.7/site-packages/airflow/example_dags/example_xcomargs.py took 0.181 seconds
[2023-09-13T08:03:12.911+0000] {processor.py:156} INFO - Started process (PID=565) to work on /home/airflow/.local/lib/python3.7/site-packages/airflow/example_dags/example_xcomargs.py
[2023-09-13T08:03:12.914+0000] {processor.py:799} INFO - Processing file /home/airflow/.local/lib/python3.7/site-packages/airflow/example_dags/example_xcomargs.py for tasks to queue
[2023-09-13T08:03:12.918+0000] {logging_mixin.py:149} INFO - [2023-09-13T08:03:12.917+0000] {dagbag.py:541} INFO - Filling up the DagBag from /home/airflow/.local/lib/python3.7/site-packages/airflow/example_dags/example_xcomargs.py
[2023-09-13T08:03:12.956+0000] {processor.py:809} INFO - DAG(s) dict_keys(['example_xcom_args_with_operators', 'example_xcom_args']) retrieved from /home/airflow/.local/lib/python3.7/site-packages/airflow/example_dags/example_xcomargs.py
[2023-09-13T08:03:13.169+0000] {logging_mixin.py:149} INFO - [2023-09-13T08:03:13.168+0000] {dag.py:2726} INFO - Sync 2 DAGs
[2023-09-13T08:03:13.525+0000] {logging_mixin.py:149} INFO - [2023-09-13T08:03:13.524+0000] {dag.py:3490} INFO - Setting next_dagrun for example_xcom_args to None, run_after=None
[2023-09-13T08:03:13.569+0000] {logging_mixin.py:149} INFO - [2023-09-13T08:03:13.569+0000] {dag.py:3490} INFO - Setting next_dagrun for example_xcom_args_with_operators to None, run_after=None
[2023-09-13T08:03:13.729+0000] {processor.py:178} INFO - Processing /home/airflow/.local/lib/python3.7/site-packages/airflow/example_dags/example_xcomargs.py took 0.834 seconds
[2023-09-13T08:03:44.603+0000] {processor.py:156} INFO - Started process (PID=626) to work on /home/airflow/.local/lib/python3.7/site-packages/airflow/example_dags/example_xcomargs.py
[2023-09-13T08:03:44.606+0000] {processor.py:799} INFO - Processing file /home/airflow/.local/lib/python3.7/site-packages/airflow/example_dags/example_xcomargs.py for tasks to queue
[2023-09-13T08:03:44.615+0000] {logging_mixin.py:149} INFO - [2023-09-13T08:03:44.613+0000] {dagbag.py:541} INFO - Filling up the DagBag from /home/airflow/.local/lib/python3.7/site-packages/airflow/example_dags/example_xcomargs.py
[2023-09-13T08:03:44.648+0000] {processor.py:809} INFO - DAG(s) dict_keys(['example_xcom_args', 'example_xcom_args_with_operators']) retrieved from /home/airflow/.local/lib/python3.7/site-packages/airflow/example_dags/example_xcomargs.py
[2023-09-13T08:03:44.770+0000] {logging_mixin.py:149} INFO - [2023-09-13T08:03:44.769+0000] {dag.py:2726} INFO - Sync 2 DAGs
[2023-09-13T08:03:44.890+0000] {logging_mixin.py:149} INFO - [2023-09-13T08:03:44.889+0000] {dag.py:3490} INFO - Setting next_dagrun for example_xcom_args to None, run_after=None
[2023-09-13T08:03:44.908+0000] {logging_mixin.py:149} INFO - [2023-09-13T08:03:44.907+0000] {dag.py:3490} INFO - Setting next_dagrun for example_xcom_args_with_operators to None, run_after=None
[2023-09-13T08:03:44.983+0000] {processor.py:178} INFO - Processing /home/airflow/.local/lib/python3.7/site-packages/airflow/example_dags/example_xcomargs.py took 0.401 seconds
[2023-09-13T08:04:16.169+0000] {processor.py:156} INFO - Started process (PID=686) to work on /home/airflow/.local/lib/python3.7/site-packages/airflow/example_dags/example_xcomargs.py
[2023-09-13T08:04:16.181+0000] {processor.py:799} INFO - Processing file /home/airflow/.local/lib/python3.7/site-packages/airflow/example_dags/example_xcomargs.py for tasks to queue
[2023-09-13T08:04:16.184+0000] {logging_mixin.py:149} INFO - [2023-09-13T08:04:16.184+0000] {dagbag.py:541} INFO - Filling up the DagBag from /home/airflow/.local/lib/python3.7/site-packages/airflow/example_dags/example_xcomargs.py
[2023-09-13T08:04:16.241+0000] {processor.py:809} INFO - DAG(s) dict_keys(['example_xcom_args', 'example_xcom_args_with_operators']) retrieved from /home/airflow/.local/lib/python3.7/site-packages/airflow/example_dags/example_xcomargs.py
[2023-09-13T08:04:16.467+0000] {logging_mixin.py:149} INFO - [2023-09-13T08:04:16.466+0000] {dag.py:2726} INFO - Sync 2 DAGs
[2023-09-13T08:04:16.660+0000] {logging_mixin.py:149} INFO - [2023-09-13T08:04:16.659+0000] {dag.py:3490} INFO - Setting next_dagrun for example_xcom_args to None, run_after=None
[2023-09-13T08:04:16.681+0000] {logging_mixin.py:149} INFO - [2023-09-13T08:04:16.680+0000] {dag.py:3490} INFO - Setting next_dagrun for example_xcom_args_with_operators to None, run_after=None
[2023-09-13T08:04:16.775+0000] {processor.py:178} INFO - Processing /home/airflow/.local/lib/python3.7/site-packages/airflow/example_dags/example_xcomargs.py took 0.613 seconds
[2023-09-13T08:04:46.987+0000] {processor.py:156} INFO - Started process (PID=746) to work on /home/airflow/.local/lib/python3.7/site-packages/airflow/example_dags/example_xcomargs.py
[2023-09-13T08:04:46.992+0000] {processor.py:799} INFO - Processing file /home/airflow/.local/lib/python3.7/site-packages/airflow/example_dags/example_xcomargs.py for tasks to queue
[2023-09-13T08:04:46.997+0000] {logging_mixin.py:149} INFO - [2023-09-13T08:04:46.996+0000] {dagbag.py:541} INFO - Filling up the DagBag from /home/airflow/.local/lib/python3.7/site-packages/airflow/example_dags/example_xcomargs.py
[2023-09-13T08:04:47.043+0000] {processor.py:809} INFO - DAG(s) dict_keys(['example_xcom_args', 'example_xcom_args_with_operators']) retrieved from /home/airflow/.local/lib/python3.7/site-packages/airflow/example_dags/example_xcomargs.py
[2023-09-13T08:04:47.172+0000] {logging_mixin.py:149} INFO - [2023-09-13T08:04:47.172+0000] {dag.py:2726} INFO - Sync 2 DAGs
[2023-09-13T08:04:47.292+0000] {logging_mixin.py:149} INFO - [2023-09-13T08:04:47.292+0000] {dag.py:3490} INFO - Setting next_dagrun for example_xcom_args to None, run_after=None
[2023-09-13T08:04:47.314+0000] {logging_mixin.py:149} INFO - [2023-09-13T08:04:47.313+0000] {dag.py:3490} INFO - Setting next_dagrun for example_xcom_args_with_operators to None, run_after=None
[2023-09-13T08:04:47.391+0000] {processor.py:178} INFO - Processing /home/airflow/.local/lib/python3.7/site-packages/airflow/example_dags/example_xcomargs.py took 0.414 seconds
[2023-09-13T08:05:17.791+0000] {processor.py:156} INFO - Started process (PID=806) to work on /home/airflow/.local/lib/python3.7/site-packages/airflow/example_dags/example_xcomargs.py
[2023-09-13T08:05:17.803+0000] {processor.py:799} INFO - Processing file /home/airflow/.local/lib/python3.7/site-packages/airflow/example_dags/example_xcomargs.py for tasks to queue
[2023-09-13T08:05:17.806+0000] {logging_mixin.py:149} INFO - [2023-09-13T08:05:17.806+0000] {dagbag.py:541} INFO - Filling up the DagBag from /home/airflow/.local/lib/python3.7/site-packages/airflow/example_dags/example_xcomargs.py
[2023-09-13T08:05:17.869+0000] {processor.py:809} INFO - DAG(s) dict_keys(['example_xcom_args_with_operators', 'example_xcom_args']) retrieved from /home/airflow/.local/lib/python3.7/site-packages/airflow/example_dags/example_xcomargs.py
[2023-09-13T08:05:18.042+0000] {logging_mixin.py:149} INFO - [2023-09-13T08:05:18.042+0000] {dag.py:2726} INFO - Sync 2 DAGs
[2023-09-13T08:05:18.189+0000] {logging_mixin.py:149} INFO - [2023-09-13T08:05:18.188+0000] {dag.py:3490} INFO - Setting next_dagrun for example_xcom_args to None, run_after=None
[2023-09-13T08:05:18.207+0000] {logging_mixin.py:149} INFO - [2023-09-13T08:05:18.206+0000] {dag.py:3490} INFO - Setting next_dagrun for example_xcom_args_with_operators to None, run_after=None
[2023-09-13T08:05:18.314+0000] {processor.py:178} INFO - Processing /home/airflow/.local/lib/python3.7/site-packages/airflow/example_dags/example_xcomargs.py took 0.537 seconds
[2023-09-13T08:05:53.413+0000] {processor.py:156} INFO - Started process (PID=866) to work on /home/airflow/.local/lib/python3.7/site-packages/airflow/example_dags/example_xcomargs.py
[2023-09-13T08:05:53.416+0000] {processor.py:799} INFO - Processing file /home/airflow/.local/lib/python3.7/site-packages/airflow/example_dags/example_xcomargs.py for tasks to queue
[2023-09-13T08:05:53.427+0000] {logging_mixin.py:149} INFO - [2023-09-13T08:05:53.427+0000] {dagbag.py:541} INFO - Filling up the DagBag from /home/airflow/.local/lib/python3.7/site-packages/airflow/example_dags/example_xcomargs.py
[2023-09-13T08:05:53.471+0000] {processor.py:809} INFO - DAG(s) dict_keys(['example_xcom_args', 'example_xcom_args_with_operators']) retrieved from /home/airflow/.local/lib/python3.7/site-packages/airflow/example_dags/example_xcomargs.py
[2023-09-13T08:05:53.638+0000] {logging_mixin.py:149} INFO - [2023-09-13T08:05:53.637+0000] {dag.py:2726} INFO - Sync 2 DAGs
[2023-09-13T08:05:53.813+0000] {logging_mixin.py:149} INFO - [2023-09-13T08:05:53.813+0000] {dag.py:3490} INFO - Setting next_dagrun for example_xcom_args to None, run_after=None
[2023-09-13T08:05:53.849+0000] {logging_mixin.py:149} INFO - [2023-09-13T08:05:53.848+0000] {dag.py:3490} INFO - Setting next_dagrun for example_xcom_args_with_operators to None, run_after=None
[2023-09-13T08:05:53.987+0000] {processor.py:178} INFO - Processing /home/airflow/.local/lib/python3.7/site-packages/airflow/example_dags/example_xcomargs.py took 0.594 seconds
[2023-09-13T08:06:24.539+0000] {processor.py:156} INFO - Started process (PID=926) to work on /home/airflow/.local/lib/python3.7/site-packages/airflow/example_dags/example_xcomargs.py
[2023-09-13T08:06:24.546+0000] {processor.py:799} INFO - Processing file /home/airflow/.local/lib/python3.7/site-packages/airflow/example_dags/example_xcomargs.py for tasks to queue
[2023-09-13T08:06:24.550+0000] {logging_mixin.py:149} INFO - [2023-09-13T08:06:24.549+0000] {dagbag.py:541} INFO - Filling up the DagBag from /home/airflow/.local/lib/python3.7/site-packages/airflow/example_dags/example_xcomargs.py
[2023-09-13T08:06:24.571+0000] {processor.py:809} INFO - DAG(s) dict_keys(['example_xcom_args', 'example_xcom_args_with_operators']) retrieved from /home/airflow/.local/lib/python3.7/site-packages/airflow/example_dags/example_xcomargs.py
[2023-09-13T08:06:24.645+0000] {logging_mixin.py:149} INFO - [2023-09-13T08:06:24.645+0000] {dag.py:2726} INFO - Sync 2 DAGs
[2023-09-13T08:06:24.719+0000] {logging_mixin.py:149} INFO - [2023-09-13T08:06:24.718+0000] {dag.py:3490} INFO - Setting next_dagrun for example_xcom_args to None, run_after=None
[2023-09-13T08:06:24.729+0000] {logging_mixin.py:149} INFO - [2023-09-13T08:06:24.728+0000] {dag.py:3490} INFO - Setting next_dagrun for example_xcom_args_with_operators to None, run_after=None
[2023-09-13T08:06:24.779+0000] {processor.py:178} INFO - Processing /home/airflow/.local/lib/python3.7/site-packages/airflow/example_dags/example_xcomargs.py took 0.252 seconds
[2023-09-13T08:06:55.503+0000] {processor.py:156} INFO - Started process (PID=986) to work on /home/airflow/.local/lib/python3.7/site-packages/airflow/example_dags/example_xcomargs.py
[2023-09-13T08:06:55.532+0000] {processor.py:799} INFO - Processing file /home/airflow/.local/lib/python3.7/site-packages/airflow/example_dags/example_xcomargs.py for tasks to queue
[2023-09-13T08:06:55.558+0000] {logging_mixin.py:149} INFO - [2023-09-13T08:06:55.557+0000] {dagbag.py:541} INFO - Filling up the DagBag from /home/airflow/.local/lib/python3.7/site-packages/airflow/example_dags/example_xcomargs.py
[2023-09-13T08:06:55.654+0000] {processor.py:809} INFO - DAG(s) dict_keys(['example_xcom_args', 'example_xcom_args_with_operators']) retrieved from /home/airflow/.local/lib/python3.7/site-packages/airflow/example_dags/example_xcomargs.py
[2023-09-13T08:06:55.901+0000] {logging_mixin.py:149} INFO - [2023-09-13T08:06:55.900+0000] {dag.py:2726} INFO - Sync 2 DAGs
[2023-09-13T08:06:56.176+0000] {logging_mixin.py:149} INFO - [2023-09-13T08:06:56.165+0000] {dag.py:3490} INFO - Setting next_dagrun for example_xcom_args to None, run_after=None
[2023-09-13T08:06:56.238+0000] {logging_mixin.py:149} INFO - [2023-09-13T08:06:56.237+0000] {dag.py:3490} INFO - Setting next_dagrun for example_xcom_args_with_operators to None, run_after=None
[2023-09-13T08:06:56.413+0000] {processor.py:178} INFO - Processing /home/airflow/.local/lib/python3.7/site-packages/airflow/example_dags/example_xcomargs.py took 0.928 seconds
[2023-09-13T08:07:27.206+0000] {processor.py:156} INFO - Started process (PID=1046) to work on /home/airflow/.local/lib/python3.7/site-packages/airflow/example_dags/example_xcomargs.py
[2023-09-13T08:07:27.209+0000] {processor.py:799} INFO - Processing file /home/airflow/.local/lib/python3.7/site-packages/airflow/example_dags/example_xcomargs.py for tasks to queue
[2023-09-13T08:07:27.212+0000] {logging_mixin.py:149} INFO - [2023-09-13T08:07:27.212+0000] {dagbag.py:541} INFO - Filling up the DagBag from /home/airflow/.local/lib/python3.7/site-packages/airflow/example_dags/example_xcomargs.py
[2023-09-13T08:07:27.236+0000] {processor.py:809} INFO - DAG(s) dict_keys(['example_xcom_args_with_operators', 'example_xcom_args']) retrieved from /home/airflow/.local/lib/python3.7/site-packages/airflow/example_dags/example_xcomargs.py
[2023-09-13T08:07:27.315+0000] {logging_mixin.py:149} INFO - [2023-09-13T08:07:27.314+0000] {dag.py:2726} INFO - Sync 2 DAGs
[2023-09-13T08:07:27.411+0000] {logging_mixin.py:149} INFO - [2023-09-13T08:07:27.410+0000] {dag.py:3490} INFO - Setting next_dagrun for example_xcom_args to None, run_after=None
[2023-09-13T08:07:27.431+0000] {logging_mixin.py:149} INFO - [2023-09-13T08:07:27.430+0000] {dag.py:3490} INFO - Setting next_dagrun for example_xcom_args_with_operators to None, run_after=None
[2023-09-13T08:07:27.538+0000] {processor.py:178} INFO - Processing /home/airflow/.local/lib/python3.7/site-packages/airflow/example_dags/example_xcomargs.py took 0.340 seconds
[2023-09-13T08:07:57.880+0000] {processor.py:156} INFO - Started process (PID=1105) to work on /home/airflow/.local/lib/python3.7/site-packages/airflow/example_dags/example_xcomargs.py
[2023-09-13T08:07:57.883+0000] {processor.py:799} INFO - Processing file /home/airflow/.local/lib/python3.7/site-packages/airflow/example_dags/example_xcomargs.py for tasks to queue
[2023-09-13T08:07:57.886+0000] {logging_mixin.py:149} INFO - [2023-09-13T08:07:57.886+0000] {dagbag.py:541} INFO - Filling up the DagBag from /home/airflow/.local/lib/python3.7/site-packages/airflow/example_dags/example_xcomargs.py
[2023-09-13T08:07:57.902+0000] {processor.py:809} INFO - DAG(s) dict_keys(['example_xcom_args_with_operators', 'example_xcom_args']) retrieved from /home/airflow/.local/lib/python3.7/site-packages/airflow/example_dags/example_xcomargs.py
[2023-09-13T08:07:57.965+0000] {logging_mixin.py:149} INFO - [2023-09-13T08:07:57.965+0000] {dag.py:2726} INFO - Sync 2 DAGs
[2023-09-13T08:07:58.023+0000] {logging_mixin.py:149} INFO - [2023-09-13T08:07:58.023+0000] {dag.py:3490} INFO - Setting next_dagrun for example_xcom_args to None, run_after=None
[2023-09-13T08:07:58.031+0000] {logging_mixin.py:149} INFO - [2023-09-13T08:07:58.031+0000] {dag.py:3490} INFO - Setting next_dagrun for example_xcom_args_with_operators to None, run_after=None
[2023-09-13T08:07:58.074+0000] {processor.py:178} INFO - Processing /home/airflow/.local/lib/python3.7/site-packages/airflow/example_dags/example_xcomargs.py took 0.199 seconds
[2023-09-13T08:08:28.396+0000] {processor.py:156} INFO - Started process (PID=1165) to work on /home/airflow/.local/lib/python3.7/site-packages/airflow/example_dags/example_xcomargs.py
[2023-09-13T08:08:28.399+0000] {processor.py:799} INFO - Processing file /home/airflow/.local/lib/python3.7/site-packages/airflow/example_dags/example_xcomargs.py for tasks to queue
[2023-09-13T08:08:28.401+0000] {logging_mixin.py:149} INFO - [2023-09-13T08:08:28.401+0000] {dagbag.py:541} INFO - Filling up the DagBag from /home/airflow/.local/lib/python3.7/site-packages/airflow/example_dags/example_xcomargs.py
[2023-09-13T08:08:28.422+0000] {processor.py:809} INFO - DAG(s) dict_keys(['example_xcom_args', 'example_xcom_args_with_operators']) retrieved from /home/airflow/.local/lib/python3.7/site-packages/airflow/example_dags/example_xcomargs.py
[2023-09-13T08:08:28.515+0000] {logging_mixin.py:149} INFO - [2023-09-13T08:08:28.515+0000] {dag.py:2726} INFO - Sync 2 DAGs
[2023-09-13T08:08:28.627+0000] {logging_mixin.py:149} INFO - [2023-09-13T08:08:28.626+0000] {dag.py:3490} INFO - Setting next_dagrun for example_xcom_args to None, run_after=None
[2023-09-13T08:08:28.638+0000] {logging_mixin.py:149} INFO - [2023-09-13T08:08:28.637+0000] {dag.py:3490} INFO - Setting next_dagrun for example_xcom_args_with_operators to None, run_after=None
[2023-09-13T08:08:28.701+0000] {processor.py:178} INFO - Processing /home/airflow/.local/lib/python3.7/site-packages/airflow/example_dags/example_xcomargs.py took 0.314 seconds
[2023-09-13T08:08:59.121+0000] {processor.py:156} INFO - Started process (PID=1225) to work on /home/airflow/.local/lib/python3.7/site-packages/airflow/example_dags/example_xcomargs.py
[2023-09-13T08:08:59.126+0000] {processor.py:799} INFO - Processing file /home/airflow/.local/lib/python3.7/site-packages/airflow/example_dags/example_xcomargs.py for tasks to queue
[2023-09-13T08:08:59.130+0000] {logging_mixin.py:149} INFO - [2023-09-13T08:08:59.129+0000] {dagbag.py:541} INFO - Filling up the DagBag from /home/airflow/.local/lib/python3.7/site-packages/airflow/example_dags/example_xcomargs.py
[2023-09-13T08:08:59.184+0000] {processor.py:809} INFO - DAG(s) dict_keys(['example_xcom_args', 'example_xcom_args_with_operators']) retrieved from /home/airflow/.local/lib/python3.7/site-packages/airflow/example_dags/example_xcomargs.py
[2023-09-13T08:08:59.355+0000] {logging_mixin.py:149} INFO - [2023-09-13T08:08:59.355+0000] {dag.py:2726} INFO - Sync 2 DAGs
[2023-09-13T08:08:59.445+0000] {logging_mixin.py:149} INFO - [2023-09-13T08:08:59.445+0000] {dag.py:3490} INFO - Setting next_dagrun for example_xcom_args to None, run_after=None
[2023-09-13T08:08:59.460+0000] {logging_mixin.py:149} INFO - [2023-09-13T08:08:59.460+0000] {dag.py:3490} INFO - Setting next_dagrun for example_xcom_args_with_operators to None, run_after=None
[2023-09-13T08:08:59.530+0000] {processor.py:178} INFO - Processing /home/airflow/.local/lib/python3.7/site-packages/airflow/example_dags/example_xcomargs.py took 0.419 seconds
[2023-09-13T08:09:29.969+0000] {processor.py:156} INFO - Started process (PID=1285) to work on /home/airflow/.local/lib/python3.7/site-packages/airflow/example_dags/example_xcomargs.py
[2023-09-13T08:09:29.972+0000] {processor.py:799} INFO - Processing file /home/airflow/.local/lib/python3.7/site-packages/airflow/example_dags/example_xcomargs.py for tasks to queue
[2023-09-13T08:09:29.975+0000] {logging_mixin.py:149} INFO - [2023-09-13T08:09:29.975+0000] {dagbag.py:541} INFO - Filling up the DagBag from /home/airflow/.local/lib/python3.7/site-packages/airflow/example_dags/example_xcomargs.py
[2023-09-13T08:09:29.995+0000] {processor.py:809} INFO - DAG(s) dict_keys(['example_xcom_args_with_operators', 'example_xcom_args']) retrieved from /home/airflow/.local/lib/python3.7/site-packages/airflow/example_dags/example_xcomargs.py
[2023-09-13T08:09:30.069+0000] {logging_mixin.py:149} INFO - [2023-09-13T08:09:30.069+0000] {dag.py:2726} INFO - Sync 2 DAGs
[2023-09-13T08:09:30.158+0000] {logging_mixin.py:149} INFO - [2023-09-13T08:09:30.157+0000] {dag.py:3490} INFO - Setting next_dagrun for example_xcom_args to None, run_after=None
[2023-09-13T08:09:30.176+0000] {logging_mixin.py:149} INFO - [2023-09-13T08:09:30.175+0000] {dag.py:3490} INFO - Setting next_dagrun for example_xcom_args_with_operators to None, run_after=None
[2023-09-13T08:09:30.218+0000] {processor.py:178} INFO - Processing /home/airflow/.local/lib/python3.7/site-packages/airflow/example_dags/example_xcomargs.py took 0.257 seconds
[2023-09-13T08:10:00.324+0000] {processor.py:156} INFO - Started process (PID=1345) to work on /home/airflow/.local/lib/python3.7/site-packages/airflow/example_dags/example_xcomargs.py
[2023-09-13T08:10:00.327+0000] {processor.py:799} INFO - Processing file /home/airflow/.local/lib/python3.7/site-packages/airflow/example_dags/example_xcomargs.py for tasks to queue
[2023-09-13T08:10:00.329+0000] {logging_mixin.py:149} INFO - [2023-09-13T08:10:00.329+0000] {dagbag.py:541} INFO - Filling up the DagBag from /home/airflow/.local/lib/python3.7/site-packages/airflow/example_dags/example_xcomargs.py
[2023-09-13T08:10:00.352+0000] {processor.py:809} INFO - DAG(s) dict_keys(['example_xcom_args_with_operators', 'example_xcom_args']) retrieved from /home/airflow/.local/lib/python3.7/site-packages/airflow/example_dags/example_xcomargs.py
[2023-09-13T08:10:00.419+0000] {logging_mixin.py:149} INFO - [2023-09-13T08:10:00.419+0000] {dag.py:2726} INFO - Sync 2 DAGs
[2023-09-13T08:10:00.476+0000] {logging_mixin.py:149} INFO - [2023-09-13T08:10:00.476+0000] {dag.py:3490} INFO - Setting next_dagrun for example_xcom_args to None, run_after=None
[2023-09-13T08:10:00.484+0000] {logging_mixin.py:149} INFO - [2023-09-13T08:10:00.484+0000] {dag.py:3490} INFO - Setting next_dagrun for example_xcom_args_with_operators to None, run_after=None
[2023-09-13T08:10:00.537+0000] {processor.py:178} INFO - Processing /home/airflow/.local/lib/python3.7/site-packages/airflow/example_dags/example_xcomargs.py took 0.221 seconds
[2023-09-13T08:10:30.864+0000] {processor.py:156} INFO - Started process (PID=1406) to work on /home/airflow/.local/lib/python3.7/site-packages/airflow/example_dags/example_xcomargs.py
[2023-09-13T08:10:30.866+0000] {processor.py:799} INFO - Processing file /home/airflow/.local/lib/python3.7/site-packages/airflow/example_dags/example_xcomargs.py for tasks to queue
[2023-09-13T08:10:30.869+0000] {logging_mixin.py:149} INFO - [2023-09-13T08:10:30.869+0000] {dagbag.py:541} INFO - Filling up the DagBag from /home/airflow/.local/lib/python3.7/site-packages/airflow/example_dags/example_xcomargs.py
[2023-09-13T08:10:30.892+0000] {processor.py:809} INFO - DAG(s) dict_keys(['example_xcom_args', 'example_xcom_args_with_operators']) retrieved from /home/airflow/.local/lib/python3.7/site-packages/airflow/example_dags/example_xcomargs.py
[2023-09-13T08:10:30.965+0000] {logging_mixin.py:149} INFO - [2023-09-13T08:10:30.964+0000] {dag.py:2726} INFO - Sync 2 DAGs
[2023-09-13T08:10:31.069+0000] {logging_mixin.py:149} INFO - [2023-09-13T08:10:31.068+0000] {dag.py:3490} INFO - Setting next_dagrun for example_xcom_args to None, run_after=None
[2023-09-13T08:10:31.077+0000] {logging_mixin.py:149} INFO - [2023-09-13T08:10:31.077+0000] {dag.py:3490} INFO - Setting next_dagrun for example_xcom_args_with_operators to None, run_after=None
[2023-09-13T08:10:31.133+0000] {processor.py:178} INFO - Processing /home/airflow/.local/lib/python3.7/site-packages/airflow/example_dags/example_xcomargs.py took 0.275 seconds
[2023-09-13T08:11:01.807+0000] {processor.py:156} INFO - Started process (PID=1466) to work on /home/airflow/.local/lib/python3.7/site-packages/airflow/example_dags/example_xcomargs.py
[2023-09-13T08:11:01.811+0000] {processor.py:799} INFO - Processing file /home/airflow/.local/lib/python3.7/site-packages/airflow/example_dags/example_xcomargs.py for tasks to queue
[2023-09-13T08:11:01.814+0000] {logging_mixin.py:149} INFO - [2023-09-13T08:11:01.814+0000] {dagbag.py:541} INFO - Filling up the DagBag from /home/airflow/.local/lib/python3.7/site-packages/airflow/example_dags/example_xcomargs.py
[2023-09-13T08:11:01.837+0000] {processor.py:809} INFO - DAG(s) dict_keys(['example_xcom_args_with_operators', 'example_xcom_args']) retrieved from /home/airflow/.local/lib/python3.7/site-packages/airflow/example_dags/example_xcomargs.py
[2023-09-13T08:11:01.913+0000] {logging_mixin.py:149} INFO - [2023-09-13T08:11:01.912+0000] {dag.py:2726} INFO - Sync 2 DAGs
[2023-09-13T08:11:02.008+0000] {logging_mixin.py:149} INFO - [2023-09-13T08:11:02.008+0000] {dag.py:3490} INFO - Setting next_dagrun for example_xcom_args to None, run_after=None
[2023-09-13T08:11:02.046+0000] {logging_mixin.py:149} INFO - [2023-09-13T08:11:02.045+0000] {dag.py:3490} INFO - Setting next_dagrun for example_xcom_args_with_operators to None, run_after=None
[2023-09-13T08:11:02.141+0000] {processor.py:178} INFO - Processing /home/airflow/.local/lib/python3.7/site-packages/airflow/example_dags/example_xcomargs.py took 0.342 seconds
[2023-09-13T08:11:32.234+0000] {processor.py:156} INFO - Started process (PID=1526) to work on /home/airflow/.local/lib/python3.7/site-packages/airflow/example_dags/example_xcomargs.py
[2023-09-13T08:11:32.238+0000] {processor.py:799} INFO - Processing file /home/airflow/.local/lib/python3.7/site-packages/airflow/example_dags/example_xcomargs.py for tasks to queue
[2023-09-13T08:11:32.241+0000] {logging_mixin.py:149} INFO - [2023-09-13T08:11:32.241+0000] {dagbag.py:541} INFO - Filling up the DagBag from /home/airflow/.local/lib/python3.7/site-packages/airflow/example_dags/example_xcomargs.py
[2023-09-13T08:11:32.272+0000] {processor.py:809} INFO - DAG(s) dict_keys(['example_xcom_args_with_operators', 'example_xcom_args']) retrieved from /home/airflow/.local/lib/python3.7/site-packages/airflow/example_dags/example_xcomargs.py
[2023-09-13T08:11:32.354+0000] {logging_mixin.py:149} INFO - [2023-09-13T08:11:32.353+0000] {dag.py:2726} INFO - Sync 2 DAGs
[2023-09-13T08:11:32.421+0000] {logging_mixin.py:149} INFO - [2023-09-13T08:11:32.421+0000] {dag.py:3490} INFO - Setting next_dagrun for example_xcom_args to None, run_after=None
[2023-09-13T08:11:32.433+0000] {logging_mixin.py:149} INFO - [2023-09-13T08:11:32.433+0000] {dag.py:3490} INFO - Setting next_dagrun for example_xcom_args_with_operators to None, run_after=None
[2023-09-13T08:11:32.489+0000] {processor.py:178} INFO - Processing /home/airflow/.local/lib/python3.7/site-packages/airflow/example_dags/example_xcomargs.py took 0.262 seconds
[2023-09-13T08:12:02.610+0000] {processor.py:156} INFO - Started process (PID=1585) to work on /home/airflow/.local/lib/python3.7/site-packages/airflow/example_dags/example_xcomargs.py
[2023-09-13T08:12:02.613+0000] {processor.py:799} INFO - Processing file /home/airflow/.local/lib/python3.7/site-packages/airflow/example_dags/example_xcomargs.py for tasks to queue
[2023-09-13T08:12:02.615+0000] {logging_mixin.py:149} INFO - [2023-09-13T08:12:02.615+0000] {dagbag.py:541} INFO - Filling up the DagBag from /home/airflow/.local/lib/python3.7/site-packages/airflow/example_dags/example_xcomargs.py
[2023-09-13T08:12:02.634+0000] {processor.py:809} INFO - DAG(s) dict_keys(['example_xcom_args_with_operators', 'example_xcom_args']) retrieved from /home/airflow/.local/lib/python3.7/site-packages/airflow/example_dags/example_xcomargs.py
[2023-09-13T08:12:02.697+0000] {logging_mixin.py:149} INFO - [2023-09-13T08:12:02.697+0000] {dag.py:2726} INFO - Sync 2 DAGs
[2023-09-13T08:12:02.758+0000] {logging_mixin.py:149} INFO - [2023-09-13T08:12:02.758+0000] {dag.py:3490} INFO - Setting next_dagrun for example_xcom_args to None, run_after=None
[2023-09-13T08:12:02.765+0000] {logging_mixin.py:149} INFO - [2023-09-13T08:12:02.765+0000] {dag.py:3490} INFO - Setting next_dagrun for example_xcom_args_with_operators to None, run_after=None
[2023-09-13T08:12:02.799+0000] {processor.py:178} INFO - Processing /home/airflow/.local/lib/python3.7/site-packages/airflow/example_dags/example_xcomargs.py took 0.194 seconds
[2023-09-13T08:12:33.364+0000] {processor.py:156} INFO - Started process (PID=1645) to work on /home/airflow/.local/lib/python3.7/site-packages/airflow/example_dags/example_xcomargs.py
[2023-09-13T08:12:33.366+0000] {processor.py:799} INFO - Processing file /home/airflow/.local/lib/python3.7/site-packages/airflow/example_dags/example_xcomargs.py for tasks to queue
[2023-09-13T08:12:33.369+0000] {logging_mixin.py:149} INFO - [2023-09-13T08:12:33.368+0000] {dagbag.py:541} INFO - Filling up the DagBag from /home/airflow/.local/lib/python3.7/site-packages/airflow/example_dags/example_xcomargs.py
[2023-09-13T08:12:33.387+0000] {processor.py:809} INFO - DAG(s) dict_keys(['example_xcom_args', 'example_xcom_args_with_operators']) retrieved from /home/airflow/.local/lib/python3.7/site-packages/airflow/example_dags/example_xcomargs.py
[2023-09-13T08:12:33.453+0000] {logging_mixin.py:149} INFO - [2023-09-13T08:12:33.452+0000] {dag.py:2726} INFO - Sync 2 DAGs
[2023-09-13T08:12:33.511+0000] {logging_mixin.py:149} INFO - [2023-09-13T08:12:33.511+0000] {dag.py:3490} INFO - Setting next_dagrun for example_xcom_args to None, run_after=None
[2023-09-13T08:12:33.524+0000] {logging_mixin.py:149} INFO - [2023-09-13T08:12:33.524+0000] {dag.py:3490} INFO - Setting next_dagrun for example_xcom_args_with_operators to None, run_after=None
[2023-09-13T08:12:33.572+0000] {processor.py:178} INFO - Processing /home/airflow/.local/lib/python3.7/site-packages/airflow/example_dags/example_xcomargs.py took 0.214 seconds
[2023-09-13T09:26:12.588+0000] {processor.py:156} INFO - Started process (PID=71) to work on /home/airflow/.local/lib/python3.7/site-packages/airflow/example_dags/example_xcomargs.py
[2023-09-13T09:26:12.590+0000] {processor.py:799} INFO - Processing file /home/airflow/.local/lib/python3.7/site-packages/airflow/example_dags/example_xcomargs.py for tasks to queue
[2023-09-13T09:26:12.592+0000] {logging_mixin.py:149} INFO - [2023-09-13T09:26:12.592+0000] {dagbag.py:541} INFO - Filling up the DagBag from /home/airflow/.local/lib/python3.7/site-packages/airflow/example_dags/example_xcomargs.py
[2023-09-13T09:26:12.605+0000] {processor.py:809} INFO - DAG(s) dict_keys(['example_xcom_args', 'example_xcom_args_with_operators']) retrieved from /home/airflow/.local/lib/python3.7/site-packages/airflow/example_dags/example_xcomargs.py
[2023-09-13T09:26:12.640+0000] {logging_mixin.py:149} INFO - [2023-09-13T09:26:12.640+0000] {dag.py:2726} INFO - Sync 2 DAGs
[2023-09-13T09:26:12.676+0000] {logging_mixin.py:149} INFO - [2023-09-13T09:26:12.676+0000] {dag.py:3490} INFO - Setting next_dagrun for example_xcom_args to None, run_after=None
[2023-09-13T09:26:12.682+0000] {logging_mixin.py:149} INFO - [2023-09-13T09:26:12.682+0000] {dag.py:3490} INFO - Setting next_dagrun for example_xcom_args_with_operators to None, run_after=None
[2023-09-13T09:26:12.710+0000] {processor.py:178} INFO - Processing /home/airflow/.local/lib/python3.7/site-packages/airflow/example_dags/example_xcomargs.py took 0.127 seconds
