[2023-09-13T07:58:54.581+0000] {processor.py:156} INFO - Started process (PID=63) to work on /home/airflow/.local/lib/python3.7/site-packages/airflow/example_dags/example_sla_dag.py
[2023-09-13T07:58:54.584+0000] {processor.py:799} INFO - Processing file /home/airflow/.local/lib/python3.7/site-packages/airflow/example_dags/example_sla_dag.py for tasks to queue
[2023-09-13T07:58:54.587+0000] {logging_mixin.py:149} INFO - [2023-09-13T07:58:54.587+0000] {dagbag.py:541} INFO - Filling up the DagBag from /home/airflow/.local/lib/python3.7/site-packages/airflow/example_dags/example_sla_dag.py
[2023-09-13T07:58:54.613+0000] {processor.py:809} INFO - DAG(s) dict_keys(['example_sla_dag']) retrieved from /home/airflow/.local/lib/python3.7/site-packages/airflow/example_dags/example_sla_dag.py
[2023-09-13T07:58:54.711+0000] {logging_mixin.py:149} INFO - [2023-09-13T07:58:54.710+0000] {dag.py:2726} INFO - Sync 1 DAGs
[2023-09-13T07:58:54.841+0000] {logging_mixin.py:149} INFO - [2023-09-13T07:58:54.840+0000] {dag.py:3490} INFO - Setting next_dagrun for example_sla_dag to 2023-09-13T07:56:00+00:00, run_after=2023-09-13T07:58:00+00:00
[2023-09-13T07:58:54.910+0000] {processor.py:178} INFO - Processing /home/airflow/.local/lib/python3.7/site-packages/airflow/example_dags/example_sla_dag.py took 0.337 seconds
[2023-09-13T07:59:25.026+0000] {processor.py:156} INFO - Started process (PID=122) to work on /home/airflow/.local/lib/python3.7/site-packages/airflow/example_dags/example_sla_dag.py
[2023-09-13T07:59:25.029+0000] {processor.py:799} INFO - Processing file /home/airflow/.local/lib/python3.7/site-packages/airflow/example_dags/example_sla_dag.py for tasks to queue
[2023-09-13T07:59:25.032+0000] {logging_mixin.py:149} INFO - [2023-09-13T07:59:25.031+0000] {dagbag.py:541} INFO - Filling up the DagBag from /home/airflow/.local/lib/python3.7/site-packages/airflow/example_dags/example_sla_dag.py
[2023-09-13T07:59:25.050+0000] {processor.py:809} INFO - DAG(s) dict_keys(['example_sla_dag']) retrieved from /home/airflow/.local/lib/python3.7/site-packages/airflow/example_dags/example_sla_dag.py
[2023-09-13T07:59:25.104+0000] {logging_mixin.py:149} INFO - [2023-09-13T07:59:25.104+0000] {dag.py:2726} INFO - Sync 1 DAGs
[2023-09-13T07:59:25.182+0000] {logging_mixin.py:149} INFO - [2023-09-13T07:59:25.182+0000] {dag.py:3490} INFO - Setting next_dagrun for example_sla_dag to 2023-09-13T07:56:00+00:00, run_after=2023-09-13T07:58:00+00:00
[2023-09-13T07:59:25.228+0000] {processor.py:178} INFO - Processing /home/airflow/.local/lib/python3.7/site-packages/airflow/example_dags/example_sla_dag.py took 0.209 seconds
[2023-09-13T07:59:57.541+0000] {processor.py:156} INFO - Started process (PID=183) to work on /home/airflow/.local/lib/python3.7/site-packages/airflow/example_dags/example_sla_dag.py
[2023-09-13T07:59:57.543+0000] {processor.py:799} INFO - Processing file /home/airflow/.local/lib/python3.7/site-packages/airflow/example_dags/example_sla_dag.py for tasks to queue
[2023-09-13T07:59:57.546+0000] {logging_mixin.py:149} INFO - [2023-09-13T07:59:57.546+0000] {dagbag.py:541} INFO - Filling up the DagBag from /home/airflow/.local/lib/python3.7/site-packages/airflow/example_dags/example_sla_dag.py
[2023-09-13T07:59:57.564+0000] {processor.py:809} INFO - DAG(s) dict_keys(['example_sla_dag']) retrieved from /home/airflow/.local/lib/python3.7/site-packages/airflow/example_dags/example_sla_dag.py
[2023-09-13T07:59:57.619+0000] {logging_mixin.py:149} INFO - [2023-09-13T07:59:57.618+0000] {dag.py:2726} INFO - Sync 1 DAGs
[2023-09-13T07:59:57.949+0000] {logging_mixin.py:149} INFO - [2023-09-13T07:59:57.949+0000] {dag.py:3490} INFO - Setting next_dagrun for example_sla_dag to 2023-09-13T07:56:00+00:00, run_after=2023-09-13T07:58:00+00:00
[2023-09-13T07:59:58.001+0000] {processor.py:178} INFO - Processing /home/airflow/.local/lib/python3.7/site-packages/airflow/example_dags/example_sla_dag.py took 0.467 seconds
[2023-09-13T08:00:28.961+0000] {processor.py:156} INFO - Started process (PID=243) to work on /home/airflow/.local/lib/python3.7/site-packages/airflow/example_dags/example_sla_dag.py
[2023-09-13T08:00:28.966+0000] {processor.py:799} INFO - Processing file /home/airflow/.local/lib/python3.7/site-packages/airflow/example_dags/example_sla_dag.py for tasks to queue
[2023-09-13T08:00:28.969+0000] {logging_mixin.py:149} INFO - [2023-09-13T08:00:28.969+0000] {dagbag.py:541} INFO - Filling up the DagBag from /home/airflow/.local/lib/python3.7/site-packages/airflow/example_dags/example_sla_dag.py
[2023-09-13T08:00:28.997+0000] {processor.py:809} INFO - DAG(s) dict_keys(['example_sla_dag']) retrieved from /home/airflow/.local/lib/python3.7/site-packages/airflow/example_dags/example_sla_dag.py
[2023-09-13T08:00:29.068+0000] {logging_mixin.py:149} INFO - [2023-09-13T08:00:29.068+0000] {dag.py:2726} INFO - Sync 1 DAGs
[2023-09-13T08:00:29.172+0000] {logging_mixin.py:149} INFO - [2023-09-13T08:00:29.171+0000] {dag.py:3490} INFO - Setting next_dagrun for example_sla_dag to 2023-09-13T07:58:00+00:00, run_after=2023-09-13T08:00:00+00:00
[2023-09-13T08:00:29.261+0000] {processor.py:178} INFO - Processing /home/airflow/.local/lib/python3.7/site-packages/airflow/example_dags/example_sla_dag.py took 0.310 seconds
[2023-09-13T08:01:01.243+0000] {processor.py:156} INFO - Started process (PID=303) to work on /home/airflow/.local/lib/python3.7/site-packages/airflow/example_dags/example_sla_dag.py
[2023-09-13T08:01:01.247+0000] {processor.py:799} INFO - Processing file /home/airflow/.local/lib/python3.7/site-packages/airflow/example_dags/example_sla_dag.py for tasks to queue
[2023-09-13T08:01:01.256+0000] {logging_mixin.py:149} INFO - [2023-09-13T08:01:01.256+0000] {dagbag.py:541} INFO - Filling up the DagBag from /home/airflow/.local/lib/python3.7/site-packages/airflow/example_dags/example_sla_dag.py
[2023-09-13T08:01:01.301+0000] {processor.py:809} INFO - DAG(s) dict_keys(['example_sla_dag']) retrieved from /home/airflow/.local/lib/python3.7/site-packages/airflow/example_dags/example_sla_dag.py
[2023-09-13T08:01:01.406+0000] {logging_mixin.py:149} INFO - [2023-09-13T08:01:01.406+0000] {dag.py:2726} INFO - Sync 1 DAGs
[2023-09-13T08:01:01.582+0000] {logging_mixin.py:149} INFO - [2023-09-13T08:01:01.582+0000] {dag.py:3490} INFO - Setting next_dagrun for example_sla_dag to 2023-09-13T07:58:00+00:00, run_after=2023-09-13T08:00:00+00:00
[2023-09-13T08:01:01.680+0000] {processor.py:178} INFO - Processing /home/airflow/.local/lib/python3.7/site-packages/airflow/example_dags/example_sla_dag.py took 0.444 seconds
[2023-09-13T08:01:32.381+0000] {processor.py:156} INFO - Started process (PID=363) to work on /home/airflow/.local/lib/python3.7/site-packages/airflow/example_dags/example_sla_dag.py
[2023-09-13T08:01:32.393+0000] {processor.py:799} INFO - Processing file /home/airflow/.local/lib/python3.7/site-packages/airflow/example_dags/example_sla_dag.py for tasks to queue
[2023-09-13T08:01:32.413+0000] {logging_mixin.py:149} INFO - [2023-09-13T08:01:32.413+0000] {dagbag.py:541} INFO - Filling up the DagBag from /home/airflow/.local/lib/python3.7/site-packages/airflow/example_dags/example_sla_dag.py
[2023-09-13T08:01:32.477+0000] {processor.py:809} INFO - DAG(s) dict_keys(['example_sla_dag']) retrieved from /home/airflow/.local/lib/python3.7/site-packages/airflow/example_dags/example_sla_dag.py
[2023-09-13T08:01:32.607+0000] {logging_mixin.py:149} INFO - [2023-09-13T08:01:32.606+0000] {dag.py:2726} INFO - Sync 1 DAGs
[2023-09-13T08:01:32.775+0000] {logging_mixin.py:149} INFO - [2023-09-13T08:01:32.775+0000] {dag.py:3490} INFO - Setting next_dagrun for example_sla_dag to 2023-09-13T07:58:00+00:00, run_after=2023-09-13T08:00:00+00:00
[2023-09-13T08:01:32.881+0000] {processor.py:178} INFO - Processing /home/airflow/.local/lib/python3.7/site-packages/airflow/example_dags/example_sla_dag.py took 0.510 seconds
[2023-09-13T08:02:04.056+0000] {processor.py:156} INFO - Started process (PID=423) to work on /home/airflow/.local/lib/python3.7/site-packages/airflow/example_dags/example_sla_dag.py
[2023-09-13T08:02:04.061+0000] {processor.py:799} INFO - Processing file /home/airflow/.local/lib/python3.7/site-packages/airflow/example_dags/example_sla_dag.py for tasks to queue
[2023-09-13T08:02:04.068+0000] {logging_mixin.py:149} INFO - [2023-09-13T08:02:04.068+0000] {dagbag.py:541} INFO - Filling up the DagBag from /home/airflow/.local/lib/python3.7/site-packages/airflow/example_dags/example_sla_dag.py
[2023-09-13T08:02:04.108+0000] {processor.py:809} INFO - DAG(s) dict_keys(['example_sla_dag']) retrieved from /home/airflow/.local/lib/python3.7/site-packages/airflow/example_dags/example_sla_dag.py
[2023-09-13T08:02:04.206+0000] {logging_mixin.py:149} INFO - [2023-09-13T08:02:04.206+0000] {dag.py:2726} INFO - Sync 1 DAGs
[2023-09-13T08:02:04.304+0000] {logging_mixin.py:149} INFO - [2023-09-13T08:02:04.303+0000] {dag.py:3490} INFO - Setting next_dagrun for example_sla_dag to 2023-09-13T08:00:00+00:00, run_after=2023-09-13T08:02:00+00:00
[2023-09-13T08:02:04.381+0000] {processor.py:178} INFO - Processing /home/airflow/.local/lib/python3.7/site-packages/airflow/example_dags/example_sla_dag.py took 0.333 seconds
[2023-09-13T08:02:34.599+0000] {processor.py:156} INFO - Started process (PID=483) to work on /home/airflow/.local/lib/python3.7/site-packages/airflow/example_dags/example_sla_dag.py
[2023-09-13T08:02:34.603+0000] {processor.py:799} INFO - Processing file /home/airflow/.local/lib/python3.7/site-packages/airflow/example_dags/example_sla_dag.py for tasks to queue
[2023-09-13T08:02:34.605+0000] {logging_mixin.py:149} INFO - [2023-09-13T08:02:34.605+0000] {dagbag.py:541} INFO - Filling up the DagBag from /home/airflow/.local/lib/python3.7/site-packages/airflow/example_dags/example_sla_dag.py
[2023-09-13T08:02:34.632+0000] {processor.py:809} INFO - DAG(s) dict_keys(['example_sla_dag']) retrieved from /home/airflow/.local/lib/python3.7/site-packages/airflow/example_dags/example_sla_dag.py
[2023-09-13T08:02:34.687+0000] {logging_mixin.py:149} INFO - [2023-09-13T08:02:34.686+0000] {dag.py:2726} INFO - Sync 1 DAGs
[2023-09-13T08:02:34.751+0000] {logging_mixin.py:149} INFO - [2023-09-13T08:02:34.751+0000] {dag.py:3490} INFO - Setting next_dagrun for example_sla_dag to 2023-09-13T08:00:00+00:00, run_after=2023-09-13T08:02:00+00:00
[2023-09-13T08:02:34.846+0000] {processor.py:178} INFO - Processing /home/airflow/.local/lib/python3.7/site-packages/airflow/example_dags/example_sla_dag.py took 0.256 seconds
[2023-09-13T08:03:08.038+0000] {processor.py:156} INFO - Started process (PID=543) to work on /home/airflow/.local/lib/python3.7/site-packages/airflow/example_dags/example_sla_dag.py
[2023-09-13T08:03:08.042+0000] {processor.py:799} INFO - Processing file /home/airflow/.local/lib/python3.7/site-packages/airflow/example_dags/example_sla_dag.py for tasks to queue
[2023-09-13T08:03:08.045+0000] {logging_mixin.py:149} INFO - [2023-09-13T08:03:08.045+0000] {dagbag.py:541} INFO - Filling up the DagBag from /home/airflow/.local/lib/python3.7/site-packages/airflow/example_dags/example_sla_dag.py
[2023-09-13T08:03:08.077+0000] {processor.py:809} INFO - DAG(s) dict_keys(['example_sla_dag']) retrieved from /home/airflow/.local/lib/python3.7/site-packages/airflow/example_dags/example_sla_dag.py
[2023-09-13T08:03:08.161+0000] {logging_mixin.py:149} INFO - [2023-09-13T08:03:08.161+0000] {dag.py:2726} INFO - Sync 1 DAGs
[2023-09-13T08:03:08.279+0000] {logging_mixin.py:149} INFO - [2023-09-13T08:03:08.279+0000] {dag.py:3490} INFO - Setting next_dagrun for example_sla_dag to 2023-09-13T08:00:00+00:00, run_after=2023-09-13T08:02:00+00:00
[2023-09-13T08:03:08.360+0000] {processor.py:178} INFO - Processing /home/airflow/.local/lib/python3.7/site-packages/airflow/example_dags/example_sla_dag.py took 0.336 seconds
[2023-09-13T08:03:39.304+0000] {processor.py:156} INFO - Started process (PID=603) to work on /home/airflow/.local/lib/python3.7/site-packages/airflow/example_dags/example_sla_dag.py
[2023-09-13T08:03:39.308+0000] {processor.py:799} INFO - Processing file /home/airflow/.local/lib/python3.7/site-packages/airflow/example_dags/example_sla_dag.py for tasks to queue
[2023-09-13T08:03:39.313+0000] {logging_mixin.py:149} INFO - [2023-09-13T08:03:39.313+0000] {dagbag.py:541} INFO - Filling up the DagBag from /home/airflow/.local/lib/python3.7/site-packages/airflow/example_dags/example_sla_dag.py
[2023-09-13T08:03:39.368+0000] {processor.py:809} INFO - DAG(s) dict_keys(['example_sla_dag']) retrieved from /home/airflow/.local/lib/python3.7/site-packages/airflow/example_dags/example_sla_dag.py
[2023-09-13T08:03:39.472+0000] {logging_mixin.py:149} INFO - [2023-09-13T08:03:39.471+0000] {dag.py:2726} INFO - Sync 1 DAGs
[2023-09-13T08:03:39.634+0000] {logging_mixin.py:149} INFO - [2023-09-13T08:03:39.634+0000] {dag.py:3490} INFO - Setting next_dagrun for example_sla_dag to 2023-09-13T08:00:00+00:00, run_after=2023-09-13T08:02:00+00:00
[2023-09-13T08:03:39.748+0000] {processor.py:178} INFO - Processing /home/airflow/.local/lib/python3.7/site-packages/airflow/example_dags/example_sla_dag.py took 0.457 seconds
[2023-09-13T08:04:11.030+0000] {processor.py:156} INFO - Started process (PID=664) to work on /home/airflow/.local/lib/python3.7/site-packages/airflow/example_dags/example_sla_dag.py
[2023-09-13T08:04:11.034+0000] {processor.py:799} INFO - Processing file /home/airflow/.local/lib/python3.7/site-packages/airflow/example_dags/example_sla_dag.py for tasks to queue
[2023-09-13T08:04:11.039+0000] {logging_mixin.py:149} INFO - [2023-09-13T08:04:11.039+0000] {dagbag.py:541} INFO - Filling up the DagBag from /home/airflow/.local/lib/python3.7/site-packages/airflow/example_dags/example_sla_dag.py
[2023-09-13T08:04:11.073+0000] {processor.py:809} INFO - DAG(s) dict_keys(['example_sla_dag']) retrieved from /home/airflow/.local/lib/python3.7/site-packages/airflow/example_dags/example_sla_dag.py
[2023-09-13T08:04:11.158+0000] {logging_mixin.py:149} INFO - [2023-09-13T08:04:11.157+0000] {dag.py:2726} INFO - Sync 1 DAGs
[2023-09-13T08:04:11.284+0000] {logging_mixin.py:149} INFO - [2023-09-13T08:04:11.283+0000] {dag.py:3490} INFO - Setting next_dagrun for example_sla_dag to 2023-09-13T08:02:00+00:00, run_after=2023-09-13T08:04:00+00:00
[2023-09-13T08:04:11.376+0000] {processor.py:178} INFO - Processing /home/airflow/.local/lib/python3.7/site-packages/airflow/example_dags/example_sla_dag.py took 0.355 seconds
[2023-09-13T08:04:42.234+0000] {processor.py:156} INFO - Started process (PID=724) to work on /home/airflow/.local/lib/python3.7/site-packages/airflow/example_dags/example_sla_dag.py
[2023-09-13T08:04:42.237+0000] {processor.py:799} INFO - Processing file /home/airflow/.local/lib/python3.7/site-packages/airflow/example_dags/example_sla_dag.py for tasks to queue
[2023-09-13T08:04:42.241+0000] {logging_mixin.py:149} INFO - [2023-09-13T08:04:42.241+0000] {dagbag.py:541} INFO - Filling up the DagBag from /home/airflow/.local/lib/python3.7/site-packages/airflow/example_dags/example_sla_dag.py
[2023-09-13T08:04:42.270+0000] {processor.py:809} INFO - DAG(s) dict_keys(['example_sla_dag']) retrieved from /home/airflow/.local/lib/python3.7/site-packages/airflow/example_dags/example_sla_dag.py
[2023-09-13T08:04:42.346+0000] {logging_mixin.py:149} INFO - [2023-09-13T08:04:42.345+0000] {dag.py:2726} INFO - Sync 1 DAGs
[2023-09-13T08:04:42.453+0000] {logging_mixin.py:149} INFO - [2023-09-13T08:04:42.453+0000] {dag.py:3490} INFO - Setting next_dagrun for example_sla_dag to 2023-09-13T08:02:00+00:00, run_after=2023-09-13T08:04:00+00:00
[2023-09-13T08:04:42.521+0000] {processor.py:178} INFO - Processing /home/airflow/.local/lib/python3.7/site-packages/airflow/example_dags/example_sla_dag.py took 0.293 seconds
[2023-09-13T08:05:12.806+0000] {processor.py:156} INFO - Started process (PID=792) to work on /home/airflow/.local/lib/python3.7/site-packages/airflow/example_dags/example_sla_dag.py
[2023-09-13T08:05:12.809+0000] {processor.py:799} INFO - Processing file /home/airflow/.local/lib/python3.7/site-packages/airflow/example_dags/example_sla_dag.py for tasks to queue
[2023-09-13T08:05:12.815+0000] {logging_mixin.py:149} INFO - [2023-09-13T08:05:12.814+0000] {dagbag.py:541} INFO - Filling up the DagBag from /home/airflow/.local/lib/python3.7/site-packages/airflow/example_dags/example_sla_dag.py
[2023-09-13T08:05:12.842+0000] {processor.py:809} INFO - DAG(s) dict_keys(['example_sla_dag']) retrieved from /home/airflow/.local/lib/python3.7/site-packages/airflow/example_dags/example_sla_dag.py
[2023-09-13T08:05:12.936+0000] {logging_mixin.py:149} INFO - [2023-09-13T08:05:12.935+0000] {dag.py:2726} INFO - Sync 1 DAGs
[2023-09-13T08:05:13.076+0000] {logging_mixin.py:149} INFO - [2023-09-13T08:05:13.075+0000] {dag.py:3490} INFO - Setting next_dagrun for example_sla_dag to 2023-09-13T08:02:00+00:00, run_after=2023-09-13T08:04:00+00:00
[2023-09-13T08:05:13.156+0000] {processor.py:178} INFO - Processing /home/airflow/.local/lib/python3.7/site-packages/airflow/example_dags/example_sla_dag.py took 0.355 seconds
[2023-09-13T08:05:47.178+0000] {processor.py:156} INFO - Started process (PID=852) to work on /home/airflow/.local/lib/python3.7/site-packages/airflow/example_dags/example_sla_dag.py
[2023-09-13T08:05:47.195+0000] {processor.py:799} INFO - Processing file /home/airflow/.local/lib/python3.7/site-packages/airflow/example_dags/example_sla_dag.py for tasks to queue
[2023-09-13T08:05:47.264+0000] {logging_mixin.py:149} INFO - [2023-09-13T08:05:47.264+0000] {dagbag.py:541} INFO - Filling up the DagBag from /home/airflow/.local/lib/python3.7/site-packages/airflow/example_dags/example_sla_dag.py
[2023-09-13T08:05:47.426+0000] {processor.py:809} INFO - DAG(s) dict_keys(['example_sla_dag']) retrieved from /home/airflow/.local/lib/python3.7/site-packages/airflow/example_dags/example_sla_dag.py
[2023-09-13T08:05:47.783+0000] {logging_mixin.py:149} INFO - [2023-09-13T08:05:47.783+0000] {dag.py:2726} INFO - Sync 1 DAGs
[2023-09-13T08:05:48.059+0000] {logging_mixin.py:149} INFO - [2023-09-13T08:05:48.059+0000] {dag.py:3490} INFO - Setting next_dagrun for example_sla_dag to 2023-09-13T08:02:00+00:00, run_after=2023-09-13T08:04:00+00:00
[2023-09-13T08:05:48.230+0000] {processor.py:178} INFO - Processing /home/airflow/.local/lib/python3.7/site-packages/airflow/example_dags/example_sla_dag.py took 1.074 seconds
[2023-09-13T08:06:18.535+0000] {processor.py:156} INFO - Started process (PID=912) to work on /home/airflow/.local/lib/python3.7/site-packages/airflow/example_dags/example_sla_dag.py
[2023-09-13T08:06:18.538+0000] {processor.py:799} INFO - Processing file /home/airflow/.local/lib/python3.7/site-packages/airflow/example_dags/example_sla_dag.py for tasks to queue
[2023-09-13T08:06:18.540+0000] {logging_mixin.py:149} INFO - [2023-09-13T08:06:18.540+0000] {dagbag.py:541} INFO - Filling up the DagBag from /home/airflow/.local/lib/python3.7/site-packages/airflow/example_dags/example_sla_dag.py
[2023-09-13T08:06:18.560+0000] {processor.py:809} INFO - DAG(s) dict_keys(['example_sla_dag']) retrieved from /home/airflow/.local/lib/python3.7/site-packages/airflow/example_dags/example_sla_dag.py
[2023-09-13T08:06:18.610+0000] {logging_mixin.py:149} INFO - [2023-09-13T08:06:18.609+0000] {dag.py:2726} INFO - Sync 1 DAGs
[2023-09-13T08:06:18.673+0000] {logging_mixin.py:149} INFO - [2023-09-13T08:06:18.673+0000] {dag.py:3490} INFO - Setting next_dagrun for example_sla_dag to 2023-09-13T08:04:00+00:00, run_after=2023-09-13T08:06:00+00:00
[2023-09-13T08:06:18.726+0000] {processor.py:178} INFO - Processing /home/airflow/.local/lib/python3.7/site-packages/airflow/example_dags/example_sla_dag.py took 0.196 seconds
[2023-09-13T08:06:49.312+0000] {processor.py:156} INFO - Started process (PID=972) to work on /home/airflow/.local/lib/python3.7/site-packages/airflow/example_dags/example_sla_dag.py
[2023-09-13T08:06:49.321+0000] {processor.py:799} INFO - Processing file /home/airflow/.local/lib/python3.7/site-packages/airflow/example_dags/example_sla_dag.py for tasks to queue
[2023-09-13T08:06:49.324+0000] {logging_mixin.py:149} INFO - [2023-09-13T08:06:49.324+0000] {dagbag.py:541} INFO - Filling up the DagBag from /home/airflow/.local/lib/python3.7/site-packages/airflow/example_dags/example_sla_dag.py
[2023-09-13T08:06:49.361+0000] {processor.py:809} INFO - DAG(s) dict_keys(['example_sla_dag']) retrieved from /home/airflow/.local/lib/python3.7/site-packages/airflow/example_dags/example_sla_dag.py
[2023-09-13T08:06:49.492+0000] {logging_mixin.py:149} INFO - [2023-09-13T08:06:49.491+0000] {dag.py:2726} INFO - Sync 1 DAGs
[2023-09-13T08:06:49.633+0000] {logging_mixin.py:149} INFO - [2023-09-13T08:06:49.632+0000] {dag.py:3490} INFO - Setting next_dagrun for example_sla_dag to 2023-09-13T08:04:00+00:00, run_after=2023-09-13T08:06:00+00:00
[2023-09-13T08:06:49.712+0000] {processor.py:178} INFO - Processing /home/airflow/.local/lib/python3.7/site-packages/airflow/example_dags/example_sla_dag.py took 0.409 seconds
[2023-09-13T08:07:20.102+0000] {processor.py:156} INFO - Started process (PID=1031) to work on /home/airflow/.local/lib/python3.7/site-packages/airflow/example_dags/example_sla_dag.py
[2023-09-13T08:07:20.105+0000] {processor.py:799} INFO - Processing file /home/airflow/.local/lib/python3.7/site-packages/airflow/example_dags/example_sla_dag.py for tasks to queue
[2023-09-13T08:07:20.108+0000] {logging_mixin.py:149} INFO - [2023-09-13T08:07:20.108+0000] {dagbag.py:541} INFO - Filling up the DagBag from /home/airflow/.local/lib/python3.7/site-packages/airflow/example_dags/example_sla_dag.py
[2023-09-13T08:07:20.141+0000] {processor.py:809} INFO - DAG(s) dict_keys(['example_sla_dag']) retrieved from /home/airflow/.local/lib/python3.7/site-packages/airflow/example_dags/example_sla_dag.py
[2023-09-13T08:07:20.216+0000] {logging_mixin.py:149} INFO - [2023-09-13T08:07:20.215+0000] {dag.py:2726} INFO - Sync 1 DAGs
[2023-09-13T08:07:20.289+0000] {logging_mixin.py:149} INFO - [2023-09-13T08:07:20.289+0000] {dag.py:3490} INFO - Setting next_dagrun for example_sla_dag to 2023-09-13T08:04:00+00:00, run_after=2023-09-13T08:06:00+00:00
[2023-09-13T08:07:20.390+0000] {processor.py:178} INFO - Processing /home/airflow/.local/lib/python3.7/site-packages/airflow/example_dags/example_sla_dag.py took 0.299 seconds
[2023-09-13T08:07:50.567+0000] {processor.py:156} INFO - Started process (PID=1091) to work on /home/airflow/.local/lib/python3.7/site-packages/airflow/example_dags/example_sla_dag.py
[2023-09-13T08:07:50.570+0000] {processor.py:799} INFO - Processing file /home/airflow/.local/lib/python3.7/site-packages/airflow/example_dags/example_sla_dag.py for tasks to queue
[2023-09-13T08:07:50.573+0000] {logging_mixin.py:149} INFO - [2023-09-13T08:07:50.573+0000] {dagbag.py:541} INFO - Filling up the DagBag from /home/airflow/.local/lib/python3.7/site-packages/airflow/example_dags/example_sla_dag.py
[2023-09-13T08:07:50.598+0000] {processor.py:809} INFO - DAG(s) dict_keys(['example_sla_dag']) retrieved from /home/airflow/.local/lib/python3.7/site-packages/airflow/example_dags/example_sla_dag.py
[2023-09-13T08:07:50.655+0000] {logging_mixin.py:149} INFO - [2023-09-13T08:07:50.654+0000] {dag.py:2726} INFO - Sync 1 DAGs
[2023-09-13T08:07:50.728+0000] {logging_mixin.py:149} INFO - [2023-09-13T08:07:50.727+0000] {dag.py:3490} INFO - Setting next_dagrun for example_sla_dag to 2023-09-13T08:04:00+00:00, run_after=2023-09-13T08:06:00+00:00
[2023-09-13T08:07:50.783+0000] {processor.py:178} INFO - Processing /home/airflow/.local/lib/python3.7/site-packages/airflow/example_dags/example_sla_dag.py took 0.225 seconds
[2023-09-13T08:08:21.199+0000] {processor.py:156} INFO - Started process (PID=1151) to work on /home/airflow/.local/lib/python3.7/site-packages/airflow/example_dags/example_sla_dag.py
[2023-09-13T08:08:21.201+0000] {processor.py:799} INFO - Processing file /home/airflow/.local/lib/python3.7/site-packages/airflow/example_dags/example_sla_dag.py for tasks to queue
[2023-09-13T08:08:21.204+0000] {logging_mixin.py:149} INFO - [2023-09-13T08:08:21.203+0000] {dagbag.py:541} INFO - Filling up the DagBag from /home/airflow/.local/lib/python3.7/site-packages/airflow/example_dags/example_sla_dag.py
[2023-09-13T08:08:21.226+0000] {processor.py:809} INFO - DAG(s) dict_keys(['example_sla_dag']) retrieved from /home/airflow/.local/lib/python3.7/site-packages/airflow/example_dags/example_sla_dag.py
[2023-09-13T08:08:21.286+0000] {logging_mixin.py:149} INFO - [2023-09-13T08:08:21.286+0000] {dag.py:2726} INFO - Sync 1 DAGs
[2023-09-13T08:08:21.390+0000] {logging_mixin.py:149} INFO - [2023-09-13T08:08:21.389+0000] {dag.py:3490} INFO - Setting next_dagrun for example_sla_dag to 2023-09-13T08:06:00+00:00, run_after=2023-09-13T08:08:00+00:00
[2023-09-13T08:08:21.440+0000] {processor.py:178} INFO - Processing /home/airflow/.local/lib/python3.7/site-packages/airflow/example_dags/example_sla_dag.py took 0.249 seconds
[2023-09-13T08:08:51.643+0000] {processor.py:156} INFO - Started process (PID=1211) to work on /home/airflow/.local/lib/python3.7/site-packages/airflow/example_dags/example_sla_dag.py
[2023-09-13T08:08:51.647+0000] {processor.py:799} INFO - Processing file /home/airflow/.local/lib/python3.7/site-packages/airflow/example_dags/example_sla_dag.py for tasks to queue
[2023-09-13T08:08:51.651+0000] {logging_mixin.py:149} INFO - [2023-09-13T08:08:51.650+0000] {dagbag.py:541} INFO - Filling up the DagBag from /home/airflow/.local/lib/python3.7/site-packages/airflow/example_dags/example_sla_dag.py
[2023-09-13T08:08:51.714+0000] {processor.py:809} INFO - DAG(s) dict_keys(['example_sla_dag']) retrieved from /home/airflow/.local/lib/python3.7/site-packages/airflow/example_dags/example_sla_dag.py
[2023-09-13T08:08:51.872+0000] {logging_mixin.py:149} INFO - [2023-09-13T08:08:51.871+0000] {dag.py:2726} INFO - Sync 1 DAGs
[2023-09-13T08:08:52.136+0000] {logging_mixin.py:149} INFO - [2023-09-13T08:08:52.136+0000] {dag.py:3490} INFO - Setting next_dagrun for example_sla_dag to 2023-09-13T08:06:00+00:00, run_after=2023-09-13T08:08:00+00:00
[2023-09-13T08:08:52.330+0000] {processor.py:178} INFO - Processing /home/airflow/.local/lib/python3.7/site-packages/airflow/example_dags/example_sla_dag.py took 0.705 seconds
[2023-09-13T08:09:23.210+0000] {processor.py:156} INFO - Started process (PID=1271) to work on /home/airflow/.local/lib/python3.7/site-packages/airflow/example_dags/example_sla_dag.py
[2023-09-13T08:09:23.213+0000] {processor.py:799} INFO - Processing file /home/airflow/.local/lib/python3.7/site-packages/airflow/example_dags/example_sla_dag.py for tasks to queue
[2023-09-13T08:09:23.216+0000] {logging_mixin.py:149} INFO - [2023-09-13T08:09:23.215+0000] {dagbag.py:541} INFO - Filling up the DagBag from /home/airflow/.local/lib/python3.7/site-packages/airflow/example_dags/example_sla_dag.py
[2023-09-13T08:09:23.234+0000] {processor.py:809} INFO - DAG(s) dict_keys(['example_sla_dag']) retrieved from /home/airflow/.local/lib/python3.7/site-packages/airflow/example_dags/example_sla_dag.py
[2023-09-13T08:09:23.285+0000] {logging_mixin.py:149} INFO - [2023-09-13T08:09:23.285+0000] {dag.py:2726} INFO - Sync 1 DAGs
[2023-09-13T08:09:23.350+0000] {logging_mixin.py:149} INFO - [2023-09-13T08:09:23.350+0000] {dag.py:3490} INFO - Setting next_dagrun for example_sla_dag to 2023-09-13T08:06:00+00:00, run_after=2023-09-13T08:08:00+00:00
[2023-09-13T08:09:23.408+0000] {processor.py:178} INFO - Processing /home/airflow/.local/lib/python3.7/site-packages/airflow/example_dags/example_sla_dag.py took 0.204 seconds
[2023-09-13T08:09:53.710+0000] {processor.py:156} INFO - Started process (PID=1331) to work on /home/airflow/.local/lib/python3.7/site-packages/airflow/example_dags/example_sla_dag.py
[2023-09-13T08:09:53.713+0000] {processor.py:799} INFO - Processing file /home/airflow/.local/lib/python3.7/site-packages/airflow/example_dags/example_sla_dag.py for tasks to queue
[2023-09-13T08:09:53.718+0000] {logging_mixin.py:149} INFO - [2023-09-13T08:09:53.717+0000] {dagbag.py:541} INFO - Filling up the DagBag from /home/airflow/.local/lib/python3.7/site-packages/airflow/example_dags/example_sla_dag.py
[2023-09-13T08:09:53.735+0000] {processor.py:809} INFO - DAG(s) dict_keys(['example_sla_dag']) retrieved from /home/airflow/.local/lib/python3.7/site-packages/airflow/example_dags/example_sla_dag.py
[2023-09-13T08:09:53.784+0000] {logging_mixin.py:149} INFO - [2023-09-13T08:09:53.783+0000] {dag.py:2726} INFO - Sync 1 DAGs
[2023-09-13T08:09:53.855+0000] {logging_mixin.py:149} INFO - [2023-09-13T08:09:53.855+0000] {dag.py:3490} INFO - Setting next_dagrun for example_sla_dag to 2023-09-13T08:06:00+00:00, run_after=2023-09-13T08:08:00+00:00
[2023-09-13T08:09:53.907+0000] {processor.py:178} INFO - Processing /home/airflow/.local/lib/python3.7/site-packages/airflow/example_dags/example_sla_dag.py took 0.205 seconds
[2023-09-13T08:10:24.232+0000] {processor.py:156} INFO - Started process (PID=1391) to work on /home/airflow/.local/lib/python3.7/site-packages/airflow/example_dags/example_sla_dag.py
[2023-09-13T08:10:24.239+0000] {processor.py:799} INFO - Processing file /home/airflow/.local/lib/python3.7/site-packages/airflow/example_dags/example_sla_dag.py for tasks to queue
[2023-09-13T08:10:24.243+0000] {logging_mixin.py:149} INFO - [2023-09-13T08:10:24.242+0000] {dagbag.py:541} INFO - Filling up the DagBag from /home/airflow/.local/lib/python3.7/site-packages/airflow/example_dags/example_sla_dag.py
[2023-09-13T08:10:24.258+0000] {processor.py:809} INFO - DAG(s) dict_keys(['example_sla_dag']) retrieved from /home/airflow/.local/lib/python3.7/site-packages/airflow/example_dags/example_sla_dag.py
[2023-09-13T08:10:24.305+0000] {logging_mixin.py:149} INFO - [2023-09-13T08:10:24.305+0000] {dag.py:2726} INFO - Sync 1 DAGs
[2023-09-13T08:10:24.373+0000] {logging_mixin.py:149} INFO - [2023-09-13T08:10:24.372+0000] {dag.py:3490} INFO - Setting next_dagrun for example_sla_dag to 2023-09-13T08:08:00+00:00, run_after=2023-09-13T08:10:00+00:00
[2023-09-13T08:10:24.424+0000] {processor.py:178} INFO - Processing /home/airflow/.local/lib/python3.7/site-packages/airflow/example_dags/example_sla_dag.py took 0.201 seconds
[2023-09-13T08:10:54.679+0000] {processor.py:156} INFO - Started process (PID=1452) to work on /home/airflow/.local/lib/python3.7/site-packages/airflow/example_dags/example_sla_dag.py
[2023-09-13T08:10:54.682+0000] {processor.py:799} INFO - Processing file /home/airflow/.local/lib/python3.7/site-packages/airflow/example_dags/example_sla_dag.py for tasks to queue
[2023-09-13T08:10:54.686+0000] {logging_mixin.py:149} INFO - [2023-09-13T08:10:54.685+0000] {dagbag.py:541} INFO - Filling up the DagBag from /home/airflow/.local/lib/python3.7/site-packages/airflow/example_dags/example_sla_dag.py
[2023-09-13T08:10:54.719+0000] {processor.py:809} INFO - DAG(s) dict_keys(['example_sla_dag']) retrieved from /home/airflow/.local/lib/python3.7/site-packages/airflow/example_dags/example_sla_dag.py
[2023-09-13T08:10:54.803+0000] {logging_mixin.py:149} INFO - [2023-09-13T08:10:54.802+0000] {dag.py:2726} INFO - Sync 1 DAGs
[2023-09-13T08:10:54.930+0000] {logging_mixin.py:149} INFO - [2023-09-13T08:10:54.929+0000] {dag.py:3490} INFO - Setting next_dagrun for example_sla_dag to 2023-09-13T08:08:00+00:00, run_after=2023-09-13T08:10:00+00:00
[2023-09-13T08:10:55.001+0000] {processor.py:178} INFO - Processing /home/airflow/.local/lib/python3.7/site-packages/airflow/example_dags/example_sla_dag.py took 0.329 seconds
[2023-09-13T08:11:25.140+0000] {processor.py:156} INFO - Started process (PID=1512) to work on /home/airflow/.local/lib/python3.7/site-packages/airflow/example_dags/example_sla_dag.py
[2023-09-13T08:11:25.144+0000] {processor.py:799} INFO - Processing file /home/airflow/.local/lib/python3.7/site-packages/airflow/example_dags/example_sla_dag.py for tasks to queue
[2023-09-13T08:11:25.147+0000] {logging_mixin.py:149} INFO - [2023-09-13T08:11:25.147+0000] {dagbag.py:541} INFO - Filling up the DagBag from /home/airflow/.local/lib/python3.7/site-packages/airflow/example_dags/example_sla_dag.py
[2023-09-13T08:11:25.171+0000] {processor.py:809} INFO - DAG(s) dict_keys(['example_sla_dag']) retrieved from /home/airflow/.local/lib/python3.7/site-packages/airflow/example_dags/example_sla_dag.py
[2023-09-13T08:11:25.257+0000] {logging_mixin.py:149} INFO - [2023-09-13T08:11:25.256+0000] {dag.py:2726} INFO - Sync 1 DAGs
[2023-09-13T08:11:25.366+0000] {logging_mixin.py:149} INFO - [2023-09-13T08:11:25.366+0000] {dag.py:3490} INFO - Setting next_dagrun for example_sla_dag to 2023-09-13T08:08:00+00:00, run_after=2023-09-13T08:10:00+00:00
[2023-09-13T08:11:25.428+0000] {processor.py:178} INFO - Processing /home/airflow/.local/lib/python3.7/site-packages/airflow/example_dags/example_sla_dag.py took 0.299 seconds
[2023-09-13T08:11:55.835+0000] {processor.py:156} INFO - Started process (PID=1572) to work on /home/airflow/.local/lib/python3.7/site-packages/airflow/example_dags/example_sla_dag.py
[2023-09-13T08:11:55.839+0000] {processor.py:799} INFO - Processing file /home/airflow/.local/lib/python3.7/site-packages/airflow/example_dags/example_sla_dag.py for tasks to queue
[2023-09-13T08:11:55.842+0000] {logging_mixin.py:149} INFO - [2023-09-13T08:11:55.841+0000] {dagbag.py:541} INFO - Filling up the DagBag from /home/airflow/.local/lib/python3.7/site-packages/airflow/example_dags/example_sla_dag.py
[2023-09-13T08:11:55.858+0000] {processor.py:809} INFO - DAG(s) dict_keys(['example_sla_dag']) retrieved from /home/airflow/.local/lib/python3.7/site-packages/airflow/example_dags/example_sla_dag.py
[2023-09-13T08:11:55.924+0000] {logging_mixin.py:149} INFO - [2023-09-13T08:11:55.923+0000] {dag.py:2726} INFO - Sync 1 DAGs
[2023-09-13T08:11:55.986+0000] {logging_mixin.py:149} INFO - [2023-09-13T08:11:55.986+0000] {dag.py:3490} INFO - Setting next_dagrun for example_sla_dag to 2023-09-13T08:08:00+00:00, run_after=2023-09-13T08:10:00+00:00
[2023-09-13T08:11:56.034+0000] {processor.py:178} INFO - Processing /home/airflow/.local/lib/python3.7/site-packages/airflow/example_dags/example_sla_dag.py took 0.211 seconds
[2023-09-13T08:12:26.389+0000] {processor.py:156} INFO - Started process (PID=1632) to work on /home/airflow/.local/lib/python3.7/site-packages/airflow/example_dags/example_sla_dag.py
[2023-09-13T08:12:26.399+0000] {processor.py:799} INFO - Processing file /home/airflow/.local/lib/python3.7/site-packages/airflow/example_dags/example_sla_dag.py for tasks to queue
[2023-09-13T08:12:26.402+0000] {logging_mixin.py:149} INFO - [2023-09-13T08:12:26.402+0000] {dagbag.py:541} INFO - Filling up the DagBag from /home/airflow/.local/lib/python3.7/site-packages/airflow/example_dags/example_sla_dag.py
[2023-09-13T08:12:26.426+0000] {processor.py:809} INFO - DAG(s) dict_keys(['example_sla_dag']) retrieved from /home/airflow/.local/lib/python3.7/site-packages/airflow/example_dags/example_sla_dag.py
[2023-09-13T08:12:26.492+0000] {logging_mixin.py:149} INFO - [2023-09-13T08:12:26.482+0000] {dag.py:2726} INFO - Sync 1 DAGs
[2023-09-13T08:12:26.579+0000] {logging_mixin.py:149} INFO - [2023-09-13T08:12:26.579+0000] {dag.py:3490} INFO - Setting next_dagrun for example_sla_dag to 2023-09-13T08:10:00+00:00, run_after=2023-09-13T08:12:00+00:00
[2023-09-13T08:12:26.626+0000] {processor.py:178} INFO - Processing /home/airflow/.local/lib/python3.7/site-packages/airflow/example_dags/example_sla_dag.py took 0.243 seconds
[2023-09-13T09:26:10.803+0000] {processor.py:156} INFO - Started process (PID=56) to work on /home/airflow/.local/lib/python3.7/site-packages/airflow/example_dags/example_sla_dag.py
[2023-09-13T09:26:10.805+0000] {processor.py:799} INFO - Processing file /home/airflow/.local/lib/python3.7/site-packages/airflow/example_dags/example_sla_dag.py for tasks to queue
[2023-09-13T09:26:10.807+0000] {logging_mixin.py:149} INFO - [2023-09-13T09:26:10.806+0000] {dagbag.py:541} INFO - Filling up the DagBag from /home/airflow/.local/lib/python3.7/site-packages/airflow/example_dags/example_sla_dag.py
[2023-09-13T09:26:10.826+0000] {processor.py:809} INFO - DAG(s) dict_keys(['example_sla_dag']) retrieved from /home/airflow/.local/lib/python3.7/site-packages/airflow/example_dags/example_sla_dag.py
[2023-09-13T09:26:10.875+0000] {logging_mixin.py:149} INFO - [2023-09-13T09:26:10.875+0000] {dag.py:2726} INFO - Sync 1 DAGs
[2023-09-13T09:26:10.935+0000] {logging_mixin.py:149} INFO - [2023-09-13T09:26:10.935+0000] {dag.py:3490} INFO - Setting next_dagrun for example_sla_dag to 2023-09-13T09:24:00+00:00, run_after=2023-09-13T09:26:00+00:00
[2023-09-13T09:26:10.972+0000] {processor.py:178} INFO - Processing /home/airflow/.local/lib/python3.7/site-packages/airflow/example_dags/example_sla_dag.py took 0.175 seconds
