[2023-09-13T07:58:55.740+0000] {processor.py:156} INFO - Started process (PID=68) to work on /home/airflow/.local/lib/python3.7/site-packages/airflow/example_dags/example_branch_datetime_operator.py
[2023-09-13T07:58:55.744+0000] {processor.py:799} INFO - Processing file /home/airflow/.local/lib/python3.7/site-packages/airflow/example_dags/example_branch_datetime_operator.py for tasks to queue
[2023-09-13T07:58:55.747+0000] {logging_mixin.py:149} INFO - [2023-09-13T07:58:55.747+0000] {dagbag.py:541} INFO - Filling up the DagBag from /home/airflow/.local/lib/python3.7/site-packages/airflow/example_dags/example_branch_datetime_operator.py
[2023-09-13T07:58:55.783+0000] {processor.py:809} INFO - DAG(s) dict_keys(['example_branch_datetime_operator_2', 'example_branch_datetime_operator', 'example_branch_datetime_operator_3']) retrieved from /home/airflow/.local/lib/python3.7/site-packages/airflow/example_dags/example_branch_datetime_operator.py
[2023-09-13T07:58:55.907+0000] {logging_mixin.py:149} INFO - [2023-09-13T07:58:55.906+0000] {dag.py:2726} INFO - Sync 3 DAGs
[2023-09-13T07:58:56.052+0000] {logging_mixin.py:149} INFO - [2023-09-13T07:58:56.052+0000] {dag.py:3490} INFO - Setting next_dagrun for example_branch_datetime_operator to 2023-09-12T00:00:00+00:00, run_after=2023-09-13T00:00:00+00:00
[2023-09-13T07:58:56.074+0000] {logging_mixin.py:149} INFO - [2023-09-13T07:58:56.074+0000] {dag.py:3490} INFO - Setting next_dagrun for example_branch_datetime_operator_2 to 2023-09-12T00:00:00+00:00, run_after=2023-09-13T00:00:00+00:00
[2023-09-13T07:58:56.090+0000] {logging_mixin.py:149} INFO - [2023-09-13T07:58:56.089+0000] {dag.py:3490} INFO - Setting next_dagrun for example_branch_datetime_operator_3 to 2023-09-12T00:00:00+00:00, run_after=2023-09-13T00:00:00+00:00
[2023-09-13T07:58:56.168+0000] {processor.py:178} INFO - Processing /home/airflow/.local/lib/python3.7/site-packages/airflow/example_dags/example_branch_datetime_operator.py took 0.437 seconds
[2023-09-13T07:59:26.287+0000] {processor.py:156} INFO - Started process (PID=128) to work on /home/airflow/.local/lib/python3.7/site-packages/airflow/example_dags/example_branch_datetime_operator.py
[2023-09-13T07:59:26.289+0000] {processor.py:799} INFO - Processing file /home/airflow/.local/lib/python3.7/site-packages/airflow/example_dags/example_branch_datetime_operator.py for tasks to queue
[2023-09-13T07:59:26.292+0000] {logging_mixin.py:149} INFO - [2023-09-13T07:59:26.291+0000] {dagbag.py:541} INFO - Filling up the DagBag from /home/airflow/.local/lib/python3.7/site-packages/airflow/example_dags/example_branch_datetime_operator.py
[2023-09-13T07:59:26.315+0000] {processor.py:809} INFO - DAG(s) dict_keys(['example_branch_datetime_operator', 'example_branch_datetime_operator_3', 'example_branch_datetime_operator_2']) retrieved from /home/airflow/.local/lib/python3.7/site-packages/airflow/example_dags/example_branch_datetime_operator.py
[2023-09-13T07:59:26.375+0000] {logging_mixin.py:149} INFO - [2023-09-13T07:59:26.375+0000] {dag.py:2726} INFO - Sync 3 DAGs
[2023-09-13T07:59:26.421+0000] {logging_mixin.py:149} INFO - [2023-09-13T07:59:26.421+0000] {dag.py:3490} INFO - Setting next_dagrun for example_branch_datetime_operator to 2023-09-12T00:00:00+00:00, run_after=2023-09-13T00:00:00+00:00
[2023-09-13T07:59:26.431+0000] {logging_mixin.py:149} INFO - [2023-09-13T07:59:26.431+0000] {dag.py:3490} INFO - Setting next_dagrun for example_branch_datetime_operator_2 to 2023-09-12T00:00:00+00:00, run_after=2023-09-13T00:00:00+00:00
[2023-09-13T07:59:26.437+0000] {logging_mixin.py:149} INFO - [2023-09-13T07:59:26.437+0000] {dag.py:3490} INFO - Setting next_dagrun for example_branch_datetime_operator_3 to 2023-09-12T00:00:00+00:00, run_after=2023-09-13T00:00:00+00:00
[2023-09-13T07:59:26.472+0000] {processor.py:178} INFO - Processing /home/airflow/.local/lib/python3.7/site-packages/airflow/example_dags/example_branch_datetime_operator.py took 0.191 seconds
[2023-09-13T07:59:59.608+0000] {processor.py:156} INFO - Started process (PID=188) to work on /home/airflow/.local/lib/python3.7/site-packages/airflow/example_dags/example_branch_datetime_operator.py
[2023-09-13T07:59:59.610+0000] {processor.py:799} INFO - Processing file /home/airflow/.local/lib/python3.7/site-packages/airflow/example_dags/example_branch_datetime_operator.py for tasks to queue
[2023-09-13T07:59:59.612+0000] {logging_mixin.py:149} INFO - [2023-09-13T07:59:59.612+0000] {dagbag.py:541} INFO - Filling up the DagBag from /home/airflow/.local/lib/python3.7/site-packages/airflow/example_dags/example_branch_datetime_operator.py
[2023-09-13T07:59:59.633+0000] {processor.py:809} INFO - DAG(s) dict_keys(['example_branch_datetime_operator_2', 'example_branch_datetime_operator_3', 'example_branch_datetime_operator']) retrieved from /home/airflow/.local/lib/python3.7/site-packages/airflow/example_dags/example_branch_datetime_operator.py
[2023-09-13T07:59:59.729+0000] {logging_mixin.py:149} INFO - [2023-09-13T07:59:59.729+0000] {dag.py:2726} INFO - Sync 3 DAGs
[2023-09-13T07:59:59.985+0000] {logging_mixin.py:149} INFO - [2023-09-13T07:59:59.985+0000] {dag.py:3490} INFO - Setting next_dagrun for example_branch_datetime_operator to 2023-09-12T00:00:00+00:00, run_after=2023-09-13T00:00:00+00:00
[2023-09-13T07:59:59.998+0000] {logging_mixin.py:149} INFO - [2023-09-13T07:59:59.998+0000] {dag.py:3490} INFO - Setting next_dagrun for example_branch_datetime_operator_2 to 2023-09-12T00:00:00+00:00, run_after=2023-09-13T00:00:00+00:00
[2023-09-13T08:00:00.007+0000] {logging_mixin.py:149} INFO - [2023-09-13T08:00:00.006+0000] {dag.py:3490} INFO - Setting next_dagrun for example_branch_datetime_operator_3 to 2023-09-12T00:00:00+00:00, run_after=2023-09-13T00:00:00+00:00
[2023-09-13T08:00:00.065+0000] {processor.py:178} INFO - Processing /home/airflow/.local/lib/python3.7/site-packages/airflow/example_dags/example_branch_datetime_operator.py took 0.463 seconds
[2023-09-13T08:00:30.281+0000] {processor.py:156} INFO - Started process (PID=248) to work on /home/airflow/.local/lib/python3.7/site-packages/airflow/example_dags/example_branch_datetime_operator.py
[2023-09-13T08:00:30.285+0000] {processor.py:799} INFO - Processing file /home/airflow/.local/lib/python3.7/site-packages/airflow/example_dags/example_branch_datetime_operator.py for tasks to queue
[2023-09-13T08:00:30.288+0000] {logging_mixin.py:149} INFO - [2023-09-13T08:00:30.287+0000] {dagbag.py:541} INFO - Filling up the DagBag from /home/airflow/.local/lib/python3.7/site-packages/airflow/example_dags/example_branch_datetime_operator.py
[2023-09-13T08:00:30.332+0000] {processor.py:809} INFO - DAG(s) dict_keys(['example_branch_datetime_operator_2', 'example_branch_datetime_operator', 'example_branch_datetime_operator_3']) retrieved from /home/airflow/.local/lib/python3.7/site-packages/airflow/example_dags/example_branch_datetime_operator.py
[2023-09-13T08:00:30.448+0000] {logging_mixin.py:149} INFO - [2023-09-13T08:00:30.448+0000] {dag.py:2726} INFO - Sync 3 DAGs
[2023-09-13T08:00:30.543+0000] {logging_mixin.py:149} INFO - [2023-09-13T08:00:30.542+0000] {dag.py:3490} INFO - Setting next_dagrun for example_branch_datetime_operator to 2023-09-12T00:00:00+00:00, run_after=2023-09-13T00:00:00+00:00
[2023-09-13T08:00:30.558+0000] {logging_mixin.py:149} INFO - [2023-09-13T08:00:30.557+0000] {dag.py:3490} INFO - Setting next_dagrun for example_branch_datetime_operator_2 to 2023-09-12T00:00:00+00:00, run_after=2023-09-13T00:00:00+00:00
[2023-09-13T08:00:30.566+0000] {logging_mixin.py:149} INFO - [2023-09-13T08:00:30.566+0000] {dag.py:3490} INFO - Setting next_dagrun for example_branch_datetime_operator_3 to 2023-09-12T00:00:00+00:00, run_after=2023-09-13T00:00:00+00:00
[2023-09-13T08:00:30.626+0000] {processor.py:178} INFO - Processing /home/airflow/.local/lib/python3.7/site-packages/airflow/example_dags/example_branch_datetime_operator.py took 0.353 seconds
[2023-09-13T08:01:03.298+0000] {processor.py:156} INFO - Started process (PID=308) to work on /home/airflow/.local/lib/python3.7/site-packages/airflow/example_dags/example_branch_datetime_operator.py
[2023-09-13T08:01:03.312+0000] {processor.py:799} INFO - Processing file /home/airflow/.local/lib/python3.7/site-packages/airflow/example_dags/example_branch_datetime_operator.py for tasks to queue
[2023-09-13T08:01:03.323+0000] {logging_mixin.py:149} INFO - [2023-09-13T08:01:03.322+0000] {dagbag.py:541} INFO - Filling up the DagBag from /home/airflow/.local/lib/python3.7/site-packages/airflow/example_dags/example_branch_datetime_operator.py
[2023-09-13T08:01:03.394+0000] {processor.py:809} INFO - DAG(s) dict_keys(['example_branch_datetime_operator_3', 'example_branch_datetime_operator', 'example_branch_datetime_operator_2']) retrieved from /home/airflow/.local/lib/python3.7/site-packages/airflow/example_dags/example_branch_datetime_operator.py
[2023-09-13T08:01:03.592+0000] {logging_mixin.py:149} INFO - [2023-09-13T08:01:03.591+0000] {dag.py:2726} INFO - Sync 3 DAGs
[2023-09-13T08:01:03.775+0000] {logging_mixin.py:149} INFO - [2023-09-13T08:01:03.774+0000] {dag.py:3490} INFO - Setting next_dagrun for example_branch_datetime_operator to 2023-09-12T00:00:00+00:00, run_after=2023-09-13T00:00:00+00:00
[2023-09-13T08:01:03.803+0000] {logging_mixin.py:149} INFO - [2023-09-13T08:01:03.803+0000] {dag.py:3490} INFO - Setting next_dagrun for example_branch_datetime_operator_2 to 2023-09-12T00:00:00+00:00, run_after=2023-09-13T00:00:00+00:00
[2023-09-13T08:01:03.823+0000] {logging_mixin.py:149} INFO - [2023-09-13T08:01:03.823+0000] {dag.py:3490} INFO - Setting next_dagrun for example_branch_datetime_operator_3 to 2023-09-12T00:00:00+00:00, run_after=2023-09-13T00:00:00+00:00
[2023-09-13T08:01:03.916+0000] {processor.py:178} INFO - Processing /home/airflow/.local/lib/python3.7/site-packages/airflow/example_dags/example_branch_datetime_operator.py took 0.638 seconds
[2023-09-13T08:01:34.559+0000] {processor.py:156} INFO - Started process (PID=368) to work on /home/airflow/.local/lib/python3.7/site-packages/airflow/example_dags/example_branch_datetime_operator.py
[2023-09-13T08:01:34.565+0000] {processor.py:799} INFO - Processing file /home/airflow/.local/lib/python3.7/site-packages/airflow/example_dags/example_branch_datetime_operator.py for tasks to queue
[2023-09-13T08:01:34.573+0000] {logging_mixin.py:149} INFO - [2023-09-13T08:01:34.573+0000] {dagbag.py:541} INFO - Filling up the DagBag from /home/airflow/.local/lib/python3.7/site-packages/airflow/example_dags/example_branch_datetime_operator.py
[2023-09-13T08:01:34.633+0000] {processor.py:809} INFO - DAG(s) dict_keys(['example_branch_datetime_operator', 'example_branch_datetime_operator_3', 'example_branch_datetime_operator_2']) retrieved from /home/airflow/.local/lib/python3.7/site-packages/airflow/example_dags/example_branch_datetime_operator.py
[2023-09-13T08:01:34.853+0000] {logging_mixin.py:149} INFO - [2023-09-13T08:01:34.853+0000] {dag.py:2726} INFO - Sync 3 DAGs
[2023-09-13T08:01:35.040+0000] {logging_mixin.py:149} INFO - [2023-09-13T08:01:35.040+0000] {dag.py:3490} INFO - Setting next_dagrun for example_branch_datetime_operator to 2023-09-12T00:00:00+00:00, run_after=2023-09-13T00:00:00+00:00
[2023-09-13T08:01:35.073+0000] {logging_mixin.py:149} INFO - [2023-09-13T08:01:35.064+0000] {dag.py:3490} INFO - Setting next_dagrun for example_branch_datetime_operator_2 to 2023-09-12T00:00:00+00:00, run_after=2023-09-13T00:00:00+00:00
[2023-09-13T08:01:35.094+0000] {logging_mixin.py:149} INFO - [2023-09-13T08:01:35.093+0000] {dag.py:3490} INFO - Setting next_dagrun for example_branch_datetime_operator_3 to 2023-09-12T00:00:00+00:00, run_after=2023-09-13T00:00:00+00:00
[2023-09-13T08:01:35.252+0000] {processor.py:178} INFO - Processing /home/airflow/.local/lib/python3.7/site-packages/airflow/example_dags/example_branch_datetime_operator.py took 0.704 seconds
[2023-09-13T08:02:06.111+0000] {processor.py:156} INFO - Started process (PID=428) to work on /home/airflow/.local/lib/python3.7/site-packages/airflow/example_dags/example_branch_datetime_operator.py
[2023-09-13T08:02:06.113+0000] {processor.py:799} INFO - Processing file /home/airflow/.local/lib/python3.7/site-packages/airflow/example_dags/example_branch_datetime_operator.py for tasks to queue
[2023-09-13T08:02:06.115+0000] {logging_mixin.py:149} INFO - [2023-09-13T08:02:06.115+0000] {dagbag.py:541} INFO - Filling up the DagBag from /home/airflow/.local/lib/python3.7/site-packages/airflow/example_dags/example_branch_datetime_operator.py
[2023-09-13T08:02:06.133+0000] {processor.py:809} INFO - DAG(s) dict_keys(['example_branch_datetime_operator_3', 'example_branch_datetime_operator', 'example_branch_datetime_operator_2']) retrieved from /home/airflow/.local/lib/python3.7/site-packages/airflow/example_dags/example_branch_datetime_operator.py
[2023-09-13T08:02:06.189+0000] {logging_mixin.py:149} INFO - [2023-09-13T08:02:06.188+0000] {dag.py:2726} INFO - Sync 3 DAGs
[2023-09-13T08:02:06.237+0000] {logging_mixin.py:149} INFO - [2023-09-13T08:02:06.237+0000] {dag.py:3490} INFO - Setting next_dagrun for example_branch_datetime_operator to 2023-09-12T00:00:00+00:00, run_after=2023-09-13T00:00:00+00:00
[2023-09-13T08:02:06.246+0000] {logging_mixin.py:149} INFO - [2023-09-13T08:02:06.246+0000] {dag.py:3490} INFO - Setting next_dagrun for example_branch_datetime_operator_2 to 2023-09-12T00:00:00+00:00, run_after=2023-09-13T00:00:00+00:00
[2023-09-13T08:02:06.251+0000] {logging_mixin.py:149} INFO - [2023-09-13T08:02:06.251+0000] {dag.py:3490} INFO - Setting next_dagrun for example_branch_datetime_operator_3 to 2023-09-12T00:00:00+00:00, run_after=2023-09-13T00:00:00+00:00
[2023-09-13T08:02:06.283+0000] {processor.py:178} INFO - Processing /home/airflow/.local/lib/python3.7/site-packages/airflow/example_dags/example_branch_datetime_operator.py took 0.176 seconds
[2023-09-13T08:02:36.857+0000] {processor.py:156} INFO - Started process (PID=488) to work on /home/airflow/.local/lib/python3.7/site-packages/airflow/example_dags/example_branch_datetime_operator.py
[2023-09-13T08:02:36.920+0000] {processor.py:799} INFO - Processing file /home/airflow/.local/lib/python3.7/site-packages/airflow/example_dags/example_branch_datetime_operator.py for tasks to queue
[2023-09-13T08:02:36.960+0000] {logging_mixin.py:149} INFO - [2023-09-13T08:02:36.959+0000] {dagbag.py:541} INFO - Filling up the DagBag from /home/airflow/.local/lib/python3.7/site-packages/airflow/example_dags/example_branch_datetime_operator.py
[2023-09-13T08:02:37.013+0000] {processor.py:809} INFO - DAG(s) dict_keys(['example_branch_datetime_operator_2', 'example_branch_datetime_operator', 'example_branch_datetime_operator_3']) retrieved from /home/airflow/.local/lib/python3.7/site-packages/airflow/example_dags/example_branch_datetime_operator.py
[2023-09-13T08:02:37.141+0000] {logging_mixin.py:149} INFO - [2023-09-13T08:02:37.141+0000] {dag.py:2726} INFO - Sync 3 DAGs
[2023-09-13T08:02:37.204+0000] {logging_mixin.py:149} INFO - [2023-09-13T08:02:37.204+0000] {dag.py:3490} INFO - Setting next_dagrun for example_branch_datetime_operator to 2023-09-12T00:00:00+00:00, run_after=2023-09-13T00:00:00+00:00
[2023-09-13T08:02:37.217+0000] {logging_mixin.py:149} INFO - [2023-09-13T08:02:37.217+0000] {dag.py:3490} INFO - Setting next_dagrun for example_branch_datetime_operator_2 to 2023-09-12T00:00:00+00:00, run_after=2023-09-13T00:00:00+00:00
[2023-09-13T08:02:37.226+0000] {logging_mixin.py:149} INFO - [2023-09-13T08:02:37.225+0000] {dag.py:3490} INFO - Setting next_dagrun for example_branch_datetime_operator_3 to 2023-09-12T00:00:00+00:00, run_after=2023-09-13T00:00:00+00:00
[2023-09-13T08:02:37.268+0000] {processor.py:178} INFO - Processing /home/airflow/.local/lib/python3.7/site-packages/airflow/example_dags/example_branch_datetime_operator.py took 0.440 seconds
[2023-09-13T08:03:09.176+0000] {processor.py:156} INFO - Started process (PID=548) to work on /home/airflow/.local/lib/python3.7/site-packages/airflow/example_dags/example_branch_datetime_operator.py
[2023-09-13T08:03:09.182+0000] {processor.py:799} INFO - Processing file /home/airflow/.local/lib/python3.7/site-packages/airflow/example_dags/example_branch_datetime_operator.py for tasks to queue
[2023-09-13T08:03:09.192+0000] {logging_mixin.py:149} INFO - [2023-09-13T08:03:09.192+0000] {dagbag.py:541} INFO - Filling up the DagBag from /home/airflow/.local/lib/python3.7/site-packages/airflow/example_dags/example_branch_datetime_operator.py
[2023-09-13T08:03:09.243+0000] {processor.py:809} INFO - DAG(s) dict_keys(['example_branch_datetime_operator_3', 'example_branch_datetime_operator', 'example_branch_datetime_operator_2']) retrieved from /home/airflow/.local/lib/python3.7/site-packages/airflow/example_dags/example_branch_datetime_operator.py
[2023-09-13T08:03:09.375+0000] {logging_mixin.py:149} INFO - [2023-09-13T08:03:09.374+0000] {dag.py:2726} INFO - Sync 3 DAGs
[2023-09-13T08:03:09.476+0000] {logging_mixin.py:149} INFO - [2023-09-13T08:03:09.475+0000] {dag.py:3490} INFO - Setting next_dagrun for example_branch_datetime_operator to 2023-09-12T00:00:00+00:00, run_after=2023-09-13T00:00:00+00:00
[2023-09-13T08:03:09.492+0000] {logging_mixin.py:149} INFO - [2023-09-13T08:03:09.492+0000] {dag.py:3490} INFO - Setting next_dagrun for example_branch_datetime_operator_2 to 2023-09-12T00:00:00+00:00, run_after=2023-09-13T00:00:00+00:00
[2023-09-13T08:03:09.502+0000] {logging_mixin.py:149} INFO - [2023-09-13T08:03:09.501+0000] {dag.py:3490} INFO - Setting next_dagrun for example_branch_datetime_operator_3 to 2023-09-12T00:00:00+00:00, run_after=2023-09-13T00:00:00+00:00
[2023-09-13T08:03:09.590+0000] {processor.py:178} INFO - Processing /home/airflow/.local/lib/python3.7/site-packages/airflow/example_dags/example_branch_datetime_operator.py took 0.424 seconds
[2023-09-13T08:03:41.102+0000] {processor.py:156} INFO - Started process (PID=608) to work on /home/airflow/.local/lib/python3.7/site-packages/airflow/example_dags/example_branch_datetime_operator.py
[2023-09-13T08:03:41.105+0000] {processor.py:799} INFO - Processing file /home/airflow/.local/lib/python3.7/site-packages/airflow/example_dags/example_branch_datetime_operator.py for tasks to queue
[2023-09-13T08:03:41.110+0000] {logging_mixin.py:149} INFO - [2023-09-13T08:03:41.109+0000] {dagbag.py:541} INFO - Filling up the DagBag from /home/airflow/.local/lib/python3.7/site-packages/airflow/example_dags/example_branch_datetime_operator.py
[2023-09-13T08:03:41.155+0000] {processor.py:809} INFO - DAG(s) dict_keys(['example_branch_datetime_operator_3', 'example_branch_datetime_operator_2', 'example_branch_datetime_operator']) retrieved from /home/airflow/.local/lib/python3.7/site-packages/airflow/example_dags/example_branch_datetime_operator.py
[2023-09-13T08:03:41.298+0000] {logging_mixin.py:149} INFO - [2023-09-13T08:03:41.298+0000] {dag.py:2726} INFO - Sync 3 DAGs
[2023-09-13T08:03:41.432+0000] {logging_mixin.py:149} INFO - [2023-09-13T08:03:41.431+0000] {dag.py:3490} INFO - Setting next_dagrun for example_branch_datetime_operator to 2023-09-12T00:00:00+00:00, run_after=2023-09-13T00:00:00+00:00
[2023-09-13T08:03:41.457+0000] {logging_mixin.py:149} INFO - [2023-09-13T08:03:41.456+0000] {dag.py:3490} INFO - Setting next_dagrun for example_branch_datetime_operator_2 to 2023-09-12T00:00:00+00:00, run_after=2023-09-13T00:00:00+00:00
[2023-09-13T08:03:41.481+0000] {logging_mixin.py:149} INFO - [2023-09-13T08:03:41.480+0000] {dag.py:3490} INFO - Setting next_dagrun for example_branch_datetime_operator_3 to 2023-09-12T00:00:00+00:00, run_after=2023-09-13T00:00:00+00:00
[2023-09-13T08:03:41.560+0000] {processor.py:178} INFO - Processing /home/airflow/.local/lib/python3.7/site-packages/airflow/example_dags/example_branch_datetime_operator.py took 0.478 seconds
[2023-09-13T08:04:12.339+0000] {processor.py:156} INFO - Started process (PID=676) to work on /home/airflow/.local/lib/python3.7/site-packages/airflow/example_dags/example_branch_datetime_operator.py
[2023-09-13T08:04:12.343+0000] {processor.py:799} INFO - Processing file /home/airflow/.local/lib/python3.7/site-packages/airflow/example_dags/example_branch_datetime_operator.py for tasks to queue
[2023-09-13T08:04:12.349+0000] {logging_mixin.py:149} INFO - [2023-09-13T08:04:12.348+0000] {dagbag.py:541} INFO - Filling up the DagBag from /home/airflow/.local/lib/python3.7/site-packages/airflow/example_dags/example_branch_datetime_operator.py
[2023-09-13T08:04:12.422+0000] {processor.py:809} INFO - DAG(s) dict_keys(['example_branch_datetime_operator_2', 'example_branch_datetime_operator_3', 'example_branch_datetime_operator']) retrieved from /home/airflow/.local/lib/python3.7/site-packages/airflow/example_dags/example_branch_datetime_operator.py
[2023-09-13T08:04:12.763+0000] {logging_mixin.py:149} INFO - [2023-09-13T08:04:12.762+0000] {dag.py:2726} INFO - Sync 3 DAGs
[2023-09-13T08:04:13.046+0000] {logging_mixin.py:149} INFO - [2023-09-13T08:04:13.045+0000] {dag.py:3490} INFO - Setting next_dagrun for example_branch_datetime_operator to 2023-09-12T00:00:00+00:00, run_after=2023-09-13T00:00:00+00:00
[2023-09-13T08:04:13.084+0000] {logging_mixin.py:149} INFO - [2023-09-13T08:04:13.084+0000] {dag.py:3490} INFO - Setting next_dagrun for example_branch_datetime_operator_2 to 2023-09-12T00:00:00+00:00, run_after=2023-09-13T00:00:00+00:00
[2023-09-13T08:04:13.106+0000] {logging_mixin.py:149} INFO - [2023-09-13T08:04:13.106+0000] {dag.py:3490} INFO - Setting next_dagrun for example_branch_datetime_operator_3 to 2023-09-12T00:00:00+00:00, run_after=2023-09-13T00:00:00+00:00
[2023-09-13T08:04:13.208+0000] {processor.py:178} INFO - Processing /home/airflow/.local/lib/python3.7/site-packages/airflow/example_dags/example_branch_datetime_operator.py took 0.889 seconds
[2023-09-13T08:04:43.433+0000] {processor.py:156} INFO - Started process (PID=736) to work on /home/airflow/.local/lib/python3.7/site-packages/airflow/example_dags/example_branch_datetime_operator.py
[2023-09-13T08:04:43.436+0000] {processor.py:799} INFO - Processing file /home/airflow/.local/lib/python3.7/site-packages/airflow/example_dags/example_branch_datetime_operator.py for tasks to queue
[2023-09-13T08:04:43.439+0000] {logging_mixin.py:149} INFO - [2023-09-13T08:04:43.439+0000] {dagbag.py:541} INFO - Filling up the DagBag from /home/airflow/.local/lib/python3.7/site-packages/airflow/example_dags/example_branch_datetime_operator.py
[2023-09-13T08:04:43.465+0000] {processor.py:809} INFO - DAG(s) dict_keys(['example_branch_datetime_operator_2', 'example_branch_datetime_operator_3', 'example_branch_datetime_operator']) retrieved from /home/airflow/.local/lib/python3.7/site-packages/airflow/example_dags/example_branch_datetime_operator.py
[2023-09-13T08:04:43.547+0000] {logging_mixin.py:149} INFO - [2023-09-13T08:04:43.546+0000] {dag.py:2726} INFO - Sync 3 DAGs
[2023-09-13T08:04:43.630+0000] {logging_mixin.py:149} INFO - [2023-09-13T08:04:43.628+0000] {dag.py:3490} INFO - Setting next_dagrun for example_branch_datetime_operator to 2023-09-12T00:00:00+00:00, run_after=2023-09-13T00:00:00+00:00
[2023-09-13T08:04:43.650+0000] {logging_mixin.py:149} INFO - [2023-09-13T08:04:43.650+0000] {dag.py:3490} INFO - Setting next_dagrun for example_branch_datetime_operator_2 to 2023-09-12T00:00:00+00:00, run_after=2023-09-13T00:00:00+00:00
[2023-09-13T08:04:43.659+0000] {logging_mixin.py:149} INFO - [2023-09-13T08:04:43.659+0000] {dag.py:3490} INFO - Setting next_dagrun for example_branch_datetime_operator_3 to 2023-09-12T00:00:00+00:00, run_after=2023-09-13T00:00:00+00:00
[2023-09-13T08:04:43.714+0000] {processor.py:178} INFO - Processing /home/airflow/.local/lib/python3.7/site-packages/airflow/example_dags/example_branch_datetime_operator.py took 0.287 seconds
[2023-09-13T08:05:13.983+0000] {processor.py:156} INFO - Started process (PID=797) to work on /home/airflow/.local/lib/python3.7/site-packages/airflow/example_dags/example_branch_datetime_operator.py
[2023-09-13T08:05:13.989+0000] {processor.py:799} INFO - Processing file /home/airflow/.local/lib/python3.7/site-packages/airflow/example_dags/example_branch_datetime_operator.py for tasks to queue
[2023-09-13T08:05:13.992+0000] {logging_mixin.py:149} INFO - [2023-09-13T08:05:13.992+0000] {dagbag.py:541} INFO - Filling up the DagBag from /home/airflow/.local/lib/python3.7/site-packages/airflow/example_dags/example_branch_datetime_operator.py
[2023-09-13T08:05:14.036+0000] {processor.py:809} INFO - DAG(s) dict_keys(['example_branch_datetime_operator_3', 'example_branch_datetime_operator', 'example_branch_datetime_operator_2']) retrieved from /home/airflow/.local/lib/python3.7/site-packages/airflow/example_dags/example_branch_datetime_operator.py
[2023-09-13T08:05:14.104+0000] {logging_mixin.py:149} INFO - [2023-09-13T08:05:14.104+0000] {dag.py:2726} INFO - Sync 3 DAGs
[2023-09-13T08:05:14.165+0000] {logging_mixin.py:149} INFO - [2023-09-13T08:05:14.164+0000] {dag.py:3490} INFO - Setting next_dagrun for example_branch_datetime_operator to 2023-09-12T00:00:00+00:00, run_after=2023-09-13T00:00:00+00:00
[2023-09-13T08:05:14.177+0000] {logging_mixin.py:149} INFO - [2023-09-13T08:05:14.177+0000] {dag.py:3490} INFO - Setting next_dagrun for example_branch_datetime_operator_2 to 2023-09-12T00:00:00+00:00, run_after=2023-09-13T00:00:00+00:00
[2023-09-13T08:05:14.184+0000] {logging_mixin.py:149} INFO - [2023-09-13T08:05:14.184+0000] {dag.py:3490} INFO - Setting next_dagrun for example_branch_datetime_operator_3 to 2023-09-12T00:00:00+00:00, run_after=2023-09-13T00:00:00+00:00
[2023-09-13T08:05:14.234+0000] {processor.py:178} INFO - Processing /home/airflow/.local/lib/python3.7/site-packages/airflow/example_dags/example_branch_datetime_operator.py took 0.260 seconds
[2023-09-13T08:05:49.612+0000] {processor.py:156} INFO - Started process (PID=857) to work on /home/airflow/.local/lib/python3.7/site-packages/airflow/example_dags/example_branch_datetime_operator.py
[2023-09-13T08:05:49.618+0000] {processor.py:799} INFO - Processing file /home/airflow/.local/lib/python3.7/site-packages/airflow/example_dags/example_branch_datetime_operator.py for tasks to queue
[2023-09-13T08:05:49.635+0000] {logging_mixin.py:149} INFO - [2023-09-13T08:05:49.635+0000] {dagbag.py:541} INFO - Filling up the DagBag from /home/airflow/.local/lib/python3.7/site-packages/airflow/example_dags/example_branch_datetime_operator.py
[2023-09-13T08:05:49.706+0000] {processor.py:809} INFO - DAG(s) dict_keys(['example_branch_datetime_operator_2', 'example_branch_datetime_operator', 'example_branch_datetime_operator_3']) retrieved from /home/airflow/.local/lib/python3.7/site-packages/airflow/example_dags/example_branch_datetime_operator.py
[2023-09-13T08:05:49.876+0000] {logging_mixin.py:149} INFO - [2023-09-13T08:05:49.875+0000] {dag.py:2726} INFO - Sync 3 DAGs
[2023-09-13T08:05:50.029+0000] {logging_mixin.py:149} INFO - [2023-09-13T08:05:50.029+0000] {dag.py:3490} INFO - Setting next_dagrun for example_branch_datetime_operator to 2023-09-12T00:00:00+00:00, run_after=2023-09-13T00:00:00+00:00
[2023-09-13T08:05:50.063+0000] {logging_mixin.py:149} INFO - [2023-09-13T08:05:50.063+0000] {dag.py:3490} INFO - Setting next_dagrun for example_branch_datetime_operator_2 to 2023-09-12T00:00:00+00:00, run_after=2023-09-13T00:00:00+00:00
[2023-09-13T08:05:50.078+0000] {logging_mixin.py:149} INFO - [2023-09-13T08:05:50.078+0000] {dag.py:3490} INFO - Setting next_dagrun for example_branch_datetime_operator_3 to 2023-09-12T00:00:00+00:00, run_after=2023-09-13T00:00:00+00:00
[2023-09-13T08:05:50.186+0000] {processor.py:178} INFO - Processing /home/airflow/.local/lib/python3.7/site-packages/airflow/example_dags/example_branch_datetime_operator.py took 0.595 seconds
[2023-09-13T08:06:20.642+0000] {processor.py:156} INFO - Started process (PID=917) to work on /home/airflow/.local/lib/python3.7/site-packages/airflow/example_dags/example_branch_datetime_operator.py
[2023-09-13T08:06:20.645+0000] {processor.py:799} INFO - Processing file /home/airflow/.local/lib/python3.7/site-packages/airflow/example_dags/example_branch_datetime_operator.py for tasks to queue
[2023-09-13T08:06:20.649+0000] {logging_mixin.py:149} INFO - [2023-09-13T08:06:20.648+0000] {dagbag.py:541} INFO - Filling up the DagBag from /home/airflow/.local/lib/python3.7/site-packages/airflow/example_dags/example_branch_datetime_operator.py
[2023-09-13T08:06:20.674+0000] {processor.py:809} INFO - DAG(s) dict_keys(['example_branch_datetime_operator_2', 'example_branch_datetime_operator_3', 'example_branch_datetime_operator']) retrieved from /home/airflow/.local/lib/python3.7/site-packages/airflow/example_dags/example_branch_datetime_operator.py
[2023-09-13T08:06:20.743+0000] {logging_mixin.py:149} INFO - [2023-09-13T08:06:20.743+0000] {dag.py:2726} INFO - Sync 3 DAGs
[2023-09-13T08:06:20.803+0000] {logging_mixin.py:149} INFO - [2023-09-13T08:06:20.802+0000] {dag.py:3490} INFO - Setting next_dagrun for example_branch_datetime_operator to 2023-09-12T00:00:00+00:00, run_after=2023-09-13T00:00:00+00:00
[2023-09-13T08:06:20.821+0000] {logging_mixin.py:149} INFO - [2023-09-13T08:06:20.820+0000] {dag.py:3490} INFO - Setting next_dagrun for example_branch_datetime_operator_2 to 2023-09-12T00:00:00+00:00, run_after=2023-09-13T00:00:00+00:00
[2023-09-13T08:06:20.831+0000] {logging_mixin.py:149} INFO - [2023-09-13T08:06:20.830+0000] {dag.py:3490} INFO - Setting next_dagrun for example_branch_datetime_operator_3 to 2023-09-12T00:00:00+00:00, run_after=2023-09-13T00:00:00+00:00
[2023-09-13T08:06:20.888+0000] {processor.py:178} INFO - Processing /home/airflow/.local/lib/python3.7/site-packages/airflow/example_dags/example_branch_datetime_operator.py took 0.252 seconds
[2023-09-13T08:06:51.123+0000] {processor.py:156} INFO - Started process (PID=977) to work on /home/airflow/.local/lib/python3.7/site-packages/airflow/example_dags/example_branch_datetime_operator.py
[2023-09-13T08:06:51.126+0000] {processor.py:799} INFO - Processing file /home/airflow/.local/lib/python3.7/site-packages/airflow/example_dags/example_branch_datetime_operator.py for tasks to queue
[2023-09-13T08:06:51.129+0000] {logging_mixin.py:149} INFO - [2023-09-13T08:06:51.128+0000] {dagbag.py:541} INFO - Filling up the DagBag from /home/airflow/.local/lib/python3.7/site-packages/airflow/example_dags/example_branch_datetime_operator.py
[2023-09-13T08:06:51.159+0000] {processor.py:809} INFO - DAG(s) dict_keys(['example_branch_datetime_operator_2', 'example_branch_datetime_operator', 'example_branch_datetime_operator_3']) retrieved from /home/airflow/.local/lib/python3.7/site-packages/airflow/example_dags/example_branch_datetime_operator.py
[2023-09-13T08:06:51.257+0000] {logging_mixin.py:149} INFO - [2023-09-13T08:06:51.256+0000] {dag.py:2726} INFO - Sync 3 DAGs
[2023-09-13T08:06:51.332+0000] {logging_mixin.py:149} INFO - [2023-09-13T08:06:51.331+0000] {dag.py:3490} INFO - Setting next_dagrun for example_branch_datetime_operator to 2023-09-12T00:00:00+00:00, run_after=2023-09-13T00:00:00+00:00
[2023-09-13T08:06:51.350+0000] {logging_mixin.py:149} INFO - [2023-09-13T08:06:51.349+0000] {dag.py:3490} INFO - Setting next_dagrun for example_branch_datetime_operator_2 to 2023-09-12T00:00:00+00:00, run_after=2023-09-13T00:00:00+00:00
[2023-09-13T08:06:51.358+0000] {logging_mixin.py:149} INFO - [2023-09-13T08:06:51.358+0000] {dag.py:3490} INFO - Setting next_dagrun for example_branch_datetime_operator_3 to 2023-09-12T00:00:00+00:00, run_after=2023-09-13T00:00:00+00:00
[2023-09-13T08:06:51.419+0000] {processor.py:178} INFO - Processing /home/airflow/.local/lib/python3.7/site-packages/airflow/example_dags/example_branch_datetime_operator.py took 0.302 seconds
[2023-09-13T08:07:22.003+0000] {processor.py:156} INFO - Started process (PID=1037) to work on /home/airflow/.local/lib/python3.7/site-packages/airflow/example_dags/example_branch_datetime_operator.py
[2023-09-13T08:07:22.008+0000] {processor.py:799} INFO - Processing file /home/airflow/.local/lib/python3.7/site-packages/airflow/example_dags/example_branch_datetime_operator.py for tasks to queue
[2023-09-13T08:07:22.012+0000] {logging_mixin.py:149} INFO - [2023-09-13T08:07:22.012+0000] {dagbag.py:541} INFO - Filling up the DagBag from /home/airflow/.local/lib/python3.7/site-packages/airflow/example_dags/example_branch_datetime_operator.py
[2023-09-13T08:07:22.090+0000] {processor.py:809} INFO - DAG(s) dict_keys(['example_branch_datetime_operator', 'example_branch_datetime_operator_2', 'example_branch_datetime_operator_3']) retrieved from /home/airflow/.local/lib/python3.7/site-packages/airflow/example_dags/example_branch_datetime_operator.py
[2023-09-13T08:07:22.233+0000] {logging_mixin.py:149} INFO - [2023-09-13T08:07:22.233+0000] {dag.py:2726} INFO - Sync 3 DAGs
[2023-09-13T08:07:22.330+0000] {logging_mixin.py:149} INFO - [2023-09-13T08:07:22.329+0000] {dag.py:3490} INFO - Setting next_dagrun for example_branch_datetime_operator to 2023-09-12T00:00:00+00:00, run_after=2023-09-13T00:00:00+00:00
[2023-09-13T08:07:22.356+0000] {logging_mixin.py:149} INFO - [2023-09-13T08:07:22.356+0000] {dag.py:3490} INFO - Setting next_dagrun for example_branch_datetime_operator_2 to 2023-09-12T00:00:00+00:00, run_after=2023-09-13T00:00:00+00:00
[2023-09-13T08:07:22.373+0000] {logging_mixin.py:149} INFO - [2023-09-13T08:07:22.373+0000] {dag.py:3490} INFO - Setting next_dagrun for example_branch_datetime_operator_3 to 2023-09-12T00:00:00+00:00, run_after=2023-09-13T00:00:00+00:00
[2023-09-13T08:07:22.516+0000] {processor.py:178} INFO - Processing /home/airflow/.local/lib/python3.7/site-packages/airflow/example_dags/example_branch_datetime_operator.py took 0.533 seconds
[2023-09-13T08:07:53.422+0000] {processor.py:156} INFO - Started process (PID=1097) to work on /home/airflow/.local/lib/python3.7/site-packages/airflow/example_dags/example_branch_datetime_operator.py
[2023-09-13T08:07:53.425+0000] {processor.py:799} INFO - Processing file /home/airflow/.local/lib/python3.7/site-packages/airflow/example_dags/example_branch_datetime_operator.py for tasks to queue
[2023-09-13T08:07:53.427+0000] {logging_mixin.py:149} INFO - [2023-09-13T08:07:53.427+0000] {dagbag.py:541} INFO - Filling up the DagBag from /home/airflow/.local/lib/python3.7/site-packages/airflow/example_dags/example_branch_datetime_operator.py
[2023-09-13T08:07:53.458+0000] {processor.py:809} INFO - DAG(s) dict_keys(['example_branch_datetime_operator_3', 'example_branch_datetime_operator_2', 'example_branch_datetime_operator']) retrieved from /home/airflow/.local/lib/python3.7/site-packages/airflow/example_dags/example_branch_datetime_operator.py
[2023-09-13T08:07:53.559+0000] {logging_mixin.py:149} INFO - [2023-09-13T08:07:53.558+0000] {dag.py:2726} INFO - Sync 3 DAGs
[2023-09-13T08:07:53.646+0000] {logging_mixin.py:149} INFO - [2023-09-13T08:07:53.645+0000] {dag.py:3490} INFO - Setting next_dagrun for example_branch_datetime_operator to 2023-09-12T00:00:00+00:00, run_after=2023-09-13T00:00:00+00:00
[2023-09-13T08:07:53.660+0000] {logging_mixin.py:149} INFO - [2023-09-13T08:07:53.660+0000] {dag.py:3490} INFO - Setting next_dagrun for example_branch_datetime_operator_2 to 2023-09-12T00:00:00+00:00, run_after=2023-09-13T00:00:00+00:00
[2023-09-13T08:07:53.670+0000] {logging_mixin.py:149} INFO - [2023-09-13T08:07:53.670+0000] {dag.py:3490} INFO - Setting next_dagrun for example_branch_datetime_operator_3 to 2023-09-12T00:00:00+00:00, run_after=2023-09-13T00:00:00+00:00
[2023-09-13T08:07:53.730+0000] {processor.py:178} INFO - Processing /home/airflow/.local/lib/python3.7/site-packages/airflow/example_dags/example_branch_datetime_operator.py took 0.317 seconds
[2023-09-13T08:08:24.352+0000] {processor.py:156} INFO - Started process (PID=1157) to work on /home/airflow/.local/lib/python3.7/site-packages/airflow/example_dags/example_branch_datetime_operator.py
[2023-09-13T08:08:24.380+0000] {processor.py:799} INFO - Processing file /home/airflow/.local/lib/python3.7/site-packages/airflow/example_dags/example_branch_datetime_operator.py for tasks to queue
[2023-09-13T08:08:24.383+0000] {logging_mixin.py:149} INFO - [2023-09-13T08:08:24.382+0000] {dagbag.py:541} INFO - Filling up the DagBag from /home/airflow/.local/lib/python3.7/site-packages/airflow/example_dags/example_branch_datetime_operator.py
[2023-09-13T08:08:24.455+0000] {processor.py:809} INFO - DAG(s) dict_keys(['example_branch_datetime_operator_2', 'example_branch_datetime_operator', 'example_branch_datetime_operator_3']) retrieved from /home/airflow/.local/lib/python3.7/site-packages/airflow/example_dags/example_branch_datetime_operator.py
[2023-09-13T08:08:24.574+0000] {logging_mixin.py:149} INFO - [2023-09-13T08:08:24.574+0000] {dag.py:2726} INFO - Sync 3 DAGs
[2023-09-13T08:08:24.653+0000] {logging_mixin.py:149} INFO - [2023-09-13T08:08:24.653+0000] {dag.py:3490} INFO - Setting next_dagrun for example_branch_datetime_operator to 2023-09-12T00:00:00+00:00, run_after=2023-09-13T00:00:00+00:00
[2023-09-13T08:08:24.668+0000] {logging_mixin.py:149} INFO - [2023-09-13T08:08:24.667+0000] {dag.py:3490} INFO - Setting next_dagrun for example_branch_datetime_operator_2 to 2023-09-12T00:00:00+00:00, run_after=2023-09-13T00:00:00+00:00
[2023-09-13T08:08:24.677+0000] {logging_mixin.py:149} INFO - [2023-09-13T08:08:24.676+0000] {dag.py:3490} INFO - Setting next_dagrun for example_branch_datetime_operator_3 to 2023-09-12T00:00:00+00:00, run_after=2023-09-13T00:00:00+00:00
[2023-09-13T08:08:24.746+0000] {processor.py:178} INFO - Processing /home/airflow/.local/lib/python3.7/site-packages/airflow/example_dags/example_branch_datetime_operator.py took 0.403 seconds
[2023-09-13T08:08:56.326+0000] {processor.py:156} INFO - Started process (PID=1217) to work on /home/airflow/.local/lib/python3.7/site-packages/airflow/example_dags/example_branch_datetime_operator.py
[2023-09-13T08:08:56.331+0000] {processor.py:799} INFO - Processing file /home/airflow/.local/lib/python3.7/site-packages/airflow/example_dags/example_branch_datetime_operator.py for tasks to queue
[2023-09-13T08:08:56.334+0000] {logging_mixin.py:149} INFO - [2023-09-13T08:08:56.334+0000] {dagbag.py:541} INFO - Filling up the DagBag from /home/airflow/.local/lib/python3.7/site-packages/airflow/example_dags/example_branch_datetime_operator.py
[2023-09-13T08:08:56.359+0000] {processor.py:809} INFO - DAG(s) dict_keys(['example_branch_datetime_operator', 'example_branch_datetime_operator_2', 'example_branch_datetime_operator_3']) retrieved from /home/airflow/.local/lib/python3.7/site-packages/airflow/example_dags/example_branch_datetime_operator.py
[2023-09-13T08:08:56.471+0000] {logging_mixin.py:149} INFO - [2023-09-13T08:08:56.471+0000] {dag.py:2726} INFO - Sync 3 DAGs
[2023-09-13T08:08:56.562+0000] {logging_mixin.py:149} INFO - [2023-09-13T08:08:56.560+0000] {dag.py:3490} INFO - Setting next_dagrun for example_branch_datetime_operator to 2023-09-12T00:00:00+00:00, run_after=2023-09-13T00:00:00+00:00
[2023-09-13T08:08:56.580+0000] {logging_mixin.py:149} INFO - [2023-09-13T08:08:56.579+0000] {dag.py:3490} INFO - Setting next_dagrun for example_branch_datetime_operator_2 to 2023-09-12T00:00:00+00:00, run_after=2023-09-13T00:00:00+00:00
[2023-09-13T08:08:56.589+0000] {logging_mixin.py:149} INFO - [2023-09-13T08:08:56.589+0000] {dag.py:3490} INFO - Setting next_dagrun for example_branch_datetime_operator_3 to 2023-09-12T00:00:00+00:00, run_after=2023-09-13T00:00:00+00:00
[2023-09-13T08:08:56.676+0000] {processor.py:178} INFO - Processing /home/airflow/.local/lib/python3.7/site-packages/airflow/example_dags/example_branch_datetime_operator.py took 0.358 seconds
[2023-09-13T08:09:27.114+0000] {processor.py:156} INFO - Started process (PID=1276) to work on /home/airflow/.local/lib/python3.7/site-packages/airflow/example_dags/example_branch_datetime_operator.py
[2023-09-13T08:09:27.117+0000] {processor.py:799} INFO - Processing file /home/airflow/.local/lib/python3.7/site-packages/airflow/example_dags/example_branch_datetime_operator.py for tasks to queue
[2023-09-13T08:09:27.119+0000] {logging_mixin.py:149} INFO - [2023-09-13T08:09:27.119+0000] {dagbag.py:541} INFO - Filling up the DagBag from /home/airflow/.local/lib/python3.7/site-packages/airflow/example_dags/example_branch_datetime_operator.py
[2023-09-13T08:09:27.151+0000] {processor.py:809} INFO - DAG(s) dict_keys(['example_branch_datetime_operator', 'example_branch_datetime_operator_3', 'example_branch_datetime_operator_2']) retrieved from /home/airflow/.local/lib/python3.7/site-packages/airflow/example_dags/example_branch_datetime_operator.py
[2023-09-13T08:09:27.217+0000] {logging_mixin.py:149} INFO - [2023-09-13T08:09:27.216+0000] {dag.py:2726} INFO - Sync 3 DAGs
[2023-09-13T08:09:27.264+0000] {logging_mixin.py:149} INFO - [2023-09-13T08:09:27.264+0000] {dag.py:3490} INFO - Setting next_dagrun for example_branch_datetime_operator to 2023-09-12T00:00:00+00:00, run_after=2023-09-13T00:00:00+00:00
[2023-09-13T08:09:27.275+0000] {logging_mixin.py:149} INFO - [2023-09-13T08:09:27.275+0000] {dag.py:3490} INFO - Setting next_dagrun for example_branch_datetime_operator_2 to 2023-09-12T00:00:00+00:00, run_after=2023-09-13T00:00:00+00:00
[2023-09-13T08:09:27.281+0000] {logging_mixin.py:149} INFO - [2023-09-13T08:09:27.281+0000] {dag.py:3490} INFO - Setting next_dagrun for example_branch_datetime_operator_3 to 2023-09-12T00:00:00+00:00, run_after=2023-09-13T00:00:00+00:00
[2023-09-13T08:09:27.324+0000] {processor.py:178} INFO - Processing /home/airflow/.local/lib/python3.7/site-packages/airflow/example_dags/example_branch_datetime_operator.py took 0.217 seconds
[2023-09-13T08:09:57.704+0000] {processor.py:156} INFO - Started process (PID=1336) to work on /home/airflow/.local/lib/python3.7/site-packages/airflow/example_dags/example_branch_datetime_operator.py
[2023-09-13T08:09:57.706+0000] {processor.py:799} INFO - Processing file /home/airflow/.local/lib/python3.7/site-packages/airflow/example_dags/example_branch_datetime_operator.py for tasks to queue
[2023-09-13T08:09:57.708+0000] {logging_mixin.py:149} INFO - [2023-09-13T08:09:57.708+0000] {dagbag.py:541} INFO - Filling up the DagBag from /home/airflow/.local/lib/python3.7/site-packages/airflow/example_dags/example_branch_datetime_operator.py
[2023-09-13T08:09:57.730+0000] {processor.py:809} INFO - DAG(s) dict_keys(['example_branch_datetime_operator', 'example_branch_datetime_operator_3', 'example_branch_datetime_operator_2']) retrieved from /home/airflow/.local/lib/python3.7/site-packages/airflow/example_dags/example_branch_datetime_operator.py
[2023-09-13T08:09:57.795+0000] {logging_mixin.py:149} INFO - [2023-09-13T08:09:57.795+0000] {dag.py:2726} INFO - Sync 3 DAGs
[2023-09-13T08:09:57.858+0000] {logging_mixin.py:149} INFO - [2023-09-13T08:09:57.858+0000] {dag.py:3490} INFO - Setting next_dagrun for example_branch_datetime_operator to 2023-09-12T00:00:00+00:00, run_after=2023-09-13T00:00:00+00:00
[2023-09-13T08:09:57.872+0000] {logging_mixin.py:149} INFO - [2023-09-13T08:09:57.872+0000] {dag.py:3490} INFO - Setting next_dagrun for example_branch_datetime_operator_2 to 2023-09-12T00:00:00+00:00, run_after=2023-09-13T00:00:00+00:00
[2023-09-13T08:09:57.878+0000] {logging_mixin.py:149} INFO - [2023-09-13T08:09:57.878+0000] {dag.py:3490} INFO - Setting next_dagrun for example_branch_datetime_operator_3 to 2023-09-12T00:00:00+00:00, run_after=2023-09-13T00:00:00+00:00
[2023-09-13T08:09:57.913+0000] {processor.py:178} INFO - Processing /home/airflow/.local/lib/python3.7/site-packages/airflow/example_dags/example_branch_datetime_operator.py took 0.216 seconds
[2023-09-13T08:10:28.692+0000] {processor.py:156} INFO - Started process (PID=1396) to work on /home/airflow/.local/lib/python3.7/site-packages/airflow/example_dags/example_branch_datetime_operator.py
[2023-09-13T08:10:28.695+0000] {processor.py:799} INFO - Processing file /home/airflow/.local/lib/python3.7/site-packages/airflow/example_dags/example_branch_datetime_operator.py for tasks to queue
[2023-09-13T08:10:28.698+0000] {logging_mixin.py:149} INFO - [2023-09-13T08:10:28.697+0000] {dagbag.py:541} INFO - Filling up the DagBag from /home/airflow/.local/lib/python3.7/site-packages/airflow/example_dags/example_branch_datetime_operator.py
[2023-09-13T08:10:28.714+0000] {processor.py:809} INFO - DAG(s) dict_keys(['example_branch_datetime_operator_3', 'example_branch_datetime_operator', 'example_branch_datetime_operator_2']) retrieved from /home/airflow/.local/lib/python3.7/site-packages/airflow/example_dags/example_branch_datetime_operator.py
[2023-09-13T08:10:28.789+0000] {logging_mixin.py:149} INFO - [2023-09-13T08:10:28.788+0000] {dag.py:2726} INFO - Sync 3 DAGs
[2023-09-13T08:10:28.846+0000] {logging_mixin.py:149} INFO - [2023-09-13T08:10:28.846+0000] {dag.py:3490} INFO - Setting next_dagrun for example_branch_datetime_operator to 2023-09-12T00:00:00+00:00, run_after=2023-09-13T00:00:00+00:00
[2023-09-13T08:10:28.858+0000] {logging_mixin.py:149} INFO - [2023-09-13T08:10:28.858+0000] {dag.py:3490} INFO - Setting next_dagrun for example_branch_datetime_operator_2 to 2023-09-12T00:00:00+00:00, run_after=2023-09-13T00:00:00+00:00
[2023-09-13T08:10:28.868+0000] {logging_mixin.py:149} INFO - [2023-09-13T08:10:28.868+0000] {dag.py:3490} INFO - Setting next_dagrun for example_branch_datetime_operator_3 to 2023-09-12T00:00:00+00:00, run_after=2023-09-13T00:00:00+00:00
[2023-09-13T08:10:28.913+0000] {processor.py:178} INFO - Processing /home/airflow/.local/lib/python3.7/site-packages/airflow/example_dags/example_branch_datetime_operator.py took 0.228 seconds
[2023-09-13T08:10:59.430+0000] {processor.py:156} INFO - Started process (PID=1457) to work on /home/airflow/.local/lib/python3.7/site-packages/airflow/example_dags/example_branch_datetime_operator.py
[2023-09-13T08:10:59.433+0000] {processor.py:799} INFO - Processing file /home/airflow/.local/lib/python3.7/site-packages/airflow/example_dags/example_branch_datetime_operator.py for tasks to queue
[2023-09-13T08:10:59.436+0000] {logging_mixin.py:149} INFO - [2023-09-13T08:10:59.436+0000] {dagbag.py:541} INFO - Filling up the DagBag from /home/airflow/.local/lib/python3.7/site-packages/airflow/example_dags/example_branch_datetime_operator.py
[2023-09-13T08:10:59.461+0000] {processor.py:809} INFO - DAG(s) dict_keys(['example_branch_datetime_operator', 'example_branch_datetime_operator_3', 'example_branch_datetime_operator_2']) retrieved from /home/airflow/.local/lib/python3.7/site-packages/airflow/example_dags/example_branch_datetime_operator.py
[2023-09-13T08:10:59.547+0000] {logging_mixin.py:149} INFO - [2023-09-13T08:10:59.546+0000] {dag.py:2726} INFO - Sync 3 DAGs
[2023-09-13T08:10:59.619+0000] {logging_mixin.py:149} INFO - [2023-09-13T08:10:59.618+0000] {dag.py:3490} INFO - Setting next_dagrun for example_branch_datetime_operator to 2023-09-12T00:00:00+00:00, run_after=2023-09-13T00:00:00+00:00
[2023-09-13T08:10:59.633+0000] {logging_mixin.py:149} INFO - [2023-09-13T08:10:59.632+0000] {dag.py:3490} INFO - Setting next_dagrun for example_branch_datetime_operator_2 to 2023-09-12T00:00:00+00:00, run_after=2023-09-13T00:00:00+00:00
[2023-09-13T08:10:59.641+0000] {logging_mixin.py:149} INFO - [2023-09-13T08:10:59.641+0000] {dag.py:3490} INFO - Setting next_dagrun for example_branch_datetime_operator_3 to 2023-09-12T00:00:00+00:00, run_after=2023-09-13T00:00:00+00:00
[2023-09-13T08:10:59.691+0000] {processor.py:178} INFO - Processing /home/airflow/.local/lib/python3.7/site-packages/airflow/example_dags/example_branch_datetime_operator.py took 0.269 seconds
[2023-09-13T08:11:29.911+0000] {processor.py:156} INFO - Started process (PID=1517) to work on /home/airflow/.local/lib/python3.7/site-packages/airflow/example_dags/example_branch_datetime_operator.py
[2023-09-13T08:11:29.914+0000] {processor.py:799} INFO - Processing file /home/airflow/.local/lib/python3.7/site-packages/airflow/example_dags/example_branch_datetime_operator.py for tasks to queue
[2023-09-13T08:11:29.916+0000] {logging_mixin.py:149} INFO - [2023-09-13T08:11:29.916+0000] {dagbag.py:541} INFO - Filling up the DagBag from /home/airflow/.local/lib/python3.7/site-packages/airflow/example_dags/example_branch_datetime_operator.py
[2023-09-13T08:11:29.944+0000] {processor.py:809} INFO - DAG(s) dict_keys(['example_branch_datetime_operator', 'example_branch_datetime_operator_3', 'example_branch_datetime_operator_2']) retrieved from /home/airflow/.local/lib/python3.7/site-packages/airflow/example_dags/example_branch_datetime_operator.py
[2023-09-13T08:11:30.037+0000] {logging_mixin.py:149} INFO - [2023-09-13T08:11:30.036+0000] {dag.py:2726} INFO - Sync 3 DAGs
[2023-09-13T08:11:30.130+0000] {logging_mixin.py:149} INFO - [2023-09-13T08:11:30.129+0000] {dag.py:3490} INFO - Setting next_dagrun for example_branch_datetime_operator to 2023-09-12T00:00:00+00:00, run_after=2023-09-13T00:00:00+00:00
[2023-09-13T08:11:30.148+0000] {logging_mixin.py:149} INFO - [2023-09-13T08:11:30.147+0000] {dag.py:3490} INFO - Setting next_dagrun for example_branch_datetime_operator_2 to 2023-09-12T00:00:00+00:00, run_after=2023-09-13T00:00:00+00:00
[2023-09-13T08:11:30.163+0000] {logging_mixin.py:149} INFO - [2023-09-13T08:11:30.163+0000] {dag.py:3490} INFO - Setting next_dagrun for example_branch_datetime_operator_3 to 2023-09-12T00:00:00+00:00, run_after=2023-09-13T00:00:00+00:00
[2023-09-13T08:11:30.224+0000] {processor.py:178} INFO - Processing /home/airflow/.local/lib/python3.7/site-packages/airflow/example_dags/example_branch_datetime_operator.py took 0.318 seconds
[2023-09-13T08:12:01.156+0000] {processor.py:156} INFO - Started process (PID=1577) to work on /home/airflow/.local/lib/python3.7/site-packages/airflow/example_dags/example_branch_datetime_operator.py
[2023-09-13T08:12:01.159+0000] {processor.py:799} INFO - Processing file /home/airflow/.local/lib/python3.7/site-packages/airflow/example_dags/example_branch_datetime_operator.py for tasks to queue
[2023-09-13T08:12:01.162+0000] {logging_mixin.py:149} INFO - [2023-09-13T08:12:01.161+0000] {dagbag.py:541} INFO - Filling up the DagBag from /home/airflow/.local/lib/python3.7/site-packages/airflow/example_dags/example_branch_datetime_operator.py
[2023-09-13T08:12:01.183+0000] {processor.py:809} INFO - DAG(s) dict_keys(['example_branch_datetime_operator', 'example_branch_datetime_operator_2', 'example_branch_datetime_operator_3']) retrieved from /home/airflow/.local/lib/python3.7/site-packages/airflow/example_dags/example_branch_datetime_operator.py
[2023-09-13T08:12:01.265+0000] {logging_mixin.py:149} INFO - [2023-09-13T08:12:01.264+0000] {dag.py:2726} INFO - Sync 3 DAGs
[2023-09-13T08:12:01.328+0000] {logging_mixin.py:149} INFO - [2023-09-13T08:12:01.328+0000] {dag.py:3490} INFO - Setting next_dagrun for example_branch_datetime_operator to 2023-09-12T00:00:00+00:00, run_after=2023-09-13T00:00:00+00:00
[2023-09-13T08:12:01.341+0000] {logging_mixin.py:149} INFO - [2023-09-13T08:12:01.341+0000] {dag.py:3490} INFO - Setting next_dagrun for example_branch_datetime_operator_2 to 2023-09-12T00:00:00+00:00, run_after=2023-09-13T00:00:00+00:00
[2023-09-13T08:12:01.348+0000] {logging_mixin.py:149} INFO - [2023-09-13T08:12:01.348+0000] {dag.py:3490} INFO - Setting next_dagrun for example_branch_datetime_operator_3 to 2023-09-12T00:00:00+00:00, run_after=2023-09-13T00:00:00+00:00
[2023-09-13T08:12:01.385+0000] {processor.py:178} INFO - Processing /home/airflow/.local/lib/python3.7/site-packages/airflow/example_dags/example_branch_datetime_operator.py took 0.236 seconds
[2023-09-13T08:12:32.024+0000] {processor.py:156} INFO - Started process (PID=1637) to work on /home/airflow/.local/lib/python3.7/site-packages/airflow/example_dags/example_branch_datetime_operator.py
[2023-09-13T08:12:32.026+0000] {processor.py:799} INFO - Processing file /home/airflow/.local/lib/python3.7/site-packages/airflow/example_dags/example_branch_datetime_operator.py for tasks to queue
[2023-09-13T08:12:32.029+0000] {logging_mixin.py:149} INFO - [2023-09-13T08:12:32.029+0000] {dagbag.py:541} INFO - Filling up the DagBag from /home/airflow/.local/lib/python3.7/site-packages/airflow/example_dags/example_branch_datetime_operator.py
[2023-09-13T08:12:32.045+0000] {processor.py:809} INFO - DAG(s) dict_keys(['example_branch_datetime_operator_3', 'example_branch_datetime_operator', 'example_branch_datetime_operator_2']) retrieved from /home/airflow/.local/lib/python3.7/site-packages/airflow/example_dags/example_branch_datetime_operator.py
[2023-09-13T08:12:32.121+0000] {logging_mixin.py:149} INFO - [2023-09-13T08:12:32.121+0000] {dag.py:2726} INFO - Sync 3 DAGs
[2023-09-13T08:12:32.185+0000] {logging_mixin.py:149} INFO - [2023-09-13T08:12:32.184+0000] {dag.py:3490} INFO - Setting next_dagrun for example_branch_datetime_operator to 2023-09-12T00:00:00+00:00, run_after=2023-09-13T00:00:00+00:00
[2023-09-13T08:12:32.198+0000] {logging_mixin.py:149} INFO - [2023-09-13T08:12:32.198+0000] {dag.py:3490} INFO - Setting next_dagrun for example_branch_datetime_operator_2 to 2023-09-12T00:00:00+00:00, run_after=2023-09-13T00:00:00+00:00
[2023-09-13T08:12:32.205+0000] {logging_mixin.py:149} INFO - [2023-09-13T08:12:32.205+0000] {dag.py:3490} INFO - Setting next_dagrun for example_branch_datetime_operator_3 to 2023-09-12T00:00:00+00:00, run_after=2023-09-13T00:00:00+00:00
[2023-09-13T08:12:32.250+0000] {processor.py:178} INFO - Processing /home/airflow/.local/lib/python3.7/site-packages/airflow/example_dags/example_branch_datetime_operator.py took 0.231 seconds
[2023-09-13T09:26:11.390+0000] {processor.py:156} INFO - Started process (PID=61) to work on /home/airflow/.local/lib/python3.7/site-packages/airflow/example_dags/example_branch_datetime_operator.py
[2023-09-13T09:26:11.393+0000] {processor.py:799} INFO - Processing file /home/airflow/.local/lib/python3.7/site-packages/airflow/example_dags/example_branch_datetime_operator.py for tasks to queue
[2023-09-13T09:26:11.394+0000] {logging_mixin.py:149} INFO - [2023-09-13T09:26:11.394+0000] {dagbag.py:541} INFO - Filling up the DagBag from /home/airflow/.local/lib/python3.7/site-packages/airflow/example_dags/example_branch_datetime_operator.py
[2023-09-13T09:26:11.416+0000] {processor.py:809} INFO - DAG(s) dict_keys(['example_branch_datetime_operator_2', 'example_branch_datetime_operator_3', 'example_branch_datetime_operator']) retrieved from /home/airflow/.local/lib/python3.7/site-packages/airflow/example_dags/example_branch_datetime_operator.py
[2023-09-13T09:26:11.480+0000] {logging_mixin.py:149} INFO - [2023-09-13T09:26:11.480+0000] {dag.py:2726} INFO - Sync 3 DAGs
[2023-09-13T09:26:11.536+0000] {logging_mixin.py:149} INFO - [2023-09-13T09:26:11.535+0000] {dag.py:3490} INFO - Setting next_dagrun for example_branch_datetime_operator to 2023-09-12T00:00:00+00:00, run_after=2023-09-13T00:00:00+00:00
[2023-09-13T09:26:11.543+0000] {logging_mixin.py:149} INFO - [2023-09-13T09:26:11.543+0000] {dag.py:3490} INFO - Setting next_dagrun for example_branch_datetime_operator_2 to 2023-09-12T00:00:00+00:00, run_after=2023-09-13T00:00:00+00:00
[2023-09-13T09:26:11.548+0000] {logging_mixin.py:149} INFO - [2023-09-13T09:26:11.548+0000] {dag.py:3490} INFO - Setting next_dagrun for example_branch_datetime_operator_3 to 2023-09-12T00:00:00+00:00, run_after=2023-09-13T00:00:00+00:00
[2023-09-13T09:26:11.573+0000] {processor.py:178} INFO - Processing /home/airflow/.local/lib/python3.7/site-packages/airflow/example_dags/example_branch_datetime_operator.py took 0.188 seconds
