[2023-09-13T07:58:56.408+0000] {processor.py:156} INFO - Started process (PID=71) to work on /home/airflow/.local/lib/python3.7/site-packages/airflow/example_dags/example_local_kubernetes_executor.py
[2023-09-13T07:58:56.411+0000] {processor.py:799} INFO - Processing file /home/airflow/.local/lib/python3.7/site-packages/airflow/example_dags/example_local_kubernetes_executor.py for tasks to queue
[2023-09-13T07:58:56.413+0000] {logging_mixin.py:149} INFO - [2023-09-13T07:58:56.413+0000] {dagbag.py:541} INFO - Filling up the DagBag from /home/airflow/.local/lib/python3.7/site-packages/airflow/example_dags/example_local_kubernetes_executor.py
[2023-09-13T07:58:57.207+0000] {processor.py:809} INFO - DAG(s) dict_keys(['example_local_kubernetes_executor']) retrieved from /home/airflow/.local/lib/python3.7/site-packages/airflow/example_dags/example_local_kubernetes_executor.py
[2023-09-13T07:58:57.306+0000] {logging_mixin.py:149} INFO - [2023-09-13T07:58:57.305+0000] {dag.py:2726} INFO - Sync 1 DAGs
[2023-09-13T07:58:57.379+0000] {logging_mixin.py:149} INFO - [2023-09-13T07:58:57.378+0000] {dag.py:3490} INFO - Setting next_dagrun for example_local_kubernetes_executor to None, run_after=None
[2023-09-13T07:58:57.436+0000] {processor.py:178} INFO - Processing /home/airflow/.local/lib/python3.7/site-packages/airflow/example_dags/example_local_kubernetes_executor.py took 1.035 seconds
[2023-09-13T07:59:27.736+0000] {processor.py:156} INFO - Started process (PID=133) to work on /home/airflow/.local/lib/python3.7/site-packages/airflow/example_dags/example_local_kubernetes_executor.py
[2023-09-13T07:59:27.738+0000] {processor.py:799} INFO - Processing file /home/airflow/.local/lib/python3.7/site-packages/airflow/example_dags/example_local_kubernetes_executor.py for tasks to queue
[2023-09-13T07:59:27.742+0000] {logging_mixin.py:149} INFO - [2023-09-13T07:59:27.741+0000] {dagbag.py:541} INFO - Filling up the DagBag from /home/airflow/.local/lib/python3.7/site-packages/airflow/example_dags/example_local_kubernetes_executor.py
[2023-09-13T07:59:28.335+0000] {processor.py:809} INFO - DAG(s) dict_keys(['example_local_kubernetes_executor']) retrieved from /home/airflow/.local/lib/python3.7/site-packages/airflow/example_dags/example_local_kubernetes_executor.py
[2023-09-13T07:59:28.394+0000] {logging_mixin.py:149} INFO - [2023-09-13T07:59:28.394+0000] {dag.py:2726} INFO - Sync 1 DAGs
[2023-09-13T07:59:28.446+0000] {logging_mixin.py:149} INFO - [2023-09-13T07:59:28.445+0000] {dag.py:3490} INFO - Setting next_dagrun for example_local_kubernetes_executor to None, run_after=None
[2023-09-13T07:59:28.488+0000] {processor.py:178} INFO - Processing /home/airflow/.local/lib/python3.7/site-packages/airflow/example_dags/example_local_kubernetes_executor.py took 0.761 seconds
[2023-09-13T08:00:00.140+0000] {processor.py:156} INFO - Started process (PID=191) to work on /home/airflow/.local/lib/python3.7/site-packages/airflow/example_dags/example_local_kubernetes_executor.py
[2023-09-13T08:00:00.143+0000] {processor.py:799} INFO - Processing file /home/airflow/.local/lib/python3.7/site-packages/airflow/example_dags/example_local_kubernetes_executor.py for tasks to queue
[2023-09-13T08:00:00.147+0000] {logging_mixin.py:149} INFO - [2023-09-13T08:00:00.146+0000] {dagbag.py:541} INFO - Filling up the DagBag from /home/airflow/.local/lib/python3.7/site-packages/airflow/example_dags/example_local_kubernetes_executor.py
[2023-09-13T08:00:00.810+0000] {processor.py:809} INFO - DAG(s) dict_keys(['example_local_kubernetes_executor']) retrieved from /home/airflow/.local/lib/python3.7/site-packages/airflow/example_dags/example_local_kubernetes_executor.py
[2023-09-13T08:00:00.885+0000] {logging_mixin.py:149} INFO - [2023-09-13T08:00:00.885+0000] {dag.py:2726} INFO - Sync 1 DAGs
[2023-09-13T08:00:00.939+0000] {logging_mixin.py:149} INFO - [2023-09-13T08:00:00.938+0000] {dag.py:3490} INFO - Setting next_dagrun for example_local_kubernetes_executor to None, run_after=None
[2023-09-13T08:00:00.988+0000] {processor.py:178} INFO - Processing /home/airflow/.local/lib/python3.7/site-packages/airflow/example_dags/example_local_kubernetes_executor.py took 0.855 seconds
[2023-09-13T08:00:31.162+0000] {processor.py:156} INFO - Started process (PID=251) to work on /home/airflow/.local/lib/python3.7/site-packages/airflow/example_dags/example_local_kubernetes_executor.py
[2023-09-13T08:00:31.169+0000] {processor.py:799} INFO - Processing file /home/airflow/.local/lib/python3.7/site-packages/airflow/example_dags/example_local_kubernetes_executor.py for tasks to queue
[2023-09-13T08:00:31.174+0000] {logging_mixin.py:149} INFO - [2023-09-13T08:00:31.173+0000] {dagbag.py:541} INFO - Filling up the DagBag from /home/airflow/.local/lib/python3.7/site-packages/airflow/example_dags/example_local_kubernetes_executor.py
[2023-09-13T08:00:31.959+0000] {processor.py:809} INFO - DAG(s) dict_keys(['example_local_kubernetes_executor']) retrieved from /home/airflow/.local/lib/python3.7/site-packages/airflow/example_dags/example_local_kubernetes_executor.py
[2023-09-13T08:00:32.096+0000] {logging_mixin.py:149} INFO - [2023-09-13T08:00:32.095+0000] {dag.py:2726} INFO - Sync 1 DAGs
[2023-09-13T08:00:32.200+0000] {logging_mixin.py:149} INFO - [2023-09-13T08:00:32.200+0000] {dag.py:3490} INFO - Setting next_dagrun for example_local_kubernetes_executor to None, run_after=None
[2023-09-13T08:00:32.290+0000] {processor.py:178} INFO - Processing /home/airflow/.local/lib/python3.7/site-packages/airflow/example_dags/example_local_kubernetes_executor.py took 1.141 seconds
[2023-09-13T08:01:04.338+0000] {processor.py:156} INFO - Started process (PID=311) to work on /home/airflow/.local/lib/python3.7/site-packages/airflow/example_dags/example_local_kubernetes_executor.py
[2023-09-13T08:01:04.349+0000] {processor.py:799} INFO - Processing file /home/airflow/.local/lib/python3.7/site-packages/airflow/example_dags/example_local_kubernetes_executor.py for tasks to queue
[2023-09-13T08:01:04.353+0000] {logging_mixin.py:149} INFO - [2023-09-13T08:01:04.353+0000] {dagbag.py:541} INFO - Filling up the DagBag from /home/airflow/.local/lib/python3.7/site-packages/airflow/example_dags/example_local_kubernetes_executor.py
[2023-09-13T08:01:05.528+0000] {processor.py:809} INFO - DAG(s) dict_keys(['example_local_kubernetes_executor']) retrieved from /home/airflow/.local/lib/python3.7/site-packages/airflow/example_dags/example_local_kubernetes_executor.py
[2023-09-13T08:01:05.712+0000] {logging_mixin.py:149} INFO - [2023-09-13T08:01:05.711+0000] {dag.py:2726} INFO - Sync 1 DAGs
[2023-09-13T08:01:05.882+0000] {logging_mixin.py:149} INFO - [2023-09-13T08:01:05.882+0000] {dag.py:3490} INFO - Setting next_dagrun for example_local_kubernetes_executor to None, run_after=None
[2023-09-13T08:01:06.021+0000] {processor.py:178} INFO - Processing /home/airflow/.local/lib/python3.7/site-packages/airflow/example_dags/example_local_kubernetes_executor.py took 1.694 seconds
[2023-09-13T08:01:36.636+0000] {processor.py:156} INFO - Started process (PID=372) to work on /home/airflow/.local/lib/python3.7/site-packages/airflow/example_dags/example_local_kubernetes_executor.py
[2023-09-13T08:01:36.661+0000] {processor.py:799} INFO - Processing file /home/airflow/.local/lib/python3.7/site-packages/airflow/example_dags/example_local_kubernetes_executor.py for tasks to queue
[2023-09-13T08:01:36.675+0000] {logging_mixin.py:149} INFO - [2023-09-13T08:01:36.675+0000] {dagbag.py:541} INFO - Filling up the DagBag from /home/airflow/.local/lib/python3.7/site-packages/airflow/example_dags/example_local_kubernetes_executor.py
[2023-09-13T08:01:38.219+0000] {processor.py:809} INFO - DAG(s) dict_keys(['example_local_kubernetes_executor']) retrieved from /home/airflow/.local/lib/python3.7/site-packages/airflow/example_dags/example_local_kubernetes_executor.py
[2023-09-13T08:01:38.457+0000] {logging_mixin.py:149} INFO - [2023-09-13T08:01:38.456+0000] {dag.py:2726} INFO - Sync 1 DAGs
[2023-09-13T08:01:38.624+0000] {logging_mixin.py:149} INFO - [2023-09-13T08:01:38.623+0000] {dag.py:3490} INFO - Setting next_dagrun for example_local_kubernetes_executor to None, run_after=None
[2023-09-13T08:01:38.762+0000] {processor.py:178} INFO - Processing /home/airflow/.local/lib/python3.7/site-packages/airflow/example_dags/example_local_kubernetes_executor.py took 2.134 seconds
[2023-09-13T08:02:08.964+0000] {processor.py:156} INFO - Started process (PID=434) to work on /home/airflow/.local/lib/python3.7/site-packages/airflow/example_dags/example_local_kubernetes_executor.py
[2023-09-13T08:02:08.966+0000] {processor.py:799} INFO - Processing file /home/airflow/.local/lib/python3.7/site-packages/airflow/example_dags/example_local_kubernetes_executor.py for tasks to queue
[2023-09-13T08:02:08.969+0000] {logging_mixin.py:149} INFO - [2023-09-13T08:02:08.969+0000] {dagbag.py:541} INFO - Filling up the DagBag from /home/airflow/.local/lib/python3.7/site-packages/airflow/example_dags/example_local_kubernetes_executor.py
[2023-09-13T08:02:09.264+0000] {processor.py:809} INFO - DAG(s) dict_keys(['example_local_kubernetes_executor']) retrieved from /home/airflow/.local/lib/python3.7/site-packages/airflow/example_dags/example_local_kubernetes_executor.py
[2023-09-13T08:02:09.318+0000] {logging_mixin.py:149} INFO - [2023-09-13T08:02:09.318+0000] {dag.py:2726} INFO - Sync 1 DAGs
[2023-09-13T08:02:09.349+0000] {logging_mixin.py:149} INFO - [2023-09-13T08:02:09.348+0000] {dag.py:3490} INFO - Setting next_dagrun for example_local_kubernetes_executor to None, run_after=None
[2023-09-13T08:02:09.374+0000] {processor.py:178} INFO - Processing /home/airflow/.local/lib/python3.7/site-packages/airflow/example_dags/example_local_kubernetes_executor.py took 0.414 seconds
[2023-09-13T08:02:39.615+0000] {processor.py:156} INFO - Started process (PID=492) to work on /home/airflow/.local/lib/python3.7/site-packages/airflow/example_dags/example_local_kubernetes_executor.py
[2023-09-13T08:02:39.618+0000] {processor.py:799} INFO - Processing file /home/airflow/.local/lib/python3.7/site-packages/airflow/example_dags/example_local_kubernetes_executor.py for tasks to queue
[2023-09-13T08:02:39.620+0000] {logging_mixin.py:149} INFO - [2023-09-13T08:02:39.620+0000] {dagbag.py:541} INFO - Filling up the DagBag from /home/airflow/.local/lib/python3.7/site-packages/airflow/example_dags/example_local_kubernetes_executor.py
[2023-09-13T08:02:40.123+0000] {processor.py:809} INFO - DAG(s) dict_keys(['example_local_kubernetes_executor']) retrieved from /home/airflow/.local/lib/python3.7/site-packages/airflow/example_dags/example_local_kubernetes_executor.py
[2023-09-13T08:02:40.250+0000] {logging_mixin.py:149} INFO - [2023-09-13T08:02:40.249+0000] {dag.py:2726} INFO - Sync 1 DAGs
[2023-09-13T08:02:40.307+0000] {logging_mixin.py:149} INFO - [2023-09-13T08:02:40.306+0000] {dag.py:3490} INFO - Setting next_dagrun for example_local_kubernetes_executor to None, run_after=None
[2023-09-13T08:02:40.368+0000] {processor.py:178} INFO - Processing /home/airflow/.local/lib/python3.7/site-packages/airflow/example_dags/example_local_kubernetes_executor.py took 0.760 seconds
[2023-09-13T08:03:10.711+0000] {processor.py:156} INFO - Started process (PID=554) to work on /home/airflow/.local/lib/python3.7/site-packages/airflow/example_dags/example_local_kubernetes_executor.py
[2023-09-13T08:03:10.719+0000] {processor.py:799} INFO - Processing file /home/airflow/.local/lib/python3.7/site-packages/airflow/example_dags/example_local_kubernetes_executor.py for tasks to queue
[2023-09-13T08:03:10.726+0000] {logging_mixin.py:149} INFO - [2023-09-13T08:03:10.725+0000] {dagbag.py:541} INFO - Filling up the DagBag from /home/airflow/.local/lib/python3.7/site-packages/airflow/example_dags/example_local_kubernetes_executor.py
[2023-09-13T08:03:11.791+0000] {processor.py:809} INFO - DAG(s) dict_keys(['example_local_kubernetes_executor']) retrieved from /home/airflow/.local/lib/python3.7/site-packages/airflow/example_dags/example_local_kubernetes_executor.py
[2023-09-13T08:03:12.118+0000] {logging_mixin.py:149} INFO - [2023-09-13T08:03:12.117+0000] {dag.py:2726} INFO - Sync 1 DAGs
[2023-09-13T08:03:12.317+0000] {logging_mixin.py:149} INFO - [2023-09-13T08:03:12.316+0000] {dag.py:3490} INFO - Setting next_dagrun for example_local_kubernetes_executor to None, run_after=None
[2023-09-13T08:03:12.425+0000] {processor.py:178} INFO - Processing /home/airflow/.local/lib/python3.7/site-packages/airflow/example_dags/example_local_kubernetes_executor.py took 1.730 seconds
[2023-09-13T08:03:43.043+0000] {processor.py:156} INFO - Started process (PID=622) to work on /home/airflow/.local/lib/python3.7/site-packages/airflow/example_dags/example_local_kubernetes_executor.py
[2023-09-13T08:03:43.046+0000] {processor.py:799} INFO - Processing file /home/airflow/.local/lib/python3.7/site-packages/airflow/example_dags/example_local_kubernetes_executor.py for tasks to queue
[2023-09-13T08:03:43.059+0000] {logging_mixin.py:149} INFO - [2023-09-13T08:03:43.058+0000] {dagbag.py:541} INFO - Filling up the DagBag from /home/airflow/.local/lib/python3.7/site-packages/airflow/example_dags/example_local_kubernetes_executor.py
[2023-09-13T08:03:44.000+0000] {processor.py:809} INFO - DAG(s) dict_keys(['example_local_kubernetes_executor']) retrieved from /home/airflow/.local/lib/python3.7/site-packages/airflow/example_dags/example_local_kubernetes_executor.py
[2023-09-13T08:03:44.195+0000] {logging_mixin.py:149} INFO - [2023-09-13T08:03:44.194+0000] {dag.py:2726} INFO - Sync 1 DAGs
[2023-09-13T08:03:44.324+0000] {logging_mixin.py:149} INFO - [2023-09-13T08:03:44.324+0000] {dag.py:3490} INFO - Setting next_dagrun for example_local_kubernetes_executor to None, run_after=None
[2023-09-13T08:03:44.437+0000] {processor.py:178} INFO - Processing /home/airflow/.local/lib/python3.7/site-packages/airflow/example_dags/example_local_kubernetes_executor.py took 1.413 seconds
[2023-09-13T08:04:14.595+0000] {processor.py:156} INFO - Started process (PID=683) to work on /home/airflow/.local/lib/python3.7/site-packages/airflow/example_dags/example_local_kubernetes_executor.py
[2023-09-13T08:04:14.598+0000] {processor.py:799} INFO - Processing file /home/airflow/.local/lib/python3.7/site-packages/airflow/example_dags/example_local_kubernetes_executor.py for tasks to queue
[2023-09-13T08:04:14.603+0000] {logging_mixin.py:149} INFO - [2023-09-13T08:04:14.602+0000] {dagbag.py:541} INFO - Filling up the DagBag from /home/airflow/.local/lib/python3.7/site-packages/airflow/example_dags/example_local_kubernetes_executor.py
[2023-09-13T08:04:15.563+0000] {processor.py:809} INFO - DAG(s) dict_keys(['example_local_kubernetes_executor']) retrieved from /home/airflow/.local/lib/python3.7/site-packages/airflow/example_dags/example_local_kubernetes_executor.py
[2023-09-13T08:04:15.700+0000] {logging_mixin.py:149} INFO - [2023-09-13T08:04:15.700+0000] {dag.py:2726} INFO - Sync 1 DAGs
[2023-09-13T08:04:15.885+0000] {logging_mixin.py:149} INFO - [2023-09-13T08:04:15.885+0000] {dag.py:3490} INFO - Setting next_dagrun for example_local_kubernetes_executor to None, run_after=None
[2023-09-13T08:04:15.989+0000] {processor.py:178} INFO - Processing /home/airflow/.local/lib/python3.7/site-packages/airflow/example_dags/example_local_kubernetes_executor.py took 1.408 seconds
[2023-09-13T08:04:46.329+0000] {processor.py:156} INFO - Started process (PID=744) to work on /home/airflow/.local/lib/python3.7/site-packages/airflow/example_dags/example_local_kubernetes_executor.py
[2023-09-13T08:04:46.337+0000] {processor.py:799} INFO - Processing file /home/airflow/.local/lib/python3.7/site-packages/airflow/example_dags/example_local_kubernetes_executor.py for tasks to queue
[2023-09-13T08:04:46.341+0000] {logging_mixin.py:149} INFO - [2023-09-13T08:04:46.341+0000] {dagbag.py:541} INFO - Filling up the DagBag from /home/airflow/.local/lib/python3.7/site-packages/airflow/example_dags/example_local_kubernetes_executor.py
[2023-09-13T08:04:47.378+0000] {processor.py:809} INFO - DAG(s) dict_keys(['example_local_kubernetes_executor']) retrieved from /home/airflow/.local/lib/python3.7/site-packages/airflow/example_dags/example_local_kubernetes_executor.py
[2023-09-13T08:04:47.576+0000] {logging_mixin.py:149} INFO - [2023-09-13T08:04:47.576+0000] {dag.py:2726} INFO - Sync 1 DAGs
[2023-09-13T08:04:47.722+0000] {logging_mixin.py:149} INFO - [2023-09-13T08:04:47.720+0000] {dag.py:3490} INFO - Setting next_dagrun for example_local_kubernetes_executor to None, run_after=None
[2023-09-13T08:04:47.820+0000] {processor.py:178} INFO - Processing /home/airflow/.local/lib/python3.7/site-packages/airflow/example_dags/example_local_kubernetes_executor.py took 1.501 seconds
[2023-09-13T08:05:18.793+0000] {processor.py:156} INFO - Started process (PID=808) to work on /home/airflow/.local/lib/python3.7/site-packages/airflow/example_dags/example_local_kubernetes_executor.py
[2023-09-13T08:05:18.807+0000] {processor.py:799} INFO - Processing file /home/airflow/.local/lib/python3.7/site-packages/airflow/example_dags/example_local_kubernetes_executor.py for tasks to queue
[2023-09-13T08:05:18.809+0000] {logging_mixin.py:149} INFO - [2023-09-13T08:05:18.809+0000] {dagbag.py:541} INFO - Filling up the DagBag from /home/airflow/.local/lib/python3.7/site-packages/airflow/example_dags/example_local_kubernetes_executor.py
[2023-09-13T08:05:19.705+0000] {processor.py:809} INFO - DAG(s) dict_keys(['example_local_kubernetes_executor']) retrieved from /home/airflow/.local/lib/python3.7/site-packages/airflow/example_dags/example_local_kubernetes_executor.py
[2023-09-13T08:05:19.844+0000] {logging_mixin.py:149} INFO - [2023-09-13T08:05:19.844+0000] {dag.py:2726} INFO - Sync 1 DAGs
[2023-09-13T08:05:19.972+0000] {logging_mixin.py:149} INFO - [2023-09-13T08:05:19.971+0000] {dag.py:3490} INFO - Setting next_dagrun for example_local_kubernetes_executor to None, run_after=None
[2023-09-13T08:05:20.074+0000] {processor.py:178} INFO - Processing /home/airflow/.local/lib/python3.7/site-packages/airflow/example_dags/example_local_kubernetes_executor.py took 1.296 seconds
[2023-09-13T08:05:54.328+0000] {processor.py:156} INFO - Started process (PID=870) to work on /home/airflow/.local/lib/python3.7/site-packages/airflow/example_dags/example_local_kubernetes_executor.py
[2023-09-13T08:05:54.332+0000] {processor.py:799} INFO - Processing file /home/airflow/.local/lib/python3.7/site-packages/airflow/example_dags/example_local_kubernetes_executor.py for tasks to queue
[2023-09-13T08:05:54.347+0000] {logging_mixin.py:149} INFO - [2023-09-13T08:05:54.346+0000] {dagbag.py:541} INFO - Filling up the DagBag from /home/airflow/.local/lib/python3.7/site-packages/airflow/example_dags/example_local_kubernetes_executor.py
[2023-09-13T08:05:55.784+0000] {processor.py:809} INFO - DAG(s) dict_keys(['example_local_kubernetes_executor']) retrieved from /home/airflow/.local/lib/python3.7/site-packages/airflow/example_dags/example_local_kubernetes_executor.py
[2023-09-13T08:05:56.085+0000] {logging_mixin.py:149} INFO - [2023-09-13T08:05:56.080+0000] {dag.py:2726} INFO - Sync 1 DAGs
[2023-09-13T08:05:56.224+0000] {logging_mixin.py:149} INFO - [2023-09-13T08:05:56.223+0000] {dag.py:3490} INFO - Setting next_dagrun for example_local_kubernetes_executor to None, run_after=None
[2023-09-13T08:05:56.369+0000] {processor.py:178} INFO - Processing /home/airflow/.local/lib/python3.7/site-packages/airflow/example_dags/example_local_kubernetes_executor.py took 2.060 seconds
[2023-09-13T08:06:26.944+0000] {processor.py:156} INFO - Started process (PID=930) to work on /home/airflow/.local/lib/python3.7/site-packages/airflow/example_dags/example_local_kubernetes_executor.py
[2023-09-13T08:06:26.947+0000] {processor.py:799} INFO - Processing file /home/airflow/.local/lib/python3.7/site-packages/airflow/example_dags/example_local_kubernetes_executor.py for tasks to queue
[2023-09-13T08:06:26.950+0000] {logging_mixin.py:149} INFO - [2023-09-13T08:06:26.949+0000] {dagbag.py:541} INFO - Filling up the DagBag from /home/airflow/.local/lib/python3.7/site-packages/airflow/example_dags/example_local_kubernetes_executor.py
[2023-09-13T08:06:27.350+0000] {processor.py:809} INFO - DAG(s) dict_keys(['example_local_kubernetes_executor']) retrieved from /home/airflow/.local/lib/python3.7/site-packages/airflow/example_dags/example_local_kubernetes_executor.py
[2023-09-13T08:06:27.434+0000] {logging_mixin.py:149} INFO - [2023-09-13T08:06:27.433+0000] {dag.py:2726} INFO - Sync 1 DAGs
[2023-09-13T08:06:27.501+0000] {logging_mixin.py:149} INFO - [2023-09-13T08:06:27.500+0000] {dag.py:3490} INFO - Setting next_dagrun for example_local_kubernetes_executor to None, run_after=None
[2023-09-13T08:06:27.557+0000] {processor.py:178} INFO - Processing /home/airflow/.local/lib/python3.7/site-packages/airflow/example_dags/example_local_kubernetes_executor.py took 0.620 seconds
[2023-09-13T08:06:58.426+0000] {processor.py:156} INFO - Started process (PID=990) to work on /home/airflow/.local/lib/python3.7/site-packages/airflow/example_dags/example_local_kubernetes_executor.py
[2023-09-13T08:06:58.436+0000] {processor.py:799} INFO - Processing file /home/airflow/.local/lib/python3.7/site-packages/airflow/example_dags/example_local_kubernetes_executor.py for tasks to queue
[2023-09-13T08:06:58.441+0000] {logging_mixin.py:149} INFO - [2023-09-13T08:06:58.441+0000] {dagbag.py:541} INFO - Filling up the DagBag from /home/airflow/.local/lib/python3.7/site-packages/airflow/example_dags/example_local_kubernetes_executor.py
[2023-09-13T08:07:00.060+0000] {processor.py:809} INFO - DAG(s) dict_keys(['example_local_kubernetes_executor']) retrieved from /home/airflow/.local/lib/python3.7/site-packages/airflow/example_dags/example_local_kubernetes_executor.py
[2023-09-13T08:07:00.329+0000] {logging_mixin.py:149} INFO - [2023-09-13T08:07:00.328+0000] {dag.py:2726} INFO - Sync 1 DAGs
[2023-09-13T08:07:00.515+0000] {logging_mixin.py:149} INFO - [2023-09-13T08:07:00.515+0000] {dag.py:3490} INFO - Setting next_dagrun for example_local_kubernetes_executor to None, run_after=None
[2023-09-13T08:07:00.665+0000] {processor.py:178} INFO - Processing /home/airflow/.local/lib/python3.7/site-packages/airflow/example_dags/example_local_kubernetes_executor.py took 2.249 seconds
[2023-09-13T08:07:31.028+0000] {processor.py:156} INFO - Started process (PID=1050) to work on /home/airflow/.local/lib/python3.7/site-packages/airflow/example_dags/example_local_kubernetes_executor.py
[2023-09-13T08:07:31.032+0000] {processor.py:799} INFO - Processing file /home/airflow/.local/lib/python3.7/site-packages/airflow/example_dags/example_local_kubernetes_executor.py for tasks to queue
[2023-09-13T08:07:31.035+0000] {logging_mixin.py:149} INFO - [2023-09-13T08:07:31.035+0000] {dagbag.py:541} INFO - Filling up the DagBag from /home/airflow/.local/lib/python3.7/site-packages/airflow/example_dags/example_local_kubernetes_executor.py
[2023-09-13T08:07:31.704+0000] {processor.py:809} INFO - DAG(s) dict_keys(['example_local_kubernetes_executor']) retrieved from /home/airflow/.local/lib/python3.7/site-packages/airflow/example_dags/example_local_kubernetes_executor.py
[2023-09-13T08:07:31.789+0000] {logging_mixin.py:149} INFO - [2023-09-13T08:07:31.789+0000] {dag.py:2726} INFO - Sync 1 DAGs
[2023-09-13T08:07:31.853+0000] {logging_mixin.py:149} INFO - [2023-09-13T08:07:31.852+0000] {dag.py:3490} INFO - Setting next_dagrun for example_local_kubernetes_executor to None, run_after=None
[2023-09-13T08:07:31.910+0000] {processor.py:178} INFO - Processing /home/airflow/.local/lib/python3.7/site-packages/airflow/example_dags/example_local_kubernetes_executor.py took 0.889 seconds
[2023-09-13T08:08:02.751+0000] {processor.py:156} INFO - Started process (PID=1110) to work on /home/airflow/.local/lib/python3.7/site-packages/airflow/example_dags/example_local_kubernetes_executor.py
[2023-09-13T08:08:02.753+0000] {processor.py:799} INFO - Processing file /home/airflow/.local/lib/python3.7/site-packages/airflow/example_dags/example_local_kubernetes_executor.py for tasks to queue
[2023-09-13T08:08:02.757+0000] {logging_mixin.py:149} INFO - [2023-09-13T08:08:02.757+0000] {dagbag.py:541} INFO - Filling up the DagBag from /home/airflow/.local/lib/python3.7/site-packages/airflow/example_dags/example_local_kubernetes_executor.py
[2023-09-13T08:08:03.142+0000] {processor.py:809} INFO - DAG(s) dict_keys(['example_local_kubernetes_executor']) retrieved from /home/airflow/.local/lib/python3.7/site-packages/airflow/example_dags/example_local_kubernetes_executor.py
[2023-09-13T08:08:03.218+0000] {logging_mixin.py:149} INFO - [2023-09-13T08:08:03.218+0000] {dag.py:2726} INFO - Sync 1 DAGs
[2023-09-13T08:08:03.288+0000] {logging_mixin.py:149} INFO - [2023-09-13T08:08:03.288+0000] {dag.py:3490} INFO - Setting next_dagrun for example_local_kubernetes_executor to None, run_after=None
[2023-09-13T08:08:03.342+0000] {processor.py:178} INFO - Processing /home/airflow/.local/lib/python3.7/site-packages/airflow/example_dags/example_local_kubernetes_executor.py took 0.596 seconds
[2023-09-13T08:08:34.032+0000] {processor.py:156} INFO - Started process (PID=1170) to work on /home/airflow/.local/lib/python3.7/site-packages/airflow/example_dags/example_local_kubernetes_executor.py
[2023-09-13T08:08:34.035+0000] {processor.py:799} INFO - Processing file /home/airflow/.local/lib/python3.7/site-packages/airflow/example_dags/example_local_kubernetes_executor.py for tasks to queue
[2023-09-13T08:08:34.038+0000] {logging_mixin.py:149} INFO - [2023-09-13T08:08:34.038+0000] {dagbag.py:541} INFO - Filling up the DagBag from /home/airflow/.local/lib/python3.7/site-packages/airflow/example_dags/example_local_kubernetes_executor.py
[2023-09-13T08:08:34.676+0000] {processor.py:809} INFO - DAG(s) dict_keys(['example_local_kubernetes_executor']) retrieved from /home/airflow/.local/lib/python3.7/site-packages/airflow/example_dags/example_local_kubernetes_executor.py
[2023-09-13T08:08:34.751+0000] {logging_mixin.py:149} INFO - [2023-09-13T08:08:34.751+0000] {dag.py:2726} INFO - Sync 1 DAGs
[2023-09-13T08:08:34.823+0000] {logging_mixin.py:149} INFO - [2023-09-13T08:08:34.823+0000] {dag.py:3490} INFO - Setting next_dagrun for example_local_kubernetes_executor to None, run_after=None
[2023-09-13T08:08:34.881+0000] {processor.py:178} INFO - Processing /home/airflow/.local/lib/python3.7/site-packages/airflow/example_dags/example_local_kubernetes_executor.py took 0.861 seconds
[2023-09-13T08:09:05.413+0000] {processor.py:156} INFO - Started process (PID=1231) to work on /home/airflow/.local/lib/python3.7/site-packages/airflow/example_dags/example_local_kubernetes_executor.py
[2023-09-13T08:09:05.415+0000] {processor.py:799} INFO - Processing file /home/airflow/.local/lib/python3.7/site-packages/airflow/example_dags/example_local_kubernetes_executor.py for tasks to queue
[2023-09-13T08:09:05.417+0000] {logging_mixin.py:149} INFO - [2023-09-13T08:09:05.417+0000] {dagbag.py:541} INFO - Filling up the DagBag from /home/airflow/.local/lib/python3.7/site-packages/airflow/example_dags/example_local_kubernetes_executor.py
[2023-09-13T08:09:05.987+0000] {processor.py:809} INFO - DAG(s) dict_keys(['example_local_kubernetes_executor']) retrieved from /home/airflow/.local/lib/python3.7/site-packages/airflow/example_dags/example_local_kubernetes_executor.py
[2023-09-13T08:09:06.112+0000] {logging_mixin.py:149} INFO - [2023-09-13T08:09:06.111+0000] {dag.py:2726} INFO - Sync 1 DAGs
[2023-09-13T08:09:06.200+0000] {logging_mixin.py:149} INFO - [2023-09-13T08:09:06.200+0000] {dag.py:3490} INFO - Setting next_dagrun for example_local_kubernetes_executor to None, run_after=None
[2023-09-13T08:09:06.262+0000] {processor.py:178} INFO - Processing /home/airflow/.local/lib/python3.7/site-packages/airflow/example_dags/example_local_kubernetes_executor.py took 0.857 seconds
[2023-09-13T08:09:36.450+0000] {processor.py:156} INFO - Started process (PID=1291) to work on /home/airflow/.local/lib/python3.7/site-packages/airflow/example_dags/example_local_kubernetes_executor.py
[2023-09-13T08:09:36.453+0000] {processor.py:799} INFO - Processing file /home/airflow/.local/lib/python3.7/site-packages/airflow/example_dags/example_local_kubernetes_executor.py for tasks to queue
[2023-09-13T08:09:36.456+0000] {logging_mixin.py:149} INFO - [2023-09-13T08:09:36.456+0000] {dagbag.py:541} INFO - Filling up the DagBag from /home/airflow/.local/lib/python3.7/site-packages/airflow/example_dags/example_local_kubernetes_executor.py
[2023-09-13T08:09:37.388+0000] {processor.py:809} INFO - DAG(s) dict_keys(['example_local_kubernetes_executor']) retrieved from /home/airflow/.local/lib/python3.7/site-packages/airflow/example_dags/example_local_kubernetes_executor.py
[2023-09-13T08:09:37.502+0000] {logging_mixin.py:149} INFO - [2023-09-13T08:09:37.501+0000] {dag.py:2726} INFO - Sync 1 DAGs
[2023-09-13T08:09:37.590+0000] {logging_mixin.py:149} INFO - [2023-09-13T08:09:37.589+0000] {dag.py:3490} INFO - Setting next_dagrun for example_local_kubernetes_executor to None, run_after=None
[2023-09-13T08:09:37.668+0000] {processor.py:178} INFO - Processing /home/airflow/.local/lib/python3.7/site-packages/airflow/example_dags/example_local_kubernetes_executor.py took 1.226 seconds
[2023-09-13T08:10:08.008+0000] {processor.py:156} INFO - Started process (PID=1352) to work on /home/airflow/.local/lib/python3.7/site-packages/airflow/example_dags/example_local_kubernetes_executor.py
[2023-09-13T08:10:08.011+0000] {processor.py:799} INFO - Processing file /home/airflow/.local/lib/python3.7/site-packages/airflow/example_dags/example_local_kubernetes_executor.py for tasks to queue
[2023-09-13T08:10:08.014+0000] {logging_mixin.py:149} INFO - [2023-09-13T08:10:08.014+0000] {dagbag.py:541} INFO - Filling up the DagBag from /home/airflow/.local/lib/python3.7/site-packages/airflow/example_dags/example_local_kubernetes_executor.py
[2023-09-13T08:10:08.460+0000] {processor.py:809} INFO - DAG(s) dict_keys(['example_local_kubernetes_executor']) retrieved from /home/airflow/.local/lib/python3.7/site-packages/airflow/example_dags/example_local_kubernetes_executor.py
[2023-09-13T08:10:08.529+0000] {logging_mixin.py:149} INFO - [2023-09-13T08:10:08.528+0000] {dag.py:2726} INFO - Sync 1 DAGs
[2023-09-13T08:10:08.580+0000] {logging_mixin.py:149} INFO - [2023-09-13T08:10:08.580+0000] {dag.py:3490} INFO - Setting next_dagrun for example_local_kubernetes_executor to None, run_after=None
[2023-09-13T08:10:08.635+0000] {processor.py:178} INFO - Processing /home/airflow/.local/lib/python3.7/site-packages/airflow/example_dags/example_local_kubernetes_executor.py took 0.636 seconds
[2023-09-13T08:10:38.864+0000] {processor.py:156} INFO - Started process (PID=1412) to work on /home/airflow/.local/lib/python3.7/site-packages/airflow/example_dags/example_local_kubernetes_executor.py
[2023-09-13T08:10:38.866+0000] {processor.py:799} INFO - Processing file /home/airflow/.local/lib/python3.7/site-packages/airflow/example_dags/example_local_kubernetes_executor.py for tasks to queue
[2023-09-13T08:10:38.871+0000] {logging_mixin.py:149} INFO - [2023-09-13T08:10:38.870+0000] {dagbag.py:541} INFO - Filling up the DagBag from /home/airflow/.local/lib/python3.7/site-packages/airflow/example_dags/example_local_kubernetes_executor.py
[2023-09-13T08:10:39.264+0000] {processor.py:809} INFO - DAG(s) dict_keys(['example_local_kubernetes_executor']) retrieved from /home/airflow/.local/lib/python3.7/site-packages/airflow/example_dags/example_local_kubernetes_executor.py
[2023-09-13T08:10:39.335+0000] {logging_mixin.py:149} INFO - [2023-09-13T08:10:39.334+0000] {dag.py:2726} INFO - Sync 1 DAGs
[2023-09-13T08:10:39.390+0000] {logging_mixin.py:149} INFO - [2023-09-13T08:10:39.390+0000] {dag.py:3490} INFO - Setting next_dagrun for example_local_kubernetes_executor to None, run_after=None
[2023-09-13T08:10:39.439+0000] {processor.py:178} INFO - Processing /home/airflow/.local/lib/python3.7/site-packages/airflow/example_dags/example_local_kubernetes_executor.py took 0.583 seconds
[2023-09-13T08:11:10.114+0000] {processor.py:156} INFO - Started process (PID=1473) to work on /home/airflow/.local/lib/python3.7/site-packages/airflow/example_dags/example_local_kubernetes_executor.py
[2023-09-13T08:11:10.117+0000] {processor.py:799} INFO - Processing file /home/airflow/.local/lib/python3.7/site-packages/airflow/example_dags/example_local_kubernetes_executor.py for tasks to queue
[2023-09-13T08:11:10.122+0000] {logging_mixin.py:149} INFO - [2023-09-13T08:11:10.121+0000] {dagbag.py:541} INFO - Filling up the DagBag from /home/airflow/.local/lib/python3.7/site-packages/airflow/example_dags/example_local_kubernetes_executor.py
[2023-09-13T08:11:10.553+0000] {processor.py:809} INFO - DAG(s) dict_keys(['example_local_kubernetes_executor']) retrieved from /home/airflow/.local/lib/python3.7/site-packages/airflow/example_dags/example_local_kubernetes_executor.py
[2023-09-13T08:11:10.641+0000] {logging_mixin.py:149} INFO - [2023-09-13T08:11:10.640+0000] {dag.py:2726} INFO - Sync 1 DAGs
[2023-09-13T08:11:10.708+0000] {logging_mixin.py:149} INFO - [2023-09-13T08:11:10.707+0000] {dag.py:3490} INFO - Setting next_dagrun for example_local_kubernetes_executor to None, run_after=None
[2023-09-13T08:11:10.747+0000] {processor.py:178} INFO - Processing /home/airflow/.local/lib/python3.7/site-packages/airflow/example_dags/example_local_kubernetes_executor.py took 0.640 seconds
[2023-09-13T08:11:41.463+0000] {processor.py:156} INFO - Started process (PID=1534) to work on /home/airflow/.local/lib/python3.7/site-packages/airflow/example_dags/example_local_kubernetes_executor.py
[2023-09-13T08:11:41.467+0000] {processor.py:799} INFO - Processing file /home/airflow/.local/lib/python3.7/site-packages/airflow/example_dags/example_local_kubernetes_executor.py for tasks to queue
[2023-09-13T08:11:41.469+0000] {logging_mixin.py:149} INFO - [2023-09-13T08:11:41.469+0000] {dagbag.py:541} INFO - Filling up the DagBag from /home/airflow/.local/lib/python3.7/site-packages/airflow/example_dags/example_local_kubernetes_executor.py
[2023-09-13T08:11:41.960+0000] {processor.py:809} INFO - DAG(s) dict_keys(['example_local_kubernetes_executor']) retrieved from /home/airflow/.local/lib/python3.7/site-packages/airflow/example_dags/example_local_kubernetes_executor.py
[2023-09-13T08:11:42.119+0000] {logging_mixin.py:149} INFO - [2023-09-13T08:11:42.118+0000] {dag.py:2726} INFO - Sync 1 DAGs
[2023-09-13T08:11:42.189+0000] {logging_mixin.py:149} INFO - [2023-09-13T08:11:42.188+0000] {dag.py:3490} INFO - Setting next_dagrun for example_local_kubernetes_executor to None, run_after=None
[2023-09-13T08:11:42.251+0000] {processor.py:178} INFO - Processing /home/airflow/.local/lib/python3.7/site-packages/airflow/example_dags/example_local_kubernetes_executor.py took 0.796 seconds
[2023-09-13T08:12:13.095+0000] {processor.py:156} INFO - Started process (PID=1595) to work on /home/airflow/.local/lib/python3.7/site-packages/airflow/example_dags/example_local_kubernetes_executor.py
[2023-09-13T08:12:13.098+0000] {processor.py:799} INFO - Processing file /home/airflow/.local/lib/python3.7/site-packages/airflow/example_dags/example_local_kubernetes_executor.py for tasks to queue
[2023-09-13T08:12:13.100+0000] {logging_mixin.py:149} INFO - [2023-09-13T08:12:13.100+0000] {dagbag.py:541} INFO - Filling up the DagBag from /home/airflow/.local/lib/python3.7/site-packages/airflow/example_dags/example_local_kubernetes_executor.py
[2023-09-13T08:12:13.431+0000] {processor.py:809} INFO - DAG(s) dict_keys(['example_local_kubernetes_executor']) retrieved from /home/airflow/.local/lib/python3.7/site-packages/airflow/example_dags/example_local_kubernetes_executor.py
[2023-09-13T08:12:13.486+0000] {logging_mixin.py:149} INFO - [2023-09-13T08:12:13.486+0000] {dag.py:2726} INFO - Sync 1 DAGs
[2023-09-13T08:12:13.521+0000] {logging_mixin.py:149} INFO - [2023-09-13T08:12:13.521+0000] {dag.py:3490} INFO - Setting next_dagrun for example_local_kubernetes_executor to None, run_after=None
[2023-09-13T08:12:13.557+0000] {processor.py:178} INFO - Processing /home/airflow/.local/lib/python3.7/site-packages/airflow/example_dags/example_local_kubernetes_executor.py took 0.470 seconds
[2023-09-13T08:12:43.821+0000] {processor.py:156} INFO - Started process (PID=1655) to work on /home/airflow/.local/lib/python3.7/site-packages/airflow/example_dags/example_local_kubernetes_executor.py
[2023-09-13T08:12:43.824+0000] {processor.py:799} INFO - Processing file /home/airflow/.local/lib/python3.7/site-packages/airflow/example_dags/example_local_kubernetes_executor.py for tasks to queue
[2023-09-13T08:12:43.827+0000] {logging_mixin.py:149} INFO - [2023-09-13T08:12:43.826+0000] {dagbag.py:541} INFO - Filling up the DagBag from /home/airflow/.local/lib/python3.7/site-packages/airflow/example_dags/example_local_kubernetes_executor.py
[2023-09-13T08:12:44.182+0000] {processor.py:809} INFO - DAG(s) dict_keys(['example_local_kubernetes_executor']) retrieved from /home/airflow/.local/lib/python3.7/site-packages/airflow/example_dags/example_local_kubernetes_executor.py
[2023-09-13T08:12:44.271+0000] {logging_mixin.py:149} INFO - [2023-09-13T08:12:44.271+0000] {dag.py:2726} INFO - Sync 1 DAGs
[2023-09-13T08:12:44.334+0000] {logging_mixin.py:149} INFO - [2023-09-13T08:12:44.333+0000] {dag.py:3490} INFO - Setting next_dagrun for example_local_kubernetes_executor to None, run_after=None
[2023-09-13T08:12:44.386+0000] {processor.py:178} INFO - Processing /home/airflow/.local/lib/python3.7/site-packages/airflow/example_dags/example_local_kubernetes_executor.py took 0.572 seconds
[2023-09-13T09:26:11.737+0000] {processor.py:156} INFO - Started process (PID=64) to work on /home/airflow/.local/lib/python3.7/site-packages/airflow/example_dags/example_local_kubernetes_executor.py
[2023-09-13T09:26:11.739+0000] {processor.py:799} INFO - Processing file /home/airflow/.local/lib/python3.7/site-packages/airflow/example_dags/example_local_kubernetes_executor.py for tasks to queue
[2023-09-13T09:26:11.741+0000] {logging_mixin.py:149} INFO - [2023-09-13T09:26:11.740+0000] {dagbag.py:541} INFO - Filling up the DagBag from /home/airflow/.local/lib/python3.7/site-packages/airflow/example_dags/example_local_kubernetes_executor.py
[2023-09-13T09:26:12.179+0000] {processor.py:809} INFO - DAG(s) dict_keys(['example_local_kubernetes_executor']) retrieved from /home/airflow/.local/lib/python3.7/site-packages/airflow/example_dags/example_local_kubernetes_executor.py
[2023-09-13T09:26:12.227+0000] {logging_mixin.py:149} INFO - [2023-09-13T09:26:12.226+0000] {dag.py:2726} INFO - Sync 1 DAGs
[2023-09-13T09:26:12.272+0000] {logging_mixin.py:149} INFO - [2023-09-13T09:26:12.272+0000] {dag.py:3490} INFO - Setting next_dagrun for example_local_kubernetes_executor to None, run_after=None
[2023-09-13T09:26:12.306+0000] {processor.py:178} INFO - Processing /home/airflow/.local/lib/python3.7/site-packages/airflow/example_dags/example_local_kubernetes_executor.py took 0.574 seconds
