[2023-09-13T07:58:47.701+0000] {processor.py:156} INFO - Started process (PID=40) to work on /home/airflow/.local/lib/python3.7/site-packages/airflow/example_dags/example_short_circuit_operator.py
[2023-09-13T07:58:47.707+0000] {processor.py:799} INFO - Processing file /home/airflow/.local/lib/python3.7/site-packages/airflow/example_dags/example_short_circuit_operator.py for tasks to queue
[2023-09-13T07:58:47.709+0000] {logging_mixin.py:149} INFO - [2023-09-13T07:58:47.709+0000] {dagbag.py:541} INFO - Filling up the DagBag from /home/airflow/.local/lib/python3.7/site-packages/airflow/example_dags/example_short_circuit_operator.py
[2023-09-13T07:58:47.762+0000] {processor.py:809} INFO - DAG(s) dict_keys(['example_short_circuit_operator']) retrieved from /home/airflow/.local/lib/python3.7/site-packages/airflow/example_dags/example_short_circuit_operator.py
[2023-09-13T07:58:48.001+0000] {logging_mixin.py:149} INFO - [2023-09-13T07:58:47.998+0000] {dag.py:2726} INFO - Sync 1 DAGs
[2023-09-13T07:58:48.136+0000] {logging_mixin.py:149} INFO - [2023-09-13T07:58:48.136+0000] {dag.py:3490} INFO - Setting next_dagrun for example_short_circuit_operator to 2023-09-12T07:58:48.135585+00:00, run_after=2023-09-13T07:58:48.135585+00:00
[2023-09-13T07:58:48.242+0000] {processor.py:178} INFO - Processing /home/airflow/.local/lib/python3.7/site-packages/airflow/example_dags/example_short_circuit_operator.py took 0.552 seconds
[2023-09-13T07:59:18.681+0000] {processor.py:156} INFO - Started process (PID=100) to work on /home/airflow/.local/lib/python3.7/site-packages/airflow/example_dags/example_short_circuit_operator.py
[2023-09-13T07:59:18.685+0000] {processor.py:799} INFO - Processing file /home/airflow/.local/lib/python3.7/site-packages/airflow/example_dags/example_short_circuit_operator.py for tasks to queue
[2023-09-13T07:59:18.688+0000] {logging_mixin.py:149} INFO - [2023-09-13T07:59:18.688+0000] {dagbag.py:541} INFO - Filling up the DagBag from /home/airflow/.local/lib/python3.7/site-packages/airflow/example_dags/example_short_circuit_operator.py
[2023-09-13T07:59:18.716+0000] {processor.py:809} INFO - DAG(s) dict_keys(['example_short_circuit_operator']) retrieved from /home/airflow/.local/lib/python3.7/site-packages/airflow/example_dags/example_short_circuit_operator.py
[2023-09-13T07:59:18.788+0000] {logging_mixin.py:149} INFO - [2023-09-13T07:59:18.787+0000] {dag.py:2726} INFO - Sync 1 DAGs
[2023-09-13T07:59:18.879+0000] {logging_mixin.py:149} INFO - [2023-09-13T07:59:18.878+0000] {dag.py:3490} INFO - Setting next_dagrun for example_short_circuit_operator to 2023-09-12T07:59:18.878233+00:00, run_after=2023-09-13T07:59:18.878233+00:00
[2023-09-13T07:59:18.944+0000] {processor.py:178} INFO - Processing /home/airflow/.local/lib/python3.7/site-packages/airflow/example_dags/example_short_circuit_operator.py took 0.272 seconds
[2023-09-13T07:59:49.732+0000] {processor.py:156} INFO - Started process (PID=160) to work on /home/airflow/.local/lib/python3.7/site-packages/airflow/example_dags/example_short_circuit_operator.py
[2023-09-13T07:59:49.735+0000] {processor.py:799} INFO - Processing file /home/airflow/.local/lib/python3.7/site-packages/airflow/example_dags/example_short_circuit_operator.py for tasks to queue
[2023-09-13T07:59:49.737+0000] {logging_mixin.py:149} INFO - [2023-09-13T07:59:49.737+0000] {dagbag.py:541} INFO - Filling up the DagBag from /home/airflow/.local/lib/python3.7/site-packages/airflow/example_dags/example_short_circuit_operator.py
[2023-09-13T07:59:49.752+0000] {processor.py:809} INFO - DAG(s) dict_keys(['example_short_circuit_operator']) retrieved from /home/airflow/.local/lib/python3.7/site-packages/airflow/example_dags/example_short_circuit_operator.py
[2023-09-13T07:59:49.804+0000] {logging_mixin.py:149} INFO - [2023-09-13T07:59:49.804+0000] {dag.py:2726} INFO - Sync 1 DAGs
[2023-09-13T07:59:49.858+0000] {logging_mixin.py:149} INFO - [2023-09-13T07:59:49.857+0000] {dag.py:3490} INFO - Setting next_dagrun for example_short_circuit_operator to 2023-09-12T07:59:49.857417+00:00, run_after=2023-09-13T07:59:49.857417+00:00
[2023-09-13T07:59:50.062+0000] {processor.py:178} INFO - Processing /home/airflow/.local/lib/python3.7/site-packages/airflow/example_dags/example_short_circuit_operator.py took 0.337 seconds
[2023-09-13T08:00:20.339+0000] {processor.py:156} INFO - Started process (PID=220) to work on /home/airflow/.local/lib/python3.7/site-packages/airflow/example_dags/example_short_circuit_operator.py
[2023-09-13T08:00:20.342+0000] {processor.py:799} INFO - Processing file /home/airflow/.local/lib/python3.7/site-packages/airflow/example_dags/example_short_circuit_operator.py for tasks to queue
[2023-09-13T08:00:20.344+0000] {logging_mixin.py:149} INFO - [2023-09-13T08:00:20.344+0000] {dagbag.py:541} INFO - Filling up the DagBag from /home/airflow/.local/lib/python3.7/site-packages/airflow/example_dags/example_short_circuit_operator.py
[2023-09-13T08:00:20.360+0000] {processor.py:809} INFO - DAG(s) dict_keys(['example_short_circuit_operator']) retrieved from /home/airflow/.local/lib/python3.7/site-packages/airflow/example_dags/example_short_circuit_operator.py
[2023-09-13T08:00:20.601+0000] {logging_mixin.py:149} INFO - [2023-09-13T08:00:20.601+0000] {dag.py:2726} INFO - Sync 1 DAGs
[2023-09-13T08:00:20.654+0000] {logging_mixin.py:149} INFO - [2023-09-13T08:00:20.654+0000] {dag.py:3490} INFO - Setting next_dagrun for example_short_circuit_operator to 2023-09-12T08:00:20.653794+00:00, run_after=2023-09-13T08:00:20.653794+00:00
[2023-09-13T08:00:20.697+0000] {processor.py:178} INFO - Processing /home/airflow/.local/lib/python3.7/site-packages/airflow/example_dags/example_short_circuit_operator.py took 0.363 seconds
[2023-09-13T08:00:51.510+0000] {processor.py:156} INFO - Started process (PID=280) to work on /home/airflow/.local/lib/python3.7/site-packages/airflow/example_dags/example_short_circuit_operator.py
[2023-09-13T08:00:51.514+0000] {processor.py:799} INFO - Processing file /home/airflow/.local/lib/python3.7/site-packages/airflow/example_dags/example_short_circuit_operator.py for tasks to queue
[2023-09-13T08:00:51.516+0000] {logging_mixin.py:149} INFO - [2023-09-13T08:00:51.516+0000] {dagbag.py:541} INFO - Filling up the DagBag from /home/airflow/.local/lib/python3.7/site-packages/airflow/example_dags/example_short_circuit_operator.py
[2023-09-13T08:00:51.542+0000] {processor.py:809} INFO - DAG(s) dict_keys(['example_short_circuit_operator']) retrieved from /home/airflow/.local/lib/python3.7/site-packages/airflow/example_dags/example_short_circuit_operator.py
[2023-09-13T08:00:51.633+0000] {logging_mixin.py:149} INFO - [2023-09-13T08:00:51.632+0000] {dag.py:2726} INFO - Sync 1 DAGs
[2023-09-13T08:00:51.719+0000] {logging_mixin.py:149} INFO - [2023-09-13T08:00:51.718+0000] {dag.py:3490} INFO - Setting next_dagrun for example_short_circuit_operator to 2023-09-12T08:00:51.718190+00:00, run_after=2023-09-13T08:00:51.718190+00:00
[2023-09-13T08:00:51.808+0000] {processor.py:178} INFO - Processing /home/airflow/.local/lib/python3.7/site-packages/airflow/example_dags/example_short_circuit_operator.py took 0.309 seconds
[2023-09-13T08:01:22.554+0000] {processor.py:156} INFO - Started process (PID=340) to work on /home/airflow/.local/lib/python3.7/site-packages/airflow/example_dags/example_short_circuit_operator.py
[2023-09-13T08:01:22.561+0000] {processor.py:799} INFO - Processing file /home/airflow/.local/lib/python3.7/site-packages/airflow/example_dags/example_short_circuit_operator.py for tasks to queue
[2023-09-13T08:01:22.564+0000] {logging_mixin.py:149} INFO - [2023-09-13T08:01:22.564+0000] {dagbag.py:541} INFO - Filling up the DagBag from /home/airflow/.local/lib/python3.7/site-packages/airflow/example_dags/example_short_circuit_operator.py
[2023-09-13T08:01:22.618+0000] {processor.py:809} INFO - DAG(s) dict_keys(['example_short_circuit_operator']) retrieved from /home/airflow/.local/lib/python3.7/site-packages/airflow/example_dags/example_short_circuit_operator.py
[2023-09-13T08:01:22.752+0000] {logging_mixin.py:149} INFO - [2023-09-13T08:01:22.751+0000] {dag.py:2726} INFO - Sync 1 DAGs
[2023-09-13T08:01:22.896+0000] {logging_mixin.py:149} INFO - [2023-09-13T08:01:22.895+0000] {dag.py:3490} INFO - Setting next_dagrun for example_short_circuit_operator to 2023-09-12T08:01:22.894750+00:00, run_after=2023-09-13T08:01:22.894750+00:00
[2023-09-13T08:01:23.015+0000] {processor.py:178} INFO - Processing /home/airflow/.local/lib/python3.7/site-packages/airflow/example_dags/example_short_circuit_operator.py took 0.477 seconds
[2023-09-13T08:01:54.072+0000] {processor.py:156} INFO - Started process (PID=400) to work on /home/airflow/.local/lib/python3.7/site-packages/airflow/example_dags/example_short_circuit_operator.py
[2023-09-13T08:01:54.075+0000] {processor.py:799} INFO - Processing file /home/airflow/.local/lib/python3.7/site-packages/airflow/example_dags/example_short_circuit_operator.py for tasks to queue
[2023-09-13T08:01:54.082+0000] {logging_mixin.py:149} INFO - [2023-09-13T08:01:54.081+0000] {dagbag.py:541} INFO - Filling up the DagBag from /home/airflow/.local/lib/python3.7/site-packages/airflow/example_dags/example_short_circuit_operator.py
[2023-09-13T08:01:54.125+0000] {processor.py:809} INFO - DAG(s) dict_keys(['example_short_circuit_operator']) retrieved from /home/airflow/.local/lib/python3.7/site-packages/airflow/example_dags/example_short_circuit_operator.py
[2023-09-13T08:01:54.266+0000] {logging_mixin.py:149} INFO - [2023-09-13T08:01:54.265+0000] {dag.py:2726} INFO - Sync 1 DAGs
[2023-09-13T08:01:54.380+0000] {logging_mixin.py:149} INFO - [2023-09-13T08:01:54.380+0000] {dag.py:3490} INFO - Setting next_dagrun for example_short_circuit_operator to 2023-09-12T08:01:54.379390+00:00, run_after=2023-09-13T08:01:54.379390+00:00
[2023-09-13T08:01:54.502+0000] {processor.py:178} INFO - Processing /home/airflow/.local/lib/python3.7/site-packages/airflow/example_dags/example_short_circuit_operator.py took 0.451 seconds
[2023-09-13T08:02:24.998+0000] {processor.py:156} INFO - Started process (PID=460) to work on /home/airflow/.local/lib/python3.7/site-packages/airflow/example_dags/example_short_circuit_operator.py
[2023-09-13T08:02:25.014+0000] {processor.py:799} INFO - Processing file /home/airflow/.local/lib/python3.7/site-packages/airflow/example_dags/example_short_circuit_operator.py for tasks to queue
[2023-09-13T08:02:25.029+0000] {logging_mixin.py:149} INFO - [2023-09-13T08:02:25.029+0000] {dagbag.py:541} INFO - Filling up the DagBag from /home/airflow/.local/lib/python3.7/site-packages/airflow/example_dags/example_short_circuit_operator.py
[2023-09-13T08:02:25.079+0000] {processor.py:809} INFO - DAG(s) dict_keys(['example_short_circuit_operator']) retrieved from /home/airflow/.local/lib/python3.7/site-packages/airflow/example_dags/example_short_circuit_operator.py
[2023-09-13T08:02:25.193+0000] {logging_mixin.py:149} INFO - [2023-09-13T08:02:25.193+0000] {dag.py:2726} INFO - Sync 1 DAGs
[2023-09-13T08:02:25.294+0000] {logging_mixin.py:149} INFO - [2023-09-13T08:02:25.293+0000] {dag.py:3490} INFO - Setting next_dagrun for example_short_circuit_operator to 2023-09-12T08:02:25.293164+00:00, run_after=2023-09-13T08:02:25.293164+00:00
[2023-09-13T08:02:25.369+0000] {processor.py:178} INFO - Processing /home/airflow/.local/lib/python3.7/site-packages/airflow/example_dags/example_short_circuit_operator.py took 0.389 seconds
[2023-09-13T08:02:56.481+0000] {processor.py:156} INFO - Started process (PID=520) to work on /home/airflow/.local/lib/python3.7/site-packages/airflow/example_dags/example_short_circuit_operator.py
[2023-09-13T08:02:56.498+0000] {processor.py:799} INFO - Processing file /home/airflow/.local/lib/python3.7/site-packages/airflow/example_dags/example_short_circuit_operator.py for tasks to queue
[2023-09-13T08:02:56.510+0000] {logging_mixin.py:149} INFO - [2023-09-13T08:02:56.510+0000] {dagbag.py:541} INFO - Filling up the DagBag from /home/airflow/.local/lib/python3.7/site-packages/airflow/example_dags/example_short_circuit_operator.py
[2023-09-13T08:02:56.594+0000] {processor.py:809} INFO - DAG(s) dict_keys(['example_short_circuit_operator']) retrieved from /home/airflow/.local/lib/python3.7/site-packages/airflow/example_dags/example_short_circuit_operator.py
[2023-09-13T08:02:56.874+0000] {logging_mixin.py:149} INFO - [2023-09-13T08:02:56.863+0000] {dag.py:2726} INFO - Sync 1 DAGs
[2023-09-13T08:02:57.186+0000] {logging_mixin.py:149} INFO - [2023-09-13T08:02:57.176+0000] {dag.py:3490} INFO - Setting next_dagrun for example_short_circuit_operator to 2023-09-12T08:02:57.175189+00:00, run_after=2023-09-13T08:02:57.175189+00:00
[2023-09-13T08:02:57.349+0000] {processor.py:178} INFO - Processing /home/airflow/.local/lib/python3.7/site-packages/airflow/example_dags/example_short_circuit_operator.py took 0.885 seconds
[2023-09-13T08:03:27.740+0000] {processor.py:156} INFO - Started process (PID=579) to work on /home/airflow/.local/lib/python3.7/site-packages/airflow/example_dags/example_short_circuit_operator.py
[2023-09-13T08:03:27.751+0000] {processor.py:799} INFO - Processing file /home/airflow/.local/lib/python3.7/site-packages/airflow/example_dags/example_short_circuit_operator.py for tasks to queue
[2023-09-13T08:03:27.764+0000] {logging_mixin.py:149} INFO - [2023-09-13T08:03:27.763+0000] {dagbag.py:541} INFO - Filling up the DagBag from /home/airflow/.local/lib/python3.7/site-packages/airflow/example_dags/example_short_circuit_operator.py
[2023-09-13T08:03:27.839+0000] {processor.py:809} INFO - DAG(s) dict_keys(['example_short_circuit_operator']) retrieved from /home/airflow/.local/lib/python3.7/site-packages/airflow/example_dags/example_short_circuit_operator.py
[2023-09-13T08:03:28.061+0000] {logging_mixin.py:149} INFO - [2023-09-13T08:03:28.061+0000] {dag.py:2726} INFO - Sync 1 DAGs
[2023-09-13T08:03:28.301+0000] {logging_mixin.py:149} INFO - [2023-09-13T08:03:28.300+0000] {dag.py:3490} INFO - Setting next_dagrun for example_short_circuit_operator to 2023-09-12T08:03:28.291490+00:00, run_after=2023-09-13T08:03:28.291490+00:00
[2023-09-13T08:03:28.484+0000] {processor.py:178} INFO - Processing /home/airflow/.local/lib/python3.7/site-packages/airflow/example_dags/example_short_circuit_operator.py took 0.765 seconds
[2023-09-13T08:03:59.419+0000] {processor.py:156} INFO - Started process (PID=640) to work on /home/airflow/.local/lib/python3.7/site-packages/airflow/example_dags/example_short_circuit_operator.py
[2023-09-13T08:03:59.422+0000] {processor.py:799} INFO - Processing file /home/airflow/.local/lib/python3.7/site-packages/airflow/example_dags/example_short_circuit_operator.py for tasks to queue
[2023-09-13T08:03:59.425+0000] {logging_mixin.py:149} INFO - [2023-09-13T08:03:59.424+0000] {dagbag.py:541} INFO - Filling up the DagBag from /home/airflow/.local/lib/python3.7/site-packages/airflow/example_dags/example_short_circuit_operator.py
[2023-09-13T08:03:59.451+0000] {processor.py:809} INFO - DAG(s) dict_keys(['example_short_circuit_operator']) retrieved from /home/airflow/.local/lib/python3.7/site-packages/airflow/example_dags/example_short_circuit_operator.py
[2023-09-13T08:03:59.523+0000] {logging_mixin.py:149} INFO - [2023-09-13T08:03:59.523+0000] {dag.py:2726} INFO - Sync 1 DAGs
[2023-09-13T08:03:59.630+0000] {logging_mixin.py:149} INFO - [2023-09-13T08:03:59.629+0000] {dag.py:3490} INFO - Setting next_dagrun for example_short_circuit_operator to 2023-09-12T08:03:59.628891+00:00, run_after=2023-09-13T08:03:59.628891+00:00
[2023-09-13T08:03:59.744+0000] {processor.py:178} INFO - Processing /home/airflow/.local/lib/python3.7/site-packages/airflow/example_dags/example_short_circuit_operator.py took 0.331 seconds
[2023-09-13T08:04:30.271+0000] {processor.py:156} INFO - Started process (PID=700) to work on /home/airflow/.local/lib/python3.7/site-packages/airflow/example_dags/example_short_circuit_operator.py
[2023-09-13T08:04:30.277+0000] {processor.py:799} INFO - Processing file /home/airflow/.local/lib/python3.7/site-packages/airflow/example_dags/example_short_circuit_operator.py for tasks to queue
[2023-09-13T08:04:30.287+0000] {logging_mixin.py:149} INFO - [2023-09-13T08:04:30.286+0000] {dagbag.py:541} INFO - Filling up the DagBag from /home/airflow/.local/lib/python3.7/site-packages/airflow/example_dags/example_short_circuit_operator.py
[2023-09-13T08:04:30.338+0000] {processor.py:809} INFO - DAG(s) dict_keys(['example_short_circuit_operator']) retrieved from /home/airflow/.local/lib/python3.7/site-packages/airflow/example_dags/example_short_circuit_operator.py
[2023-09-13T08:04:30.501+0000] {logging_mixin.py:149} INFO - [2023-09-13T08:04:30.501+0000] {dag.py:2726} INFO - Sync 1 DAGs
[2023-09-13T08:04:30.788+0000] {logging_mixin.py:149} INFO - [2023-09-13T08:04:30.787+0000] {dag.py:3490} INFO - Setting next_dagrun for example_short_circuit_operator to 2023-09-12T08:04:30.784744+00:00, run_after=2023-09-13T08:04:30.784744+00:00
[2023-09-13T08:04:30.945+0000] {processor.py:178} INFO - Processing /home/airflow/.local/lib/python3.7/site-packages/airflow/example_dags/example_short_circuit_operator.py took 0.697 seconds
[2023-09-13T08:05:01.633+0000] {processor.py:156} INFO - Started process (PID=760) to work on /home/airflow/.local/lib/python3.7/site-packages/airflow/example_dags/example_short_circuit_operator.py
[2023-09-13T08:05:01.636+0000] {processor.py:799} INFO - Processing file /home/airflow/.local/lib/python3.7/site-packages/airflow/example_dags/example_short_circuit_operator.py for tasks to queue
[2023-09-13T08:05:01.639+0000] {logging_mixin.py:149} INFO - [2023-09-13T08:05:01.638+0000] {dagbag.py:541} INFO - Filling up the DagBag from /home/airflow/.local/lib/python3.7/site-packages/airflow/example_dags/example_short_circuit_operator.py
[2023-09-13T08:05:01.670+0000] {processor.py:809} INFO - DAG(s) dict_keys(['example_short_circuit_operator']) retrieved from /home/airflow/.local/lib/python3.7/site-packages/airflow/example_dags/example_short_circuit_operator.py
[2023-09-13T08:05:01.742+0000] {logging_mixin.py:149} INFO - [2023-09-13T08:05:01.741+0000] {dag.py:2726} INFO - Sync 1 DAGs
[2023-09-13T08:05:01.833+0000] {logging_mixin.py:149} INFO - [2023-09-13T08:05:01.832+0000] {dag.py:3490} INFO - Setting next_dagrun for example_short_circuit_operator to 2023-09-12T08:05:01.828663+00:00, run_after=2023-09-13T08:05:01.828663+00:00
[2023-09-13T08:05:01.905+0000] {processor.py:178} INFO - Processing /home/airflow/.local/lib/python3.7/site-packages/airflow/example_dags/example_short_circuit_operator.py took 0.286 seconds
[2023-09-13T08:05:32.388+0000] {processor.py:156} INFO - Started process (PID=821) to work on /home/airflow/.local/lib/python3.7/site-packages/airflow/example_dags/example_short_circuit_operator.py
[2023-09-13T08:05:32.392+0000] {processor.py:799} INFO - Processing file /home/airflow/.local/lib/python3.7/site-packages/airflow/example_dags/example_short_circuit_operator.py for tasks to queue
[2023-09-13T08:05:32.395+0000] {logging_mixin.py:149} INFO - [2023-09-13T08:05:32.395+0000] {dagbag.py:541} INFO - Filling up the DagBag from /home/airflow/.local/lib/python3.7/site-packages/airflow/example_dags/example_short_circuit_operator.py
[2023-09-13T08:05:32.442+0000] {processor.py:809} INFO - DAG(s) dict_keys(['example_short_circuit_operator']) retrieved from /home/airflow/.local/lib/python3.7/site-packages/airflow/example_dags/example_short_circuit_operator.py
[2023-09-13T08:05:32.630+0000] {logging_mixin.py:149} INFO - [2023-09-13T08:05:32.630+0000] {dag.py:2726} INFO - Sync 1 DAGs
[2023-09-13T08:05:32.788+0000] {logging_mixin.py:149} INFO - [2023-09-13T08:05:32.788+0000] {dag.py:3490} INFO - Setting next_dagrun for example_short_circuit_operator to 2023-09-12T08:05:32.787345+00:00, run_after=2023-09-13T08:05:32.787345+00:00
[2023-09-13T08:05:32.906+0000] {processor.py:178} INFO - Processing /home/airflow/.local/lib/python3.7/site-packages/airflow/example_dags/example_short_circuit_operator.py took 0.530 seconds
[2023-09-13T08:06:03.207+0000] {processor.py:156} INFO - Started process (PID=881) to work on /home/airflow/.local/lib/python3.7/site-packages/airflow/example_dags/example_short_circuit_operator.py
[2023-09-13T08:06:03.230+0000] {processor.py:799} INFO - Processing file /home/airflow/.local/lib/python3.7/site-packages/airflow/example_dags/example_short_circuit_operator.py for tasks to queue
[2023-09-13T08:06:03.238+0000] {logging_mixin.py:149} INFO - [2023-09-13T08:06:03.238+0000] {dagbag.py:541} INFO - Filling up the DagBag from /home/airflow/.local/lib/python3.7/site-packages/airflow/example_dags/example_short_circuit_operator.py
[2023-09-13T08:06:03.286+0000] {processor.py:809} INFO - DAG(s) dict_keys(['example_short_circuit_operator']) retrieved from /home/airflow/.local/lib/python3.7/site-packages/airflow/example_dags/example_short_circuit_operator.py
[2023-09-13T08:06:03.490+0000] {logging_mixin.py:149} INFO - [2023-09-13T08:06:03.490+0000] {dag.py:2726} INFO - Sync 1 DAGs
[2023-09-13T08:06:03.664+0000] {logging_mixin.py:149} INFO - [2023-09-13T08:06:03.663+0000] {dag.py:3490} INFO - Setting next_dagrun for example_short_circuit_operator to 2023-09-12T08:06:03.663221+00:00, run_after=2023-09-13T08:06:03.663221+00:00
[2023-09-13T08:06:03.815+0000] {processor.py:178} INFO - Processing /home/airflow/.local/lib/python3.7/site-packages/airflow/example_dags/example_short_circuit_operator.py took 0.634 seconds
[2023-09-13T08:06:34.169+0000] {processor.py:156} INFO - Started process (PID=941) to work on /home/airflow/.local/lib/python3.7/site-packages/airflow/example_dags/example_short_circuit_operator.py
[2023-09-13T08:06:34.172+0000] {processor.py:799} INFO - Processing file /home/airflow/.local/lib/python3.7/site-packages/airflow/example_dags/example_short_circuit_operator.py for tasks to queue
[2023-09-13T08:06:34.174+0000] {logging_mixin.py:149} INFO - [2023-09-13T08:06:34.174+0000] {dagbag.py:541} INFO - Filling up the DagBag from /home/airflow/.local/lib/python3.7/site-packages/airflow/example_dags/example_short_circuit_operator.py
[2023-09-13T08:06:34.191+0000] {processor.py:809} INFO - DAG(s) dict_keys(['example_short_circuit_operator']) retrieved from /home/airflow/.local/lib/python3.7/site-packages/airflow/example_dags/example_short_circuit_operator.py
[2023-09-13T08:06:34.251+0000] {logging_mixin.py:149} INFO - [2023-09-13T08:06:34.250+0000] {dag.py:2726} INFO - Sync 1 DAGs
[2023-09-13T08:06:34.313+0000] {logging_mixin.py:149} INFO - [2023-09-13T08:06:34.313+0000] {dag.py:3490} INFO - Setting next_dagrun for example_short_circuit_operator to 2023-09-12T08:06:34.312977+00:00, run_after=2023-09-13T08:06:34.312977+00:00
[2023-09-13T08:06:34.353+0000] {processor.py:178} INFO - Processing /home/airflow/.local/lib/python3.7/site-packages/airflow/example_dags/example_short_circuit_operator.py took 0.192 seconds
[2023-09-13T08:07:04.544+0000] {processor.py:156} INFO - Started process (PID=1001) to work on /home/airflow/.local/lib/python3.7/site-packages/airflow/example_dags/example_short_circuit_operator.py
[2023-09-13T08:07:04.555+0000] {processor.py:799} INFO - Processing file /home/airflow/.local/lib/python3.7/site-packages/airflow/example_dags/example_short_circuit_operator.py for tasks to queue
[2023-09-13T08:07:04.559+0000] {logging_mixin.py:149} INFO - [2023-09-13T08:07:04.558+0000] {dagbag.py:541} INFO - Filling up the DagBag from /home/airflow/.local/lib/python3.7/site-packages/airflow/example_dags/example_short_circuit_operator.py
[2023-09-13T08:07:04.609+0000] {processor.py:809} INFO - DAG(s) dict_keys(['example_short_circuit_operator']) retrieved from /home/airflow/.local/lib/python3.7/site-packages/airflow/example_dags/example_short_circuit_operator.py
[2023-09-13T08:07:04.763+0000] {logging_mixin.py:149} INFO - [2023-09-13T08:07:04.762+0000] {dag.py:2726} INFO - Sync 1 DAGs
[2023-09-13T08:07:04.932+0000] {logging_mixin.py:149} INFO - [2023-09-13T08:07:04.931+0000] {dag.py:3490} INFO - Setting next_dagrun for example_short_circuit_operator to 2023-09-12T08:07:04.930970+00:00, run_after=2023-09-13T08:07:04.930970+00:00
[2023-09-13T08:07:05.059+0000] {processor.py:178} INFO - Processing /home/airflow/.local/lib/python3.7/site-packages/airflow/example_dags/example_short_circuit_operator.py took 0.526 seconds
[2023-09-13T08:07:35.222+0000] {processor.py:156} INFO - Started process (PID=1052) to work on /home/airflow/.local/lib/python3.7/site-packages/airflow/example_dags/example_short_circuit_operator.py
[2023-09-13T08:07:35.225+0000] {processor.py:799} INFO - Processing file /home/airflow/.local/lib/python3.7/site-packages/airflow/example_dags/example_short_circuit_operator.py for tasks to queue
[2023-09-13T08:07:35.228+0000] {logging_mixin.py:149} INFO - [2023-09-13T08:07:35.227+0000] {dagbag.py:541} INFO - Filling up the DagBag from /home/airflow/.local/lib/python3.7/site-packages/airflow/example_dags/example_short_circuit_operator.py
[2023-09-13T08:07:35.246+0000] {processor.py:809} INFO - DAG(s) dict_keys(['example_short_circuit_operator']) retrieved from /home/airflow/.local/lib/python3.7/site-packages/airflow/example_dags/example_short_circuit_operator.py
[2023-09-13T08:07:35.305+0000] {logging_mixin.py:149} INFO - [2023-09-13T08:07:35.304+0000] {dag.py:2726} INFO - Sync 1 DAGs
[2023-09-13T08:07:35.370+0000] {logging_mixin.py:149} INFO - [2023-09-13T08:07:35.370+0000] {dag.py:3490} INFO - Setting next_dagrun for example_short_circuit_operator to 2023-09-12T08:07:35.370284+00:00, run_after=2023-09-13T08:07:35.370284+00:00
[2023-09-13T08:07:35.441+0000] {processor.py:178} INFO - Processing /home/airflow/.local/lib/python3.7/site-packages/airflow/example_dags/example_short_circuit_operator.py took 0.226 seconds
[2023-09-13T08:08:05.759+0000] {processor.py:156} INFO - Started process (PID=1112) to work on /home/airflow/.local/lib/python3.7/site-packages/airflow/example_dags/example_short_circuit_operator.py
[2023-09-13T08:08:05.762+0000] {processor.py:799} INFO - Processing file /home/airflow/.local/lib/python3.7/site-packages/airflow/example_dags/example_short_circuit_operator.py for tasks to queue
[2023-09-13T08:08:05.765+0000] {logging_mixin.py:149} INFO - [2023-09-13T08:08:05.764+0000] {dagbag.py:541} INFO - Filling up the DagBag from /home/airflow/.local/lib/python3.7/site-packages/airflow/example_dags/example_short_circuit_operator.py
[2023-09-13T08:08:05.786+0000] {processor.py:809} INFO - DAG(s) dict_keys(['example_short_circuit_operator']) retrieved from /home/airflow/.local/lib/python3.7/site-packages/airflow/example_dags/example_short_circuit_operator.py
[2023-09-13T08:08:05.846+0000] {logging_mixin.py:149} INFO - [2023-09-13T08:08:05.846+0000] {dag.py:2726} INFO - Sync 1 DAGs
[2023-09-13T08:08:05.915+0000] {logging_mixin.py:149} INFO - [2023-09-13T08:08:05.915+0000] {dag.py:3490} INFO - Setting next_dagrun for example_short_circuit_operator to 2023-09-12T08:08:05.914463+00:00, run_after=2023-09-13T08:08:05.914463+00:00
[2023-09-13T08:08:05.972+0000] {processor.py:178} INFO - Processing /home/airflow/.local/lib/python3.7/site-packages/airflow/example_dags/example_short_circuit_operator.py took 0.222 seconds
[2023-09-13T08:08:36.243+0000] {processor.py:156} INFO - Started process (PID=1172) to work on /home/airflow/.local/lib/python3.7/site-packages/airflow/example_dags/example_short_circuit_operator.py
[2023-09-13T08:08:36.246+0000] {processor.py:799} INFO - Processing file /home/airflow/.local/lib/python3.7/site-packages/airflow/example_dags/example_short_circuit_operator.py for tasks to queue
[2023-09-13T08:08:36.248+0000] {logging_mixin.py:149} INFO - [2023-09-13T08:08:36.248+0000] {dagbag.py:541} INFO - Filling up the DagBag from /home/airflow/.local/lib/python3.7/site-packages/airflow/example_dags/example_short_circuit_operator.py
[2023-09-13T08:08:36.268+0000] {processor.py:809} INFO - DAG(s) dict_keys(['example_short_circuit_operator']) retrieved from /home/airflow/.local/lib/python3.7/site-packages/airflow/example_dags/example_short_circuit_operator.py
[2023-09-13T08:08:36.358+0000] {logging_mixin.py:149} INFO - [2023-09-13T08:08:36.357+0000] {dag.py:2726} INFO - Sync 1 DAGs
[2023-09-13T08:08:36.445+0000] {logging_mixin.py:149} INFO - [2023-09-13T08:08:36.445+0000] {dag.py:3490} INFO - Setting next_dagrun for example_short_circuit_operator to 2023-09-12T08:08:36.445086+00:00, run_after=2023-09-13T08:08:36.445086+00:00
[2023-09-13T08:08:36.508+0000] {processor.py:178} INFO - Processing /home/airflow/.local/lib/python3.7/site-packages/airflow/example_dags/example_short_circuit_operator.py took 0.275 seconds
[2023-09-13T08:09:06.839+0000] {processor.py:156} INFO - Started process (PID=1232) to work on /home/airflow/.local/lib/python3.7/site-packages/airflow/example_dags/example_short_circuit_operator.py
[2023-09-13T08:09:06.842+0000] {processor.py:799} INFO - Processing file /home/airflow/.local/lib/python3.7/site-packages/airflow/example_dags/example_short_circuit_operator.py for tasks to queue
[2023-09-13T08:09:06.845+0000] {logging_mixin.py:149} INFO - [2023-09-13T08:09:06.844+0000] {dagbag.py:541} INFO - Filling up the DagBag from /home/airflow/.local/lib/python3.7/site-packages/airflow/example_dags/example_short_circuit_operator.py
[2023-09-13T08:09:06.866+0000] {processor.py:809} INFO - DAG(s) dict_keys(['example_short_circuit_operator']) retrieved from /home/airflow/.local/lib/python3.7/site-packages/airflow/example_dags/example_short_circuit_operator.py
[2023-09-13T08:09:06.942+0000] {logging_mixin.py:149} INFO - [2023-09-13T08:09:06.942+0000] {dag.py:2726} INFO - Sync 1 DAGs
[2023-09-13T08:09:07.062+0000] {logging_mixin.py:149} INFO - [2023-09-13T08:09:07.062+0000] {dag.py:3490} INFO - Setting next_dagrun for example_short_circuit_operator to 2023-09-12T08:09:07.061674+00:00, run_after=2023-09-13T08:09:07.061674+00:00
[2023-09-13T08:09:07.216+0000] {processor.py:178} INFO - Processing /home/airflow/.local/lib/python3.7/site-packages/airflow/example_dags/example_short_circuit_operator.py took 0.388 seconds
[2023-09-13T08:09:37.647+0000] {processor.py:156} INFO - Started process (PID=1292) to work on /home/airflow/.local/lib/python3.7/site-packages/airflow/example_dags/example_short_circuit_operator.py
[2023-09-13T08:09:37.653+0000] {processor.py:799} INFO - Processing file /home/airflow/.local/lib/python3.7/site-packages/airflow/example_dags/example_short_circuit_operator.py for tasks to queue
[2023-09-13T08:09:37.657+0000] {logging_mixin.py:149} INFO - [2023-09-13T08:09:37.657+0000] {dagbag.py:541} INFO - Filling up the DagBag from /home/airflow/.local/lib/python3.7/site-packages/airflow/example_dags/example_short_circuit_operator.py
[2023-09-13T08:09:37.684+0000] {processor.py:809} INFO - DAG(s) dict_keys(['example_short_circuit_operator']) retrieved from /home/airflow/.local/lib/python3.7/site-packages/airflow/example_dags/example_short_circuit_operator.py
[2023-09-13T08:09:37.761+0000] {logging_mixin.py:149} INFO - [2023-09-13T08:09:37.760+0000] {dag.py:2726} INFO - Sync 1 DAGs
[2023-09-13T08:09:37.840+0000] {logging_mixin.py:149} INFO - [2023-09-13T08:09:37.840+0000] {dag.py:3490} INFO - Setting next_dagrun for example_short_circuit_operator to 2023-09-12T08:09:37.839612+00:00, run_after=2023-09-13T08:09:37.839612+00:00
[2023-09-13T08:09:37.908+0000] {processor.py:178} INFO - Processing /home/airflow/.local/lib/python3.7/site-packages/airflow/example_dags/example_short_circuit_operator.py took 0.277 seconds
[2023-09-13T08:10:08.008+0000] {processor.py:156} INFO - Started process (PID=1351) to work on /home/airflow/.local/lib/python3.7/site-packages/airflow/example_dags/example_short_circuit_operator.py
[2023-09-13T08:10:08.011+0000] {processor.py:799} INFO - Processing file /home/airflow/.local/lib/python3.7/site-packages/airflow/example_dags/example_short_circuit_operator.py for tasks to queue
[2023-09-13T08:10:08.014+0000] {logging_mixin.py:149} INFO - [2023-09-13T08:10:08.014+0000] {dagbag.py:541} INFO - Filling up the DagBag from /home/airflow/.local/lib/python3.7/site-packages/airflow/example_dags/example_short_circuit_operator.py
[2023-09-13T08:10:08.036+0000] {processor.py:809} INFO - DAG(s) dict_keys(['example_short_circuit_operator']) retrieved from /home/airflow/.local/lib/python3.7/site-packages/airflow/example_dags/example_short_circuit_operator.py
[2023-09-13T08:10:08.104+0000] {logging_mixin.py:149} INFO - [2023-09-13T08:10:08.104+0000] {dag.py:2726} INFO - Sync 1 DAGs
[2023-09-13T08:10:08.178+0000] {logging_mixin.py:149} INFO - [2023-09-13T08:10:08.177+0000] {dag.py:3490} INFO - Setting next_dagrun for example_short_circuit_operator to 2023-09-12T08:10:08.177259+00:00, run_after=2023-09-13T08:10:08.177259+00:00
[2023-09-13T08:10:08.239+0000] {processor.py:178} INFO - Processing /home/airflow/.local/lib/python3.7/site-packages/airflow/example_dags/example_short_circuit_operator.py took 0.242 seconds
[2023-09-13T08:10:38.519+0000] {processor.py:156} INFO - Started process (PID=1411) to work on /home/airflow/.local/lib/python3.7/site-packages/airflow/example_dags/example_short_circuit_operator.py
[2023-09-13T08:10:38.522+0000] {processor.py:799} INFO - Processing file /home/airflow/.local/lib/python3.7/site-packages/airflow/example_dags/example_short_circuit_operator.py for tasks to queue
[2023-09-13T08:10:38.525+0000] {logging_mixin.py:149} INFO - [2023-09-13T08:10:38.525+0000] {dagbag.py:541} INFO - Filling up the DagBag from /home/airflow/.local/lib/python3.7/site-packages/airflow/example_dags/example_short_circuit_operator.py
[2023-09-13T08:10:38.547+0000] {processor.py:809} INFO - DAG(s) dict_keys(['example_short_circuit_operator']) retrieved from /home/airflow/.local/lib/python3.7/site-packages/airflow/example_dags/example_short_circuit_operator.py
[2023-09-13T08:10:38.611+0000] {logging_mixin.py:149} INFO - [2023-09-13T08:10:38.610+0000] {dag.py:2726} INFO - Sync 1 DAGs
[2023-09-13T08:10:38.672+0000] {logging_mixin.py:149} INFO - [2023-09-13T08:10:38.671+0000] {dag.py:3490} INFO - Setting next_dagrun for example_short_circuit_operator to 2023-09-12T08:10:38.670427+00:00, run_after=2023-09-13T08:10:38.670427+00:00
[2023-09-13T08:10:38.728+0000] {processor.py:178} INFO - Processing /home/airflow/.local/lib/python3.7/site-packages/airflow/example_dags/example_short_circuit_operator.py took 0.217 seconds
[2023-09-13T08:11:09.115+0000] {processor.py:156} INFO - Started process (PID=1472) to work on /home/airflow/.local/lib/python3.7/site-packages/airflow/example_dags/example_short_circuit_operator.py
[2023-09-13T08:11:09.119+0000] {processor.py:799} INFO - Processing file /home/airflow/.local/lib/python3.7/site-packages/airflow/example_dags/example_short_circuit_operator.py for tasks to queue
[2023-09-13T08:11:09.122+0000] {logging_mixin.py:149} INFO - [2023-09-13T08:11:09.121+0000] {dagbag.py:541} INFO - Filling up the DagBag from /home/airflow/.local/lib/python3.7/site-packages/airflow/example_dags/example_short_circuit_operator.py
[2023-09-13T08:11:09.143+0000] {processor.py:809} INFO - DAG(s) dict_keys(['example_short_circuit_operator']) retrieved from /home/airflow/.local/lib/python3.7/site-packages/airflow/example_dags/example_short_circuit_operator.py
[2023-09-13T08:11:09.209+0000] {logging_mixin.py:149} INFO - [2023-09-13T08:11:09.208+0000] {dag.py:2726} INFO - Sync 1 DAGs
[2023-09-13T08:11:09.277+0000] {logging_mixin.py:149} INFO - [2023-09-13T08:11:09.276+0000] {dag.py:3490} INFO - Setting next_dagrun for example_short_circuit_operator to 2023-09-12T08:11:09.275826+00:00, run_after=2023-09-13T08:11:09.275826+00:00
[2023-09-13T08:11:09.328+0000] {processor.py:178} INFO - Processing /home/airflow/.local/lib/python3.7/site-packages/airflow/example_dags/example_short_circuit_operator.py took 0.221 seconds
[2023-09-13T08:11:39.457+0000] {processor.py:156} INFO - Started process (PID=1532) to work on /home/airflow/.local/lib/python3.7/site-packages/airflow/example_dags/example_short_circuit_operator.py
[2023-09-13T08:11:39.460+0000] {processor.py:799} INFO - Processing file /home/airflow/.local/lib/python3.7/site-packages/airflow/example_dags/example_short_circuit_operator.py for tasks to queue
[2023-09-13T08:11:39.463+0000] {logging_mixin.py:149} INFO - [2023-09-13T08:11:39.462+0000] {dagbag.py:541} INFO - Filling up the DagBag from /home/airflow/.local/lib/python3.7/site-packages/airflow/example_dags/example_short_circuit_operator.py
[2023-09-13T08:11:39.485+0000] {processor.py:809} INFO - DAG(s) dict_keys(['example_short_circuit_operator']) retrieved from /home/airflow/.local/lib/python3.7/site-packages/airflow/example_dags/example_short_circuit_operator.py
[2023-09-13T08:11:39.539+0000] {logging_mixin.py:149} INFO - [2023-09-13T08:11:39.539+0000] {dag.py:2726} INFO - Sync 1 DAGs
[2023-09-13T08:11:39.588+0000] {logging_mixin.py:149} INFO - [2023-09-13T08:11:39.588+0000] {dag.py:3490} INFO - Setting next_dagrun for example_short_circuit_operator to 2023-09-12T08:11:39.588068+00:00, run_after=2023-09-13T08:11:39.588068+00:00
[2023-09-13T08:11:39.638+0000] {processor.py:178} INFO - Processing /home/airflow/.local/lib/python3.7/site-packages/airflow/example_dags/example_short_circuit_operator.py took 0.188 seconds
[2023-09-13T08:12:09.856+0000] {processor.py:156} INFO - Started process (PID=1592) to work on /home/airflow/.local/lib/python3.7/site-packages/airflow/example_dags/example_short_circuit_operator.py
[2023-09-13T08:12:09.858+0000] {processor.py:799} INFO - Processing file /home/airflow/.local/lib/python3.7/site-packages/airflow/example_dags/example_short_circuit_operator.py for tasks to queue
[2023-09-13T08:12:09.860+0000] {logging_mixin.py:149} INFO - [2023-09-13T08:12:09.859+0000] {dagbag.py:541} INFO - Filling up the DagBag from /home/airflow/.local/lib/python3.7/site-packages/airflow/example_dags/example_short_circuit_operator.py
[2023-09-13T08:12:09.872+0000] {processor.py:809} INFO - DAG(s) dict_keys(['example_short_circuit_operator']) retrieved from /home/airflow/.local/lib/python3.7/site-packages/airflow/example_dags/example_short_circuit_operator.py
[2023-09-13T08:12:09.909+0000] {logging_mixin.py:149} INFO - [2023-09-13T08:12:09.909+0000] {dag.py:2726} INFO - Sync 1 DAGs
[2023-09-13T08:12:09.943+0000] {logging_mixin.py:149} INFO - [2023-09-13T08:12:09.943+0000] {dag.py:3490} INFO - Setting next_dagrun for example_short_circuit_operator to 2023-09-12T08:12:09.943009+00:00, run_after=2023-09-13T08:12:09.943009+00:00
[2023-09-13T08:12:09.979+0000] {processor.py:178} INFO - Processing /home/airflow/.local/lib/python3.7/site-packages/airflow/example_dags/example_short_circuit_operator.py took 0.128 seconds
[2023-09-13T08:12:40.158+0000] {processor.py:156} INFO - Started process (PID=1652) to work on /home/airflow/.local/lib/python3.7/site-packages/airflow/example_dags/example_short_circuit_operator.py
[2023-09-13T08:12:40.161+0000] {processor.py:799} INFO - Processing file /home/airflow/.local/lib/python3.7/site-packages/airflow/example_dags/example_short_circuit_operator.py for tasks to queue
[2023-09-13T08:12:40.165+0000] {logging_mixin.py:149} INFO - [2023-09-13T08:12:40.164+0000] {dagbag.py:541} INFO - Filling up the DagBag from /home/airflow/.local/lib/python3.7/site-packages/airflow/example_dags/example_short_circuit_operator.py
[2023-09-13T08:12:40.190+0000] {processor.py:809} INFO - DAG(s) dict_keys(['example_short_circuit_operator']) retrieved from /home/airflow/.local/lib/python3.7/site-packages/airflow/example_dags/example_short_circuit_operator.py
[2023-09-13T08:12:40.263+0000] {logging_mixin.py:149} INFO - [2023-09-13T08:12:40.262+0000] {dag.py:2726} INFO - Sync 1 DAGs
[2023-09-13T08:12:40.317+0000] {logging_mixin.py:149} INFO - [2023-09-13T08:12:40.317+0000] {dag.py:3490} INFO - Setting next_dagrun for example_short_circuit_operator to 2023-09-12T08:12:40.316940+00:00, run_after=2023-09-13T08:12:40.316940+00:00
[2023-09-13T08:12:40.360+0000] {processor.py:178} INFO - Processing /home/airflow/.local/lib/python3.7/site-packages/airflow/example_dags/example_short_circuit_operator.py took 0.209 seconds
[2023-09-13T09:26:07.945+0000] {processor.py:156} INFO - Started process (PID=33) to work on /home/airflow/.local/lib/python3.7/site-packages/airflow/example_dags/example_short_circuit_operator.py
[2023-09-13T09:26:07.946+0000] {processor.py:799} INFO - Processing file /home/airflow/.local/lib/python3.7/site-packages/airflow/example_dags/example_short_circuit_operator.py for tasks to queue
[2023-09-13T09:26:07.948+0000] {logging_mixin.py:149} INFO - [2023-09-13T09:26:07.947+0000] {dagbag.py:541} INFO - Filling up the DagBag from /home/airflow/.local/lib/python3.7/site-packages/airflow/example_dags/example_short_circuit_operator.py
[2023-09-13T09:26:07.962+0000] {processor.py:809} INFO - DAG(s) dict_keys(['example_short_circuit_operator']) retrieved from /home/airflow/.local/lib/python3.7/site-packages/airflow/example_dags/example_short_circuit_operator.py
[2023-09-13T09:26:08.006+0000] {logging_mixin.py:149} INFO - [2023-09-13T09:26:08.006+0000] {dag.py:2726} INFO - Sync 1 DAGs
[2023-09-13T09:26:08.045+0000] {logging_mixin.py:149} INFO - [2023-09-13T09:26:08.045+0000] {dag.py:3490} INFO - Setting next_dagrun for example_short_circuit_operator to 2023-09-12T09:26:08.045171+00:00, run_after=2023-09-13T09:26:08.045171+00:00
[2023-09-13T09:26:08.073+0000] {processor.py:178} INFO - Processing /home/airflow/.local/lib/python3.7/site-packages/airflow/example_dags/example_short_circuit_operator.py took 0.133 seconds
