[2023-09-13T07:58:54.520+0000] {processor.py:156} INFO - Started process (PID=62) to work on /home/airflow/.local/lib/python3.7/site-packages/airflow/example_dags/example_python_operator.py
[2023-09-13T07:58:54.523+0000] {processor.py:799} INFO - Processing file /home/airflow/.local/lib/python3.7/site-packages/airflow/example_dags/example_python_operator.py for tasks to queue
[2023-09-13T07:58:54.526+0000] {logging_mixin.py:149} INFO - [2023-09-13T07:58:54.525+0000] {dagbag.py:541} INFO - Filling up the DagBag from /home/airflow/.local/lib/python3.7/site-packages/airflow/example_dags/example_python_operator.py
[2023-09-13T07:58:54.544+0000] {logging_mixin.py:149} INFO - [2023-09-13T07:58:54.543+0000] {taskmixin.py:211} WARNING - Dependency <Task(_PythonDecoratedOperator): print_the_context>, log_sql_query already registered for DAG: example_python_operator
[2023-09-13T07:58:54.546+0000] {logging_mixin.py:149} INFO - [2023-09-13T07:58:54.545+0000] {taskmixin.py:211} WARNING - Dependency <Task(_PythonDecoratedOperator): log_sql_query>, print_the_context already registered for DAG: example_python_operator
[2023-09-13T07:58:54.549+0000] {logging_mixin.py:149} INFO - [2023-09-13T07:58:54.548+0000] {taskmixin.py:211} WARNING - Dependency <Task(_PythonDecoratedOperator): print_the_context>, log_sql_query already registered for DAG: example_python_operator
[2023-09-13T07:58:54.550+0000] {logging_mixin.py:149} INFO - [2023-09-13T07:58:54.550+0000] {taskmixin.py:211} WARNING - Dependency <Task(_PythonDecoratedOperator): log_sql_query>, print_the_context already registered for DAG: example_python_operator
[2023-09-13T07:58:54.554+0000] {logging_mixin.py:149} INFO - [2023-09-13T07:58:54.554+0000] {taskmixin.py:211} WARNING - Dependency <Task(_PythonDecoratedOperator): print_the_context>, log_sql_query already registered for DAG: example_python_operator
[2023-09-13T07:58:54.555+0000] {logging_mixin.py:149} INFO - [2023-09-13T07:58:54.555+0000] {taskmixin.py:211} WARNING - Dependency <Task(_PythonDecoratedOperator): log_sql_query>, print_the_context already registered for DAG: example_python_operator
[2023-09-13T07:58:54.559+0000] {logging_mixin.py:149} INFO - [2023-09-13T07:58:54.559+0000] {taskmixin.py:211} WARNING - Dependency <Task(_PythonDecoratedOperator): print_the_context>, log_sql_query already registered for DAG: example_python_operator
[2023-09-13T07:58:54.561+0000] {logging_mixin.py:149} INFO - [2023-09-13T07:58:54.561+0000] {taskmixin.py:211} WARNING - Dependency <Task(_PythonDecoratedOperator): log_sql_query>, print_the_context already registered for DAG: example_python_operator
[2023-09-13T07:58:54.574+0000] {processor.py:809} INFO - DAG(s) dict_keys(['example_python_operator']) retrieved from /home/airflow/.local/lib/python3.7/site-packages/airflow/example_dags/example_python_operator.py
[2023-09-13T07:58:54.834+0000] {logging_mixin.py:149} INFO - [2023-09-13T07:58:54.833+0000] {dag.py:2726} INFO - Sync 1 DAGs
[2023-09-13T07:58:54.916+0000] {logging_mixin.py:149} INFO - [2023-09-13T07:58:54.915+0000] {dag.py:3490} INFO - Setting next_dagrun for example_python_operator to None, run_after=None
[2023-09-13T07:58:54.986+0000] {processor.py:178} INFO - Processing /home/airflow/.local/lib/python3.7/site-packages/airflow/example_dags/example_python_operator.py took 0.475 seconds
[2023-09-13T07:59:25.116+0000] {processor.py:156} INFO - Started process (PID=123) to work on /home/airflow/.local/lib/python3.7/site-packages/airflow/example_dags/example_python_operator.py
[2023-09-13T07:59:25.118+0000] {processor.py:799} INFO - Processing file /home/airflow/.local/lib/python3.7/site-packages/airflow/example_dags/example_python_operator.py for tasks to queue
[2023-09-13T07:59:25.121+0000] {logging_mixin.py:149} INFO - [2023-09-13T07:59:25.120+0000] {dagbag.py:541} INFO - Filling up the DagBag from /home/airflow/.local/lib/python3.7/site-packages/airflow/example_dags/example_python_operator.py
[2023-09-13T07:59:25.136+0000] {logging_mixin.py:149} INFO - [2023-09-13T07:59:25.136+0000] {taskmixin.py:211} WARNING - Dependency <Task(_PythonDecoratedOperator): print_the_context>, log_sql_query already registered for DAG: example_python_operator
[2023-09-13T07:59:25.138+0000] {logging_mixin.py:149} INFO - [2023-09-13T07:59:25.138+0000] {taskmixin.py:211} WARNING - Dependency <Task(_PythonDecoratedOperator): log_sql_query>, print_the_context already registered for DAG: example_python_operator
[2023-09-13T07:59:25.141+0000] {logging_mixin.py:149} INFO - [2023-09-13T07:59:25.141+0000] {taskmixin.py:211} WARNING - Dependency <Task(_PythonDecoratedOperator): print_the_context>, log_sql_query already registered for DAG: example_python_operator
[2023-09-13T07:59:25.144+0000] {logging_mixin.py:149} INFO - [2023-09-13T07:59:25.143+0000] {taskmixin.py:211} WARNING - Dependency <Task(_PythonDecoratedOperator): log_sql_query>, print_the_context already registered for DAG: example_python_operator
[2023-09-13T07:59:25.147+0000] {logging_mixin.py:149} INFO - [2023-09-13T07:59:25.147+0000] {taskmixin.py:211} WARNING - Dependency <Task(_PythonDecoratedOperator): print_the_context>, log_sql_query already registered for DAG: example_python_operator
[2023-09-13T07:59:25.149+0000] {logging_mixin.py:149} INFO - [2023-09-13T07:59:25.148+0000] {taskmixin.py:211} WARNING - Dependency <Task(_PythonDecoratedOperator): log_sql_query>, print_the_context already registered for DAG: example_python_operator
[2023-09-13T07:59:25.151+0000] {logging_mixin.py:149} INFO - [2023-09-13T07:59:25.151+0000] {taskmixin.py:211} WARNING - Dependency <Task(_PythonDecoratedOperator): print_the_context>, log_sql_query already registered for DAG: example_python_operator
[2023-09-13T07:59:25.153+0000] {logging_mixin.py:149} INFO - [2023-09-13T07:59:25.153+0000] {taskmixin.py:211} WARNING - Dependency <Task(_PythonDecoratedOperator): log_sql_query>, print_the_context already registered for DAG: example_python_operator
[2023-09-13T07:59:25.161+0000] {processor.py:809} INFO - DAG(s) dict_keys(['example_python_operator']) retrieved from /home/airflow/.local/lib/python3.7/site-packages/airflow/example_dags/example_python_operator.py
[2023-09-13T07:59:25.230+0000] {logging_mixin.py:149} INFO - [2023-09-13T07:59:25.230+0000] {dag.py:2726} INFO - Sync 1 DAGs
[2023-09-13T07:59:25.288+0000] {logging_mixin.py:149} INFO - [2023-09-13T07:59:25.288+0000] {dag.py:3490} INFO - Setting next_dagrun for example_python_operator to None, run_after=None
[2023-09-13T07:59:25.327+0000] {processor.py:178} INFO - Processing /home/airflow/.local/lib/python3.7/site-packages/airflow/example_dags/example_python_operator.py took 0.218 seconds
[2023-09-13T07:59:57.503+0000] {processor.py:156} INFO - Started process (PID=182) to work on /home/airflow/.local/lib/python3.7/site-packages/airflow/example_dags/example_python_operator.py
[2023-09-13T07:59:57.506+0000] {processor.py:799} INFO - Processing file /home/airflow/.local/lib/python3.7/site-packages/airflow/example_dags/example_python_operator.py for tasks to queue
[2023-09-13T07:59:57.509+0000] {logging_mixin.py:149} INFO - [2023-09-13T07:59:57.508+0000] {dagbag.py:541} INFO - Filling up the DagBag from /home/airflow/.local/lib/python3.7/site-packages/airflow/example_dags/example_python_operator.py
[2023-09-13T07:59:57.525+0000] {logging_mixin.py:149} INFO - [2023-09-13T07:59:57.524+0000] {taskmixin.py:211} WARNING - Dependency <Task(_PythonDecoratedOperator): print_the_context>, log_sql_query already registered for DAG: example_python_operator
[2023-09-13T07:59:57.527+0000] {logging_mixin.py:149} INFO - [2023-09-13T07:59:57.526+0000] {taskmixin.py:211} WARNING - Dependency <Task(_PythonDecoratedOperator): log_sql_query>, print_the_context already registered for DAG: example_python_operator
[2023-09-13T07:59:57.529+0000] {logging_mixin.py:149} INFO - [2023-09-13T07:59:57.529+0000] {taskmixin.py:211} WARNING - Dependency <Task(_PythonDecoratedOperator): print_the_context>, log_sql_query already registered for DAG: example_python_operator
[2023-09-13T07:59:57.531+0000] {logging_mixin.py:149} INFO - [2023-09-13T07:59:57.531+0000] {taskmixin.py:211} WARNING - Dependency <Task(_PythonDecoratedOperator): log_sql_query>, print_the_context already registered for DAG: example_python_operator
[2023-09-13T07:59:57.534+0000] {logging_mixin.py:149} INFO - [2023-09-13T07:59:57.534+0000] {taskmixin.py:211} WARNING - Dependency <Task(_PythonDecoratedOperator): print_the_context>, log_sql_query already registered for DAG: example_python_operator
[2023-09-13T07:59:57.536+0000] {logging_mixin.py:149} INFO - [2023-09-13T07:59:57.535+0000] {taskmixin.py:211} WARNING - Dependency <Task(_PythonDecoratedOperator): log_sql_query>, print_the_context already registered for DAG: example_python_operator
[2023-09-13T07:59:57.539+0000] {logging_mixin.py:149} INFO - [2023-09-13T07:59:57.539+0000] {taskmixin.py:211} WARNING - Dependency <Task(_PythonDecoratedOperator): print_the_context>, log_sql_query already registered for DAG: example_python_operator
[2023-09-13T07:59:57.541+0000] {logging_mixin.py:149} INFO - [2023-09-13T07:59:57.540+0000] {taskmixin.py:211} WARNING - Dependency <Task(_PythonDecoratedOperator): log_sql_query>, print_the_context already registered for DAG: example_python_operator
[2023-09-13T07:59:57.550+0000] {processor.py:809} INFO - DAG(s) dict_keys(['example_python_operator']) retrieved from /home/airflow/.local/lib/python3.7/site-packages/airflow/example_dags/example_python_operator.py
[2023-09-13T07:59:57.618+0000] {logging_mixin.py:149} INFO - [2023-09-13T07:59:57.618+0000] {dag.py:2726} INFO - Sync 1 DAGs
[2023-09-13T07:59:57.948+0000] {logging_mixin.py:149} INFO - [2023-09-13T07:59:57.947+0000] {dag.py:3490} INFO - Setting next_dagrun for example_python_operator to None, run_after=None
[2023-09-13T07:59:58.003+0000] {processor.py:178} INFO - Processing /home/airflow/.local/lib/python3.7/site-packages/airflow/example_dags/example_python_operator.py took 0.506 seconds
[2023-09-13T08:00:28.447+0000] {processor.py:156} INFO - Started process (PID=242) to work on /home/airflow/.local/lib/python3.7/site-packages/airflow/example_dags/example_python_operator.py
[2023-09-13T08:00:28.450+0000] {processor.py:799} INFO - Processing file /home/airflow/.local/lib/python3.7/site-packages/airflow/example_dags/example_python_operator.py for tasks to queue
[2023-09-13T08:00:28.453+0000] {logging_mixin.py:149} INFO - [2023-09-13T08:00:28.453+0000] {dagbag.py:541} INFO - Filling up the DagBag from /home/airflow/.local/lib/python3.7/site-packages/airflow/example_dags/example_python_operator.py
[2023-09-13T08:00:28.468+0000] {logging_mixin.py:149} INFO - [2023-09-13T08:00:28.468+0000] {taskmixin.py:211} WARNING - Dependency <Task(_PythonDecoratedOperator): print_the_context>, log_sql_query already registered for DAG: example_python_operator
[2023-09-13T08:00:28.470+0000] {logging_mixin.py:149} INFO - [2023-09-13T08:00:28.470+0000] {taskmixin.py:211} WARNING - Dependency <Task(_PythonDecoratedOperator): log_sql_query>, print_the_context already registered for DAG: example_python_operator
[2023-09-13T08:00:28.473+0000] {logging_mixin.py:149} INFO - [2023-09-13T08:00:28.473+0000] {taskmixin.py:211} WARNING - Dependency <Task(_PythonDecoratedOperator): print_the_context>, log_sql_query already registered for DAG: example_python_operator
[2023-09-13T08:00:28.475+0000] {logging_mixin.py:149} INFO - [2023-09-13T08:00:28.475+0000] {taskmixin.py:211} WARNING - Dependency <Task(_PythonDecoratedOperator): log_sql_query>, print_the_context already registered for DAG: example_python_operator
[2023-09-13T08:00:28.478+0000] {logging_mixin.py:149} INFO - [2023-09-13T08:00:28.477+0000] {taskmixin.py:211} WARNING - Dependency <Task(_PythonDecoratedOperator): print_the_context>, log_sql_query already registered for DAG: example_python_operator
[2023-09-13T08:00:28.480+0000] {logging_mixin.py:149} INFO - [2023-09-13T08:00:28.479+0000] {taskmixin.py:211} WARNING - Dependency <Task(_PythonDecoratedOperator): log_sql_query>, print_the_context already registered for DAG: example_python_operator
[2023-09-13T08:00:28.485+0000] {logging_mixin.py:149} INFO - [2023-09-13T08:00:28.484+0000] {taskmixin.py:211} WARNING - Dependency <Task(_PythonDecoratedOperator): print_the_context>, log_sql_query already registered for DAG: example_python_operator
[2023-09-13T08:00:28.486+0000] {logging_mixin.py:149} INFO - [2023-09-13T08:00:28.486+0000] {taskmixin.py:211} WARNING - Dependency <Task(_PythonDecoratedOperator): log_sql_query>, print_the_context already registered for DAG: example_python_operator
[2023-09-13T08:00:28.502+0000] {processor.py:809} INFO - DAG(s) dict_keys(['example_python_operator']) retrieved from /home/airflow/.local/lib/python3.7/site-packages/airflow/example_dags/example_python_operator.py
[2023-09-13T08:00:28.625+0000] {logging_mixin.py:149} INFO - [2023-09-13T08:00:28.624+0000] {dag.py:2726} INFO - Sync 1 DAGs
[2023-09-13T08:00:28.719+0000] {logging_mixin.py:149} INFO - [2023-09-13T08:00:28.719+0000] {dag.py:3490} INFO - Setting next_dagrun for example_python_operator to None, run_after=None
[2023-09-13T08:00:28.791+0000] {processor.py:178} INFO - Processing /home/airflow/.local/lib/python3.7/site-packages/airflow/example_dags/example_python_operator.py took 0.351 seconds
[2023-09-13T08:01:01.154+0000] {processor.py:156} INFO - Started process (PID=302) to work on /home/airflow/.local/lib/python3.7/site-packages/airflow/example_dags/example_python_operator.py
[2023-09-13T08:01:01.164+0000] {processor.py:799} INFO - Processing file /home/airflow/.local/lib/python3.7/site-packages/airflow/example_dags/example_python_operator.py for tasks to queue
[2023-09-13T08:01:01.173+0000] {logging_mixin.py:149} INFO - [2023-09-13T08:01:01.173+0000] {dagbag.py:541} INFO - Filling up the DagBag from /home/airflow/.local/lib/python3.7/site-packages/airflow/example_dags/example_python_operator.py
[2023-09-13T08:01:01.212+0000] {logging_mixin.py:149} INFO - [2023-09-13T08:01:01.205+0000] {taskmixin.py:211} WARNING - Dependency <Task(_PythonDecoratedOperator): print_the_context>, log_sql_query already registered for DAG: example_python_operator
[2023-09-13T08:01:01.216+0000] {logging_mixin.py:149} INFO - [2023-09-13T08:01:01.216+0000] {taskmixin.py:211} WARNING - Dependency <Task(_PythonDecoratedOperator): log_sql_query>, print_the_context already registered for DAG: example_python_operator
[2023-09-13T08:01:01.225+0000] {logging_mixin.py:149} INFO - [2023-09-13T08:01:01.224+0000] {taskmixin.py:211} WARNING - Dependency <Task(_PythonDecoratedOperator): print_the_context>, log_sql_query already registered for DAG: example_python_operator
[2023-09-13T08:01:01.229+0000] {logging_mixin.py:149} INFO - [2023-09-13T08:01:01.229+0000] {taskmixin.py:211} WARNING - Dependency <Task(_PythonDecoratedOperator): log_sql_query>, print_the_context already registered for DAG: example_python_operator
[2023-09-13T08:01:01.236+0000] {logging_mixin.py:149} INFO - [2023-09-13T08:01:01.236+0000] {taskmixin.py:211} WARNING - Dependency <Task(_PythonDecoratedOperator): print_the_context>, log_sql_query already registered for DAG: example_python_operator
[2023-09-13T08:01:01.240+0000] {logging_mixin.py:149} INFO - [2023-09-13T08:01:01.239+0000] {taskmixin.py:211} WARNING - Dependency <Task(_PythonDecoratedOperator): log_sql_query>, print_the_context already registered for DAG: example_python_operator
[2023-09-13T08:01:01.244+0000] {logging_mixin.py:149} INFO - [2023-09-13T08:01:01.244+0000] {taskmixin.py:211} WARNING - Dependency <Task(_PythonDecoratedOperator): print_the_context>, log_sql_query already registered for DAG: example_python_operator
[2023-09-13T08:01:01.248+0000] {logging_mixin.py:149} INFO - [2023-09-13T08:01:01.247+0000] {taskmixin.py:211} WARNING - Dependency <Task(_PythonDecoratedOperator): log_sql_query>, print_the_context already registered for DAG: example_python_operator
[2023-09-13T08:01:01.263+0000] {processor.py:809} INFO - DAG(s) dict_keys(['example_python_operator']) retrieved from /home/airflow/.local/lib/python3.7/site-packages/airflow/example_dags/example_python_operator.py
[2023-09-13T08:01:01.374+0000] {logging_mixin.py:149} INFO - [2023-09-13T08:01:01.373+0000] {dag.py:2726} INFO - Sync 1 DAGs
[2023-09-13T08:01:01.512+0000] {logging_mixin.py:149} INFO - [2023-09-13T08:01:01.502+0000] {dag.py:3490} INFO - Setting next_dagrun for example_python_operator to None, run_after=None
[2023-09-13T08:01:01.633+0000] {processor.py:178} INFO - Processing /home/airflow/.local/lib/python3.7/site-packages/airflow/example_dags/example_python_operator.py took 0.497 seconds
[2023-09-13T08:01:31.928+0000] {processor.py:156} INFO - Started process (PID=362) to work on /home/airflow/.local/lib/python3.7/site-packages/airflow/example_dags/example_python_operator.py
[2023-09-13T08:01:31.939+0000] {processor.py:799} INFO - Processing file /home/airflow/.local/lib/python3.7/site-packages/airflow/example_dags/example_python_operator.py for tasks to queue
[2023-09-13T08:01:31.943+0000] {logging_mixin.py:149} INFO - [2023-09-13T08:01:31.942+0000] {dagbag.py:541} INFO - Filling up the DagBag from /home/airflow/.local/lib/python3.7/site-packages/airflow/example_dags/example_python_operator.py
[2023-09-13T08:01:31.990+0000] {logging_mixin.py:149} INFO - [2023-09-13T08:01:31.989+0000] {taskmixin.py:211} WARNING - Dependency <Task(_PythonDecoratedOperator): print_the_context>, log_sql_query already registered for DAG: example_python_operator
[2023-09-13T08:01:32.010+0000] {logging_mixin.py:149} INFO - [2023-09-13T08:01:32.009+0000] {taskmixin.py:211} WARNING - Dependency <Task(_PythonDecoratedOperator): log_sql_query>, print_the_context already registered for DAG: example_python_operator
[2023-09-13T08:01:32.026+0000] {logging_mixin.py:149} INFO - [2023-09-13T08:01:32.024+0000] {taskmixin.py:211} WARNING - Dependency <Task(_PythonDecoratedOperator): print_the_context>, log_sql_query already registered for DAG: example_python_operator
[2023-09-13T08:01:32.038+0000] {logging_mixin.py:149} INFO - [2023-09-13T08:01:32.038+0000] {taskmixin.py:211} WARNING - Dependency <Task(_PythonDecoratedOperator): log_sql_query>, print_the_context already registered for DAG: example_python_operator
[2023-09-13T08:01:32.053+0000] {logging_mixin.py:149} INFO - [2023-09-13T08:01:32.052+0000] {taskmixin.py:211} WARNING - Dependency <Task(_PythonDecoratedOperator): print_the_context>, log_sql_query already registered for DAG: example_python_operator
[2023-09-13T08:01:32.065+0000] {logging_mixin.py:149} INFO - [2023-09-13T08:01:32.065+0000] {taskmixin.py:211} WARNING - Dependency <Task(_PythonDecoratedOperator): log_sql_query>, print_the_context already registered for DAG: example_python_operator
[2023-09-13T08:01:32.074+0000] {logging_mixin.py:149} INFO - [2023-09-13T08:01:32.073+0000] {taskmixin.py:211} WARNING - Dependency <Task(_PythonDecoratedOperator): print_the_context>, log_sql_query already registered for DAG: example_python_operator
[2023-09-13T08:01:32.079+0000] {logging_mixin.py:149} INFO - [2023-09-13T08:01:32.078+0000] {taskmixin.py:211} WARNING - Dependency <Task(_PythonDecoratedOperator): log_sql_query>, print_the_context already registered for DAG: example_python_operator
[2023-09-13T08:01:32.102+0000] {processor.py:809} INFO - DAG(s) dict_keys(['example_python_operator']) retrieved from /home/airflow/.local/lib/python3.7/site-packages/airflow/example_dags/example_python_operator.py
[2023-09-13T08:01:32.291+0000] {logging_mixin.py:149} INFO - [2023-09-13T08:01:32.290+0000] {dag.py:2726} INFO - Sync 1 DAGs
[2023-09-13T08:01:32.550+0000] {logging_mixin.py:149} INFO - [2023-09-13T08:01:32.549+0000] {dag.py:3490} INFO - Setting next_dagrun for example_python_operator to None, run_after=None
[2023-09-13T08:01:32.665+0000] {processor.py:178} INFO - Processing /home/airflow/.local/lib/python3.7/site-packages/airflow/example_dags/example_python_operator.py took 0.747 seconds
[2023-09-13T08:02:03.917+0000] {processor.py:156} INFO - Started process (PID=422) to work on /home/airflow/.local/lib/python3.7/site-packages/airflow/example_dags/example_python_operator.py
[2023-09-13T08:02:03.921+0000] {processor.py:799} INFO - Processing file /home/airflow/.local/lib/python3.7/site-packages/airflow/example_dags/example_python_operator.py for tasks to queue
[2023-09-13T08:02:03.924+0000] {logging_mixin.py:149} INFO - [2023-09-13T08:02:03.924+0000] {dagbag.py:541} INFO - Filling up the DagBag from /home/airflow/.local/lib/python3.7/site-packages/airflow/example_dags/example_python_operator.py
[2023-09-13T08:02:03.945+0000] {logging_mixin.py:149} INFO - [2023-09-13T08:02:03.945+0000] {taskmixin.py:211} WARNING - Dependency <Task(_PythonDecoratedOperator): print_the_context>, log_sql_query already registered for DAG: example_python_operator
[2023-09-13T08:02:03.948+0000] {logging_mixin.py:149} INFO - [2023-09-13T08:02:03.947+0000] {taskmixin.py:211} WARNING - Dependency <Task(_PythonDecoratedOperator): log_sql_query>, print_the_context already registered for DAG: example_python_operator
[2023-09-13T08:02:03.952+0000] {logging_mixin.py:149} INFO - [2023-09-13T08:02:03.952+0000] {taskmixin.py:211} WARNING - Dependency <Task(_PythonDecoratedOperator): print_the_context>, log_sql_query already registered for DAG: example_python_operator
[2023-09-13T08:02:03.954+0000] {logging_mixin.py:149} INFO - [2023-09-13T08:02:03.953+0000] {taskmixin.py:211} WARNING - Dependency <Task(_PythonDecoratedOperator): log_sql_query>, print_the_context already registered for DAG: example_python_operator
[2023-09-13T08:02:03.957+0000] {logging_mixin.py:149} INFO - [2023-09-13T08:02:03.957+0000] {taskmixin.py:211} WARNING - Dependency <Task(_PythonDecoratedOperator): print_the_context>, log_sql_query already registered for DAG: example_python_operator
[2023-09-13T08:02:03.960+0000] {logging_mixin.py:149} INFO - [2023-09-13T08:02:03.959+0000] {taskmixin.py:211} WARNING - Dependency <Task(_PythonDecoratedOperator): log_sql_query>, print_the_context already registered for DAG: example_python_operator
[2023-09-13T08:02:03.964+0000] {logging_mixin.py:149} INFO - [2023-09-13T08:02:03.963+0000] {taskmixin.py:211} WARNING - Dependency <Task(_PythonDecoratedOperator): print_the_context>, log_sql_query already registered for DAG: example_python_operator
[2023-09-13T08:02:03.968+0000] {logging_mixin.py:149} INFO - [2023-09-13T08:02:03.967+0000] {taskmixin.py:211} WARNING - Dependency <Task(_PythonDecoratedOperator): log_sql_query>, print_the_context already registered for DAG: example_python_operator
[2023-09-13T08:02:03.976+0000] {processor.py:809} INFO - DAG(s) dict_keys(['example_python_operator']) retrieved from /home/airflow/.local/lib/python3.7/site-packages/airflow/example_dags/example_python_operator.py
[2023-09-13T08:02:04.120+0000] {logging_mixin.py:149} INFO - [2023-09-13T08:02:04.120+0000] {dag.py:2726} INFO - Sync 1 DAGs
[2023-09-13T08:02:04.233+0000] {logging_mixin.py:149} INFO - [2023-09-13T08:02:04.233+0000] {dag.py:3490} INFO - Setting next_dagrun for example_python_operator to None, run_after=None
[2023-09-13T08:02:04.299+0000] {processor.py:178} INFO - Processing /home/airflow/.local/lib/python3.7/site-packages/airflow/example_dags/example_python_operator.py took 0.391 seconds
[2023-09-13T08:02:34.596+0000] {processor.py:156} INFO - Started process (PID=482) to work on /home/airflow/.local/lib/python3.7/site-packages/airflow/example_dags/example_python_operator.py
[2023-09-13T08:02:34.603+0000] {processor.py:799} INFO - Processing file /home/airflow/.local/lib/python3.7/site-packages/airflow/example_dags/example_python_operator.py for tasks to queue
[2023-09-13T08:02:34.605+0000] {logging_mixin.py:149} INFO - [2023-09-13T08:02:34.605+0000] {dagbag.py:541} INFO - Filling up the DagBag from /home/airflow/.local/lib/python3.7/site-packages/airflow/example_dags/example_python_operator.py
[2023-09-13T08:02:34.624+0000] {logging_mixin.py:149} INFO - [2023-09-13T08:02:34.624+0000] {taskmixin.py:211} WARNING - Dependency <Task(_PythonDecoratedOperator): print_the_context>, log_sql_query already registered for DAG: example_python_operator
[2023-09-13T08:02:34.626+0000] {logging_mixin.py:149} INFO - [2023-09-13T08:02:34.626+0000] {taskmixin.py:211} WARNING - Dependency <Task(_PythonDecoratedOperator): log_sql_query>, print_the_context already registered for DAG: example_python_operator
[2023-09-13T08:02:34.629+0000] {logging_mixin.py:149} INFO - [2023-09-13T08:02:34.629+0000] {taskmixin.py:211} WARNING - Dependency <Task(_PythonDecoratedOperator): print_the_context>, log_sql_query already registered for DAG: example_python_operator
[2023-09-13T08:02:34.632+0000] {logging_mixin.py:149} INFO - [2023-09-13T08:02:34.631+0000] {taskmixin.py:211} WARNING - Dependency <Task(_PythonDecoratedOperator): log_sql_query>, print_the_context already registered for DAG: example_python_operator
[2023-09-13T08:02:34.638+0000] {logging_mixin.py:149} INFO - [2023-09-13T08:02:34.638+0000] {taskmixin.py:211} WARNING - Dependency <Task(_PythonDecoratedOperator): print_the_context>, log_sql_query already registered for DAG: example_python_operator
[2023-09-13T08:02:34.640+0000] {logging_mixin.py:149} INFO - [2023-09-13T08:02:34.640+0000] {taskmixin.py:211} WARNING - Dependency <Task(_PythonDecoratedOperator): log_sql_query>, print_the_context already registered for DAG: example_python_operator
[2023-09-13T08:02:34.644+0000] {logging_mixin.py:149} INFO - [2023-09-13T08:02:34.644+0000] {taskmixin.py:211} WARNING - Dependency <Task(_PythonDecoratedOperator): print_the_context>, log_sql_query already registered for DAG: example_python_operator
[2023-09-13T08:02:34.645+0000] {logging_mixin.py:149} INFO - [2023-09-13T08:02:34.645+0000] {taskmixin.py:211} WARNING - Dependency <Task(_PythonDecoratedOperator): log_sql_query>, print_the_context already registered for DAG: example_python_operator
[2023-09-13T08:02:34.655+0000] {processor.py:809} INFO - DAG(s) dict_keys(['example_python_operator']) retrieved from /home/airflow/.local/lib/python3.7/site-packages/airflow/example_dags/example_python_operator.py
[2023-09-13T08:02:34.714+0000] {logging_mixin.py:149} INFO - [2023-09-13T08:02:34.714+0000] {dag.py:2726} INFO - Sync 1 DAGs
[2023-09-13T08:02:34.786+0000] {logging_mixin.py:149} INFO - [2023-09-13T08:02:34.785+0000] {dag.py:3490} INFO - Setting next_dagrun for example_python_operator to None, run_after=None
[2023-09-13T08:02:34.878+0000] {processor.py:178} INFO - Processing /home/airflow/.local/lib/python3.7/site-packages/airflow/example_dags/example_python_operator.py took 0.287 seconds
[2023-09-13T08:03:07.749+0000] {processor.py:156} INFO - Started process (PID=542) to work on /home/airflow/.local/lib/python3.7/site-packages/airflow/example_dags/example_python_operator.py
[2023-09-13T08:03:07.756+0000] {processor.py:799} INFO - Processing file /home/airflow/.local/lib/python3.7/site-packages/airflow/example_dags/example_python_operator.py for tasks to queue
[2023-09-13T08:03:07.760+0000] {logging_mixin.py:149} INFO - [2023-09-13T08:03:07.760+0000] {dagbag.py:541} INFO - Filling up the DagBag from /home/airflow/.local/lib/python3.7/site-packages/airflow/example_dags/example_python_operator.py
[2023-09-13T08:03:07.797+0000] {logging_mixin.py:149} INFO - [2023-09-13T08:03:07.796+0000] {taskmixin.py:211} WARNING - Dependency <Task(_PythonDecoratedOperator): print_the_context>, log_sql_query already registered for DAG: example_python_operator
[2023-09-13T08:03:07.799+0000] {logging_mixin.py:149} INFO - [2023-09-13T08:03:07.798+0000] {taskmixin.py:211} WARNING - Dependency <Task(_PythonDecoratedOperator): log_sql_query>, print_the_context already registered for DAG: example_python_operator
[2023-09-13T08:03:07.808+0000] {logging_mixin.py:149} INFO - [2023-09-13T08:03:07.807+0000] {taskmixin.py:211} WARNING - Dependency <Task(_PythonDecoratedOperator): print_the_context>, log_sql_query already registered for DAG: example_python_operator
[2023-09-13T08:03:07.811+0000] {logging_mixin.py:149} INFO - [2023-09-13T08:03:07.810+0000] {taskmixin.py:211} WARNING - Dependency <Task(_PythonDecoratedOperator): log_sql_query>, print_the_context already registered for DAG: example_python_operator
[2023-09-13T08:03:07.816+0000] {logging_mixin.py:149} INFO - [2023-09-13T08:03:07.816+0000] {taskmixin.py:211} WARNING - Dependency <Task(_PythonDecoratedOperator): print_the_context>, log_sql_query already registered for DAG: example_python_operator
[2023-09-13T08:03:07.826+0000] {logging_mixin.py:149} INFO - [2023-09-13T08:03:07.825+0000] {taskmixin.py:211} WARNING - Dependency <Task(_PythonDecoratedOperator): log_sql_query>, print_the_context already registered for DAG: example_python_operator
[2023-09-13T08:03:07.832+0000] {logging_mixin.py:149} INFO - [2023-09-13T08:03:07.831+0000] {taskmixin.py:211} WARNING - Dependency <Task(_PythonDecoratedOperator): print_the_context>, log_sql_query already registered for DAG: example_python_operator
[2023-09-13T08:03:07.833+0000] {logging_mixin.py:149} INFO - [2023-09-13T08:03:07.833+0000] {taskmixin.py:211} WARNING - Dependency <Task(_PythonDecoratedOperator): log_sql_query>, print_the_context already registered for DAG: example_python_operator
[2023-09-13T08:03:07.852+0000] {processor.py:809} INFO - DAG(s) dict_keys(['example_python_operator']) retrieved from /home/airflow/.local/lib/python3.7/site-packages/airflow/example_dags/example_python_operator.py
[2023-09-13T08:03:07.992+0000] {logging_mixin.py:149} INFO - [2023-09-13T08:03:07.992+0000] {dag.py:2726} INFO - Sync 1 DAGs
[2023-09-13T08:03:08.086+0000] {logging_mixin.py:149} INFO - [2023-09-13T08:03:08.086+0000] {dag.py:3490} INFO - Setting next_dagrun for example_python_operator to None, run_after=None
[2023-09-13T08:03:08.159+0000] {processor.py:178} INFO - Processing /home/airflow/.local/lib/python3.7/site-packages/airflow/example_dags/example_python_operator.py took 0.424 seconds
[2023-09-13T08:03:39.135+0000] {processor.py:156} INFO - Started process (PID=602) to work on /home/airflow/.local/lib/python3.7/site-packages/airflow/example_dags/example_python_operator.py
[2023-09-13T08:03:39.138+0000] {processor.py:799} INFO - Processing file /home/airflow/.local/lib/python3.7/site-packages/airflow/example_dags/example_python_operator.py for tasks to queue
[2023-09-13T08:03:39.141+0000] {logging_mixin.py:149} INFO - [2023-09-13T08:03:39.140+0000] {dagbag.py:541} INFO - Filling up the DagBag from /home/airflow/.local/lib/python3.7/site-packages/airflow/example_dags/example_python_operator.py
[2023-09-13T08:03:39.174+0000] {logging_mixin.py:149} INFO - [2023-09-13T08:03:39.174+0000] {taskmixin.py:211} WARNING - Dependency <Task(_PythonDecoratedOperator): print_the_context>, log_sql_query already registered for DAG: example_python_operator
[2023-09-13T08:03:39.177+0000] {logging_mixin.py:149} INFO - [2023-09-13T08:03:39.177+0000] {taskmixin.py:211} WARNING - Dependency <Task(_PythonDecoratedOperator): log_sql_query>, print_the_context already registered for DAG: example_python_operator
[2023-09-13T08:03:39.181+0000] {logging_mixin.py:149} INFO - [2023-09-13T08:03:39.181+0000] {taskmixin.py:211} WARNING - Dependency <Task(_PythonDecoratedOperator): print_the_context>, log_sql_query already registered for DAG: example_python_operator
[2023-09-13T08:03:39.183+0000] {logging_mixin.py:149} INFO - [2023-09-13T08:03:39.183+0000] {taskmixin.py:211} WARNING - Dependency <Task(_PythonDecoratedOperator): log_sql_query>, print_the_context already registered for DAG: example_python_operator
[2023-09-13T08:03:39.193+0000] {logging_mixin.py:149} INFO - [2023-09-13T08:03:39.192+0000] {taskmixin.py:211} WARNING - Dependency <Task(_PythonDecoratedOperator): print_the_context>, log_sql_query already registered for DAG: example_python_operator
[2023-09-13T08:03:39.199+0000] {logging_mixin.py:149} INFO - [2023-09-13T08:03:39.198+0000] {taskmixin.py:211} WARNING - Dependency <Task(_PythonDecoratedOperator): log_sql_query>, print_the_context already registered for DAG: example_python_operator
[2023-09-13T08:03:39.205+0000] {logging_mixin.py:149} INFO - [2023-09-13T08:03:39.205+0000] {taskmixin.py:211} WARNING - Dependency <Task(_PythonDecoratedOperator): print_the_context>, log_sql_query already registered for DAG: example_python_operator
[2023-09-13T08:03:39.208+0000] {logging_mixin.py:149} INFO - [2023-09-13T08:03:39.208+0000] {taskmixin.py:211} WARNING - Dependency <Task(_PythonDecoratedOperator): log_sql_query>, print_the_context already registered for DAG: example_python_operator
[2023-09-13T08:03:39.225+0000] {processor.py:809} INFO - DAG(s) dict_keys(['example_python_operator']) retrieved from /home/airflow/.local/lib/python3.7/site-packages/airflow/example_dags/example_python_operator.py
[2023-09-13T08:03:39.367+0000] {logging_mixin.py:149} INFO - [2023-09-13T08:03:39.367+0000] {dag.py:2726} INFO - Sync 1 DAGs
[2023-09-13T08:03:39.525+0000] {logging_mixin.py:149} INFO - [2023-09-13T08:03:39.524+0000] {dag.py:3490} INFO - Setting next_dagrun for example_python_operator to None, run_after=None
[2023-09-13T08:03:39.647+0000] {processor.py:178} INFO - Processing /home/airflow/.local/lib/python3.7/site-packages/airflow/example_dags/example_python_operator.py took 0.526 seconds
[2023-09-13T08:04:11.014+0000] {processor.py:156} INFO - Started process (PID=663) to work on /home/airflow/.local/lib/python3.7/site-packages/airflow/example_dags/example_python_operator.py
[2023-09-13T08:04:11.017+0000] {processor.py:799} INFO - Processing file /home/airflow/.local/lib/python3.7/site-packages/airflow/example_dags/example_python_operator.py for tasks to queue
[2023-09-13T08:04:11.021+0000] {logging_mixin.py:149} INFO - [2023-09-13T08:04:11.021+0000] {dagbag.py:541} INFO - Filling up the DagBag from /home/airflow/.local/lib/python3.7/site-packages/airflow/example_dags/example_python_operator.py
[2023-09-13T08:04:11.050+0000] {logging_mixin.py:149} INFO - [2023-09-13T08:04:11.050+0000] {taskmixin.py:211} WARNING - Dependency <Task(_PythonDecoratedOperator): print_the_context>, log_sql_query already registered for DAG: example_python_operator
[2023-09-13T08:04:11.052+0000] {logging_mixin.py:149} INFO - [2023-09-13T08:04:11.052+0000] {taskmixin.py:211} WARNING - Dependency <Task(_PythonDecoratedOperator): log_sql_query>, print_the_context already registered for DAG: example_python_operator
[2023-09-13T08:04:11.057+0000] {logging_mixin.py:149} INFO - [2023-09-13T08:04:11.056+0000] {taskmixin.py:211} WARNING - Dependency <Task(_PythonDecoratedOperator): print_the_context>, log_sql_query already registered for DAG: example_python_operator
[2023-09-13T08:04:11.063+0000] {logging_mixin.py:149} INFO - [2023-09-13T08:04:11.061+0000] {taskmixin.py:211} WARNING - Dependency <Task(_PythonDecoratedOperator): log_sql_query>, print_the_context already registered for DAG: example_python_operator
[2023-09-13T08:04:11.068+0000] {logging_mixin.py:149} INFO - [2023-09-13T08:04:11.067+0000] {taskmixin.py:211} WARNING - Dependency <Task(_PythonDecoratedOperator): print_the_context>, log_sql_query already registered for DAG: example_python_operator
[2023-09-13T08:04:11.070+0000] {logging_mixin.py:149} INFO - [2023-09-13T08:04:11.069+0000] {taskmixin.py:211} WARNING - Dependency <Task(_PythonDecoratedOperator): log_sql_query>, print_the_context already registered for DAG: example_python_operator
[2023-09-13T08:04:11.075+0000] {logging_mixin.py:149} INFO - [2023-09-13T08:04:11.074+0000] {taskmixin.py:211} WARNING - Dependency <Task(_PythonDecoratedOperator): print_the_context>, log_sql_query already registered for DAG: example_python_operator
[2023-09-13T08:04:11.077+0000] {logging_mixin.py:149} INFO - [2023-09-13T08:04:11.077+0000] {taskmixin.py:211} WARNING - Dependency <Task(_PythonDecoratedOperator): log_sql_query>, print_the_context already registered for DAG: example_python_operator
[2023-09-13T08:04:11.091+0000] {processor.py:809} INFO - DAG(s) dict_keys(['example_python_operator']) retrieved from /home/airflow/.local/lib/python3.7/site-packages/airflow/example_dags/example_python_operator.py
[2023-09-13T08:04:11.203+0000] {logging_mixin.py:149} INFO - [2023-09-13T08:04:11.202+0000] {dag.py:2726} INFO - Sync 1 DAGs
[2023-09-13T08:04:11.316+0000] {logging_mixin.py:149} INFO - [2023-09-13T08:04:11.315+0000] {dag.py:3490} INFO - Setting next_dagrun for example_python_operator to None, run_after=None
[2023-09-13T08:04:11.418+0000] {processor.py:178} INFO - Processing /home/airflow/.local/lib/python3.7/site-packages/airflow/example_dags/example_python_operator.py took 0.414 seconds
[2023-09-13T08:04:41.687+0000] {processor.py:156} INFO - Started process (PID=723) to work on /home/airflow/.local/lib/python3.7/site-packages/airflow/example_dags/example_python_operator.py
[2023-09-13T08:04:41.691+0000] {processor.py:799} INFO - Processing file /home/airflow/.local/lib/python3.7/site-packages/airflow/example_dags/example_python_operator.py for tasks to queue
[2023-09-13T08:04:41.694+0000] {logging_mixin.py:149} INFO - [2023-09-13T08:04:41.694+0000] {dagbag.py:541} INFO - Filling up the DagBag from /home/airflow/.local/lib/python3.7/site-packages/airflow/example_dags/example_python_operator.py
[2023-09-13T08:04:41.720+0000] {logging_mixin.py:149} INFO - [2023-09-13T08:04:41.719+0000] {taskmixin.py:211} WARNING - Dependency <Task(_PythonDecoratedOperator): print_the_context>, log_sql_query already registered for DAG: example_python_operator
[2023-09-13T08:04:41.723+0000] {logging_mixin.py:149} INFO - [2023-09-13T08:04:41.723+0000] {taskmixin.py:211} WARNING - Dependency <Task(_PythonDecoratedOperator): log_sql_query>, print_the_context already registered for DAG: example_python_operator
[2023-09-13T08:04:41.729+0000] {logging_mixin.py:149} INFO - [2023-09-13T08:04:41.728+0000] {taskmixin.py:211} WARNING - Dependency <Task(_PythonDecoratedOperator): print_the_context>, log_sql_query already registered for DAG: example_python_operator
[2023-09-13T08:04:41.741+0000] {logging_mixin.py:149} INFO - [2023-09-13T08:04:41.740+0000] {taskmixin.py:211} WARNING - Dependency <Task(_PythonDecoratedOperator): log_sql_query>, print_the_context already registered for DAG: example_python_operator
[2023-09-13T08:04:41.753+0000] {logging_mixin.py:149} INFO - [2023-09-13T08:04:41.752+0000] {taskmixin.py:211} WARNING - Dependency <Task(_PythonDecoratedOperator): print_the_context>, log_sql_query already registered for DAG: example_python_operator
[2023-09-13T08:04:41.756+0000] {logging_mixin.py:149} INFO - [2023-09-13T08:04:41.756+0000] {taskmixin.py:211} WARNING - Dependency <Task(_PythonDecoratedOperator): log_sql_query>, print_the_context already registered for DAG: example_python_operator
[2023-09-13T08:04:41.760+0000] {logging_mixin.py:149} INFO - [2023-09-13T08:04:41.759+0000] {taskmixin.py:211} WARNING - Dependency <Task(_PythonDecoratedOperator): print_the_context>, log_sql_query already registered for DAG: example_python_operator
[2023-09-13T08:04:41.762+0000] {logging_mixin.py:149} INFO - [2023-09-13T08:04:41.761+0000] {taskmixin.py:211} WARNING - Dependency <Task(_PythonDecoratedOperator): log_sql_query>, print_the_context already registered for DAG: example_python_operator
[2023-09-13T08:04:41.780+0000] {processor.py:809} INFO - DAG(s) dict_keys(['example_python_operator']) retrieved from /home/airflow/.local/lib/python3.7/site-packages/airflow/example_dags/example_python_operator.py
[2023-09-13T08:04:41.955+0000] {logging_mixin.py:149} INFO - [2023-09-13T08:04:41.954+0000] {dag.py:2726} INFO - Sync 1 DAGs
[2023-09-13T08:04:42.064+0000] {logging_mixin.py:149} INFO - [2023-09-13T08:04:42.064+0000] {dag.py:3490} INFO - Setting next_dagrun for example_python_operator to None, run_after=None
[2023-09-13T08:04:42.141+0000] {processor.py:178} INFO - Processing /home/airflow/.local/lib/python3.7/site-packages/airflow/example_dags/example_python_operator.py took 0.469 seconds
[2023-09-13T08:05:12.357+0000] {processor.py:156} INFO - Started process (PID=783) to work on /home/airflow/.local/lib/python3.7/site-packages/airflow/example_dags/example_python_operator.py
[2023-09-13T08:05:12.360+0000] {processor.py:799} INFO - Processing file /home/airflow/.local/lib/python3.7/site-packages/airflow/example_dags/example_python_operator.py for tasks to queue
[2023-09-13T08:05:12.363+0000] {logging_mixin.py:149} INFO - [2023-09-13T08:05:12.363+0000] {dagbag.py:541} INFO - Filling up the DagBag from /home/airflow/.local/lib/python3.7/site-packages/airflow/example_dags/example_python_operator.py
[2023-09-13T08:05:12.382+0000] {logging_mixin.py:149} INFO - [2023-09-13T08:05:12.381+0000] {taskmixin.py:211} WARNING - Dependency <Task(_PythonDecoratedOperator): print_the_context>, log_sql_query already registered for DAG: example_python_operator
[2023-09-13T08:05:12.384+0000] {logging_mixin.py:149} INFO - [2023-09-13T08:05:12.383+0000] {taskmixin.py:211} WARNING - Dependency <Task(_PythonDecoratedOperator): log_sql_query>, print_the_context already registered for DAG: example_python_operator
[2023-09-13T08:05:12.388+0000] {logging_mixin.py:149} INFO - [2023-09-13T08:05:12.388+0000] {taskmixin.py:211} WARNING - Dependency <Task(_PythonDecoratedOperator): print_the_context>, log_sql_query already registered for DAG: example_python_operator
[2023-09-13T08:05:12.389+0000] {logging_mixin.py:149} INFO - [2023-09-13T08:05:12.389+0000] {taskmixin.py:211} WARNING - Dependency <Task(_PythonDecoratedOperator): log_sql_query>, print_the_context already registered for DAG: example_python_operator
[2023-09-13T08:05:12.392+0000] {logging_mixin.py:149} INFO - [2023-09-13T08:05:12.391+0000] {taskmixin.py:211} WARNING - Dependency <Task(_PythonDecoratedOperator): print_the_context>, log_sql_query already registered for DAG: example_python_operator
[2023-09-13T08:05:12.393+0000] {logging_mixin.py:149} INFO - [2023-09-13T08:05:12.393+0000] {taskmixin.py:211} WARNING - Dependency <Task(_PythonDecoratedOperator): log_sql_query>, print_the_context already registered for DAG: example_python_operator
[2023-09-13T08:05:12.396+0000] {logging_mixin.py:149} INFO - [2023-09-13T08:05:12.395+0000] {taskmixin.py:211} WARNING - Dependency <Task(_PythonDecoratedOperator): print_the_context>, log_sql_query already registered for DAG: example_python_operator
[2023-09-13T08:05:12.398+0000] {logging_mixin.py:149} INFO - [2023-09-13T08:05:12.398+0000] {taskmixin.py:211} WARNING - Dependency <Task(_PythonDecoratedOperator): log_sql_query>, print_the_context already registered for DAG: example_python_operator
[2023-09-13T08:05:12.406+0000] {processor.py:809} INFO - DAG(s) dict_keys(['example_python_operator']) retrieved from /home/airflow/.local/lib/python3.7/site-packages/airflow/example_dags/example_python_operator.py
[2023-09-13T08:05:12.536+0000] {logging_mixin.py:149} INFO - [2023-09-13T08:05:12.535+0000] {dag.py:2726} INFO - Sync 1 DAGs
[2023-09-13T08:05:12.632+0000] {logging_mixin.py:149} INFO - [2023-09-13T08:05:12.632+0000] {dag.py:3490} INFO - Setting next_dagrun for example_python_operator to None, run_after=None
[2023-09-13T08:05:12.693+0000] {processor.py:178} INFO - Processing /home/airflow/.local/lib/python3.7/site-packages/airflow/example_dags/example_python_operator.py took 0.344 seconds
[2023-09-13T08:05:45.964+0000] {processor.py:156} INFO - Started process (PID=851) to work on /home/airflow/.local/lib/python3.7/site-packages/airflow/example_dags/example_python_operator.py
[2023-09-13T08:05:45.984+0000] {processor.py:799} INFO - Processing file /home/airflow/.local/lib/python3.7/site-packages/airflow/example_dags/example_python_operator.py for tasks to queue
[2023-09-13T08:05:46.001+0000] {logging_mixin.py:149} INFO - [2023-09-13T08:05:46.000+0000] {dagbag.py:541} INFO - Filling up the DagBag from /home/airflow/.local/lib/python3.7/site-packages/airflow/example_dags/example_python_operator.py
[2023-09-13T08:05:46.048+0000] {logging_mixin.py:149} INFO - [2023-09-13T08:05:46.047+0000] {taskmixin.py:211} WARNING - Dependency <Task(_PythonDecoratedOperator): print_the_context>, log_sql_query already registered for DAG: example_python_operator
[2023-09-13T08:05:46.055+0000] {logging_mixin.py:149} INFO - [2023-09-13T08:05:46.054+0000] {taskmixin.py:211} WARNING - Dependency <Task(_PythonDecoratedOperator): log_sql_query>, print_the_context already registered for DAG: example_python_operator
[2023-09-13T08:05:46.061+0000] {logging_mixin.py:149} INFO - [2023-09-13T08:05:46.061+0000] {taskmixin.py:211} WARNING - Dependency <Task(_PythonDecoratedOperator): print_the_context>, log_sql_query already registered for DAG: example_python_operator
[2023-09-13T08:05:46.068+0000] {logging_mixin.py:149} INFO - [2023-09-13T08:05:46.067+0000] {taskmixin.py:211} WARNING - Dependency <Task(_PythonDecoratedOperator): log_sql_query>, print_the_context already registered for DAG: example_python_operator
[2023-09-13T08:05:46.073+0000] {logging_mixin.py:149} INFO - [2023-09-13T08:05:46.073+0000] {taskmixin.py:211} WARNING - Dependency <Task(_PythonDecoratedOperator): print_the_context>, log_sql_query already registered for DAG: example_python_operator
[2023-09-13T08:05:46.079+0000] {logging_mixin.py:149} INFO - [2023-09-13T08:05:46.078+0000] {taskmixin.py:211} WARNING - Dependency <Task(_PythonDecoratedOperator): log_sql_query>, print_the_context already registered for DAG: example_python_operator
[2023-09-13T08:05:46.087+0000] {logging_mixin.py:149} INFO - [2023-09-13T08:05:46.087+0000] {taskmixin.py:211} WARNING - Dependency <Task(_PythonDecoratedOperator): print_the_context>, log_sql_query already registered for DAG: example_python_operator
[2023-09-13T08:05:46.091+0000] {logging_mixin.py:149} INFO - [2023-09-13T08:05:46.091+0000] {taskmixin.py:211} WARNING - Dependency <Task(_PythonDecoratedOperator): log_sql_query>, print_the_context already registered for DAG: example_python_operator
[2023-09-13T08:05:46.109+0000] {processor.py:809} INFO - DAG(s) dict_keys(['example_python_operator']) retrieved from /home/airflow/.local/lib/python3.7/site-packages/airflow/example_dags/example_python_operator.py
[2023-09-13T08:05:46.352+0000] {logging_mixin.py:149} INFO - [2023-09-13T08:05:46.351+0000] {dag.py:2726} INFO - Sync 1 DAGs
[2023-09-13T08:05:46.692+0000] {logging_mixin.py:149} INFO - [2023-09-13T08:05:46.691+0000] {dag.py:3490} INFO - Setting next_dagrun for example_python_operator to None, run_after=None
[2023-09-13T08:05:46.946+0000] {processor.py:178} INFO - Processing /home/airflow/.local/lib/python3.7/site-packages/airflow/example_dags/example_python_operator.py took 0.993 seconds
[2023-09-13T08:06:17.276+0000] {processor.py:156} INFO - Started process (PID=910) to work on /home/airflow/.local/lib/python3.7/site-packages/airflow/example_dags/example_python_operator.py
[2023-09-13T08:06:17.279+0000] {processor.py:799} INFO - Processing file /home/airflow/.local/lib/python3.7/site-packages/airflow/example_dags/example_python_operator.py for tasks to queue
[2023-09-13T08:06:17.282+0000] {logging_mixin.py:149} INFO - [2023-09-13T08:06:17.281+0000] {dagbag.py:541} INFO - Filling up the DagBag from /home/airflow/.local/lib/python3.7/site-packages/airflow/example_dags/example_python_operator.py
[2023-09-13T08:06:17.299+0000] {logging_mixin.py:149} INFO - [2023-09-13T08:06:17.299+0000] {taskmixin.py:211} WARNING - Dependency <Task(_PythonDecoratedOperator): print_the_context>, log_sql_query already registered for DAG: example_python_operator
[2023-09-13T08:06:17.301+0000] {logging_mixin.py:149} INFO - [2023-09-13T08:06:17.300+0000] {taskmixin.py:211} WARNING - Dependency <Task(_PythonDecoratedOperator): log_sql_query>, print_the_context already registered for DAG: example_python_operator
[2023-09-13T08:06:17.303+0000] {logging_mixin.py:149} INFO - [2023-09-13T08:06:17.303+0000] {taskmixin.py:211} WARNING - Dependency <Task(_PythonDecoratedOperator): print_the_context>, log_sql_query already registered for DAG: example_python_operator
[2023-09-13T08:06:17.306+0000] {logging_mixin.py:149} INFO - [2023-09-13T08:06:17.305+0000] {taskmixin.py:211} WARNING - Dependency <Task(_PythonDecoratedOperator): log_sql_query>, print_the_context already registered for DAG: example_python_operator
[2023-09-13T08:06:17.309+0000] {logging_mixin.py:149} INFO - [2023-09-13T08:06:17.309+0000] {taskmixin.py:211} WARNING - Dependency <Task(_PythonDecoratedOperator): print_the_context>, log_sql_query already registered for DAG: example_python_operator
[2023-09-13T08:06:17.311+0000] {logging_mixin.py:149} INFO - [2023-09-13T08:06:17.311+0000] {taskmixin.py:211} WARNING - Dependency <Task(_PythonDecoratedOperator): log_sql_query>, print_the_context already registered for DAG: example_python_operator
[2023-09-13T08:06:17.314+0000] {logging_mixin.py:149} INFO - [2023-09-13T08:06:17.314+0000] {taskmixin.py:211} WARNING - Dependency <Task(_PythonDecoratedOperator): print_the_context>, log_sql_query already registered for DAG: example_python_operator
[2023-09-13T08:06:17.315+0000] {logging_mixin.py:149} INFO - [2023-09-13T08:06:17.315+0000] {taskmixin.py:211} WARNING - Dependency <Task(_PythonDecoratedOperator): log_sql_query>, print_the_context already registered for DAG: example_python_operator
[2023-09-13T08:06:17.323+0000] {processor.py:809} INFO - DAG(s) dict_keys(['example_python_operator']) retrieved from /home/airflow/.local/lib/python3.7/site-packages/airflow/example_dags/example_python_operator.py
[2023-09-13T08:06:17.389+0000] {logging_mixin.py:149} INFO - [2023-09-13T08:06:17.389+0000] {dag.py:2726} INFO - Sync 1 DAGs
[2023-09-13T08:06:17.441+0000] {logging_mixin.py:149} INFO - [2023-09-13T08:06:17.441+0000] {dag.py:3490} INFO - Setting next_dagrun for example_python_operator to None, run_after=None
[2023-09-13T08:06:17.486+0000] {processor.py:178} INFO - Processing /home/airflow/.local/lib/python3.7/site-packages/airflow/example_dags/example_python_operator.py took 0.217 seconds
[2023-09-13T08:06:47.946+0000] {processor.py:156} INFO - Started process (PID=970) to work on /home/airflow/.local/lib/python3.7/site-packages/airflow/example_dags/example_python_operator.py
[2023-09-13T08:06:47.949+0000] {processor.py:799} INFO - Processing file /home/airflow/.local/lib/python3.7/site-packages/airflow/example_dags/example_python_operator.py for tasks to queue
[2023-09-13T08:06:47.953+0000] {logging_mixin.py:149} INFO - [2023-09-13T08:06:47.952+0000] {dagbag.py:541} INFO - Filling up the DagBag from /home/airflow/.local/lib/python3.7/site-packages/airflow/example_dags/example_python_operator.py
[2023-09-13T08:06:47.977+0000] {logging_mixin.py:149} INFO - [2023-09-13T08:06:47.976+0000] {taskmixin.py:211} WARNING - Dependency <Task(_PythonDecoratedOperator): print_the_context>, log_sql_query already registered for DAG: example_python_operator
[2023-09-13T08:06:47.978+0000] {logging_mixin.py:149} INFO - [2023-09-13T08:06:47.978+0000] {taskmixin.py:211} WARNING - Dependency <Task(_PythonDecoratedOperator): log_sql_query>, print_the_context already registered for DAG: example_python_operator
[2023-09-13T08:06:47.982+0000] {logging_mixin.py:149} INFO - [2023-09-13T08:06:47.982+0000] {taskmixin.py:211} WARNING - Dependency <Task(_PythonDecoratedOperator): print_the_context>, log_sql_query already registered for DAG: example_python_operator
[2023-09-13T08:06:47.984+0000] {logging_mixin.py:149} INFO - [2023-09-13T08:06:47.984+0000] {taskmixin.py:211} WARNING - Dependency <Task(_PythonDecoratedOperator): log_sql_query>, print_the_context already registered for DAG: example_python_operator
[2023-09-13T08:06:47.988+0000] {logging_mixin.py:149} INFO - [2023-09-13T08:06:47.988+0000] {taskmixin.py:211} WARNING - Dependency <Task(_PythonDecoratedOperator): print_the_context>, log_sql_query already registered for DAG: example_python_operator
[2023-09-13T08:06:47.993+0000] {logging_mixin.py:149} INFO - [2023-09-13T08:06:47.992+0000] {taskmixin.py:211} WARNING - Dependency <Task(_PythonDecoratedOperator): log_sql_query>, print_the_context already registered for DAG: example_python_operator
[2023-09-13T08:06:47.996+0000] {logging_mixin.py:149} INFO - [2023-09-13T08:06:47.996+0000] {taskmixin.py:211} WARNING - Dependency <Task(_PythonDecoratedOperator): print_the_context>, log_sql_query already registered for DAG: example_python_operator
[2023-09-13T08:06:48.000+0000] {logging_mixin.py:149} INFO - [2023-09-13T08:06:48.000+0000] {taskmixin.py:211} WARNING - Dependency <Task(_PythonDecoratedOperator): log_sql_query>, print_the_context already registered for DAG: example_python_operator
[2023-09-13T08:06:48.011+0000] {processor.py:809} INFO - DAG(s) dict_keys(['example_python_operator']) retrieved from /home/airflow/.local/lib/python3.7/site-packages/airflow/example_dags/example_python_operator.py
[2023-09-13T08:06:48.091+0000] {logging_mixin.py:149} INFO - [2023-09-13T08:06:48.090+0000] {dag.py:2726} INFO - Sync 1 DAGs
[2023-09-13T08:06:48.163+0000] {logging_mixin.py:149} INFO - [2023-09-13T08:06:48.163+0000] {dag.py:3490} INFO - Setting next_dagrun for example_python_operator to None, run_after=None
[2023-09-13T08:06:48.222+0000] {processor.py:178} INFO - Processing /home/airflow/.local/lib/python3.7/site-packages/airflow/example_dags/example_python_operator.py took 0.285 seconds
[2023-09-13T08:07:18.588+0000] {processor.py:156} INFO - Started process (PID=1030) to work on /home/airflow/.local/lib/python3.7/site-packages/airflow/example_dags/example_python_operator.py
[2023-09-13T08:07:18.591+0000] {processor.py:799} INFO - Processing file /home/airflow/.local/lib/python3.7/site-packages/airflow/example_dags/example_python_operator.py for tasks to queue
[2023-09-13T08:07:18.595+0000] {logging_mixin.py:149} INFO - [2023-09-13T08:07:18.594+0000] {dagbag.py:541} INFO - Filling up the DagBag from /home/airflow/.local/lib/python3.7/site-packages/airflow/example_dags/example_python_operator.py
[2023-09-13T08:07:18.619+0000] {logging_mixin.py:149} INFO - [2023-09-13T08:07:18.619+0000] {taskmixin.py:211} WARNING - Dependency <Task(_PythonDecoratedOperator): print_the_context>, log_sql_query already registered for DAG: example_python_operator
[2023-09-13T08:07:18.621+0000] {logging_mixin.py:149} INFO - [2023-09-13T08:07:18.621+0000] {taskmixin.py:211} WARNING - Dependency <Task(_PythonDecoratedOperator): log_sql_query>, print_the_context already registered for DAG: example_python_operator
[2023-09-13T08:07:18.626+0000] {logging_mixin.py:149} INFO - [2023-09-13T08:07:18.625+0000] {taskmixin.py:211} WARNING - Dependency <Task(_PythonDecoratedOperator): print_the_context>, log_sql_query already registered for DAG: example_python_operator
[2023-09-13T08:07:18.628+0000] {logging_mixin.py:149} INFO - [2023-09-13T08:07:18.627+0000] {taskmixin.py:211} WARNING - Dependency <Task(_PythonDecoratedOperator): log_sql_query>, print_the_context already registered for DAG: example_python_operator
[2023-09-13T08:07:18.633+0000] {logging_mixin.py:149} INFO - [2023-09-13T08:07:18.632+0000] {taskmixin.py:211} WARNING - Dependency <Task(_PythonDecoratedOperator): print_the_context>, log_sql_query already registered for DAG: example_python_operator
[2023-09-13T08:07:18.635+0000] {logging_mixin.py:149} INFO - [2023-09-13T08:07:18.635+0000] {taskmixin.py:211} WARNING - Dependency <Task(_PythonDecoratedOperator): log_sql_query>, print_the_context already registered for DAG: example_python_operator
[2023-09-13T08:07:18.639+0000] {logging_mixin.py:149} INFO - [2023-09-13T08:07:18.639+0000] {taskmixin.py:211} WARNING - Dependency <Task(_PythonDecoratedOperator): print_the_context>, log_sql_query already registered for DAG: example_python_operator
[2023-09-13T08:07:18.641+0000] {logging_mixin.py:149} INFO - [2023-09-13T08:07:18.640+0000] {taskmixin.py:211} WARNING - Dependency <Task(_PythonDecoratedOperator): log_sql_query>, print_the_context already registered for DAG: example_python_operator
[2023-09-13T08:07:18.650+0000] {processor.py:809} INFO - DAG(s) dict_keys(['example_python_operator']) retrieved from /home/airflow/.local/lib/python3.7/site-packages/airflow/example_dags/example_python_operator.py
[2023-09-13T08:07:18.742+0000] {logging_mixin.py:149} INFO - [2023-09-13T08:07:18.741+0000] {dag.py:2726} INFO - Sync 1 DAGs
[2023-09-13T08:07:18.828+0000] {logging_mixin.py:149} INFO - [2023-09-13T08:07:18.827+0000] {dag.py:3490} INFO - Setting next_dagrun for example_python_operator to None, run_after=None
[2023-09-13T08:07:18.901+0000] {processor.py:178} INFO - Processing /home/airflow/.local/lib/python3.7/site-packages/airflow/example_dags/example_python_operator.py took 0.321 seconds
[2023-09-13T08:07:49.153+0000] {processor.py:156} INFO - Started process (PID=1090) to work on /home/airflow/.local/lib/python3.7/site-packages/airflow/example_dags/example_python_operator.py
[2023-09-13T08:07:49.157+0000] {processor.py:799} INFO - Processing file /home/airflow/.local/lib/python3.7/site-packages/airflow/example_dags/example_python_operator.py for tasks to queue
[2023-09-13T08:07:49.160+0000] {logging_mixin.py:149} INFO - [2023-09-13T08:07:49.160+0000] {dagbag.py:541} INFO - Filling up the DagBag from /home/airflow/.local/lib/python3.7/site-packages/airflow/example_dags/example_python_operator.py
[2023-09-13T08:07:49.175+0000] {logging_mixin.py:149} INFO - [2023-09-13T08:07:49.175+0000] {taskmixin.py:211} WARNING - Dependency <Task(_PythonDecoratedOperator): print_the_context>, log_sql_query already registered for DAG: example_python_operator
[2023-09-13T08:07:49.177+0000] {logging_mixin.py:149} INFO - [2023-09-13T08:07:49.177+0000] {taskmixin.py:211} WARNING - Dependency <Task(_PythonDecoratedOperator): log_sql_query>, print_the_context already registered for DAG: example_python_operator
[2023-09-13T08:07:49.180+0000] {logging_mixin.py:149} INFO - [2023-09-13T08:07:49.180+0000] {taskmixin.py:211} WARNING - Dependency <Task(_PythonDecoratedOperator): print_the_context>, log_sql_query already registered for DAG: example_python_operator
[2023-09-13T08:07:49.182+0000] {logging_mixin.py:149} INFO - [2023-09-13T08:07:49.182+0000] {taskmixin.py:211} WARNING - Dependency <Task(_PythonDecoratedOperator): log_sql_query>, print_the_context already registered for DAG: example_python_operator
[2023-09-13T08:07:49.185+0000] {logging_mixin.py:149} INFO - [2023-09-13T08:07:49.184+0000] {taskmixin.py:211} WARNING - Dependency <Task(_PythonDecoratedOperator): print_the_context>, log_sql_query already registered for DAG: example_python_operator
[2023-09-13T08:07:49.186+0000] {logging_mixin.py:149} INFO - [2023-09-13T08:07:49.186+0000] {taskmixin.py:211} WARNING - Dependency <Task(_PythonDecoratedOperator): log_sql_query>, print_the_context already registered for DAG: example_python_operator
[2023-09-13T08:07:49.190+0000] {logging_mixin.py:149} INFO - [2023-09-13T08:07:49.189+0000] {taskmixin.py:211} WARNING - Dependency <Task(_PythonDecoratedOperator): print_the_context>, log_sql_query already registered for DAG: example_python_operator
[2023-09-13T08:07:49.191+0000] {logging_mixin.py:149} INFO - [2023-09-13T08:07:49.191+0000] {taskmixin.py:211} WARNING - Dependency <Task(_PythonDecoratedOperator): log_sql_query>, print_the_context already registered for DAG: example_python_operator
[2023-09-13T08:07:49.198+0000] {processor.py:809} INFO - DAG(s) dict_keys(['example_python_operator']) retrieved from /home/airflow/.local/lib/python3.7/site-packages/airflow/example_dags/example_python_operator.py
[2023-09-13T08:07:49.272+0000] {logging_mixin.py:149} INFO - [2023-09-13T08:07:49.271+0000] {dag.py:2726} INFO - Sync 1 DAGs
[2023-09-13T08:07:49.336+0000] {logging_mixin.py:149} INFO - [2023-09-13T08:07:49.335+0000] {dag.py:3490} INFO - Setting next_dagrun for example_python_operator to None, run_after=None
[2023-09-13T08:07:49.391+0000] {processor.py:178} INFO - Processing /home/airflow/.local/lib/python3.7/site-packages/airflow/example_dags/example_python_operator.py took 0.245 seconds
[2023-09-13T08:08:20.163+0000] {processor.py:156} INFO - Started process (PID=1150) to work on /home/airflow/.local/lib/python3.7/site-packages/airflow/example_dags/example_python_operator.py
[2023-09-13T08:08:20.168+0000] {processor.py:799} INFO - Processing file /home/airflow/.local/lib/python3.7/site-packages/airflow/example_dags/example_python_operator.py for tasks to queue
[2023-09-13T08:08:20.170+0000] {logging_mixin.py:149} INFO - [2023-09-13T08:08:20.170+0000] {dagbag.py:541} INFO - Filling up the DagBag from /home/airflow/.local/lib/python3.7/site-packages/airflow/example_dags/example_python_operator.py
[2023-09-13T08:08:20.188+0000] {logging_mixin.py:149} INFO - [2023-09-13T08:08:20.187+0000] {taskmixin.py:211} WARNING - Dependency <Task(_PythonDecoratedOperator): print_the_context>, log_sql_query already registered for DAG: example_python_operator
[2023-09-13T08:08:20.190+0000] {logging_mixin.py:149} INFO - [2023-09-13T08:08:20.190+0000] {taskmixin.py:211} WARNING - Dependency <Task(_PythonDecoratedOperator): log_sql_query>, print_the_context already registered for DAG: example_python_operator
[2023-09-13T08:08:20.193+0000] {logging_mixin.py:149} INFO - [2023-09-13T08:08:20.193+0000] {taskmixin.py:211} WARNING - Dependency <Task(_PythonDecoratedOperator): print_the_context>, log_sql_query already registered for DAG: example_python_operator
[2023-09-13T08:08:20.195+0000] {logging_mixin.py:149} INFO - [2023-09-13T08:08:20.194+0000] {taskmixin.py:211} WARNING - Dependency <Task(_PythonDecoratedOperator): log_sql_query>, print_the_context already registered for DAG: example_python_operator
[2023-09-13T08:08:20.198+0000] {logging_mixin.py:149} INFO - [2023-09-13T08:08:20.198+0000] {taskmixin.py:211} WARNING - Dependency <Task(_PythonDecoratedOperator): print_the_context>, log_sql_query already registered for DAG: example_python_operator
[2023-09-13T08:08:20.200+0000] {logging_mixin.py:149} INFO - [2023-09-13T08:08:20.199+0000] {taskmixin.py:211} WARNING - Dependency <Task(_PythonDecoratedOperator): log_sql_query>, print_the_context already registered for DAG: example_python_operator
[2023-09-13T08:08:20.202+0000] {logging_mixin.py:149} INFO - [2023-09-13T08:08:20.202+0000] {taskmixin.py:211} WARNING - Dependency <Task(_PythonDecoratedOperator): print_the_context>, log_sql_query already registered for DAG: example_python_operator
[2023-09-13T08:08:20.204+0000] {logging_mixin.py:149} INFO - [2023-09-13T08:08:20.204+0000] {taskmixin.py:211} WARNING - Dependency <Task(_PythonDecoratedOperator): log_sql_query>, print_the_context already registered for DAG: example_python_operator
[2023-09-13T08:08:20.214+0000] {processor.py:809} INFO - DAG(s) dict_keys(['example_python_operator']) retrieved from /home/airflow/.local/lib/python3.7/site-packages/airflow/example_dags/example_python_operator.py
[2023-09-13T08:08:20.290+0000] {logging_mixin.py:149} INFO - [2023-09-13T08:08:20.290+0000] {dag.py:2726} INFO - Sync 1 DAGs
[2023-09-13T08:08:20.359+0000] {logging_mixin.py:149} INFO - [2023-09-13T08:08:20.359+0000] {dag.py:3490} INFO - Setting next_dagrun for example_python_operator to None, run_after=None
[2023-09-13T08:08:20.416+0000] {processor.py:178} INFO - Processing /home/airflow/.local/lib/python3.7/site-packages/airflow/example_dags/example_python_operator.py took 0.259 seconds
[2023-09-13T08:08:50.610+0000] {processor.py:156} INFO - Started process (PID=1210) to work on /home/airflow/.local/lib/python3.7/site-packages/airflow/example_dags/example_python_operator.py
[2023-09-13T08:08:50.613+0000] {processor.py:799} INFO - Processing file /home/airflow/.local/lib/python3.7/site-packages/airflow/example_dags/example_python_operator.py for tasks to queue
[2023-09-13T08:08:50.615+0000] {logging_mixin.py:149} INFO - [2023-09-13T08:08:50.614+0000] {dagbag.py:541} INFO - Filling up the DagBag from /home/airflow/.local/lib/python3.7/site-packages/airflow/example_dags/example_python_operator.py
[2023-09-13T08:08:50.633+0000] {logging_mixin.py:149} INFO - [2023-09-13T08:08:50.632+0000] {taskmixin.py:211} WARNING - Dependency <Task(_PythonDecoratedOperator): print_the_context>, log_sql_query already registered for DAG: example_python_operator
[2023-09-13T08:08:50.635+0000] {logging_mixin.py:149} INFO - [2023-09-13T08:08:50.634+0000] {taskmixin.py:211} WARNING - Dependency <Task(_PythonDecoratedOperator): log_sql_query>, print_the_context already registered for DAG: example_python_operator
[2023-09-13T08:08:50.642+0000] {logging_mixin.py:149} INFO - [2023-09-13T08:08:50.641+0000] {taskmixin.py:211} WARNING - Dependency <Task(_PythonDecoratedOperator): print_the_context>, log_sql_query already registered for DAG: example_python_operator
[2023-09-13T08:08:50.644+0000] {logging_mixin.py:149} INFO - [2023-09-13T08:08:50.643+0000] {taskmixin.py:211} WARNING - Dependency <Task(_PythonDecoratedOperator): log_sql_query>, print_the_context already registered for DAG: example_python_operator
[2023-09-13T08:08:50.647+0000] {logging_mixin.py:149} INFO - [2023-09-13T08:08:50.647+0000] {taskmixin.py:211} WARNING - Dependency <Task(_PythonDecoratedOperator): print_the_context>, log_sql_query already registered for DAG: example_python_operator
[2023-09-13T08:08:50.650+0000] {logging_mixin.py:149} INFO - [2023-09-13T08:08:50.650+0000] {taskmixin.py:211} WARNING - Dependency <Task(_PythonDecoratedOperator): log_sql_query>, print_the_context already registered for DAG: example_python_operator
[2023-09-13T08:08:50.654+0000] {logging_mixin.py:149} INFO - [2023-09-13T08:08:50.653+0000] {taskmixin.py:211} WARNING - Dependency <Task(_PythonDecoratedOperator): print_the_context>, log_sql_query already registered for DAG: example_python_operator
[2023-09-13T08:08:50.656+0000] {logging_mixin.py:149} INFO - [2023-09-13T08:08:50.655+0000] {taskmixin.py:211} WARNING - Dependency <Task(_PythonDecoratedOperator): log_sql_query>, print_the_context already registered for DAG: example_python_operator
[2023-09-13T08:08:50.664+0000] {processor.py:809} INFO - DAG(s) dict_keys(['example_python_operator']) retrieved from /home/airflow/.local/lib/python3.7/site-packages/airflow/example_dags/example_python_operator.py
[2023-09-13T08:08:50.714+0000] {logging_mixin.py:149} INFO - [2023-09-13T08:08:50.714+0000] {dag.py:2726} INFO - Sync 1 DAGs
[2023-09-13T08:08:50.766+0000] {logging_mixin.py:149} INFO - [2023-09-13T08:08:50.766+0000] {dag.py:3490} INFO - Setting next_dagrun for example_python_operator to None, run_after=None
[2023-09-13T08:08:50.807+0000] {processor.py:178} INFO - Processing /home/airflow/.local/lib/python3.7/site-packages/airflow/example_dags/example_python_operator.py took 0.205 seconds
[2023-09-13T08:09:21.048+0000] {processor.py:156} INFO - Started process (PID=1270) to work on /home/airflow/.local/lib/python3.7/site-packages/airflow/example_dags/example_python_operator.py
[2023-09-13T08:09:21.051+0000] {processor.py:799} INFO - Processing file /home/airflow/.local/lib/python3.7/site-packages/airflow/example_dags/example_python_operator.py for tasks to queue
[2023-09-13T08:09:21.054+0000] {logging_mixin.py:149} INFO - [2023-09-13T08:09:21.053+0000] {dagbag.py:541} INFO - Filling up the DagBag from /home/airflow/.local/lib/python3.7/site-packages/airflow/example_dags/example_python_operator.py
[2023-09-13T08:09:21.070+0000] {logging_mixin.py:149} INFO - [2023-09-13T08:09:21.070+0000] {taskmixin.py:211} WARNING - Dependency <Task(_PythonDecoratedOperator): print_the_context>, log_sql_query already registered for DAG: example_python_operator
[2023-09-13T08:09:21.073+0000] {logging_mixin.py:149} INFO - [2023-09-13T08:09:21.073+0000] {taskmixin.py:211} WARNING - Dependency <Task(_PythonDecoratedOperator): log_sql_query>, print_the_context already registered for DAG: example_python_operator
[2023-09-13T08:09:21.076+0000] {logging_mixin.py:149} INFO - [2023-09-13T08:09:21.076+0000] {taskmixin.py:211} WARNING - Dependency <Task(_PythonDecoratedOperator): print_the_context>, log_sql_query already registered for DAG: example_python_operator
[2023-09-13T08:09:21.078+0000] {logging_mixin.py:149} INFO - [2023-09-13T08:09:21.078+0000] {taskmixin.py:211} WARNING - Dependency <Task(_PythonDecoratedOperator): log_sql_query>, print_the_context already registered for DAG: example_python_operator
[2023-09-13T08:09:21.081+0000] {logging_mixin.py:149} INFO - [2023-09-13T08:09:21.080+0000] {taskmixin.py:211} WARNING - Dependency <Task(_PythonDecoratedOperator): print_the_context>, log_sql_query already registered for DAG: example_python_operator
[2023-09-13T08:09:21.082+0000] {logging_mixin.py:149} INFO - [2023-09-13T08:09:21.082+0000] {taskmixin.py:211} WARNING - Dependency <Task(_PythonDecoratedOperator): log_sql_query>, print_the_context already registered for DAG: example_python_operator
[2023-09-13T08:09:21.086+0000] {logging_mixin.py:149} INFO - [2023-09-13T08:09:21.085+0000] {taskmixin.py:211} WARNING - Dependency <Task(_PythonDecoratedOperator): print_the_context>, log_sql_query already registered for DAG: example_python_operator
[2023-09-13T08:09:21.088+0000] {logging_mixin.py:149} INFO - [2023-09-13T08:09:21.087+0000] {taskmixin.py:211} WARNING - Dependency <Task(_PythonDecoratedOperator): log_sql_query>, print_the_context already registered for DAG: example_python_operator
[2023-09-13T08:09:21.096+0000] {processor.py:809} INFO - DAG(s) dict_keys(['example_python_operator']) retrieved from /home/airflow/.local/lib/python3.7/site-packages/airflow/example_dags/example_python_operator.py
[2023-09-13T08:09:21.159+0000] {logging_mixin.py:149} INFO - [2023-09-13T08:09:21.158+0000] {dag.py:2726} INFO - Sync 1 DAGs
[2023-09-13T08:09:21.219+0000] {logging_mixin.py:149} INFO - [2023-09-13T08:09:21.219+0000] {dag.py:3490} INFO - Setting next_dagrun for example_python_operator to None, run_after=None
[2023-09-13T08:09:21.272+0000] {processor.py:178} INFO - Processing /home/airflow/.local/lib/python3.7/site-packages/airflow/example_dags/example_python_operator.py took 0.232 seconds
[2023-09-13T08:09:51.622+0000] {processor.py:156} INFO - Started process (PID=1330) to work on /home/airflow/.local/lib/python3.7/site-packages/airflow/example_dags/example_python_operator.py
[2023-09-13T08:09:51.624+0000] {processor.py:799} INFO - Processing file /home/airflow/.local/lib/python3.7/site-packages/airflow/example_dags/example_python_operator.py for tasks to queue
[2023-09-13T08:09:51.627+0000] {logging_mixin.py:149} INFO - [2023-09-13T08:09:51.627+0000] {dagbag.py:541} INFO - Filling up the DagBag from /home/airflow/.local/lib/python3.7/site-packages/airflow/example_dags/example_python_operator.py
[2023-09-13T08:09:51.637+0000] {logging_mixin.py:149} INFO - [2023-09-13T08:09:51.637+0000] {taskmixin.py:211} WARNING - Dependency <Task(_PythonDecoratedOperator): print_the_context>, log_sql_query already registered for DAG: example_python_operator
[2023-09-13T08:09:51.639+0000] {logging_mixin.py:149} INFO - [2023-09-13T08:09:51.639+0000] {taskmixin.py:211} WARNING - Dependency <Task(_PythonDecoratedOperator): log_sql_query>, print_the_context already registered for DAG: example_python_operator
[2023-09-13T08:09:51.642+0000] {logging_mixin.py:149} INFO - [2023-09-13T08:09:51.641+0000] {taskmixin.py:211} WARNING - Dependency <Task(_PythonDecoratedOperator): print_the_context>, log_sql_query already registered for DAG: example_python_operator
[2023-09-13T08:09:51.643+0000] {logging_mixin.py:149} INFO - [2023-09-13T08:09:51.643+0000] {taskmixin.py:211} WARNING - Dependency <Task(_PythonDecoratedOperator): log_sql_query>, print_the_context already registered for DAG: example_python_operator
[2023-09-13T08:09:51.646+0000] {logging_mixin.py:149} INFO - [2023-09-13T08:09:51.646+0000] {taskmixin.py:211} WARNING - Dependency <Task(_PythonDecoratedOperator): print_the_context>, log_sql_query already registered for DAG: example_python_operator
[2023-09-13T08:09:51.647+0000] {logging_mixin.py:149} INFO - [2023-09-13T08:09:51.647+0000] {taskmixin.py:211} WARNING - Dependency <Task(_PythonDecoratedOperator): log_sql_query>, print_the_context already registered for DAG: example_python_operator
[2023-09-13T08:09:51.650+0000] {logging_mixin.py:149} INFO - [2023-09-13T08:09:51.649+0000] {taskmixin.py:211} WARNING - Dependency <Task(_PythonDecoratedOperator): print_the_context>, log_sql_query already registered for DAG: example_python_operator
[2023-09-13T08:09:51.651+0000] {logging_mixin.py:149} INFO - [2023-09-13T08:09:51.651+0000] {taskmixin.py:211} WARNING - Dependency <Task(_PythonDecoratedOperator): log_sql_query>, print_the_context already registered for DAG: example_python_operator
[2023-09-13T08:09:51.656+0000] {processor.py:809} INFO - DAG(s) dict_keys(['example_python_operator']) retrieved from /home/airflow/.local/lib/python3.7/site-packages/airflow/example_dags/example_python_operator.py
[2023-09-13T08:09:51.716+0000] {logging_mixin.py:149} INFO - [2023-09-13T08:09:51.715+0000] {dag.py:2726} INFO - Sync 1 DAGs
[2023-09-13T08:09:51.768+0000] {logging_mixin.py:149} INFO - [2023-09-13T08:09:51.767+0000] {dag.py:3490} INFO - Setting next_dagrun for example_python_operator to None, run_after=None
[2023-09-13T08:09:51.812+0000] {processor.py:178} INFO - Processing /home/airflow/.local/lib/python3.7/site-packages/airflow/example_dags/example_python_operator.py took 0.197 seconds
[2023-09-13T08:10:22.002+0000] {processor.py:156} INFO - Started process (PID=1390) to work on /home/airflow/.local/lib/python3.7/site-packages/airflow/example_dags/example_python_operator.py
[2023-09-13T08:10:22.005+0000] {processor.py:799} INFO - Processing file /home/airflow/.local/lib/python3.7/site-packages/airflow/example_dags/example_python_operator.py for tasks to queue
[2023-09-13T08:10:22.008+0000] {logging_mixin.py:149} INFO - [2023-09-13T08:10:22.007+0000] {dagbag.py:541} INFO - Filling up the DagBag from /home/airflow/.local/lib/python3.7/site-packages/airflow/example_dags/example_python_operator.py
[2023-09-13T08:10:22.027+0000] {logging_mixin.py:149} INFO - [2023-09-13T08:10:22.026+0000] {taskmixin.py:211} WARNING - Dependency <Task(_PythonDecoratedOperator): print_the_context>, log_sql_query already registered for DAG: example_python_operator
[2023-09-13T08:10:22.029+0000] {logging_mixin.py:149} INFO - [2023-09-13T08:10:22.029+0000] {taskmixin.py:211} WARNING - Dependency <Task(_PythonDecoratedOperator): log_sql_query>, print_the_context already registered for DAG: example_python_operator
[2023-09-13T08:10:22.033+0000] {logging_mixin.py:149} INFO - [2023-09-13T08:10:22.033+0000] {taskmixin.py:211} WARNING - Dependency <Task(_PythonDecoratedOperator): print_the_context>, log_sql_query already registered for DAG: example_python_operator
[2023-09-13T08:10:22.035+0000] {logging_mixin.py:149} INFO - [2023-09-13T08:10:22.034+0000] {taskmixin.py:211} WARNING - Dependency <Task(_PythonDecoratedOperator): log_sql_query>, print_the_context already registered for DAG: example_python_operator
[2023-09-13T08:10:22.038+0000] {logging_mixin.py:149} INFO - [2023-09-13T08:10:22.038+0000] {taskmixin.py:211} WARNING - Dependency <Task(_PythonDecoratedOperator): print_the_context>, log_sql_query already registered for DAG: example_python_operator
[2023-09-13T08:10:22.040+0000] {logging_mixin.py:149} INFO - [2023-09-13T08:10:22.040+0000] {taskmixin.py:211} WARNING - Dependency <Task(_PythonDecoratedOperator): log_sql_query>, print_the_context already registered for DAG: example_python_operator
[2023-09-13T08:10:22.044+0000] {logging_mixin.py:149} INFO - [2023-09-13T08:10:22.043+0000] {taskmixin.py:211} WARNING - Dependency <Task(_PythonDecoratedOperator): print_the_context>, log_sql_query already registered for DAG: example_python_operator
[2023-09-13T08:10:22.046+0000] {logging_mixin.py:149} INFO - [2023-09-13T08:10:22.045+0000] {taskmixin.py:211} WARNING - Dependency <Task(_PythonDecoratedOperator): log_sql_query>, print_the_context already registered for DAG: example_python_operator
[2023-09-13T08:10:22.053+0000] {processor.py:809} INFO - DAG(s) dict_keys(['example_python_operator']) retrieved from /home/airflow/.local/lib/python3.7/site-packages/airflow/example_dags/example_python_operator.py
[2023-09-13T08:10:22.113+0000] {logging_mixin.py:149} INFO - [2023-09-13T08:10:22.112+0000] {dag.py:2726} INFO - Sync 1 DAGs
[2023-09-13T08:10:22.166+0000] {logging_mixin.py:149} INFO - [2023-09-13T08:10:22.166+0000] {dag.py:3490} INFO - Setting next_dagrun for example_python_operator to None, run_after=None
[2023-09-13T08:10:22.221+0000] {processor.py:178} INFO - Processing /home/airflow/.local/lib/python3.7/site-packages/airflow/example_dags/example_python_operator.py took 0.227 seconds
[2023-09-13T08:10:52.680+0000] {processor.py:156} INFO - Started process (PID=1451) to work on /home/airflow/.local/lib/python3.7/site-packages/airflow/example_dags/example_python_operator.py
[2023-09-13T08:10:52.686+0000] {processor.py:799} INFO - Processing file /home/airflow/.local/lib/python3.7/site-packages/airflow/example_dags/example_python_operator.py for tasks to queue
[2023-09-13T08:10:52.690+0000] {logging_mixin.py:149} INFO - [2023-09-13T08:10:52.689+0000] {dagbag.py:541} INFO - Filling up the DagBag from /home/airflow/.local/lib/python3.7/site-packages/airflow/example_dags/example_python_operator.py
[2023-09-13T08:10:52.716+0000] {logging_mixin.py:149} INFO - [2023-09-13T08:10:52.715+0000] {taskmixin.py:211} WARNING - Dependency <Task(_PythonDecoratedOperator): print_the_context>, log_sql_query already registered for DAG: example_python_operator
[2023-09-13T08:10:52.718+0000] {logging_mixin.py:149} INFO - [2023-09-13T08:10:52.718+0000] {taskmixin.py:211} WARNING - Dependency <Task(_PythonDecoratedOperator): log_sql_query>, print_the_context already registered for DAG: example_python_operator
[2023-09-13T08:10:52.722+0000] {logging_mixin.py:149} INFO - [2023-09-13T08:10:52.722+0000] {taskmixin.py:211} WARNING - Dependency <Task(_PythonDecoratedOperator): print_the_context>, log_sql_query already registered for DAG: example_python_operator
[2023-09-13T08:10:52.724+0000] {logging_mixin.py:149} INFO - [2023-09-13T08:10:52.724+0000] {taskmixin.py:211} WARNING - Dependency <Task(_PythonDecoratedOperator): log_sql_query>, print_the_context already registered for DAG: example_python_operator
[2023-09-13T08:10:52.727+0000] {logging_mixin.py:149} INFO - [2023-09-13T08:10:52.726+0000] {taskmixin.py:211} WARNING - Dependency <Task(_PythonDecoratedOperator): print_the_context>, log_sql_query already registered for DAG: example_python_operator
[2023-09-13T08:10:52.730+0000] {logging_mixin.py:149} INFO - [2023-09-13T08:10:52.729+0000] {taskmixin.py:211} WARNING - Dependency <Task(_PythonDecoratedOperator): log_sql_query>, print_the_context already registered for DAG: example_python_operator
[2023-09-13T08:10:52.733+0000] {logging_mixin.py:149} INFO - [2023-09-13T08:10:52.733+0000] {taskmixin.py:211} WARNING - Dependency <Task(_PythonDecoratedOperator): print_the_context>, log_sql_query already registered for DAG: example_python_operator
[2023-09-13T08:10:52.735+0000] {logging_mixin.py:149} INFO - [2023-09-13T08:10:52.734+0000] {taskmixin.py:211} WARNING - Dependency <Task(_PythonDecoratedOperator): log_sql_query>, print_the_context already registered for DAG: example_python_operator
[2023-09-13T08:10:52.750+0000] {processor.py:809} INFO - DAG(s) dict_keys(['example_python_operator']) retrieved from /home/airflow/.local/lib/python3.7/site-packages/airflow/example_dags/example_python_operator.py
[2023-09-13T08:10:52.813+0000] {logging_mixin.py:149} INFO - [2023-09-13T08:10:52.813+0000] {dag.py:2726} INFO - Sync 1 DAGs
[2023-09-13T08:10:52.876+0000] {logging_mixin.py:149} INFO - [2023-09-13T08:10:52.876+0000] {dag.py:3490} INFO - Setting next_dagrun for example_python_operator to None, run_after=None
[2023-09-13T08:10:52.932+0000] {processor.py:178} INFO - Processing /home/airflow/.local/lib/python3.7/site-packages/airflow/example_dags/example_python_operator.py took 0.260 seconds
[2023-09-13T08:11:23.136+0000] {processor.py:156} INFO - Started process (PID=1511) to work on /home/airflow/.local/lib/python3.7/site-packages/airflow/example_dags/example_python_operator.py
[2023-09-13T08:11:23.139+0000] {processor.py:799} INFO - Processing file /home/airflow/.local/lib/python3.7/site-packages/airflow/example_dags/example_python_operator.py for tasks to queue
[2023-09-13T08:11:23.142+0000] {logging_mixin.py:149} INFO - [2023-09-13T08:11:23.141+0000] {dagbag.py:541} INFO - Filling up the DagBag from /home/airflow/.local/lib/python3.7/site-packages/airflow/example_dags/example_python_operator.py
[2023-09-13T08:11:23.162+0000] {logging_mixin.py:149} INFO - [2023-09-13T08:11:23.161+0000] {taskmixin.py:211} WARNING - Dependency <Task(_PythonDecoratedOperator): print_the_context>, log_sql_query already registered for DAG: example_python_operator
[2023-09-13T08:11:23.164+0000] {logging_mixin.py:149} INFO - [2023-09-13T08:11:23.163+0000] {taskmixin.py:211} WARNING - Dependency <Task(_PythonDecoratedOperator): log_sql_query>, print_the_context already registered for DAG: example_python_operator
[2023-09-13T08:11:23.169+0000] {logging_mixin.py:149} INFO - [2023-09-13T08:11:23.168+0000] {taskmixin.py:211} WARNING - Dependency <Task(_PythonDecoratedOperator): print_the_context>, log_sql_query already registered for DAG: example_python_operator
[2023-09-13T08:11:23.171+0000] {logging_mixin.py:149} INFO - [2023-09-13T08:11:23.171+0000] {taskmixin.py:211} WARNING - Dependency <Task(_PythonDecoratedOperator): log_sql_query>, print_the_context already registered for DAG: example_python_operator
[2023-09-13T08:11:23.175+0000] {logging_mixin.py:149} INFO - [2023-09-13T08:11:23.174+0000] {taskmixin.py:211} WARNING - Dependency <Task(_PythonDecoratedOperator): print_the_context>, log_sql_query already registered for DAG: example_python_operator
[2023-09-13T08:11:23.177+0000] {logging_mixin.py:149} INFO - [2023-09-13T08:11:23.176+0000] {taskmixin.py:211} WARNING - Dependency <Task(_PythonDecoratedOperator): log_sql_query>, print_the_context already registered for DAG: example_python_operator
[2023-09-13T08:11:23.181+0000] {logging_mixin.py:149} INFO - [2023-09-13T08:11:23.180+0000] {taskmixin.py:211} WARNING - Dependency <Task(_PythonDecoratedOperator): print_the_context>, log_sql_query already registered for DAG: example_python_operator
[2023-09-13T08:11:23.183+0000] {logging_mixin.py:149} INFO - [2023-09-13T08:11:23.183+0000] {taskmixin.py:211} WARNING - Dependency <Task(_PythonDecoratedOperator): log_sql_query>, print_the_context already registered for DAG: example_python_operator
[2023-09-13T08:11:23.195+0000] {processor.py:809} INFO - DAG(s) dict_keys(['example_python_operator']) retrieved from /home/airflow/.local/lib/python3.7/site-packages/airflow/example_dags/example_python_operator.py
[2023-09-13T08:11:23.312+0000] {logging_mixin.py:149} INFO - [2023-09-13T08:11:23.311+0000] {dag.py:2726} INFO - Sync 1 DAGs
[2023-09-13T08:11:23.362+0000] {logging_mixin.py:149} INFO - [2023-09-13T08:11:23.362+0000] {dag.py:3490} INFO - Setting next_dagrun for example_python_operator to None, run_after=None
[2023-09-13T08:11:23.413+0000] {processor.py:178} INFO - Processing /home/airflow/.local/lib/python3.7/site-packages/airflow/example_dags/example_python_operator.py took 0.283 seconds
[2023-09-13T08:11:53.841+0000] {processor.py:156} INFO - Started process (PID=1571) to work on /home/airflow/.local/lib/python3.7/site-packages/airflow/example_dags/example_python_operator.py
[2023-09-13T08:11:53.844+0000] {processor.py:799} INFO - Processing file /home/airflow/.local/lib/python3.7/site-packages/airflow/example_dags/example_python_operator.py for tasks to queue
[2023-09-13T08:11:53.846+0000] {logging_mixin.py:149} INFO - [2023-09-13T08:11:53.846+0000] {dagbag.py:541} INFO - Filling up the DagBag from /home/airflow/.local/lib/python3.7/site-packages/airflow/example_dags/example_python_operator.py
[2023-09-13T08:11:53.862+0000] {logging_mixin.py:149} INFO - [2023-09-13T08:11:53.862+0000] {taskmixin.py:211} WARNING - Dependency <Task(_PythonDecoratedOperator): print_the_context>, log_sql_query already registered for DAG: example_python_operator
[2023-09-13T08:11:53.864+0000] {logging_mixin.py:149} INFO - [2023-09-13T08:11:53.864+0000] {taskmixin.py:211} WARNING - Dependency <Task(_PythonDecoratedOperator): log_sql_query>, print_the_context already registered for DAG: example_python_operator
[2023-09-13T08:11:53.867+0000] {logging_mixin.py:149} INFO - [2023-09-13T08:11:53.867+0000] {taskmixin.py:211} WARNING - Dependency <Task(_PythonDecoratedOperator): print_the_context>, log_sql_query already registered for DAG: example_python_operator
[2023-09-13T08:11:53.869+0000] {logging_mixin.py:149} INFO - [2023-09-13T08:11:53.869+0000] {taskmixin.py:211} WARNING - Dependency <Task(_PythonDecoratedOperator): log_sql_query>, print_the_context already registered for DAG: example_python_operator
[2023-09-13T08:11:53.872+0000] {logging_mixin.py:149} INFO - [2023-09-13T08:11:53.872+0000] {taskmixin.py:211} WARNING - Dependency <Task(_PythonDecoratedOperator): print_the_context>, log_sql_query already registered for DAG: example_python_operator
[2023-09-13T08:11:53.874+0000] {logging_mixin.py:149} INFO - [2023-09-13T08:11:53.874+0000] {taskmixin.py:211} WARNING - Dependency <Task(_PythonDecoratedOperator): log_sql_query>, print_the_context already registered for DAG: example_python_operator
[2023-09-13T08:11:53.876+0000] {logging_mixin.py:149} INFO - [2023-09-13T08:11:53.876+0000] {taskmixin.py:211} WARNING - Dependency <Task(_PythonDecoratedOperator): print_the_context>, log_sql_query already registered for DAG: example_python_operator
[2023-09-13T08:11:53.878+0000] {logging_mixin.py:149} INFO - [2023-09-13T08:11:53.878+0000] {taskmixin.py:211} WARNING - Dependency <Task(_PythonDecoratedOperator): log_sql_query>, print_the_context already registered for DAG: example_python_operator
[2023-09-13T08:11:53.886+0000] {processor.py:809} INFO - DAG(s) dict_keys(['example_python_operator']) retrieved from /home/airflow/.local/lib/python3.7/site-packages/airflow/example_dags/example_python_operator.py
[2023-09-13T08:11:53.958+0000] {logging_mixin.py:149} INFO - [2023-09-13T08:11:53.958+0000] {dag.py:2726} INFO - Sync 1 DAGs
[2023-09-13T08:11:54.012+0000] {logging_mixin.py:149} INFO - [2023-09-13T08:11:54.011+0000] {dag.py:3490} INFO - Setting next_dagrun for example_python_operator to None, run_after=None
[2023-09-13T08:11:54.079+0000] {processor.py:178} INFO - Processing /home/airflow/.local/lib/python3.7/site-packages/airflow/example_dags/example_python_operator.py took 0.244 seconds
[2023-09-13T08:12:24.313+0000] {processor.py:156} INFO - Started process (PID=1631) to work on /home/airflow/.local/lib/python3.7/site-packages/airflow/example_dags/example_python_operator.py
[2023-09-13T08:12:24.318+0000] {processor.py:799} INFO - Processing file /home/airflow/.local/lib/python3.7/site-packages/airflow/example_dags/example_python_operator.py for tasks to queue
[2023-09-13T08:12:24.320+0000] {logging_mixin.py:149} INFO - [2023-09-13T08:12:24.320+0000] {dagbag.py:541} INFO - Filling up the DagBag from /home/airflow/.local/lib/python3.7/site-packages/airflow/example_dags/example_python_operator.py
[2023-09-13T08:12:24.333+0000] {logging_mixin.py:149} INFO - [2023-09-13T08:12:24.332+0000] {taskmixin.py:211} WARNING - Dependency <Task(_PythonDecoratedOperator): print_the_context>, log_sql_query already registered for DAG: example_python_operator
[2023-09-13T08:12:24.334+0000] {logging_mixin.py:149} INFO - [2023-09-13T08:12:24.334+0000] {taskmixin.py:211} WARNING - Dependency <Task(_PythonDecoratedOperator): log_sql_query>, print_the_context already registered for DAG: example_python_operator
[2023-09-13T08:12:24.337+0000] {logging_mixin.py:149} INFO - [2023-09-13T08:12:24.337+0000] {taskmixin.py:211} WARNING - Dependency <Task(_PythonDecoratedOperator): print_the_context>, log_sql_query already registered for DAG: example_python_operator
[2023-09-13T08:12:24.338+0000] {logging_mixin.py:149} INFO - [2023-09-13T08:12:24.338+0000] {taskmixin.py:211} WARNING - Dependency <Task(_PythonDecoratedOperator): log_sql_query>, print_the_context already registered for DAG: example_python_operator
[2023-09-13T08:12:24.341+0000] {logging_mixin.py:149} INFO - [2023-09-13T08:12:24.341+0000] {taskmixin.py:211} WARNING - Dependency <Task(_PythonDecoratedOperator): print_the_context>, log_sql_query already registered for DAG: example_python_operator
[2023-09-13T08:12:24.343+0000] {logging_mixin.py:149} INFO - [2023-09-13T08:12:24.343+0000] {taskmixin.py:211} WARNING - Dependency <Task(_PythonDecoratedOperator): log_sql_query>, print_the_context already registered for DAG: example_python_operator
[2023-09-13T08:12:24.345+0000] {logging_mixin.py:149} INFO - [2023-09-13T08:12:24.345+0000] {taskmixin.py:211} WARNING - Dependency <Task(_PythonDecoratedOperator): print_the_context>, log_sql_query already registered for DAG: example_python_operator
[2023-09-13T08:12:24.347+0000] {logging_mixin.py:149} INFO - [2023-09-13T08:12:24.347+0000] {taskmixin.py:211} WARNING - Dependency <Task(_PythonDecoratedOperator): log_sql_query>, print_the_context already registered for DAG: example_python_operator
[2023-09-13T08:12:24.353+0000] {processor.py:809} INFO - DAG(s) dict_keys(['example_python_operator']) retrieved from /home/airflow/.local/lib/python3.7/site-packages/airflow/example_dags/example_python_operator.py
[2023-09-13T08:12:24.421+0000] {logging_mixin.py:149} INFO - [2023-09-13T08:12:24.421+0000] {dag.py:2726} INFO - Sync 1 DAGs
[2023-09-13T08:12:24.456+0000] {logging_mixin.py:149} INFO - [2023-09-13T08:12:24.455+0000] {dag.py:3490} INFO - Setting next_dagrun for example_python_operator to None, run_after=None
[2023-09-13T08:12:24.488+0000] {processor.py:178} INFO - Processing /home/airflow/.local/lib/python3.7/site-packages/airflow/example_dags/example_python_operator.py took 0.184 seconds
[2023-09-13T08:12:55.354+0000] {processor.py:156} INFO - Started process (PID=1691) to work on /home/airflow/.local/lib/python3.7/site-packages/airflow/example_dags/example_python_operator.py
[2023-09-13T08:12:55.357+0000] {processor.py:799} INFO - Processing file /home/airflow/.local/lib/python3.7/site-packages/airflow/example_dags/example_python_operator.py for tasks to queue
[2023-09-13T08:12:55.361+0000] {logging_mixin.py:149} INFO - [2023-09-13T08:12:55.360+0000] {dagbag.py:541} INFO - Filling up the DagBag from /home/airflow/.local/lib/python3.7/site-packages/airflow/example_dags/example_python_operator.py
[2023-09-13T08:12:55.398+0000] {logging_mixin.py:149} INFO - [2023-09-13T08:12:55.397+0000] {taskmixin.py:211} WARNING - Dependency <Task(_PythonDecoratedOperator): print_the_context>, log_sql_query already registered for DAG: example_python_operator
[2023-09-13T08:12:55.400+0000] {logging_mixin.py:149} INFO - [2023-09-13T08:12:55.400+0000] {taskmixin.py:211} WARNING - Dependency <Task(_PythonDecoratedOperator): log_sql_query>, print_the_context already registered for DAG: example_python_operator
[2023-09-13T08:12:55.407+0000] {logging_mixin.py:149} INFO - [2023-09-13T08:12:55.405+0000] {taskmixin.py:211} WARNING - Dependency <Task(_PythonDecoratedOperator): print_the_context>, log_sql_query already registered for DAG: example_python_operator
[2023-09-13T08:12:55.410+0000] {logging_mixin.py:149} INFO - [2023-09-13T08:12:55.410+0000] {taskmixin.py:211} WARNING - Dependency <Task(_PythonDecoratedOperator): log_sql_query>, print_the_context already registered for DAG: example_python_operator
[2023-09-13T08:12:55.419+0000] {logging_mixin.py:149} INFO - [2023-09-13T08:12:55.419+0000] {taskmixin.py:211} WARNING - Dependency <Task(_PythonDecoratedOperator): print_the_context>, log_sql_query already registered for DAG: example_python_operator
[2023-09-13T08:12:55.421+0000] {logging_mixin.py:149} INFO - [2023-09-13T08:12:55.421+0000] {taskmixin.py:211} WARNING - Dependency <Task(_PythonDecoratedOperator): log_sql_query>, print_the_context already registered for DAG: example_python_operator
[2023-09-13T08:12:55.425+0000] {logging_mixin.py:149} INFO - [2023-09-13T08:12:55.425+0000] {taskmixin.py:211} WARNING - Dependency <Task(_PythonDecoratedOperator): print_the_context>, log_sql_query already registered for DAG: example_python_operator
[2023-09-13T08:12:55.428+0000] {logging_mixin.py:149} INFO - [2023-09-13T08:12:55.428+0000] {taskmixin.py:211} WARNING - Dependency <Task(_PythonDecoratedOperator): log_sql_query>, print_the_context already registered for DAG: example_python_operator
[2023-09-13T08:12:55.439+0000] {processor.py:809} INFO - DAG(s) dict_keys(['example_python_operator']) retrieved from /home/airflow/.local/lib/python3.7/site-packages/airflow/example_dags/example_python_operator.py
[2023-09-13T08:12:55.518+0000] {logging_mixin.py:149} INFO - [2023-09-13T08:12:55.518+0000] {dag.py:2726} INFO - Sync 1 DAGs
[2023-09-13T08:12:55.589+0000] {logging_mixin.py:149} INFO - [2023-09-13T08:12:55.589+0000] {dag.py:3490} INFO - Setting next_dagrun for example_python_operator to None, run_after=None
[2023-09-13T08:12:55.647+0000] {processor.py:178} INFO - Processing /home/airflow/.local/lib/python3.7/site-packages/airflow/example_dags/example_python_operator.py took 0.309 seconds
[2023-09-13T09:26:10.801+0000] {processor.py:156} INFO - Started process (PID=55) to work on /home/airflow/.local/lib/python3.7/site-packages/airflow/example_dags/example_python_operator.py
[2023-09-13T09:26:10.803+0000] {processor.py:799} INFO - Processing file /home/airflow/.local/lib/python3.7/site-packages/airflow/example_dags/example_python_operator.py for tasks to queue
[2023-09-13T09:26:10.807+0000] {logging_mixin.py:149} INFO - [2023-09-13T09:26:10.806+0000] {dagbag.py:541} INFO - Filling up the DagBag from /home/airflow/.local/lib/python3.7/site-packages/airflow/example_dags/example_python_operator.py
[2023-09-13T09:26:10.819+0000] {logging_mixin.py:149} INFO - [2023-09-13T09:26:10.819+0000] {taskmixin.py:211} WARNING - Dependency <Task(_PythonDecoratedOperator): print_the_context>, log_sql_query already registered for DAG: example_python_operator
[2023-09-13T09:26:10.820+0000] {logging_mixin.py:149} INFO - [2023-09-13T09:26:10.820+0000] {taskmixin.py:211} WARNING - Dependency <Task(_PythonDecoratedOperator): log_sql_query>, print_the_context already registered for DAG: example_python_operator
[2023-09-13T09:26:10.823+0000] {logging_mixin.py:149} INFO - [2023-09-13T09:26:10.822+0000] {taskmixin.py:211} WARNING - Dependency <Task(_PythonDecoratedOperator): print_the_context>, log_sql_query already registered for DAG: example_python_operator
[2023-09-13T09:26:10.824+0000] {logging_mixin.py:149} INFO - [2023-09-13T09:26:10.824+0000] {taskmixin.py:211} WARNING - Dependency <Task(_PythonDecoratedOperator): log_sql_query>, print_the_context already registered for DAG: example_python_operator
[2023-09-13T09:26:10.826+0000] {logging_mixin.py:149} INFO - [2023-09-13T09:26:10.826+0000] {taskmixin.py:211} WARNING - Dependency <Task(_PythonDecoratedOperator): print_the_context>, log_sql_query already registered for DAG: example_python_operator
[2023-09-13T09:26:10.828+0000] {logging_mixin.py:149} INFO - [2023-09-13T09:26:10.827+0000] {taskmixin.py:211} WARNING - Dependency <Task(_PythonDecoratedOperator): log_sql_query>, print_the_context already registered for DAG: example_python_operator
[2023-09-13T09:26:10.830+0000] {logging_mixin.py:149} INFO - [2023-09-13T09:26:10.830+0000] {taskmixin.py:211} WARNING - Dependency <Task(_PythonDecoratedOperator): print_the_context>, log_sql_query already registered for DAG: example_python_operator
[2023-09-13T09:26:10.831+0000] {logging_mixin.py:149} INFO - [2023-09-13T09:26:10.831+0000] {taskmixin.py:211} WARNING - Dependency <Task(_PythonDecoratedOperator): log_sql_query>, print_the_context already registered for DAG: example_python_operator
[2023-09-13T09:26:10.840+0000] {processor.py:809} INFO - DAG(s) dict_keys(['example_python_operator']) retrieved from /home/airflow/.local/lib/python3.7/site-packages/airflow/example_dags/example_python_operator.py
[2023-09-13T09:26:10.982+0000] {logging_mixin.py:149} INFO - [2023-09-13T09:26:10.982+0000] {dag.py:2726} INFO - Sync 1 DAGs
[2023-09-13T09:26:11.027+0000] {logging_mixin.py:149} INFO - [2023-09-13T09:26:11.027+0000] {dag.py:3490} INFO - Setting next_dagrun for example_python_operator to None, run_after=None
[2023-09-13T09:26:11.063+0000] {processor.py:178} INFO - Processing /home/airflow/.local/lib/python3.7/site-packages/airflow/example_dags/example_python_operator.py took 0.270 seconds
