[2023-09-13T07:58:53.652+0000] {processor.py:156} INFO - Started process (PID=59) to work on /home/airflow/.local/lib/python3.7/site-packages/airflow/example_dags/example_branch_day_of_week_operator.py
[2023-09-13T07:58:53.659+0000] {processor.py:799} INFO - Processing file /home/airflow/.local/lib/python3.7/site-packages/airflow/example_dags/example_branch_day_of_week_operator.py for tasks to queue
[2023-09-13T07:58:53.662+0000] {logging_mixin.py:149} INFO - [2023-09-13T07:58:53.661+0000] {dagbag.py:541} INFO - Filling up the DagBag from /home/airflow/.local/lib/python3.7/site-packages/airflow/example_dags/example_branch_day_of_week_operator.py
[2023-09-13T07:58:53.699+0000] {processor.py:809} INFO - DAG(s) dict_keys(['example_weekday_branch_operator']) retrieved from /home/airflow/.local/lib/python3.7/site-packages/airflow/example_dags/example_branch_day_of_week_operator.py
[2023-09-13T07:58:53.823+0000] {logging_mixin.py:149} INFO - [2023-09-13T07:58:53.822+0000] {dag.py:2726} INFO - Sync 1 DAGs
[2023-09-13T07:58:53.938+0000] {logging_mixin.py:149} INFO - [2023-09-13T07:58:53.935+0000] {dag.py:3490} INFO - Setting next_dagrun for example_weekday_branch_operator to 2023-09-12T00:00:00+00:00, run_after=2023-09-13T00:00:00+00:00
[2023-09-13T07:58:54.047+0000] {processor.py:178} INFO - Processing /home/airflow/.local/lib/python3.7/site-packages/airflow/example_dags/example_branch_day_of_week_operator.py took 0.404 seconds
[2023-09-13T07:59:24.576+0000] {processor.py:156} INFO - Started process (PID=119) to work on /home/airflow/.local/lib/python3.7/site-packages/airflow/example_dags/example_branch_day_of_week_operator.py
[2023-09-13T07:59:24.581+0000] {processor.py:799} INFO - Processing file /home/airflow/.local/lib/python3.7/site-packages/airflow/example_dags/example_branch_day_of_week_operator.py for tasks to queue
[2023-09-13T07:59:24.585+0000] {logging_mixin.py:149} INFO - [2023-09-13T07:59:24.584+0000] {dagbag.py:541} INFO - Filling up the DagBag from /home/airflow/.local/lib/python3.7/site-packages/airflow/example_dags/example_branch_day_of_week_operator.py
[2023-09-13T07:59:24.605+0000] {processor.py:809} INFO - DAG(s) dict_keys(['example_weekday_branch_operator']) retrieved from /home/airflow/.local/lib/python3.7/site-packages/airflow/example_dags/example_branch_day_of_week_operator.py
[2023-09-13T07:59:24.664+0000] {logging_mixin.py:149} INFO - [2023-09-13T07:59:24.664+0000] {dag.py:2726} INFO - Sync 1 DAGs
[2023-09-13T07:59:24.730+0000] {logging_mixin.py:149} INFO - [2023-09-13T07:59:24.730+0000] {dag.py:3490} INFO - Setting next_dagrun for example_weekday_branch_operator to 2023-09-12T00:00:00+00:00, run_after=2023-09-13T00:00:00+00:00
[2023-09-13T07:59:24.779+0000] {processor.py:178} INFO - Processing /home/airflow/.local/lib/python3.7/site-packages/airflow/example_dags/example_branch_day_of_week_operator.py took 0.211 seconds
[2023-09-13T07:59:56.411+0000] {processor.py:156} INFO - Started process (PID=179) to work on /home/airflow/.local/lib/python3.7/site-packages/airflow/example_dags/example_branch_day_of_week_operator.py
[2023-09-13T07:59:56.414+0000] {processor.py:799} INFO - Processing file /home/airflow/.local/lib/python3.7/site-packages/airflow/example_dags/example_branch_day_of_week_operator.py for tasks to queue
[2023-09-13T07:59:56.417+0000] {logging_mixin.py:149} INFO - [2023-09-13T07:59:56.417+0000] {dagbag.py:541} INFO - Filling up the DagBag from /home/airflow/.local/lib/python3.7/site-packages/airflow/example_dags/example_branch_day_of_week_operator.py
[2023-09-13T07:59:56.437+0000] {processor.py:809} INFO - DAG(s) dict_keys(['example_weekday_branch_operator']) retrieved from /home/airflow/.local/lib/python3.7/site-packages/airflow/example_dags/example_branch_day_of_week_operator.py
[2023-09-13T07:59:56.506+0000] {logging_mixin.py:149} INFO - [2023-09-13T07:59:56.506+0000] {dag.py:2726} INFO - Sync 1 DAGs
[2023-09-13T07:59:56.773+0000] {logging_mixin.py:149} INFO - [2023-09-13T07:59:56.772+0000] {dag.py:3490} INFO - Setting next_dagrun for example_weekday_branch_operator to 2023-09-12T00:00:00+00:00, run_after=2023-09-13T00:00:00+00:00
[2023-09-13T07:59:56.828+0000] {processor.py:178} INFO - Processing /home/airflow/.local/lib/python3.7/site-packages/airflow/example_dags/example_branch_day_of_week_operator.py took 0.426 seconds
[2023-09-13T08:00:27.105+0000] {processor.py:156} INFO - Started process (PID=239) to work on /home/airflow/.local/lib/python3.7/site-packages/airflow/example_dags/example_branch_day_of_week_operator.py
[2023-09-13T08:00:27.108+0000] {processor.py:799} INFO - Processing file /home/airflow/.local/lib/python3.7/site-packages/airflow/example_dags/example_branch_day_of_week_operator.py for tasks to queue
[2023-09-13T08:00:27.110+0000] {logging_mixin.py:149} INFO - [2023-09-13T08:00:27.110+0000] {dagbag.py:541} INFO - Filling up the DagBag from /home/airflow/.local/lib/python3.7/site-packages/airflow/example_dags/example_branch_day_of_week_operator.py
[2023-09-13T08:00:27.129+0000] {processor.py:809} INFO - DAG(s) dict_keys(['example_weekday_branch_operator']) retrieved from /home/airflow/.local/lib/python3.7/site-packages/airflow/example_dags/example_branch_day_of_week_operator.py
[2023-09-13T08:00:27.178+0000] {logging_mixin.py:149} INFO - [2023-09-13T08:00:27.178+0000] {dag.py:2726} INFO - Sync 1 DAGs
[2023-09-13T08:00:27.238+0000] {logging_mixin.py:149} INFO - [2023-09-13T08:00:27.237+0000] {dag.py:3490} INFO - Setting next_dagrun for example_weekday_branch_operator to 2023-09-12T00:00:00+00:00, run_after=2023-09-13T00:00:00+00:00
[2023-09-13T08:00:27.285+0000] {processor.py:178} INFO - Processing /home/airflow/.local/lib/python3.7/site-packages/airflow/example_dags/example_branch_day_of_week_operator.py took 0.186 seconds
[2023-09-13T08:01:00.133+0000] {processor.py:156} INFO - Started process (PID=299) to work on /home/airflow/.local/lib/python3.7/site-packages/airflow/example_dags/example_branch_day_of_week_operator.py
[2023-09-13T08:01:00.142+0000] {processor.py:799} INFO - Processing file /home/airflow/.local/lib/python3.7/site-packages/airflow/example_dags/example_branch_day_of_week_operator.py for tasks to queue
[2023-09-13T08:01:00.152+0000] {logging_mixin.py:149} INFO - [2023-09-13T08:01:00.151+0000] {dagbag.py:541} INFO - Filling up the DagBag from /home/airflow/.local/lib/python3.7/site-packages/airflow/example_dags/example_branch_day_of_week_operator.py
[2023-09-13T08:01:00.195+0000] {processor.py:809} INFO - DAG(s) dict_keys(['example_weekday_branch_operator']) retrieved from /home/airflow/.local/lib/python3.7/site-packages/airflow/example_dags/example_branch_day_of_week_operator.py
[2023-09-13T08:01:00.356+0000] {logging_mixin.py:149} INFO - [2023-09-13T08:01:00.355+0000] {dag.py:2726} INFO - Sync 1 DAGs
[2023-09-13T08:01:00.498+0000] {logging_mixin.py:149} INFO - [2023-09-13T08:01:00.498+0000] {dag.py:3490} INFO - Setting next_dagrun for example_weekday_branch_operator to 2023-09-12T00:00:00+00:00, run_after=2023-09-13T00:00:00+00:00
[2023-09-13T08:01:00.599+0000] {processor.py:178} INFO - Processing /home/airflow/.local/lib/python3.7/site-packages/airflow/example_dags/example_branch_day_of_week_operator.py took 0.485 seconds
[2023-09-13T08:01:30.962+0000] {processor.py:156} INFO - Started process (PID=359) to work on /home/airflow/.local/lib/python3.7/site-packages/airflow/example_dags/example_branch_day_of_week_operator.py
[2023-09-13T08:01:30.965+0000] {processor.py:799} INFO - Processing file /home/airflow/.local/lib/python3.7/site-packages/airflow/example_dags/example_branch_day_of_week_operator.py for tasks to queue
[2023-09-13T08:01:30.967+0000] {logging_mixin.py:149} INFO - [2023-09-13T08:01:30.967+0000] {dagbag.py:541} INFO - Filling up the DagBag from /home/airflow/.local/lib/python3.7/site-packages/airflow/example_dags/example_branch_day_of_week_operator.py
[2023-09-13T08:01:30.989+0000] {processor.py:809} INFO - DAG(s) dict_keys(['example_weekday_branch_operator']) retrieved from /home/airflow/.local/lib/python3.7/site-packages/airflow/example_dags/example_branch_day_of_week_operator.py
[2023-09-13T08:01:31.046+0000] {logging_mixin.py:149} INFO - [2023-09-13T08:01:31.045+0000] {dag.py:2726} INFO - Sync 1 DAGs
[2023-09-13T08:01:31.107+0000] {logging_mixin.py:149} INFO - [2023-09-13T08:01:31.106+0000] {dag.py:3490} INFO - Setting next_dagrun for example_weekday_branch_operator to 2023-09-12T00:00:00+00:00, run_after=2023-09-13T00:00:00+00:00
[2023-09-13T08:01:31.154+0000] {processor.py:178} INFO - Processing /home/airflow/.local/lib/python3.7/site-packages/airflow/example_dags/example_branch_day_of_week_operator.py took 0.198 seconds
[2023-09-13T08:02:03.136+0000] {processor.py:156} INFO - Started process (PID=419) to work on /home/airflow/.local/lib/python3.7/site-packages/airflow/example_dags/example_branch_day_of_week_operator.py
[2023-09-13T08:02:03.142+0000] {processor.py:799} INFO - Processing file /home/airflow/.local/lib/python3.7/site-packages/airflow/example_dags/example_branch_day_of_week_operator.py for tasks to queue
[2023-09-13T08:02:03.145+0000] {logging_mixin.py:149} INFO - [2023-09-13T08:02:03.145+0000] {dagbag.py:541} INFO - Filling up the DagBag from /home/airflow/.local/lib/python3.7/site-packages/airflow/example_dags/example_branch_day_of_week_operator.py
[2023-09-13T08:02:03.179+0000] {processor.py:809} INFO - DAG(s) dict_keys(['example_weekday_branch_operator']) retrieved from /home/airflow/.local/lib/python3.7/site-packages/airflow/example_dags/example_branch_day_of_week_operator.py
[2023-09-13T08:02:03.275+0000] {logging_mixin.py:149} INFO - [2023-09-13T08:02:03.274+0000] {dag.py:2726} INFO - Sync 1 DAGs
[2023-09-13T08:02:03.420+0000] {logging_mixin.py:149} INFO - [2023-09-13T08:02:03.419+0000] {dag.py:3490} INFO - Setting next_dagrun for example_weekday_branch_operator to 2023-09-12T00:00:00+00:00, run_after=2023-09-13T00:00:00+00:00
[2023-09-13T08:02:03.521+0000] {processor.py:178} INFO - Processing /home/airflow/.local/lib/python3.7/site-packages/airflow/example_dags/example_branch_day_of_week_operator.py took 0.394 seconds
[2023-09-13T08:02:33.963+0000] {processor.py:156} INFO - Started process (PID=479) to work on /home/airflow/.local/lib/python3.7/site-packages/airflow/example_dags/example_branch_day_of_week_operator.py
[2023-09-13T08:02:33.966+0000] {processor.py:799} INFO - Processing file /home/airflow/.local/lib/python3.7/site-packages/airflow/example_dags/example_branch_day_of_week_operator.py for tasks to queue
[2023-09-13T08:02:33.969+0000] {logging_mixin.py:149} INFO - [2023-09-13T08:02:33.969+0000] {dagbag.py:541} INFO - Filling up the DagBag from /home/airflow/.local/lib/python3.7/site-packages/airflow/example_dags/example_branch_day_of_week_operator.py
[2023-09-13T08:02:33.984+0000] {processor.py:809} INFO - DAG(s) dict_keys(['example_weekday_branch_operator']) retrieved from /home/airflow/.local/lib/python3.7/site-packages/airflow/example_dags/example_branch_day_of_week_operator.py
[2023-09-13T08:02:34.036+0000] {logging_mixin.py:149} INFO - [2023-09-13T08:02:34.036+0000] {dag.py:2726} INFO - Sync 1 DAGs
[2023-09-13T08:02:34.086+0000] {logging_mixin.py:149} INFO - [2023-09-13T08:02:34.085+0000] {dag.py:3490} INFO - Setting next_dagrun for example_weekday_branch_operator to 2023-09-12T00:00:00+00:00, run_after=2023-09-13T00:00:00+00:00
[2023-09-13T08:02:34.124+0000] {processor.py:178} INFO - Processing /home/airflow/.local/lib/python3.7/site-packages/airflow/example_dags/example_branch_day_of_week_operator.py took 0.169 seconds
[2023-09-13T08:03:06.966+0000] {processor.py:156} INFO - Started process (PID=539) to work on /home/airflow/.local/lib/python3.7/site-packages/airflow/example_dags/example_branch_day_of_week_operator.py
[2023-09-13T08:03:06.993+0000] {processor.py:799} INFO - Processing file /home/airflow/.local/lib/python3.7/site-packages/airflow/example_dags/example_branch_day_of_week_operator.py for tasks to queue
[2023-09-13T08:03:07.021+0000] {logging_mixin.py:149} INFO - [2023-09-13T08:03:07.020+0000] {dagbag.py:541} INFO - Filling up the DagBag from /home/airflow/.local/lib/python3.7/site-packages/airflow/example_dags/example_branch_day_of_week_operator.py
[2023-09-13T08:03:07.064+0000] {processor.py:809} INFO - DAG(s) dict_keys(['example_weekday_branch_operator']) retrieved from /home/airflow/.local/lib/python3.7/site-packages/airflow/example_dags/example_branch_day_of_week_operator.py
[2023-09-13T08:03:07.193+0000] {logging_mixin.py:149} INFO - [2023-09-13T08:03:07.192+0000] {dag.py:2726} INFO - Sync 1 DAGs
[2023-09-13T08:03:07.304+0000] {logging_mixin.py:149} INFO - [2023-09-13T08:03:07.303+0000] {dag.py:3490} INFO - Setting next_dagrun for example_weekday_branch_operator to 2023-09-12T00:00:00+00:00, run_after=2023-09-13T00:00:00+00:00
[2023-09-13T08:03:07.423+0000] {processor.py:178} INFO - Processing /home/airflow/.local/lib/python3.7/site-packages/airflow/example_dags/example_branch_day_of_week_operator.py took 0.472 seconds
[2023-09-13T08:03:38.226+0000] {processor.py:156} INFO - Started process (PID=599) to work on /home/airflow/.local/lib/python3.7/site-packages/airflow/example_dags/example_branch_day_of_week_operator.py
[2023-09-13T08:03:38.234+0000] {processor.py:799} INFO - Processing file /home/airflow/.local/lib/python3.7/site-packages/airflow/example_dags/example_branch_day_of_week_operator.py for tasks to queue
[2023-09-13T08:03:38.237+0000] {logging_mixin.py:149} INFO - [2023-09-13T08:03:38.237+0000] {dagbag.py:541} INFO - Filling up the DagBag from /home/airflow/.local/lib/python3.7/site-packages/airflow/example_dags/example_branch_day_of_week_operator.py
[2023-09-13T08:03:38.273+0000] {processor.py:809} INFO - DAG(s) dict_keys(['example_weekday_branch_operator']) retrieved from /home/airflow/.local/lib/python3.7/site-packages/airflow/example_dags/example_branch_day_of_week_operator.py
[2023-09-13T08:03:38.413+0000] {logging_mixin.py:149} INFO - [2023-09-13T08:03:38.412+0000] {dag.py:2726} INFO - Sync 1 DAGs
[2023-09-13T08:03:38.566+0000] {logging_mixin.py:149} INFO - [2023-09-13T08:03:38.565+0000] {dag.py:3490} INFO - Setting next_dagrun for example_weekday_branch_operator to 2023-09-12T00:00:00+00:00, run_after=2023-09-13T00:00:00+00:00
[2023-09-13T08:03:38.671+0000] {processor.py:178} INFO - Processing /home/airflow/.local/lib/python3.7/site-packages/airflow/example_dags/example_branch_day_of_week_operator.py took 0.464 seconds
[2023-09-13T08:04:09.064+0000] {processor.py:156} INFO - Started process (PID=660) to work on /home/airflow/.local/lib/python3.7/site-packages/airflow/example_dags/example_branch_day_of_week_operator.py
[2023-09-13T08:04:09.077+0000] {processor.py:799} INFO - Processing file /home/airflow/.local/lib/python3.7/site-packages/airflow/example_dags/example_branch_day_of_week_operator.py for tasks to queue
[2023-09-13T08:04:09.082+0000] {logging_mixin.py:149} INFO - [2023-09-13T08:04:09.082+0000] {dagbag.py:541} INFO - Filling up the DagBag from /home/airflow/.local/lib/python3.7/site-packages/airflow/example_dags/example_branch_day_of_week_operator.py
[2023-09-13T08:04:09.139+0000] {processor.py:809} INFO - DAG(s) dict_keys(['example_weekday_branch_operator']) retrieved from /home/airflow/.local/lib/python3.7/site-packages/airflow/example_dags/example_branch_day_of_week_operator.py
[2023-09-13T08:04:09.301+0000] {logging_mixin.py:149} INFO - [2023-09-13T08:04:09.300+0000] {dag.py:2726} INFO - Sync 1 DAGs
[2023-09-13T08:04:09.462+0000] {logging_mixin.py:149} INFO - [2023-09-13T08:04:09.462+0000] {dag.py:3490} INFO - Setting next_dagrun for example_weekday_branch_operator to 2023-09-12T00:00:00+00:00, run_after=2023-09-13T00:00:00+00:00
[2023-09-13T08:04:09.549+0000] {processor.py:178} INFO - Processing /home/airflow/.local/lib/python3.7/site-packages/airflow/example_dags/example_branch_day_of_week_operator.py took 0.526 seconds
[2023-09-13T08:04:39.751+0000] {processor.py:156} INFO - Started process (PID=719) to work on /home/airflow/.local/lib/python3.7/site-packages/airflow/example_dags/example_branch_day_of_week_operator.py
[2023-09-13T08:04:39.754+0000] {processor.py:799} INFO - Processing file /home/airflow/.local/lib/python3.7/site-packages/airflow/example_dags/example_branch_day_of_week_operator.py for tasks to queue
[2023-09-13T08:04:39.758+0000] {logging_mixin.py:149} INFO - [2023-09-13T08:04:39.757+0000] {dagbag.py:541} INFO - Filling up the DagBag from /home/airflow/.local/lib/python3.7/site-packages/airflow/example_dags/example_branch_day_of_week_operator.py
[2023-09-13T08:04:39.778+0000] {processor.py:809} INFO - DAG(s) dict_keys(['example_weekday_branch_operator']) retrieved from /home/airflow/.local/lib/python3.7/site-packages/airflow/example_dags/example_branch_day_of_week_operator.py
[2023-09-13T08:04:39.854+0000] {logging_mixin.py:149} INFO - [2023-09-13T08:04:39.853+0000] {dag.py:2726} INFO - Sync 1 DAGs
[2023-09-13T08:04:39.936+0000] {logging_mixin.py:149} INFO - [2023-09-13T08:04:39.936+0000] {dag.py:3490} INFO - Setting next_dagrun for example_weekday_branch_operator to 2023-09-12T00:00:00+00:00, run_after=2023-09-13T00:00:00+00:00
[2023-09-13T08:04:40.003+0000] {processor.py:178} INFO - Processing /home/airflow/.local/lib/python3.7/site-packages/airflow/example_dags/example_branch_day_of_week_operator.py took 0.258 seconds
[2023-09-13T08:05:10.445+0000] {processor.py:156} INFO - Started process (PID=779) to work on /home/airflow/.local/lib/python3.7/site-packages/airflow/example_dags/example_branch_day_of_week_operator.py
[2023-09-13T08:05:10.450+0000] {processor.py:799} INFO - Processing file /home/airflow/.local/lib/python3.7/site-packages/airflow/example_dags/example_branch_day_of_week_operator.py for tasks to queue
[2023-09-13T08:05:10.453+0000] {logging_mixin.py:149} INFO - [2023-09-13T08:05:10.453+0000] {dagbag.py:541} INFO - Filling up the DagBag from /home/airflow/.local/lib/python3.7/site-packages/airflow/example_dags/example_branch_day_of_week_operator.py
[2023-09-13T08:05:10.492+0000] {processor.py:809} INFO - DAG(s) dict_keys(['example_weekday_branch_operator']) retrieved from /home/airflow/.local/lib/python3.7/site-packages/airflow/example_dags/example_branch_day_of_week_operator.py
[2023-09-13T08:05:10.625+0000] {logging_mixin.py:149} INFO - [2023-09-13T08:05:10.625+0000] {dag.py:2726} INFO - Sync 1 DAGs
[2023-09-13T08:05:10.772+0000] {logging_mixin.py:149} INFO - [2023-09-13T08:05:10.772+0000] {dag.py:3490} INFO - Setting next_dagrun for example_weekday_branch_operator to 2023-09-12T00:00:00+00:00, run_after=2023-09-13T00:00:00+00:00
[2023-09-13T08:05:10.901+0000] {processor.py:178} INFO - Processing /home/airflow/.local/lib/python3.7/site-packages/airflow/example_dags/example_branch_day_of_week_operator.py took 0.474 seconds
[2023-09-13T08:05:43.872+0000] {processor.py:156} INFO - Started process (PID=847) to work on /home/airflow/.local/lib/python3.7/site-packages/airflow/example_dags/example_branch_day_of_week_operator.py
[2023-09-13T08:05:43.915+0000] {processor.py:799} INFO - Processing file /home/airflow/.local/lib/python3.7/site-packages/airflow/example_dags/example_branch_day_of_week_operator.py for tasks to queue
[2023-09-13T08:05:43.931+0000] {logging_mixin.py:149} INFO - [2023-09-13T08:05:43.930+0000] {dagbag.py:541} INFO - Filling up the DagBag from /home/airflow/.local/lib/python3.7/site-packages/airflow/example_dags/example_branch_day_of_week_operator.py
[2023-09-13T08:05:43.990+0000] {processor.py:809} INFO - DAG(s) dict_keys(['example_weekday_branch_operator']) retrieved from /home/airflow/.local/lib/python3.7/site-packages/airflow/example_dags/example_branch_day_of_week_operator.py
[2023-09-13T08:05:44.194+0000] {logging_mixin.py:149} INFO - [2023-09-13T08:05:44.192+0000] {dag.py:2726} INFO - Sync 1 DAGs
[2023-09-13T08:05:44.376+0000] {logging_mixin.py:149} INFO - [2023-09-13T08:05:44.375+0000] {dag.py:3490} INFO - Setting next_dagrun for example_weekday_branch_operator to 2023-09-12T00:00:00+00:00, run_after=2023-09-13T00:00:00+00:00
[2023-09-13T08:05:44.552+0000] {processor.py:178} INFO - Processing /home/airflow/.local/lib/python3.7/site-packages/airflow/example_dags/example_branch_day_of_week_operator.py took 0.700 seconds
[2023-09-13T08:06:14.744+0000] {processor.py:156} INFO - Started process (PID=907) to work on /home/airflow/.local/lib/python3.7/site-packages/airflow/example_dags/example_branch_day_of_week_operator.py
[2023-09-13T08:06:14.748+0000] {processor.py:799} INFO - Processing file /home/airflow/.local/lib/python3.7/site-packages/airflow/example_dags/example_branch_day_of_week_operator.py for tasks to queue
[2023-09-13T08:06:14.754+0000] {logging_mixin.py:149} INFO - [2023-09-13T08:06:14.754+0000] {dagbag.py:541} INFO - Filling up the DagBag from /home/airflow/.local/lib/python3.7/site-packages/airflow/example_dags/example_branch_day_of_week_operator.py
[2023-09-13T08:06:14.775+0000] {processor.py:809} INFO - DAG(s) dict_keys(['example_weekday_branch_operator']) retrieved from /home/airflow/.local/lib/python3.7/site-packages/airflow/example_dags/example_branch_day_of_week_operator.py
[2023-09-13T08:06:14.882+0000] {logging_mixin.py:149} INFO - [2023-09-13T08:06:14.879+0000] {dag.py:2726} INFO - Sync 1 DAGs
[2023-09-13T08:06:15.002+0000] {logging_mixin.py:149} INFO - [2023-09-13T08:06:15.001+0000] {dag.py:3490} INFO - Setting next_dagrun for example_weekday_branch_operator to 2023-09-12T00:00:00+00:00, run_after=2023-09-13T00:00:00+00:00
[2023-09-13T08:06:15.107+0000] {processor.py:178} INFO - Processing /home/airflow/.local/lib/python3.7/site-packages/airflow/example_dags/example_branch_day_of_week_operator.py took 0.372 seconds
[2023-09-13T08:06:45.400+0000] {processor.py:156} INFO - Started process (PID=967) to work on /home/airflow/.local/lib/python3.7/site-packages/airflow/example_dags/example_branch_day_of_week_operator.py
[2023-09-13T08:06:45.405+0000] {processor.py:799} INFO - Processing file /home/airflow/.local/lib/python3.7/site-packages/airflow/example_dags/example_branch_day_of_week_operator.py for tasks to queue
[2023-09-13T08:06:45.408+0000] {logging_mixin.py:149} INFO - [2023-09-13T08:06:45.408+0000] {dagbag.py:541} INFO - Filling up the DagBag from /home/airflow/.local/lib/python3.7/site-packages/airflow/example_dags/example_branch_day_of_week_operator.py
[2023-09-13T08:06:45.450+0000] {processor.py:809} INFO - DAG(s) dict_keys(['example_weekday_branch_operator']) retrieved from /home/airflow/.local/lib/python3.7/site-packages/airflow/example_dags/example_branch_day_of_week_operator.py
[2023-09-13T08:06:45.570+0000] {logging_mixin.py:149} INFO - [2023-09-13T08:06:45.570+0000] {dag.py:2726} INFO - Sync 1 DAGs
[2023-09-13T08:06:45.684+0000] {logging_mixin.py:149} INFO - [2023-09-13T08:06:45.684+0000] {dag.py:3490} INFO - Setting next_dagrun for example_weekday_branch_operator to 2023-09-12T00:00:00+00:00, run_after=2023-09-13T00:00:00+00:00
[2023-09-13T08:06:45.748+0000] {processor.py:178} INFO - Processing /home/airflow/.local/lib/python3.7/site-packages/airflow/example_dags/example_branch_day_of_week_operator.py took 0.357 seconds
[2023-09-13T08:07:16.074+0000] {processor.py:156} INFO - Started process (PID=1027) to work on /home/airflow/.local/lib/python3.7/site-packages/airflow/example_dags/example_branch_day_of_week_operator.py
[2023-09-13T08:07:16.077+0000] {processor.py:799} INFO - Processing file /home/airflow/.local/lib/python3.7/site-packages/airflow/example_dags/example_branch_day_of_week_operator.py for tasks to queue
[2023-09-13T08:07:16.081+0000] {logging_mixin.py:149} INFO - [2023-09-13T08:07:16.080+0000] {dagbag.py:541} INFO - Filling up the DagBag from /home/airflow/.local/lib/python3.7/site-packages/airflow/example_dags/example_branch_day_of_week_operator.py
[2023-09-13T08:07:16.111+0000] {processor.py:809} INFO - DAG(s) dict_keys(['example_weekday_branch_operator']) retrieved from /home/airflow/.local/lib/python3.7/site-packages/airflow/example_dags/example_branch_day_of_week_operator.py
[2023-09-13T08:07:16.186+0000] {logging_mixin.py:149} INFO - [2023-09-13T08:07:16.185+0000] {dag.py:2726} INFO - Sync 1 DAGs
[2023-09-13T08:07:16.270+0000] {logging_mixin.py:149} INFO - [2023-09-13T08:07:16.269+0000] {dag.py:3490} INFO - Setting next_dagrun for example_weekday_branch_operator to 2023-09-12T00:00:00+00:00, run_after=2023-09-13T00:00:00+00:00
[2023-09-13T08:07:16.338+0000] {processor.py:178} INFO - Processing /home/airflow/.local/lib/python3.7/site-packages/airflow/example_dags/example_branch_day_of_week_operator.py took 0.286 seconds
[2023-09-13T08:07:46.699+0000] {processor.py:156} INFO - Started process (PID=1087) to work on /home/airflow/.local/lib/python3.7/site-packages/airflow/example_dags/example_branch_day_of_week_operator.py
[2023-09-13T08:07:46.701+0000] {processor.py:799} INFO - Processing file /home/airflow/.local/lib/python3.7/site-packages/airflow/example_dags/example_branch_day_of_week_operator.py for tasks to queue
[2023-09-13T08:07:46.704+0000] {logging_mixin.py:149} INFO - [2023-09-13T08:07:46.704+0000] {dagbag.py:541} INFO - Filling up the DagBag from /home/airflow/.local/lib/python3.7/site-packages/airflow/example_dags/example_branch_day_of_week_operator.py
[2023-09-13T08:07:46.719+0000] {processor.py:809} INFO - DAG(s) dict_keys(['example_weekday_branch_operator']) retrieved from /home/airflow/.local/lib/python3.7/site-packages/airflow/example_dags/example_branch_day_of_week_operator.py
[2023-09-13T08:07:46.767+0000] {logging_mixin.py:149} INFO - [2023-09-13T08:07:46.767+0000] {dag.py:2726} INFO - Sync 1 DAGs
[2023-09-13T08:07:46.832+0000] {logging_mixin.py:149} INFO - [2023-09-13T08:07:46.831+0000] {dag.py:3490} INFO - Setting next_dagrun for example_weekday_branch_operator to 2023-09-12T00:00:00+00:00, run_after=2023-09-13T00:00:00+00:00
[2023-09-13T08:07:46.889+0000] {processor.py:178} INFO - Processing /home/airflow/.local/lib/python3.7/site-packages/airflow/example_dags/example_branch_day_of_week_operator.py took 0.195 seconds
[2023-09-13T08:08:17.672+0000] {processor.py:156} INFO - Started process (PID=1147) to work on /home/airflow/.local/lib/python3.7/site-packages/airflow/example_dags/example_branch_day_of_week_operator.py
[2023-09-13T08:08:17.677+0000] {processor.py:799} INFO - Processing file /home/airflow/.local/lib/python3.7/site-packages/airflow/example_dags/example_branch_day_of_week_operator.py for tasks to queue
[2023-09-13T08:08:17.679+0000] {logging_mixin.py:149} INFO - [2023-09-13T08:08:17.679+0000] {dagbag.py:541} INFO - Filling up the DagBag from /home/airflow/.local/lib/python3.7/site-packages/airflow/example_dags/example_branch_day_of_week_operator.py
[2023-09-13T08:08:17.699+0000] {processor.py:809} INFO - DAG(s) dict_keys(['example_weekday_branch_operator']) retrieved from /home/airflow/.local/lib/python3.7/site-packages/airflow/example_dags/example_branch_day_of_week_operator.py
[2023-09-13T08:08:17.760+0000] {logging_mixin.py:149} INFO - [2023-09-13T08:08:17.760+0000] {dag.py:2726} INFO - Sync 1 DAGs
[2023-09-13T08:08:17.838+0000] {logging_mixin.py:149} INFO - [2023-09-13T08:08:17.836+0000] {dag.py:3490} INFO - Setting next_dagrun for example_weekday_branch_operator to 2023-09-12T00:00:00+00:00, run_after=2023-09-13T00:00:00+00:00
[2023-09-13T08:08:17.903+0000] {processor.py:178} INFO - Processing /home/airflow/.local/lib/python3.7/site-packages/airflow/example_dags/example_branch_day_of_week_operator.py took 0.238 seconds
[2023-09-13T08:08:48.193+0000] {processor.py:156} INFO - Started process (PID=1207) to work on /home/airflow/.local/lib/python3.7/site-packages/airflow/example_dags/example_branch_day_of_week_operator.py
[2023-09-13T08:08:48.196+0000] {processor.py:799} INFO - Processing file /home/airflow/.local/lib/python3.7/site-packages/airflow/example_dags/example_branch_day_of_week_operator.py for tasks to queue
[2023-09-13T08:08:48.199+0000] {logging_mixin.py:149} INFO - [2023-09-13T08:08:48.198+0000] {dagbag.py:541} INFO - Filling up the DagBag from /home/airflow/.local/lib/python3.7/site-packages/airflow/example_dags/example_branch_day_of_week_operator.py
[2023-09-13T08:08:48.211+0000] {processor.py:809} INFO - DAG(s) dict_keys(['example_weekday_branch_operator']) retrieved from /home/airflow/.local/lib/python3.7/site-packages/airflow/example_dags/example_branch_day_of_week_operator.py
[2023-09-13T08:08:48.266+0000] {logging_mixin.py:149} INFO - [2023-09-13T08:08:48.266+0000] {dag.py:2726} INFO - Sync 1 DAGs
[2023-09-13T08:08:48.314+0000] {logging_mixin.py:149} INFO - [2023-09-13T08:08:48.313+0000] {dag.py:3490} INFO - Setting next_dagrun for example_weekday_branch_operator to 2023-09-12T00:00:00+00:00, run_after=2023-09-13T00:00:00+00:00
[2023-09-13T08:08:48.358+0000] {processor.py:178} INFO - Processing /home/airflow/.local/lib/python3.7/site-packages/airflow/example_dags/example_branch_day_of_week_operator.py took 0.171 seconds
[2023-09-13T08:09:18.708+0000] {processor.py:156} INFO - Started process (PID=1267) to work on /home/airflow/.local/lib/python3.7/site-packages/airflow/example_dags/example_branch_day_of_week_operator.py
[2023-09-13T08:09:18.710+0000] {processor.py:799} INFO - Processing file /home/airflow/.local/lib/python3.7/site-packages/airflow/example_dags/example_branch_day_of_week_operator.py for tasks to queue
[2023-09-13T08:09:18.712+0000] {logging_mixin.py:149} INFO - [2023-09-13T08:09:18.712+0000] {dagbag.py:541} INFO - Filling up the DagBag from /home/airflow/.local/lib/python3.7/site-packages/airflow/example_dags/example_branch_day_of_week_operator.py
[2023-09-13T08:09:18.728+0000] {processor.py:809} INFO - DAG(s) dict_keys(['example_weekday_branch_operator']) retrieved from /home/airflow/.local/lib/python3.7/site-packages/airflow/example_dags/example_branch_day_of_week_operator.py
[2023-09-13T08:09:18.778+0000] {logging_mixin.py:149} INFO - [2023-09-13T08:09:18.778+0000] {dag.py:2726} INFO - Sync 1 DAGs
[2023-09-13T08:09:18.838+0000] {logging_mixin.py:149} INFO - [2023-09-13T08:09:18.838+0000] {dag.py:3490} INFO - Setting next_dagrun for example_weekday_branch_operator to 2023-09-12T00:00:00+00:00, run_after=2023-09-13T00:00:00+00:00
[2023-09-13T08:09:18.880+0000] {processor.py:178} INFO - Processing /home/airflow/.local/lib/python3.7/site-packages/airflow/example_dags/example_branch_day_of_week_operator.py took 0.177 seconds
[2023-09-13T08:09:49.276+0000] {processor.py:156} INFO - Started process (PID=1327) to work on /home/airflow/.local/lib/python3.7/site-packages/airflow/example_dags/example_branch_day_of_week_operator.py
[2023-09-13T08:09:49.284+0000] {processor.py:799} INFO - Processing file /home/airflow/.local/lib/python3.7/site-packages/airflow/example_dags/example_branch_day_of_week_operator.py for tasks to queue
[2023-09-13T08:09:49.288+0000] {logging_mixin.py:149} INFO - [2023-09-13T08:09:49.288+0000] {dagbag.py:541} INFO - Filling up the DagBag from /home/airflow/.local/lib/python3.7/site-packages/airflow/example_dags/example_branch_day_of_week_operator.py
[2023-09-13T08:09:49.302+0000] {processor.py:809} INFO - DAG(s) dict_keys(['example_weekday_branch_operator']) retrieved from /home/airflow/.local/lib/python3.7/site-packages/airflow/example_dags/example_branch_day_of_week_operator.py
[2023-09-13T08:09:49.357+0000] {logging_mixin.py:149} INFO - [2023-09-13T08:09:49.356+0000] {dag.py:2726} INFO - Sync 1 DAGs
[2023-09-13T08:09:49.412+0000] {logging_mixin.py:149} INFO - [2023-09-13T08:09:49.412+0000] {dag.py:3490} INFO - Setting next_dagrun for example_weekday_branch_operator to 2023-09-12T00:00:00+00:00, run_after=2023-09-13T00:00:00+00:00
[2023-09-13T08:09:49.457+0000] {processor.py:178} INFO - Processing /home/airflow/.local/lib/python3.7/site-packages/airflow/example_dags/example_branch_day_of_week_operator.py took 0.201 seconds
[2023-09-13T08:10:19.636+0000] {processor.py:156} INFO - Started process (PID=1387) to work on /home/airflow/.local/lib/python3.7/site-packages/airflow/example_dags/example_branch_day_of_week_operator.py
[2023-09-13T08:10:19.639+0000] {processor.py:799} INFO - Processing file /home/airflow/.local/lib/python3.7/site-packages/airflow/example_dags/example_branch_day_of_week_operator.py for tasks to queue
[2023-09-13T08:10:19.642+0000] {logging_mixin.py:149} INFO - [2023-09-13T08:10:19.642+0000] {dagbag.py:541} INFO - Filling up the DagBag from /home/airflow/.local/lib/python3.7/site-packages/airflow/example_dags/example_branch_day_of_week_operator.py
[2023-09-13T08:10:19.665+0000] {processor.py:809} INFO - DAG(s) dict_keys(['example_weekday_branch_operator']) retrieved from /home/airflow/.local/lib/python3.7/site-packages/airflow/example_dags/example_branch_day_of_week_operator.py
[2023-09-13T08:10:19.728+0000] {logging_mixin.py:149} INFO - [2023-09-13T08:10:19.728+0000] {dag.py:2726} INFO - Sync 1 DAGs
[2023-09-13T08:10:19.790+0000] {logging_mixin.py:149} INFO - [2023-09-13T08:10:19.789+0000] {dag.py:3490} INFO - Setting next_dagrun for example_weekday_branch_operator to 2023-09-12T00:00:00+00:00, run_after=2023-09-13T00:00:00+00:00
[2023-09-13T08:10:19.838+0000] {processor.py:178} INFO - Processing /home/airflow/.local/lib/python3.7/site-packages/airflow/example_dags/example_branch_day_of_week_operator.py took 0.209 seconds
[2023-09-13T08:10:50.824+0000] {processor.py:156} INFO - Started process (PID=1448) to work on /home/airflow/.local/lib/python3.7/site-packages/airflow/example_dags/example_branch_day_of_week_operator.py
[2023-09-13T08:10:50.826+0000] {processor.py:799} INFO - Processing file /home/airflow/.local/lib/python3.7/site-packages/airflow/example_dags/example_branch_day_of_week_operator.py for tasks to queue
[2023-09-13T08:10:50.830+0000] {logging_mixin.py:149} INFO - [2023-09-13T08:10:50.830+0000] {dagbag.py:541} INFO - Filling up the DagBag from /home/airflow/.local/lib/python3.7/site-packages/airflow/example_dags/example_branch_day_of_week_operator.py
[2023-09-13T08:10:50.854+0000] {processor.py:809} INFO - DAG(s) dict_keys(['example_weekday_branch_operator']) retrieved from /home/airflow/.local/lib/python3.7/site-packages/airflow/example_dags/example_branch_day_of_week_operator.py
[2023-09-13T08:10:50.976+0000] {logging_mixin.py:149} INFO - [2023-09-13T08:10:50.975+0000] {dag.py:2726} INFO - Sync 1 DAGs
[2023-09-13T08:10:51.091+0000] {logging_mixin.py:149} INFO - [2023-09-13T08:10:51.091+0000] {dag.py:3490} INFO - Setting next_dagrun for example_weekday_branch_operator to 2023-09-12T00:00:00+00:00, run_after=2023-09-13T00:00:00+00:00
[2023-09-13T08:10:51.170+0000] {processor.py:178} INFO - Processing /home/airflow/.local/lib/python3.7/site-packages/airflow/example_dags/example_branch_day_of_week_operator.py took 0.355 seconds
[2023-09-13T08:11:21.390+0000] {processor.py:156} INFO - Started process (PID=1508) to work on /home/airflow/.local/lib/python3.7/site-packages/airflow/example_dags/example_branch_day_of_week_operator.py
[2023-09-13T08:11:21.422+0000] {processor.py:799} INFO - Processing file /home/airflow/.local/lib/python3.7/site-packages/airflow/example_dags/example_branch_day_of_week_operator.py for tasks to queue
[2023-09-13T08:11:21.425+0000] {logging_mixin.py:149} INFO - [2023-09-13T08:11:21.425+0000] {dagbag.py:541} INFO - Filling up the DagBag from /home/airflow/.local/lib/python3.7/site-packages/airflow/example_dags/example_branch_day_of_week_operator.py
[2023-09-13T08:11:21.450+0000] {processor.py:809} INFO - DAG(s) dict_keys(['example_weekday_branch_operator']) retrieved from /home/airflow/.local/lib/python3.7/site-packages/airflow/example_dags/example_branch_day_of_week_operator.py
[2023-09-13T08:11:21.539+0000] {logging_mixin.py:149} INFO - [2023-09-13T08:11:21.539+0000] {dag.py:2726} INFO - Sync 1 DAGs
[2023-09-13T08:11:21.621+0000] {logging_mixin.py:149} INFO - [2023-09-13T08:11:21.621+0000] {dag.py:3490} INFO - Setting next_dagrun for example_weekday_branch_operator to 2023-09-12T00:00:00+00:00, run_after=2023-09-13T00:00:00+00:00
[2023-09-13T08:11:21.684+0000] {processor.py:178} INFO - Processing /home/airflow/.local/lib/python3.7/site-packages/airflow/example_dags/example_branch_day_of_week_operator.py took 0.319 seconds
[2023-09-13T08:11:52.055+0000] {processor.py:156} INFO - Started process (PID=1568) to work on /home/airflow/.local/lib/python3.7/site-packages/airflow/example_dags/example_branch_day_of_week_operator.py
[2023-09-13T08:11:52.057+0000] {processor.py:799} INFO - Processing file /home/airflow/.local/lib/python3.7/site-packages/airflow/example_dags/example_branch_day_of_week_operator.py for tasks to queue
[2023-09-13T08:11:52.060+0000] {logging_mixin.py:149} INFO - [2023-09-13T08:11:52.059+0000] {dagbag.py:541} INFO - Filling up the DagBag from /home/airflow/.local/lib/python3.7/site-packages/airflow/example_dags/example_branch_day_of_week_operator.py
[2023-09-13T08:11:52.079+0000] {processor.py:809} INFO - DAG(s) dict_keys(['example_weekday_branch_operator']) retrieved from /home/airflow/.local/lib/python3.7/site-packages/airflow/example_dags/example_branch_day_of_week_operator.py
[2023-09-13T08:11:52.147+0000] {logging_mixin.py:149} INFO - [2023-09-13T08:11:52.146+0000] {dag.py:2726} INFO - Sync 1 DAGs
[2023-09-13T08:11:52.213+0000] {logging_mixin.py:149} INFO - [2023-09-13T08:11:52.213+0000] {dag.py:3490} INFO - Setting next_dagrun for example_weekday_branch_operator to 2023-09-12T00:00:00+00:00, run_after=2023-09-13T00:00:00+00:00
[2023-09-13T08:11:52.263+0000] {processor.py:178} INFO - Processing /home/airflow/.local/lib/python3.7/site-packages/airflow/example_dags/example_branch_day_of_week_operator.py took 0.215 seconds
[2023-09-13T08:12:22.817+0000] {processor.py:156} INFO - Started process (PID=1628) to work on /home/airflow/.local/lib/python3.7/site-packages/airflow/example_dags/example_branch_day_of_week_operator.py
[2023-09-13T08:12:22.820+0000] {processor.py:799} INFO - Processing file /home/airflow/.local/lib/python3.7/site-packages/airflow/example_dags/example_branch_day_of_week_operator.py for tasks to queue
[2023-09-13T08:12:22.823+0000] {logging_mixin.py:149} INFO - [2023-09-13T08:12:22.822+0000] {dagbag.py:541} INFO - Filling up the DagBag from /home/airflow/.local/lib/python3.7/site-packages/airflow/example_dags/example_branch_day_of_week_operator.py
[2023-09-13T08:12:22.842+0000] {processor.py:809} INFO - DAG(s) dict_keys(['example_weekday_branch_operator']) retrieved from /home/airflow/.local/lib/python3.7/site-packages/airflow/example_dags/example_branch_day_of_week_operator.py
[2023-09-13T08:12:22.901+0000] {logging_mixin.py:149} INFO - [2023-09-13T08:12:22.900+0000] {dag.py:2726} INFO - Sync 1 DAGs
[2023-09-13T08:12:22.962+0000] {logging_mixin.py:149} INFO - [2023-09-13T08:12:22.962+0000] {dag.py:3490} INFO - Setting next_dagrun for example_weekday_branch_operator to 2023-09-12T00:00:00+00:00, run_after=2023-09-13T00:00:00+00:00
[2023-09-13T08:12:23.020+0000] {processor.py:178} INFO - Processing /home/airflow/.local/lib/python3.7/site-packages/airflow/example_dags/example_branch_day_of_week_operator.py took 0.209 seconds
[2023-09-13T08:12:53.648+0000] {processor.py:156} INFO - Started process (PID=1688) to work on /home/airflow/.local/lib/python3.7/site-packages/airflow/example_dags/example_branch_day_of_week_operator.py
[2023-09-13T08:12:53.651+0000] {processor.py:799} INFO - Processing file /home/airflow/.local/lib/python3.7/site-packages/airflow/example_dags/example_branch_day_of_week_operator.py for tasks to queue
[2023-09-13T08:12:53.654+0000] {logging_mixin.py:149} INFO - [2023-09-13T08:12:53.654+0000] {dagbag.py:541} INFO - Filling up the DagBag from /home/airflow/.local/lib/python3.7/site-packages/airflow/example_dags/example_branch_day_of_week_operator.py
[2023-09-13T08:12:53.675+0000] {processor.py:809} INFO - DAG(s) dict_keys(['example_weekday_branch_operator']) retrieved from /home/airflow/.local/lib/python3.7/site-packages/airflow/example_dags/example_branch_day_of_week_operator.py
[2023-09-13T08:12:53.749+0000] {logging_mixin.py:149} INFO - [2023-09-13T08:12:53.749+0000] {dag.py:2726} INFO - Sync 1 DAGs
[2023-09-13T08:12:53.840+0000] {logging_mixin.py:149} INFO - [2023-09-13T08:12:53.840+0000] {dag.py:3490} INFO - Setting next_dagrun for example_weekday_branch_operator to 2023-09-12T00:00:00+00:00, run_after=2023-09-13T00:00:00+00:00
[2023-09-13T08:12:53.921+0000] {processor.py:178} INFO - Processing /home/airflow/.local/lib/python3.7/site-packages/airflow/example_dags/example_branch_day_of_week_operator.py took 0.280 seconds
[2023-09-13T09:26:10.406+0000] {processor.py:156} INFO - Started process (PID=52) to work on /home/airflow/.local/lib/python3.7/site-packages/airflow/example_dags/example_branch_day_of_week_operator.py
[2023-09-13T09:26:10.408+0000] {processor.py:799} INFO - Processing file /home/airflow/.local/lib/python3.7/site-packages/airflow/example_dags/example_branch_day_of_week_operator.py for tasks to queue
[2023-09-13T09:26:10.409+0000] {logging_mixin.py:149} INFO - [2023-09-13T09:26:10.409+0000] {dagbag.py:541} INFO - Filling up the DagBag from /home/airflow/.local/lib/python3.7/site-packages/airflow/example_dags/example_branch_day_of_week_operator.py
[2023-09-13T09:26:10.424+0000] {processor.py:809} INFO - DAG(s) dict_keys(['example_weekday_branch_operator']) retrieved from /home/airflow/.local/lib/python3.7/site-packages/airflow/example_dags/example_branch_day_of_week_operator.py
[2023-09-13T09:26:10.472+0000] {logging_mixin.py:149} INFO - [2023-09-13T09:26:10.472+0000] {dag.py:2726} INFO - Sync 1 DAGs
[2023-09-13T09:26:10.521+0000] {logging_mixin.py:149} INFO - [2023-09-13T09:26:10.521+0000] {dag.py:3490} INFO - Setting next_dagrun for example_weekday_branch_operator to 2023-09-12T00:00:00+00:00, run_after=2023-09-13T00:00:00+00:00
[2023-09-13T09:26:10.552+0000] {processor.py:178} INFO - Processing /home/airflow/.local/lib/python3.7/site-packages/airflow/example_dags/example_branch_day_of_week_operator.py took 0.151 seconds
