[2023-09-13T07:58:57.269+0000] {processor.py:156} INFO - Started process (PID=74) to work on /home/airflow/.local/lib/python3.7/site-packages/airflow/example_dags/example_latest_only_with_trigger.py
[2023-09-13T07:58:57.272+0000] {processor.py:799} INFO - Processing file /home/airflow/.local/lib/python3.7/site-packages/airflow/example_dags/example_latest_only_with_trigger.py for tasks to queue
[2023-09-13T07:58:57.274+0000] {logging_mixin.py:149} INFO - [2023-09-13T07:58:57.274+0000] {dagbag.py:541} INFO - Filling up the DagBag from /home/airflow/.local/lib/python3.7/site-packages/airflow/example_dags/example_latest_only_with_trigger.py
[2023-09-13T07:58:57.303+0000] {processor.py:809} INFO - DAG(s) dict_keys(['latest_only_with_trigger']) retrieved from /home/airflow/.local/lib/python3.7/site-packages/airflow/example_dags/example_latest_only_with_trigger.py
[2023-09-13T07:58:57.374+0000] {logging_mixin.py:149} INFO - [2023-09-13T07:58:57.374+0000] {dag.py:2726} INFO - Sync 1 DAGs
[2023-09-13T07:58:57.452+0000] {logging_mixin.py:149} INFO - [2023-09-13T07:58:57.451+0000] {dag.py:3490} INFO - Setting next_dagrun for latest_only_with_trigger to 2023-09-13T03:58:57.451044+00:00, run_after=2023-09-13T07:58:57.451044+00:00
[2023-09-13T07:58:57.515+0000] {processor.py:178} INFO - Processing /home/airflow/.local/lib/python3.7/site-packages/airflow/example_dags/example_latest_only_with_trigger.py took 0.252 seconds
[2023-09-13T07:59:27.734+0000] {processor.py:156} INFO - Started process (PID=134) to work on /home/airflow/.local/lib/python3.7/site-packages/airflow/example_dags/example_latest_only_with_trigger.py
[2023-09-13T07:59:27.737+0000] {processor.py:799} INFO - Processing file /home/airflow/.local/lib/python3.7/site-packages/airflow/example_dags/example_latest_only_with_trigger.py for tasks to queue
[2023-09-13T07:59:27.740+0000] {logging_mixin.py:149} INFO - [2023-09-13T07:59:27.740+0000] {dagbag.py:541} INFO - Filling up the DagBag from /home/airflow/.local/lib/python3.7/site-packages/airflow/example_dags/example_latest_only_with_trigger.py
[2023-09-13T07:59:27.757+0000] {processor.py:809} INFO - DAG(s) dict_keys(['latest_only_with_trigger']) retrieved from /home/airflow/.local/lib/python3.7/site-packages/airflow/example_dags/example_latest_only_with_trigger.py
[2023-09-13T07:59:27.812+0000] {logging_mixin.py:149} INFO - [2023-09-13T07:59:27.812+0000] {dag.py:2726} INFO - Sync 1 DAGs
[2023-09-13T07:59:27.872+0000] {logging_mixin.py:149} INFO - [2023-09-13T07:59:27.872+0000] {dag.py:3490} INFO - Setting next_dagrun for latest_only_with_trigger to 2023-09-13T03:59:27.870551+00:00, run_after=2023-09-13T07:59:27.870551+00:00
[2023-09-13T07:59:27.925+0000] {processor.py:178} INFO - Processing /home/airflow/.local/lib/python3.7/site-packages/airflow/example_dags/example_latest_only_with_trigger.py took 0.197 seconds
[2023-09-13T08:00:01.078+0000] {processor.py:156} INFO - Started process (PID=194) to work on /home/airflow/.local/lib/python3.7/site-packages/airflow/example_dags/example_latest_only_with_trigger.py
[2023-09-13T08:00:01.080+0000] {processor.py:799} INFO - Processing file /home/airflow/.local/lib/python3.7/site-packages/airflow/example_dags/example_latest_only_with_trigger.py for tasks to queue
[2023-09-13T08:00:01.084+0000] {logging_mixin.py:149} INFO - [2023-09-13T08:00:01.083+0000] {dagbag.py:541} INFO - Filling up the DagBag from /home/airflow/.local/lib/python3.7/site-packages/airflow/example_dags/example_latest_only_with_trigger.py
[2023-09-13T08:00:01.102+0000] {processor.py:809} INFO - DAG(s) dict_keys(['latest_only_with_trigger']) retrieved from /home/airflow/.local/lib/python3.7/site-packages/airflow/example_dags/example_latest_only_with_trigger.py
[2023-09-13T08:00:01.158+0000] {logging_mixin.py:149} INFO - [2023-09-13T08:00:01.158+0000] {dag.py:2726} INFO - Sync 1 DAGs
[2023-09-13T08:00:01.416+0000] {logging_mixin.py:149} INFO - [2023-09-13T08:00:01.415+0000] {dag.py:3490} INFO - Setting next_dagrun for latest_only_with_trigger to 2023-09-13T04:00:01.415231+00:00, run_after=2023-09-13T08:00:01.415231+00:00
[2023-09-13T08:00:01.461+0000] {processor.py:178} INFO - Processing /home/airflow/.local/lib/python3.7/site-packages/airflow/example_dags/example_latest_only_with_trigger.py took 0.390 seconds
[2023-09-13T08:00:31.992+0000] {processor.py:156} INFO - Started process (PID=254) to work on /home/airflow/.local/lib/python3.7/site-packages/airflow/example_dags/example_latest_only_with_trigger.py
[2023-09-13T08:00:31.997+0000] {processor.py:799} INFO - Processing file /home/airflow/.local/lib/python3.7/site-packages/airflow/example_dags/example_latest_only_with_trigger.py for tasks to queue
[2023-09-13T08:00:32.004+0000] {logging_mixin.py:149} INFO - [2023-09-13T08:00:32.003+0000] {dagbag.py:541} INFO - Filling up the DagBag from /home/airflow/.local/lib/python3.7/site-packages/airflow/example_dags/example_latest_only_with_trigger.py
[2023-09-13T08:00:32.031+0000] {processor.py:809} INFO - DAG(s) dict_keys(['latest_only_with_trigger']) retrieved from /home/airflow/.local/lib/python3.7/site-packages/airflow/example_dags/example_latest_only_with_trigger.py
[2023-09-13T08:00:32.122+0000] {logging_mixin.py:149} INFO - [2023-09-13T08:00:32.122+0000] {dag.py:2726} INFO - Sync 1 DAGs
[2023-09-13T08:00:32.224+0000] {logging_mixin.py:149} INFO - [2023-09-13T08:00:32.224+0000] {dag.py:3490} INFO - Setting next_dagrun for latest_only_with_trigger to 2023-09-13T04:00:32.223356+00:00, run_after=2023-09-13T08:00:32.223356+00:00
[2023-09-13T08:00:32.315+0000] {processor.py:178} INFO - Processing /home/airflow/.local/lib/python3.7/site-packages/airflow/example_dags/example_latest_only_with_trigger.py took 0.331 seconds
[2023-09-13T08:01:06.247+0000] {processor.py:156} INFO - Started process (PID=314) to work on /home/airflow/.local/lib/python3.7/site-packages/airflow/example_dags/example_latest_only_with_trigger.py
[2023-09-13T08:01:06.254+0000] {processor.py:799} INFO - Processing file /home/airflow/.local/lib/python3.7/site-packages/airflow/example_dags/example_latest_only_with_trigger.py for tasks to queue
[2023-09-13T08:01:06.260+0000] {logging_mixin.py:149} INFO - [2023-09-13T08:01:06.259+0000] {dagbag.py:541} INFO - Filling up the DagBag from /home/airflow/.local/lib/python3.7/site-packages/airflow/example_dags/example_latest_only_with_trigger.py
[2023-09-13T08:01:06.281+0000] {processor.py:809} INFO - DAG(s) dict_keys(['latest_only_with_trigger']) retrieved from /home/airflow/.local/lib/python3.7/site-packages/airflow/example_dags/example_latest_only_with_trigger.py
[2023-09-13T08:01:06.384+0000] {logging_mixin.py:149} INFO - [2023-09-13T08:01:06.383+0000] {dag.py:2726} INFO - Sync 1 DAGs
[2023-09-13T08:01:06.513+0000] {logging_mixin.py:149} INFO - [2023-09-13T08:01:06.513+0000] {dag.py:3490} INFO - Setting next_dagrun for latest_only_with_trigger to 2023-09-13T04:01:06.512579+00:00, run_after=2023-09-13T08:01:06.512579+00:00
[2023-09-13T08:01:06.649+0000] {processor.py:178} INFO - Processing /home/airflow/.local/lib/python3.7/site-packages/airflow/example_dags/example_latest_only_with_trigger.py took 0.410 seconds
[2023-09-13T08:01:37.704+0000] {processor.py:156} INFO - Started process (PID=374) to work on /home/airflow/.local/lib/python3.7/site-packages/airflow/example_dags/example_latest_only_with_trigger.py
[2023-09-13T08:01:37.708+0000] {processor.py:799} INFO - Processing file /home/airflow/.local/lib/python3.7/site-packages/airflow/example_dags/example_latest_only_with_trigger.py for tasks to queue
[2023-09-13T08:01:37.714+0000] {logging_mixin.py:149} INFO - [2023-09-13T08:01:37.713+0000] {dagbag.py:541} INFO - Filling up the DagBag from /home/airflow/.local/lib/python3.7/site-packages/airflow/example_dags/example_latest_only_with_trigger.py
[2023-09-13T08:01:37.784+0000] {processor.py:809} INFO - DAG(s) dict_keys(['latest_only_with_trigger']) retrieved from /home/airflow/.local/lib/python3.7/site-packages/airflow/example_dags/example_latest_only_with_trigger.py
[2023-09-13T08:01:37.954+0000] {logging_mixin.py:149} INFO - [2023-09-13T08:01:37.953+0000] {dag.py:2726} INFO - Sync 1 DAGs
[2023-09-13T08:01:38.167+0000] {logging_mixin.py:149} INFO - [2023-09-13T08:01:38.166+0000] {dag.py:3490} INFO - Setting next_dagrun for latest_only_with_trigger to 2023-09-13T04:01:38.165111+00:00, run_after=2023-09-13T08:01:38.165111+00:00
[2023-09-13T08:01:38.299+0000] {processor.py:178} INFO - Processing /home/airflow/.local/lib/python3.7/site-packages/airflow/example_dags/example_latest_only_with_trigger.py took 0.613 seconds
[2023-09-13T08:02:08.666+0000] {processor.py:156} INFO - Started process (PID=433) to work on /home/airflow/.local/lib/python3.7/site-packages/airflow/example_dags/example_latest_only_with_trigger.py
[2023-09-13T08:02:08.668+0000] {processor.py:799} INFO - Processing file /home/airflow/.local/lib/python3.7/site-packages/airflow/example_dags/example_latest_only_with_trigger.py for tasks to queue
[2023-09-13T08:02:08.670+0000] {logging_mixin.py:149} INFO - [2023-09-13T08:02:08.670+0000] {dagbag.py:541} INFO - Filling up the DagBag from /home/airflow/.local/lib/python3.7/site-packages/airflow/example_dags/example_latest_only_with_trigger.py
[2023-09-13T08:02:08.683+0000] {processor.py:809} INFO - DAG(s) dict_keys(['latest_only_with_trigger']) retrieved from /home/airflow/.local/lib/python3.7/site-packages/airflow/example_dags/example_latest_only_with_trigger.py
[2023-09-13T08:02:08.739+0000] {logging_mixin.py:149} INFO - [2023-09-13T08:02:08.739+0000] {dag.py:2726} INFO - Sync 1 DAGs
[2023-09-13T08:02:08.802+0000] {logging_mixin.py:149} INFO - [2023-09-13T08:02:08.802+0000] {dag.py:3490} INFO - Setting next_dagrun for latest_only_with_trigger to 2023-09-13T04:02:08.801981+00:00, run_after=2023-09-13T08:02:08.801981+00:00
[2023-09-13T08:02:08.839+0000] {processor.py:178} INFO - Processing /home/airflow/.local/lib/python3.7/site-packages/airflow/example_dags/example_latest_only_with_trigger.py took 0.178 seconds
[2023-09-13T08:02:39.847+0000] {processor.py:156} INFO - Started process (PID=494) to work on /home/airflow/.local/lib/python3.7/site-packages/airflow/example_dags/example_latest_only_with_trigger.py
[2023-09-13T08:02:39.850+0000] {processor.py:799} INFO - Processing file /home/airflow/.local/lib/python3.7/site-packages/airflow/example_dags/example_latest_only_with_trigger.py for tasks to queue
[2023-09-13T08:02:39.853+0000] {logging_mixin.py:149} INFO - [2023-09-13T08:02:39.853+0000] {dagbag.py:541} INFO - Filling up the DagBag from /home/airflow/.local/lib/python3.7/site-packages/airflow/example_dags/example_latest_only_with_trigger.py
[2023-09-13T08:02:39.868+0000] {processor.py:809} INFO - DAG(s) dict_keys(['latest_only_with_trigger']) retrieved from /home/airflow/.local/lib/python3.7/site-packages/airflow/example_dags/example_latest_only_with_trigger.py
[2023-09-13T08:02:39.929+0000] {logging_mixin.py:149} INFO - [2023-09-13T08:02:39.929+0000] {dag.py:2726} INFO - Sync 1 DAGs
[2023-09-13T08:02:40.011+0000] {logging_mixin.py:149} INFO - [2023-09-13T08:02:40.011+0000] {dag.py:3490} INFO - Setting next_dagrun for latest_only_with_trigger to 2023-09-13T04:02:40.010675+00:00, run_after=2023-09-13T08:02:40.010675+00:00
[2023-09-13T08:02:40.083+0000] {processor.py:178} INFO - Processing /home/airflow/.local/lib/python3.7/site-packages/airflow/example_dags/example_latest_only_with_trigger.py took 0.242 seconds
[2023-09-13T08:03:10.561+0000] {processor.py:156} INFO - Started process (PID=553) to work on /home/airflow/.local/lib/python3.7/site-packages/airflow/example_dags/example_latest_only_with_trigger.py
[2023-09-13T08:03:10.567+0000] {processor.py:799} INFO - Processing file /home/airflow/.local/lib/python3.7/site-packages/airflow/example_dags/example_latest_only_with_trigger.py for tasks to queue
[2023-09-13T08:03:10.580+0000] {logging_mixin.py:149} INFO - [2023-09-13T08:03:10.576+0000] {dagbag.py:541} INFO - Filling up the DagBag from /home/airflow/.local/lib/python3.7/site-packages/airflow/example_dags/example_latest_only_with_trigger.py
[2023-09-13T08:03:10.623+0000] {processor.py:809} INFO - DAG(s) dict_keys(['latest_only_with_trigger']) retrieved from /home/airflow/.local/lib/python3.7/site-packages/airflow/example_dags/example_latest_only_with_trigger.py
[2023-09-13T08:03:10.755+0000] {logging_mixin.py:149} INFO - [2023-09-13T08:03:10.754+0000] {dag.py:2726} INFO - Sync 1 DAGs
[2023-09-13T08:03:10.890+0000] {logging_mixin.py:149} INFO - [2023-09-13T08:03:10.890+0000] {dag.py:3490} INFO - Setting next_dagrun for latest_only_with_trigger to 2023-09-13T04:03:10.889859+00:00, run_after=2023-09-13T08:03:10.889859+00:00
[2023-09-13T08:03:10.983+0000] {processor.py:178} INFO - Processing /home/airflow/.local/lib/python3.7/site-packages/airflow/example_dags/example_latest_only_with_trigger.py took 0.439 seconds
[2023-09-13T08:03:42.480+0000] {processor.py:156} INFO - Started process (PID=621) to work on /home/airflow/.local/lib/python3.7/site-packages/airflow/example_dags/example_latest_only_with_trigger.py
[2023-09-13T08:03:42.491+0000] {processor.py:799} INFO - Processing file /home/airflow/.local/lib/python3.7/site-packages/airflow/example_dags/example_latest_only_with_trigger.py for tasks to queue
[2023-09-13T08:03:42.503+0000] {logging_mixin.py:149} INFO - [2023-09-13T08:03:42.502+0000] {dagbag.py:541} INFO - Filling up the DagBag from /home/airflow/.local/lib/python3.7/site-packages/airflow/example_dags/example_latest_only_with_trigger.py
[2023-09-13T08:03:42.554+0000] {processor.py:809} INFO - DAG(s) dict_keys(['latest_only_with_trigger']) retrieved from /home/airflow/.local/lib/python3.7/site-packages/airflow/example_dags/example_latest_only_with_trigger.py
[2023-09-13T08:03:42.748+0000] {logging_mixin.py:149} INFO - [2023-09-13T08:03:42.738+0000] {dag.py:2726} INFO - Sync 1 DAGs
[2023-09-13T08:03:42.920+0000] {logging_mixin.py:149} INFO - [2023-09-13T08:03:42.919+0000] {dag.py:3490} INFO - Setting next_dagrun for latest_only_with_trigger to 2023-09-13T04:03:42.919319+00:00, run_after=2023-09-13T08:03:42.919319+00:00
[2023-09-13T08:03:43.073+0000] {processor.py:178} INFO - Processing /home/airflow/.local/lib/python3.7/site-packages/airflow/example_dags/example_latest_only_with_trigger.py took 0.626 seconds
[2023-09-13T08:04:14.119+0000] {processor.py:156} INFO - Started process (PID=681) to work on /home/airflow/.local/lib/python3.7/site-packages/airflow/example_dags/example_latest_only_with_trigger.py
[2023-09-13T08:04:14.123+0000] {processor.py:799} INFO - Processing file /home/airflow/.local/lib/python3.7/site-packages/airflow/example_dags/example_latest_only_with_trigger.py for tasks to queue
[2023-09-13T08:04:14.129+0000] {logging_mixin.py:149} INFO - [2023-09-13T08:04:14.129+0000] {dagbag.py:541} INFO - Filling up the DagBag from /home/airflow/.local/lib/python3.7/site-packages/airflow/example_dags/example_latest_only_with_trigger.py
[2023-09-13T08:04:14.157+0000] {processor.py:809} INFO - DAG(s) dict_keys(['latest_only_with_trigger']) retrieved from /home/airflow/.local/lib/python3.7/site-packages/airflow/example_dags/example_latest_only_with_trigger.py
[2023-09-13T08:04:14.252+0000] {logging_mixin.py:149} INFO - [2023-09-13T08:04:14.251+0000] {dag.py:2726} INFO - Sync 1 DAGs
[2023-09-13T08:04:14.378+0000] {logging_mixin.py:149} INFO - [2023-09-13T08:04:14.378+0000] {dag.py:3490} INFO - Setting next_dagrun for latest_only_with_trigger to 2023-09-13T04:04:14.377119+00:00, run_after=2023-09-13T08:04:14.377119+00:00
[2023-09-13T08:04:14.482+0000] {processor.py:178} INFO - Processing /home/airflow/.local/lib/python3.7/site-packages/airflow/example_dags/example_latest_only_with_trigger.py took 0.374 seconds
[2023-09-13T08:04:44.593+0000] {processor.py:156} INFO - Started process (PID=741) to work on /home/airflow/.local/lib/python3.7/site-packages/airflow/example_dags/example_latest_only_with_trigger.py
[2023-09-13T08:04:44.596+0000] {processor.py:799} INFO - Processing file /home/airflow/.local/lib/python3.7/site-packages/airflow/example_dags/example_latest_only_with_trigger.py for tasks to queue
[2023-09-13T08:04:44.600+0000] {logging_mixin.py:149} INFO - [2023-09-13T08:04:44.599+0000] {dagbag.py:541} INFO - Filling up the DagBag from /home/airflow/.local/lib/python3.7/site-packages/airflow/example_dags/example_latest_only_with_trigger.py
[2023-09-13T08:04:44.627+0000] {processor.py:809} INFO - DAG(s) dict_keys(['latest_only_with_trigger']) retrieved from /home/airflow/.local/lib/python3.7/site-packages/airflow/example_dags/example_latest_only_with_trigger.py
[2023-09-13T08:04:44.706+0000] {logging_mixin.py:149} INFO - [2023-09-13T08:04:44.705+0000] {dag.py:2726} INFO - Sync 1 DAGs
[2023-09-13T08:04:44.787+0000] {logging_mixin.py:149} INFO - [2023-09-13T08:04:44.786+0000] {dag.py:3490} INFO - Setting next_dagrun for latest_only_with_trigger to 2023-09-13T04:04:44.785940+00:00, run_after=2023-09-13T08:04:44.785940+00:00
[2023-09-13T08:04:44.847+0000] {processor.py:178} INFO - Processing /home/airflow/.local/lib/python3.7/site-packages/airflow/example_dags/example_latest_only_with_trigger.py took 0.267 seconds
[2023-09-13T08:05:15.484+0000] {processor.py:156} INFO - Started process (PID=802) to work on /home/airflow/.local/lib/python3.7/site-packages/airflow/example_dags/example_latest_only_with_trigger.py
[2023-09-13T08:05:15.487+0000] {processor.py:799} INFO - Processing file /home/airflow/.local/lib/python3.7/site-packages/airflow/example_dags/example_latest_only_with_trigger.py for tasks to queue
[2023-09-13T08:05:15.490+0000] {logging_mixin.py:149} INFO - [2023-09-13T08:05:15.490+0000] {dagbag.py:541} INFO - Filling up the DagBag from /home/airflow/.local/lib/python3.7/site-packages/airflow/example_dags/example_latest_only_with_trigger.py
[2023-09-13T08:05:15.511+0000] {processor.py:809} INFO - DAG(s) dict_keys(['latest_only_with_trigger']) retrieved from /home/airflow/.local/lib/python3.7/site-packages/airflow/example_dags/example_latest_only_with_trigger.py
[2023-09-13T08:05:15.565+0000] {logging_mixin.py:149} INFO - [2023-09-13T08:05:15.565+0000] {dag.py:2726} INFO - Sync 1 DAGs
[2023-09-13T08:05:15.615+0000] {logging_mixin.py:149} INFO - [2023-09-13T08:05:15.615+0000] {dag.py:3490} INFO - Setting next_dagrun for latest_only_with_trigger to 2023-09-13T04:05:15.612458+00:00, run_after=2023-09-13T08:05:15.612458+00:00
[2023-09-13T08:05:15.671+0000] {processor.py:178} INFO - Processing /home/airflow/.local/lib/python3.7/site-packages/airflow/example_dags/example_latest_only_with_trigger.py took 0.191 seconds
[2023-09-13T08:05:51.625+0000] {processor.py:156} INFO - Started process (PID=862) to work on /home/airflow/.local/lib/python3.7/site-packages/airflow/example_dags/example_latest_only_with_trigger.py
[2023-09-13T08:05:51.638+0000] {processor.py:799} INFO - Processing file /home/airflow/.local/lib/python3.7/site-packages/airflow/example_dags/example_latest_only_with_trigger.py for tasks to queue
[2023-09-13T08:05:51.642+0000] {logging_mixin.py:149} INFO - [2023-09-13T08:05:51.642+0000] {dagbag.py:541} INFO - Filling up the DagBag from /home/airflow/.local/lib/python3.7/site-packages/airflow/example_dags/example_latest_only_with_trigger.py
[2023-09-13T08:05:51.691+0000] {processor.py:809} INFO - DAG(s) dict_keys(['latest_only_with_trigger']) retrieved from /home/airflow/.local/lib/python3.7/site-packages/airflow/example_dags/example_latest_only_with_trigger.py
[2023-09-13T08:05:51.885+0000] {logging_mixin.py:149} INFO - [2023-09-13T08:05:51.884+0000] {dag.py:2726} INFO - Sync 1 DAGs
[2023-09-13T08:05:52.108+0000] {logging_mixin.py:149} INFO - [2023-09-13T08:05:52.108+0000] {dag.py:3490} INFO - Setting next_dagrun for latest_only_with_trigger to 2023-09-13T04:05:52.099443+00:00, run_after=2023-09-13T08:05:52.099443+00:00
[2023-09-13T08:05:52.248+0000] {processor.py:178} INFO - Processing /home/airflow/.local/lib/python3.7/site-packages/airflow/example_dags/example_latest_only_with_trigger.py took 0.643 seconds
[2023-09-13T08:06:22.962+0000] {processor.py:156} INFO - Started process (PID=922) to work on /home/airflow/.local/lib/python3.7/site-packages/airflow/example_dags/example_latest_only_with_trigger.py
[2023-09-13T08:06:22.965+0000] {processor.py:799} INFO - Processing file /home/airflow/.local/lib/python3.7/site-packages/airflow/example_dags/example_latest_only_with_trigger.py for tasks to queue
[2023-09-13T08:06:22.968+0000] {logging_mixin.py:149} INFO - [2023-09-13T08:06:22.968+0000] {dagbag.py:541} INFO - Filling up the DagBag from /home/airflow/.local/lib/python3.7/site-packages/airflow/example_dags/example_latest_only_with_trigger.py
[2023-09-13T08:06:22.983+0000] {processor.py:809} INFO - DAG(s) dict_keys(['latest_only_with_trigger']) retrieved from /home/airflow/.local/lib/python3.7/site-packages/airflow/example_dags/example_latest_only_with_trigger.py
[2023-09-13T08:06:23.051+0000] {logging_mixin.py:149} INFO - [2023-09-13T08:06:23.051+0000] {dag.py:2726} INFO - Sync 1 DAGs
[2023-09-13T08:06:23.122+0000] {logging_mixin.py:149} INFO - [2023-09-13T08:06:23.121+0000] {dag.py:3490} INFO - Setting next_dagrun for latest_only_with_trigger to 2023-09-13T04:06:23.121118+00:00, run_after=2023-09-13T08:06:23.121118+00:00
[2023-09-13T08:06:23.169+0000] {processor.py:178} INFO - Processing /home/airflow/.local/lib/python3.7/site-packages/airflow/example_dags/example_latest_only_with_trigger.py took 0.214 seconds
[2023-09-13T08:06:53.704+0000] {processor.py:156} INFO - Started process (PID=982) to work on /home/airflow/.local/lib/python3.7/site-packages/airflow/example_dags/example_latest_only_with_trigger.py
[2023-09-13T08:06:53.716+0000] {processor.py:799} INFO - Processing file /home/airflow/.local/lib/python3.7/site-packages/airflow/example_dags/example_latest_only_with_trigger.py for tasks to queue
[2023-09-13T08:06:53.723+0000] {logging_mixin.py:149} INFO - [2023-09-13T08:06:53.722+0000] {dagbag.py:541} INFO - Filling up the DagBag from /home/airflow/.local/lib/python3.7/site-packages/airflow/example_dags/example_latest_only_with_trigger.py
[2023-09-13T08:06:53.774+0000] {processor.py:809} INFO - DAG(s) dict_keys(['latest_only_with_trigger']) retrieved from /home/airflow/.local/lib/python3.7/site-packages/airflow/example_dags/example_latest_only_with_trigger.py
[2023-09-13T08:06:53.937+0000] {logging_mixin.py:149} INFO - [2023-09-13T08:06:53.936+0000] {dag.py:2726} INFO - Sync 1 DAGs
[2023-09-13T08:06:54.128+0000] {logging_mixin.py:149} INFO - [2023-09-13T08:06:54.127+0000] {dag.py:3490} INFO - Setting next_dagrun for latest_only_with_trigger to 2023-09-13T04:06:54.127059+00:00, run_after=2023-09-13T08:06:54.127059+00:00
[2023-09-13T08:06:54.281+0000] {processor.py:178} INFO - Processing /home/airflow/.local/lib/python3.7/site-packages/airflow/example_dags/example_latest_only_with_trigger.py took 0.586 seconds
[2023-09-13T08:07:24.533+0000] {processor.py:156} INFO - Started process (PID=1042) to work on /home/airflow/.local/lib/python3.7/site-packages/airflow/example_dags/example_latest_only_with_trigger.py
[2023-09-13T08:07:24.536+0000] {processor.py:799} INFO - Processing file /home/airflow/.local/lib/python3.7/site-packages/airflow/example_dags/example_latest_only_with_trigger.py for tasks to queue
[2023-09-13T08:07:24.539+0000] {logging_mixin.py:149} INFO - [2023-09-13T08:07:24.538+0000] {dagbag.py:541} INFO - Filling up the DagBag from /home/airflow/.local/lib/python3.7/site-packages/airflow/example_dags/example_latest_only_with_trigger.py
[2023-09-13T08:07:24.555+0000] {processor.py:809} INFO - DAG(s) dict_keys(['latest_only_with_trigger']) retrieved from /home/airflow/.local/lib/python3.7/site-packages/airflow/example_dags/example_latest_only_with_trigger.py
[2023-09-13T08:07:24.653+0000] {logging_mixin.py:149} INFO - [2023-09-13T08:07:24.653+0000] {dag.py:2726} INFO - Sync 1 DAGs
[2023-09-13T08:07:24.739+0000] {logging_mixin.py:149} INFO - [2023-09-13T08:07:24.738+0000] {dag.py:3490} INFO - Setting next_dagrun for latest_only_with_trigger to 2023-09-13T04:07:24.738494+00:00, run_after=2023-09-13T08:07:24.738494+00:00
[2023-09-13T08:07:24.807+0000] {processor.py:178} INFO - Processing /home/airflow/.local/lib/python3.7/site-packages/airflow/example_dags/example_latest_only_with_trigger.py took 0.285 seconds
[2023-09-13T08:07:55.203+0000] {processor.py:156} INFO - Started process (PID=1102) to work on /home/airflow/.local/lib/python3.7/site-packages/airflow/example_dags/example_latest_only_with_trigger.py
[2023-09-13T08:07:55.206+0000] {processor.py:799} INFO - Processing file /home/airflow/.local/lib/python3.7/site-packages/airflow/example_dags/example_latest_only_with_trigger.py for tasks to queue
[2023-09-13T08:07:55.209+0000] {logging_mixin.py:149} INFO - [2023-09-13T08:07:55.208+0000] {dagbag.py:541} INFO - Filling up the DagBag from /home/airflow/.local/lib/python3.7/site-packages/airflow/example_dags/example_latest_only_with_trigger.py
[2023-09-13T08:07:55.223+0000] {processor.py:809} INFO - DAG(s) dict_keys(['latest_only_with_trigger']) retrieved from /home/airflow/.local/lib/python3.7/site-packages/airflow/example_dags/example_latest_only_with_trigger.py
[2023-09-13T08:07:55.285+0000] {logging_mixin.py:149} INFO - [2023-09-13T08:07:55.284+0000] {dag.py:2726} INFO - Sync 1 DAGs
[2023-09-13T08:07:55.350+0000] {logging_mixin.py:149} INFO - [2023-09-13T08:07:55.350+0000] {dag.py:3490} INFO - Setting next_dagrun for latest_only_with_trigger to 2023-09-13T04:07:55.349943+00:00, run_after=2023-09-13T08:07:55.349943+00:00
[2023-09-13T08:07:55.401+0000] {processor.py:178} INFO - Processing /home/airflow/.local/lib/python3.7/site-packages/airflow/example_dags/example_latest_only_with_trigger.py took 0.204 seconds
[2023-09-13T08:08:25.578+0000] {processor.py:156} INFO - Started process (PID=1162) to work on /home/airflow/.local/lib/python3.7/site-packages/airflow/example_dags/example_latest_only_with_trigger.py
[2023-09-13T08:08:25.581+0000] {processor.py:799} INFO - Processing file /home/airflow/.local/lib/python3.7/site-packages/airflow/example_dags/example_latest_only_with_trigger.py for tasks to queue
[2023-09-13T08:08:25.585+0000] {logging_mixin.py:149} INFO - [2023-09-13T08:08:25.585+0000] {dagbag.py:541} INFO - Filling up the DagBag from /home/airflow/.local/lib/python3.7/site-packages/airflow/example_dags/example_latest_only_with_trigger.py
[2023-09-13T08:08:25.605+0000] {processor.py:809} INFO - DAG(s) dict_keys(['latest_only_with_trigger']) retrieved from /home/airflow/.local/lib/python3.7/site-packages/airflow/example_dags/example_latest_only_with_trigger.py
[2023-09-13T08:08:25.668+0000] {logging_mixin.py:149} INFO - [2023-09-13T08:08:25.667+0000] {dag.py:2726} INFO - Sync 1 DAGs
[2023-09-13T08:08:25.748+0000] {logging_mixin.py:149} INFO - [2023-09-13T08:08:25.748+0000] {dag.py:3490} INFO - Setting next_dagrun for latest_only_with_trigger to 2023-09-13T04:08:25.747569+00:00, run_after=2023-09-13T08:08:25.747569+00:00
[2023-09-13T08:08:25.803+0000] {processor.py:178} INFO - Processing /home/airflow/.local/lib/python3.7/site-packages/airflow/example_dags/example_latest_only_with_trigger.py took 0.233 seconds
[2023-09-13T08:08:58.164+0000] {processor.py:156} INFO - Started process (PID=1222) to work on /home/airflow/.local/lib/python3.7/site-packages/airflow/example_dags/example_latest_only_with_trigger.py
[2023-09-13T08:08:58.176+0000] {processor.py:799} INFO - Processing file /home/airflow/.local/lib/python3.7/site-packages/airflow/example_dags/example_latest_only_with_trigger.py for tasks to queue
[2023-09-13T08:08:58.195+0000] {logging_mixin.py:149} INFO - [2023-09-13T08:08:58.194+0000] {dagbag.py:541} INFO - Filling up the DagBag from /home/airflow/.local/lib/python3.7/site-packages/airflow/example_dags/example_latest_only_with_trigger.py
[2023-09-13T08:08:58.233+0000] {processor.py:809} INFO - DAG(s) dict_keys(['latest_only_with_trigger']) retrieved from /home/airflow/.local/lib/python3.7/site-packages/airflow/example_dags/example_latest_only_with_trigger.py
[2023-09-13T08:08:58.450+0000] {logging_mixin.py:149} INFO - [2023-09-13T08:08:58.450+0000] {dag.py:2726} INFO - Sync 1 DAGs
[2023-09-13T08:08:58.624+0000] {logging_mixin.py:149} INFO - [2023-09-13T08:08:58.624+0000] {dag.py:3490} INFO - Setting next_dagrun for latest_only_with_trigger to 2023-09-13T04:08:58.623594+00:00, run_after=2023-09-13T08:08:58.623594+00:00
[2023-09-13T08:08:58.771+0000] {processor.py:178} INFO - Processing /home/airflow/.local/lib/python3.7/site-packages/airflow/example_dags/example_latest_only_with_trigger.py took 0.629 seconds
[2023-09-13T08:09:28.936+0000] {processor.py:156} INFO - Started process (PID=1282) to work on /home/airflow/.local/lib/python3.7/site-packages/airflow/example_dags/example_latest_only_with_trigger.py
[2023-09-13T08:09:28.939+0000] {processor.py:799} INFO - Processing file /home/airflow/.local/lib/python3.7/site-packages/airflow/example_dags/example_latest_only_with_trigger.py for tasks to queue
[2023-09-13T08:09:28.943+0000] {logging_mixin.py:149} INFO - [2023-09-13T08:09:28.942+0000] {dagbag.py:541} INFO - Filling up the DagBag from /home/airflow/.local/lib/python3.7/site-packages/airflow/example_dags/example_latest_only_with_trigger.py
[2023-09-13T08:09:28.962+0000] {processor.py:809} INFO - DAG(s) dict_keys(['latest_only_with_trigger']) retrieved from /home/airflow/.local/lib/python3.7/site-packages/airflow/example_dags/example_latest_only_with_trigger.py
[2023-09-13T08:09:29.053+0000] {logging_mixin.py:149} INFO - [2023-09-13T08:09:29.052+0000] {dag.py:2726} INFO - Sync 1 DAGs
[2023-09-13T08:09:29.151+0000] {logging_mixin.py:149} INFO - [2023-09-13T08:09:29.150+0000] {dag.py:3490} INFO - Setting next_dagrun for latest_only_with_trigger to 2023-09-13T04:09:29.149390+00:00, run_after=2023-09-13T08:09:29.149390+00:00
[2023-09-13T08:09:29.209+0000] {processor.py:178} INFO - Processing /home/airflow/.local/lib/python3.7/site-packages/airflow/example_dags/example_latest_only_with_trigger.py took 0.282 seconds
[2023-09-13T08:09:59.516+0000] {processor.py:156} INFO - Started process (PID=1342) to work on /home/airflow/.local/lib/python3.7/site-packages/airflow/example_dags/example_latest_only_with_trigger.py
[2023-09-13T08:09:59.520+0000] {processor.py:799} INFO - Processing file /home/airflow/.local/lib/python3.7/site-packages/airflow/example_dags/example_latest_only_with_trigger.py for tasks to queue
[2023-09-13T08:09:59.522+0000] {logging_mixin.py:149} INFO - [2023-09-13T08:09:59.522+0000] {dagbag.py:541} INFO - Filling up the DagBag from /home/airflow/.local/lib/python3.7/site-packages/airflow/example_dags/example_latest_only_with_trigger.py
[2023-09-13T08:09:59.541+0000] {processor.py:809} INFO - DAG(s) dict_keys(['latest_only_with_trigger']) retrieved from /home/airflow/.local/lib/python3.7/site-packages/airflow/example_dags/example_latest_only_with_trigger.py
[2023-09-13T08:09:59.597+0000] {logging_mixin.py:149} INFO - [2023-09-13T08:09:59.597+0000] {dag.py:2726} INFO - Sync 1 DAGs
[2023-09-13T08:09:59.654+0000] {logging_mixin.py:149} INFO - [2023-09-13T08:09:59.654+0000] {dag.py:3490} INFO - Setting next_dagrun for latest_only_with_trigger to 2023-09-13T04:09:59.653855+00:00, run_after=2023-09-13T08:09:59.653855+00:00
[2023-09-13T08:09:59.705+0000] {processor.py:178} INFO - Processing /home/airflow/.local/lib/python3.7/site-packages/airflow/example_dags/example_latest_only_with_trigger.py took 0.197 seconds
[2023-09-13T08:10:30.268+0000] {processor.py:156} INFO - Started process (PID=1402) to work on /home/airflow/.local/lib/python3.7/site-packages/airflow/example_dags/example_latest_only_with_trigger.py
[2023-09-13T08:10:30.271+0000] {processor.py:799} INFO - Processing file /home/airflow/.local/lib/python3.7/site-packages/airflow/example_dags/example_latest_only_with_trigger.py for tasks to queue
[2023-09-13T08:10:30.274+0000] {logging_mixin.py:149} INFO - [2023-09-13T08:10:30.273+0000] {dagbag.py:541} INFO - Filling up the DagBag from /home/airflow/.local/lib/python3.7/site-packages/airflow/example_dags/example_latest_only_with_trigger.py
[2023-09-13T08:10:30.287+0000] {processor.py:809} INFO - DAG(s) dict_keys(['latest_only_with_trigger']) retrieved from /home/airflow/.local/lib/python3.7/site-packages/airflow/example_dags/example_latest_only_with_trigger.py
[2023-09-13T08:10:30.334+0000] {logging_mixin.py:149} INFO - [2023-09-13T08:10:30.334+0000] {dag.py:2726} INFO - Sync 1 DAGs
[2023-09-13T08:10:30.389+0000] {logging_mixin.py:149} INFO - [2023-09-13T08:10:30.389+0000] {dag.py:3490} INFO - Setting next_dagrun for latest_only_with_trigger to 2023-09-13T04:10:30.389123+00:00, run_after=2023-09-13T08:10:30.389123+00:00
[2023-09-13T08:10:30.445+0000] {processor.py:178} INFO - Processing /home/airflow/.local/lib/python3.7/site-packages/airflow/example_dags/example_latest_only_with_trigger.py took 0.184 seconds
[2023-09-13T08:11:00.847+0000] {processor.py:156} INFO - Started process (PID=1463) to work on /home/airflow/.local/lib/python3.7/site-packages/airflow/example_dags/example_latest_only_with_trigger.py
[2023-09-13T08:11:00.852+0000] {processor.py:799} INFO - Processing file /home/airflow/.local/lib/python3.7/site-packages/airflow/example_dags/example_latest_only_with_trigger.py for tasks to queue
[2023-09-13T08:11:00.856+0000] {logging_mixin.py:149} INFO - [2023-09-13T08:11:00.856+0000] {dagbag.py:541} INFO - Filling up the DagBag from /home/airflow/.local/lib/python3.7/site-packages/airflow/example_dags/example_latest_only_with_trigger.py
[2023-09-13T08:11:00.878+0000] {processor.py:809} INFO - DAG(s) dict_keys(['latest_only_with_trigger']) retrieved from /home/airflow/.local/lib/python3.7/site-packages/airflow/example_dags/example_latest_only_with_trigger.py
[2023-09-13T08:11:00.953+0000] {logging_mixin.py:149} INFO - [2023-09-13T08:11:00.952+0000] {dag.py:2726} INFO - Sync 1 DAGs
[2023-09-13T08:11:01.026+0000] {logging_mixin.py:149} INFO - [2023-09-13T08:11:01.025+0000] {dag.py:3490} INFO - Setting next_dagrun for latest_only_with_trigger to 2023-09-13T04:11:01.025242+00:00, run_after=2023-09-13T08:11:01.025242+00:00
[2023-09-13T08:11:01.096+0000] {processor.py:178} INFO - Processing /home/airflow/.local/lib/python3.7/site-packages/airflow/example_dags/example_latest_only_with_trigger.py took 0.259 seconds
[2023-09-13T08:11:31.254+0000] {processor.py:156} INFO - Started process (PID=1522) to work on /home/airflow/.local/lib/python3.7/site-packages/airflow/example_dags/example_latest_only_with_trigger.py
[2023-09-13T08:11:31.257+0000] {processor.py:799} INFO - Processing file /home/airflow/.local/lib/python3.7/site-packages/airflow/example_dags/example_latest_only_with_trigger.py for tasks to queue
[2023-09-13T08:11:31.260+0000] {logging_mixin.py:149} INFO - [2023-09-13T08:11:31.260+0000] {dagbag.py:541} INFO - Filling up the DagBag from /home/airflow/.local/lib/python3.7/site-packages/airflow/example_dags/example_latest_only_with_trigger.py
[2023-09-13T08:11:31.277+0000] {processor.py:809} INFO - DAG(s) dict_keys(['latest_only_with_trigger']) retrieved from /home/airflow/.local/lib/python3.7/site-packages/airflow/example_dags/example_latest_only_with_trigger.py
[2023-09-13T08:11:31.350+0000] {logging_mixin.py:149} INFO - [2023-09-13T08:11:31.349+0000] {dag.py:2726} INFO - Sync 1 DAGs
[2023-09-13T08:11:31.406+0000] {logging_mixin.py:149} INFO - [2023-09-13T08:11:31.406+0000] {dag.py:3490} INFO - Setting next_dagrun for latest_only_with_trigger to 2023-09-13T04:11:31.405855+00:00, run_after=2023-09-13T08:11:31.405855+00:00
[2023-09-13T08:11:31.455+0000] {processor.py:178} INFO - Processing /home/airflow/.local/lib/python3.7/site-packages/airflow/example_dags/example_latest_only_with_trigger.py took 0.207 seconds
[2023-09-13T08:12:02.034+0000] {processor.py:156} INFO - Started process (PID=1582) to work on /home/airflow/.local/lib/python3.7/site-packages/airflow/example_dags/example_latest_only_with_trigger.py
[2023-09-13T08:12:02.037+0000] {processor.py:799} INFO - Processing file /home/airflow/.local/lib/python3.7/site-packages/airflow/example_dags/example_latest_only_with_trigger.py for tasks to queue
[2023-09-13T08:12:02.039+0000] {logging_mixin.py:149} INFO - [2023-09-13T08:12:02.039+0000] {dagbag.py:541} INFO - Filling up the DagBag from /home/airflow/.local/lib/python3.7/site-packages/airflow/example_dags/example_latest_only_with_trigger.py
[2023-09-13T08:12:02.051+0000] {processor.py:809} INFO - DAG(s) dict_keys(['latest_only_with_trigger']) retrieved from /home/airflow/.local/lib/python3.7/site-packages/airflow/example_dags/example_latest_only_with_trigger.py
[2023-09-13T08:12:02.102+0000] {logging_mixin.py:149} INFO - [2023-09-13T08:12:02.102+0000] {dag.py:2726} INFO - Sync 1 DAGs
[2023-09-13T08:12:02.157+0000] {logging_mixin.py:149} INFO - [2023-09-13T08:12:02.157+0000] {dag.py:3490} INFO - Setting next_dagrun for latest_only_with_trigger to 2023-09-13T04:12:02.156796+00:00, run_after=2023-09-13T08:12:02.156796+00:00
[2023-09-13T08:12:02.207+0000] {processor.py:178} INFO - Processing /home/airflow/.local/lib/python3.7/site-packages/airflow/example_dags/example_latest_only_with_trigger.py took 0.181 seconds
[2023-09-13T08:12:32.825+0000] {processor.py:156} INFO - Started process (PID=1642) to work on /home/airflow/.local/lib/python3.7/site-packages/airflow/example_dags/example_latest_only_with_trigger.py
[2023-09-13T08:12:32.827+0000] {processor.py:799} INFO - Processing file /home/airflow/.local/lib/python3.7/site-packages/airflow/example_dags/example_latest_only_with_trigger.py for tasks to queue
[2023-09-13T08:12:32.830+0000] {logging_mixin.py:149} INFO - [2023-09-13T08:12:32.830+0000] {dagbag.py:541} INFO - Filling up the DagBag from /home/airflow/.local/lib/python3.7/site-packages/airflow/example_dags/example_latest_only_with_trigger.py
[2023-09-13T08:12:32.844+0000] {processor.py:809} INFO - DAG(s) dict_keys(['latest_only_with_trigger']) retrieved from /home/airflow/.local/lib/python3.7/site-packages/airflow/example_dags/example_latest_only_with_trigger.py
[2023-09-13T08:12:32.899+0000] {logging_mixin.py:149} INFO - [2023-09-13T08:12:32.899+0000] {dag.py:2726} INFO - Sync 1 DAGs
[2023-09-13T08:12:32.956+0000] {logging_mixin.py:149} INFO - [2023-09-13T08:12:32.955+0000] {dag.py:3490} INFO - Setting next_dagrun for latest_only_with_trigger to 2023-09-13T04:12:32.955340+00:00, run_after=2023-09-13T08:12:32.955340+00:00
[2023-09-13T08:12:33.015+0000] {processor.py:178} INFO - Processing /home/airflow/.local/lib/python3.7/site-packages/airflow/example_dags/example_latest_only_with_trigger.py took 0.197 seconds
[2023-09-13T09:26:12.142+0000] {processor.py:156} INFO - Started process (PID=67) to work on /home/airflow/.local/lib/python3.7/site-packages/airflow/example_dags/example_latest_only_with_trigger.py
[2023-09-13T09:26:12.144+0000] {processor.py:799} INFO - Processing file /home/airflow/.local/lib/python3.7/site-packages/airflow/example_dags/example_latest_only_with_trigger.py for tasks to queue
[2023-09-13T09:26:12.146+0000] {logging_mixin.py:149} INFO - [2023-09-13T09:26:12.145+0000] {dagbag.py:541} INFO - Filling up the DagBag from /home/airflow/.local/lib/python3.7/site-packages/airflow/example_dags/example_latest_only_with_trigger.py
[2023-09-13T09:26:12.157+0000] {processor.py:809} INFO - DAG(s) dict_keys(['latest_only_with_trigger']) retrieved from /home/airflow/.local/lib/python3.7/site-packages/airflow/example_dags/example_latest_only_with_trigger.py
[2023-09-13T09:26:12.196+0000] {logging_mixin.py:149} INFO - [2023-09-13T09:26:12.196+0000] {dag.py:2726} INFO - Sync 1 DAGs
[2023-09-13T09:26:12.247+0000] {logging_mixin.py:149} INFO - [2023-09-13T09:26:12.246+0000] {dag.py:3490} INFO - Setting next_dagrun for latest_only_with_trigger to 2023-09-13T05:26:12.246282+00:00, run_after=2023-09-13T09:26:12.246282+00:00
[2023-09-13T09:26:12.283+0000] {processor.py:178} INFO - Processing /home/airflow/.local/lib/python3.7/site-packages/airflow/example_dags/example_latest_only_with_trigger.py took 0.147 seconds
