[2023-09-13T07:58:49.198+0000] {processor.py:156} INFO - Started process (PID=44) to work on /home/airflow/.local/lib/python3.7/site-packages/airflow/example_dags/example_branch_labels.py
[2023-09-13T07:58:49.202+0000] {processor.py:799} INFO - Processing file /home/airflow/.local/lib/python3.7/site-packages/airflow/example_dags/example_branch_labels.py for tasks to queue
[2023-09-13T07:58:49.206+0000] {logging_mixin.py:149} INFO - [2023-09-13T07:58:49.205+0000] {dagbag.py:541} INFO - Filling up the DagBag from /home/airflow/.local/lib/python3.7/site-packages/airflow/example_dags/example_branch_labels.py
[2023-09-13T07:58:49.244+0000] {processor.py:809} INFO - DAG(s) dict_keys(['example_branch_labels']) retrieved from /home/airflow/.local/lib/python3.7/site-packages/airflow/example_dags/example_branch_labels.py
[2023-09-13T07:58:49.339+0000] {logging_mixin.py:149} INFO - [2023-09-13T07:58:49.338+0000] {dag.py:2726} INFO - Sync 1 DAGs
[2023-09-13T07:58:49.416+0000] {logging_mixin.py:149} INFO - [2023-09-13T07:58:49.415+0000] {dag.py:3490} INFO - Setting next_dagrun for example_branch_labels to 2023-09-12T00:00:00+00:00, run_after=2023-09-13T00:00:00+00:00
[2023-09-13T07:58:49.475+0000] {processor.py:178} INFO - Processing /home/airflow/.local/lib/python3.7/site-packages/airflow/example_dags/example_branch_labels.py took 0.285 seconds
[2023-09-13T07:59:19.867+0000] {processor.py:156} INFO - Started process (PID=103) to work on /home/airflow/.local/lib/python3.7/site-packages/airflow/example_dags/example_branch_labels.py
[2023-09-13T07:59:19.871+0000] {processor.py:799} INFO - Processing file /home/airflow/.local/lib/python3.7/site-packages/airflow/example_dags/example_branch_labels.py for tasks to queue
[2023-09-13T07:59:19.874+0000] {logging_mixin.py:149} INFO - [2023-09-13T07:59:19.874+0000] {dagbag.py:541} INFO - Filling up the DagBag from /home/airflow/.local/lib/python3.7/site-packages/airflow/example_dags/example_branch_labels.py
[2023-09-13T07:59:19.893+0000] {processor.py:809} INFO - DAG(s) dict_keys(['example_branch_labels']) retrieved from /home/airflow/.local/lib/python3.7/site-packages/airflow/example_dags/example_branch_labels.py
[2023-09-13T07:59:20.016+0000] {logging_mixin.py:149} INFO - [2023-09-13T07:59:20.016+0000] {dag.py:2726} INFO - Sync 1 DAGs
[2023-09-13T07:59:20.140+0000] {logging_mixin.py:149} INFO - [2023-09-13T07:59:20.140+0000] {dag.py:3490} INFO - Setting next_dagrun for example_branch_labels to 2023-09-12T00:00:00+00:00, run_after=2023-09-13T00:00:00+00:00
[2023-09-13T07:59:20.225+0000] {processor.py:178} INFO - Processing /home/airflow/.local/lib/python3.7/site-packages/airflow/example_dags/example_branch_labels.py took 0.366 seconds
[2023-09-13T07:59:50.414+0000] {processor.py:156} INFO - Started process (PID=163) to work on /home/airflow/.local/lib/python3.7/site-packages/airflow/example_dags/example_branch_labels.py
[2023-09-13T07:59:50.417+0000] {processor.py:799} INFO - Processing file /home/airflow/.local/lib/python3.7/site-packages/airflow/example_dags/example_branch_labels.py for tasks to queue
[2023-09-13T07:59:50.419+0000] {logging_mixin.py:149} INFO - [2023-09-13T07:59:50.418+0000] {dagbag.py:541} INFO - Filling up the DagBag from /home/airflow/.local/lib/python3.7/site-packages/airflow/example_dags/example_branch_labels.py
[2023-09-13T07:59:50.433+0000] {processor.py:809} INFO - DAG(s) dict_keys(['example_branch_labels']) retrieved from /home/airflow/.local/lib/python3.7/site-packages/airflow/example_dags/example_branch_labels.py
[2023-09-13T07:59:50.482+0000] {logging_mixin.py:149} INFO - [2023-09-13T07:59:50.482+0000] {dag.py:2726} INFO - Sync 1 DAGs
[2023-09-13T07:59:50.550+0000] {logging_mixin.py:149} INFO - [2023-09-13T07:59:50.550+0000] {dag.py:3490} INFO - Setting next_dagrun for example_branch_labels to 2023-09-12T00:00:00+00:00, run_after=2023-09-13T00:00:00+00:00
[2023-09-13T07:59:50.794+0000] {processor.py:178} INFO - Processing /home/airflow/.local/lib/python3.7/site-packages/airflow/example_dags/example_branch_labels.py took 0.388 seconds
[2023-09-13T08:00:21.119+0000] {processor.py:156} INFO - Started process (PID=223) to work on /home/airflow/.local/lib/python3.7/site-packages/airflow/example_dags/example_branch_labels.py
[2023-09-13T08:00:21.121+0000] {processor.py:799} INFO - Processing file /home/airflow/.local/lib/python3.7/site-packages/airflow/example_dags/example_branch_labels.py for tasks to queue
[2023-09-13T08:00:21.124+0000] {logging_mixin.py:149} INFO - [2023-09-13T08:00:21.123+0000] {dagbag.py:541} INFO - Filling up the DagBag from /home/airflow/.local/lib/python3.7/site-packages/airflow/example_dags/example_branch_labels.py
[2023-09-13T08:00:21.139+0000] {processor.py:809} INFO - DAG(s) dict_keys(['example_branch_labels']) retrieved from /home/airflow/.local/lib/python3.7/site-packages/airflow/example_dags/example_branch_labels.py
[2023-09-13T08:00:21.353+0000] {logging_mixin.py:149} INFO - [2023-09-13T08:00:21.353+0000] {dag.py:2726} INFO - Sync 1 DAGs
[2023-09-13T08:00:21.402+0000] {logging_mixin.py:149} INFO - [2023-09-13T08:00:21.402+0000] {dag.py:3490} INFO - Setting next_dagrun for example_branch_labels to 2023-09-12T00:00:00+00:00, run_after=2023-09-13T00:00:00+00:00
[2023-09-13T08:00:21.443+0000] {processor.py:178} INFO - Processing /home/airflow/.local/lib/python3.7/site-packages/airflow/example_dags/example_branch_labels.py took 0.329 seconds
[2023-09-13T08:00:52.185+0000] {processor.py:156} INFO - Started process (PID=283) to work on /home/airflow/.local/lib/python3.7/site-packages/airflow/example_dags/example_branch_labels.py
[2023-09-13T08:00:52.188+0000] {processor.py:799} INFO - Processing file /home/airflow/.local/lib/python3.7/site-packages/airflow/example_dags/example_branch_labels.py for tasks to queue
[2023-09-13T08:00:52.191+0000] {logging_mixin.py:149} INFO - [2023-09-13T08:00:52.191+0000] {dagbag.py:541} INFO - Filling up the DagBag from /home/airflow/.local/lib/python3.7/site-packages/airflow/example_dags/example_branch_labels.py
[2023-09-13T08:00:52.215+0000] {processor.py:809} INFO - DAG(s) dict_keys(['example_branch_labels']) retrieved from /home/airflow/.local/lib/python3.7/site-packages/airflow/example_dags/example_branch_labels.py
[2023-09-13T08:00:52.295+0000] {logging_mixin.py:149} INFO - [2023-09-13T08:00:52.294+0000] {dag.py:2726} INFO - Sync 1 DAGs
[2023-09-13T08:00:52.407+0000] {logging_mixin.py:149} INFO - [2023-09-13T08:00:52.406+0000] {dag.py:3490} INFO - Setting next_dagrun for example_branch_labels to 2023-09-12T00:00:00+00:00, run_after=2023-09-13T00:00:00+00:00
[2023-09-13T08:00:52.486+0000] {processor.py:178} INFO - Processing /home/airflow/.local/lib/python3.7/site-packages/airflow/example_dags/example_branch_labels.py took 0.311 seconds
[2023-09-13T08:01:23.694+0000] {processor.py:156} INFO - Started process (PID=343) to work on /home/airflow/.local/lib/python3.7/site-packages/airflow/example_dags/example_branch_labels.py
[2023-09-13T08:01:23.698+0000] {processor.py:799} INFO - Processing file /home/airflow/.local/lib/python3.7/site-packages/airflow/example_dags/example_branch_labels.py for tasks to queue
[2023-09-13T08:01:23.710+0000] {logging_mixin.py:149} INFO - [2023-09-13T08:01:23.709+0000] {dagbag.py:541} INFO - Filling up the DagBag from /home/airflow/.local/lib/python3.7/site-packages/airflow/example_dags/example_branch_labels.py
[2023-09-13T08:01:23.755+0000] {processor.py:809} INFO - DAG(s) dict_keys(['example_branch_labels']) retrieved from /home/airflow/.local/lib/python3.7/site-packages/airflow/example_dags/example_branch_labels.py
[2023-09-13T08:01:23.890+0000] {logging_mixin.py:149} INFO - [2023-09-13T08:01:23.887+0000] {dag.py:2726} INFO - Sync 1 DAGs
[2023-09-13T08:01:24.045+0000] {logging_mixin.py:149} INFO - [2023-09-13T08:01:24.045+0000] {dag.py:3490} INFO - Setting next_dagrun for example_branch_labels to 2023-09-12T00:00:00+00:00, run_after=2023-09-13T00:00:00+00:00
[2023-09-13T08:01:24.186+0000] {processor.py:178} INFO - Processing /home/airflow/.local/lib/python3.7/site-packages/airflow/example_dags/example_branch_labels.py took 0.512 seconds
[2023-09-13T08:01:55.718+0000] {processor.py:156} INFO - Started process (PID=403) to work on /home/airflow/.local/lib/python3.7/site-packages/airflow/example_dags/example_branch_labels.py
[2023-09-13T08:01:55.732+0000] {processor.py:799} INFO - Processing file /home/airflow/.local/lib/python3.7/site-packages/airflow/example_dags/example_branch_labels.py for tasks to queue
[2023-09-13T08:01:55.747+0000] {logging_mixin.py:149} INFO - [2023-09-13T08:01:55.746+0000] {dagbag.py:541} INFO - Filling up the DagBag from /home/airflow/.local/lib/python3.7/site-packages/airflow/example_dags/example_branch_labels.py
[2023-09-13T08:01:55.815+0000] {processor.py:809} INFO - DAG(s) dict_keys(['example_branch_labels']) retrieved from /home/airflow/.local/lib/python3.7/site-packages/airflow/example_dags/example_branch_labels.py
[2023-09-13T08:01:55.997+0000] {logging_mixin.py:149} INFO - [2023-09-13T08:01:55.988+0000] {dag.py:2726} INFO - Sync 1 DAGs
[2023-09-13T08:01:56.222+0000] {logging_mixin.py:149} INFO - [2023-09-13T08:01:56.221+0000] {dag.py:3490} INFO - Setting next_dagrun for example_branch_labels to 2023-09-12T00:00:00+00:00, run_after=2023-09-13T00:00:00+00:00
[2023-09-13T08:01:56.701+0000] {processor.py:178} INFO - Processing /home/airflow/.local/lib/python3.7/site-packages/airflow/example_dags/example_branch_labels.py took 0.990 seconds
[2023-09-13T08:02:26.876+0000] {processor.py:156} INFO - Started process (PID=463) to work on /home/airflow/.local/lib/python3.7/site-packages/airflow/example_dags/example_branch_labels.py
[2023-09-13T08:02:26.878+0000] {processor.py:799} INFO - Processing file /home/airflow/.local/lib/python3.7/site-packages/airflow/example_dags/example_branch_labels.py for tasks to queue
[2023-09-13T08:02:26.883+0000] {logging_mixin.py:149} INFO - [2023-09-13T08:02:26.881+0000] {dagbag.py:541} INFO - Filling up the DagBag from /home/airflow/.local/lib/python3.7/site-packages/airflow/example_dags/example_branch_labels.py
[2023-09-13T08:02:26.906+0000] {processor.py:809} INFO - DAG(s) dict_keys(['example_branch_labels']) retrieved from /home/airflow/.local/lib/python3.7/site-packages/airflow/example_dags/example_branch_labels.py
[2023-09-13T08:02:26.979+0000] {logging_mixin.py:149} INFO - [2023-09-13T08:02:26.979+0000] {dag.py:2726} INFO - Sync 1 DAGs
[2023-09-13T08:02:27.072+0000] {logging_mixin.py:149} INFO - [2023-09-13T08:02:27.071+0000] {dag.py:3490} INFO - Setting next_dagrun for example_branch_labels to 2023-09-12T00:00:00+00:00, run_after=2023-09-13T00:00:00+00:00
[2023-09-13T08:02:27.130+0000] {processor.py:178} INFO - Processing /home/airflow/.local/lib/python3.7/site-packages/airflow/example_dags/example_branch_labels.py took 0.261 seconds
[2023-09-13T08:02:58.715+0000] {processor.py:156} INFO - Started process (PID=523) to work on /home/airflow/.local/lib/python3.7/site-packages/airflow/example_dags/example_branch_labels.py
[2023-09-13T08:02:58.749+0000] {processor.py:799} INFO - Processing file /home/airflow/.local/lib/python3.7/site-packages/airflow/example_dags/example_branch_labels.py for tasks to queue
[2023-09-13T08:02:58.878+0000] {logging_mixin.py:149} INFO - [2023-09-13T08:02:58.877+0000] {dagbag.py:541} INFO - Filling up the DagBag from /home/airflow/.local/lib/python3.7/site-packages/airflow/example_dags/example_branch_labels.py
[2023-09-13T08:02:58.973+0000] {processor.py:809} INFO - DAG(s) dict_keys(['example_branch_labels']) retrieved from /home/airflow/.local/lib/python3.7/site-packages/airflow/example_dags/example_branch_labels.py
[2023-09-13T08:02:59.202+0000] {logging_mixin.py:149} INFO - [2023-09-13T08:02:59.201+0000] {dag.py:2726} INFO - Sync 1 DAGs
[2023-09-13T08:02:59.390+0000] {logging_mixin.py:149} INFO - [2023-09-13T08:02:59.389+0000] {dag.py:3490} INFO - Setting next_dagrun for example_branch_labels to 2023-09-12T00:00:00+00:00, run_after=2023-09-13T00:00:00+00:00
[2023-09-13T08:02:59.522+0000] {processor.py:178} INFO - Processing /home/airflow/.local/lib/python3.7/site-packages/airflow/example_dags/example_branch_labels.py took 0.834 seconds
[2023-09-13T08:03:30.052+0000] {processor.py:156} INFO - Started process (PID=583) to work on /home/airflow/.local/lib/python3.7/site-packages/airflow/example_dags/example_branch_labels.py
[2023-09-13T08:03:30.065+0000] {processor.py:799} INFO - Processing file /home/airflow/.local/lib/python3.7/site-packages/airflow/example_dags/example_branch_labels.py for tasks to queue
[2023-09-13T08:03:30.069+0000] {logging_mixin.py:149} INFO - [2023-09-13T08:03:30.068+0000] {dagbag.py:541} INFO - Filling up the DagBag from /home/airflow/.local/lib/python3.7/site-packages/airflow/example_dags/example_branch_labels.py
[2023-09-13T08:03:30.120+0000] {processor.py:809} INFO - DAG(s) dict_keys(['example_branch_labels']) retrieved from /home/airflow/.local/lib/python3.7/site-packages/airflow/example_dags/example_branch_labels.py
[2023-09-13T08:03:30.351+0000] {logging_mixin.py:149} INFO - [2023-09-13T08:03:30.350+0000] {dag.py:2726} INFO - Sync 1 DAGs
[2023-09-13T08:03:30.520+0000] {logging_mixin.py:149} INFO - [2023-09-13T08:03:30.519+0000] {dag.py:3490} INFO - Setting next_dagrun for example_branch_labels to 2023-09-12T00:00:00+00:00, run_after=2023-09-13T00:00:00+00:00
[2023-09-13T08:03:30.631+0000] {processor.py:178} INFO - Processing /home/airflow/.local/lib/python3.7/site-packages/airflow/example_dags/example_branch_labels.py took 0.600 seconds
[2023-09-13T08:04:01.270+0000] {processor.py:156} INFO - Started process (PID=644) to work on /home/airflow/.local/lib/python3.7/site-packages/airflow/example_dags/example_branch_labels.py
[2023-09-13T08:04:01.273+0000] {processor.py:799} INFO - Processing file /home/airflow/.local/lib/python3.7/site-packages/airflow/example_dags/example_branch_labels.py for tasks to queue
[2023-09-13T08:04:01.276+0000] {logging_mixin.py:149} INFO - [2023-09-13T08:04:01.275+0000] {dagbag.py:541} INFO - Filling up the DagBag from /home/airflow/.local/lib/python3.7/site-packages/airflow/example_dags/example_branch_labels.py
[2023-09-13T08:04:01.291+0000] {processor.py:809} INFO - DAG(s) dict_keys(['example_branch_labels']) retrieved from /home/airflow/.local/lib/python3.7/site-packages/airflow/example_dags/example_branch_labels.py
[2023-09-13T08:04:01.359+0000] {logging_mixin.py:149} INFO - [2023-09-13T08:04:01.358+0000] {dag.py:2726} INFO - Sync 1 DAGs
[2023-09-13T08:04:01.430+0000] {logging_mixin.py:149} INFO - [2023-09-13T08:04:01.430+0000] {dag.py:3490} INFO - Setting next_dagrun for example_branch_labels to 2023-09-12T00:00:00+00:00, run_after=2023-09-13T00:00:00+00:00
[2023-09-13T08:04:01.489+0000] {processor.py:178} INFO - Processing /home/airflow/.local/lib/python3.7/site-packages/airflow/example_dags/example_branch_labels.py took 0.225 seconds
[2023-09-13T08:04:32.182+0000] {processor.py:156} INFO - Started process (PID=704) to work on /home/airflow/.local/lib/python3.7/site-packages/airflow/example_dags/example_branch_labels.py
[2023-09-13T08:04:32.188+0000] {processor.py:799} INFO - Processing file /home/airflow/.local/lib/python3.7/site-packages/airflow/example_dags/example_branch_labels.py for tasks to queue
[2023-09-13T08:04:32.205+0000] {logging_mixin.py:149} INFO - [2023-09-13T08:04:32.204+0000] {dagbag.py:541} INFO - Filling up the DagBag from /home/airflow/.local/lib/python3.7/site-packages/airflow/example_dags/example_branch_labels.py
[2023-09-13T08:04:32.249+0000] {processor.py:809} INFO - DAG(s) dict_keys(['example_branch_labels']) retrieved from /home/airflow/.local/lib/python3.7/site-packages/airflow/example_dags/example_branch_labels.py
[2023-09-13T08:04:32.445+0000] {logging_mixin.py:149} INFO - [2023-09-13T08:04:32.444+0000] {dag.py:2726} INFO - Sync 1 DAGs
[2023-09-13T08:04:32.688+0000] {logging_mixin.py:149} INFO - [2023-09-13T08:04:32.687+0000] {dag.py:3490} INFO - Setting next_dagrun for example_branch_labels to 2023-09-12T00:00:00+00:00, run_after=2023-09-13T00:00:00+00:00
[2023-09-13T08:04:32.844+0000] {processor.py:178} INFO - Processing /home/airflow/.local/lib/python3.7/site-packages/airflow/example_dags/example_branch_labels.py took 0.683 seconds
[2023-09-13T08:05:03.349+0000] {processor.py:156} INFO - Started process (PID=764) to work on /home/airflow/.local/lib/python3.7/site-packages/airflow/example_dags/example_branch_labels.py
[2023-09-13T08:05:03.351+0000] {processor.py:799} INFO - Processing file /home/airflow/.local/lib/python3.7/site-packages/airflow/example_dags/example_branch_labels.py for tasks to queue
[2023-09-13T08:05:03.354+0000] {logging_mixin.py:149} INFO - [2023-09-13T08:05:03.353+0000] {dagbag.py:541} INFO - Filling up the DagBag from /home/airflow/.local/lib/python3.7/site-packages/airflow/example_dags/example_branch_labels.py
[2023-09-13T08:05:03.376+0000] {processor.py:809} INFO - DAG(s) dict_keys(['example_branch_labels']) retrieved from /home/airflow/.local/lib/python3.7/site-packages/airflow/example_dags/example_branch_labels.py
[2023-09-13T08:05:03.464+0000] {logging_mixin.py:149} INFO - [2023-09-13T08:05:03.464+0000] {dag.py:2726} INFO - Sync 1 DAGs
[2023-09-13T08:05:03.560+0000] {logging_mixin.py:149} INFO - [2023-09-13T08:05:03.560+0000] {dag.py:3490} INFO - Setting next_dagrun for example_branch_labels to 2023-09-12T00:00:00+00:00, run_after=2023-09-13T00:00:00+00:00
[2023-09-13T08:05:03.645+0000] {processor.py:178} INFO - Processing /home/airflow/.local/lib/python3.7/site-packages/airflow/example_dags/example_branch_labels.py took 0.305 seconds
[2023-09-13T08:05:34.465+0000] {processor.py:156} INFO - Started process (PID=825) to work on /home/airflow/.local/lib/python3.7/site-packages/airflow/example_dags/example_branch_labels.py
[2023-09-13T08:05:34.469+0000] {processor.py:799} INFO - Processing file /home/airflow/.local/lib/python3.7/site-packages/airflow/example_dags/example_branch_labels.py for tasks to queue
[2023-09-13T08:05:34.472+0000] {logging_mixin.py:149} INFO - [2023-09-13T08:05:34.472+0000] {dagbag.py:541} INFO - Filling up the DagBag from /home/airflow/.local/lib/python3.7/site-packages/airflow/example_dags/example_branch_labels.py
[2023-09-13T08:05:34.512+0000] {processor.py:809} INFO - DAG(s) dict_keys(['example_branch_labels']) retrieved from /home/airflow/.local/lib/python3.7/site-packages/airflow/example_dags/example_branch_labels.py
[2023-09-13T08:05:34.692+0000] {logging_mixin.py:149} INFO - [2023-09-13T08:05:34.692+0000] {dag.py:2726} INFO - Sync 1 DAGs
[2023-09-13T08:05:34.864+0000] {logging_mixin.py:149} INFO - [2023-09-13T08:05:34.863+0000] {dag.py:3490} INFO - Setting next_dagrun for example_branch_labels to 2023-09-12T00:00:00+00:00, run_after=2023-09-13T00:00:00+00:00
[2023-09-13T08:05:34.984+0000] {processor.py:178} INFO - Processing /home/airflow/.local/lib/python3.7/site-packages/airflow/example_dags/example_branch_labels.py took 0.533 seconds
[2023-09-13T08:06:05.874+0000] {processor.py:156} INFO - Started process (PID=885) to work on /home/airflow/.local/lib/python3.7/site-packages/airflow/example_dags/example_branch_labels.py
[2023-09-13T08:06:05.887+0000] {processor.py:799} INFO - Processing file /home/airflow/.local/lib/python3.7/site-packages/airflow/example_dags/example_branch_labels.py for tasks to queue
[2023-09-13T08:06:05.899+0000] {logging_mixin.py:149} INFO - [2023-09-13T08:06:05.899+0000] {dagbag.py:541} INFO - Filling up the DagBag from /home/airflow/.local/lib/python3.7/site-packages/airflow/example_dags/example_branch_labels.py
[2023-09-13T08:06:05.973+0000] {processor.py:809} INFO - DAG(s) dict_keys(['example_branch_labels']) retrieved from /home/airflow/.local/lib/python3.7/site-packages/airflow/example_dags/example_branch_labels.py
[2023-09-13T08:06:06.131+0000] {logging_mixin.py:149} INFO - [2023-09-13T08:06:06.130+0000] {dag.py:2726} INFO - Sync 1 DAGs
[2023-09-13T08:06:06.266+0000] {logging_mixin.py:149} INFO - [2023-09-13T08:06:06.265+0000] {dag.py:3490} INFO - Setting next_dagrun for example_branch_labels to 2023-09-12T00:00:00+00:00, run_after=2023-09-13T00:00:00+00:00
[2023-09-13T08:06:06.396+0000] {processor.py:178} INFO - Processing /home/airflow/.local/lib/python3.7/site-packages/airflow/example_dags/example_branch_labels.py took 0.541 seconds
[2023-09-13T08:06:36.656+0000] {processor.py:156} INFO - Started process (PID=945) to work on /home/airflow/.local/lib/python3.7/site-packages/airflow/example_dags/example_branch_labels.py
[2023-09-13T08:06:36.659+0000] {processor.py:799} INFO - Processing file /home/airflow/.local/lib/python3.7/site-packages/airflow/example_dags/example_branch_labels.py for tasks to queue
[2023-09-13T08:06:36.661+0000] {logging_mixin.py:149} INFO - [2023-09-13T08:06:36.661+0000] {dagbag.py:541} INFO - Filling up the DagBag from /home/airflow/.local/lib/python3.7/site-packages/airflow/example_dags/example_branch_labels.py
[2023-09-13T08:06:36.680+0000] {processor.py:809} INFO - DAG(s) dict_keys(['example_branch_labels']) retrieved from /home/airflow/.local/lib/python3.7/site-packages/airflow/example_dags/example_branch_labels.py
[2023-09-13T08:06:36.740+0000] {logging_mixin.py:149} INFO - [2023-09-13T08:06:36.740+0000] {dag.py:2726} INFO - Sync 1 DAGs
[2023-09-13T08:06:36.832+0000] {logging_mixin.py:149} INFO - [2023-09-13T08:06:36.831+0000] {dag.py:3490} INFO - Setting next_dagrun for example_branch_labels to 2023-09-12T00:00:00+00:00, run_after=2023-09-13T00:00:00+00:00
[2023-09-13T08:06:36.899+0000] {processor.py:178} INFO - Processing /home/airflow/.local/lib/python3.7/site-packages/airflow/example_dags/example_branch_labels.py took 0.251 seconds
[2023-09-13T08:07:08.389+0000] {processor.py:156} INFO - Started process (PID=1005) to work on /home/airflow/.local/lib/python3.7/site-packages/airflow/example_dags/example_branch_labels.py
[2023-09-13T08:07:08.395+0000] {processor.py:799} INFO - Processing file /home/airflow/.local/lib/python3.7/site-packages/airflow/example_dags/example_branch_labels.py for tasks to queue
[2023-09-13T08:07:08.399+0000] {logging_mixin.py:149} INFO - [2023-09-13T08:07:08.398+0000] {dagbag.py:541} INFO - Filling up the DagBag from /home/airflow/.local/lib/python3.7/site-packages/airflow/example_dags/example_branch_labels.py
[2023-09-13T08:07:08.455+0000] {processor.py:809} INFO - DAG(s) dict_keys(['example_branch_labels']) retrieved from /home/airflow/.local/lib/python3.7/site-packages/airflow/example_dags/example_branch_labels.py
[2023-09-13T08:07:08.580+0000] {logging_mixin.py:149} INFO - [2023-09-13T08:07:08.579+0000] {dag.py:2726} INFO - Sync 1 DAGs
[2023-09-13T08:07:08.730+0000] {logging_mixin.py:149} INFO - [2023-09-13T08:07:08.730+0000] {dag.py:3490} INFO - Setting next_dagrun for example_branch_labels to 2023-09-12T00:00:00+00:00, run_after=2023-09-13T00:00:00+00:00
[2023-09-13T08:07:08.836+0000] {processor.py:178} INFO - Processing /home/airflow/.local/lib/python3.7/site-packages/airflow/example_dags/example_branch_labels.py took 0.471 seconds
[2023-09-13T08:07:39.053+0000] {processor.py:156} INFO - Started process (PID=1064) to work on /home/airflow/.local/lib/python3.7/site-packages/airflow/example_dags/example_branch_labels.py
[2023-09-13T08:07:39.057+0000] {processor.py:799} INFO - Processing file /home/airflow/.local/lib/python3.7/site-packages/airflow/example_dags/example_branch_labels.py for tasks to queue
[2023-09-13T08:07:39.061+0000] {logging_mixin.py:149} INFO - [2023-09-13T08:07:39.061+0000] {dagbag.py:541} INFO - Filling up the DagBag from /home/airflow/.local/lib/python3.7/site-packages/airflow/example_dags/example_branch_labels.py
[2023-09-13T08:07:39.082+0000] {processor.py:809} INFO - DAG(s) dict_keys(['example_branch_labels']) retrieved from /home/airflow/.local/lib/python3.7/site-packages/airflow/example_dags/example_branch_labels.py
[2023-09-13T08:07:39.154+0000] {logging_mixin.py:149} INFO - [2023-09-13T08:07:39.153+0000] {dag.py:2726} INFO - Sync 1 DAGs
[2023-09-13T08:07:39.231+0000] {logging_mixin.py:149} INFO - [2023-09-13T08:07:39.230+0000] {dag.py:3490} INFO - Setting next_dagrun for example_branch_labels to 2023-09-12T00:00:00+00:00, run_after=2023-09-13T00:00:00+00:00
[2023-09-13T08:07:39.284+0000] {processor.py:178} INFO - Processing /home/airflow/.local/lib/python3.7/site-packages/airflow/example_dags/example_branch_labels.py took 0.239 seconds
[2023-09-13T08:08:09.440+0000] {processor.py:156} INFO - Started process (PID=1124) to work on /home/airflow/.local/lib/python3.7/site-packages/airflow/example_dags/example_branch_labels.py
[2023-09-13T08:08:09.443+0000] {processor.py:799} INFO - Processing file /home/airflow/.local/lib/python3.7/site-packages/airflow/example_dags/example_branch_labels.py for tasks to queue
[2023-09-13T08:08:09.446+0000] {logging_mixin.py:149} INFO - [2023-09-13T08:08:09.445+0000] {dagbag.py:541} INFO - Filling up the DagBag from /home/airflow/.local/lib/python3.7/site-packages/airflow/example_dags/example_branch_labels.py
[2023-09-13T08:08:09.459+0000] {processor.py:809} INFO - DAG(s) dict_keys(['example_branch_labels']) retrieved from /home/airflow/.local/lib/python3.7/site-packages/airflow/example_dags/example_branch_labels.py
[2023-09-13T08:08:09.539+0000] {logging_mixin.py:149} INFO - [2023-09-13T08:08:09.539+0000] {dag.py:2726} INFO - Sync 1 DAGs
[2023-09-13T08:08:09.609+0000] {logging_mixin.py:149} INFO - [2023-09-13T08:08:09.609+0000] {dag.py:3490} INFO - Setting next_dagrun for example_branch_labels to 2023-09-12T00:00:00+00:00, run_after=2023-09-13T00:00:00+00:00
[2023-09-13T08:08:09.672+0000] {processor.py:178} INFO - Processing /home/airflow/.local/lib/python3.7/site-packages/airflow/example_dags/example_branch_labels.py took 0.239 seconds
[2023-09-13T08:08:40.123+0000] {processor.py:156} INFO - Started process (PID=1183) to work on /home/airflow/.local/lib/python3.7/site-packages/airflow/example_dags/example_branch_labels.py
[2023-09-13T08:08:40.127+0000] {processor.py:799} INFO - Processing file /home/airflow/.local/lib/python3.7/site-packages/airflow/example_dags/example_branch_labels.py for tasks to queue
[2023-09-13T08:08:40.130+0000] {logging_mixin.py:149} INFO - [2023-09-13T08:08:40.130+0000] {dagbag.py:541} INFO - Filling up the DagBag from /home/airflow/.local/lib/python3.7/site-packages/airflow/example_dags/example_branch_labels.py
[2023-09-13T08:08:40.167+0000] {processor.py:809} INFO - DAG(s) dict_keys(['example_branch_labels']) retrieved from /home/airflow/.local/lib/python3.7/site-packages/airflow/example_dags/example_branch_labels.py
[2023-09-13T08:08:40.244+0000] {logging_mixin.py:149} INFO - [2023-09-13T08:08:40.243+0000] {dag.py:2726} INFO - Sync 1 DAGs
[2023-09-13T08:08:40.312+0000] {logging_mixin.py:149} INFO - [2023-09-13T08:08:40.312+0000] {dag.py:3490} INFO - Setting next_dagrun for example_branch_labels to 2023-09-12T00:00:00+00:00, run_after=2023-09-13T00:00:00+00:00
[2023-09-13T08:08:40.371+0000] {processor.py:178} INFO - Processing /home/airflow/.local/lib/python3.7/site-packages/airflow/example_dags/example_branch_labels.py took 0.261 seconds
[2023-09-13T08:09:10.781+0000] {processor.py:156} INFO - Started process (PID=1235) to work on /home/airflow/.local/lib/python3.7/site-packages/airflow/example_dags/example_branch_labels.py
[2023-09-13T08:09:10.784+0000] {processor.py:799} INFO - Processing file /home/airflow/.local/lib/python3.7/site-packages/airflow/example_dags/example_branch_labels.py for tasks to queue
[2023-09-13T08:09:10.789+0000] {logging_mixin.py:149} INFO - [2023-09-13T08:09:10.788+0000] {dagbag.py:541} INFO - Filling up the DagBag from /home/airflow/.local/lib/python3.7/site-packages/airflow/example_dags/example_branch_labels.py
[2023-09-13T08:09:10.822+0000] {processor.py:809} INFO - DAG(s) dict_keys(['example_branch_labels']) retrieved from /home/airflow/.local/lib/python3.7/site-packages/airflow/example_dags/example_branch_labels.py
[2023-09-13T08:09:10.907+0000] {logging_mixin.py:149} INFO - [2023-09-13T08:09:10.906+0000] {dag.py:2726} INFO - Sync 1 DAGs
[2023-09-13T08:09:11.111+0000] {logging_mixin.py:149} INFO - [2023-09-13T08:09:11.110+0000] {dag.py:3490} INFO - Setting next_dagrun for example_branch_labels to 2023-09-12T00:00:00+00:00, run_after=2023-09-13T00:00:00+00:00
[2023-09-13T08:09:11.269+0000] {processor.py:178} INFO - Processing /home/airflow/.local/lib/python3.7/site-packages/airflow/example_dags/example_branch_labels.py took 0.507 seconds
[2023-09-13T08:09:42.389+0000] {processor.py:156} INFO - Started process (PID=1295) to work on /home/airflow/.local/lib/python3.7/site-packages/airflow/example_dags/example_branch_labels.py
[2023-09-13T08:09:42.392+0000] {processor.py:799} INFO - Processing file /home/airflow/.local/lib/python3.7/site-packages/airflow/example_dags/example_branch_labels.py for tasks to queue
[2023-09-13T08:09:42.395+0000] {logging_mixin.py:149} INFO - [2023-09-13T08:09:42.394+0000] {dagbag.py:541} INFO - Filling up the DagBag from /home/airflow/.local/lib/python3.7/site-packages/airflow/example_dags/example_branch_labels.py
[2023-09-13T08:09:42.416+0000] {processor.py:809} INFO - DAG(s) dict_keys(['example_branch_labels']) retrieved from /home/airflow/.local/lib/python3.7/site-packages/airflow/example_dags/example_branch_labels.py
[2023-09-13T08:09:42.487+0000] {logging_mixin.py:149} INFO - [2023-09-13T08:09:42.487+0000] {dag.py:2726} INFO - Sync 1 DAGs
[2023-09-13T08:09:42.578+0000] {logging_mixin.py:149} INFO - [2023-09-13T08:09:42.578+0000] {dag.py:3490} INFO - Setting next_dagrun for example_branch_labels to 2023-09-12T00:00:00+00:00, run_after=2023-09-13T00:00:00+00:00
[2023-09-13T08:09:42.656+0000] {processor.py:178} INFO - Processing /home/airflow/.local/lib/python3.7/site-packages/airflow/example_dags/example_branch_labels.py took 0.272 seconds
[2023-09-13T08:10:13.438+0000] {processor.py:156} INFO - Started process (PID=1355) to work on /home/airflow/.local/lib/python3.7/site-packages/airflow/example_dags/example_branch_labels.py
[2023-09-13T08:10:13.441+0000] {processor.py:799} INFO - Processing file /home/airflow/.local/lib/python3.7/site-packages/airflow/example_dags/example_branch_labels.py for tasks to queue
[2023-09-13T08:10:13.443+0000] {logging_mixin.py:149} INFO - [2023-09-13T08:10:13.443+0000] {dagbag.py:541} INFO - Filling up the DagBag from /home/airflow/.local/lib/python3.7/site-packages/airflow/example_dags/example_branch_labels.py
[2023-09-13T08:10:13.459+0000] {processor.py:809} INFO - DAG(s) dict_keys(['example_branch_labels']) retrieved from /home/airflow/.local/lib/python3.7/site-packages/airflow/example_dags/example_branch_labels.py
[2023-09-13T08:10:13.510+0000] {logging_mixin.py:149} INFO - [2023-09-13T08:10:13.509+0000] {dag.py:2726} INFO - Sync 1 DAGs
[2023-09-13T08:10:13.565+0000] {logging_mixin.py:149} INFO - [2023-09-13T08:10:13.565+0000] {dag.py:3490} INFO - Setting next_dagrun for example_branch_labels to 2023-09-12T00:00:00+00:00, run_after=2023-09-13T00:00:00+00:00
[2023-09-13T08:10:13.627+0000] {processor.py:178} INFO - Processing /home/airflow/.local/lib/python3.7/site-packages/airflow/example_dags/example_branch_labels.py took 0.196 seconds
[2023-09-13T08:10:43.866+0000] {processor.py:156} INFO - Started process (PID=1415) to work on /home/airflow/.local/lib/python3.7/site-packages/airflow/example_dags/example_branch_labels.py
[2023-09-13T08:10:43.870+0000] {processor.py:799} INFO - Processing file /home/airflow/.local/lib/python3.7/site-packages/airflow/example_dags/example_branch_labels.py for tasks to queue
[2023-09-13T08:10:43.872+0000] {logging_mixin.py:149} INFO - [2023-09-13T08:10:43.872+0000] {dagbag.py:541} INFO - Filling up the DagBag from /home/airflow/.local/lib/python3.7/site-packages/airflow/example_dags/example_branch_labels.py
[2023-09-13T08:10:43.894+0000] {processor.py:809} INFO - DAG(s) dict_keys(['example_branch_labels']) retrieved from /home/airflow/.local/lib/python3.7/site-packages/airflow/example_dags/example_branch_labels.py
[2023-09-13T08:10:43.948+0000] {logging_mixin.py:149} INFO - [2023-09-13T08:10:43.948+0000] {dag.py:2726} INFO - Sync 1 DAGs
[2023-09-13T08:10:44.026+0000] {logging_mixin.py:149} INFO - [2023-09-13T08:10:44.025+0000] {dag.py:3490} INFO - Setting next_dagrun for example_branch_labels to 2023-09-12T00:00:00+00:00, run_after=2023-09-13T00:00:00+00:00
[2023-09-13T08:10:44.092+0000] {processor.py:178} INFO - Processing /home/airflow/.local/lib/python3.7/site-packages/airflow/example_dags/example_branch_labels.py took 0.232 seconds
[2023-09-13T08:11:14.249+0000] {processor.py:156} INFO - Started process (PID=1476) to work on /home/airflow/.local/lib/python3.7/site-packages/airflow/example_dags/example_branch_labels.py
[2023-09-13T08:11:14.252+0000] {processor.py:799} INFO - Processing file /home/airflow/.local/lib/python3.7/site-packages/airflow/example_dags/example_branch_labels.py for tasks to queue
[2023-09-13T08:11:14.255+0000] {logging_mixin.py:149} INFO - [2023-09-13T08:11:14.255+0000] {dagbag.py:541} INFO - Filling up the DagBag from /home/airflow/.local/lib/python3.7/site-packages/airflow/example_dags/example_branch_labels.py
[2023-09-13T08:11:14.275+0000] {processor.py:809} INFO - DAG(s) dict_keys(['example_branch_labels']) retrieved from /home/airflow/.local/lib/python3.7/site-packages/airflow/example_dags/example_branch_labels.py
[2023-09-13T08:11:14.332+0000] {logging_mixin.py:149} INFO - [2023-09-13T08:11:14.332+0000] {dag.py:2726} INFO - Sync 1 DAGs
[2023-09-13T08:11:14.388+0000] {logging_mixin.py:149} INFO - [2023-09-13T08:11:14.387+0000] {dag.py:3490} INFO - Setting next_dagrun for example_branch_labels to 2023-09-12T00:00:00+00:00, run_after=2023-09-13T00:00:00+00:00
[2023-09-13T08:11:14.442+0000] {processor.py:178} INFO - Processing /home/airflow/.local/lib/python3.7/site-packages/airflow/example_dags/example_branch_labels.py took 0.200 seconds
[2023-09-13T08:11:44.851+0000] {processor.py:156} INFO - Started process (PID=1536) to work on /home/airflow/.local/lib/python3.7/site-packages/airflow/example_dags/example_branch_labels.py
[2023-09-13T08:11:44.854+0000] {processor.py:799} INFO - Processing file /home/airflow/.local/lib/python3.7/site-packages/airflow/example_dags/example_branch_labels.py for tasks to queue
[2023-09-13T08:11:44.857+0000] {logging_mixin.py:149} INFO - [2023-09-13T08:11:44.856+0000] {dagbag.py:541} INFO - Filling up the DagBag from /home/airflow/.local/lib/python3.7/site-packages/airflow/example_dags/example_branch_labels.py
[2023-09-13T08:11:44.874+0000] {processor.py:809} INFO - DAG(s) dict_keys(['example_branch_labels']) retrieved from /home/airflow/.local/lib/python3.7/site-packages/airflow/example_dags/example_branch_labels.py
[2023-09-13T08:11:44.938+0000] {logging_mixin.py:149} INFO - [2023-09-13T08:11:44.938+0000] {dag.py:2726} INFO - Sync 1 DAGs
[2023-09-13T08:11:45.010+0000] {logging_mixin.py:149} INFO - [2023-09-13T08:11:45.010+0000] {dag.py:3490} INFO - Setting next_dagrun for example_branch_labels to 2023-09-12T00:00:00+00:00, run_after=2023-09-13T00:00:00+00:00
[2023-09-13T08:11:45.058+0000] {processor.py:178} INFO - Processing /home/airflow/.local/lib/python3.7/site-packages/airflow/example_dags/example_branch_labels.py took 0.214 seconds
[2023-09-13T08:12:15.406+0000] {processor.py:156} INFO - Started process (PID=1603) to work on /home/airflow/.local/lib/python3.7/site-packages/airflow/example_dags/example_branch_labels.py
[2023-09-13T08:12:15.409+0000] {processor.py:799} INFO - Processing file /home/airflow/.local/lib/python3.7/site-packages/airflow/example_dags/example_branch_labels.py for tasks to queue
[2023-09-13T08:12:15.411+0000] {logging_mixin.py:149} INFO - [2023-09-13T08:12:15.411+0000] {dagbag.py:541} INFO - Filling up the DagBag from /home/airflow/.local/lib/python3.7/site-packages/airflow/example_dags/example_branch_labels.py
[2023-09-13T08:12:15.424+0000] {processor.py:809} INFO - DAG(s) dict_keys(['example_branch_labels']) retrieved from /home/airflow/.local/lib/python3.7/site-packages/airflow/example_dags/example_branch_labels.py
[2023-09-13T08:12:15.460+0000] {logging_mixin.py:149} INFO - [2023-09-13T08:12:15.460+0000] {dag.py:2726} INFO - Sync 1 DAGs
[2023-09-13T08:12:15.495+0000] {logging_mixin.py:149} INFO - [2023-09-13T08:12:15.495+0000] {dag.py:3490} INFO - Setting next_dagrun for example_branch_labels to 2023-09-12T00:00:00+00:00, run_after=2023-09-13T00:00:00+00:00
[2023-09-13T08:12:15.525+0000] {processor.py:178} INFO - Processing /home/airflow/.local/lib/python3.7/site-packages/airflow/example_dags/example_branch_labels.py took 0.123 seconds
[2023-09-13T08:12:45.821+0000] {processor.py:156} INFO - Started process (PID=1663) to work on /home/airflow/.local/lib/python3.7/site-packages/airflow/example_dags/example_branch_labels.py
[2023-09-13T08:12:45.824+0000] {processor.py:799} INFO - Processing file /home/airflow/.local/lib/python3.7/site-packages/airflow/example_dags/example_branch_labels.py for tasks to queue
[2023-09-13T08:12:45.828+0000] {logging_mixin.py:149} INFO - [2023-09-13T08:12:45.827+0000] {dagbag.py:541} INFO - Filling up the DagBag from /home/airflow/.local/lib/python3.7/site-packages/airflow/example_dags/example_branch_labels.py
[2023-09-13T08:12:45.840+0000] {processor.py:809} INFO - DAG(s) dict_keys(['example_branch_labels']) retrieved from /home/airflow/.local/lib/python3.7/site-packages/airflow/example_dags/example_branch_labels.py
[2023-09-13T08:12:45.890+0000] {logging_mixin.py:149} INFO - [2023-09-13T08:12:45.889+0000] {dag.py:2726} INFO - Sync 1 DAGs
[2023-09-13T08:12:45.937+0000] {logging_mixin.py:149} INFO - [2023-09-13T08:12:45.937+0000] {dag.py:3490} INFO - Setting next_dagrun for example_branch_labels to 2023-09-12T00:00:00+00:00, run_after=2023-09-13T00:00:00+00:00
[2023-09-13T08:12:45.973+0000] {processor.py:178} INFO - Processing /home/airflow/.local/lib/python3.7/site-packages/airflow/example_dags/example_branch_labels.py took 0.157 seconds
[2023-09-13T09:26:08.354+0000] {processor.py:156} INFO - Started process (PID=37) to work on /home/airflow/.local/lib/python3.7/site-packages/airflow/example_dags/example_branch_labels.py
[2023-09-13T09:26:08.356+0000] {processor.py:799} INFO - Processing file /home/airflow/.local/lib/python3.7/site-packages/airflow/example_dags/example_branch_labels.py for tasks to queue
[2023-09-13T09:26:08.357+0000] {logging_mixin.py:149} INFO - [2023-09-13T09:26:08.357+0000] {dagbag.py:541} INFO - Filling up the DagBag from /home/airflow/.local/lib/python3.7/site-packages/airflow/example_dags/example_branch_labels.py
[2023-09-13T09:26:08.371+0000] {processor.py:809} INFO - DAG(s) dict_keys(['example_branch_labels']) retrieved from /home/airflow/.local/lib/python3.7/site-packages/airflow/example_dags/example_branch_labels.py
[2023-09-13T09:26:08.415+0000] {logging_mixin.py:149} INFO - [2023-09-13T09:26:08.415+0000] {dag.py:2726} INFO - Sync 1 DAGs
[2023-09-13T09:26:08.456+0000] {logging_mixin.py:149} INFO - [2023-09-13T09:26:08.455+0000] {dag.py:3490} INFO - Setting next_dagrun for example_branch_labels to 2023-09-12T00:00:00+00:00, run_after=2023-09-13T00:00:00+00:00
[2023-09-13T09:26:08.488+0000] {processor.py:178} INFO - Processing /home/airflow/.local/lib/python3.7/site-packages/airflow/example_dags/example_branch_labels.py took 0.139 seconds
