[2023-09-13T07:58:55.382+0000] {processor.py:156} INFO - Started process (PID=66) to work on /home/airflow/.local/lib/python3.7/site-packages/airflow/example_dags/example_time_delta_sensor_async.py
[2023-09-13T07:58:55.387+0000] {processor.py:799} INFO - Processing file /home/airflow/.local/lib/python3.7/site-packages/airflow/example_dags/example_time_delta_sensor_async.py for tasks to queue
[2023-09-13T07:58:55.390+0000] {logging_mixin.py:149} INFO - [2023-09-13T07:58:55.390+0000] {dagbag.py:541} INFO - Filling up the DagBag from /home/airflow/.local/lib/python3.7/site-packages/airflow/example_dags/example_time_delta_sensor_async.py
[2023-09-13T07:58:55.425+0000] {processor.py:809} INFO - DAG(s) dict_keys(['example_time_delta_sensor_async']) retrieved from /home/airflow/.local/lib/python3.7/site-packages/airflow/example_dags/example_time_delta_sensor_async.py
[2023-09-13T07:58:55.511+0000] {logging_mixin.py:149} INFO - [2023-09-13T07:58:55.510+0000] {dag.py:2726} INFO - Sync 1 DAGs
[2023-09-13T07:58:55.588+0000] {logging_mixin.py:149} INFO - [2023-09-13T07:58:55.588+0000] {dag.py:3490} INFO - Setting next_dagrun for example_time_delta_sensor_async to None, run_after=None
[2023-09-13T07:58:55.652+0000] {processor.py:178} INFO - Processing /home/airflow/.local/lib/python3.7/site-packages/airflow/example_dags/example_time_delta_sensor_async.py took 0.283 seconds
[2023-09-13T07:59:26.029+0000] {processor.py:156} INFO - Started process (PID=126) to work on /home/airflow/.local/lib/python3.7/site-packages/airflow/example_dags/example_time_delta_sensor_async.py
[2023-09-13T07:59:26.032+0000] {processor.py:799} INFO - Processing file /home/airflow/.local/lib/python3.7/site-packages/airflow/example_dags/example_time_delta_sensor_async.py for tasks to queue
[2023-09-13T07:59:26.034+0000] {logging_mixin.py:149} INFO - [2023-09-13T07:59:26.034+0000] {dagbag.py:541} INFO - Filling up the DagBag from /home/airflow/.local/lib/python3.7/site-packages/airflow/example_dags/example_time_delta_sensor_async.py
[2023-09-13T07:59:26.044+0000] {processor.py:809} INFO - DAG(s) dict_keys(['example_time_delta_sensor_async']) retrieved from /home/airflow/.local/lib/python3.7/site-packages/airflow/example_dags/example_time_delta_sensor_async.py
[2023-09-13T07:59:26.099+0000] {logging_mixin.py:149} INFO - [2023-09-13T07:59:26.099+0000] {dag.py:2726} INFO - Sync 1 DAGs
[2023-09-13T07:59:26.161+0000] {logging_mixin.py:149} INFO - [2023-09-13T07:59:26.161+0000] {dag.py:3490} INFO - Setting next_dagrun for example_time_delta_sensor_async to None, run_after=None
[2023-09-13T07:59:26.216+0000] {processor.py:178} INFO - Processing /home/airflow/.local/lib/python3.7/site-packages/airflow/example_dags/example_time_delta_sensor_async.py took 0.197 seconds
[2023-09-13T07:59:58.588+0000] {processor.py:156} INFO - Started process (PID=186) to work on /home/airflow/.local/lib/python3.7/site-packages/airflow/example_dags/example_time_delta_sensor_async.py
[2023-09-13T07:59:58.590+0000] {processor.py:799} INFO - Processing file /home/airflow/.local/lib/python3.7/site-packages/airflow/example_dags/example_time_delta_sensor_async.py for tasks to queue
[2023-09-13T07:59:58.593+0000] {logging_mixin.py:149} INFO - [2023-09-13T07:59:58.593+0000] {dagbag.py:541} INFO - Filling up the DagBag from /home/airflow/.local/lib/python3.7/site-packages/airflow/example_dags/example_time_delta_sensor_async.py
[2023-09-13T07:59:58.603+0000] {processor.py:809} INFO - DAG(s) dict_keys(['example_time_delta_sensor_async']) retrieved from /home/airflow/.local/lib/python3.7/site-packages/airflow/example_dags/example_time_delta_sensor_async.py
[2023-09-13T07:59:58.662+0000] {logging_mixin.py:149} INFO - [2023-09-13T07:59:58.662+0000] {dag.py:2726} INFO - Sync 1 DAGs
[2023-09-13T07:59:58.894+0000] {logging_mixin.py:149} INFO - [2023-09-13T07:59:58.894+0000] {dag.py:3490} INFO - Setting next_dagrun for example_time_delta_sensor_async to None, run_after=None
[2023-09-13T07:59:58.942+0000] {processor.py:178} INFO - Processing /home/airflow/.local/lib/python3.7/site-packages/airflow/example_dags/example_time_delta_sensor_async.py took 0.361 seconds
[2023-09-13T08:00:29.876+0000] {processor.py:156} INFO - Started process (PID=246) to work on /home/airflow/.local/lib/python3.7/site-packages/airflow/example_dags/example_time_delta_sensor_async.py
[2023-09-13T08:00:29.880+0000] {processor.py:799} INFO - Processing file /home/airflow/.local/lib/python3.7/site-packages/airflow/example_dags/example_time_delta_sensor_async.py for tasks to queue
[2023-09-13T08:00:29.884+0000] {logging_mixin.py:149} INFO - [2023-09-13T08:00:29.884+0000] {dagbag.py:541} INFO - Filling up the DagBag from /home/airflow/.local/lib/python3.7/site-packages/airflow/example_dags/example_time_delta_sensor_async.py
[2023-09-13T08:00:29.895+0000] {processor.py:809} INFO - DAG(s) dict_keys(['example_time_delta_sensor_async']) retrieved from /home/airflow/.local/lib/python3.7/site-packages/airflow/example_dags/example_time_delta_sensor_async.py
[2023-09-13T08:00:29.988+0000] {logging_mixin.py:149} INFO - [2023-09-13T08:00:29.988+0000] {dag.py:2726} INFO - Sync 1 DAGs
[2023-09-13T08:00:30.091+0000] {logging_mixin.py:149} INFO - [2023-09-13T08:00:30.090+0000] {dag.py:3490} INFO - Setting next_dagrun for example_time_delta_sensor_async to None, run_after=None
[2023-09-13T08:00:30.161+0000] {processor.py:178} INFO - Processing /home/airflow/.local/lib/python3.7/site-packages/airflow/example_dags/example_time_delta_sensor_async.py took 0.292 seconds
[2023-09-13T08:01:02.615+0000] {processor.py:156} INFO - Started process (PID=306) to work on /home/airflow/.local/lib/python3.7/site-packages/airflow/example_dags/example_time_delta_sensor_async.py
[2023-09-13T08:01:02.622+0000] {processor.py:799} INFO - Processing file /home/airflow/.local/lib/python3.7/site-packages/airflow/example_dags/example_time_delta_sensor_async.py for tasks to queue
[2023-09-13T08:01:02.627+0000] {logging_mixin.py:149} INFO - [2023-09-13T08:01:02.626+0000] {dagbag.py:541} INFO - Filling up the DagBag from /home/airflow/.local/lib/python3.7/site-packages/airflow/example_dags/example_time_delta_sensor_async.py
[2023-09-13T08:01:02.648+0000] {processor.py:809} INFO - DAG(s) dict_keys(['example_time_delta_sensor_async']) retrieved from /home/airflow/.local/lib/python3.7/site-packages/airflow/example_dags/example_time_delta_sensor_async.py
[2023-09-13T08:01:02.757+0000] {logging_mixin.py:149} INFO - [2023-09-13T08:01:02.756+0000] {dag.py:2726} INFO - Sync 1 DAGs
[2023-09-13T08:01:02.929+0000] {logging_mixin.py:149} INFO - [2023-09-13T08:01:02.928+0000] {dag.py:3490} INFO - Setting next_dagrun for example_time_delta_sensor_async to None, run_after=None
[2023-09-13T08:01:03.044+0000] {processor.py:178} INFO - Processing /home/airflow/.local/lib/python3.7/site-packages/airflow/example_dags/example_time_delta_sensor_async.py took 0.439 seconds
[2023-09-13T08:01:33.706+0000] {processor.py:156} INFO - Started process (PID=366) to work on /home/airflow/.local/lib/python3.7/site-packages/airflow/example_dags/example_time_delta_sensor_async.py
[2023-09-13T08:01:33.723+0000] {processor.py:799} INFO - Processing file /home/airflow/.local/lib/python3.7/site-packages/airflow/example_dags/example_time_delta_sensor_async.py for tasks to queue
[2023-09-13T08:01:33.745+0000] {logging_mixin.py:149} INFO - [2023-09-13T08:01:33.743+0000] {dagbag.py:541} INFO - Filling up the DagBag from /home/airflow/.local/lib/python3.7/site-packages/airflow/example_dags/example_time_delta_sensor_async.py
[2023-09-13T08:01:33.820+0000] {processor.py:809} INFO - DAG(s) dict_keys(['example_time_delta_sensor_async']) retrieved from /home/airflow/.local/lib/python3.7/site-packages/airflow/example_dags/example_time_delta_sensor_async.py
[2023-09-13T08:01:34.034+0000] {logging_mixin.py:149} INFO - [2023-09-13T08:01:34.033+0000] {dag.py:2726} INFO - Sync 1 DAGs
[2023-09-13T08:01:34.282+0000] {logging_mixin.py:149} INFO - [2023-09-13T08:01:34.281+0000] {dag.py:3490} INFO - Setting next_dagrun for example_time_delta_sensor_async to None, run_after=None
[2023-09-13T08:01:34.422+0000] {processor.py:178} INFO - Processing /home/airflow/.local/lib/python3.7/site-packages/airflow/example_dags/example_time_delta_sensor_async.py took 0.767 seconds
[2023-09-13T08:02:04.764+0000] {processor.py:156} INFO - Started process (PID=426) to work on /home/airflow/.local/lib/python3.7/site-packages/airflow/example_dags/example_time_delta_sensor_async.py
[2023-09-13T08:02:04.767+0000] {processor.py:799} INFO - Processing file /home/airflow/.local/lib/python3.7/site-packages/airflow/example_dags/example_time_delta_sensor_async.py for tasks to queue
[2023-09-13T08:02:04.779+0000] {logging_mixin.py:149} INFO - [2023-09-13T08:02:04.778+0000] {dagbag.py:541} INFO - Filling up the DagBag from /home/airflow/.local/lib/python3.7/site-packages/airflow/example_dags/example_time_delta_sensor_async.py
[2023-09-13T08:02:04.798+0000] {processor.py:809} INFO - DAG(s) dict_keys(['example_time_delta_sensor_async']) retrieved from /home/airflow/.local/lib/python3.7/site-packages/airflow/example_dags/example_time_delta_sensor_async.py
[2023-09-13T08:02:04.860+0000] {logging_mixin.py:149} INFO - [2023-09-13T08:02:04.860+0000] {dag.py:2726} INFO - Sync 1 DAGs
[2023-09-13T08:02:04.950+0000] {logging_mixin.py:149} INFO - [2023-09-13T08:02:04.950+0000] {dag.py:3490} INFO - Setting next_dagrun for example_time_delta_sensor_async to None, run_after=None
[2023-09-13T08:02:05.020+0000] {processor.py:178} INFO - Processing /home/airflow/.local/lib/python3.7/site-packages/airflow/example_dags/example_time_delta_sensor_async.py took 0.266 seconds
[2023-09-13T08:02:35.467+0000] {processor.py:156} INFO - Started process (PID=486) to work on /home/airflow/.local/lib/python3.7/site-packages/airflow/example_dags/example_time_delta_sensor_async.py
[2023-09-13T08:02:35.470+0000] {processor.py:799} INFO - Processing file /home/airflow/.local/lib/python3.7/site-packages/airflow/example_dags/example_time_delta_sensor_async.py for tasks to queue
[2023-09-13T08:02:35.473+0000] {logging_mixin.py:149} INFO - [2023-09-13T08:02:35.472+0000] {dagbag.py:541} INFO - Filling up the DagBag from /home/airflow/.local/lib/python3.7/site-packages/airflow/example_dags/example_time_delta_sensor_async.py
[2023-09-13T08:02:35.485+0000] {processor.py:809} INFO - DAG(s) dict_keys(['example_time_delta_sensor_async']) retrieved from /home/airflow/.local/lib/python3.7/site-packages/airflow/example_dags/example_time_delta_sensor_async.py
[2023-09-13T08:02:35.536+0000] {logging_mixin.py:149} INFO - [2023-09-13T08:02:35.535+0000] {dag.py:2726} INFO - Sync 1 DAGs
[2023-09-13T08:02:35.588+0000] {logging_mixin.py:149} INFO - [2023-09-13T08:02:35.588+0000] {dag.py:3490} INFO - Setting next_dagrun for example_time_delta_sensor_async to None, run_after=None
[2023-09-13T08:02:35.636+0000] {processor.py:178} INFO - Processing /home/airflow/.local/lib/python3.7/site-packages/airflow/example_dags/example_time_delta_sensor_async.py took 0.174 seconds
[2023-09-13T08:03:08.763+0000] {processor.py:156} INFO - Started process (PID=546) to work on /home/airflow/.local/lib/python3.7/site-packages/airflow/example_dags/example_time_delta_sensor_async.py
[2023-09-13T08:03:08.767+0000] {processor.py:799} INFO - Processing file /home/airflow/.local/lib/python3.7/site-packages/airflow/example_dags/example_time_delta_sensor_async.py for tasks to queue
[2023-09-13T08:03:08.770+0000] {logging_mixin.py:149} INFO - [2023-09-13T08:03:08.769+0000] {dagbag.py:541} INFO - Filling up the DagBag from /home/airflow/.local/lib/python3.7/site-packages/airflow/example_dags/example_time_delta_sensor_async.py
[2023-09-13T08:03:08.783+0000] {processor.py:809} INFO - DAG(s) dict_keys(['example_time_delta_sensor_async']) retrieved from /home/airflow/.local/lib/python3.7/site-packages/airflow/example_dags/example_time_delta_sensor_async.py
[2023-09-13T08:03:08.891+0000] {logging_mixin.py:149} INFO - [2023-09-13T08:03:08.890+0000] {dag.py:2726} INFO - Sync 1 DAGs
[2023-09-13T08:03:08.993+0000] {logging_mixin.py:149} INFO - [2023-09-13T08:03:08.992+0000] {dag.py:3490} INFO - Setting next_dagrun for example_time_delta_sensor_async to None, run_after=None
[2023-09-13T08:03:09.077+0000] {processor.py:178} INFO - Processing /home/airflow/.local/lib/python3.7/site-packages/airflow/example_dags/example_time_delta_sensor_async.py took 0.325 seconds
[2023-09-13T08:03:40.531+0000] {processor.py:156} INFO - Started process (PID=606) to work on /home/airflow/.local/lib/python3.7/site-packages/airflow/example_dags/example_time_delta_sensor_async.py
[2023-09-13T08:03:40.534+0000] {processor.py:799} INFO - Processing file /home/airflow/.local/lib/python3.7/site-packages/airflow/example_dags/example_time_delta_sensor_async.py for tasks to queue
[2023-09-13T08:03:40.545+0000] {logging_mixin.py:149} INFO - [2023-09-13T08:03:40.545+0000] {dagbag.py:541} INFO - Filling up the DagBag from /home/airflow/.local/lib/python3.7/site-packages/airflow/example_dags/example_time_delta_sensor_async.py
[2023-09-13T08:03:40.577+0000] {processor.py:809} INFO - DAG(s) dict_keys(['example_time_delta_sensor_async']) retrieved from /home/airflow/.local/lib/python3.7/site-packages/airflow/example_dags/example_time_delta_sensor_async.py
[2023-09-13T08:03:40.725+0000] {logging_mixin.py:149} INFO - [2023-09-13T08:03:40.724+0000] {dag.py:2726} INFO - Sync 1 DAGs
[2023-09-13T08:03:40.840+0000] {logging_mixin.py:149} INFO - [2023-09-13T08:03:40.839+0000] {dag.py:3490} INFO - Setting next_dagrun for example_time_delta_sensor_async to None, run_after=None
[2023-09-13T08:03:40.974+0000] {processor.py:178} INFO - Processing /home/airflow/.local/lib/python3.7/site-packages/airflow/example_dags/example_time_delta_sensor_async.py took 0.456 seconds
[2023-09-13T08:04:11.836+0000] {processor.py:156} INFO - Started process (PID=667) to work on /home/airflow/.local/lib/python3.7/site-packages/airflow/example_dags/example_time_delta_sensor_async.py
[2023-09-13T08:04:11.844+0000] {processor.py:799} INFO - Processing file /home/airflow/.local/lib/python3.7/site-packages/airflow/example_dags/example_time_delta_sensor_async.py for tasks to queue
[2023-09-13T08:04:11.847+0000] {logging_mixin.py:149} INFO - [2023-09-13T08:04:11.846+0000] {dagbag.py:541} INFO - Filling up the DagBag from /home/airflow/.local/lib/python3.7/site-packages/airflow/example_dags/example_time_delta_sensor_async.py
[2023-09-13T08:04:11.864+0000] {processor.py:809} INFO - DAG(s) dict_keys(['example_time_delta_sensor_async']) retrieved from /home/airflow/.local/lib/python3.7/site-packages/airflow/example_dags/example_time_delta_sensor_async.py
[2023-09-13T08:04:11.939+0000] {logging_mixin.py:149} INFO - [2023-09-13T08:04:11.938+0000] {dag.py:2726} INFO - Sync 1 DAGs
[2023-09-13T08:04:12.054+0000] {logging_mixin.py:149} INFO - [2023-09-13T08:04:12.053+0000] {dag.py:3490} INFO - Setting next_dagrun for example_time_delta_sensor_async to None, run_after=None
[2023-09-13T08:04:12.194+0000] {processor.py:178} INFO - Processing /home/airflow/.local/lib/python3.7/site-packages/airflow/example_dags/example_time_delta_sensor_async.py took 0.367 seconds
[2023-09-13T08:04:42.686+0000] {processor.py:156} INFO - Started process (PID=734) to work on /home/airflow/.local/lib/python3.7/site-packages/airflow/example_dags/example_time_delta_sensor_async.py
[2023-09-13T08:04:42.689+0000] {processor.py:799} INFO - Processing file /home/airflow/.local/lib/python3.7/site-packages/airflow/example_dags/example_time_delta_sensor_async.py for tasks to queue
[2023-09-13T08:04:42.692+0000] {logging_mixin.py:149} INFO - [2023-09-13T08:04:42.692+0000] {dagbag.py:541} INFO - Filling up the DagBag from /home/airflow/.local/lib/python3.7/site-packages/airflow/example_dags/example_time_delta_sensor_async.py
[2023-09-13T08:04:42.703+0000] {processor.py:809} INFO - DAG(s) dict_keys(['example_time_delta_sensor_async']) retrieved from /home/airflow/.local/lib/python3.7/site-packages/airflow/example_dags/example_time_delta_sensor_async.py
[2023-09-13T08:04:42.779+0000] {logging_mixin.py:149} INFO - [2023-09-13T08:04:42.779+0000] {dag.py:2726} INFO - Sync 1 DAGs
[2023-09-13T08:04:42.859+0000] {logging_mixin.py:149} INFO - [2023-09-13T08:04:42.859+0000] {dag.py:3490} INFO - Setting next_dagrun for example_time_delta_sensor_async to None, run_after=None
[2023-09-13T08:04:42.942+0000] {processor.py:178} INFO - Processing /home/airflow/.local/lib/python3.7/site-packages/airflow/example_dags/example_time_delta_sensor_async.py took 0.265 seconds
[2023-09-13T08:05:13.715+0000] {processor.py:156} INFO - Started process (PID=795) to work on /home/airflow/.local/lib/python3.7/site-packages/airflow/example_dags/example_time_delta_sensor_async.py
[2023-09-13T08:05:13.718+0000] {processor.py:799} INFO - Processing file /home/airflow/.local/lib/python3.7/site-packages/airflow/example_dags/example_time_delta_sensor_async.py for tasks to queue
[2023-09-13T08:05:13.721+0000] {logging_mixin.py:149} INFO - [2023-09-13T08:05:13.720+0000] {dagbag.py:541} INFO - Filling up the DagBag from /home/airflow/.local/lib/python3.7/site-packages/airflow/example_dags/example_time_delta_sensor_async.py
[2023-09-13T08:05:13.730+0000] {processor.py:809} INFO - DAG(s) dict_keys(['example_time_delta_sensor_async']) retrieved from /home/airflow/.local/lib/python3.7/site-packages/airflow/example_dags/example_time_delta_sensor_async.py
[2023-09-13T08:05:13.790+0000] {logging_mixin.py:149} INFO - [2023-09-13T08:05:13.790+0000] {dag.py:2726} INFO - Sync 1 DAGs
[2023-09-13T08:05:13.852+0000] {logging_mixin.py:149} INFO - [2023-09-13T08:05:13.852+0000] {dag.py:3490} INFO - Setting next_dagrun for example_time_delta_sensor_async to None, run_after=None
[2023-09-13T08:05:13.903+0000] {processor.py:178} INFO - Processing /home/airflow/.local/lib/python3.7/site-packages/airflow/example_dags/example_time_delta_sensor_async.py took 0.193 seconds
[2023-09-13T08:05:48.762+0000] {processor.py:156} INFO - Started process (PID=855) to work on /home/airflow/.local/lib/python3.7/site-packages/airflow/example_dags/example_time_delta_sensor_async.py
[2023-09-13T08:05:48.776+0000] {processor.py:799} INFO - Processing file /home/airflow/.local/lib/python3.7/site-packages/airflow/example_dags/example_time_delta_sensor_async.py for tasks to queue
[2023-09-13T08:05:48.780+0000] {logging_mixin.py:149} INFO - [2023-09-13T08:05:48.780+0000] {dagbag.py:541} INFO - Filling up the DagBag from /home/airflow/.local/lib/python3.7/site-packages/airflow/example_dags/example_time_delta_sensor_async.py
[2023-09-13T08:05:48.824+0000] {processor.py:809} INFO - DAG(s) dict_keys(['example_time_delta_sensor_async']) retrieved from /home/airflow/.local/lib/python3.7/site-packages/airflow/example_dags/example_time_delta_sensor_async.py
[2023-09-13T08:05:49.009+0000] {logging_mixin.py:149} INFO - [2023-09-13T08:05:49.009+0000] {dag.py:2726} INFO - Sync 1 DAGs
[2023-09-13T08:05:49.284+0000] {logging_mixin.py:149} INFO - [2023-09-13T08:05:49.284+0000] {dag.py:3490} INFO - Setting next_dagrun for example_time_delta_sensor_async to None, run_after=None
[2023-09-13T08:05:49.445+0000] {processor.py:178} INFO - Processing /home/airflow/.local/lib/python3.7/site-packages/airflow/example_dags/example_time_delta_sensor_async.py took 0.694 seconds
[2023-09-13T08:06:19.650+0000] {processor.py:156} INFO - Started process (PID=915) to work on /home/airflow/.local/lib/python3.7/site-packages/airflow/example_dags/example_time_delta_sensor_async.py
[2023-09-13T08:06:19.653+0000] {processor.py:799} INFO - Processing file /home/airflow/.local/lib/python3.7/site-packages/airflow/example_dags/example_time_delta_sensor_async.py for tasks to queue
[2023-09-13T08:06:19.656+0000] {logging_mixin.py:149} INFO - [2023-09-13T08:06:19.655+0000] {dagbag.py:541} INFO - Filling up the DagBag from /home/airflow/.local/lib/python3.7/site-packages/airflow/example_dags/example_time_delta_sensor_async.py
[2023-09-13T08:06:19.668+0000] {processor.py:809} INFO - DAG(s) dict_keys(['example_time_delta_sensor_async']) retrieved from /home/airflow/.local/lib/python3.7/site-packages/airflow/example_dags/example_time_delta_sensor_async.py
[2023-09-13T08:06:19.717+0000] {logging_mixin.py:149} INFO - [2023-09-13T08:06:19.716+0000] {dag.py:2726} INFO - Sync 1 DAGs
[2023-09-13T08:06:19.768+0000] {logging_mixin.py:149} INFO - [2023-09-13T08:06:19.768+0000] {dag.py:3490} INFO - Setting next_dagrun for example_time_delta_sensor_async to None, run_after=None
[2023-09-13T08:06:19.835+0000] {processor.py:178} INFO - Processing /home/airflow/.local/lib/python3.7/site-packages/airflow/example_dags/example_time_delta_sensor_async.py took 0.192 seconds
[2023-09-13T08:06:50.679+0000] {processor.py:156} INFO - Started process (PID=975) to work on /home/airflow/.local/lib/python3.7/site-packages/airflow/example_dags/example_time_delta_sensor_async.py
[2023-09-13T08:06:50.682+0000] {processor.py:799} INFO - Processing file /home/airflow/.local/lib/python3.7/site-packages/airflow/example_dags/example_time_delta_sensor_async.py for tasks to queue
[2023-09-13T08:06:50.685+0000] {logging_mixin.py:149} INFO - [2023-09-13T08:06:50.684+0000] {dagbag.py:541} INFO - Filling up the DagBag from /home/airflow/.local/lib/python3.7/site-packages/airflow/example_dags/example_time_delta_sensor_async.py
[2023-09-13T08:06:50.701+0000] {processor.py:809} INFO - DAG(s) dict_keys(['example_time_delta_sensor_async']) retrieved from /home/airflow/.local/lib/python3.7/site-packages/airflow/example_dags/example_time_delta_sensor_async.py
[2023-09-13T08:06:50.837+0000] {logging_mixin.py:149} INFO - [2023-09-13T08:06:50.837+0000] {dag.py:2726} INFO - Sync 1 DAGs
[2023-09-13T08:06:50.928+0000] {logging_mixin.py:149} INFO - [2023-09-13T08:06:50.927+0000] {dag.py:3490} INFO - Setting next_dagrun for example_time_delta_sensor_async to None, run_after=None
[2023-09-13T08:06:51.015+0000] {processor.py:178} INFO - Processing /home/airflow/.local/lib/python3.7/site-packages/airflow/example_dags/example_time_delta_sensor_async.py took 0.343 seconds
[2023-09-13T08:07:21.262+0000] {processor.py:156} INFO - Started process (PID=1035) to work on /home/airflow/.local/lib/python3.7/site-packages/airflow/example_dags/example_time_delta_sensor_async.py
[2023-09-13T08:07:21.265+0000] {processor.py:799} INFO - Processing file /home/airflow/.local/lib/python3.7/site-packages/airflow/example_dags/example_time_delta_sensor_async.py for tasks to queue
[2023-09-13T08:07:21.268+0000] {logging_mixin.py:149} INFO - [2023-09-13T08:07:21.268+0000] {dagbag.py:541} INFO - Filling up the DagBag from /home/airflow/.local/lib/python3.7/site-packages/airflow/example_dags/example_time_delta_sensor_async.py
[2023-09-13T08:07:21.277+0000] {processor.py:809} INFO - DAG(s) dict_keys(['example_time_delta_sensor_async']) retrieved from /home/airflow/.local/lib/python3.7/site-packages/airflow/example_dags/example_time_delta_sensor_async.py
[2023-09-13T08:07:21.341+0000] {logging_mixin.py:149} INFO - [2023-09-13T08:07:21.341+0000] {dag.py:2726} INFO - Sync 1 DAGs
[2023-09-13T08:07:21.418+0000] {logging_mixin.py:149} INFO - [2023-09-13T08:07:21.417+0000] {dag.py:3490} INFO - Setting next_dagrun for example_time_delta_sensor_async to None, run_after=None
[2023-09-13T08:07:21.481+0000] {processor.py:178} INFO - Processing /home/airflow/.local/lib/python3.7/site-packages/airflow/example_dags/example_time_delta_sensor_async.py took 0.225 seconds
[2023-09-13T08:07:51.927+0000] {processor.py:156} INFO - Started process (PID=1094) to work on /home/airflow/.local/lib/python3.7/site-packages/airflow/example_dags/example_time_delta_sensor_async.py
[2023-09-13T08:07:51.930+0000] {processor.py:799} INFO - Processing file /home/airflow/.local/lib/python3.7/site-packages/airflow/example_dags/example_time_delta_sensor_async.py for tasks to queue
[2023-09-13T08:07:51.932+0000] {logging_mixin.py:149} INFO - [2023-09-13T08:07:51.932+0000] {dagbag.py:541} INFO - Filling up the DagBag from /home/airflow/.local/lib/python3.7/site-packages/airflow/example_dags/example_time_delta_sensor_async.py
[2023-09-13T08:07:51.946+0000] {processor.py:809} INFO - DAG(s) dict_keys(['example_time_delta_sensor_async']) retrieved from /home/airflow/.local/lib/python3.7/site-packages/airflow/example_dags/example_time_delta_sensor_async.py
[2023-09-13T08:07:52.027+0000] {logging_mixin.py:149} INFO - [2023-09-13T08:07:52.027+0000] {dag.py:2726} INFO - Sync 1 DAGs
[2023-09-13T08:07:52.116+0000] {logging_mixin.py:149} INFO - [2023-09-13T08:07:52.115+0000] {dag.py:3490} INFO - Setting next_dagrun for example_time_delta_sensor_async to None, run_after=None
[2023-09-13T08:07:52.176+0000] {processor.py:178} INFO - Processing /home/airflow/.local/lib/python3.7/site-packages/airflow/example_dags/example_time_delta_sensor_async.py took 0.258 seconds
[2023-09-13T08:08:22.569+0000] {processor.py:156} INFO - Started process (PID=1154) to work on /home/airflow/.local/lib/python3.7/site-packages/airflow/example_dags/example_time_delta_sensor_async.py
[2023-09-13T08:08:22.573+0000] {processor.py:799} INFO - Processing file /home/airflow/.local/lib/python3.7/site-packages/airflow/example_dags/example_time_delta_sensor_async.py for tasks to queue
[2023-09-13T08:08:22.576+0000] {logging_mixin.py:149} INFO - [2023-09-13T08:08:22.575+0000] {dagbag.py:541} INFO - Filling up the DagBag from /home/airflow/.local/lib/python3.7/site-packages/airflow/example_dags/example_time_delta_sensor_async.py
[2023-09-13T08:08:22.587+0000] {processor.py:809} INFO - DAG(s) dict_keys(['example_time_delta_sensor_async']) retrieved from /home/airflow/.local/lib/python3.7/site-packages/airflow/example_dags/example_time_delta_sensor_async.py
[2023-09-13T08:08:22.648+0000] {logging_mixin.py:149} INFO - [2023-09-13T08:08:22.647+0000] {dag.py:2726} INFO - Sync 1 DAGs
[2023-09-13T08:08:22.720+0000] {logging_mixin.py:149} INFO - [2023-09-13T08:08:22.720+0000] {dag.py:3490} INFO - Setting next_dagrun for example_time_delta_sensor_async to None, run_after=None
[2023-09-13T08:08:22.776+0000] {processor.py:178} INFO - Processing /home/airflow/.local/lib/python3.7/site-packages/airflow/example_dags/example_time_delta_sensor_async.py took 0.215 seconds
[2023-09-13T08:08:53.534+0000] {processor.py:156} INFO - Started process (PID=1214) to work on /home/airflow/.local/lib/python3.7/site-packages/airflow/example_dags/example_time_delta_sensor_async.py
[2023-09-13T08:08:53.538+0000] {processor.py:799} INFO - Processing file /home/airflow/.local/lib/python3.7/site-packages/airflow/example_dags/example_time_delta_sensor_async.py for tasks to queue
[2023-09-13T08:08:53.548+0000] {logging_mixin.py:149} INFO - [2023-09-13T08:08:53.547+0000] {dagbag.py:541} INFO - Filling up the DagBag from /home/airflow/.local/lib/python3.7/site-packages/airflow/example_dags/example_time_delta_sensor_async.py
[2023-09-13T08:08:53.567+0000] {processor.py:809} INFO - DAG(s) dict_keys(['example_time_delta_sensor_async']) retrieved from /home/airflow/.local/lib/python3.7/site-packages/airflow/example_dags/example_time_delta_sensor_async.py
[2023-09-13T08:08:53.678+0000] {logging_mixin.py:149} INFO - [2023-09-13T08:08:53.677+0000] {dag.py:2726} INFO - Sync 1 DAGs
[2023-09-13T08:08:53.837+0000] {logging_mixin.py:149} INFO - [2023-09-13T08:08:53.837+0000] {dag.py:3490} INFO - Setting next_dagrun for example_time_delta_sensor_async to None, run_after=None
[2023-09-13T08:08:53.948+0000] {processor.py:178} INFO - Processing /home/airflow/.local/lib/python3.7/site-packages/airflow/example_dags/example_time_delta_sensor_async.py took 0.421 seconds
[2023-09-13T08:09:24.390+0000] {processor.py:156} INFO - Started process (PID=1274) to work on /home/airflow/.local/lib/python3.7/site-packages/airflow/example_dags/example_time_delta_sensor_async.py
[2023-09-13T08:09:24.392+0000] {processor.py:799} INFO - Processing file /home/airflow/.local/lib/python3.7/site-packages/airflow/example_dags/example_time_delta_sensor_async.py for tasks to queue
[2023-09-13T08:09:24.394+0000] {logging_mixin.py:149} INFO - [2023-09-13T08:09:24.394+0000] {dagbag.py:541} INFO - Filling up the DagBag from /home/airflow/.local/lib/python3.7/site-packages/airflow/example_dags/example_time_delta_sensor_async.py
[2023-09-13T08:09:24.403+0000] {processor.py:809} INFO - DAG(s) dict_keys(['example_time_delta_sensor_async']) retrieved from /home/airflow/.local/lib/python3.7/site-packages/airflow/example_dags/example_time_delta_sensor_async.py
[2023-09-13T08:09:24.460+0000] {logging_mixin.py:149} INFO - [2023-09-13T08:09:24.459+0000] {dag.py:2726} INFO - Sync 1 DAGs
[2023-09-13T08:09:24.517+0000] {logging_mixin.py:149} INFO - [2023-09-13T08:09:24.517+0000] {dag.py:3490} INFO - Setting next_dagrun for example_time_delta_sensor_async to None, run_after=None
[2023-09-13T08:09:24.568+0000] {processor.py:178} INFO - Processing /home/airflow/.local/lib/python3.7/site-packages/airflow/example_dags/example_time_delta_sensor_async.py took 0.184 seconds
[2023-09-13T08:09:54.933+0000] {processor.py:156} INFO - Started process (PID=1334) to work on /home/airflow/.local/lib/python3.7/site-packages/airflow/example_dags/example_time_delta_sensor_async.py
[2023-09-13T08:09:54.935+0000] {processor.py:799} INFO - Processing file /home/airflow/.local/lib/python3.7/site-packages/airflow/example_dags/example_time_delta_sensor_async.py for tasks to queue
[2023-09-13T08:09:54.938+0000] {logging_mixin.py:149} INFO - [2023-09-13T08:09:54.938+0000] {dagbag.py:541} INFO - Filling up the DagBag from /home/airflow/.local/lib/python3.7/site-packages/airflow/example_dags/example_time_delta_sensor_async.py
[2023-09-13T08:09:54.947+0000] {processor.py:809} INFO - DAG(s) dict_keys(['example_time_delta_sensor_async']) retrieved from /home/airflow/.local/lib/python3.7/site-packages/airflow/example_dags/example_time_delta_sensor_async.py
[2023-09-13T08:09:55.007+0000] {logging_mixin.py:149} INFO - [2023-09-13T08:09:55.006+0000] {dag.py:2726} INFO - Sync 1 DAGs
[2023-09-13T08:09:55.074+0000] {logging_mixin.py:149} INFO - [2023-09-13T08:09:55.074+0000] {dag.py:3490} INFO - Setting next_dagrun for example_time_delta_sensor_async to None, run_after=None
[2023-09-13T08:09:55.141+0000] {processor.py:178} INFO - Processing /home/airflow/.local/lib/python3.7/site-packages/airflow/example_dags/example_time_delta_sensor_async.py took 0.213 seconds
[2023-09-13T08:10:25.349+0000] {processor.py:156} INFO - Started process (PID=1394) to work on /home/airflow/.local/lib/python3.7/site-packages/airflow/example_dags/example_time_delta_sensor_async.py
[2023-09-13T08:10:25.353+0000] {processor.py:799} INFO - Processing file /home/airflow/.local/lib/python3.7/site-packages/airflow/example_dags/example_time_delta_sensor_async.py for tasks to queue
[2023-09-13T08:10:25.356+0000] {logging_mixin.py:149} INFO - [2023-09-13T08:10:25.355+0000] {dagbag.py:541} INFO - Filling up the DagBag from /home/airflow/.local/lib/python3.7/site-packages/airflow/example_dags/example_time_delta_sensor_async.py
[2023-09-13T08:10:25.363+0000] {processor.py:809} INFO - DAG(s) dict_keys(['example_time_delta_sensor_async']) retrieved from /home/airflow/.local/lib/python3.7/site-packages/airflow/example_dags/example_time_delta_sensor_async.py
[2023-09-13T08:10:25.422+0000] {logging_mixin.py:149} INFO - [2023-09-13T08:10:25.422+0000] {dag.py:2726} INFO - Sync 1 DAGs
[2023-09-13T08:10:25.479+0000] {logging_mixin.py:149} INFO - [2023-09-13T08:10:25.478+0000] {dag.py:3490} INFO - Setting next_dagrun for example_time_delta_sensor_async to None, run_after=None
[2023-09-13T08:10:25.526+0000] {processor.py:178} INFO - Processing /home/airflow/.local/lib/python3.7/site-packages/airflow/example_dags/example_time_delta_sensor_async.py took 0.186 seconds
[2023-09-13T08:10:56.056+0000] {processor.py:156} INFO - Started process (PID=1455) to work on /home/airflow/.local/lib/python3.7/site-packages/airflow/example_dags/example_time_delta_sensor_async.py
[2023-09-13T08:10:56.059+0000] {processor.py:799} INFO - Processing file /home/airflow/.local/lib/python3.7/site-packages/airflow/example_dags/example_time_delta_sensor_async.py for tasks to queue
[2023-09-13T08:10:56.063+0000] {logging_mixin.py:149} INFO - [2023-09-13T08:10:56.062+0000] {dagbag.py:541} INFO - Filling up the DagBag from /home/airflow/.local/lib/python3.7/site-packages/airflow/example_dags/example_time_delta_sensor_async.py
[2023-09-13T08:10:56.079+0000] {processor.py:809} INFO - DAG(s) dict_keys(['example_time_delta_sensor_async']) retrieved from /home/airflow/.local/lib/python3.7/site-packages/airflow/example_dags/example_time_delta_sensor_async.py
[2023-09-13T08:10:56.149+0000] {logging_mixin.py:149} INFO - [2023-09-13T08:10:56.148+0000] {dag.py:2726} INFO - Sync 1 DAGs
[2023-09-13T08:10:56.228+0000] {logging_mixin.py:149} INFO - [2023-09-13T08:10:56.228+0000] {dag.py:3490} INFO - Setting next_dagrun for example_time_delta_sensor_async to None, run_after=None
[2023-09-13T08:10:56.287+0000] {processor.py:178} INFO - Processing /home/airflow/.local/lib/python3.7/site-packages/airflow/example_dags/example_time_delta_sensor_async.py took 0.239 seconds
[2023-09-13T08:11:26.532+0000] {processor.py:156} INFO - Started process (PID=1515) to work on /home/airflow/.local/lib/python3.7/site-packages/airflow/example_dags/example_time_delta_sensor_async.py
[2023-09-13T08:11:26.534+0000] {processor.py:799} INFO - Processing file /home/airflow/.local/lib/python3.7/site-packages/airflow/example_dags/example_time_delta_sensor_async.py for tasks to queue
[2023-09-13T08:11:26.537+0000] {logging_mixin.py:149} INFO - [2023-09-13T08:11:26.536+0000] {dagbag.py:541} INFO - Filling up the DagBag from /home/airflow/.local/lib/python3.7/site-packages/airflow/example_dags/example_time_delta_sensor_async.py
[2023-09-13T08:11:26.548+0000] {processor.py:809} INFO - DAG(s) dict_keys(['example_time_delta_sensor_async']) retrieved from /home/airflow/.local/lib/python3.7/site-packages/airflow/example_dags/example_time_delta_sensor_async.py
[2023-09-13T08:11:26.610+0000] {logging_mixin.py:149} INFO - [2023-09-13T08:11:26.610+0000] {dag.py:2726} INFO - Sync 1 DAGs
[2023-09-13T08:11:26.684+0000] {logging_mixin.py:149} INFO - [2023-09-13T08:11:26.683+0000] {dag.py:3490} INFO - Setting next_dagrun for example_time_delta_sensor_async to None, run_after=None
[2023-09-13T08:11:26.748+0000] {processor.py:178} INFO - Processing /home/airflow/.local/lib/python3.7/site-packages/airflow/example_dags/example_time_delta_sensor_async.py took 0.223 seconds
[2023-09-13T08:11:56.859+0000] {processor.py:156} INFO - Started process (PID=1575) to work on /home/airflow/.local/lib/python3.7/site-packages/airflow/example_dags/example_time_delta_sensor_async.py
[2023-09-13T08:11:56.861+0000] {processor.py:799} INFO - Processing file /home/airflow/.local/lib/python3.7/site-packages/airflow/example_dags/example_time_delta_sensor_async.py for tasks to queue
[2023-09-13T08:11:56.863+0000] {logging_mixin.py:149} INFO - [2023-09-13T08:11:56.863+0000] {dagbag.py:541} INFO - Filling up the DagBag from /home/airflow/.local/lib/python3.7/site-packages/airflow/example_dags/example_time_delta_sensor_async.py
[2023-09-13T08:11:56.872+0000] {processor.py:809} INFO - DAG(s) dict_keys(['example_time_delta_sensor_async']) retrieved from /home/airflow/.local/lib/python3.7/site-packages/airflow/example_dags/example_time_delta_sensor_async.py
[2023-09-13T08:11:56.925+0000] {logging_mixin.py:149} INFO - [2023-09-13T08:11:56.924+0000] {dag.py:2726} INFO - Sync 1 DAGs
[2023-09-13T08:11:56.983+0000] {logging_mixin.py:149} INFO - [2023-09-13T08:11:56.982+0000] {dag.py:3490} INFO - Setting next_dagrun for example_time_delta_sensor_async to None, run_after=None
[2023-09-13T08:11:57.028+0000] {processor.py:178} INFO - Processing /home/airflow/.local/lib/python3.7/site-packages/airflow/example_dags/example_time_delta_sensor_async.py took 0.174 seconds
[2023-09-13T08:12:27.711+0000] {processor.py:156} INFO - Started process (PID=1635) to work on /home/airflow/.local/lib/python3.7/site-packages/airflow/example_dags/example_time_delta_sensor_async.py
[2023-09-13T08:12:27.715+0000] {processor.py:799} INFO - Processing file /home/airflow/.local/lib/python3.7/site-packages/airflow/example_dags/example_time_delta_sensor_async.py for tasks to queue
[2023-09-13T08:12:27.717+0000] {logging_mixin.py:149} INFO - [2023-09-13T08:12:27.717+0000] {dagbag.py:541} INFO - Filling up the DagBag from /home/airflow/.local/lib/python3.7/site-packages/airflow/example_dags/example_time_delta_sensor_async.py
[2023-09-13T08:12:27.725+0000] {processor.py:809} INFO - DAG(s) dict_keys(['example_time_delta_sensor_async']) retrieved from /home/airflow/.local/lib/python3.7/site-packages/airflow/example_dags/example_time_delta_sensor_async.py
[2023-09-13T08:12:27.774+0000] {logging_mixin.py:149} INFO - [2023-09-13T08:12:27.774+0000] {dag.py:2726} INFO - Sync 1 DAGs
[2023-09-13T08:12:27.832+0000] {logging_mixin.py:149} INFO - [2023-09-13T08:12:27.831+0000] {dag.py:3490} INFO - Setting next_dagrun for example_time_delta_sensor_async to None, run_after=None
[2023-09-13T08:12:27.891+0000] {processor.py:178} INFO - Processing /home/airflow/.local/lib/python3.7/site-packages/airflow/example_dags/example_time_delta_sensor_async.py took 0.192 seconds
[2023-09-13T09:26:11.201+0000] {processor.py:156} INFO - Started process (PID=59) to work on /home/airflow/.local/lib/python3.7/site-packages/airflow/example_dags/example_time_delta_sensor_async.py
[2023-09-13T09:26:11.203+0000] {processor.py:799} INFO - Processing file /home/airflow/.local/lib/python3.7/site-packages/airflow/example_dags/example_time_delta_sensor_async.py for tasks to queue
[2023-09-13T09:26:11.205+0000] {logging_mixin.py:149} INFO - [2023-09-13T09:26:11.205+0000] {dagbag.py:541} INFO - Filling up the DagBag from /home/airflow/.local/lib/python3.7/site-packages/airflow/example_dags/example_time_delta_sensor_async.py
[2023-09-13T09:26:11.216+0000] {processor.py:809} INFO - DAG(s) dict_keys(['example_time_delta_sensor_async']) retrieved from /home/airflow/.local/lib/python3.7/site-packages/airflow/example_dags/example_time_delta_sensor_async.py
[2023-09-13T09:26:11.265+0000] {logging_mixin.py:149} INFO - [2023-09-13T09:26:11.265+0000] {dag.py:2726} INFO - Sync 1 DAGs
[2023-09-13T09:26:11.311+0000] {logging_mixin.py:149} INFO - [2023-09-13T09:26:11.311+0000] {dag.py:3490} INFO - Setting next_dagrun for example_time_delta_sensor_async to None, run_after=None
[2023-09-13T09:26:11.347+0000] {processor.py:178} INFO - Processing /home/airflow/.local/lib/python3.7/site-packages/airflow/example_dags/example_time_delta_sensor_async.py took 0.150 seconds
