[2023-09-13T07:58:51.355+0000] {processor.py:156} INFO - Started process (PID=49) to work on /home/airflow/.local/lib/python3.7/site-packages/airflow/example_dags/example_complex.py
[2023-09-13T07:58:51.362+0000] {processor.py:799} INFO - Processing file /home/airflow/.local/lib/python3.7/site-packages/airflow/example_dags/example_complex.py for tasks to queue
[2023-09-13T07:58:51.365+0000] {logging_mixin.py:149} INFO - [2023-09-13T07:58:51.365+0000] {dagbag.py:541} INFO - Filling up the DagBag from /home/airflow/.local/lib/python3.7/site-packages/airflow/example_dags/example_complex.py
[2023-09-13T07:58:51.400+0000] {logging_mixin.py:149} INFO - [2023-09-13T07:58:51.398+0000] {taskmixin.py:211} WARNING - Dependency <Task(BashOperator): create_entry_group>, delete_entry_group already registered for DAG: example_complex
[2023-09-13T07:58:51.403+0000] {logging_mixin.py:149} INFO - [2023-09-13T07:58:51.402+0000] {taskmixin.py:211} WARNING - Dependency <Task(BashOperator): delete_entry_group>, create_entry_group already registered for DAG: example_complex
[2023-09-13T07:58:51.406+0000] {logging_mixin.py:149} INFO - [2023-09-13T07:58:51.405+0000] {taskmixin.py:211} WARNING - Dependency <Task(BashOperator): create_entry_gcs>, delete_entry already registered for DAG: example_complex
[2023-09-13T07:58:51.408+0000] {logging_mixin.py:149} INFO - [2023-09-13T07:58:51.407+0000] {taskmixin.py:211} WARNING - Dependency <Task(BashOperator): delete_entry>, create_entry_gcs already registered for DAG: example_complex
[2023-09-13T07:58:51.410+0000] {logging_mixin.py:149} INFO - [2023-09-13T07:58:51.410+0000] {taskmixin.py:211} WARNING - Dependency <Task(BashOperator): create_tag>, delete_tag already registered for DAG: example_complex
[2023-09-13T07:58:51.413+0000] {logging_mixin.py:149} INFO - [2023-09-13T07:58:51.412+0000] {taskmixin.py:211} WARNING - Dependency <Task(BashOperator): delete_tag>, create_tag already registered for DAG: example_complex
[2023-09-13T07:58:51.423+0000] {processor.py:809} INFO - DAG(s) dict_keys(['example_complex']) retrieved from /home/airflow/.local/lib/python3.7/site-packages/airflow/example_dags/example_complex.py
[2023-09-13T07:58:51.557+0000] {logging_mixin.py:149} INFO - [2023-09-13T07:58:51.557+0000] {dag.py:2726} INFO - Sync 1 DAGs
[2023-09-13T07:58:51.635+0000] {logging_mixin.py:149} INFO - [2023-09-13T07:58:51.635+0000] {dag.py:3490} INFO - Setting next_dagrun for example_complex to None, run_after=None
[2023-09-13T07:58:51.700+0000] {processor.py:178} INFO - Processing /home/airflow/.local/lib/python3.7/site-packages/airflow/example_dags/example_complex.py took 0.363 seconds
[2023-09-13T07:59:22.132+0000] {processor.py:156} INFO - Started process (PID=108) to work on /home/airflow/.local/lib/python3.7/site-packages/airflow/example_dags/example_complex.py
[2023-09-13T07:59:22.135+0000] {processor.py:799} INFO - Processing file /home/airflow/.local/lib/python3.7/site-packages/airflow/example_dags/example_complex.py for tasks to queue
[2023-09-13T07:59:22.137+0000] {logging_mixin.py:149} INFO - [2023-09-13T07:59:22.137+0000] {dagbag.py:541} INFO - Filling up the DagBag from /home/airflow/.local/lib/python3.7/site-packages/airflow/example_dags/example_complex.py
[2023-09-13T07:59:22.164+0000] {logging_mixin.py:149} INFO - [2023-09-13T07:59:22.164+0000] {taskmixin.py:211} WARNING - Dependency <Task(BashOperator): create_entry_group>, delete_entry_group already registered for DAG: example_complex
[2023-09-13T07:59:22.166+0000] {logging_mixin.py:149} INFO - [2023-09-13T07:59:22.165+0000] {taskmixin.py:211} WARNING - Dependency <Task(BashOperator): delete_entry_group>, create_entry_group already registered for DAG: example_complex
[2023-09-13T07:59:22.168+0000] {logging_mixin.py:149} INFO - [2023-09-13T07:59:22.167+0000] {taskmixin.py:211} WARNING - Dependency <Task(BashOperator): create_entry_gcs>, delete_entry already registered for DAG: example_complex
[2023-09-13T07:59:22.170+0000] {logging_mixin.py:149} INFO - [2023-09-13T07:59:22.169+0000] {taskmixin.py:211} WARNING - Dependency <Task(BashOperator): delete_entry>, create_entry_gcs already registered for DAG: example_complex
[2023-09-13T07:59:22.173+0000] {logging_mixin.py:149} INFO - [2023-09-13T07:59:22.172+0000] {taskmixin.py:211} WARNING - Dependency <Task(BashOperator): create_tag>, delete_tag already registered for DAG: example_complex
[2023-09-13T07:59:22.174+0000] {logging_mixin.py:149} INFO - [2023-09-13T07:59:22.174+0000] {taskmixin.py:211} WARNING - Dependency <Task(BashOperator): delete_tag>, create_tag already registered for DAG: example_complex
[2023-09-13T07:59:22.180+0000] {processor.py:809} INFO - DAG(s) dict_keys(['example_complex']) retrieved from /home/airflow/.local/lib/python3.7/site-packages/airflow/example_dags/example_complex.py
[2023-09-13T07:59:22.299+0000] {logging_mixin.py:149} INFO - [2023-09-13T07:59:22.299+0000] {dag.py:2726} INFO - Sync 1 DAGs
[2023-09-13T07:59:22.385+0000] {logging_mixin.py:149} INFO - [2023-09-13T07:59:22.384+0000] {dag.py:3490} INFO - Setting next_dagrun for example_complex to None, run_after=None
[2023-09-13T07:59:22.468+0000] {processor.py:178} INFO - Processing /home/airflow/.local/lib/python3.7/site-packages/airflow/example_dags/example_complex.py took 0.342 seconds
[2023-09-13T07:59:52.715+0000] {processor.py:156} INFO - Started process (PID=167) to work on /home/airflow/.local/lib/python3.7/site-packages/airflow/example_dags/example_complex.py
[2023-09-13T07:59:52.718+0000] {processor.py:799} INFO - Processing file /home/airflow/.local/lib/python3.7/site-packages/airflow/example_dags/example_complex.py for tasks to queue
[2023-09-13T07:59:52.721+0000] {logging_mixin.py:149} INFO - [2023-09-13T07:59:52.720+0000] {dagbag.py:541} INFO - Filling up the DagBag from /home/airflow/.local/lib/python3.7/site-packages/airflow/example_dags/example_complex.py
[2023-09-13T07:59:52.746+0000] {logging_mixin.py:149} INFO - [2023-09-13T07:59:52.745+0000] {taskmixin.py:211} WARNING - Dependency <Task(BashOperator): create_entry_group>, delete_entry_group already registered for DAG: example_complex
[2023-09-13T07:59:52.747+0000] {logging_mixin.py:149} INFO - [2023-09-13T07:59:52.747+0000] {taskmixin.py:211} WARNING - Dependency <Task(BashOperator): delete_entry_group>, create_entry_group already registered for DAG: example_complex
[2023-09-13T07:59:52.749+0000] {logging_mixin.py:149} INFO - [2023-09-13T07:59:52.749+0000] {taskmixin.py:211} WARNING - Dependency <Task(BashOperator): create_entry_gcs>, delete_entry already registered for DAG: example_complex
[2023-09-13T07:59:52.751+0000] {logging_mixin.py:149} INFO - [2023-09-13T07:59:52.750+0000] {taskmixin.py:211} WARNING - Dependency <Task(BashOperator): delete_entry>, create_entry_gcs already registered for DAG: example_complex
[2023-09-13T07:59:52.752+0000] {logging_mixin.py:149} INFO - [2023-09-13T07:59:52.752+0000] {taskmixin.py:211} WARNING - Dependency <Task(BashOperator): create_tag>, delete_tag already registered for DAG: example_complex
[2023-09-13T07:59:52.754+0000] {logging_mixin.py:149} INFO - [2023-09-13T07:59:52.753+0000] {taskmixin.py:211} WARNING - Dependency <Task(BashOperator): delete_tag>, create_tag already registered for DAG: example_complex
[2023-09-13T07:59:52.759+0000] {processor.py:809} INFO - DAG(s) dict_keys(['example_complex']) retrieved from /home/airflow/.local/lib/python3.7/site-packages/airflow/example_dags/example_complex.py
[2023-09-13T07:59:52.830+0000] {logging_mixin.py:149} INFO - [2023-09-13T07:59:52.830+0000] {dag.py:2726} INFO - Sync 1 DAGs
[2023-09-13T07:59:52.910+0000] {logging_mixin.py:149} INFO - [2023-09-13T07:59:52.910+0000] {dag.py:3490} INFO - Setting next_dagrun for example_complex to None, run_after=None
[2023-09-13T07:59:53.164+0000] {processor.py:178} INFO - Processing /home/airflow/.local/lib/python3.7/site-packages/airflow/example_dags/example_complex.py took 0.456 seconds
[2023-09-13T08:00:23.527+0000] {processor.py:156} INFO - Started process (PID=227) to work on /home/airflow/.local/lib/python3.7/site-packages/airflow/example_dags/example_complex.py
[2023-09-13T08:00:23.529+0000] {processor.py:799} INFO - Processing file /home/airflow/.local/lib/python3.7/site-packages/airflow/example_dags/example_complex.py for tasks to queue
[2023-09-13T08:00:23.532+0000] {logging_mixin.py:149} INFO - [2023-09-13T08:00:23.532+0000] {dagbag.py:541} INFO - Filling up the DagBag from /home/airflow/.local/lib/python3.7/site-packages/airflow/example_dags/example_complex.py
[2023-09-13T08:00:23.550+0000] {logging_mixin.py:149} INFO - [2023-09-13T08:00:23.550+0000] {taskmixin.py:211} WARNING - Dependency <Task(BashOperator): create_entry_group>, delete_entry_group already registered for DAG: example_complex
[2023-09-13T08:00:23.552+0000] {logging_mixin.py:149} INFO - [2023-09-13T08:00:23.552+0000] {taskmixin.py:211} WARNING - Dependency <Task(BashOperator): delete_entry_group>, create_entry_group already registered for DAG: example_complex
[2023-09-13T08:00:23.554+0000] {logging_mixin.py:149} INFO - [2023-09-13T08:00:23.554+0000] {taskmixin.py:211} WARNING - Dependency <Task(BashOperator): create_entry_gcs>, delete_entry already registered for DAG: example_complex
[2023-09-13T08:00:23.555+0000] {logging_mixin.py:149} INFO - [2023-09-13T08:00:23.555+0000] {taskmixin.py:211} WARNING - Dependency <Task(BashOperator): delete_entry>, create_entry_gcs already registered for DAG: example_complex
[2023-09-13T08:00:23.558+0000] {logging_mixin.py:149} INFO - [2023-09-13T08:00:23.557+0000] {taskmixin.py:211} WARNING - Dependency <Task(BashOperator): create_tag>, delete_tag already registered for DAG: example_complex
[2023-09-13T08:00:23.559+0000] {logging_mixin.py:149} INFO - [2023-09-13T08:00:23.559+0000] {taskmixin.py:211} WARNING - Dependency <Task(BashOperator): delete_tag>, create_tag already registered for DAG: example_complex
[2023-09-13T08:00:23.564+0000] {processor.py:809} INFO - DAG(s) dict_keys(['example_complex']) retrieved from /home/airflow/.local/lib/python3.7/site-packages/airflow/example_dags/example_complex.py
[2023-09-13T08:00:23.791+0000] {logging_mixin.py:149} INFO - [2023-09-13T08:00:23.791+0000] {dag.py:2726} INFO - Sync 1 DAGs
[2023-09-13T08:00:23.835+0000] {logging_mixin.py:149} INFO - [2023-09-13T08:00:23.835+0000] {dag.py:3490} INFO - Setting next_dagrun for example_complex to None, run_after=None
[2023-09-13T08:00:23.869+0000] {processor.py:178} INFO - Processing /home/airflow/.local/lib/python3.7/site-packages/airflow/example_dags/example_complex.py took 0.348 seconds
[2023-09-13T08:00:54.040+0000] {processor.py:156} INFO - Started process (PID=287) to work on /home/airflow/.local/lib/python3.7/site-packages/airflow/example_dags/example_complex.py
[2023-09-13T08:00:54.042+0000] {processor.py:799} INFO - Processing file /home/airflow/.local/lib/python3.7/site-packages/airflow/example_dags/example_complex.py for tasks to queue
[2023-09-13T08:00:54.044+0000] {logging_mixin.py:149} INFO - [2023-09-13T08:00:54.044+0000] {dagbag.py:541} INFO - Filling up the DagBag from /home/airflow/.local/lib/python3.7/site-packages/airflow/example_dags/example_complex.py
[2023-09-13T08:00:54.073+0000] {logging_mixin.py:149} INFO - [2023-09-13T08:00:54.073+0000] {taskmixin.py:211} WARNING - Dependency <Task(BashOperator): create_entry_group>, delete_entry_group already registered for DAG: example_complex
[2023-09-13T08:00:54.075+0000] {logging_mixin.py:149} INFO - [2023-09-13T08:00:54.075+0000] {taskmixin.py:211} WARNING - Dependency <Task(BashOperator): delete_entry_group>, create_entry_group already registered for DAG: example_complex
[2023-09-13T08:00:54.078+0000] {logging_mixin.py:149} INFO - [2023-09-13T08:00:54.077+0000] {taskmixin.py:211} WARNING - Dependency <Task(BashOperator): create_entry_gcs>, delete_entry already registered for DAG: example_complex
[2023-09-13T08:00:54.079+0000] {logging_mixin.py:149} INFO - [2023-09-13T08:00:54.079+0000] {taskmixin.py:211} WARNING - Dependency <Task(BashOperator): delete_entry>, create_entry_gcs already registered for DAG: example_complex
[2023-09-13T08:00:54.082+0000] {logging_mixin.py:149} INFO - [2023-09-13T08:00:54.081+0000] {taskmixin.py:211} WARNING - Dependency <Task(BashOperator): create_tag>, delete_tag already registered for DAG: example_complex
[2023-09-13T08:00:54.084+0000] {logging_mixin.py:149} INFO - [2023-09-13T08:00:54.084+0000] {taskmixin.py:211} WARNING - Dependency <Task(BashOperator): delete_tag>, create_tag already registered for DAG: example_complex
[2023-09-13T08:00:54.088+0000] {processor.py:809} INFO - DAG(s) dict_keys(['example_complex']) retrieved from /home/airflow/.local/lib/python3.7/site-packages/airflow/example_dags/example_complex.py
[2023-09-13T08:00:54.166+0000] {logging_mixin.py:149} INFO - [2023-09-13T08:00:54.165+0000] {dag.py:2726} INFO - Sync 1 DAGs
[2023-09-13T08:00:54.217+0000] {logging_mixin.py:149} INFO - [2023-09-13T08:00:54.216+0000] {dag.py:3490} INFO - Setting next_dagrun for example_complex to None, run_after=None
[2023-09-13T08:00:54.265+0000] {processor.py:178} INFO - Processing /home/airflow/.local/lib/python3.7/site-packages/airflow/example_dags/example_complex.py took 0.231 seconds
[2023-09-13T08:01:24.858+0000] {processor.py:156} INFO - Started process (PID=347) to work on /home/airflow/.local/lib/python3.7/site-packages/airflow/example_dags/example_complex.py
[2023-09-13T08:01:24.864+0000] {processor.py:799} INFO - Processing file /home/airflow/.local/lib/python3.7/site-packages/airflow/example_dags/example_complex.py for tasks to queue
[2023-09-13T08:01:24.867+0000] {logging_mixin.py:149} INFO - [2023-09-13T08:01:24.866+0000] {dagbag.py:541} INFO - Filling up the DagBag from /home/airflow/.local/lib/python3.7/site-packages/airflow/example_dags/example_complex.py
[2023-09-13T08:01:24.893+0000] {logging_mixin.py:149} INFO - [2023-09-13T08:01:24.892+0000] {taskmixin.py:211} WARNING - Dependency <Task(BashOperator): create_entry_group>, delete_entry_group already registered for DAG: example_complex
[2023-09-13T08:01:24.895+0000] {logging_mixin.py:149} INFO - [2023-09-13T08:01:24.894+0000] {taskmixin.py:211} WARNING - Dependency <Task(BashOperator): delete_entry_group>, create_entry_group already registered for DAG: example_complex
[2023-09-13T08:01:24.897+0000] {logging_mixin.py:149} INFO - [2023-09-13T08:01:24.897+0000] {taskmixin.py:211} WARNING - Dependency <Task(BashOperator): create_entry_gcs>, delete_entry already registered for DAG: example_complex
[2023-09-13T08:01:24.899+0000] {logging_mixin.py:149} INFO - [2023-09-13T08:01:24.898+0000] {taskmixin.py:211} WARNING - Dependency <Task(BashOperator): delete_entry>, create_entry_gcs already registered for DAG: example_complex
[2023-09-13T08:01:24.902+0000] {logging_mixin.py:149} INFO - [2023-09-13T08:01:24.901+0000] {taskmixin.py:211} WARNING - Dependency <Task(BashOperator): create_tag>, delete_tag already registered for DAG: example_complex
[2023-09-13T08:01:24.903+0000] {logging_mixin.py:149} INFO - [2023-09-13T08:01:24.903+0000] {taskmixin.py:211} WARNING - Dependency <Task(BashOperator): delete_tag>, create_tag already registered for DAG: example_complex
[2023-09-13T08:01:24.910+0000] {processor.py:809} INFO - DAG(s) dict_keys(['example_complex']) retrieved from /home/airflow/.local/lib/python3.7/site-packages/airflow/example_dags/example_complex.py
[2023-09-13T08:01:25.025+0000] {logging_mixin.py:149} INFO - [2023-09-13T08:01:25.025+0000] {dag.py:2726} INFO - Sync 1 DAGs
[2023-09-13T08:01:25.077+0000] {logging_mixin.py:149} INFO - [2023-09-13T08:01:25.076+0000] {dag.py:3490} INFO - Setting next_dagrun for example_complex to None, run_after=None
[2023-09-13T08:01:25.136+0000] {processor.py:178} INFO - Processing /home/airflow/.local/lib/python3.7/site-packages/airflow/example_dags/example_complex.py took 0.285 seconds
[2023-09-13T08:01:58.954+0000] {processor.py:156} INFO - Started process (PID=408) to work on /home/airflow/.local/lib/python3.7/site-packages/airflow/example_dags/example_complex.py
[2023-09-13T08:01:58.965+0000] {processor.py:799} INFO - Processing file /home/airflow/.local/lib/python3.7/site-packages/airflow/example_dags/example_complex.py for tasks to queue
[2023-09-13T08:01:58.977+0000] {logging_mixin.py:149} INFO - [2023-09-13T08:01:58.976+0000] {dagbag.py:541} INFO - Filling up the DagBag from /home/airflow/.local/lib/python3.7/site-packages/airflow/example_dags/example_complex.py
[2023-09-13T08:01:59.036+0000] {logging_mixin.py:149} INFO - [2023-09-13T08:01:59.035+0000] {taskmixin.py:211} WARNING - Dependency <Task(BashOperator): create_entry_group>, delete_entry_group already registered for DAG: example_complex
[2023-09-13T08:01:59.046+0000] {logging_mixin.py:149} INFO - [2023-09-13T08:01:59.046+0000] {taskmixin.py:211} WARNING - Dependency <Task(BashOperator): delete_entry_group>, create_entry_group already registered for DAG: example_complex
[2023-09-13T08:01:59.054+0000] {logging_mixin.py:149} INFO - [2023-09-13T08:01:59.054+0000] {taskmixin.py:211} WARNING - Dependency <Task(BashOperator): create_entry_gcs>, delete_entry already registered for DAG: example_complex
[2023-09-13T08:01:59.064+0000] {logging_mixin.py:149} INFO - [2023-09-13T08:01:59.063+0000] {taskmixin.py:211} WARNING - Dependency <Task(BashOperator): delete_entry>, create_entry_gcs already registered for DAG: example_complex
[2023-09-13T08:01:59.068+0000] {logging_mixin.py:149} INFO - [2023-09-13T08:01:59.068+0000] {taskmixin.py:211} WARNING - Dependency <Task(BashOperator): create_tag>, delete_tag already registered for DAG: example_complex
[2023-09-13T08:01:59.083+0000] {logging_mixin.py:149} INFO - [2023-09-13T08:01:59.083+0000] {taskmixin.py:211} WARNING - Dependency <Task(BashOperator): delete_tag>, create_tag already registered for DAG: example_complex
[2023-09-13T08:01:59.103+0000] {processor.py:809} INFO - DAG(s) dict_keys(['example_complex']) retrieved from /home/airflow/.local/lib/python3.7/site-packages/airflow/example_dags/example_complex.py
[2023-09-13T08:01:59.266+0000] {logging_mixin.py:149} INFO - [2023-09-13T08:01:59.264+0000] {dag.py:2726} INFO - Sync 1 DAGs
[2023-09-13T08:01:59.413+0000] {logging_mixin.py:149} INFO - [2023-09-13T08:01:59.412+0000] {dag.py:3490} INFO - Setting next_dagrun for example_complex to None, run_after=None
[2023-09-13T08:01:59.546+0000] {processor.py:178} INFO - Processing /home/airflow/.local/lib/python3.7/site-packages/airflow/example_dags/example_complex.py took 0.603 seconds
[2023-09-13T08:02:29.898+0000] {processor.py:156} INFO - Started process (PID=468) to work on /home/airflow/.local/lib/python3.7/site-packages/airflow/example_dags/example_complex.py
[2023-09-13T08:02:29.903+0000] {processor.py:799} INFO - Processing file /home/airflow/.local/lib/python3.7/site-packages/airflow/example_dags/example_complex.py for tasks to queue
[2023-09-13T08:02:29.905+0000] {logging_mixin.py:149} INFO - [2023-09-13T08:02:29.905+0000] {dagbag.py:541} INFO - Filling up the DagBag from /home/airflow/.local/lib/python3.7/site-packages/airflow/example_dags/example_complex.py
[2023-09-13T08:02:29.939+0000] {logging_mixin.py:149} INFO - [2023-09-13T08:02:29.938+0000] {taskmixin.py:211} WARNING - Dependency <Task(BashOperator): create_entry_group>, delete_entry_group already registered for DAG: example_complex
[2023-09-13T08:02:29.941+0000] {logging_mixin.py:149} INFO - [2023-09-13T08:02:29.940+0000] {taskmixin.py:211} WARNING - Dependency <Task(BashOperator): delete_entry_group>, create_entry_group already registered for DAG: example_complex
[2023-09-13T08:02:29.943+0000] {logging_mixin.py:149} INFO - [2023-09-13T08:02:29.942+0000] {taskmixin.py:211} WARNING - Dependency <Task(BashOperator): create_entry_gcs>, delete_entry already registered for DAG: example_complex
[2023-09-13T08:02:29.944+0000] {logging_mixin.py:149} INFO - [2023-09-13T08:02:29.944+0000] {taskmixin.py:211} WARNING - Dependency <Task(BashOperator): delete_entry>, create_entry_gcs already registered for DAG: example_complex
[2023-09-13T08:02:29.946+0000] {logging_mixin.py:149} INFO - [2023-09-13T08:02:29.946+0000] {taskmixin.py:211} WARNING - Dependency <Task(BashOperator): create_tag>, delete_tag already registered for DAG: example_complex
[2023-09-13T08:02:29.948+0000] {logging_mixin.py:149} INFO - [2023-09-13T08:02:29.948+0000] {taskmixin.py:211} WARNING - Dependency <Task(BashOperator): delete_tag>, create_tag already registered for DAG: example_complex
[2023-09-13T08:02:29.957+0000] {processor.py:809} INFO - DAG(s) dict_keys(['example_complex']) retrieved from /home/airflow/.local/lib/python3.7/site-packages/airflow/example_dags/example_complex.py
[2023-09-13T08:02:30.080+0000] {logging_mixin.py:149} INFO - [2023-09-13T08:02:30.079+0000] {dag.py:2726} INFO - Sync 1 DAGs
[2023-09-13T08:02:30.174+0000] {logging_mixin.py:149} INFO - [2023-09-13T08:02:30.174+0000] {dag.py:3490} INFO - Setting next_dagrun for example_complex to None, run_after=None
[2023-09-13T08:02:30.289+0000] {processor.py:178} INFO - Processing /home/airflow/.local/lib/python3.7/site-packages/airflow/example_dags/example_complex.py took 0.399 seconds
[2023-09-13T08:03:00.793+0000] {processor.py:156} INFO - Started process (PID=528) to work on /home/airflow/.local/lib/python3.7/site-packages/airflow/example_dags/example_complex.py
[2023-09-13T08:03:00.805+0000] {processor.py:799} INFO - Processing file /home/airflow/.local/lib/python3.7/site-packages/airflow/example_dags/example_complex.py for tasks to queue
[2023-09-13T08:03:00.809+0000] {logging_mixin.py:149} INFO - [2023-09-13T08:03:00.809+0000] {dagbag.py:541} INFO - Filling up the DagBag from /home/airflow/.local/lib/python3.7/site-packages/airflow/example_dags/example_complex.py
[2023-09-13T08:03:00.884+0000] {logging_mixin.py:149} INFO - [2023-09-13T08:03:00.884+0000] {taskmixin.py:211} WARNING - Dependency <Task(BashOperator): create_entry_group>, delete_entry_group already registered for DAG: example_complex
[2023-09-13T08:03:00.898+0000] {logging_mixin.py:149} INFO - [2023-09-13T08:03:00.898+0000] {taskmixin.py:211} WARNING - Dependency <Task(BashOperator): delete_entry_group>, create_entry_group already registered for DAG: example_complex
[2023-09-13T08:03:00.909+0000] {logging_mixin.py:149} INFO - [2023-09-13T08:03:00.908+0000] {taskmixin.py:211} WARNING - Dependency <Task(BashOperator): create_entry_gcs>, delete_entry already registered for DAG: example_complex
[2023-09-13T08:03:00.914+0000] {logging_mixin.py:149} INFO - [2023-09-13T08:03:00.913+0000] {taskmixin.py:211} WARNING - Dependency <Task(BashOperator): delete_entry>, create_entry_gcs already registered for DAG: example_complex
[2023-09-13T08:03:00.918+0000] {logging_mixin.py:149} INFO - [2023-09-13T08:03:00.918+0000] {taskmixin.py:211} WARNING - Dependency <Task(BashOperator): create_tag>, delete_tag already registered for DAG: example_complex
[2023-09-13T08:03:00.931+0000] {logging_mixin.py:149} INFO - [2023-09-13T08:03:00.930+0000] {taskmixin.py:211} WARNING - Dependency <Task(BashOperator): delete_tag>, create_tag already registered for DAG: example_complex
[2023-09-13T08:03:00.942+0000] {processor.py:809} INFO - DAG(s) dict_keys(['example_complex']) retrieved from /home/airflow/.local/lib/python3.7/site-packages/airflow/example_dags/example_complex.py
[2023-09-13T08:03:01.145+0000] {logging_mixin.py:149} INFO - [2023-09-13T08:03:01.145+0000] {dag.py:2726} INFO - Sync 1 DAGs
[2023-09-13T08:03:01.293+0000] {logging_mixin.py:149} INFO - [2023-09-13T08:03:01.292+0000] {dag.py:3490} INFO - Setting next_dagrun for example_complex to None, run_after=None
[2023-09-13T08:03:01.404+0000] {processor.py:178} INFO - Processing /home/airflow/.local/lib/python3.7/site-packages/airflow/example_dags/example_complex.py took 0.619 seconds
[2023-09-13T08:03:31.830+0000] {processor.py:156} INFO - Started process (PID=587) to work on /home/airflow/.local/lib/python3.7/site-packages/airflow/example_dags/example_complex.py
[2023-09-13T08:03:31.845+0000] {processor.py:799} INFO - Processing file /home/airflow/.local/lib/python3.7/site-packages/airflow/example_dags/example_complex.py for tasks to queue
[2023-09-13T08:03:31.848+0000] {logging_mixin.py:149} INFO - [2023-09-13T08:03:31.848+0000] {dagbag.py:541} INFO - Filling up the DagBag from /home/airflow/.local/lib/python3.7/site-packages/airflow/example_dags/example_complex.py
[2023-09-13T08:03:31.912+0000] {logging_mixin.py:149} INFO - [2023-09-13T08:03:31.911+0000] {taskmixin.py:211} WARNING - Dependency <Task(BashOperator): create_entry_group>, delete_entry_group already registered for DAG: example_complex
[2023-09-13T08:03:31.922+0000] {logging_mixin.py:149} INFO - [2023-09-13T08:03:31.922+0000] {taskmixin.py:211} WARNING - Dependency <Task(BashOperator): delete_entry_group>, create_entry_group already registered for DAG: example_complex
[2023-09-13T08:03:31.952+0000] {logging_mixin.py:149} INFO - [2023-09-13T08:03:31.952+0000] {taskmixin.py:211} WARNING - Dependency <Task(BashOperator): create_entry_gcs>, delete_entry already registered for DAG: example_complex
[2023-09-13T08:03:31.964+0000] {logging_mixin.py:149} INFO - [2023-09-13T08:03:31.963+0000] {taskmixin.py:211} WARNING - Dependency <Task(BashOperator): delete_entry>, create_entry_gcs already registered for DAG: example_complex
[2023-09-13T08:03:31.973+0000] {logging_mixin.py:149} INFO - [2023-09-13T08:03:31.972+0000] {taskmixin.py:211} WARNING - Dependency <Task(BashOperator): create_tag>, delete_tag already registered for DAG: example_complex
[2023-09-13T08:03:31.974+0000] {logging_mixin.py:149} INFO - [2023-09-13T08:03:31.974+0000] {taskmixin.py:211} WARNING - Dependency <Task(BashOperator): delete_tag>, create_tag already registered for DAG: example_complex
[2023-09-13T08:03:31.989+0000] {processor.py:809} INFO - DAG(s) dict_keys(['example_complex']) retrieved from /home/airflow/.local/lib/python3.7/site-packages/airflow/example_dags/example_complex.py
[2023-09-13T08:03:32.219+0000] {logging_mixin.py:149} INFO - [2023-09-13T08:03:32.218+0000] {dag.py:2726} INFO - Sync 1 DAGs
[2023-09-13T08:03:32.409+0000] {logging_mixin.py:149} INFO - [2023-09-13T08:03:32.408+0000] {dag.py:3490} INFO - Setting next_dagrun for example_complex to None, run_after=None
[2023-09-13T08:03:32.518+0000] {processor.py:178} INFO - Processing /home/airflow/.local/lib/python3.7/site-packages/airflow/example_dags/example_complex.py took 0.706 seconds
[2023-09-13T08:04:03.402+0000] {processor.py:156} INFO - Started process (PID=649) to work on /home/airflow/.local/lib/python3.7/site-packages/airflow/example_dags/example_complex.py
[2023-09-13T08:04:03.405+0000] {processor.py:799} INFO - Processing file /home/airflow/.local/lib/python3.7/site-packages/airflow/example_dags/example_complex.py for tasks to queue
[2023-09-13T08:04:03.408+0000] {logging_mixin.py:149} INFO - [2023-09-13T08:04:03.407+0000] {dagbag.py:541} INFO - Filling up the DagBag from /home/airflow/.local/lib/python3.7/site-packages/airflow/example_dags/example_complex.py
[2023-09-13T08:04:03.439+0000] {logging_mixin.py:149} INFO - [2023-09-13T08:04:03.438+0000] {taskmixin.py:211} WARNING - Dependency <Task(BashOperator): create_entry_group>, delete_entry_group already registered for DAG: example_complex
[2023-09-13T08:04:03.441+0000] {logging_mixin.py:149} INFO - [2023-09-13T08:04:03.440+0000] {taskmixin.py:211} WARNING - Dependency <Task(BashOperator): delete_entry_group>, create_entry_group already registered for DAG: example_complex
[2023-09-13T08:04:03.443+0000] {logging_mixin.py:149} INFO - [2023-09-13T08:04:03.442+0000] {taskmixin.py:211} WARNING - Dependency <Task(BashOperator): create_entry_gcs>, delete_entry already registered for DAG: example_complex
[2023-09-13T08:04:03.444+0000] {logging_mixin.py:149} INFO - [2023-09-13T08:04:03.444+0000] {taskmixin.py:211} WARNING - Dependency <Task(BashOperator): delete_entry>, create_entry_gcs already registered for DAG: example_complex
[2023-09-13T08:04:03.447+0000] {logging_mixin.py:149} INFO - [2023-09-13T08:04:03.447+0000] {taskmixin.py:211} WARNING - Dependency <Task(BashOperator): create_tag>, delete_tag already registered for DAG: example_complex
[2023-09-13T08:04:03.449+0000] {logging_mixin.py:149} INFO - [2023-09-13T08:04:03.449+0000] {taskmixin.py:211} WARNING - Dependency <Task(BashOperator): delete_tag>, create_tag already registered for DAG: example_complex
[2023-09-13T08:04:03.456+0000] {processor.py:809} INFO - DAG(s) dict_keys(['example_complex']) retrieved from /home/airflow/.local/lib/python3.7/site-packages/airflow/example_dags/example_complex.py
[2023-09-13T08:04:03.585+0000] {logging_mixin.py:149} INFO - [2023-09-13T08:04:03.585+0000] {dag.py:2726} INFO - Sync 1 DAGs
[2023-09-13T08:04:03.674+0000] {logging_mixin.py:149} INFO - [2023-09-13T08:04:03.674+0000] {dag.py:3490} INFO - Setting next_dagrun for example_complex to None, run_after=None
[2023-09-13T08:04:03.744+0000] {processor.py:178} INFO - Processing /home/airflow/.local/lib/python3.7/site-packages/airflow/example_dags/example_complex.py took 0.358 seconds
[2023-09-13T08:04:34.573+0000] {processor.py:156} INFO - Started process (PID=709) to work on /home/airflow/.local/lib/python3.7/site-packages/airflow/example_dags/example_complex.py
[2023-09-13T08:04:34.606+0000] {processor.py:799} INFO - Processing file /home/airflow/.local/lib/python3.7/site-packages/airflow/example_dags/example_complex.py for tasks to queue
[2023-09-13T08:04:34.626+0000] {logging_mixin.py:149} INFO - [2023-09-13T08:04:34.625+0000] {dagbag.py:541} INFO - Filling up the DagBag from /home/airflow/.local/lib/python3.7/site-packages/airflow/example_dags/example_complex.py
[2023-09-13T08:04:34.714+0000] {logging_mixin.py:149} INFO - [2023-09-13T08:04:34.713+0000] {taskmixin.py:211} WARNING - Dependency <Task(BashOperator): create_entry_group>, delete_entry_group already registered for DAG: example_complex
[2023-09-13T08:04:34.725+0000] {logging_mixin.py:149} INFO - [2023-09-13T08:04:34.724+0000] {taskmixin.py:211} WARNING - Dependency <Task(BashOperator): delete_entry_group>, create_entry_group already registered for DAG: example_complex
[2023-09-13T08:04:34.739+0000] {logging_mixin.py:149} INFO - [2023-09-13T08:04:34.738+0000] {taskmixin.py:211} WARNING - Dependency <Task(BashOperator): create_entry_gcs>, delete_entry already registered for DAG: example_complex
[2023-09-13T08:04:34.742+0000] {logging_mixin.py:149} INFO - [2023-09-13T08:04:34.742+0000] {taskmixin.py:211} WARNING - Dependency <Task(BashOperator): delete_entry>, create_entry_gcs already registered for DAG: example_complex
[2023-09-13T08:04:34.767+0000] {logging_mixin.py:149} INFO - [2023-09-13T08:04:34.766+0000] {taskmixin.py:211} WARNING - Dependency <Task(BashOperator): create_tag>, delete_tag already registered for DAG: example_complex
[2023-09-13T08:04:34.775+0000] {logging_mixin.py:149} INFO - [2023-09-13T08:04:34.774+0000] {taskmixin.py:211} WARNING - Dependency <Task(BashOperator): delete_tag>, create_tag already registered for DAG: example_complex
[2023-09-13T08:04:34.793+0000] {processor.py:809} INFO - DAG(s) dict_keys(['example_complex']) retrieved from /home/airflow/.local/lib/python3.7/site-packages/airflow/example_dags/example_complex.py
[2023-09-13T08:04:35.028+0000] {logging_mixin.py:149} INFO - [2023-09-13T08:04:35.027+0000] {dag.py:2726} INFO - Sync 1 DAGs
[2023-09-13T08:04:35.209+0000] {logging_mixin.py:149} INFO - [2023-09-13T08:04:35.208+0000] {dag.py:3490} INFO - Setting next_dagrun for example_complex to None, run_after=None
[2023-09-13T08:04:35.343+0000] {processor.py:178} INFO - Processing /home/airflow/.local/lib/python3.7/site-packages/airflow/example_dags/example_complex.py took 0.789 seconds
[2023-09-13T08:05:06.023+0000] {processor.py:156} INFO - Started process (PID=769) to work on /home/airflow/.local/lib/python3.7/site-packages/airflow/example_dags/example_complex.py
[2023-09-13T08:05:06.027+0000] {processor.py:799} INFO - Processing file /home/airflow/.local/lib/python3.7/site-packages/airflow/example_dags/example_complex.py for tasks to queue
[2023-09-13T08:05:06.031+0000] {logging_mixin.py:149} INFO - [2023-09-13T08:05:06.030+0000] {dagbag.py:541} INFO - Filling up the DagBag from /home/airflow/.local/lib/python3.7/site-packages/airflow/example_dags/example_complex.py
[2023-09-13T08:05:06.093+0000] {logging_mixin.py:149} INFO - [2023-09-13T08:05:06.093+0000] {taskmixin.py:211} WARNING - Dependency <Task(BashOperator): create_entry_group>, delete_entry_group already registered for DAG: example_complex
[2023-09-13T08:05:06.097+0000] {logging_mixin.py:149} INFO - [2023-09-13T08:05:06.096+0000] {taskmixin.py:211} WARNING - Dependency <Task(BashOperator): delete_entry_group>, create_entry_group already registered for DAG: example_complex
[2023-09-13T08:05:06.101+0000] {logging_mixin.py:149} INFO - [2023-09-13T08:05:06.100+0000] {taskmixin.py:211} WARNING - Dependency <Task(BashOperator): create_entry_gcs>, delete_entry already registered for DAG: example_complex
[2023-09-13T08:05:06.103+0000] {logging_mixin.py:149} INFO - [2023-09-13T08:05:06.102+0000] {taskmixin.py:211} WARNING - Dependency <Task(BashOperator): delete_entry>, create_entry_gcs already registered for DAG: example_complex
[2023-09-13T08:05:06.106+0000] {logging_mixin.py:149} INFO - [2023-09-13T08:05:06.105+0000] {taskmixin.py:211} WARNING - Dependency <Task(BashOperator): create_tag>, delete_tag already registered for DAG: example_complex
[2023-09-13T08:05:06.109+0000] {logging_mixin.py:149} INFO - [2023-09-13T08:05:06.108+0000] {taskmixin.py:211} WARNING - Dependency <Task(BashOperator): delete_tag>, create_tag already registered for DAG: example_complex
[2023-09-13T08:05:06.120+0000] {processor.py:809} INFO - DAG(s) dict_keys(['example_complex']) retrieved from /home/airflow/.local/lib/python3.7/site-packages/airflow/example_dags/example_complex.py
[2023-09-13T08:05:06.314+0000] {logging_mixin.py:149} INFO - [2023-09-13T08:05:06.314+0000] {dag.py:2726} INFO - Sync 1 DAGs
[2023-09-13T08:05:06.438+0000] {logging_mixin.py:149} INFO - [2023-09-13T08:05:06.438+0000] {dag.py:3490} INFO - Setting next_dagrun for example_complex to None, run_after=None
[2023-09-13T08:05:06.513+0000] {processor.py:178} INFO - Processing /home/airflow/.local/lib/python3.7/site-packages/airflow/example_dags/example_complex.py took 0.508 seconds
[2023-09-13T08:05:37.551+0000] {processor.py:156} INFO - Started process (PID=830) to work on /home/airflow/.local/lib/python3.7/site-packages/airflow/example_dags/example_complex.py
[2023-09-13T08:05:37.562+0000] {processor.py:799} INFO - Processing file /home/airflow/.local/lib/python3.7/site-packages/airflow/example_dags/example_complex.py for tasks to queue
[2023-09-13T08:05:37.571+0000] {logging_mixin.py:149} INFO - [2023-09-13T08:05:37.570+0000] {dagbag.py:541} INFO - Filling up the DagBag from /home/airflow/.local/lib/python3.7/site-packages/airflow/example_dags/example_complex.py
[2023-09-13T08:05:37.662+0000] {logging_mixin.py:149} INFO - [2023-09-13T08:05:37.661+0000] {taskmixin.py:211} WARNING - Dependency <Task(BashOperator): create_entry_group>, delete_entry_group already registered for DAG: example_complex
[2023-09-13T08:05:37.682+0000] {logging_mixin.py:149} INFO - [2023-09-13T08:05:37.681+0000] {taskmixin.py:211} WARNING - Dependency <Task(BashOperator): delete_entry_group>, create_entry_group already registered for DAG: example_complex
[2023-09-13T08:05:37.730+0000] {logging_mixin.py:149} INFO - [2023-09-13T08:05:37.730+0000] {taskmixin.py:211} WARNING - Dependency <Task(BashOperator): create_entry_gcs>, delete_entry already registered for DAG: example_complex
[2023-09-13T08:05:37.769+0000] {logging_mixin.py:149} INFO - [2023-09-13T08:05:37.768+0000] {taskmixin.py:211} WARNING - Dependency <Task(BashOperator): delete_entry>, create_entry_gcs already registered for DAG: example_complex
[2023-09-13T08:05:37.783+0000] {logging_mixin.py:149} INFO - [2023-09-13T08:05:37.783+0000] {taskmixin.py:211} WARNING - Dependency <Task(BashOperator): create_tag>, delete_tag already registered for DAG: example_complex
[2023-09-13T08:05:37.809+0000] {logging_mixin.py:149} INFO - [2023-09-13T08:05:37.809+0000] {taskmixin.py:211} WARNING - Dependency <Task(BashOperator): delete_tag>, create_tag already registered for DAG: example_complex
[2023-09-13T08:05:37.831+0000] {processor.py:809} INFO - DAG(s) dict_keys(['example_complex']) retrieved from /home/airflow/.local/lib/python3.7/site-packages/airflow/example_dags/example_complex.py
[2023-09-13T08:05:38.119+0000] {logging_mixin.py:149} INFO - [2023-09-13T08:05:38.118+0000] {dag.py:2726} INFO - Sync 1 DAGs
[2023-09-13T08:05:38.340+0000] {logging_mixin.py:149} INFO - [2023-09-13T08:05:38.339+0000] {dag.py:3490} INFO - Setting next_dagrun for example_complex to None, run_after=None
[2023-09-13T08:05:38.471+0000] {processor.py:178} INFO - Processing /home/airflow/.local/lib/python3.7/site-packages/airflow/example_dags/example_complex.py took 0.930 seconds
[2023-09-13T08:06:09.580+0000] {processor.py:156} INFO - Started process (PID=890) to work on /home/airflow/.local/lib/python3.7/site-packages/airflow/example_dags/example_complex.py
[2023-09-13T08:06:09.597+0000] {processor.py:799} INFO - Processing file /home/airflow/.local/lib/python3.7/site-packages/airflow/example_dags/example_complex.py for tasks to queue
[2023-09-13T08:06:09.606+0000] {logging_mixin.py:149} INFO - [2023-09-13T08:06:09.606+0000] {dagbag.py:541} INFO - Filling up the DagBag from /home/airflow/.local/lib/python3.7/site-packages/airflow/example_dags/example_complex.py
[2023-09-13T08:06:09.682+0000] {logging_mixin.py:149} INFO - [2023-09-13T08:06:09.673+0000] {taskmixin.py:211} WARNING - Dependency <Task(BashOperator): create_entry_group>, delete_entry_group already registered for DAG: example_complex
[2023-09-13T08:06:09.698+0000] {logging_mixin.py:149} INFO - [2023-09-13T08:06:09.698+0000] {taskmixin.py:211} WARNING - Dependency <Task(BashOperator): delete_entry_group>, create_entry_group already registered for DAG: example_complex
[2023-09-13T08:06:09.715+0000] {logging_mixin.py:149} INFO - [2023-09-13T08:06:09.714+0000] {taskmixin.py:211} WARNING - Dependency <Task(BashOperator): create_entry_gcs>, delete_entry already registered for DAG: example_complex
[2023-09-13T08:06:09.725+0000] {logging_mixin.py:149} INFO - [2023-09-13T08:06:09.725+0000] {taskmixin.py:211} WARNING - Dependency <Task(BashOperator): delete_entry>, create_entry_gcs already registered for DAG: example_complex
[2023-09-13T08:06:09.740+0000] {logging_mixin.py:149} INFO - [2023-09-13T08:06:09.739+0000] {taskmixin.py:211} WARNING - Dependency <Task(BashOperator): create_tag>, delete_tag already registered for DAG: example_complex
[2023-09-13T08:06:09.766+0000] {logging_mixin.py:149} INFO - [2023-09-13T08:06:09.765+0000] {taskmixin.py:211} WARNING - Dependency <Task(BashOperator): delete_tag>, create_tag already registered for DAG: example_complex
[2023-09-13T08:06:09.796+0000] {processor.py:809} INFO - DAG(s) dict_keys(['example_complex']) retrieved from /home/airflow/.local/lib/python3.7/site-packages/airflow/example_dags/example_complex.py
[2023-09-13T08:06:10.046+0000] {logging_mixin.py:149} INFO - [2023-09-13T08:06:10.045+0000] {dag.py:2726} INFO - Sync 1 DAGs
[2023-09-13T08:06:10.217+0000] {logging_mixin.py:149} INFO - [2023-09-13T08:06:10.217+0000] {dag.py:3490} INFO - Setting next_dagrun for example_complex to None, run_after=None
[2023-09-13T08:06:10.357+0000] {processor.py:178} INFO - Processing /home/airflow/.local/lib/python3.7/site-packages/airflow/example_dags/example_complex.py took 0.784 seconds
[2023-09-13T08:06:41.351+0000] {processor.py:156} INFO - Started process (PID=950) to work on /home/airflow/.local/lib/python3.7/site-packages/airflow/example_dags/example_complex.py
[2023-09-13T08:06:41.355+0000] {processor.py:799} INFO - Processing file /home/airflow/.local/lib/python3.7/site-packages/airflow/example_dags/example_complex.py for tasks to queue
[2023-09-13T08:06:41.358+0000] {logging_mixin.py:149} INFO - [2023-09-13T08:06:41.358+0000] {dagbag.py:541} INFO - Filling up the DagBag from /home/airflow/.local/lib/python3.7/site-packages/airflow/example_dags/example_complex.py
[2023-09-13T08:06:41.404+0000] {logging_mixin.py:149} INFO - [2023-09-13T08:06:41.404+0000] {taskmixin.py:211} WARNING - Dependency <Task(BashOperator): create_entry_group>, delete_entry_group already registered for DAG: example_complex
[2023-09-13T08:06:41.407+0000] {logging_mixin.py:149} INFO - [2023-09-13T08:06:41.407+0000] {taskmixin.py:211} WARNING - Dependency <Task(BashOperator): delete_entry_group>, create_entry_group already registered for DAG: example_complex
[2023-09-13T08:06:41.410+0000] {logging_mixin.py:149} INFO - [2023-09-13T08:06:41.409+0000] {taskmixin.py:211} WARNING - Dependency <Task(BashOperator): create_entry_gcs>, delete_entry already registered for DAG: example_complex
[2023-09-13T08:06:41.413+0000] {logging_mixin.py:149} INFO - [2023-09-13T08:06:41.412+0000] {taskmixin.py:211} WARNING - Dependency <Task(BashOperator): delete_entry>, create_entry_gcs already registered for DAG: example_complex
[2023-09-13T08:06:41.416+0000] {logging_mixin.py:149} INFO - [2023-09-13T08:06:41.415+0000] {taskmixin.py:211} WARNING - Dependency <Task(BashOperator): create_tag>, delete_tag already registered for DAG: example_complex
[2023-09-13T08:06:41.419+0000] {logging_mixin.py:149} INFO - [2023-09-13T08:06:41.418+0000] {taskmixin.py:211} WARNING - Dependency <Task(BashOperator): delete_tag>, create_tag already registered for DAG: example_complex
[2023-09-13T08:06:41.426+0000] {processor.py:809} INFO - DAG(s) dict_keys(['example_complex']) retrieved from /home/airflow/.local/lib/python3.7/site-packages/airflow/example_dags/example_complex.py
[2023-09-13T08:06:41.562+0000] {logging_mixin.py:149} INFO - [2023-09-13T08:06:41.562+0000] {dag.py:2726} INFO - Sync 1 DAGs
[2023-09-13T08:06:41.653+0000] {logging_mixin.py:149} INFO - [2023-09-13T08:06:41.652+0000] {dag.py:3490} INFO - Setting next_dagrun for example_complex to None, run_after=None
[2023-09-13T08:06:41.738+0000] {processor.py:178} INFO - Processing /home/airflow/.local/lib/python3.7/site-packages/airflow/example_dags/example_complex.py took 0.398 seconds
[2023-09-13T08:07:12.246+0000] {processor.py:156} INFO - Started process (PID=1010) to work on /home/airflow/.local/lib/python3.7/site-packages/airflow/example_dags/example_complex.py
[2023-09-13T08:07:12.251+0000] {processor.py:799} INFO - Processing file /home/airflow/.local/lib/python3.7/site-packages/airflow/example_dags/example_complex.py for tasks to queue
[2023-09-13T08:07:12.256+0000] {logging_mixin.py:149} INFO - [2023-09-13T08:07:12.256+0000] {dagbag.py:541} INFO - Filling up the DagBag from /home/airflow/.local/lib/python3.7/site-packages/airflow/example_dags/example_complex.py
[2023-09-13T08:07:12.294+0000] {logging_mixin.py:149} INFO - [2023-09-13T08:07:12.293+0000] {taskmixin.py:211} WARNING - Dependency <Task(BashOperator): create_entry_group>, delete_entry_group already registered for DAG: example_complex
[2023-09-13T08:07:12.295+0000] {logging_mixin.py:149} INFO - [2023-09-13T08:07:12.295+0000] {taskmixin.py:211} WARNING - Dependency <Task(BashOperator): delete_entry_group>, create_entry_group already registered for DAG: example_complex
[2023-09-13T08:07:12.297+0000] {logging_mixin.py:149} INFO - [2023-09-13T08:07:12.297+0000] {taskmixin.py:211} WARNING - Dependency <Task(BashOperator): create_entry_gcs>, delete_entry already registered for DAG: example_complex
[2023-09-13T08:07:12.298+0000] {logging_mixin.py:149} INFO - [2023-09-13T08:07:12.298+0000] {taskmixin.py:211} WARNING - Dependency <Task(BashOperator): delete_entry>, create_entry_gcs already registered for DAG: example_complex
[2023-09-13T08:07:12.304+0000] {logging_mixin.py:149} INFO - [2023-09-13T08:07:12.303+0000] {taskmixin.py:211} WARNING - Dependency <Task(BashOperator): create_tag>, delete_tag already registered for DAG: example_complex
[2023-09-13T08:07:12.307+0000] {logging_mixin.py:149} INFO - [2023-09-13T08:07:12.307+0000] {taskmixin.py:211} WARNING - Dependency <Task(BashOperator): delete_tag>, create_tag already registered for DAG: example_complex
[2023-09-13T08:07:12.313+0000] {processor.py:809} INFO - DAG(s) dict_keys(['example_complex']) retrieved from /home/airflow/.local/lib/python3.7/site-packages/airflow/example_dags/example_complex.py
[2023-09-13T08:07:12.453+0000] {logging_mixin.py:149} INFO - [2023-09-13T08:07:12.450+0000] {dag.py:2726} INFO - Sync 1 DAGs
[2023-09-13T08:07:12.545+0000] {logging_mixin.py:149} INFO - [2023-09-13T08:07:12.545+0000] {dag.py:3490} INFO - Setting next_dagrun for example_complex to None, run_after=None
[2023-09-13T08:07:12.626+0000] {processor.py:178} INFO - Processing /home/airflow/.local/lib/python3.7/site-packages/airflow/example_dags/example_complex.py took 0.386 seconds
[2023-09-13T08:07:42.807+0000] {processor.py:156} INFO - Started process (PID=1069) to work on /home/airflow/.local/lib/python3.7/site-packages/airflow/example_dags/example_complex.py
[2023-09-13T08:07:42.811+0000] {processor.py:799} INFO - Processing file /home/airflow/.local/lib/python3.7/site-packages/airflow/example_dags/example_complex.py for tasks to queue
[2023-09-13T08:07:42.814+0000] {logging_mixin.py:149} INFO - [2023-09-13T08:07:42.814+0000] {dagbag.py:541} INFO - Filling up the DagBag from /home/airflow/.local/lib/python3.7/site-packages/airflow/example_dags/example_complex.py
[2023-09-13T08:07:42.854+0000] {logging_mixin.py:149} INFO - [2023-09-13T08:07:42.854+0000] {taskmixin.py:211} WARNING - Dependency <Task(BashOperator): create_entry_group>, delete_entry_group already registered for DAG: example_complex
[2023-09-13T08:07:42.856+0000] {logging_mixin.py:149} INFO - [2023-09-13T08:07:42.856+0000] {taskmixin.py:211} WARNING - Dependency <Task(BashOperator): delete_entry_group>, create_entry_group already registered for DAG: example_complex
[2023-09-13T08:07:42.858+0000] {logging_mixin.py:149} INFO - [2023-09-13T08:07:42.857+0000] {taskmixin.py:211} WARNING - Dependency <Task(BashOperator): create_entry_gcs>, delete_entry already registered for DAG: example_complex
[2023-09-13T08:07:42.859+0000] {logging_mixin.py:149} INFO - [2023-09-13T08:07:42.859+0000] {taskmixin.py:211} WARNING - Dependency <Task(BashOperator): delete_entry>, create_entry_gcs already registered for DAG: example_complex
[2023-09-13T08:07:42.861+0000] {logging_mixin.py:149} INFO - [2023-09-13T08:07:42.861+0000] {taskmixin.py:211} WARNING - Dependency <Task(BashOperator): create_tag>, delete_tag already registered for DAG: example_complex
[2023-09-13T08:07:42.863+0000] {logging_mixin.py:149} INFO - [2023-09-13T08:07:42.863+0000] {taskmixin.py:211} WARNING - Dependency <Task(BashOperator): delete_tag>, create_tag already registered for DAG: example_complex
[2023-09-13T08:07:42.870+0000] {processor.py:809} INFO - DAG(s) dict_keys(['example_complex']) retrieved from /home/airflow/.local/lib/python3.7/site-packages/airflow/example_dags/example_complex.py
[2023-09-13T08:07:42.972+0000] {logging_mixin.py:149} INFO - [2023-09-13T08:07:42.970+0000] {dag.py:2726} INFO - Sync 1 DAGs
[2023-09-13T08:07:43.041+0000] {logging_mixin.py:149} INFO - [2023-09-13T08:07:43.041+0000] {dag.py:3490} INFO - Setting next_dagrun for example_complex to None, run_after=None
[2023-09-13T08:07:43.105+0000] {processor.py:178} INFO - Processing /home/airflow/.local/lib/python3.7/site-packages/airflow/example_dags/example_complex.py took 0.312 seconds
[2023-09-13T08:08:13.245+0000] {processor.py:156} INFO - Started process (PID=1129) to work on /home/airflow/.local/lib/python3.7/site-packages/airflow/example_dags/example_complex.py
[2023-09-13T08:08:13.249+0000] {processor.py:799} INFO - Processing file /home/airflow/.local/lib/python3.7/site-packages/airflow/example_dags/example_complex.py for tasks to queue
[2023-09-13T08:08:13.251+0000] {logging_mixin.py:149} INFO - [2023-09-13T08:08:13.251+0000] {dagbag.py:541} INFO - Filling up the DagBag from /home/airflow/.local/lib/python3.7/site-packages/airflow/example_dags/example_complex.py
[2023-09-13T08:08:13.278+0000] {logging_mixin.py:149} INFO - [2023-09-13T08:08:13.278+0000] {taskmixin.py:211} WARNING - Dependency <Task(BashOperator): create_entry_group>, delete_entry_group already registered for DAG: example_complex
[2023-09-13T08:08:13.280+0000] {logging_mixin.py:149} INFO - [2023-09-13T08:08:13.280+0000] {taskmixin.py:211} WARNING - Dependency <Task(BashOperator): delete_entry_group>, create_entry_group already registered for DAG: example_complex
[2023-09-13T08:08:13.282+0000] {logging_mixin.py:149} INFO - [2023-09-13T08:08:13.282+0000] {taskmixin.py:211} WARNING - Dependency <Task(BashOperator): create_entry_gcs>, delete_entry already registered for DAG: example_complex
[2023-09-13T08:08:13.284+0000] {logging_mixin.py:149} INFO - [2023-09-13T08:08:13.283+0000] {taskmixin.py:211} WARNING - Dependency <Task(BashOperator): delete_entry>, create_entry_gcs already registered for DAG: example_complex
[2023-09-13T08:08:13.285+0000] {logging_mixin.py:149} INFO - [2023-09-13T08:08:13.285+0000] {taskmixin.py:211} WARNING - Dependency <Task(BashOperator): create_tag>, delete_tag already registered for DAG: example_complex
[2023-09-13T08:08:13.288+0000] {logging_mixin.py:149} INFO - [2023-09-13T08:08:13.288+0000] {taskmixin.py:211} WARNING - Dependency <Task(BashOperator): delete_tag>, create_tag already registered for DAG: example_complex
[2023-09-13T08:08:13.293+0000] {processor.py:809} INFO - DAG(s) dict_keys(['example_complex']) retrieved from /home/airflow/.local/lib/python3.7/site-packages/airflow/example_dags/example_complex.py
[2023-09-13T08:08:13.379+0000] {logging_mixin.py:149} INFO - [2023-09-13T08:08:13.379+0000] {dag.py:2726} INFO - Sync 1 DAGs
[2023-09-13T08:08:13.456+0000] {logging_mixin.py:149} INFO - [2023-09-13T08:08:13.456+0000] {dag.py:3490} INFO - Setting next_dagrun for example_complex to None, run_after=None
[2023-09-13T08:08:13.514+0000] {processor.py:178} INFO - Processing /home/airflow/.local/lib/python3.7/site-packages/airflow/example_dags/example_complex.py took 0.276 seconds
[2023-09-13T08:08:44.882+0000] {processor.py:156} INFO - Started process (PID=1197) to work on /home/airflow/.local/lib/python3.7/site-packages/airflow/example_dags/example_complex.py
[2023-09-13T08:08:44.895+0000] {processor.py:799} INFO - Processing file /home/airflow/.local/lib/python3.7/site-packages/airflow/example_dags/example_complex.py for tasks to queue
[2023-09-13T08:08:44.901+0000] {logging_mixin.py:149} INFO - [2023-09-13T08:08:44.900+0000] {dagbag.py:541} INFO - Filling up the DagBag from /home/airflow/.local/lib/python3.7/site-packages/airflow/example_dags/example_complex.py
[2023-09-13T08:08:44.957+0000] {logging_mixin.py:149} INFO - [2023-09-13T08:08:44.957+0000] {taskmixin.py:211} WARNING - Dependency <Task(BashOperator): create_entry_group>, delete_entry_group already registered for DAG: example_complex
[2023-09-13T08:08:44.973+0000] {logging_mixin.py:149} INFO - [2023-09-13T08:08:44.972+0000] {taskmixin.py:211} WARNING - Dependency <Task(BashOperator): delete_entry_group>, create_entry_group already registered for DAG: example_complex
[2023-09-13T08:08:44.983+0000] {logging_mixin.py:149} INFO - [2023-09-13T08:08:44.983+0000] {taskmixin.py:211} WARNING - Dependency <Task(BashOperator): create_entry_gcs>, delete_entry already registered for DAG: example_complex
[2023-09-13T08:08:44.987+0000] {logging_mixin.py:149} INFO - [2023-09-13T08:08:44.986+0000] {taskmixin.py:211} WARNING - Dependency <Task(BashOperator): delete_entry>, create_entry_gcs already registered for DAG: example_complex
[2023-09-13T08:08:44.995+0000] {logging_mixin.py:149} INFO - [2023-09-13T08:08:44.994+0000] {taskmixin.py:211} WARNING - Dependency <Task(BashOperator): create_tag>, delete_tag already registered for DAG: example_complex
[2023-09-13T08:08:44.998+0000] {logging_mixin.py:149} INFO - [2023-09-13T08:08:44.998+0000] {taskmixin.py:211} WARNING - Dependency <Task(BashOperator): delete_tag>, create_tag already registered for DAG: example_complex
[2023-09-13T08:08:45.019+0000] {processor.py:809} INFO - DAG(s) dict_keys(['example_complex']) retrieved from /home/airflow/.local/lib/python3.7/site-packages/airflow/example_dags/example_complex.py
[2023-09-13T08:08:45.251+0000] {logging_mixin.py:149} INFO - [2023-09-13T08:08:45.250+0000] {dag.py:2726} INFO - Sync 1 DAGs
[2023-09-13T08:08:45.431+0000] {logging_mixin.py:149} INFO - [2023-09-13T08:08:45.431+0000] {dag.py:3490} INFO - Setting next_dagrun for example_complex to None, run_after=None
[2023-09-13T08:08:45.592+0000] {processor.py:178} INFO - Processing /home/airflow/.local/lib/python3.7/site-packages/airflow/example_dags/example_complex.py took 0.718 seconds
[2023-09-13T08:09:16.277+0000] {processor.py:156} INFO - Started process (PID=1257) to work on /home/airflow/.local/lib/python3.7/site-packages/airflow/example_dags/example_complex.py
[2023-09-13T08:09:16.284+0000] {processor.py:799} INFO - Processing file /home/airflow/.local/lib/python3.7/site-packages/airflow/example_dags/example_complex.py for tasks to queue
[2023-09-13T08:09:16.286+0000] {logging_mixin.py:149} INFO - [2023-09-13T08:09:16.286+0000] {dagbag.py:541} INFO - Filling up the DagBag from /home/airflow/.local/lib/python3.7/site-packages/airflow/example_dags/example_complex.py
[2023-09-13T08:09:16.310+0000] {logging_mixin.py:149} INFO - [2023-09-13T08:09:16.310+0000] {taskmixin.py:211} WARNING - Dependency <Task(BashOperator): create_entry_group>, delete_entry_group already registered for DAG: example_complex
[2023-09-13T08:09:16.312+0000] {logging_mixin.py:149} INFO - [2023-09-13T08:09:16.312+0000] {taskmixin.py:211} WARNING - Dependency <Task(BashOperator): delete_entry_group>, create_entry_group already registered for DAG: example_complex
[2023-09-13T08:09:16.314+0000] {logging_mixin.py:149} INFO - [2023-09-13T08:09:16.314+0000] {taskmixin.py:211} WARNING - Dependency <Task(BashOperator): create_entry_gcs>, delete_entry already registered for DAG: example_complex
[2023-09-13T08:09:16.315+0000] {logging_mixin.py:149} INFO - [2023-09-13T08:09:16.315+0000] {taskmixin.py:211} WARNING - Dependency <Task(BashOperator): delete_entry>, create_entry_gcs already registered for DAG: example_complex
[2023-09-13T08:09:16.317+0000] {logging_mixin.py:149} INFO - [2023-09-13T08:09:16.317+0000] {taskmixin.py:211} WARNING - Dependency <Task(BashOperator): create_tag>, delete_tag already registered for DAG: example_complex
[2023-09-13T08:09:16.318+0000] {logging_mixin.py:149} INFO - [2023-09-13T08:09:16.318+0000] {taskmixin.py:211} WARNING - Dependency <Task(BashOperator): delete_tag>, create_tag already registered for DAG: example_complex
[2023-09-13T08:09:16.322+0000] {processor.py:809} INFO - DAG(s) dict_keys(['example_complex']) retrieved from /home/airflow/.local/lib/python3.7/site-packages/airflow/example_dags/example_complex.py
[2023-09-13T08:09:16.400+0000] {logging_mixin.py:149} INFO - [2023-09-13T08:09:16.400+0000] {dag.py:2726} INFO - Sync 1 DAGs
[2023-09-13T08:09:16.459+0000] {logging_mixin.py:149} INFO - [2023-09-13T08:09:16.459+0000] {dag.py:3490} INFO - Setting next_dagrun for example_complex to None, run_after=None
[2023-09-13T08:09:16.519+0000] {processor.py:178} INFO - Processing /home/airflow/.local/lib/python3.7/site-packages/airflow/example_dags/example_complex.py took 0.249 seconds
[2023-09-13T08:09:46.644+0000] {processor.py:156} INFO - Started process (PID=1318) to work on /home/airflow/.local/lib/python3.7/site-packages/airflow/example_dags/example_complex.py
[2023-09-13T08:09:46.649+0000] {processor.py:799} INFO - Processing file /home/airflow/.local/lib/python3.7/site-packages/airflow/example_dags/example_complex.py for tasks to queue
[2023-09-13T08:09:46.654+0000] {logging_mixin.py:149} INFO - [2023-09-13T08:09:46.653+0000] {dagbag.py:541} INFO - Filling up the DagBag from /home/airflow/.local/lib/python3.7/site-packages/airflow/example_dags/example_complex.py
[2023-09-13T08:09:46.696+0000] {logging_mixin.py:149} INFO - [2023-09-13T08:09:46.696+0000] {taskmixin.py:211} WARNING - Dependency <Task(BashOperator): create_entry_group>, delete_entry_group already registered for DAG: example_complex
[2023-09-13T08:09:46.698+0000] {logging_mixin.py:149} INFO - [2023-09-13T08:09:46.698+0000] {taskmixin.py:211} WARNING - Dependency <Task(BashOperator): delete_entry_group>, create_entry_group already registered for DAG: example_complex
[2023-09-13T08:09:46.702+0000] {logging_mixin.py:149} INFO - [2023-09-13T08:09:46.702+0000] {taskmixin.py:211} WARNING - Dependency <Task(BashOperator): create_entry_gcs>, delete_entry already registered for DAG: example_complex
[2023-09-13T08:09:46.705+0000] {logging_mixin.py:149} INFO - [2023-09-13T08:09:46.704+0000] {taskmixin.py:211} WARNING - Dependency <Task(BashOperator): delete_entry>, create_entry_gcs already registered for DAG: example_complex
[2023-09-13T08:09:46.707+0000] {logging_mixin.py:149} INFO - [2023-09-13T08:09:46.707+0000] {taskmixin.py:211} WARNING - Dependency <Task(BashOperator): create_tag>, delete_tag already registered for DAG: example_complex
[2023-09-13T08:09:46.708+0000] {logging_mixin.py:149} INFO - [2023-09-13T08:09:46.708+0000] {taskmixin.py:211} WARNING - Dependency <Task(BashOperator): delete_tag>, create_tag already registered for DAG: example_complex
[2023-09-13T08:09:46.713+0000] {processor.py:809} INFO - DAG(s) dict_keys(['example_complex']) retrieved from /home/airflow/.local/lib/python3.7/site-packages/airflow/example_dags/example_complex.py
[2023-09-13T08:09:46.800+0000] {logging_mixin.py:149} INFO - [2023-09-13T08:09:46.800+0000] {dag.py:2726} INFO - Sync 1 DAGs
[2023-09-13T08:09:46.859+0000] {logging_mixin.py:149} INFO - [2023-09-13T08:09:46.859+0000] {dag.py:3490} INFO - Setting next_dagrun for example_complex to None, run_after=None
[2023-09-13T08:09:46.911+0000] {processor.py:178} INFO - Processing /home/airflow/.local/lib/python3.7/site-packages/airflow/example_dags/example_complex.py took 0.281 seconds
[2023-09-13T08:10:17.129+0000] {processor.py:156} INFO - Started process (PID=1378) to work on /home/airflow/.local/lib/python3.7/site-packages/airflow/example_dags/example_complex.py
[2023-09-13T08:10:17.132+0000] {processor.py:799} INFO - Processing file /home/airflow/.local/lib/python3.7/site-packages/airflow/example_dags/example_complex.py for tasks to queue
[2023-09-13T08:10:17.135+0000] {logging_mixin.py:149} INFO - [2023-09-13T08:10:17.135+0000] {dagbag.py:541} INFO - Filling up the DagBag from /home/airflow/.local/lib/python3.7/site-packages/airflow/example_dags/example_complex.py
[2023-09-13T08:10:17.163+0000] {logging_mixin.py:149} INFO - [2023-09-13T08:10:17.162+0000] {taskmixin.py:211} WARNING - Dependency <Task(BashOperator): create_entry_group>, delete_entry_group already registered for DAG: example_complex
[2023-09-13T08:10:17.165+0000] {logging_mixin.py:149} INFO - [2023-09-13T08:10:17.164+0000] {taskmixin.py:211} WARNING - Dependency <Task(BashOperator): delete_entry_group>, create_entry_group already registered for DAG: example_complex
[2023-09-13T08:10:17.168+0000] {logging_mixin.py:149} INFO - [2023-09-13T08:10:17.166+0000] {taskmixin.py:211} WARNING - Dependency <Task(BashOperator): create_entry_gcs>, delete_entry already registered for DAG: example_complex
[2023-09-13T08:10:17.169+0000] {logging_mixin.py:149} INFO - [2023-09-13T08:10:17.169+0000] {taskmixin.py:211} WARNING - Dependency <Task(BashOperator): delete_entry>, create_entry_gcs already registered for DAG: example_complex
[2023-09-13T08:10:17.171+0000] {logging_mixin.py:149} INFO - [2023-09-13T08:10:17.171+0000] {taskmixin.py:211} WARNING - Dependency <Task(BashOperator): create_tag>, delete_tag already registered for DAG: example_complex
[2023-09-13T08:10:17.173+0000] {logging_mixin.py:149} INFO - [2023-09-13T08:10:17.172+0000] {taskmixin.py:211} WARNING - Dependency <Task(BashOperator): delete_tag>, create_tag already registered for DAG: example_complex
[2023-09-13T08:10:17.178+0000] {processor.py:809} INFO - DAG(s) dict_keys(['example_complex']) retrieved from /home/airflow/.local/lib/python3.7/site-packages/airflow/example_dags/example_complex.py
[2023-09-13T08:10:17.251+0000] {logging_mixin.py:149} INFO - [2023-09-13T08:10:17.251+0000] {dag.py:2726} INFO - Sync 1 DAGs
[2023-09-13T08:10:17.301+0000] {logging_mixin.py:149} INFO - [2023-09-13T08:10:17.301+0000] {dag.py:3490} INFO - Setting next_dagrun for example_complex to None, run_after=None
[2023-09-13T08:10:17.352+0000] {processor.py:178} INFO - Processing /home/airflow/.local/lib/python3.7/site-packages/airflow/example_dags/example_complex.py took 0.231 seconds
[2023-09-13T08:10:47.973+0000] {processor.py:156} INFO - Started process (PID=1439) to work on /home/airflow/.local/lib/python3.7/site-packages/airflow/example_dags/example_complex.py
[2023-09-13T08:10:47.976+0000] {processor.py:799} INFO - Processing file /home/airflow/.local/lib/python3.7/site-packages/airflow/example_dags/example_complex.py for tasks to queue
[2023-09-13T08:10:47.979+0000] {logging_mixin.py:149} INFO - [2023-09-13T08:10:47.979+0000] {dagbag.py:541} INFO - Filling up the DagBag from /home/airflow/.local/lib/python3.7/site-packages/airflow/example_dags/example_complex.py
[2023-09-13T08:10:48.048+0000] {logging_mixin.py:149} INFO - [2023-09-13T08:10:48.047+0000] {taskmixin.py:211} WARNING - Dependency <Task(BashOperator): create_entry_group>, delete_entry_group already registered for DAG: example_complex
[2023-09-13T08:10:48.050+0000] {logging_mixin.py:149} INFO - [2023-09-13T08:10:48.050+0000] {taskmixin.py:211} WARNING - Dependency <Task(BashOperator): delete_entry_group>, create_entry_group already registered for DAG: example_complex
[2023-09-13T08:10:48.052+0000] {logging_mixin.py:149} INFO - [2023-09-13T08:10:48.052+0000] {taskmixin.py:211} WARNING - Dependency <Task(BashOperator): create_entry_gcs>, delete_entry already registered for DAG: example_complex
[2023-09-13T08:10:48.054+0000] {logging_mixin.py:149} INFO - [2023-09-13T08:10:48.054+0000] {taskmixin.py:211} WARNING - Dependency <Task(BashOperator): delete_entry>, create_entry_gcs already registered for DAG: example_complex
[2023-09-13T08:10:48.058+0000] {logging_mixin.py:149} INFO - [2023-09-13T08:10:48.057+0000] {taskmixin.py:211} WARNING - Dependency <Task(BashOperator): create_tag>, delete_tag already registered for DAG: example_complex
[2023-09-13T08:10:48.062+0000] {logging_mixin.py:149} INFO - [2023-09-13T08:10:48.061+0000] {taskmixin.py:211} WARNING - Dependency <Task(BashOperator): delete_tag>, create_tag already registered for DAG: example_complex
[2023-09-13T08:10:48.068+0000] {processor.py:809} INFO - DAG(s) dict_keys(['example_complex']) retrieved from /home/airflow/.local/lib/python3.7/site-packages/airflow/example_dags/example_complex.py
[2023-09-13T08:10:48.209+0000] {logging_mixin.py:149} INFO - [2023-09-13T08:10:48.208+0000] {dag.py:2726} INFO - Sync 1 DAGs
[2023-09-13T08:10:48.308+0000] {logging_mixin.py:149} INFO - [2023-09-13T08:10:48.308+0000] {dag.py:3490} INFO - Setting next_dagrun for example_complex to None, run_after=None
[2023-09-13T08:10:48.392+0000] {processor.py:178} INFO - Processing /home/airflow/.local/lib/python3.7/site-packages/airflow/example_dags/example_complex.py took 0.427 seconds
[2023-09-13T08:11:19.121+0000] {processor.py:156} INFO - Started process (PID=1499) to work on /home/airflow/.local/lib/python3.7/site-packages/airflow/example_dags/example_complex.py
[2023-09-13T08:11:19.124+0000] {processor.py:799} INFO - Processing file /home/airflow/.local/lib/python3.7/site-packages/airflow/example_dags/example_complex.py for tasks to queue
[2023-09-13T08:11:19.127+0000] {logging_mixin.py:149} INFO - [2023-09-13T08:11:19.126+0000] {dagbag.py:541} INFO - Filling up the DagBag from /home/airflow/.local/lib/python3.7/site-packages/airflow/example_dags/example_complex.py
[2023-09-13T08:11:19.164+0000] {logging_mixin.py:149} INFO - [2023-09-13T08:11:19.163+0000] {taskmixin.py:211} WARNING - Dependency <Task(BashOperator): create_entry_group>, delete_entry_group already registered for DAG: example_complex
[2023-09-13T08:11:19.165+0000] {logging_mixin.py:149} INFO - [2023-09-13T08:11:19.165+0000] {taskmixin.py:211} WARNING - Dependency <Task(BashOperator): delete_entry_group>, create_entry_group already registered for DAG: example_complex
[2023-09-13T08:11:19.167+0000] {logging_mixin.py:149} INFO - [2023-09-13T08:11:19.167+0000] {taskmixin.py:211} WARNING - Dependency <Task(BashOperator): create_entry_gcs>, delete_entry already registered for DAG: example_complex
[2023-09-13T08:11:19.169+0000] {logging_mixin.py:149} INFO - [2023-09-13T08:11:19.168+0000] {taskmixin.py:211} WARNING - Dependency <Task(BashOperator): delete_entry>, create_entry_gcs already registered for DAG: example_complex
[2023-09-13T08:11:19.171+0000] {logging_mixin.py:149} INFO - [2023-09-13T08:11:19.171+0000] {taskmixin.py:211} WARNING - Dependency <Task(BashOperator): create_tag>, delete_tag already registered for DAG: example_complex
[2023-09-13T08:11:19.173+0000] {logging_mixin.py:149} INFO - [2023-09-13T08:11:19.173+0000] {taskmixin.py:211} WARNING - Dependency <Task(BashOperator): delete_tag>, create_tag already registered for DAG: example_complex
[2023-09-13T08:11:19.179+0000] {processor.py:809} INFO - DAG(s) dict_keys(['example_complex']) retrieved from /home/airflow/.local/lib/python3.7/site-packages/airflow/example_dags/example_complex.py
[2023-09-13T08:11:19.293+0000] {logging_mixin.py:149} INFO - [2023-09-13T08:11:19.292+0000] {dag.py:2726} INFO - Sync 1 DAGs
[2023-09-13T08:11:19.353+0000] {logging_mixin.py:149} INFO - [2023-09-13T08:11:19.353+0000] {dag.py:3490} INFO - Setting next_dagrun for example_complex to None, run_after=None
[2023-09-13T08:11:19.404+0000] {processor.py:178} INFO - Processing /home/airflow/.local/lib/python3.7/site-packages/airflow/example_dags/example_complex.py took 0.292 seconds
[2023-09-13T08:11:49.848+0000] {processor.py:156} INFO - Started process (PID=1559) to work on /home/airflow/.local/lib/python3.7/site-packages/airflow/example_dags/example_complex.py
[2023-09-13T08:11:49.851+0000] {processor.py:799} INFO - Processing file /home/airflow/.local/lib/python3.7/site-packages/airflow/example_dags/example_complex.py for tasks to queue
[2023-09-13T08:11:49.854+0000] {logging_mixin.py:149} INFO - [2023-09-13T08:11:49.853+0000] {dagbag.py:541} INFO - Filling up the DagBag from /home/airflow/.local/lib/python3.7/site-packages/airflow/example_dags/example_complex.py
[2023-09-13T08:11:49.880+0000] {logging_mixin.py:149} INFO - [2023-09-13T08:11:49.880+0000] {taskmixin.py:211} WARNING - Dependency <Task(BashOperator): create_entry_group>, delete_entry_group already registered for DAG: example_complex
[2023-09-13T08:11:49.882+0000] {logging_mixin.py:149} INFO - [2023-09-13T08:11:49.882+0000] {taskmixin.py:211} WARNING - Dependency <Task(BashOperator): delete_entry_group>, create_entry_group already registered for DAG: example_complex
[2023-09-13T08:11:49.884+0000] {logging_mixin.py:149} INFO - [2023-09-13T08:11:49.883+0000] {taskmixin.py:211} WARNING - Dependency <Task(BashOperator): create_entry_gcs>, delete_entry already registered for DAG: example_complex
[2023-09-13T08:11:49.885+0000] {logging_mixin.py:149} INFO - [2023-09-13T08:11:49.885+0000] {taskmixin.py:211} WARNING - Dependency <Task(BashOperator): delete_entry>, create_entry_gcs already registered for DAG: example_complex
[2023-09-13T08:11:49.887+0000] {logging_mixin.py:149} INFO - [2023-09-13T08:11:49.887+0000] {taskmixin.py:211} WARNING - Dependency <Task(BashOperator): create_tag>, delete_tag already registered for DAG: example_complex
[2023-09-13T08:11:49.889+0000] {logging_mixin.py:149} INFO - [2023-09-13T08:11:49.888+0000] {taskmixin.py:211} WARNING - Dependency <Task(BashOperator): delete_tag>, create_tag already registered for DAG: example_complex
[2023-09-13T08:11:49.894+0000] {processor.py:809} INFO - DAG(s) dict_keys(['example_complex']) retrieved from /home/airflow/.local/lib/python3.7/site-packages/airflow/example_dags/example_complex.py
[2023-09-13T08:11:49.985+0000] {logging_mixin.py:149} INFO - [2023-09-13T08:11:49.984+0000] {dag.py:2726} INFO - Sync 1 DAGs
[2023-09-13T08:11:50.061+0000] {logging_mixin.py:149} INFO - [2023-09-13T08:11:50.061+0000] {dag.py:3490} INFO - Setting next_dagrun for example_complex to None, run_after=None
[2023-09-13T08:11:50.128+0000] {processor.py:178} INFO - Processing /home/airflow/.local/lib/python3.7/site-packages/airflow/example_dags/example_complex.py took 0.288 seconds
[2023-09-13T08:12:20.646+0000] {processor.py:156} INFO - Started process (PID=1619) to work on /home/airflow/.local/lib/python3.7/site-packages/airflow/example_dags/example_complex.py
[2023-09-13T08:12:20.648+0000] {processor.py:799} INFO - Processing file /home/airflow/.local/lib/python3.7/site-packages/airflow/example_dags/example_complex.py for tasks to queue
[2023-09-13T08:12:20.650+0000] {logging_mixin.py:149} INFO - [2023-09-13T08:12:20.650+0000] {dagbag.py:541} INFO - Filling up the DagBag from /home/airflow/.local/lib/python3.7/site-packages/airflow/example_dags/example_complex.py
[2023-09-13T08:12:20.667+0000] {logging_mixin.py:149} INFO - [2023-09-13T08:12:20.667+0000] {taskmixin.py:211} WARNING - Dependency <Task(BashOperator): create_entry_group>, delete_entry_group already registered for DAG: example_complex
[2023-09-13T08:12:20.669+0000] {logging_mixin.py:149} INFO - [2023-09-13T08:12:20.669+0000] {taskmixin.py:211} WARNING - Dependency <Task(BashOperator): delete_entry_group>, create_entry_group already registered for DAG: example_complex
[2023-09-13T08:12:20.671+0000] {logging_mixin.py:149} INFO - [2023-09-13T08:12:20.671+0000] {taskmixin.py:211} WARNING - Dependency <Task(BashOperator): create_entry_gcs>, delete_entry already registered for DAG: example_complex
[2023-09-13T08:12:20.673+0000] {logging_mixin.py:149} INFO - [2023-09-13T08:12:20.673+0000] {taskmixin.py:211} WARNING - Dependency <Task(BashOperator): delete_entry>, create_entry_gcs already registered for DAG: example_complex
[2023-09-13T08:12:20.675+0000] {logging_mixin.py:149} INFO - [2023-09-13T08:12:20.674+0000] {taskmixin.py:211} WARNING - Dependency <Task(BashOperator): create_tag>, delete_tag already registered for DAG: example_complex
[2023-09-13T08:12:20.676+0000] {logging_mixin.py:149} INFO - [2023-09-13T08:12:20.676+0000] {taskmixin.py:211} WARNING - Dependency <Task(BashOperator): delete_tag>, create_tag already registered for DAG: example_complex
[2023-09-13T08:12:20.680+0000] {processor.py:809} INFO - DAG(s) dict_keys(['example_complex']) retrieved from /home/airflow/.local/lib/python3.7/site-packages/airflow/example_dags/example_complex.py
[2023-09-13T08:12:20.745+0000] {logging_mixin.py:149} INFO - [2023-09-13T08:12:20.745+0000] {dag.py:2726} INFO - Sync 1 DAGs
[2023-09-13T08:12:20.791+0000] {logging_mixin.py:149} INFO - [2023-09-13T08:12:20.791+0000] {dag.py:3490} INFO - Setting next_dagrun for example_complex to None, run_after=None
[2023-09-13T08:12:20.830+0000] {processor.py:178} INFO - Processing /home/airflow/.local/lib/python3.7/site-packages/airflow/example_dags/example_complex.py took 0.190 seconds
[2023-09-13T08:12:51.014+0000] {processor.py:156} INFO - Started process (PID=1670) to work on /home/airflow/.local/lib/python3.7/site-packages/airflow/example_dags/example_complex.py
[2023-09-13T08:12:51.017+0000] {processor.py:799} INFO - Processing file /home/airflow/.local/lib/python3.7/site-packages/airflow/example_dags/example_complex.py for tasks to queue
[2023-09-13T08:12:51.020+0000] {logging_mixin.py:149} INFO - [2023-09-13T08:12:51.019+0000] {dagbag.py:541} INFO - Filling up the DagBag from /home/airflow/.local/lib/python3.7/site-packages/airflow/example_dags/example_complex.py
[2023-09-13T08:12:51.046+0000] {logging_mixin.py:149} INFO - [2023-09-13T08:12:51.046+0000] {taskmixin.py:211} WARNING - Dependency <Task(BashOperator): create_entry_group>, delete_entry_group already registered for DAG: example_complex
[2023-09-13T08:12:51.048+0000] {logging_mixin.py:149} INFO - [2023-09-13T08:12:51.047+0000] {taskmixin.py:211} WARNING - Dependency <Task(BashOperator): delete_entry_group>, create_entry_group already registered for DAG: example_complex
[2023-09-13T08:12:51.049+0000] {logging_mixin.py:149} INFO - [2023-09-13T08:12:51.049+0000] {taskmixin.py:211} WARNING - Dependency <Task(BashOperator): create_entry_gcs>, delete_entry already registered for DAG: example_complex
[2023-09-13T08:12:51.051+0000] {logging_mixin.py:149} INFO - [2023-09-13T08:12:51.050+0000] {taskmixin.py:211} WARNING - Dependency <Task(BashOperator): delete_entry>, create_entry_gcs already registered for DAG: example_complex
[2023-09-13T08:12:51.052+0000] {logging_mixin.py:149} INFO - [2023-09-13T08:12:51.052+0000] {taskmixin.py:211} WARNING - Dependency <Task(BashOperator): create_tag>, delete_tag already registered for DAG: example_complex
[2023-09-13T08:12:51.054+0000] {logging_mixin.py:149} INFO - [2023-09-13T08:12:51.054+0000] {taskmixin.py:211} WARNING - Dependency <Task(BashOperator): delete_tag>, create_tag already registered for DAG: example_complex
[2023-09-13T08:12:51.059+0000] {processor.py:809} INFO - DAG(s) dict_keys(['example_complex']) retrieved from /home/airflow/.local/lib/python3.7/site-packages/airflow/example_dags/example_complex.py
[2023-09-13T08:12:51.206+0000] {logging_mixin.py:149} INFO - [2023-09-13T08:12:51.206+0000] {dag.py:2726} INFO - Sync 1 DAGs
[2023-09-13T08:12:51.279+0000] {logging_mixin.py:149} INFO - [2023-09-13T08:12:51.279+0000] {dag.py:3490} INFO - Setting next_dagrun for example_complex to None, run_after=None
[2023-09-13T08:12:51.368+0000] {processor.py:178} INFO - Processing /home/airflow/.local/lib/python3.7/site-packages/airflow/example_dags/example_complex.py took 0.362 seconds
[2023-09-13T09:26:09.438+0000] {processor.py:156} INFO - Started process (PID=42) to work on /home/airflow/.local/lib/python3.7/site-packages/airflow/example_dags/example_complex.py
[2023-09-13T09:26:09.440+0000] {processor.py:799} INFO - Processing file /home/airflow/.local/lib/python3.7/site-packages/airflow/example_dags/example_complex.py for tasks to queue
[2023-09-13T09:26:09.441+0000] {logging_mixin.py:149} INFO - [2023-09-13T09:26:09.441+0000] {dagbag.py:541} INFO - Filling up the DagBag from /home/airflow/.local/lib/python3.7/site-packages/airflow/example_dags/example_complex.py
[2023-09-13T09:26:09.456+0000] {logging_mixin.py:149} INFO - [2023-09-13T09:26:09.456+0000] {taskmixin.py:211} WARNING - Dependency <Task(BashOperator): create_entry_group>, delete_entry_group already registered for DAG: example_complex
[2023-09-13T09:26:09.457+0000] {logging_mixin.py:149} INFO - [2023-09-13T09:26:09.457+0000] {taskmixin.py:211} WARNING - Dependency <Task(BashOperator): delete_entry_group>, create_entry_group already registered for DAG: example_complex
[2023-09-13T09:26:09.458+0000] {logging_mixin.py:149} INFO - [2023-09-13T09:26:09.458+0000] {taskmixin.py:211} WARNING - Dependency <Task(BashOperator): create_entry_gcs>, delete_entry already registered for DAG: example_complex
[2023-09-13T09:26:09.459+0000] {logging_mixin.py:149} INFO - [2023-09-13T09:26:09.459+0000] {taskmixin.py:211} WARNING - Dependency <Task(BashOperator): delete_entry>, create_entry_gcs already registered for DAG: example_complex
[2023-09-13T09:26:09.460+0000] {logging_mixin.py:149} INFO - [2023-09-13T09:26:09.460+0000] {taskmixin.py:211} WARNING - Dependency <Task(BashOperator): create_tag>, delete_tag already registered for DAG: example_complex
[2023-09-13T09:26:09.461+0000] {logging_mixin.py:149} INFO - [2023-09-13T09:26:09.461+0000] {taskmixin.py:211} WARNING - Dependency <Task(BashOperator): delete_tag>, create_tag already registered for DAG: example_complex
[2023-09-13T09:26:09.467+0000] {processor.py:809} INFO - DAG(s) dict_keys(['example_complex']) retrieved from /home/airflow/.local/lib/python3.7/site-packages/airflow/example_dags/example_complex.py
[2023-09-13T09:26:09.531+0000] {logging_mixin.py:149} INFO - [2023-09-13T09:26:09.530+0000] {dag.py:2726} INFO - Sync 1 DAGs
[2023-09-13T09:26:09.566+0000] {logging_mixin.py:149} INFO - [2023-09-13T09:26:09.565+0000] {dag.py:3490} INFO - Setting next_dagrun for example_complex to None, run_after=None
[2023-09-13T09:26:09.593+0000] {processor.py:178} INFO - Processing /home/airflow/.local/lib/python3.7/site-packages/airflow/example_dags/example_complex.py took 0.159 seconds
