[2023-09-13T07:58:56.260+0000] {processor.py:156} INFO - Started process (PID=70) to work on /home/airflow/.local/lib/python3.7/site-packages/airflow/example_dags/example_branch_python_dop_operator_3.py
[2023-09-13T07:58:56.264+0000] {processor.py:799} INFO - Processing file /home/airflow/.local/lib/python3.7/site-packages/airflow/example_dags/example_branch_python_dop_operator_3.py for tasks to queue
[2023-09-13T07:58:56.267+0000] {logging_mixin.py:149} INFO - [2023-09-13T07:58:56.267+0000] {dagbag.py:541} INFO - Filling up the DagBag from /home/airflow/.local/lib/python3.7/site-packages/airflow/example_dags/example_branch_python_dop_operator_3.py
[2023-09-13T07:58:56.297+0000] {processor.py:809} INFO - DAG(s) dict_keys(['example_branch_dop_operator_v3']) retrieved from /home/airflow/.local/lib/python3.7/site-packages/airflow/example_dags/example_branch_python_dop_operator_3.py
[2023-09-13T07:58:56.382+0000] {logging_mixin.py:149} INFO - [2023-09-13T07:58:56.381+0000] {dag.py:2726} INFO - Sync 1 DAGs
[2023-09-13T07:58:56.475+0000] {logging_mixin.py:149} INFO - [2023-09-13T07:58:56.475+0000] {dag.py:3490} INFO - Setting next_dagrun for example_branch_dop_operator_v3 to 2023-09-13T07:57:00+00:00, run_after=2023-09-13T07:58:00+00:00
[2023-09-13T07:58:56.528+0000] {processor.py:178} INFO - Processing /home/airflow/.local/lib/python3.7/site-packages/airflow/example_dags/example_branch_python_dop_operator_3.py took 0.275 seconds
[2023-09-13T07:59:26.910+0000] {processor.py:156} INFO - Started process (PID=130) to work on /home/airflow/.local/lib/python3.7/site-packages/airflow/example_dags/example_branch_python_dop_operator_3.py
[2023-09-13T07:59:26.913+0000] {processor.py:799} INFO - Processing file /home/airflow/.local/lib/python3.7/site-packages/airflow/example_dags/example_branch_python_dop_operator_3.py for tasks to queue
[2023-09-13T07:59:26.915+0000] {logging_mixin.py:149} INFO - [2023-09-13T07:59:26.915+0000] {dagbag.py:541} INFO - Filling up the DagBag from /home/airflow/.local/lib/python3.7/site-packages/airflow/example_dags/example_branch_python_dop_operator_3.py
[2023-09-13T07:59:26.933+0000] {processor.py:809} INFO - DAG(s) dict_keys(['example_branch_dop_operator_v3']) retrieved from /home/airflow/.local/lib/python3.7/site-packages/airflow/example_dags/example_branch_python_dop_operator_3.py
[2023-09-13T07:59:26.979+0000] {logging_mixin.py:149} INFO - [2023-09-13T07:59:26.978+0000] {dag.py:2726} INFO - Sync 1 DAGs
[2023-09-13T07:59:27.025+0000] {logging_mixin.py:149} INFO - [2023-09-13T07:59:27.025+0000] {dag.py:3490} INFO - Setting next_dagrun for example_branch_dop_operator_v3 to 2023-09-13T07:58:00+00:00, run_after=2023-09-13T07:59:00+00:00
[2023-09-13T07:59:27.065+0000] {processor.py:178} INFO - Processing /home/airflow/.local/lib/python3.7/site-packages/airflow/example_dags/example_branch_python_dop_operator_3.py took 0.161 seconds
[2023-09-13T08:00:00.108+0000] {processor.py:156} INFO - Started process (PID=190) to work on /home/airflow/.local/lib/python3.7/site-packages/airflow/example_dags/example_branch_python_dop_operator_3.py
[2023-09-13T08:00:00.110+0000] {processor.py:799} INFO - Processing file /home/airflow/.local/lib/python3.7/site-packages/airflow/example_dags/example_branch_python_dop_operator_3.py for tasks to queue
[2023-09-13T08:00:00.113+0000] {logging_mixin.py:149} INFO - [2023-09-13T08:00:00.113+0000] {dagbag.py:541} INFO - Filling up the DagBag from /home/airflow/.local/lib/python3.7/site-packages/airflow/example_dags/example_branch_python_dop_operator_3.py
[2023-09-13T08:00:00.130+0000] {processor.py:809} INFO - DAG(s) dict_keys(['example_branch_dop_operator_v3']) retrieved from /home/airflow/.local/lib/python3.7/site-packages/airflow/example_dags/example_branch_python_dop_operator_3.py
[2023-09-13T08:00:00.187+0000] {logging_mixin.py:149} INFO - [2023-09-13T08:00:00.186+0000] {dag.py:2726} INFO - Sync 1 DAGs
[2023-09-13T08:00:00.463+0000] {logging_mixin.py:149} INFO - [2023-09-13T08:00:00.463+0000] {dag.py:3490} INFO - Setting next_dagrun for example_branch_dop_operator_v3 to 2023-09-13T07:59:00+00:00, run_after=2023-09-13T08:00:00+00:00
[2023-09-13T08:00:00.512+0000] {processor.py:178} INFO - Processing /home/airflow/.local/lib/python3.7/site-packages/airflow/example_dags/example_branch_python_dop_operator_3.py took 0.410 seconds
[2023-09-13T08:00:30.757+0000] {processor.py:156} INFO - Started process (PID=250) to work on /home/airflow/.local/lib/python3.7/site-packages/airflow/example_dags/example_branch_python_dop_operator_3.py
[2023-09-13T08:00:30.760+0000] {processor.py:799} INFO - Processing file /home/airflow/.local/lib/python3.7/site-packages/airflow/example_dags/example_branch_python_dop_operator_3.py for tasks to queue
[2023-09-13T08:00:30.763+0000] {logging_mixin.py:149} INFO - [2023-09-13T08:00:30.763+0000] {dagbag.py:541} INFO - Filling up the DagBag from /home/airflow/.local/lib/python3.7/site-packages/airflow/example_dags/example_branch_python_dop_operator_3.py
[2023-09-13T08:00:30.793+0000] {processor.py:809} INFO - DAG(s) dict_keys(['example_branch_dop_operator_v3']) retrieved from /home/airflow/.local/lib/python3.7/site-packages/airflow/example_dags/example_branch_python_dop_operator_3.py
[2023-09-13T08:00:30.890+0000] {logging_mixin.py:149} INFO - [2023-09-13T08:00:30.890+0000] {dag.py:2726} INFO - Sync 1 DAGs
[2023-09-13T08:00:31.010+0000] {logging_mixin.py:149} INFO - [2023-09-13T08:00:31.010+0000] {dag.py:3490} INFO - Setting next_dagrun for example_branch_dop_operator_v3 to 2023-09-13T07:59:00+00:00, run_after=2023-09-13T08:00:00+00:00
[2023-09-13T08:00:31.104+0000] {processor.py:178} INFO - Processing /home/airflow/.local/lib/python3.7/site-packages/airflow/example_dags/example_branch_python_dop_operator_3.py took 0.357 seconds
[2023-09-13T08:01:04.099+0000] {processor.py:156} INFO - Started process (PID=310) to work on /home/airflow/.local/lib/python3.7/site-packages/airflow/example_dags/example_branch_python_dop_operator_3.py
[2023-09-13T08:01:04.102+0000] {processor.py:799} INFO - Processing file /home/airflow/.local/lib/python3.7/site-packages/airflow/example_dags/example_branch_python_dop_operator_3.py for tasks to queue
[2023-09-13T08:01:04.106+0000] {logging_mixin.py:149} INFO - [2023-09-13T08:01:04.105+0000] {dagbag.py:541} INFO - Filling up the DagBag from /home/airflow/.local/lib/python3.7/site-packages/airflow/example_dags/example_branch_python_dop_operator_3.py
[2023-09-13T08:01:04.136+0000] {processor.py:809} INFO - DAG(s) dict_keys(['example_branch_dop_operator_v3']) retrieved from /home/airflow/.local/lib/python3.7/site-packages/airflow/example_dags/example_branch_python_dop_operator_3.py
[2023-09-13T08:01:04.243+0000] {logging_mixin.py:149} INFO - [2023-09-13T08:01:04.242+0000] {dag.py:2726} INFO - Sync 1 DAGs
[2023-09-13T08:01:04.419+0000] {logging_mixin.py:149} INFO - [2023-09-13T08:01:04.418+0000] {dag.py:3490} INFO - Setting next_dagrun for example_branch_dop_operator_v3 to 2023-09-13T08:00:00+00:00, run_after=2023-09-13T08:01:00+00:00
[2023-09-13T08:01:04.532+0000] {processor.py:178} INFO - Processing /home/airflow/.local/lib/python3.7/site-packages/airflow/example_dags/example_branch_python_dop_operator_3.py took 0.452 seconds
[2023-09-13T08:01:35.525+0000] {processor.py:156} INFO - Started process (PID=370) to work on /home/airflow/.local/lib/python3.7/site-packages/airflow/example_dags/example_branch_python_dop_operator_3.py
[2023-09-13T08:01:35.534+0000] {processor.py:799} INFO - Processing file /home/airflow/.local/lib/python3.7/site-packages/airflow/example_dags/example_branch_python_dop_operator_3.py for tasks to queue
[2023-09-13T08:01:35.541+0000] {logging_mixin.py:149} INFO - [2023-09-13T08:01:35.540+0000] {dagbag.py:541} INFO - Filling up the DagBag from /home/airflow/.local/lib/python3.7/site-packages/airflow/example_dags/example_branch_python_dop_operator_3.py
[2023-09-13T08:01:35.606+0000] {processor.py:809} INFO - DAG(s) dict_keys(['example_branch_dop_operator_v3']) retrieved from /home/airflow/.local/lib/python3.7/site-packages/airflow/example_dags/example_branch_python_dop_operator_3.py
[2023-09-13T08:01:35.814+0000] {logging_mixin.py:149} INFO - [2023-09-13T08:01:35.813+0000] {dag.py:2726} INFO - Sync 1 DAGs
[2023-09-13T08:01:36.139+0000] {logging_mixin.py:149} INFO - [2023-09-13T08:01:36.139+0000] {dag.py:3490} INFO - Setting next_dagrun for example_branch_dop_operator_v3 to 2023-09-13T08:00:00+00:00, run_after=2023-09-13T08:01:00+00:00
[2023-09-13T08:01:36.325+0000] {processor.py:178} INFO - Processing /home/airflow/.local/lib/python3.7/site-packages/airflow/example_dags/example_branch_python_dop_operator_3.py took 0.819 seconds
[2023-09-13T08:02:07.361+0000] {processor.py:156} INFO - Started process (PID=430) to work on /home/airflow/.local/lib/python3.7/site-packages/airflow/example_dags/example_branch_python_dop_operator_3.py
[2023-09-13T08:02:07.364+0000] {processor.py:799} INFO - Processing file /home/airflow/.local/lib/python3.7/site-packages/airflow/example_dags/example_branch_python_dop_operator_3.py for tasks to queue
[2023-09-13T08:02:07.366+0000] {logging_mixin.py:149} INFO - [2023-09-13T08:02:07.365+0000] {dagbag.py:541} INFO - Filling up the DagBag from /home/airflow/.local/lib/python3.7/site-packages/airflow/example_dags/example_branch_python_dop_operator_3.py
[2023-09-13T08:02:07.380+0000] {processor.py:809} INFO - DAG(s) dict_keys(['example_branch_dop_operator_v3']) retrieved from /home/airflow/.local/lib/python3.7/site-packages/airflow/example_dags/example_branch_python_dop_operator_3.py
[2023-09-13T08:02:07.416+0000] {logging_mixin.py:149} INFO - [2023-09-13T08:02:07.416+0000] {dag.py:2726} INFO - Sync 1 DAGs
[2023-09-13T08:02:07.469+0000] {logging_mixin.py:149} INFO - [2023-09-13T08:02:07.469+0000] {dag.py:3490} INFO - Setting next_dagrun for example_branch_dop_operator_v3 to 2023-09-13T08:01:00+00:00, run_after=2023-09-13T08:02:00+00:00
[2023-09-13T08:02:07.521+0000] {processor.py:178} INFO - Processing /home/airflow/.local/lib/python3.7/site-packages/airflow/example_dags/example_branch_python_dop_operator_3.py took 0.163 seconds
[2023-09-13T08:02:38.324+0000] {processor.py:156} INFO - Started process (PID=490) to work on /home/airflow/.local/lib/python3.7/site-packages/airflow/example_dags/example_branch_python_dop_operator_3.py
[2023-09-13T08:02:38.326+0000] {processor.py:799} INFO - Processing file /home/airflow/.local/lib/python3.7/site-packages/airflow/example_dags/example_branch_python_dop_operator_3.py for tasks to queue
[2023-09-13T08:02:38.329+0000] {logging_mixin.py:149} INFO - [2023-09-13T08:02:38.329+0000] {dagbag.py:541} INFO - Filling up the DagBag from /home/airflow/.local/lib/python3.7/site-packages/airflow/example_dags/example_branch_python_dop_operator_3.py
[2023-09-13T08:02:38.352+0000] {processor.py:809} INFO - DAG(s) dict_keys(['example_branch_dop_operator_v3']) retrieved from /home/airflow/.local/lib/python3.7/site-packages/airflow/example_dags/example_branch_python_dop_operator_3.py
[2023-09-13T08:02:38.407+0000] {logging_mixin.py:149} INFO - [2023-09-13T08:02:38.407+0000] {dag.py:2726} INFO - Sync 1 DAGs
[2023-09-13T08:02:38.485+0000] {logging_mixin.py:149} INFO - [2023-09-13T08:02:38.485+0000] {dag.py:3490} INFO - Setting next_dagrun for example_branch_dop_operator_v3 to 2023-09-13T08:01:00+00:00, run_after=2023-09-13T08:02:00+00:00
[2023-09-13T08:02:38.539+0000] {processor.py:178} INFO - Processing /home/airflow/.local/lib/python3.7/site-packages/airflow/example_dags/example_branch_python_dop_operator_3.py took 0.222 seconds
[2023-09-13T08:03:09.688+0000] {processor.py:156} INFO - Started process (PID=550) to work on /home/airflow/.local/lib/python3.7/site-packages/airflow/example_dags/example_branch_python_dop_operator_3.py
[2023-09-13T08:03:09.691+0000] {processor.py:799} INFO - Processing file /home/airflow/.local/lib/python3.7/site-packages/airflow/example_dags/example_branch_python_dop_operator_3.py for tasks to queue
[2023-09-13T08:03:09.695+0000] {logging_mixin.py:149} INFO - [2023-09-13T08:03:09.695+0000] {dagbag.py:541} INFO - Filling up the DagBag from /home/airflow/.local/lib/python3.7/site-packages/airflow/example_dags/example_branch_python_dop_operator_3.py
[2023-09-13T08:03:09.728+0000] {processor.py:809} INFO - DAG(s) dict_keys(['example_branch_dop_operator_v3']) retrieved from /home/airflow/.local/lib/python3.7/site-packages/airflow/example_dags/example_branch_python_dop_operator_3.py
[2023-09-13T08:03:09.815+0000] {logging_mixin.py:149} INFO - [2023-09-13T08:03:09.814+0000] {dag.py:2726} INFO - Sync 1 DAGs
[2023-09-13T08:03:09.961+0000] {logging_mixin.py:149} INFO - [2023-09-13T08:03:09.960+0000] {dag.py:3490} INFO - Setting next_dagrun for example_branch_dop_operator_v3 to 2023-09-13T08:02:00+00:00, run_after=2023-09-13T08:03:00+00:00
[2023-09-13T08:03:10.071+0000] {processor.py:178} INFO - Processing /home/airflow/.local/lib/python3.7/site-packages/airflow/example_dags/example_branch_python_dop_operator_3.py took 0.395 seconds
[2023-09-13T08:03:41.676+0000] {processor.py:156} INFO - Started process (PID=610) to work on /home/airflow/.local/lib/python3.7/site-packages/airflow/example_dags/example_branch_python_dop_operator_3.py
[2023-09-13T08:03:41.680+0000] {processor.py:799} INFO - Processing file /home/airflow/.local/lib/python3.7/site-packages/airflow/example_dags/example_branch_python_dop_operator_3.py for tasks to queue
[2023-09-13T08:03:41.683+0000] {logging_mixin.py:149} INFO - [2023-09-13T08:03:41.682+0000] {dagbag.py:541} INFO - Filling up the DagBag from /home/airflow/.local/lib/python3.7/site-packages/airflow/example_dags/example_branch_python_dop_operator_3.py
[2023-09-13T08:03:41.719+0000] {processor.py:809} INFO - DAG(s) dict_keys(['example_branch_dop_operator_v3']) retrieved from /home/airflow/.local/lib/python3.7/site-packages/airflow/example_dags/example_branch_python_dop_operator_3.py
[2023-09-13T08:03:41.973+0000] {logging_mixin.py:149} INFO - [2023-09-13T08:03:41.972+0000] {dag.py:2726} INFO - Sync 1 DAGs
[2023-09-13T08:03:42.151+0000] {logging_mixin.py:149} INFO - [2023-09-13T08:03:42.150+0000] {dag.py:3490} INFO - Setting next_dagrun for example_branch_dop_operator_v3 to 2023-09-13T08:02:00+00:00, run_after=2023-09-13T08:03:00+00:00
[2023-09-13T08:03:42.233+0000] {processor.py:178} INFO - Processing /home/airflow/.local/lib/python3.7/site-packages/airflow/example_dags/example_branch_python_dop_operator_3.py took 0.574 seconds
[2023-09-13T08:04:13.375+0000] {processor.py:156} INFO - Started process (PID=678) to work on /home/airflow/.local/lib/python3.7/site-packages/airflow/example_dags/example_branch_python_dop_operator_3.py
[2023-09-13T08:04:13.382+0000] {processor.py:799} INFO - Processing file /home/airflow/.local/lib/python3.7/site-packages/airflow/example_dags/example_branch_python_dop_operator_3.py for tasks to queue
[2023-09-13T08:04:13.386+0000] {logging_mixin.py:149} INFO - [2023-09-13T08:04:13.385+0000] {dagbag.py:541} INFO - Filling up the DagBag from /home/airflow/.local/lib/python3.7/site-packages/airflow/example_dags/example_branch_python_dop_operator_3.py
[2023-09-13T08:04:13.424+0000] {processor.py:809} INFO - DAG(s) dict_keys(['example_branch_dop_operator_v3']) retrieved from /home/airflow/.local/lib/python3.7/site-packages/airflow/example_dags/example_branch_python_dop_operator_3.py
[2023-09-13T08:04:13.555+0000] {logging_mixin.py:149} INFO - [2023-09-13T08:04:13.555+0000] {dag.py:2726} INFO - Sync 1 DAGs
[2023-09-13T08:04:13.735+0000] {logging_mixin.py:149} INFO - [2023-09-13T08:04:13.735+0000] {dag.py:3490} INFO - Setting next_dagrun for example_branch_dop_operator_v3 to 2023-09-13T08:03:00+00:00, run_after=2023-09-13T08:04:00+00:00
[2023-09-13T08:04:13.864+0000] {processor.py:178} INFO - Processing /home/airflow/.local/lib/python3.7/site-packages/airflow/example_dags/example_branch_python_dop_operator_3.py took 0.501 seconds
[2023-09-13T08:04:44.181+0000] {processor.py:156} INFO - Started process (PID=738) to work on /home/airflow/.local/lib/python3.7/site-packages/airflow/example_dags/example_branch_python_dop_operator_3.py
[2023-09-13T08:04:44.185+0000] {processor.py:799} INFO - Processing file /home/airflow/.local/lib/python3.7/site-packages/airflow/example_dags/example_branch_python_dop_operator_3.py for tasks to queue
[2023-09-13T08:04:44.188+0000] {logging_mixin.py:149} INFO - [2023-09-13T08:04:44.188+0000] {dagbag.py:541} INFO - Filling up the DagBag from /home/airflow/.local/lib/python3.7/site-packages/airflow/example_dags/example_branch_python_dop_operator_3.py
[2023-09-13T08:04:44.215+0000] {processor.py:809} INFO - DAG(s) dict_keys(['example_branch_dop_operator_v3']) retrieved from /home/airflow/.local/lib/python3.7/site-packages/airflow/example_dags/example_branch_python_dop_operator_3.py
[2023-09-13T08:04:44.298+0000] {logging_mixin.py:149} INFO - [2023-09-13T08:04:44.297+0000] {dag.py:2726} INFO - Sync 1 DAGs
[2023-09-13T08:04:44.414+0000] {logging_mixin.py:149} INFO - [2023-09-13T08:04:44.413+0000] {dag.py:3490} INFO - Setting next_dagrun for example_branch_dop_operator_v3 to 2023-09-13T08:03:00+00:00, run_after=2023-09-13T08:04:00+00:00
[2023-09-13T08:04:44.486+0000] {processor.py:178} INFO - Processing /home/airflow/.local/lib/python3.7/site-packages/airflow/example_dags/example_branch_python_dop_operator_3.py took 0.312 seconds
[2023-09-13T08:05:14.605+0000] {processor.py:156} INFO - Started process (PID=799) to work on /home/airflow/.local/lib/python3.7/site-packages/airflow/example_dags/example_branch_python_dop_operator_3.py
[2023-09-13T08:05:14.607+0000] {processor.py:799} INFO - Processing file /home/airflow/.local/lib/python3.7/site-packages/airflow/example_dags/example_branch_python_dop_operator_3.py for tasks to queue
[2023-09-13T08:05:14.610+0000] {logging_mixin.py:149} INFO - [2023-09-13T08:05:14.610+0000] {dagbag.py:541} INFO - Filling up the DagBag from /home/airflow/.local/lib/python3.7/site-packages/airflow/example_dags/example_branch_python_dop_operator_3.py
[2023-09-13T08:05:14.648+0000] {processor.py:809} INFO - DAG(s) dict_keys(['example_branch_dop_operator_v3']) retrieved from /home/airflow/.local/lib/python3.7/site-packages/airflow/example_dags/example_branch_python_dop_operator_3.py
[2023-09-13T08:05:14.724+0000] {logging_mixin.py:149} INFO - [2023-09-13T08:05:14.724+0000] {dag.py:2726} INFO - Sync 1 DAGs
[2023-09-13T08:05:14.899+0000] {logging_mixin.py:149} INFO - [2023-09-13T08:05:14.898+0000] {dag.py:3490} INFO - Setting next_dagrun for example_branch_dop_operator_v3 to 2023-09-13T08:04:00+00:00, run_after=2023-09-13T08:05:00+00:00
[2023-09-13T08:05:15.040+0000] {processor.py:178} INFO - Processing /home/airflow/.local/lib/python3.7/site-packages/airflow/example_dags/example_branch_python_dop_operator_3.py took 0.442 seconds
[2023-09-13T08:05:50.356+0000] {processor.py:156} INFO - Started process (PID=859) to work on /home/airflow/.local/lib/python3.7/site-packages/airflow/example_dags/example_branch_python_dop_operator_3.py
[2023-09-13T08:05:50.374+0000] {processor.py:799} INFO - Processing file /home/airflow/.local/lib/python3.7/site-packages/airflow/example_dags/example_branch_python_dop_operator_3.py for tasks to queue
[2023-09-13T08:05:50.391+0000] {logging_mixin.py:149} INFO - [2023-09-13T08:05:50.390+0000] {dagbag.py:541} INFO - Filling up the DagBag from /home/airflow/.local/lib/python3.7/site-packages/airflow/example_dags/example_branch_python_dop_operator_3.py
[2023-09-13T08:05:50.450+0000] {processor.py:809} INFO - DAG(s) dict_keys(['example_branch_dop_operator_v3']) retrieved from /home/airflow/.local/lib/python3.7/site-packages/airflow/example_dags/example_branch_python_dop_operator_3.py
[2023-09-13T08:05:50.594+0000] {logging_mixin.py:149} INFO - [2023-09-13T08:05:50.593+0000] {dag.py:2726} INFO - Sync 1 DAGs
[2023-09-13T08:05:50.818+0000] {logging_mixin.py:149} INFO - [2023-09-13T08:05:50.817+0000] {dag.py:3490} INFO - Setting next_dagrun for example_branch_dop_operator_v3 to 2023-09-13T08:04:00+00:00, run_after=2023-09-13T08:05:00+00:00
[2023-09-13T08:05:50.952+0000] {processor.py:178} INFO - Processing /home/airflow/.local/lib/python3.7/site-packages/airflow/example_dags/example_branch_python_dop_operator_3.py took 0.611 seconds
[2023-09-13T08:06:21.306+0000] {processor.py:156} INFO - Started process (PID=919) to work on /home/airflow/.local/lib/python3.7/site-packages/airflow/example_dags/example_branch_python_dop_operator_3.py
[2023-09-13T08:06:21.310+0000] {processor.py:799} INFO - Processing file /home/airflow/.local/lib/python3.7/site-packages/airflow/example_dags/example_branch_python_dop_operator_3.py for tasks to queue
[2023-09-13T08:06:21.312+0000] {logging_mixin.py:149} INFO - [2023-09-13T08:06:21.312+0000] {dagbag.py:541} INFO - Filling up the DagBag from /home/airflow/.local/lib/python3.7/site-packages/airflow/example_dags/example_branch_python_dop_operator_3.py
[2023-09-13T08:06:21.336+0000] {processor.py:809} INFO - DAG(s) dict_keys(['example_branch_dop_operator_v3']) retrieved from /home/airflow/.local/lib/python3.7/site-packages/airflow/example_dags/example_branch_python_dop_operator_3.py
[2023-09-13T08:06:21.394+0000] {logging_mixin.py:149} INFO - [2023-09-13T08:06:21.394+0000] {dag.py:2726} INFO - Sync 1 DAGs
[2023-09-13T08:06:21.458+0000] {logging_mixin.py:149} INFO - [2023-09-13T08:06:21.458+0000] {dag.py:3490} INFO - Setting next_dagrun for example_branch_dop_operator_v3 to 2023-09-13T08:05:00+00:00, run_after=2023-09-13T08:06:00+00:00
[2023-09-13T08:06:21.507+0000] {processor.py:178} INFO - Processing /home/airflow/.local/lib/python3.7/site-packages/airflow/example_dags/example_branch_python_dop_operator_3.py took 0.208 seconds
[2023-09-13T08:06:51.931+0000] {processor.py:156} INFO - Started process (PID=979) to work on /home/airflow/.local/lib/python3.7/site-packages/airflow/example_dags/example_branch_python_dop_operator_3.py
[2023-09-13T08:06:51.934+0000] {processor.py:799} INFO - Processing file /home/airflow/.local/lib/python3.7/site-packages/airflow/example_dags/example_branch_python_dop_operator_3.py for tasks to queue
[2023-09-13T08:06:51.936+0000] {logging_mixin.py:149} INFO - [2023-09-13T08:06:51.936+0000] {dagbag.py:541} INFO - Filling up the DagBag from /home/airflow/.local/lib/python3.7/site-packages/airflow/example_dags/example_branch_python_dop_operator_3.py
[2023-09-13T08:06:51.967+0000] {processor.py:809} INFO - DAG(s) dict_keys(['example_branch_dop_operator_v3']) retrieved from /home/airflow/.local/lib/python3.7/site-packages/airflow/example_dags/example_branch_python_dop_operator_3.py
[2023-09-13T08:06:52.042+0000] {logging_mixin.py:149} INFO - [2023-09-13T08:06:52.041+0000] {dag.py:2726} INFO - Sync 1 DAGs
[2023-09-13T08:06:52.170+0000] {logging_mixin.py:149} INFO - [2023-09-13T08:06:52.169+0000] {dag.py:3490} INFO - Setting next_dagrun for example_branch_dop_operator_v3 to 2023-09-13T08:05:00+00:00, run_after=2023-09-13T08:06:00+00:00
[2023-09-13T08:06:52.325+0000] {processor.py:178} INFO - Processing /home/airflow/.local/lib/python3.7/site-packages/airflow/example_dags/example_branch_python_dop_operator_3.py took 0.401 seconds
[2023-09-13T08:07:22.667+0000] {processor.py:156} INFO - Started process (PID=1039) to work on /home/airflow/.local/lib/python3.7/site-packages/airflow/example_dags/example_branch_python_dop_operator_3.py
[2023-09-13T08:07:22.671+0000] {processor.py:799} INFO - Processing file /home/airflow/.local/lib/python3.7/site-packages/airflow/example_dags/example_branch_python_dop_operator_3.py for tasks to queue
[2023-09-13T08:07:22.675+0000] {logging_mixin.py:149} INFO - [2023-09-13T08:07:22.674+0000] {dagbag.py:541} INFO - Filling up the DagBag from /home/airflow/.local/lib/python3.7/site-packages/airflow/example_dags/example_branch_python_dop_operator_3.py
[2023-09-13T08:07:22.699+0000] {processor.py:809} INFO - DAG(s) dict_keys(['example_branch_dop_operator_v3']) retrieved from /home/airflow/.local/lib/python3.7/site-packages/airflow/example_dags/example_branch_python_dop_operator_3.py
[2023-09-13T08:07:22.780+0000] {logging_mixin.py:149} INFO - [2023-09-13T08:07:22.780+0000] {dag.py:2726} INFO - Sync 1 DAGs
[2023-09-13T08:07:22.921+0000] {logging_mixin.py:149} INFO - [2023-09-13T08:07:22.921+0000] {dag.py:3490} INFO - Setting next_dagrun for example_branch_dop_operator_v3 to 2023-09-13T08:06:00+00:00, run_after=2023-09-13T08:07:00+00:00
[2023-09-13T08:07:23.006+0000] {processor.py:178} INFO - Processing /home/airflow/.local/lib/python3.7/site-packages/airflow/example_dags/example_branch_python_dop_operator_3.py took 0.359 seconds
[2023-09-13T08:07:53.805+0000] {processor.py:156} INFO - Started process (PID=1099) to work on /home/airflow/.local/lib/python3.7/site-packages/airflow/example_dags/example_branch_python_dop_operator_3.py
[2023-09-13T08:07:53.807+0000] {processor.py:799} INFO - Processing file /home/airflow/.local/lib/python3.7/site-packages/airflow/example_dags/example_branch_python_dop_operator_3.py for tasks to queue
[2023-09-13T08:07:53.809+0000] {logging_mixin.py:149} INFO - [2023-09-13T08:07:53.809+0000] {dagbag.py:541} INFO - Filling up the DagBag from /home/airflow/.local/lib/python3.7/site-packages/airflow/example_dags/example_branch_python_dop_operator_3.py
[2023-09-13T08:07:53.830+0000] {processor.py:809} INFO - DAG(s) dict_keys(['example_branch_dop_operator_v3']) retrieved from /home/airflow/.local/lib/python3.7/site-packages/airflow/example_dags/example_branch_python_dop_operator_3.py
[2023-09-13T08:07:53.905+0000] {logging_mixin.py:149} INFO - [2023-09-13T08:07:53.905+0000] {dag.py:2726} INFO - Sync 1 DAGs
[2023-09-13T08:07:54.011+0000] {logging_mixin.py:149} INFO - [2023-09-13T08:07:54.011+0000] {dag.py:3490} INFO - Setting next_dagrun for example_branch_dop_operator_v3 to 2023-09-13T08:06:00+00:00, run_after=2023-09-13T08:07:00+00:00
[2023-09-13T08:07:54.087+0000] {processor.py:178} INFO - Processing /home/airflow/.local/lib/python3.7/site-packages/airflow/example_dags/example_branch_python_dop_operator_3.py took 0.291 seconds
[2023-09-13T08:08:25.071+0000] {processor.py:156} INFO - Started process (PID=1159) to work on /home/airflow/.local/lib/python3.7/site-packages/airflow/example_dags/example_branch_python_dop_operator_3.py
[2023-09-13T08:08:25.074+0000] {processor.py:799} INFO - Processing file /home/airflow/.local/lib/python3.7/site-packages/airflow/example_dags/example_branch_python_dop_operator_3.py for tasks to queue
[2023-09-13T08:08:25.077+0000] {logging_mixin.py:149} INFO - [2023-09-13T08:08:25.076+0000] {dagbag.py:541} INFO - Filling up the DagBag from /home/airflow/.local/lib/python3.7/site-packages/airflow/example_dags/example_branch_python_dop_operator_3.py
[2023-09-13T08:08:25.104+0000] {processor.py:809} INFO - DAG(s) dict_keys(['example_branch_dop_operator_v3']) retrieved from /home/airflow/.local/lib/python3.7/site-packages/airflow/example_dags/example_branch_python_dop_operator_3.py
[2023-09-13T08:08:25.195+0000] {logging_mixin.py:149} INFO - [2023-09-13T08:08:25.195+0000] {dag.py:2726} INFO - Sync 1 DAGs
[2023-09-13T08:08:25.281+0000] {logging_mixin.py:149} INFO - [2023-09-13T08:08:25.280+0000] {dag.py:3490} INFO - Setting next_dagrun for example_branch_dop_operator_v3 to 2023-09-13T08:07:00+00:00, run_after=2023-09-13T08:08:00+00:00
[2023-09-13T08:08:25.349+0000] {processor.py:178} INFO - Processing /home/airflow/.local/lib/python3.7/site-packages/airflow/example_dags/example_branch_python_dop_operator_3.py took 0.287 seconds
[2023-09-13T08:08:57.161+0000] {processor.py:156} INFO - Started process (PID=1219) to work on /home/airflow/.local/lib/python3.7/site-packages/airflow/example_dags/example_branch_python_dop_operator_3.py
[2023-09-13T08:08:57.165+0000] {processor.py:799} INFO - Processing file /home/airflow/.local/lib/python3.7/site-packages/airflow/example_dags/example_branch_python_dop_operator_3.py for tasks to queue
[2023-09-13T08:08:57.168+0000] {logging_mixin.py:149} INFO - [2023-09-13T08:08:57.168+0000] {dagbag.py:541} INFO - Filling up the DagBag from /home/airflow/.local/lib/python3.7/site-packages/airflow/example_dags/example_branch_python_dop_operator_3.py
[2023-09-13T08:08:57.197+0000] {processor.py:809} INFO - DAG(s) dict_keys(['example_branch_dop_operator_v3']) retrieved from /home/airflow/.local/lib/python3.7/site-packages/airflow/example_dags/example_branch_python_dop_operator_3.py
[2023-09-13T08:08:57.307+0000] {logging_mixin.py:149} INFO - [2023-09-13T08:08:57.307+0000] {dag.py:2726} INFO - Sync 1 DAGs
[2023-09-13T08:08:57.447+0000] {logging_mixin.py:149} INFO - [2023-09-13T08:08:57.446+0000] {dag.py:3490} INFO - Setting next_dagrun for example_branch_dop_operator_v3 to 2023-09-13T08:07:00+00:00, run_after=2023-09-13T08:08:00+00:00
[2023-09-13T08:08:57.598+0000] {processor.py:178} INFO - Processing /home/airflow/.local/lib/python3.7/site-packages/airflow/example_dags/example_branch_python_dop_operator_3.py took 0.452 seconds
[2023-09-13T08:09:28.028+0000] {processor.py:156} INFO - Started process (PID=1279) to work on /home/airflow/.local/lib/python3.7/site-packages/airflow/example_dags/example_branch_python_dop_operator_3.py
[2023-09-13T08:09:28.035+0000] {processor.py:799} INFO - Processing file /home/airflow/.local/lib/python3.7/site-packages/airflow/example_dags/example_branch_python_dop_operator_3.py for tasks to queue
[2023-09-13T08:09:28.038+0000] {logging_mixin.py:149} INFO - [2023-09-13T08:09:28.037+0000] {dagbag.py:541} INFO - Filling up the DagBag from /home/airflow/.local/lib/python3.7/site-packages/airflow/example_dags/example_branch_python_dop_operator_3.py
[2023-09-13T08:09:28.064+0000] {processor.py:809} INFO - DAG(s) dict_keys(['example_branch_dop_operator_v3']) retrieved from /home/airflow/.local/lib/python3.7/site-packages/airflow/example_dags/example_branch_python_dop_operator_3.py
[2023-09-13T08:09:28.148+0000] {logging_mixin.py:149} INFO - [2023-09-13T08:09:28.146+0000] {dag.py:2726} INFO - Sync 1 DAGs
[2023-09-13T08:09:28.258+0000] {logging_mixin.py:149} INFO - [2023-09-13T08:09:28.257+0000] {dag.py:3490} INFO - Setting next_dagrun for example_branch_dop_operator_v3 to 2023-09-13T08:08:00+00:00, run_after=2023-09-13T08:09:00+00:00
[2023-09-13T08:09:28.316+0000] {processor.py:178} INFO - Processing /home/airflow/.local/lib/python3.7/site-packages/airflow/example_dags/example_branch_python_dop_operator_3.py took 0.296 seconds
[2023-09-13T08:09:58.962+0000] {processor.py:156} INFO - Started process (PID=1339) to work on /home/airflow/.local/lib/python3.7/site-packages/airflow/example_dags/example_branch_python_dop_operator_3.py
[2023-09-13T08:09:58.966+0000] {processor.py:799} INFO - Processing file /home/airflow/.local/lib/python3.7/site-packages/airflow/example_dags/example_branch_python_dop_operator_3.py for tasks to queue
[2023-09-13T08:09:58.969+0000] {logging_mixin.py:149} INFO - [2023-09-13T08:09:58.968+0000] {dagbag.py:541} INFO - Filling up the DagBag from /home/airflow/.local/lib/python3.7/site-packages/airflow/example_dags/example_branch_python_dop_operator_3.py
[2023-09-13T08:09:58.997+0000] {processor.py:809} INFO - DAG(s) dict_keys(['example_branch_dop_operator_v3']) retrieved from /home/airflow/.local/lib/python3.7/site-packages/airflow/example_dags/example_branch_python_dop_operator_3.py
[2023-09-13T08:09:59.059+0000] {logging_mixin.py:149} INFO - [2023-09-13T08:09:59.058+0000] {dag.py:2726} INFO - Sync 1 DAGs
[2023-09-13T08:09:59.145+0000] {logging_mixin.py:149} INFO - [2023-09-13T08:09:59.145+0000] {dag.py:3490} INFO - Setting next_dagrun for example_branch_dop_operator_v3 to 2023-09-13T08:08:00+00:00, run_after=2023-09-13T08:09:00+00:00
[2023-09-13T08:09:59.199+0000] {processor.py:178} INFO - Processing /home/airflow/.local/lib/python3.7/site-packages/airflow/example_dags/example_branch_python_dop_operator_3.py took 0.242 seconds
[2023-09-13T08:10:29.366+0000] {processor.py:156} INFO - Started process (PID=1398) to work on /home/airflow/.local/lib/python3.7/site-packages/airflow/example_dags/example_branch_python_dop_operator_3.py
[2023-09-13T08:10:29.369+0000] {processor.py:799} INFO - Processing file /home/airflow/.local/lib/python3.7/site-packages/airflow/example_dags/example_branch_python_dop_operator_3.py for tasks to queue
[2023-09-13T08:10:29.374+0000] {logging_mixin.py:149} INFO - [2023-09-13T08:10:29.373+0000] {dagbag.py:541} INFO - Filling up the DagBag from /home/airflow/.local/lib/python3.7/site-packages/airflow/example_dags/example_branch_python_dop_operator_3.py
[2023-09-13T08:10:29.391+0000] {processor.py:809} INFO - DAG(s) dict_keys(['example_branch_dop_operator_v3']) retrieved from /home/airflow/.local/lib/python3.7/site-packages/airflow/example_dags/example_branch_python_dop_operator_3.py
[2023-09-13T08:10:29.447+0000] {logging_mixin.py:149} INFO - [2023-09-13T08:10:29.446+0000] {dag.py:2726} INFO - Sync 1 DAGs
[2023-09-13T08:10:29.517+0000] {logging_mixin.py:149} INFO - [2023-09-13T08:10:29.517+0000] {dag.py:3490} INFO - Setting next_dagrun for example_branch_dop_operator_v3 to 2023-09-13T08:09:00+00:00, run_after=2023-09-13T08:10:00+00:00
[2023-09-13T08:10:29.579+0000] {processor.py:178} INFO - Processing /home/airflow/.local/lib/python3.7/site-packages/airflow/example_dags/example_branch_python_dop_operator_3.py took 0.219 seconds
[2023-09-13T08:10:59.731+0000] {processor.py:156} INFO - Started process (PID=1459) to work on /home/airflow/.local/lib/python3.7/site-packages/airflow/example_dags/example_branch_python_dop_operator_3.py
[2023-09-13T08:10:59.734+0000] {processor.py:799} INFO - Processing file /home/airflow/.local/lib/python3.7/site-packages/airflow/example_dags/example_branch_python_dop_operator_3.py for tasks to queue
[2023-09-13T08:10:59.737+0000] {logging_mixin.py:149} INFO - [2023-09-13T08:10:59.736+0000] {dagbag.py:541} INFO - Filling up the DagBag from /home/airflow/.local/lib/python3.7/site-packages/airflow/example_dags/example_branch_python_dop_operator_3.py
[2023-09-13T08:10:59.755+0000] {processor.py:809} INFO - DAG(s) dict_keys(['example_branch_dop_operator_v3']) retrieved from /home/airflow/.local/lib/python3.7/site-packages/airflow/example_dags/example_branch_python_dop_operator_3.py
[2023-09-13T08:10:59.806+0000] {logging_mixin.py:149} INFO - [2023-09-13T08:10:59.806+0000] {dag.py:2726} INFO - Sync 1 DAGs
[2023-09-13T08:10:59.877+0000] {logging_mixin.py:149} INFO - [2023-09-13T08:10:59.877+0000] {dag.py:3490} INFO - Setting next_dagrun for example_branch_dop_operator_v3 to 2023-09-13T08:09:00+00:00, run_after=2023-09-13T08:10:00+00:00
[2023-09-13T08:10:59.932+0000] {processor.py:178} INFO - Processing /home/airflow/.local/lib/python3.7/site-packages/airflow/example_dags/example_branch_python_dop_operator_3.py took 0.207 seconds
[2023-09-13T08:11:30.270+0000] {processor.py:156} INFO - Started process (PID=1519) to work on /home/airflow/.local/lib/python3.7/site-packages/airflow/example_dags/example_branch_python_dop_operator_3.py
[2023-09-13T08:11:30.274+0000] {processor.py:799} INFO - Processing file /home/airflow/.local/lib/python3.7/site-packages/airflow/example_dags/example_branch_python_dop_operator_3.py for tasks to queue
[2023-09-13T08:11:30.276+0000] {logging_mixin.py:149} INFO - [2023-09-13T08:11:30.276+0000] {dagbag.py:541} INFO - Filling up the DagBag from /home/airflow/.local/lib/python3.7/site-packages/airflow/example_dags/example_branch_python_dop_operator_3.py
[2023-09-13T08:11:30.296+0000] {processor.py:809} INFO - DAG(s) dict_keys(['example_branch_dop_operator_v3']) retrieved from /home/airflow/.local/lib/python3.7/site-packages/airflow/example_dags/example_branch_python_dop_operator_3.py
[2023-09-13T08:11:30.353+0000] {logging_mixin.py:149} INFO - [2023-09-13T08:11:30.352+0000] {dag.py:2726} INFO - Sync 1 DAGs
[2023-09-13T08:11:30.423+0000] {logging_mixin.py:149} INFO - [2023-09-13T08:11:30.423+0000] {dag.py:3490} INFO - Setting next_dagrun for example_branch_dop_operator_v3 to 2023-09-13T08:10:00+00:00, run_after=2023-09-13T08:11:00+00:00
[2023-09-13T08:11:30.490+0000] {processor.py:178} INFO - Processing /home/airflow/.local/lib/python3.7/site-packages/airflow/example_dags/example_branch_python_dop_operator_3.py took 0.228 seconds
[2023-09-13T08:12:01.452+0000] {processor.py:156} INFO - Started process (PID=1579) to work on /home/airflow/.local/lib/python3.7/site-packages/airflow/example_dags/example_branch_python_dop_operator_3.py
[2023-09-13T08:12:01.454+0000] {processor.py:799} INFO - Processing file /home/airflow/.local/lib/python3.7/site-packages/airflow/example_dags/example_branch_python_dop_operator_3.py for tasks to queue
[2023-09-13T08:12:01.456+0000] {logging_mixin.py:149} INFO - [2023-09-13T08:12:01.456+0000] {dagbag.py:541} INFO - Filling up the DagBag from /home/airflow/.local/lib/python3.7/site-packages/airflow/example_dags/example_branch_python_dop_operator_3.py
[2023-09-13T08:12:01.474+0000] {processor.py:809} INFO - DAG(s) dict_keys(['example_branch_dop_operator_v3']) retrieved from /home/airflow/.local/lib/python3.7/site-packages/airflow/example_dags/example_branch_python_dop_operator_3.py
[2023-09-13T08:12:01.525+0000] {logging_mixin.py:149} INFO - [2023-09-13T08:12:01.525+0000] {dag.py:2726} INFO - Sync 1 DAGs
[2023-09-13T08:12:01.580+0000] {logging_mixin.py:149} INFO - [2023-09-13T08:12:01.579+0000] {dag.py:3490} INFO - Setting next_dagrun for example_branch_dop_operator_v3 to 2023-09-13T08:11:00+00:00, run_after=2023-09-13T08:12:00+00:00
[2023-09-13T08:12:01.627+0000] {processor.py:178} INFO - Processing /home/airflow/.local/lib/python3.7/site-packages/airflow/example_dags/example_branch_python_dop_operator_3.py took 0.181 seconds
[2023-09-13T08:12:32.351+0000] {processor.py:156} INFO - Started process (PID=1639) to work on /home/airflow/.local/lib/python3.7/site-packages/airflow/example_dags/example_branch_python_dop_operator_3.py
[2023-09-13T08:12:32.353+0000] {processor.py:799} INFO - Processing file /home/airflow/.local/lib/python3.7/site-packages/airflow/example_dags/example_branch_python_dop_operator_3.py for tasks to queue
[2023-09-13T08:12:32.354+0000] {logging_mixin.py:149} INFO - [2023-09-13T08:12:32.354+0000] {dagbag.py:541} INFO - Filling up the DagBag from /home/airflow/.local/lib/python3.7/site-packages/airflow/example_dags/example_branch_python_dop_operator_3.py
[2023-09-13T08:12:32.368+0000] {processor.py:809} INFO - DAG(s) dict_keys(['example_branch_dop_operator_v3']) retrieved from /home/airflow/.local/lib/python3.7/site-packages/airflow/example_dags/example_branch_python_dop_operator_3.py
[2023-09-13T08:12:32.406+0000] {logging_mixin.py:149} INFO - [2023-09-13T08:12:32.405+0000] {dag.py:2726} INFO - Sync 1 DAGs
[2023-09-13T08:12:32.449+0000] {logging_mixin.py:149} INFO - [2023-09-13T08:12:32.449+0000] {dag.py:3490} INFO - Setting next_dagrun for example_branch_dop_operator_v3 to 2023-09-13T08:11:00+00:00, run_after=2023-09-13T08:12:00+00:00
[2023-09-13T08:12:32.488+0000] {processor.py:178} INFO - Processing /home/airflow/.local/lib/python3.7/site-packages/airflow/example_dags/example_branch_python_dop_operator_3.py took 0.143 seconds
[2023-09-13T09:26:11.619+0000] {processor.py:156} INFO - Started process (PID=63) to work on /home/airflow/.local/lib/python3.7/site-packages/airflow/example_dags/example_branch_python_dop_operator_3.py
[2023-09-13T09:26:11.621+0000] {processor.py:799} INFO - Processing file /home/airflow/.local/lib/python3.7/site-packages/airflow/example_dags/example_branch_python_dop_operator_3.py for tasks to queue
[2023-09-13T09:26:11.622+0000] {logging_mixin.py:149} INFO - [2023-09-13T09:26:11.622+0000] {dagbag.py:541} INFO - Filling up the DagBag from /home/airflow/.local/lib/python3.7/site-packages/airflow/example_dags/example_branch_python_dop_operator_3.py
[2023-09-13T09:26:11.643+0000] {processor.py:809} INFO - DAG(s) dict_keys(['example_branch_dop_operator_v3']) retrieved from /home/airflow/.local/lib/python3.7/site-packages/airflow/example_dags/example_branch_python_dop_operator_3.py
[2023-09-13T09:26:11.692+0000] {logging_mixin.py:149} INFO - [2023-09-13T09:26:11.692+0000] {dag.py:2726} INFO - Sync 1 DAGs
[2023-09-13T09:26:11.747+0000] {logging_mixin.py:149} INFO - [2023-09-13T09:26:11.746+0000] {dag.py:3490} INFO - Setting next_dagrun for example_branch_dop_operator_v3 to 2023-09-13T09:25:00+00:00, run_after=2023-09-13T09:26:00+00:00
[2023-09-13T09:26:11.780+0000] {processor.py:178} INFO - Processing /home/airflow/.local/lib/python3.7/site-packages/airflow/example_dags/example_branch_python_dop_operator_3.py took 0.166 seconds
