[2023-09-13T07:58:54.189+0000] {processor.py:156} INFO - Started process (PID=61) to work on /home/airflow/.local/lib/python3.7/site-packages/airflow/example_dags/example_latest_only.py
[2023-09-13T07:58:54.193+0000] {processor.py:799} INFO - Processing file /home/airflow/.local/lib/python3.7/site-packages/airflow/example_dags/example_latest_only.py for tasks to queue
[2023-09-13T07:58:54.198+0000] {logging_mixin.py:149} INFO - [2023-09-13T07:58:54.197+0000] {dagbag.py:541} INFO - Filling up the DagBag from /home/airflow/.local/lib/python3.7/site-packages/airflow/example_dags/example_latest_only.py
[2023-09-13T07:58:54.228+0000] {processor.py:809} INFO - DAG(s) dict_keys(['latest_only']) retrieved from /home/airflow/.local/lib/python3.7/site-packages/airflow/example_dags/example_latest_only.py
[2023-09-13T07:58:54.327+0000] {logging_mixin.py:149} INFO - [2023-09-13T07:58:54.326+0000] {dag.py:2726} INFO - Sync 1 DAGs
[2023-09-13T07:58:54.424+0000] {logging_mixin.py:149} INFO - [2023-09-13T07:58:54.423+0000] {dag.py:3490} INFO - Setting next_dagrun for latest_only to 2023-09-13T03:58:54.422143+00:00, run_after=2023-09-13T07:58:54.422143+00:00
[2023-09-13T07:58:54.493+0000] {processor.py:178} INFO - Processing /home/airflow/.local/lib/python3.7/site-packages/airflow/example_dags/example_latest_only.py took 0.321 seconds
[2023-09-13T07:59:24.849+0000] {processor.py:156} INFO - Started process (PID=121) to work on /home/airflow/.local/lib/python3.7/site-packages/airflow/example_dags/example_latest_only.py
[2023-09-13T07:59:24.852+0000] {processor.py:799} INFO - Processing file /home/airflow/.local/lib/python3.7/site-packages/airflow/example_dags/example_latest_only.py for tasks to queue
[2023-09-13T07:59:24.855+0000] {logging_mixin.py:149} INFO - [2023-09-13T07:59:24.855+0000] {dagbag.py:541} INFO - Filling up the DagBag from /home/airflow/.local/lib/python3.7/site-packages/airflow/example_dags/example_latest_only.py
[2023-09-13T07:59:24.866+0000] {processor.py:809} INFO - DAG(s) dict_keys(['latest_only']) retrieved from /home/airflow/.local/lib/python3.7/site-packages/airflow/example_dags/example_latest_only.py
[2023-09-13T07:59:24.923+0000] {logging_mixin.py:149} INFO - [2023-09-13T07:59:24.922+0000] {dag.py:2726} INFO - Sync 1 DAGs
[2023-09-13T07:59:24.997+0000] {logging_mixin.py:149} INFO - [2023-09-13T07:59:24.996+0000] {dag.py:3490} INFO - Setting next_dagrun for latest_only to 2023-09-13T03:59:24.996004+00:00, run_after=2023-09-13T07:59:24.996004+00:00
[2023-09-13T07:59:25.044+0000] {processor.py:178} INFO - Processing /home/airflow/.local/lib/python3.7/site-packages/airflow/example_dags/example_latest_only.py took 0.204 seconds
[2023-09-13T07:59:57.012+0000] {processor.py:156} INFO - Started process (PID=181) to work on /home/airflow/.local/lib/python3.7/site-packages/airflow/example_dags/example_latest_only.py
[2023-09-13T07:59:57.016+0000] {processor.py:799} INFO - Processing file /home/airflow/.local/lib/python3.7/site-packages/airflow/example_dags/example_latest_only.py for tasks to queue
[2023-09-13T07:59:57.019+0000] {logging_mixin.py:149} INFO - [2023-09-13T07:59:57.019+0000] {dagbag.py:541} INFO - Filling up the DagBag from /home/airflow/.local/lib/python3.7/site-packages/airflow/example_dags/example_latest_only.py
[2023-09-13T07:59:57.037+0000] {processor.py:809} INFO - DAG(s) dict_keys(['latest_only']) retrieved from /home/airflow/.local/lib/python3.7/site-packages/airflow/example_dags/example_latest_only.py
[2023-09-13T07:59:57.103+0000] {logging_mixin.py:149} INFO - [2023-09-13T07:59:57.102+0000] {dag.py:2726} INFO - Sync 1 DAGs
[2023-09-13T07:59:57.400+0000] {logging_mixin.py:149} INFO - [2023-09-13T07:59:57.400+0000] {dag.py:3490} INFO - Setting next_dagrun for latest_only to 2023-09-13T03:59:57.399884+00:00, run_after=2023-09-13T07:59:57.399884+00:00
[2023-09-13T07:59:57.462+0000] {processor.py:178} INFO - Processing /home/airflow/.local/lib/python3.7/site-packages/airflow/example_dags/example_latest_only.py took 0.456 seconds
[2023-09-13T08:00:28.139+0000] {processor.py:156} INFO - Started process (PID=241) to work on /home/airflow/.local/lib/python3.7/site-packages/airflow/example_dags/example_latest_only.py
[2023-09-13T08:00:28.143+0000] {processor.py:799} INFO - Processing file /home/airflow/.local/lib/python3.7/site-packages/airflow/example_dags/example_latest_only.py for tasks to queue
[2023-09-13T08:00:28.145+0000] {logging_mixin.py:149} INFO - [2023-09-13T08:00:28.145+0000] {dagbag.py:541} INFO - Filling up the DagBag from /home/airflow/.local/lib/python3.7/site-packages/airflow/example_dags/example_latest_only.py
[2023-09-13T08:00:28.159+0000] {processor.py:809} INFO - DAG(s) dict_keys(['latest_only']) retrieved from /home/airflow/.local/lib/python3.7/site-packages/airflow/example_dags/example_latest_only.py
[2023-09-13T08:00:28.211+0000] {logging_mixin.py:149} INFO - [2023-09-13T08:00:28.211+0000] {dag.py:2726} INFO - Sync 1 DAGs
[2023-09-13T08:00:28.266+0000] {logging_mixin.py:149} INFO - [2023-09-13T08:00:28.266+0000] {dag.py:3490} INFO - Setting next_dagrun for latest_only to 2023-09-13T04:00:28.265257+00:00, run_after=2023-09-13T08:00:28.265257+00:00
[2023-09-13T08:00:28.310+0000] {processor.py:178} INFO - Processing /home/airflow/.local/lib/python3.7/site-packages/airflow/example_dags/example_latest_only.py took 0.178 seconds
[2023-09-13T08:01:00.730+0000] {processor.py:156} INFO - Started process (PID=301) to work on /home/airflow/.local/lib/python3.7/site-packages/airflow/example_dags/example_latest_only.py
[2023-09-13T08:01:00.737+0000] {processor.py:799} INFO - Processing file /home/airflow/.local/lib/python3.7/site-packages/airflow/example_dags/example_latest_only.py for tasks to queue
[2023-09-13T08:01:00.739+0000] {logging_mixin.py:149} INFO - [2023-09-13T08:01:00.739+0000] {dagbag.py:541} INFO - Filling up the DagBag from /home/airflow/.local/lib/python3.7/site-packages/airflow/example_dags/example_latest_only.py
[2023-09-13T08:01:00.782+0000] {processor.py:809} INFO - DAG(s) dict_keys(['latest_only']) retrieved from /home/airflow/.local/lib/python3.7/site-packages/airflow/example_dags/example_latest_only.py
[2023-09-13T08:01:00.873+0000] {logging_mixin.py:149} INFO - [2023-09-13T08:01:00.873+0000] {dag.py:2726} INFO - Sync 1 DAGs
[2023-09-13T08:01:01.013+0000] {logging_mixin.py:149} INFO - [2023-09-13T08:01:01.013+0000] {dag.py:3490} INFO - Setting next_dagrun for latest_only to 2023-09-13T04:01:01.012613+00:00, run_after=2023-09-13T08:01:01.012613+00:00
[2023-09-13T08:01:01.118+0000] {processor.py:178} INFO - Processing /home/airflow/.local/lib/python3.7/site-packages/airflow/example_dags/example_latest_only.py took 0.399 seconds
[2023-09-13T08:01:31.279+0000] {processor.py:156} INFO - Started process (PID=361) to work on /home/airflow/.local/lib/python3.7/site-packages/airflow/example_dags/example_latest_only.py
[2023-09-13T08:01:31.282+0000] {processor.py:799} INFO - Processing file /home/airflow/.local/lib/python3.7/site-packages/airflow/example_dags/example_latest_only.py for tasks to queue
[2023-09-13T08:01:31.285+0000] {logging_mixin.py:149} INFO - [2023-09-13T08:01:31.285+0000] {dagbag.py:541} INFO - Filling up the DagBag from /home/airflow/.local/lib/python3.7/site-packages/airflow/example_dags/example_latest_only.py
[2023-09-13T08:01:31.304+0000] {processor.py:809} INFO - DAG(s) dict_keys(['latest_only']) retrieved from /home/airflow/.local/lib/python3.7/site-packages/airflow/example_dags/example_latest_only.py
[2023-09-13T08:01:31.402+0000] {logging_mixin.py:149} INFO - [2023-09-13T08:01:31.401+0000] {dag.py:2726} INFO - Sync 1 DAGs
[2023-09-13T08:01:31.569+0000] {logging_mixin.py:149} INFO - [2023-09-13T08:01:31.569+0000] {dag.py:3490} INFO - Setting next_dagrun for latest_only to 2023-09-13T04:01:31.568850+00:00, run_after=2023-09-13T08:01:31.568850+00:00
[2023-09-13T08:01:31.682+0000] {processor.py:178} INFO - Processing /home/airflow/.local/lib/python3.7/site-packages/airflow/example_dags/example_latest_only.py took 0.419 seconds
[2023-09-13T08:02:03.628+0000] {processor.py:156} INFO - Started process (PID=421) to work on /home/airflow/.local/lib/python3.7/site-packages/airflow/example_dags/example_latest_only.py
[2023-09-13T08:02:03.638+0000] {processor.py:799} INFO - Processing file /home/airflow/.local/lib/python3.7/site-packages/airflow/example_dags/example_latest_only.py for tasks to queue
[2023-09-13T08:02:03.649+0000] {logging_mixin.py:149} INFO - [2023-09-13T08:02:03.648+0000] {dagbag.py:541} INFO - Filling up the DagBag from /home/airflow/.local/lib/python3.7/site-packages/airflow/example_dags/example_latest_only.py
[2023-09-13T08:02:03.674+0000] {processor.py:809} INFO - DAG(s) dict_keys(['latest_only']) retrieved from /home/airflow/.local/lib/python3.7/site-packages/airflow/example_dags/example_latest_only.py
[2023-09-13T08:02:03.745+0000] {logging_mixin.py:149} INFO - [2023-09-13T08:02:03.744+0000] {dag.py:2726} INFO - Sync 1 DAGs
[2023-09-13T08:02:03.828+0000] {logging_mixin.py:149} INFO - [2023-09-13T08:02:03.828+0000] {dag.py:3490} INFO - Setting next_dagrun for latest_only to 2023-09-13T04:02:03.827469+00:00, run_after=2023-09-13T08:02:03.827469+00:00
[2023-09-13T08:02:03.912+0000] {processor.py:178} INFO - Processing /home/airflow/.local/lib/python3.7/site-packages/airflow/example_dags/example_latest_only.py took 0.292 seconds
[2023-09-13T08:02:34.283+0000] {processor.py:156} INFO - Started process (PID=481) to work on /home/airflow/.local/lib/python3.7/site-packages/airflow/example_dags/example_latest_only.py
[2023-09-13T08:02:34.288+0000] {processor.py:799} INFO - Processing file /home/airflow/.local/lib/python3.7/site-packages/airflow/example_dags/example_latest_only.py for tasks to queue
[2023-09-13T08:02:34.290+0000] {logging_mixin.py:149} INFO - [2023-09-13T08:02:34.290+0000] {dagbag.py:541} INFO - Filling up the DagBag from /home/airflow/.local/lib/python3.7/site-packages/airflow/example_dags/example_latest_only.py
[2023-09-13T08:02:34.304+0000] {processor.py:809} INFO - DAG(s) dict_keys(['latest_only']) retrieved from /home/airflow/.local/lib/python3.7/site-packages/airflow/example_dags/example_latest_only.py
[2023-09-13T08:02:34.368+0000] {logging_mixin.py:149} INFO - [2023-09-13T08:02:34.367+0000] {dag.py:2726} INFO - Sync 1 DAGs
[2023-09-13T08:02:34.435+0000] {logging_mixin.py:149} INFO - [2023-09-13T08:02:34.434+0000] {dag.py:3490} INFO - Setting next_dagrun for latest_only to 2023-09-13T04:02:34.433584+00:00, run_after=2023-09-13T08:02:34.433584+00:00
[2023-09-13T08:02:34.478+0000] {processor.py:178} INFO - Processing /home/airflow/.local/lib/python3.7/site-packages/airflow/example_dags/example_latest_only.py took 0.203 seconds
[2023-09-13T08:03:07.564+0000] {processor.py:156} INFO - Started process (PID=541) to work on /home/airflow/.local/lib/python3.7/site-packages/airflow/example_dags/example_latest_only.py
[2023-09-13T08:03:07.567+0000] {processor.py:799} INFO - Processing file /home/airflow/.local/lib/python3.7/site-packages/airflow/example_dags/example_latest_only.py for tasks to queue
[2023-09-13T08:03:07.572+0000] {logging_mixin.py:149} INFO - [2023-09-13T08:03:07.572+0000] {dagbag.py:541} INFO - Filling up the DagBag from /home/airflow/.local/lib/python3.7/site-packages/airflow/example_dags/example_latest_only.py
[2023-09-13T08:03:07.591+0000] {processor.py:809} INFO - DAG(s) dict_keys(['latest_only']) retrieved from /home/airflow/.local/lib/python3.7/site-packages/airflow/example_dags/example_latest_only.py
[2023-09-13T08:03:07.714+0000] {logging_mixin.py:149} INFO - [2023-09-13T08:03:07.713+0000] {dag.py:2726} INFO - Sync 1 DAGs
[2023-09-13T08:03:07.820+0000] {logging_mixin.py:149} INFO - [2023-09-13T08:03:07.819+0000] {dag.py:3490} INFO - Setting next_dagrun for latest_only to 2023-09-13T04:03:07.818567+00:00, run_after=2023-09-13T08:03:07.818567+00:00
[2023-09-13T08:03:07.921+0000] {processor.py:178} INFO - Processing /home/airflow/.local/lib/python3.7/site-packages/airflow/example_dags/example_latest_only.py took 0.371 seconds
[2023-09-13T08:03:38.801+0000] {processor.py:156} INFO - Started process (PID=601) to work on /home/airflow/.local/lib/python3.7/site-packages/airflow/example_dags/example_latest_only.py
[2023-09-13T08:03:38.806+0000] {processor.py:799} INFO - Processing file /home/airflow/.local/lib/python3.7/site-packages/airflow/example_dags/example_latest_only.py for tasks to queue
[2023-09-13T08:03:38.810+0000] {logging_mixin.py:149} INFO - [2023-09-13T08:03:38.809+0000] {dagbag.py:541} INFO - Filling up the DagBag from /home/airflow/.local/lib/python3.7/site-packages/airflow/example_dags/example_latest_only.py
[2023-09-13T08:03:38.834+0000] {processor.py:809} INFO - DAG(s) dict_keys(['latest_only']) retrieved from /home/airflow/.local/lib/python3.7/site-packages/airflow/example_dags/example_latest_only.py
[2023-09-13T08:03:38.939+0000] {logging_mixin.py:149} INFO - [2023-09-13T08:03:38.938+0000] {dag.py:2726} INFO - Sync 1 DAGs
[2023-09-13T08:03:39.080+0000] {logging_mixin.py:149} INFO - [2023-09-13T08:03:39.079+0000] {dag.py:3490} INFO - Setting next_dagrun for latest_only to 2023-09-13T04:03:39.078813+00:00, run_after=2023-09-13T08:03:39.078813+00:00
[2023-09-13T08:03:39.179+0000] {processor.py:178} INFO - Processing /home/airflow/.local/lib/python3.7/site-packages/airflow/example_dags/example_latest_only.py took 0.394 seconds
[2023-09-13T08:04:10.399+0000] {processor.py:156} INFO - Started process (PID=662) to work on /home/airflow/.local/lib/python3.7/site-packages/airflow/example_dags/example_latest_only.py
[2023-09-13T08:04:10.402+0000] {processor.py:799} INFO - Processing file /home/airflow/.local/lib/python3.7/site-packages/airflow/example_dags/example_latest_only.py for tasks to queue
[2023-09-13T08:04:10.408+0000] {logging_mixin.py:149} INFO - [2023-09-13T08:04:10.407+0000] {dagbag.py:541} INFO - Filling up the DagBag from /home/airflow/.local/lib/python3.7/site-packages/airflow/example_dags/example_latest_only.py
[2023-09-13T08:04:10.432+0000] {processor.py:809} INFO - DAG(s) dict_keys(['latest_only']) retrieved from /home/airflow/.local/lib/python3.7/site-packages/airflow/example_dags/example_latest_only.py
[2023-09-13T08:04:10.522+0000] {logging_mixin.py:149} INFO - [2023-09-13T08:04:10.521+0000] {dag.py:2726} INFO - Sync 1 DAGs
[2023-09-13T08:04:10.658+0000] {logging_mixin.py:149} INFO - [2023-09-13T08:04:10.657+0000] {dag.py:3490} INFO - Setting next_dagrun for latest_only to 2023-09-13T04:04:10.655774+00:00, run_after=2023-09-13T08:04:10.655774+00:00
[2023-09-13T08:04:10.817+0000] {processor.py:178} INFO - Processing /home/airflow/.local/lib/python3.7/site-packages/airflow/example_dags/example_latest_only.py took 0.435 seconds
[2023-09-13T08:04:41.191+0000] {processor.py:156} INFO - Started process (PID=722) to work on /home/airflow/.local/lib/python3.7/site-packages/airflow/example_dags/example_latest_only.py
[2023-09-13T08:04:41.194+0000] {processor.py:799} INFO - Processing file /home/airflow/.local/lib/python3.7/site-packages/airflow/example_dags/example_latest_only.py for tasks to queue
[2023-09-13T08:04:41.199+0000] {logging_mixin.py:149} INFO - [2023-09-13T08:04:41.199+0000] {dagbag.py:541} INFO - Filling up the DagBag from /home/airflow/.local/lib/python3.7/site-packages/airflow/example_dags/example_latest_only.py
[2023-09-13T08:04:41.228+0000] {processor.py:809} INFO - DAG(s) dict_keys(['latest_only']) retrieved from /home/airflow/.local/lib/python3.7/site-packages/airflow/example_dags/example_latest_only.py
[2023-09-13T08:04:41.344+0000] {logging_mixin.py:149} INFO - [2023-09-13T08:04:41.344+0000] {dag.py:2726} INFO - Sync 1 DAGs
[2023-09-13T08:04:41.466+0000] {logging_mixin.py:149} INFO - [2023-09-13T08:04:41.466+0000] {dag.py:3490} INFO - Setting next_dagrun for latest_only to 2023-09-13T04:04:41.465311+00:00, run_after=2023-09-13T08:04:41.465311+00:00
[2023-09-13T08:04:41.563+0000] {processor.py:178} INFO - Processing /home/airflow/.local/lib/python3.7/site-packages/airflow/example_dags/example_latest_only.py took 0.385 seconds
[2023-09-13T08:05:11.992+0000] {processor.py:156} INFO - Started process (PID=781) to work on /home/airflow/.local/lib/python3.7/site-packages/airflow/example_dags/example_latest_only.py
[2023-09-13T08:05:12.000+0000] {processor.py:799} INFO - Processing file /home/airflow/.local/lib/python3.7/site-packages/airflow/example_dags/example_latest_only.py for tasks to queue
[2023-09-13T08:05:12.003+0000] {logging_mixin.py:149} INFO - [2023-09-13T08:05:12.003+0000] {dagbag.py:541} INFO - Filling up the DagBag from /home/airflow/.local/lib/python3.7/site-packages/airflow/example_dags/example_latest_only.py
[2023-09-13T08:05:12.030+0000] {processor.py:809} INFO - DAG(s) dict_keys(['latest_only']) retrieved from /home/airflow/.local/lib/python3.7/site-packages/airflow/example_dags/example_latest_only.py
[2023-09-13T08:05:12.103+0000] {logging_mixin.py:149} INFO - [2023-09-13T08:05:12.102+0000] {dag.py:2726} INFO - Sync 1 DAGs
[2023-09-13T08:05:12.188+0000] {logging_mixin.py:149} INFO - [2023-09-13T08:05:12.188+0000] {dag.py:3490} INFO - Setting next_dagrun for latest_only to 2023-09-13T04:05:12.187805+00:00, run_after=2023-09-13T08:05:12.187805+00:00
[2023-09-13T08:05:12.245+0000] {processor.py:178} INFO - Processing /home/airflow/.local/lib/python3.7/site-packages/airflow/example_dags/example_latest_only.py took 0.259 seconds
[2023-09-13T08:05:45.081+0000] {processor.py:156} INFO - Started process (PID=850) to work on /home/airflow/.local/lib/python3.7/site-packages/airflow/example_dags/example_latest_only.py
[2023-09-13T08:05:45.092+0000] {processor.py:799} INFO - Processing file /home/airflow/.local/lib/python3.7/site-packages/airflow/example_dags/example_latest_only.py for tasks to queue
[2023-09-13T08:05:45.100+0000] {logging_mixin.py:149} INFO - [2023-09-13T08:05:45.099+0000] {dagbag.py:541} INFO - Filling up the DagBag from /home/airflow/.local/lib/python3.7/site-packages/airflow/example_dags/example_latest_only.py
[2023-09-13T08:05:45.143+0000] {processor.py:809} INFO - DAG(s) dict_keys(['latest_only']) retrieved from /home/airflow/.local/lib/python3.7/site-packages/airflow/example_dags/example_latest_only.py
[2023-09-13T08:05:45.351+0000] {logging_mixin.py:149} INFO - [2023-09-13T08:05:45.351+0000] {dag.py:2726} INFO - Sync 1 DAGs
[2023-09-13T08:05:45.582+0000] {logging_mixin.py:149} INFO - [2023-09-13T08:05:45.581+0000] {dag.py:3490} INFO - Setting next_dagrun for latest_only to 2023-09-13T04:05:45.565539+00:00, run_after=2023-09-13T08:05:45.565539+00:00
[2023-09-13T08:05:45.724+0000] {processor.py:178} INFO - Processing /home/airflow/.local/lib/python3.7/site-packages/airflow/example_dags/example_latest_only.py took 0.664 seconds
[2023-09-13T08:06:16.251+0000] {processor.py:156} INFO - Started process (PID=909) to work on /home/airflow/.local/lib/python3.7/site-packages/airflow/example_dags/example_latest_only.py
[2023-09-13T08:06:16.254+0000] {processor.py:799} INFO - Processing file /home/airflow/.local/lib/python3.7/site-packages/airflow/example_dags/example_latest_only.py for tasks to queue
[2023-09-13T08:06:16.256+0000] {logging_mixin.py:149} INFO - [2023-09-13T08:06:16.256+0000] {dagbag.py:541} INFO - Filling up the DagBag from /home/airflow/.local/lib/python3.7/site-packages/airflow/example_dags/example_latest_only.py
[2023-09-13T08:06:16.272+0000] {processor.py:809} INFO - DAG(s) dict_keys(['latest_only']) retrieved from /home/airflow/.local/lib/python3.7/site-packages/airflow/example_dags/example_latest_only.py
[2023-09-13T08:06:16.328+0000] {logging_mixin.py:149} INFO - [2023-09-13T08:06:16.328+0000] {dag.py:2726} INFO - Sync 1 DAGs
[2023-09-13T08:06:16.377+0000] {logging_mixin.py:149} INFO - [2023-09-13T08:06:16.376+0000] {dag.py:3490} INFO - Setting next_dagrun for latest_only to 2023-09-13T04:06:16.376556+00:00, run_after=2023-09-13T08:06:16.376556+00:00
[2023-09-13T08:06:16.421+0000] {processor.py:178} INFO - Processing /home/airflow/.local/lib/python3.7/site-packages/airflow/example_dags/example_latest_only.py took 0.177 seconds
[2023-09-13T08:06:46.930+0000] {processor.py:156} INFO - Started process (PID=969) to work on /home/airflow/.local/lib/python3.7/site-packages/airflow/example_dags/example_latest_only.py
[2023-09-13T08:06:46.935+0000] {processor.py:799} INFO - Processing file /home/airflow/.local/lib/python3.7/site-packages/airflow/example_dags/example_latest_only.py for tasks to queue
[2023-09-13T08:06:46.938+0000] {logging_mixin.py:149} INFO - [2023-09-13T08:06:46.937+0000] {dagbag.py:541} INFO - Filling up the DagBag from /home/airflow/.local/lib/python3.7/site-packages/airflow/example_dags/example_latest_only.py
[2023-09-13T08:06:46.960+0000] {processor.py:809} INFO - DAG(s) dict_keys(['latest_only']) retrieved from /home/airflow/.local/lib/python3.7/site-packages/airflow/example_dags/example_latest_only.py
[2023-09-13T08:06:47.050+0000] {logging_mixin.py:149} INFO - [2023-09-13T08:06:47.049+0000] {dag.py:2726} INFO - Sync 1 DAGs
[2023-09-13T08:06:47.127+0000] {logging_mixin.py:149} INFO - [2023-09-13T08:06:47.127+0000] {dag.py:3490} INFO - Setting next_dagrun for latest_only to 2023-09-13T04:06:47.126887+00:00, run_after=2023-09-13T08:06:47.126887+00:00
[2023-09-13T08:06:47.179+0000] {processor.py:178} INFO - Processing /home/airflow/.local/lib/python3.7/site-packages/airflow/example_dags/example_latest_only.py took 0.258 seconds
[2023-09-13T08:07:17.541+0000] {processor.py:156} INFO - Started process (PID=1029) to work on /home/airflow/.local/lib/python3.7/site-packages/airflow/example_dags/example_latest_only.py
[2023-09-13T08:07:17.545+0000] {processor.py:799} INFO - Processing file /home/airflow/.local/lib/python3.7/site-packages/airflow/example_dags/example_latest_only.py for tasks to queue
[2023-09-13T08:07:17.547+0000] {logging_mixin.py:149} INFO - [2023-09-13T08:07:17.547+0000] {dagbag.py:541} INFO - Filling up the DagBag from /home/airflow/.local/lib/python3.7/site-packages/airflow/example_dags/example_latest_only.py
[2023-09-13T08:07:17.591+0000] {processor.py:809} INFO - DAG(s) dict_keys(['latest_only']) retrieved from /home/airflow/.local/lib/python3.7/site-packages/airflow/example_dags/example_latest_only.py
[2023-09-13T08:07:17.722+0000] {logging_mixin.py:149} INFO - [2023-09-13T08:07:17.722+0000] {dag.py:2726} INFO - Sync 1 DAGs
[2023-09-13T08:07:17.817+0000] {logging_mixin.py:149} INFO - [2023-09-13T08:07:17.817+0000] {dag.py:3490} INFO - Setting next_dagrun for latest_only to 2023-09-13T04:07:17.816528+00:00, run_after=2023-09-13T08:07:17.816528+00:00
[2023-09-13T08:07:17.888+0000] {processor.py:178} INFO - Processing /home/airflow/.local/lib/python3.7/site-packages/airflow/example_dags/example_latest_only.py took 0.354 seconds
[2023-09-13T08:07:48.005+0000] {processor.py:156} INFO - Started process (PID=1089) to work on /home/airflow/.local/lib/python3.7/site-packages/airflow/example_dags/example_latest_only.py
[2023-09-13T08:07:48.008+0000] {processor.py:799} INFO - Processing file /home/airflow/.local/lib/python3.7/site-packages/airflow/example_dags/example_latest_only.py for tasks to queue
[2023-09-13T08:07:48.011+0000] {logging_mixin.py:149} INFO - [2023-09-13T08:07:48.011+0000] {dagbag.py:541} INFO - Filling up the DagBag from /home/airflow/.local/lib/python3.7/site-packages/airflow/example_dags/example_latest_only.py
[2023-09-13T08:07:48.033+0000] {processor.py:809} INFO - DAG(s) dict_keys(['latest_only']) retrieved from /home/airflow/.local/lib/python3.7/site-packages/airflow/example_dags/example_latest_only.py
[2023-09-13T08:07:48.095+0000] {logging_mixin.py:149} INFO - [2023-09-13T08:07:48.095+0000] {dag.py:2726} INFO - Sync 1 DAGs
[2023-09-13T08:07:48.158+0000] {logging_mixin.py:149} INFO - [2023-09-13T08:07:48.158+0000] {dag.py:3490} INFO - Setting next_dagrun for latest_only to 2023-09-13T04:07:48.157398+00:00, run_after=2023-09-13T08:07:48.157398+00:00
[2023-09-13T08:07:48.214+0000] {processor.py:178} INFO - Processing /home/airflow/.local/lib/python3.7/site-packages/airflow/example_dags/example_latest_only.py took 0.218 seconds
[2023-09-13T08:08:18.746+0000] {processor.py:156} INFO - Started process (PID=1149) to work on /home/airflow/.local/lib/python3.7/site-packages/airflow/example_dags/example_latest_only.py
[2023-09-13T08:08:18.752+0000] {processor.py:799} INFO - Processing file /home/airflow/.local/lib/python3.7/site-packages/airflow/example_dags/example_latest_only.py for tasks to queue
[2023-09-13T08:08:18.755+0000] {logging_mixin.py:149} INFO - [2023-09-13T08:08:18.754+0000] {dagbag.py:541} INFO - Filling up the DagBag from /home/airflow/.local/lib/python3.7/site-packages/airflow/example_dags/example_latest_only.py
[2023-09-13T08:08:18.771+0000] {processor.py:809} INFO - DAG(s) dict_keys(['latest_only']) retrieved from /home/airflow/.local/lib/python3.7/site-packages/airflow/example_dags/example_latest_only.py
[2023-09-13T08:08:18.839+0000] {logging_mixin.py:149} INFO - [2023-09-13T08:08:18.839+0000] {dag.py:2726} INFO - Sync 1 DAGs
[2023-09-13T08:08:18.926+0000] {logging_mixin.py:149} INFO - [2023-09-13T08:08:18.926+0000] {dag.py:3490} INFO - Setting next_dagrun for latest_only to 2023-09-13T04:08:18.925430+00:00, run_after=2023-09-13T08:08:18.925430+00:00
[2023-09-13T08:08:18.998+0000] {processor.py:178} INFO - Processing /home/airflow/.local/lib/python3.7/site-packages/airflow/example_dags/example_latest_only.py took 0.258 seconds
[2023-09-13T08:08:49.274+0000] {processor.py:156} INFO - Started process (PID=1209) to work on /home/airflow/.local/lib/python3.7/site-packages/airflow/example_dags/example_latest_only.py
[2023-09-13T08:08:49.277+0000] {processor.py:799} INFO - Processing file /home/airflow/.local/lib/python3.7/site-packages/airflow/example_dags/example_latest_only.py for tasks to queue
[2023-09-13T08:08:49.279+0000] {logging_mixin.py:149} INFO - [2023-09-13T08:08:49.279+0000] {dagbag.py:541} INFO - Filling up the DagBag from /home/airflow/.local/lib/python3.7/site-packages/airflow/example_dags/example_latest_only.py
[2023-09-13T08:08:49.291+0000] {processor.py:809} INFO - DAG(s) dict_keys(['latest_only']) retrieved from /home/airflow/.local/lib/python3.7/site-packages/airflow/example_dags/example_latest_only.py
[2023-09-13T08:08:49.345+0000] {logging_mixin.py:149} INFO - [2023-09-13T08:08:49.345+0000] {dag.py:2726} INFO - Sync 1 DAGs
[2023-09-13T08:08:49.426+0000] {logging_mixin.py:149} INFO - [2023-09-13T08:08:49.425+0000] {dag.py:3490} INFO - Setting next_dagrun for latest_only to 2023-09-13T04:08:49.425181+00:00, run_after=2023-09-13T08:08:49.425181+00:00
[2023-09-13T08:08:49.471+0000] {processor.py:178} INFO - Processing /home/airflow/.local/lib/python3.7/site-packages/airflow/example_dags/example_latest_only.py took 0.203 seconds
[2023-09-13T08:09:19.886+0000] {processor.py:156} INFO - Started process (PID=1269) to work on /home/airflow/.local/lib/python3.7/site-packages/airflow/example_dags/example_latest_only.py
[2023-09-13T08:09:19.889+0000] {processor.py:799} INFO - Processing file /home/airflow/.local/lib/python3.7/site-packages/airflow/example_dags/example_latest_only.py for tasks to queue
[2023-09-13T08:09:19.892+0000] {logging_mixin.py:149} INFO - [2023-09-13T08:09:19.891+0000] {dagbag.py:541} INFO - Filling up the DagBag from /home/airflow/.local/lib/python3.7/site-packages/airflow/example_dags/example_latest_only.py
[2023-09-13T08:09:19.906+0000] {processor.py:809} INFO - DAG(s) dict_keys(['latest_only']) retrieved from /home/airflow/.local/lib/python3.7/site-packages/airflow/example_dags/example_latest_only.py
[2023-09-13T08:09:19.967+0000] {logging_mixin.py:149} INFO - [2023-09-13T08:09:19.967+0000] {dag.py:2726} INFO - Sync 1 DAGs
[2023-09-13T08:09:20.031+0000] {logging_mixin.py:149} INFO - [2023-09-13T08:09:20.031+0000] {dag.py:3490} INFO - Setting next_dagrun for latest_only to 2023-09-13T04:09:20.030642+00:00, run_after=2023-09-13T08:09:20.030642+00:00
[2023-09-13T08:09:20.090+0000] {processor.py:178} INFO - Processing /home/airflow/.local/lib/python3.7/site-packages/airflow/example_dags/example_latest_only.py took 0.211 seconds
[2023-09-13T08:09:50.369+0000] {processor.py:156} INFO - Started process (PID=1329) to work on /home/airflow/.local/lib/python3.7/site-packages/airflow/example_dags/example_latest_only.py
[2023-09-13T08:09:50.371+0000] {processor.py:799} INFO - Processing file /home/airflow/.local/lib/python3.7/site-packages/airflow/example_dags/example_latest_only.py for tasks to queue
[2023-09-13T08:09:50.375+0000] {logging_mixin.py:149} INFO - [2023-09-13T08:09:50.374+0000] {dagbag.py:541} INFO - Filling up the DagBag from /home/airflow/.local/lib/python3.7/site-packages/airflow/example_dags/example_latest_only.py
[2023-09-13T08:09:50.387+0000] {processor.py:809} INFO - DAG(s) dict_keys(['latest_only']) retrieved from /home/airflow/.local/lib/python3.7/site-packages/airflow/example_dags/example_latest_only.py
[2023-09-13T08:09:50.450+0000] {logging_mixin.py:149} INFO - [2023-09-13T08:09:50.449+0000] {dag.py:2726} INFO - Sync 1 DAGs
[2023-09-13T08:09:50.533+0000] {logging_mixin.py:149} INFO - [2023-09-13T08:09:50.532+0000] {dag.py:3490} INFO - Setting next_dagrun for latest_only to 2023-09-13T04:09:50.532109+00:00, run_after=2023-09-13T08:09:50.532109+00:00
[2023-09-13T08:09:50.584+0000] {processor.py:178} INFO - Processing /home/airflow/.local/lib/python3.7/site-packages/airflow/example_dags/example_latest_only.py took 0.220 seconds
[2023-09-13T08:10:20.892+0000] {processor.py:156} INFO - Started process (PID=1389) to work on /home/airflow/.local/lib/python3.7/site-packages/airflow/example_dags/example_latest_only.py
[2023-09-13T08:10:20.895+0000] {processor.py:799} INFO - Processing file /home/airflow/.local/lib/python3.7/site-packages/airflow/example_dags/example_latest_only.py for tasks to queue
[2023-09-13T08:10:20.898+0000] {logging_mixin.py:149} INFO - [2023-09-13T08:10:20.898+0000] {dagbag.py:541} INFO - Filling up the DagBag from /home/airflow/.local/lib/python3.7/site-packages/airflow/example_dags/example_latest_only.py
[2023-09-13T08:10:20.914+0000] {processor.py:809} INFO - DAG(s) dict_keys(['latest_only']) retrieved from /home/airflow/.local/lib/python3.7/site-packages/airflow/example_dags/example_latest_only.py
[2023-09-13T08:10:20.970+0000] {logging_mixin.py:149} INFO - [2023-09-13T08:10:20.970+0000] {dag.py:2726} INFO - Sync 1 DAGs
[2023-09-13T08:10:21.046+0000] {logging_mixin.py:149} INFO - [2023-09-13T08:10:21.045+0000] {dag.py:3490} INFO - Setting next_dagrun for latest_only to 2023-09-13T04:10:21.044424+00:00, run_after=2023-09-13T08:10:21.044424+00:00
[2023-09-13T08:10:21.095+0000] {processor.py:178} INFO - Processing /home/airflow/.local/lib/python3.7/site-packages/airflow/example_dags/example_latest_only.py took 0.208 seconds
[2023-09-13T08:10:51.274+0000] {processor.py:156} INFO - Started process (PID=1450) to work on /home/airflow/.local/lib/python3.7/site-packages/airflow/example_dags/example_latest_only.py
[2023-09-13T08:10:51.277+0000] {processor.py:799} INFO - Processing file /home/airflow/.local/lib/python3.7/site-packages/airflow/example_dags/example_latest_only.py for tasks to queue
[2023-09-13T08:10:51.280+0000] {logging_mixin.py:149} INFO - [2023-09-13T08:10:51.279+0000] {dagbag.py:541} INFO - Filling up the DagBag from /home/airflow/.local/lib/python3.7/site-packages/airflow/example_dags/example_latest_only.py
[2023-09-13T08:10:51.299+0000] {processor.py:809} INFO - DAG(s) dict_keys(['latest_only']) retrieved from /home/airflow/.local/lib/python3.7/site-packages/airflow/example_dags/example_latest_only.py
[2023-09-13T08:10:51.376+0000] {logging_mixin.py:149} INFO - [2023-09-13T08:10:51.375+0000] {dag.py:2726} INFO - Sync 1 DAGs
[2023-09-13T08:10:51.462+0000] {logging_mixin.py:149} INFO - [2023-09-13T08:10:51.461+0000] {dag.py:3490} INFO - Setting next_dagrun for latest_only to 2023-09-13T04:10:51.461325+00:00, run_after=2023-09-13T08:10:51.461325+00:00
[2023-09-13T08:10:51.535+0000] {processor.py:178} INFO - Processing /home/airflow/.local/lib/python3.7/site-packages/airflow/example_dags/example_latest_only.py took 0.268 seconds
[2023-09-13T08:11:21.753+0000] {processor.py:156} INFO - Started process (PID=1510) to work on /home/airflow/.local/lib/python3.7/site-packages/airflow/example_dags/example_latest_only.py
[2023-09-13T08:11:21.757+0000] {processor.py:799} INFO - Processing file /home/airflow/.local/lib/python3.7/site-packages/airflow/example_dags/example_latest_only.py for tasks to queue
[2023-09-13T08:11:21.760+0000] {logging_mixin.py:149} INFO - [2023-09-13T08:11:21.760+0000] {dagbag.py:541} INFO - Filling up the DagBag from /home/airflow/.local/lib/python3.7/site-packages/airflow/example_dags/example_latest_only.py
[2023-09-13T08:11:21.773+0000] {processor.py:809} INFO - DAG(s) dict_keys(['latest_only']) retrieved from /home/airflow/.local/lib/python3.7/site-packages/airflow/example_dags/example_latest_only.py
[2023-09-13T08:11:21.844+0000] {logging_mixin.py:149} INFO - [2023-09-13T08:11:21.843+0000] {dag.py:2726} INFO - Sync 1 DAGs
[2023-09-13T08:11:21.926+0000] {logging_mixin.py:149} INFO - [2023-09-13T08:11:21.925+0000] {dag.py:3490} INFO - Setting next_dagrun for latest_only to 2023-09-13T04:11:21.925336+00:00, run_after=2023-09-13T08:11:21.925336+00:00
[2023-09-13T08:11:21.984+0000] {processor.py:178} INFO - Processing /home/airflow/.local/lib/python3.7/site-packages/airflow/example_dags/example_latest_only.py took 0.239 seconds
[2023-09-13T08:11:52.341+0000] {processor.py:156} INFO - Started process (PID=1570) to work on /home/airflow/.local/lib/python3.7/site-packages/airflow/example_dags/example_latest_only.py
[2023-09-13T08:11:52.344+0000] {processor.py:799} INFO - Processing file /home/airflow/.local/lib/python3.7/site-packages/airflow/example_dags/example_latest_only.py for tasks to queue
[2023-09-13T08:11:52.348+0000] {logging_mixin.py:149} INFO - [2023-09-13T08:11:52.347+0000] {dagbag.py:541} INFO - Filling up the DagBag from /home/airflow/.local/lib/python3.7/site-packages/airflow/example_dags/example_latest_only.py
[2023-09-13T08:11:52.378+0000] {processor.py:809} INFO - DAG(s) dict_keys(['latest_only']) retrieved from /home/airflow/.local/lib/python3.7/site-packages/airflow/example_dags/example_latest_only.py
[2023-09-13T08:11:52.458+0000] {logging_mixin.py:149} INFO - [2023-09-13T08:11:52.457+0000] {dag.py:2726} INFO - Sync 1 DAGs
[2023-09-13T08:11:52.626+0000] {logging_mixin.py:149} INFO - [2023-09-13T08:11:52.626+0000] {dag.py:3490} INFO - Setting next_dagrun for latest_only to 2023-09-13T04:11:52.625704+00:00, run_after=2023-09-13T08:11:52.625704+00:00
[2023-09-13T08:11:52.707+0000] {processor.py:178} INFO - Processing /home/airflow/.local/lib/python3.7/site-packages/airflow/example_dags/example_latest_only.py took 0.374 seconds
[2023-09-13T08:12:23.091+0000] {processor.py:156} INFO - Started process (PID=1630) to work on /home/airflow/.local/lib/python3.7/site-packages/airflow/example_dags/example_latest_only.py
[2023-09-13T08:12:23.094+0000] {processor.py:799} INFO - Processing file /home/airflow/.local/lib/python3.7/site-packages/airflow/example_dags/example_latest_only.py for tasks to queue
[2023-09-13T08:12:23.097+0000] {logging_mixin.py:149} INFO - [2023-09-13T08:12:23.096+0000] {dagbag.py:541} INFO - Filling up the DagBag from /home/airflow/.local/lib/python3.7/site-packages/airflow/example_dags/example_latest_only.py
[2023-09-13T08:12:23.109+0000] {processor.py:809} INFO - DAG(s) dict_keys(['latest_only']) retrieved from /home/airflow/.local/lib/python3.7/site-packages/airflow/example_dags/example_latest_only.py
[2023-09-13T08:12:23.156+0000] {logging_mixin.py:149} INFO - [2023-09-13T08:12:23.156+0000] {dag.py:2726} INFO - Sync 1 DAGs
[2023-09-13T08:12:23.216+0000] {logging_mixin.py:149} INFO - [2023-09-13T08:12:23.215+0000] {dag.py:3490} INFO - Setting next_dagrun for latest_only to 2023-09-13T04:12:23.215026+00:00, run_after=2023-09-13T08:12:23.215026+00:00
[2023-09-13T08:12:23.269+0000] {processor.py:178} INFO - Processing /home/airflow/.local/lib/python3.7/site-packages/airflow/example_dags/example_latest_only.py took 0.185 seconds
[2023-09-13T08:12:54.031+0000] {processor.py:156} INFO - Started process (PID=1690) to work on /home/airflow/.local/lib/python3.7/site-packages/airflow/example_dags/example_latest_only.py
[2023-09-13T08:12:54.034+0000] {processor.py:799} INFO - Processing file /home/airflow/.local/lib/python3.7/site-packages/airflow/example_dags/example_latest_only.py for tasks to queue
[2023-09-13T08:12:54.038+0000] {logging_mixin.py:149} INFO - [2023-09-13T08:12:54.037+0000] {dagbag.py:541} INFO - Filling up the DagBag from /home/airflow/.local/lib/python3.7/site-packages/airflow/example_dags/example_latest_only.py
[2023-09-13T08:12:54.059+0000] {processor.py:809} INFO - DAG(s) dict_keys(['latest_only']) retrieved from /home/airflow/.local/lib/python3.7/site-packages/airflow/example_dags/example_latest_only.py
[2023-09-13T08:12:54.189+0000] {logging_mixin.py:149} INFO - [2023-09-13T08:12:54.188+0000] {dag.py:2726} INFO - Sync 1 DAGs
[2023-09-13T08:12:54.333+0000] {logging_mixin.py:149} INFO - [2023-09-13T08:12:54.332+0000] {dag.py:3490} INFO - Setting next_dagrun for latest_only to 2023-09-13T04:12:54.331337+00:00, run_after=2023-09-13T08:12:54.331337+00:00
[2023-09-13T08:12:54.405+0000] {processor.py:178} INFO - Processing /home/airflow/.local/lib/python3.7/site-packages/airflow/example_dags/example_latest_only.py took 0.385 seconds
[2023-09-13T09:26:10.621+0000] {processor.py:156} INFO - Started process (PID=54) to work on /home/airflow/.local/lib/python3.7/site-packages/airflow/example_dags/example_latest_only.py
[2023-09-13T09:26:10.623+0000] {processor.py:799} INFO - Processing file /home/airflow/.local/lib/python3.7/site-packages/airflow/example_dags/example_latest_only.py for tasks to queue
[2023-09-13T09:26:10.625+0000] {logging_mixin.py:149} INFO - [2023-09-13T09:26:10.624+0000] {dagbag.py:541} INFO - Filling up the DagBag from /home/airflow/.local/lib/python3.7/site-packages/airflow/example_dags/example_latest_only.py
[2023-09-13T09:26:10.638+0000] {processor.py:809} INFO - DAG(s) dict_keys(['latest_only']) retrieved from /home/airflow/.local/lib/python3.7/site-packages/airflow/example_dags/example_latest_only.py
[2023-09-13T09:26:10.676+0000] {logging_mixin.py:149} INFO - [2023-09-13T09:26:10.676+0000] {dag.py:2726} INFO - Sync 1 DAGs
[2023-09-13T09:26:10.710+0000] {logging_mixin.py:149} INFO - [2023-09-13T09:26:10.710+0000] {dag.py:3490} INFO - Setting next_dagrun for latest_only to 2023-09-13T05:26:10.709764+00:00, run_after=2023-09-13T09:26:10.709764+00:00
[2023-09-13T09:26:10.740+0000] {processor.py:178} INFO - Processing /home/airflow/.local/lib/python3.7/site-packages/airflow/example_dags/example_latest_only.py took 0.122 seconds
