[2023-09-13T07:58:52.315+0000] {processor.py:156} INFO - Started process (PID=52) to work on /home/airflow/.local/lib/python3.7/site-packages/airflow/example_dags/example_params_trigger_ui.py
[2023-09-13T07:58:52.319+0000] {processor.py:799} INFO - Processing file /home/airflow/.local/lib/python3.7/site-packages/airflow/example_dags/example_params_trigger_ui.py for tasks to queue
[2023-09-13T07:58:52.322+0000] {logging_mixin.py:149} INFO - [2023-09-13T07:58:52.321+0000] {dagbag.py:541} INFO - Filling up the DagBag from /home/airflow/.local/lib/python3.7/site-packages/airflow/example_dags/example_params_trigger_ui.py
[2023-09-13T07:58:52.402+0000] {processor.py:809} INFO - DAG(s) dict_keys(['example_params_trigger_ui']) retrieved from /home/airflow/.local/lib/python3.7/site-packages/airflow/example_dags/example_params_trigger_ui.py
[2023-09-13T07:58:52.761+0000] {logging_mixin.py:149} INFO - [2023-09-13T07:58:52.761+0000] {dag.py:2726} INFO - Sync 1 DAGs
[2023-09-13T07:58:52.860+0000] {logging_mixin.py:149} INFO - [2023-09-13T07:58:52.859+0000] {dag.py:3490} INFO - Setting next_dagrun for example_params_trigger_ui to None, run_after=None
[2023-09-13T07:58:52.941+0000] {processor.py:178} INFO - Processing /home/airflow/.local/lib/python3.7/site-packages/airflow/example_dags/example_params_trigger_ui.py took 0.638 seconds
[2023-09-13T07:59:23.576+0000] {processor.py:156} INFO - Started process (PID=112) to work on /home/airflow/.local/lib/python3.7/site-packages/airflow/example_dags/example_params_trigger_ui.py
[2023-09-13T07:59:23.579+0000] {processor.py:799} INFO - Processing file /home/airflow/.local/lib/python3.7/site-packages/airflow/example_dags/example_params_trigger_ui.py for tasks to queue
[2023-09-13T07:59:23.582+0000] {logging_mixin.py:149} INFO - [2023-09-13T07:59:23.581+0000] {dagbag.py:541} INFO - Filling up the DagBag from /home/airflow/.local/lib/python3.7/site-packages/airflow/example_dags/example_params_trigger_ui.py
[2023-09-13T07:59:23.638+0000] {processor.py:809} INFO - DAG(s) dict_keys(['example_params_trigger_ui']) retrieved from /home/airflow/.local/lib/python3.7/site-packages/airflow/example_dags/example_params_trigger_ui.py
[2023-09-13T07:59:23.929+0000] {logging_mixin.py:149} INFO - [2023-09-13T07:59:23.929+0000] {dag.py:2726} INFO - Sync 1 DAGs
[2023-09-13T07:59:24.003+0000] {logging_mixin.py:149} INFO - [2023-09-13T07:59:24.003+0000] {dag.py:3490} INFO - Setting next_dagrun for example_params_trigger_ui to None, run_after=None
[2023-09-13T07:59:24.271+0000] {processor.py:178} INFO - Processing /home/airflow/.local/lib/python3.7/site-packages/airflow/example_dags/example_params_trigger_ui.py took 0.703 seconds
[2023-09-13T07:59:55.072+0000] {processor.py:156} INFO - Started process (PID=172) to work on /home/airflow/.local/lib/python3.7/site-packages/airflow/example_dags/example_params_trigger_ui.py
[2023-09-13T07:59:55.075+0000] {processor.py:799} INFO - Processing file /home/airflow/.local/lib/python3.7/site-packages/airflow/example_dags/example_params_trigger_ui.py for tasks to queue
[2023-09-13T07:59:55.077+0000] {logging_mixin.py:149} INFO - [2023-09-13T07:59:55.077+0000] {dagbag.py:541} INFO - Filling up the DagBag from /home/airflow/.local/lib/python3.7/site-packages/airflow/example_dags/example_params_trigger_ui.py
[2023-09-13T07:59:55.144+0000] {processor.py:809} INFO - DAG(s) dict_keys(['example_params_trigger_ui']) retrieved from /home/airflow/.local/lib/python3.7/site-packages/airflow/example_dags/example_params_trigger_ui.py
[2023-09-13T07:59:55.608+0000] {logging_mixin.py:149} INFO - [2023-09-13T07:59:55.607+0000] {dag.py:2726} INFO - Sync 1 DAGs
[2023-09-13T07:59:55.661+0000] {logging_mixin.py:149} INFO - [2023-09-13T07:59:55.660+0000] {dag.py:3490} INFO - Setting next_dagrun for example_params_trigger_ui to None, run_after=None
[2023-09-13T07:59:55.701+0000] {processor.py:178} INFO - Processing /home/airflow/.local/lib/python3.7/site-packages/airflow/example_dags/example_params_trigger_ui.py took 0.639 seconds
[2023-09-13T08:00:26.057+0000] {processor.py:156} INFO - Started process (PID=233) to work on /home/airflow/.local/lib/python3.7/site-packages/airflow/example_dags/example_params_trigger_ui.py
[2023-09-13T08:00:26.060+0000] {processor.py:799} INFO - Processing file /home/airflow/.local/lib/python3.7/site-packages/airflow/example_dags/example_params_trigger_ui.py for tasks to queue
[2023-09-13T08:00:26.063+0000] {logging_mixin.py:149} INFO - [2023-09-13T08:00:26.063+0000] {dagbag.py:541} INFO - Filling up the DagBag from /home/airflow/.local/lib/python3.7/site-packages/airflow/example_dags/example_params_trigger_ui.py
[2023-09-13T08:00:26.101+0000] {processor.py:809} INFO - DAG(s) dict_keys(['example_params_trigger_ui']) retrieved from /home/airflow/.local/lib/python3.7/site-packages/airflow/example_dags/example_params_trigger_ui.py
[2023-09-13T08:00:26.253+0000] {logging_mixin.py:149} INFO - [2023-09-13T08:00:26.252+0000] {dag.py:2726} INFO - Sync 1 DAGs
[2023-09-13T08:00:26.300+0000] {logging_mixin.py:149} INFO - [2023-09-13T08:00:26.300+0000] {dag.py:3490} INFO - Setting next_dagrun for example_params_trigger_ui to None, run_after=None
[2023-09-13T08:00:26.346+0000] {processor.py:178} INFO - Processing /home/airflow/.local/lib/python3.7/site-packages/airflow/example_dags/example_params_trigger_ui.py took 0.296 seconds
[2023-09-13T08:00:57.303+0000] {processor.py:156} INFO - Started process (PID=293) to work on /home/airflow/.local/lib/python3.7/site-packages/airflow/example_dags/example_params_trigger_ui.py
[2023-09-13T08:00:57.312+0000] {processor.py:799} INFO - Processing file /home/airflow/.local/lib/python3.7/site-packages/airflow/example_dags/example_params_trigger_ui.py for tasks to queue
[2023-09-13T08:00:57.330+0000] {logging_mixin.py:149} INFO - [2023-09-13T08:00:57.329+0000] {dagbag.py:541} INFO - Filling up the DagBag from /home/airflow/.local/lib/python3.7/site-packages/airflow/example_dags/example_params_trigger_ui.py
[2023-09-13T08:00:57.444+0000] {processor.py:809} INFO - DAG(s) dict_keys(['example_params_trigger_ui']) retrieved from /home/airflow/.local/lib/python3.7/site-packages/airflow/example_dags/example_params_trigger_ui.py
[2023-09-13T08:00:57.899+0000] {logging_mixin.py:149} INFO - [2023-09-13T08:00:57.898+0000] {dag.py:2726} INFO - Sync 1 DAGs
[2023-09-13T08:00:58.036+0000] {logging_mixin.py:149} INFO - [2023-09-13T08:00:58.036+0000] {dag.py:3490} INFO - Setting next_dagrun for example_params_trigger_ui to None, run_after=None
[2023-09-13T08:00:58.148+0000] {processor.py:178} INFO - Processing /home/airflow/.local/lib/python3.7/site-packages/airflow/example_dags/example_params_trigger_ui.py took 0.856 seconds
[2023-09-13T08:01:28.394+0000] {processor.py:156} INFO - Started process (PID=353) to work on /home/airflow/.local/lib/python3.7/site-packages/airflow/example_dags/example_params_trigger_ui.py
[2023-09-13T08:01:28.398+0000] {processor.py:799} INFO - Processing file /home/airflow/.local/lib/python3.7/site-packages/airflow/example_dags/example_params_trigger_ui.py for tasks to queue
[2023-09-13T08:01:28.401+0000] {logging_mixin.py:149} INFO - [2023-09-13T08:01:28.401+0000] {dagbag.py:541} INFO - Filling up the DagBag from /home/airflow/.local/lib/python3.7/site-packages/airflow/example_dags/example_params_trigger_ui.py
[2023-09-13T08:01:28.461+0000] {processor.py:809} INFO - DAG(s) dict_keys(['example_params_trigger_ui']) retrieved from /home/airflow/.local/lib/python3.7/site-packages/airflow/example_dags/example_params_trigger_ui.py
[2023-09-13T08:01:28.809+0000] {logging_mixin.py:149} INFO - [2023-09-13T08:01:28.808+0000] {dag.py:2726} INFO - Sync 1 DAGs
[2023-09-13T08:01:28.921+0000] {logging_mixin.py:149} INFO - [2023-09-13T08:01:28.920+0000] {dag.py:3490} INFO - Setting next_dagrun for example_params_trigger_ui to None, run_after=None
[2023-09-13T08:01:28.981+0000] {processor.py:178} INFO - Processing /home/airflow/.local/lib/python3.7/site-packages/airflow/example_dags/example_params_trigger_ui.py took 0.595 seconds
[2023-09-13T08:02:00.596+0000] {processor.py:156} INFO - Started process (PID=413) to work on /home/airflow/.local/lib/python3.7/site-packages/airflow/example_dags/example_params_trigger_ui.py
[2023-09-13T08:02:00.600+0000] {processor.py:799} INFO - Processing file /home/airflow/.local/lib/python3.7/site-packages/airflow/example_dags/example_params_trigger_ui.py for tasks to queue
[2023-09-13T08:02:00.603+0000] {logging_mixin.py:149} INFO - [2023-09-13T08:02:00.603+0000] {dagbag.py:541} INFO - Filling up the DagBag from /home/airflow/.local/lib/python3.7/site-packages/airflow/example_dags/example_params_trigger_ui.py
[2023-09-13T08:02:00.704+0000] {processor.py:809} INFO - DAG(s) dict_keys(['example_params_trigger_ui']) retrieved from /home/airflow/.local/lib/python3.7/site-packages/airflow/example_dags/example_params_trigger_ui.py
[2023-09-13T08:02:01.277+0000] {logging_mixin.py:149} INFO - [2023-09-13T08:02:01.277+0000] {dag.py:2726} INFO - Sync 1 DAGs
[2023-09-13T08:02:01.384+0000] {logging_mixin.py:149} INFO - [2023-09-13T08:02:01.384+0000] {dag.py:3490} INFO - Setting next_dagrun for example_params_trigger_ui to None, run_after=None
[2023-09-13T08:02:01.499+0000] {processor.py:178} INFO - Processing /home/airflow/.local/lib/python3.7/site-packages/airflow/example_dags/example_params_trigger_ui.py took 0.914 seconds
[2023-09-13T08:02:31.789+0000] {processor.py:156} INFO - Started process (PID=472) to work on /home/airflow/.local/lib/python3.7/site-packages/airflow/example_dags/example_params_trigger_ui.py
[2023-09-13T08:02:31.795+0000] {processor.py:799} INFO - Processing file /home/airflow/.local/lib/python3.7/site-packages/airflow/example_dags/example_params_trigger_ui.py for tasks to queue
[2023-09-13T08:02:31.798+0000] {logging_mixin.py:149} INFO - [2023-09-13T08:02:31.797+0000] {dagbag.py:541} INFO - Filling up the DagBag from /home/airflow/.local/lib/python3.7/site-packages/airflow/example_dags/example_params_trigger_ui.py
[2023-09-13T08:02:31.897+0000] {processor.py:809} INFO - DAG(s) dict_keys(['example_params_trigger_ui']) retrieved from /home/airflow/.local/lib/python3.7/site-packages/airflow/example_dags/example_params_trigger_ui.py
[2023-09-13T08:02:32.257+0000] {logging_mixin.py:149} INFO - [2023-09-13T08:02:32.257+0000] {dag.py:2726} INFO - Sync 1 DAGs
[2023-09-13T08:02:32.316+0000] {logging_mixin.py:149} INFO - [2023-09-13T08:02:32.315+0000] {dag.py:3490} INFO - Setting next_dagrun for example_params_trigger_ui to None, run_after=None
[2023-09-13T08:02:32.367+0000] {processor.py:178} INFO - Processing /home/airflow/.local/lib/python3.7/site-packages/airflow/example_dags/example_params_trigger_ui.py took 0.591 seconds
[2023-09-13T08:03:02.904+0000] {processor.py:156} INFO - Started process (PID=532) to work on /home/airflow/.local/lib/python3.7/site-packages/airflow/example_dags/example_params_trigger_ui.py
[2023-09-13T08:03:02.908+0000] {processor.py:799} INFO - Processing file /home/airflow/.local/lib/python3.7/site-packages/airflow/example_dags/example_params_trigger_ui.py for tasks to queue
[2023-09-13T08:03:02.918+0000] {logging_mixin.py:149} INFO - [2023-09-13T08:03:02.913+0000] {dagbag.py:541} INFO - Filling up the DagBag from /home/airflow/.local/lib/python3.7/site-packages/airflow/example_dags/example_params_trigger_ui.py
[2023-09-13T08:03:03.097+0000] {processor.py:809} INFO - DAG(s) dict_keys(['example_params_trigger_ui']) retrieved from /home/airflow/.local/lib/python3.7/site-packages/airflow/example_dags/example_params_trigger_ui.py
[2023-09-13T08:03:03.697+0000] {logging_mixin.py:149} INFO - [2023-09-13T08:03:03.697+0000] {dag.py:2726} INFO - Sync 1 DAGs
[2023-09-13T08:03:03.824+0000] {logging_mixin.py:149} INFO - [2023-09-13T08:03:03.824+0000] {dag.py:3490} INFO - Setting next_dagrun for example_params_trigger_ui to None, run_after=None
[2023-09-13T08:03:03.928+0000] {processor.py:178} INFO - Processing /home/airflow/.local/lib/python3.7/site-packages/airflow/example_dags/example_params_trigger_ui.py took 1.043 seconds
[2023-09-13T08:03:34.225+0000] {processor.py:156} INFO - Started process (PID=593) to work on /home/airflow/.local/lib/python3.7/site-packages/airflow/example_dags/example_params_trigger_ui.py
[2023-09-13T08:03:34.232+0000] {processor.py:799} INFO - Processing file /home/airflow/.local/lib/python3.7/site-packages/airflow/example_dags/example_params_trigger_ui.py for tasks to queue
[2023-09-13T08:03:34.236+0000] {logging_mixin.py:149} INFO - [2023-09-13T08:03:34.235+0000] {dagbag.py:541} INFO - Filling up the DagBag from /home/airflow/.local/lib/python3.7/site-packages/airflow/example_dags/example_params_trigger_ui.py
[2023-09-13T08:03:34.363+0000] {processor.py:809} INFO - DAG(s) dict_keys(['example_params_trigger_ui']) retrieved from /home/airflow/.local/lib/python3.7/site-packages/airflow/example_dags/example_params_trigger_ui.py
[2023-09-13T08:03:35.042+0000] {logging_mixin.py:149} INFO - [2023-09-13T08:03:35.032+0000] {dag.py:2726} INFO - Sync 1 DAGs
[2023-09-13T08:03:35.228+0000] {logging_mixin.py:149} INFO - [2023-09-13T08:03:35.227+0000] {dag.py:3490} INFO - Setting next_dagrun for example_params_trigger_ui to None, run_after=None
[2023-09-13T08:03:35.385+0000] {processor.py:178} INFO - Processing /home/airflow/.local/lib/python3.7/site-packages/airflow/example_dags/example_params_trigger_ui.py took 1.172 seconds
[2023-09-13T08:04:05.662+0000] {processor.py:156} INFO - Started process (PID=654) to work on /home/airflow/.local/lib/python3.7/site-packages/airflow/example_dags/example_params_trigger_ui.py
[2023-09-13T08:04:05.665+0000] {processor.py:799} INFO - Processing file /home/airflow/.local/lib/python3.7/site-packages/airflow/example_dags/example_params_trigger_ui.py for tasks to queue
[2023-09-13T08:04:05.669+0000] {logging_mixin.py:149} INFO - [2023-09-13T08:04:05.668+0000] {dagbag.py:541} INFO - Filling up the DagBag from /home/airflow/.local/lib/python3.7/site-packages/airflow/example_dags/example_params_trigger_ui.py
[2023-09-13T08:04:05.736+0000] {processor.py:809} INFO - DAG(s) dict_keys(['example_params_trigger_ui']) retrieved from /home/airflow/.local/lib/python3.7/site-packages/airflow/example_dags/example_params_trigger_ui.py
[2023-09-13T08:04:06.047+0000] {logging_mixin.py:149} INFO - [2023-09-13T08:04:06.047+0000] {dag.py:2726} INFO - Sync 1 DAGs
[2023-09-13T08:04:06.146+0000] {logging_mixin.py:149} INFO - [2023-09-13T08:04:06.146+0000] {dag.py:3490} INFO - Setting next_dagrun for example_params_trigger_ui to None, run_after=None
[2023-09-13T08:04:06.217+0000] {processor.py:178} INFO - Processing /home/airflow/.local/lib/python3.7/site-packages/airflow/example_dags/example_params_trigger_ui.py took 0.565 seconds
[2023-09-13T08:04:36.461+0000] {processor.py:156} INFO - Started process (PID=713) to work on /home/airflow/.local/lib/python3.7/site-packages/airflow/example_dags/example_params_trigger_ui.py
[2023-09-13T08:04:36.470+0000] {processor.py:799} INFO - Processing file /home/airflow/.local/lib/python3.7/site-packages/airflow/example_dags/example_params_trigger_ui.py for tasks to queue
[2023-09-13T08:04:36.474+0000] {logging_mixin.py:149} INFO - [2023-09-13T08:04:36.473+0000] {dagbag.py:541} INFO - Filling up the DagBag from /home/airflow/.local/lib/python3.7/site-packages/airflow/example_dags/example_params_trigger_ui.py
[2023-09-13T08:04:36.603+0000] {processor.py:809} INFO - DAG(s) dict_keys(['example_params_trigger_ui']) retrieved from /home/airflow/.local/lib/python3.7/site-packages/airflow/example_dags/example_params_trigger_ui.py
[2023-09-13T08:04:36.983+0000] {logging_mixin.py:149} INFO - [2023-09-13T08:04:36.982+0000] {dag.py:2726} INFO - Sync 1 DAGs
[2023-09-13T08:04:37.116+0000] {logging_mixin.py:149} INFO - [2023-09-13T08:04:37.115+0000] {dag.py:3490} INFO - Setting next_dagrun for example_params_trigger_ui to None, run_after=None
[2023-09-13T08:04:37.209+0000] {processor.py:178} INFO - Processing /home/airflow/.local/lib/python3.7/site-packages/airflow/example_dags/example_params_trigger_ui.py took 0.758 seconds
[2023-09-13T08:05:07.401+0000] {processor.py:156} INFO - Started process (PID=773) to work on /home/airflow/.local/lib/python3.7/site-packages/airflow/example_dags/example_params_trigger_ui.py
[2023-09-13T08:05:07.407+0000] {processor.py:799} INFO - Processing file /home/airflow/.local/lib/python3.7/site-packages/airflow/example_dags/example_params_trigger_ui.py for tasks to queue
[2023-09-13T08:05:07.414+0000] {logging_mixin.py:149} INFO - [2023-09-13T08:05:07.414+0000] {dagbag.py:541} INFO - Filling up the DagBag from /home/airflow/.local/lib/python3.7/site-packages/airflow/example_dags/example_params_trigger_ui.py
[2023-09-13T08:05:07.558+0000] {processor.py:809} INFO - DAG(s) dict_keys(['example_params_trigger_ui']) retrieved from /home/airflow/.local/lib/python3.7/site-packages/airflow/example_dags/example_params_trigger_ui.py
[2023-09-13T08:05:07.936+0000] {logging_mixin.py:149} INFO - [2023-09-13T08:05:07.935+0000] {dag.py:2726} INFO - Sync 1 DAGs
[2023-09-13T08:05:08.023+0000] {logging_mixin.py:149} INFO - [2023-09-13T08:05:08.023+0000] {dag.py:3490} INFO - Setting next_dagrun for example_params_trigger_ui to None, run_after=None
[2023-09-13T08:05:08.091+0000] {processor.py:178} INFO - Processing /home/airflow/.local/lib/python3.7/site-packages/airflow/example_dags/example_params_trigger_ui.py took 0.698 seconds
[2023-09-13T08:05:39.276+0000] {processor.py:156} INFO - Started process (PID=834) to work on /home/airflow/.local/lib/python3.7/site-packages/airflow/example_dags/example_params_trigger_ui.py
[2023-09-13T08:05:39.288+0000] {processor.py:799} INFO - Processing file /home/airflow/.local/lib/python3.7/site-packages/airflow/example_dags/example_params_trigger_ui.py for tasks to queue
[2023-09-13T08:05:39.304+0000] {logging_mixin.py:149} INFO - [2023-09-13T08:05:39.303+0000] {dagbag.py:541} INFO - Filling up the DagBag from /home/airflow/.local/lib/python3.7/site-packages/airflow/example_dags/example_params_trigger_ui.py
[2023-09-13T08:05:39.418+0000] {processor.py:809} INFO - DAG(s) dict_keys(['example_params_trigger_ui']) retrieved from /home/airflow/.local/lib/python3.7/site-packages/airflow/example_dags/example_params_trigger_ui.py
[2023-09-13T08:05:40.186+0000] {logging_mixin.py:149} INFO - [2023-09-13T08:05:40.186+0000] {dag.py:2726} INFO - Sync 1 DAGs
[2023-09-13T08:05:40.538+0000] {logging_mixin.py:149} INFO - [2023-09-13T08:05:40.537+0000] {dag.py:3490} INFO - Setting next_dagrun for example_params_trigger_ui to None, run_after=None
[2023-09-13T08:05:40.795+0000] {processor.py:178} INFO - Processing /home/airflow/.local/lib/python3.7/site-packages/airflow/example_dags/example_params_trigger_ui.py took 1.538 seconds
[2023-09-13T08:06:11.829+0000] {processor.py:156} INFO - Started process (PID=894) to work on /home/airflow/.local/lib/python3.7/site-packages/airflow/example_dags/example_params_trigger_ui.py
[2023-09-13T08:06:11.835+0000] {processor.py:799} INFO - Processing file /home/airflow/.local/lib/python3.7/site-packages/airflow/example_dags/example_params_trigger_ui.py for tasks to queue
[2023-09-13T08:06:11.845+0000] {logging_mixin.py:149} INFO - [2023-09-13T08:06:11.845+0000] {dagbag.py:541} INFO - Filling up the DagBag from /home/airflow/.local/lib/python3.7/site-packages/airflow/example_dags/example_params_trigger_ui.py
[2023-09-13T08:06:12.010+0000] {processor.py:809} INFO - DAG(s) dict_keys(['example_params_trigger_ui']) retrieved from /home/airflow/.local/lib/python3.7/site-packages/airflow/example_dags/example_params_trigger_ui.py
[2023-09-13T08:06:12.548+0000] {logging_mixin.py:149} INFO - [2023-09-13T08:06:12.548+0000] {dag.py:2726} INFO - Sync 1 DAGs
[2023-09-13T08:06:12.650+0000] {logging_mixin.py:149} INFO - [2023-09-13T08:06:12.649+0000] {dag.py:3490} INFO - Setting next_dagrun for example_params_trigger_ui to None, run_after=None
[2023-09-13T08:06:12.750+0000] {processor.py:178} INFO - Processing /home/airflow/.local/lib/python3.7/site-packages/airflow/example_dags/example_params_trigger_ui.py took 0.941 seconds
[2023-09-13T08:06:42.878+0000] {processor.py:156} INFO - Started process (PID=954) to work on /home/airflow/.local/lib/python3.7/site-packages/airflow/example_dags/example_params_trigger_ui.py
[2023-09-13T08:06:42.881+0000] {processor.py:799} INFO - Processing file /home/airflow/.local/lib/python3.7/site-packages/airflow/example_dags/example_params_trigger_ui.py for tasks to queue
[2023-09-13T08:06:42.885+0000] {logging_mixin.py:149} INFO - [2023-09-13T08:06:42.885+0000] {dagbag.py:541} INFO - Filling up the DagBag from /home/airflow/.local/lib/python3.7/site-packages/airflow/example_dags/example_params_trigger_ui.py
[2023-09-13T08:06:43.017+0000] {processor.py:809} INFO - DAG(s) dict_keys(['example_params_trigger_ui']) retrieved from /home/airflow/.local/lib/python3.7/site-packages/airflow/example_dags/example_params_trigger_ui.py
[2023-09-13T08:06:43.496+0000] {logging_mixin.py:149} INFO - [2023-09-13T08:06:43.496+0000] {dag.py:2726} INFO - Sync 1 DAGs
[2023-09-13T08:06:43.621+0000] {logging_mixin.py:149} INFO - [2023-09-13T08:06:43.620+0000] {dag.py:3490} INFO - Setting next_dagrun for example_params_trigger_ui to None, run_after=None
[2023-09-13T08:06:43.740+0000] {processor.py:178} INFO - Processing /home/airflow/.local/lib/python3.7/site-packages/airflow/example_dags/example_params_trigger_ui.py took 0.874 seconds
[2023-09-13T08:07:13.876+0000] {processor.py:156} INFO - Started process (PID=1021) to work on /home/airflow/.local/lib/python3.7/site-packages/airflow/example_dags/example_params_trigger_ui.py
[2023-09-13T08:07:13.879+0000] {processor.py:799} INFO - Processing file /home/airflow/.local/lib/python3.7/site-packages/airflow/example_dags/example_params_trigger_ui.py for tasks to queue
[2023-09-13T08:07:13.882+0000] {logging_mixin.py:149} INFO - [2023-09-13T08:07:13.882+0000] {dagbag.py:541} INFO - Filling up the DagBag from /home/airflow/.local/lib/python3.7/site-packages/airflow/example_dags/example_params_trigger_ui.py
[2023-09-13T08:07:13.949+0000] {processor.py:809} INFO - DAG(s) dict_keys(['example_params_trigger_ui']) retrieved from /home/airflow/.local/lib/python3.7/site-packages/airflow/example_dags/example_params_trigger_ui.py
[2023-09-13T08:07:14.253+0000] {logging_mixin.py:149} INFO - [2023-09-13T08:07:14.253+0000] {dag.py:2726} INFO - Sync 1 DAGs
[2023-09-13T08:07:14.329+0000] {logging_mixin.py:149} INFO - [2023-09-13T08:07:14.329+0000] {dag.py:3490} INFO - Setting next_dagrun for example_params_trigger_ui to None, run_after=None
[2023-09-13T08:07:14.406+0000] {processor.py:178} INFO - Processing /home/airflow/.local/lib/python3.7/site-packages/airflow/example_dags/example_params_trigger_ui.py took 0.538 seconds
[2023-09-13T08:07:44.677+0000] {processor.py:156} INFO - Started process (PID=1081) to work on /home/airflow/.local/lib/python3.7/site-packages/airflow/example_dags/example_params_trigger_ui.py
[2023-09-13T08:07:44.680+0000] {processor.py:799} INFO - Processing file /home/airflow/.local/lib/python3.7/site-packages/airflow/example_dags/example_params_trigger_ui.py for tasks to queue
[2023-09-13T08:07:44.682+0000] {logging_mixin.py:149} INFO - [2023-09-13T08:07:44.682+0000] {dagbag.py:541} INFO - Filling up the DagBag from /home/airflow/.local/lib/python3.7/site-packages/airflow/example_dags/example_params_trigger_ui.py
[2023-09-13T08:07:44.753+0000] {processor.py:809} INFO - DAG(s) dict_keys(['example_params_trigger_ui']) retrieved from /home/airflow/.local/lib/python3.7/site-packages/airflow/example_dags/example_params_trigger_ui.py
[2023-09-13T08:07:45.065+0000] {logging_mixin.py:149} INFO - [2023-09-13T08:07:45.064+0000] {dag.py:2726} INFO - Sync 1 DAGs
[2023-09-13T08:07:45.135+0000] {logging_mixin.py:149} INFO - [2023-09-13T08:07:45.134+0000] {dag.py:3490} INFO - Setting next_dagrun for example_params_trigger_ui to None, run_after=None
[2023-09-13T08:07:45.191+0000] {processor.py:178} INFO - Processing /home/airflow/.local/lib/python3.7/site-packages/airflow/example_dags/example_params_trigger_ui.py took 0.524 seconds
[2023-09-13T08:08:15.287+0000] {processor.py:156} INFO - Started process (PID=1141) to work on /home/airflow/.local/lib/python3.7/site-packages/airflow/example_dags/example_params_trigger_ui.py
[2023-09-13T08:08:15.290+0000] {processor.py:799} INFO - Processing file /home/airflow/.local/lib/python3.7/site-packages/airflow/example_dags/example_params_trigger_ui.py for tasks to queue
[2023-09-13T08:08:15.293+0000] {logging_mixin.py:149} INFO - [2023-09-13T08:08:15.292+0000] {dagbag.py:541} INFO - Filling up the DagBag from /home/airflow/.local/lib/python3.7/site-packages/airflow/example_dags/example_params_trigger_ui.py
[2023-09-13T08:08:15.382+0000] {processor.py:809} INFO - DAG(s) dict_keys(['example_params_trigger_ui']) retrieved from /home/airflow/.local/lib/python3.7/site-packages/airflow/example_dags/example_params_trigger_ui.py
[2023-09-13T08:08:15.827+0000] {logging_mixin.py:149} INFO - [2023-09-13T08:08:15.826+0000] {dag.py:2726} INFO - Sync 1 DAGs
[2023-09-13T08:08:15.932+0000] {logging_mixin.py:149} INFO - [2023-09-13T08:08:15.931+0000] {dag.py:3490} INFO - Setting next_dagrun for example_params_trigger_ui to None, run_after=None
[2023-09-13T08:08:16.053+0000] {processor.py:178} INFO - Processing /home/airflow/.local/lib/python3.7/site-packages/airflow/example_dags/example_params_trigger_ui.py took 0.776 seconds
[2023-09-13T08:08:46.423+0000] {processor.py:156} INFO - Started process (PID=1201) to work on /home/airflow/.local/lib/python3.7/site-packages/airflow/example_dags/example_params_trigger_ui.py
[2023-09-13T08:08:46.426+0000] {processor.py:799} INFO - Processing file /home/airflow/.local/lib/python3.7/site-packages/airflow/example_dags/example_params_trigger_ui.py for tasks to queue
[2023-09-13T08:08:46.438+0000] {logging_mixin.py:149} INFO - [2023-09-13T08:08:46.437+0000] {dagbag.py:541} INFO - Filling up the DagBag from /home/airflow/.local/lib/python3.7/site-packages/airflow/example_dags/example_params_trigger_ui.py
[2023-09-13T08:08:46.644+0000] {processor.py:809} INFO - DAG(s) dict_keys(['example_params_trigger_ui']) retrieved from /home/airflow/.local/lib/python3.7/site-packages/airflow/example_dags/example_params_trigger_ui.py
[2023-09-13T08:08:47.275+0000] {logging_mixin.py:149} INFO - [2023-09-13T08:08:47.274+0000] {dag.py:2726} INFO - Sync 1 DAGs
[2023-09-13T08:08:47.368+0000] {logging_mixin.py:149} INFO - [2023-09-13T08:08:47.367+0000] {dag.py:3490} INFO - Setting next_dagrun for example_params_trigger_ui to None, run_after=None
[2023-09-13T08:08:47.441+0000] {processor.py:178} INFO - Processing /home/airflow/.local/lib/python3.7/site-packages/airflow/example_dags/example_params_trigger_ui.py took 1.030 seconds
[2023-09-13T08:09:17.738+0000] {processor.py:156} INFO - Started process (PID=1261) to work on /home/airflow/.local/lib/python3.7/site-packages/airflow/example_dags/example_params_trigger_ui.py
[2023-09-13T08:09:17.742+0000] {processor.py:799} INFO - Processing file /home/airflow/.local/lib/python3.7/site-packages/airflow/example_dags/example_params_trigger_ui.py for tasks to queue
[2023-09-13T08:09:17.745+0000] {logging_mixin.py:149} INFO - [2023-09-13T08:09:17.745+0000] {dagbag.py:541} INFO - Filling up the DagBag from /home/airflow/.local/lib/python3.7/site-packages/airflow/example_dags/example_params_trigger_ui.py
[2023-09-13T08:09:17.834+0000] {processor.py:809} INFO - DAG(s) dict_keys(['example_params_trigger_ui']) retrieved from /home/airflow/.local/lib/python3.7/site-packages/airflow/example_dags/example_params_trigger_ui.py
[2023-09-13T08:09:18.260+0000] {logging_mixin.py:149} INFO - [2023-09-13T08:09:18.260+0000] {dag.py:2726} INFO - Sync 1 DAGs
[2023-09-13T08:09:18.322+0000] {logging_mixin.py:149} INFO - [2023-09-13T08:09:18.322+0000] {dag.py:3490} INFO - Setting next_dagrun for example_params_trigger_ui to None, run_after=None
[2023-09-13T08:09:18.366+0000] {processor.py:178} INFO - Processing /home/airflow/.local/lib/python3.7/site-packages/airflow/example_dags/example_params_trigger_ui.py took 0.642 seconds
[2023-09-13T08:09:48.488+0000] {processor.py:156} INFO - Started process (PID=1323) to work on /home/airflow/.local/lib/python3.7/site-packages/airflow/example_dags/example_params_trigger_ui.py
[2023-09-13T08:09:48.496+0000] {processor.py:799} INFO - Processing file /home/airflow/.local/lib/python3.7/site-packages/airflow/example_dags/example_params_trigger_ui.py for tasks to queue
[2023-09-13T08:09:48.499+0000] {logging_mixin.py:149} INFO - [2023-09-13T08:09:48.499+0000] {dagbag.py:541} INFO - Filling up the DagBag from /home/airflow/.local/lib/python3.7/site-packages/airflow/example_dags/example_params_trigger_ui.py
[2023-09-13T08:09:48.560+0000] {processor.py:809} INFO - DAG(s) dict_keys(['example_params_trigger_ui']) retrieved from /home/airflow/.local/lib/python3.7/site-packages/airflow/example_dags/example_params_trigger_ui.py
[2023-09-13T08:09:48.796+0000] {logging_mixin.py:149} INFO - [2023-09-13T08:09:48.796+0000] {dag.py:2726} INFO - Sync 1 DAGs
[2023-09-13T08:09:48.862+0000] {logging_mixin.py:149} INFO - [2023-09-13T08:09:48.861+0000] {dag.py:3490} INFO - Setting next_dagrun for example_params_trigger_ui to None, run_after=None
[2023-09-13T08:09:48.929+0000] {processor.py:178} INFO - Processing /home/airflow/.local/lib/python3.7/site-packages/airflow/example_dags/example_params_trigger_ui.py took 0.451 seconds
[2023-09-13T08:10:19.054+0000] {processor.py:156} INFO - Started process (PID=1383) to work on /home/airflow/.local/lib/python3.7/site-packages/airflow/example_dags/example_params_trigger_ui.py
[2023-09-13T08:10:19.057+0000] {processor.py:799} INFO - Processing file /home/airflow/.local/lib/python3.7/site-packages/airflow/example_dags/example_params_trigger_ui.py for tasks to queue
[2023-09-13T08:10:19.059+0000] {logging_mixin.py:149} INFO - [2023-09-13T08:10:19.059+0000] {dagbag.py:541} INFO - Filling up the DagBag from /home/airflow/.local/lib/python3.7/site-packages/airflow/example_dags/example_params_trigger_ui.py
[2023-09-13T08:10:19.115+0000] {processor.py:809} INFO - DAG(s) dict_keys(['example_params_trigger_ui']) retrieved from /home/airflow/.local/lib/python3.7/site-packages/airflow/example_dags/example_params_trigger_ui.py
[2023-09-13T08:10:19.370+0000] {logging_mixin.py:149} INFO - [2023-09-13T08:10:19.370+0000] {dag.py:2726} INFO - Sync 1 DAGs
[2023-09-13T08:10:19.436+0000] {logging_mixin.py:149} INFO - [2023-09-13T08:10:19.435+0000] {dag.py:3490} INFO - Setting next_dagrun for example_params_trigger_ui to None, run_after=None
[2023-09-13T08:10:19.487+0000] {processor.py:178} INFO - Processing /home/airflow/.local/lib/python3.7/site-packages/airflow/example_dags/example_params_trigger_ui.py took 0.439 seconds
[2023-09-13T08:10:49.779+0000] {processor.py:156} INFO - Started process (PID=1442) to work on /home/airflow/.local/lib/python3.7/site-packages/airflow/example_dags/example_params_trigger_ui.py
[2023-09-13T08:10:49.782+0000] {processor.py:799} INFO - Processing file /home/airflow/.local/lib/python3.7/site-packages/airflow/example_dags/example_params_trigger_ui.py for tasks to queue
[2023-09-13T08:10:49.785+0000] {logging_mixin.py:149} INFO - [2023-09-13T08:10:49.784+0000] {dagbag.py:541} INFO - Filling up the DagBag from /home/airflow/.local/lib/python3.7/site-packages/airflow/example_dags/example_params_trigger_ui.py
[2023-09-13T08:10:49.860+0000] {processor.py:809} INFO - DAG(s) dict_keys(['example_params_trigger_ui']) retrieved from /home/airflow/.local/lib/python3.7/site-packages/airflow/example_dags/example_params_trigger_ui.py
[2023-09-13T08:10:50.213+0000] {logging_mixin.py:149} INFO - [2023-09-13T08:10:50.212+0000] {dag.py:2726} INFO - Sync 1 DAGs
[2023-09-13T08:10:50.294+0000] {logging_mixin.py:149} INFO - [2023-09-13T08:10:50.294+0000] {dag.py:3490} INFO - Setting next_dagrun for example_params_trigger_ui to None, run_after=None
[2023-09-13T08:10:50.361+0000] {processor.py:178} INFO - Processing /home/airflow/.local/lib/python3.7/site-packages/airflow/example_dags/example_params_trigger_ui.py took 0.591 seconds
[2023-09-13T08:11:20.513+0000] {processor.py:156} INFO - Started process (PID=1502) to work on /home/airflow/.local/lib/python3.7/site-packages/airflow/example_dags/example_params_trigger_ui.py
[2023-09-13T08:11:20.516+0000] {processor.py:799} INFO - Processing file /home/airflow/.local/lib/python3.7/site-packages/airflow/example_dags/example_params_trigger_ui.py for tasks to queue
[2023-09-13T08:11:20.518+0000] {logging_mixin.py:149} INFO - [2023-09-13T08:11:20.518+0000] {dagbag.py:541} INFO - Filling up the DagBag from /home/airflow/.local/lib/python3.7/site-packages/airflow/example_dags/example_params_trigger_ui.py
[2023-09-13T08:11:20.578+0000] {processor.py:809} INFO - DAG(s) dict_keys(['example_params_trigger_ui']) retrieved from /home/airflow/.local/lib/python3.7/site-packages/airflow/example_dags/example_params_trigger_ui.py
[2023-09-13T08:11:20.826+0000] {logging_mixin.py:149} INFO - [2023-09-13T08:11:20.826+0000] {dag.py:2726} INFO - Sync 1 DAGs
[2023-09-13T08:11:20.886+0000] {logging_mixin.py:149} INFO - [2023-09-13T08:11:20.886+0000] {dag.py:3490} INFO - Setting next_dagrun for example_params_trigger_ui to None, run_after=None
[2023-09-13T08:11:20.944+0000] {processor.py:178} INFO - Processing /home/airflow/.local/lib/python3.7/site-packages/airflow/example_dags/example_params_trigger_ui.py took 0.440 seconds
[2023-09-13T08:11:51.419+0000] {processor.py:156} INFO - Started process (PID=1562) to work on /home/airflow/.local/lib/python3.7/site-packages/airflow/example_dags/example_params_trigger_ui.py
[2023-09-13T08:11:51.421+0000] {processor.py:799} INFO - Processing file /home/airflow/.local/lib/python3.7/site-packages/airflow/example_dags/example_params_trigger_ui.py for tasks to queue
[2023-09-13T08:11:51.423+0000] {logging_mixin.py:149} INFO - [2023-09-13T08:11:51.423+0000] {dagbag.py:541} INFO - Filling up the DagBag from /home/airflow/.local/lib/python3.7/site-packages/airflow/example_dags/example_params_trigger_ui.py
[2023-09-13T08:11:51.465+0000] {processor.py:809} INFO - DAG(s) dict_keys(['example_params_trigger_ui']) retrieved from /home/airflow/.local/lib/python3.7/site-packages/airflow/example_dags/example_params_trigger_ui.py
[2023-09-13T08:11:51.645+0000] {logging_mixin.py:149} INFO - [2023-09-13T08:11:51.645+0000] {dag.py:2726} INFO - Sync 1 DAGs
[2023-09-13T08:11:51.697+0000] {logging_mixin.py:149} INFO - [2023-09-13T08:11:51.697+0000] {dag.py:3490} INFO - Setting next_dagrun for example_params_trigger_ui to None, run_after=None
[2023-09-13T08:11:51.742+0000] {processor.py:178} INFO - Processing /home/airflow/.local/lib/python3.7/site-packages/airflow/example_dags/example_params_trigger_ui.py took 0.328 seconds
[2023-09-13T08:12:22.162+0000] {processor.py:156} INFO - Started process (PID=1622) to work on /home/airflow/.local/lib/python3.7/site-packages/airflow/example_dags/example_params_trigger_ui.py
[2023-09-13T08:12:22.165+0000] {processor.py:799} INFO - Processing file /home/airflow/.local/lib/python3.7/site-packages/airflow/example_dags/example_params_trigger_ui.py for tasks to queue
[2023-09-13T08:12:22.167+0000] {logging_mixin.py:149} INFO - [2023-09-13T08:12:22.167+0000] {dagbag.py:541} INFO - Filling up the DagBag from /home/airflow/.local/lib/python3.7/site-packages/airflow/example_dags/example_params_trigger_ui.py
[2023-09-13T08:12:22.220+0000] {processor.py:809} INFO - DAG(s) dict_keys(['example_params_trigger_ui']) retrieved from /home/airflow/.local/lib/python3.7/site-packages/airflow/example_dags/example_params_trigger_ui.py
[2023-09-13T08:12:22.401+0000] {logging_mixin.py:149} INFO - [2023-09-13T08:12:22.401+0000] {dag.py:2726} INFO - Sync 1 DAGs
[2023-09-13T08:12:22.444+0000] {logging_mixin.py:149} INFO - [2023-09-13T08:12:22.444+0000] {dag.py:3490} INFO - Setting next_dagrun for example_params_trigger_ui to None, run_after=None
[2023-09-13T08:12:22.492+0000] {processor.py:178} INFO - Processing /home/airflow/.local/lib/python3.7/site-packages/airflow/example_dags/example_params_trigger_ui.py took 0.338 seconds
[2023-09-13T08:12:52.812+0000] {processor.py:156} INFO - Started process (PID=1683) to work on /home/airflow/.local/lib/python3.7/site-packages/airflow/example_dags/example_params_trigger_ui.py
[2023-09-13T08:12:52.815+0000] {processor.py:799} INFO - Processing file /home/airflow/.local/lib/python3.7/site-packages/airflow/example_dags/example_params_trigger_ui.py for tasks to queue
[2023-09-13T08:12:52.817+0000] {logging_mixin.py:149} INFO - [2023-09-13T08:12:52.817+0000] {dagbag.py:541} INFO - Filling up the DagBag from /home/airflow/.local/lib/python3.7/site-packages/airflow/example_dags/example_params_trigger_ui.py
[2023-09-13T08:12:52.880+0000] {processor.py:809} INFO - DAG(s) dict_keys(['example_params_trigger_ui']) retrieved from /home/airflow/.local/lib/python3.7/site-packages/airflow/example_dags/example_params_trigger_ui.py
[2023-09-13T08:12:53.162+0000] {logging_mixin.py:149} INFO - [2023-09-13T08:12:53.162+0000] {dag.py:2726} INFO - Sync 1 DAGs
[2023-09-13T08:12:53.296+0000] {logging_mixin.py:149} INFO - [2023-09-13T08:12:53.295+0000] {dag.py:3490} INFO - Setting next_dagrun for example_params_trigger_ui to None, run_after=None
[2023-09-13T08:12:53.386+0000] {processor.py:178} INFO - Processing /home/airflow/.local/lib/python3.7/site-packages/airflow/example_dags/example_params_trigger_ui.py took 0.582 seconds
[2023-09-13T09:26:09.634+0000] {processor.py:156} INFO - Started process (PID=45) to work on /home/airflow/.local/lib/python3.7/site-packages/airflow/example_dags/example_params_trigger_ui.py
[2023-09-13T09:26:09.636+0000] {processor.py:799} INFO - Processing file /home/airflow/.local/lib/python3.7/site-packages/airflow/example_dags/example_params_trigger_ui.py for tasks to queue
[2023-09-13T09:26:09.637+0000] {logging_mixin.py:149} INFO - [2023-09-13T09:26:09.637+0000] {dagbag.py:541} INFO - Filling up the DagBag from /home/airflow/.local/lib/python3.7/site-packages/airflow/example_dags/example_params_trigger_ui.py
[2023-09-13T09:26:09.672+0000] {processor.py:809} INFO - DAG(s) dict_keys(['example_params_trigger_ui']) retrieved from /home/airflow/.local/lib/python3.7/site-packages/airflow/example_dags/example_params_trigger_ui.py
[2023-09-13T09:26:09.814+0000] {logging_mixin.py:149} INFO - [2023-09-13T09:26:09.814+0000] {dag.py:2726} INFO - Sync 1 DAGs
[2023-09-13T09:26:09.849+0000] {logging_mixin.py:149} INFO - [2023-09-13T09:26:09.849+0000] {dag.py:3490} INFO - Setting next_dagrun for example_params_trigger_ui to None, run_after=None
[2023-09-13T09:26:09.882+0000] {processor.py:178} INFO - Processing /home/airflow/.local/lib/python3.7/site-packages/airflow/example_dags/example_params_trigger_ui.py took 0.251 seconds
