[2023-09-13T07:58:57.602+0000] {processor.py:156} INFO - Started process (PID=76) to work on /home/airflow/.local/lib/python3.7/site-packages/airflow/example_dags/example_subdag_operator.py
[2023-09-13T07:58:57.606+0000] {processor.py:799} INFO - Processing file /home/airflow/.local/lib/python3.7/site-packages/airflow/example_dags/example_subdag_operator.py for tasks to queue
[2023-09-13T07:58:57.609+0000] {logging_mixin.py:149} INFO - [2023-09-13T07:58:57.608+0000] {dagbag.py:541} INFO - Filling up the DagBag from /home/airflow/.local/lib/python3.7/site-packages/airflow/example_dags/example_subdag_operator.py
[2023-09-13T07:58:57.674+0000] {processor.py:809} INFO - DAG(s) dict_keys(['example_subdag_operator.section-1', 'example_subdag_operator.section-2', 'example_subdag_operator']) retrieved from /home/airflow/.local/lib/python3.7/site-packages/airflow/example_dags/example_subdag_operator.py
[2023-09-13T07:58:57.737+0000] {logging_mixin.py:149} INFO - [2023-09-13T07:58:57.736+0000] {dag.py:2726} INFO - Sync 3 DAGs
[2023-09-13T07:58:57.821+0000] {logging_mixin.py:149} INFO - [2023-09-13T07:58:57.821+0000] {dag.py:3490} INFO - Setting next_dagrun for example_subdag_operator to 2022-01-01T00:00:00+00:00, run_after=2022-01-01T00:00:00+00:00
[2023-09-13T07:58:57.843+0000] {logging_mixin.py:149} INFO - [2023-09-13T07:58:57.843+0000] {dag.py:3490} INFO - Setting next_dagrun for example_subdag_operator.section-1 to None, run_after=None
[2023-09-13T07:58:57.850+0000] {logging_mixin.py:149} INFO - [2023-09-13T07:58:57.849+0000] {dag.py:3490} INFO - Setting next_dagrun for example_subdag_operator.section-2 to None, run_after=None
[2023-09-13T07:58:57.902+0000] {logging_mixin.py:149} INFO - [2023-09-13T07:58:57.901+0000] {dag.py:2726} INFO - Sync 2 DAGs
[2023-09-13T07:58:57.927+0000] {logging_mixin.py:149} INFO - [2023-09-13T07:58:57.926+0000] {dag.py:3490} INFO - Setting next_dagrun for example_subdag_operator.section-1 to None, run_after=None
[2023-09-13T07:58:57.930+0000] {logging_mixin.py:149} INFO - [2023-09-13T07:58:57.929+0000] {dag.py:3490} INFO - Setting next_dagrun for example_subdag_operator.section-2 to None, run_after=None
[2023-09-13T07:58:57.979+0000] {processor.py:178} INFO - Processing /home/airflow/.local/lib/python3.7/site-packages/airflow/example_dags/example_subdag_operator.py took 0.383 seconds
[2023-09-13T07:59:28.220+0000] {processor.py:156} INFO - Started process (PID=136) to work on /home/airflow/.local/lib/python3.7/site-packages/airflow/example_dags/example_subdag_operator.py
[2023-09-13T07:59:28.222+0000] {processor.py:799} INFO - Processing file /home/airflow/.local/lib/python3.7/site-packages/airflow/example_dags/example_subdag_operator.py for tasks to queue
[2023-09-13T07:59:28.225+0000] {logging_mixin.py:149} INFO - [2023-09-13T07:59:28.225+0000] {dagbag.py:541} INFO - Filling up the DagBag from /home/airflow/.local/lib/python3.7/site-packages/airflow/example_dags/example_subdag_operator.py
[2023-09-13T07:59:28.285+0000] {processor.py:809} INFO - DAG(s) dict_keys(['example_subdag_operator.section-1', 'example_subdag_operator.section-2', 'example_subdag_operator']) retrieved from /home/airflow/.local/lib/python3.7/site-packages/airflow/example_dags/example_subdag_operator.py
[2023-09-13T07:59:28.336+0000] {logging_mixin.py:149} INFO - [2023-09-13T07:59:28.336+0000] {dag.py:2726} INFO - Sync 3 DAGs
[2023-09-13T07:59:28.388+0000] {logging_mixin.py:149} INFO - [2023-09-13T07:59:28.388+0000] {dag.py:3490} INFO - Setting next_dagrun for example_subdag_operator to 2022-01-01T00:00:00+00:00, run_after=2022-01-01T00:00:00+00:00
[2023-09-13T07:59:28.396+0000] {logging_mixin.py:149} INFO - [2023-09-13T07:59:28.396+0000] {dag.py:3490} INFO - Setting next_dagrun for example_subdag_operator.section-1 to None, run_after=None
[2023-09-13T07:59:28.400+0000] {logging_mixin.py:149} INFO - [2023-09-13T07:59:28.400+0000] {dag.py:3490} INFO - Setting next_dagrun for example_subdag_operator.section-2 to None, run_after=None
[2023-09-13T07:59:28.417+0000] {logging_mixin.py:149} INFO - [2023-09-13T07:59:28.417+0000] {dag.py:2726} INFO - Sync 2 DAGs
[2023-09-13T07:59:28.433+0000] {logging_mixin.py:149} INFO - [2023-09-13T07:59:28.432+0000] {dag.py:3490} INFO - Setting next_dagrun for example_subdag_operator.section-1 to None, run_after=None
[2023-09-13T07:59:28.435+0000] {logging_mixin.py:149} INFO - [2023-09-13T07:59:28.434+0000] {dag.py:3490} INFO - Setting next_dagrun for example_subdag_operator.section-2 to None, run_after=None
[2023-09-13T07:59:28.464+0000] {processor.py:178} INFO - Processing /home/airflow/.local/lib/python3.7/site-packages/airflow/example_dags/example_subdag_operator.py took 0.250 seconds
[2023-09-13T08:00:01.540+0000] {processor.py:156} INFO - Started process (PID=196) to work on /home/airflow/.local/lib/python3.7/site-packages/airflow/example_dags/example_subdag_operator.py
[2023-09-13T08:00:01.543+0000] {processor.py:799} INFO - Processing file /home/airflow/.local/lib/python3.7/site-packages/airflow/example_dags/example_subdag_operator.py for tasks to queue
[2023-09-13T08:00:01.546+0000] {logging_mixin.py:149} INFO - [2023-09-13T08:00:01.545+0000] {dagbag.py:541} INFO - Filling up the DagBag from /home/airflow/.local/lib/python3.7/site-packages/airflow/example_dags/example_subdag_operator.py
[2023-09-13T08:00:01.601+0000] {processor.py:809} INFO - DAG(s) dict_keys(['example_subdag_operator.section-1', 'example_subdag_operator.section-2', 'example_subdag_operator']) retrieved from /home/airflow/.local/lib/python3.7/site-packages/airflow/example_dags/example_subdag_operator.py
[2023-09-13T08:00:01.660+0000] {logging_mixin.py:149} INFO - [2023-09-13T08:00:01.660+0000] {dag.py:2726} INFO - Sync 3 DAGs
[2023-09-13T08:00:01.885+0000] {logging_mixin.py:149} INFO - [2023-09-13T08:00:01.885+0000] {dag.py:3490} INFO - Setting next_dagrun for example_subdag_operator to 2022-01-01T00:00:00+00:00, run_after=2022-01-01T00:00:00+00:00
[2023-09-13T08:00:01.895+0000] {logging_mixin.py:149} INFO - [2023-09-13T08:00:01.894+0000] {dag.py:3490} INFO - Setting next_dagrun for example_subdag_operator.section-1 to None, run_after=None
[2023-09-13T08:00:01.900+0000] {logging_mixin.py:149} INFO - [2023-09-13T08:00:01.899+0000] {dag.py:3490} INFO - Setting next_dagrun for example_subdag_operator.section-2 to None, run_after=None
[2023-09-13T08:00:01.924+0000] {logging_mixin.py:149} INFO - [2023-09-13T08:00:01.923+0000] {dag.py:2726} INFO - Sync 2 DAGs
[2023-09-13T08:00:01.939+0000] {logging_mixin.py:149} INFO - [2023-09-13T08:00:01.939+0000] {dag.py:3490} INFO - Setting next_dagrun for example_subdag_operator.section-1 to None, run_after=None
[2023-09-13T08:00:01.942+0000] {logging_mixin.py:149} INFO - [2023-09-13T08:00:01.941+0000] {dag.py:3490} INFO - Setting next_dagrun for example_subdag_operator.section-2 to None, run_after=None
[2023-09-13T08:00:01.973+0000] {processor.py:178} INFO - Processing /home/airflow/.local/lib/python3.7/site-packages/airflow/example_dags/example_subdag_operator.py took 0.439 seconds
[2023-09-13T08:00:32.812+0000] {processor.py:156} INFO - Started process (PID=256) to work on /home/airflow/.local/lib/python3.7/site-packages/airflow/example_dags/example_subdag_operator.py
[2023-09-13T08:00:32.815+0000] {processor.py:799} INFO - Processing file /home/airflow/.local/lib/python3.7/site-packages/airflow/example_dags/example_subdag_operator.py for tasks to queue
[2023-09-13T08:00:32.818+0000] {logging_mixin.py:149} INFO - [2023-09-13T08:00:32.818+0000] {dagbag.py:541} INFO - Filling up the DagBag from /home/airflow/.local/lib/python3.7/site-packages/airflow/example_dags/example_subdag_operator.py
[2023-09-13T08:00:32.898+0000] {processor.py:809} INFO - DAG(s) dict_keys(['example_subdag_operator.section-1', 'example_subdag_operator.section-2', 'example_subdag_operator']) retrieved from /home/airflow/.local/lib/python3.7/site-packages/airflow/example_dags/example_subdag_operator.py
[2023-09-13T08:00:32.949+0000] {logging_mixin.py:149} INFO - [2023-09-13T08:00:32.949+0000] {dag.py:2726} INFO - Sync 3 DAGs
[2023-09-13T08:00:33.029+0000] {logging_mixin.py:149} INFO - [2023-09-13T08:00:33.028+0000] {dag.py:3490} INFO - Setting next_dagrun for example_subdag_operator to 2022-01-01T00:00:00+00:00, run_after=2022-01-01T00:00:00+00:00
[2023-09-13T08:00:33.041+0000] {logging_mixin.py:149} INFO - [2023-09-13T08:00:33.040+0000] {dag.py:3490} INFO - Setting next_dagrun for example_subdag_operator.section-1 to None, run_after=None
[2023-09-13T08:00:33.046+0000] {logging_mixin.py:149} INFO - [2023-09-13T08:00:33.046+0000] {dag.py:3490} INFO - Setting next_dagrun for example_subdag_operator.section-2 to None, run_after=None
[2023-09-13T08:00:33.076+0000] {logging_mixin.py:149} INFO - [2023-09-13T08:00:33.075+0000] {dag.py:2726} INFO - Sync 2 DAGs
[2023-09-13T08:00:33.102+0000] {logging_mixin.py:149} INFO - [2023-09-13T08:00:33.101+0000] {dag.py:3490} INFO - Setting next_dagrun for example_subdag_operator.section-1 to None, run_after=None
[2023-09-13T08:00:33.104+0000] {logging_mixin.py:149} INFO - [2023-09-13T08:00:33.104+0000] {dag.py:3490} INFO - Setting next_dagrun for example_subdag_operator.section-2 to None, run_after=None
[2023-09-13T08:00:33.144+0000] {processor.py:178} INFO - Processing /home/airflow/.local/lib/python3.7/site-packages/airflow/example_dags/example_subdag_operator.py took 0.340 seconds
[2023-09-13T08:01:06.788+0000] {processor.py:156} INFO - Started process (PID=316) to work on /home/airflow/.local/lib/python3.7/site-packages/airflow/example_dags/example_subdag_operator.py
[2023-09-13T08:01:06.794+0000] {processor.py:799} INFO - Processing file /home/airflow/.local/lib/python3.7/site-packages/airflow/example_dags/example_subdag_operator.py for tasks to queue
[2023-09-13T08:01:06.805+0000] {logging_mixin.py:149} INFO - [2023-09-13T08:01:06.805+0000] {dagbag.py:541} INFO - Filling up the DagBag from /home/airflow/.local/lib/python3.7/site-packages/airflow/example_dags/example_subdag_operator.py
[2023-09-13T08:01:06.914+0000] {processor.py:809} INFO - DAG(s) dict_keys(['example_subdag_operator.section-1', 'example_subdag_operator.section-2', 'example_subdag_operator']) retrieved from /home/airflow/.local/lib/python3.7/site-packages/airflow/example_dags/example_subdag_operator.py
[2023-09-13T08:01:07.042+0000] {logging_mixin.py:149} INFO - [2023-09-13T08:01:07.041+0000] {dag.py:2726} INFO - Sync 3 DAGs
[2023-09-13T08:01:07.251+0000] {logging_mixin.py:149} INFO - [2023-09-13T08:01:07.250+0000] {dag.py:3490} INFO - Setting next_dagrun for example_subdag_operator to 2022-01-01T00:00:00+00:00, run_after=2022-01-01T00:00:00+00:00
[2023-09-13T08:01:07.286+0000] {logging_mixin.py:149} INFO - [2023-09-13T08:01:07.278+0000] {dag.py:3490} INFO - Setting next_dagrun for example_subdag_operator.section-1 to None, run_after=None
[2023-09-13T08:01:07.293+0000] {logging_mixin.py:149} INFO - [2023-09-13T08:01:07.293+0000] {dag.py:3490} INFO - Setting next_dagrun for example_subdag_operator.section-2 to None, run_after=None
[2023-09-13T08:01:07.355+0000] {logging_mixin.py:149} INFO - [2023-09-13T08:01:07.354+0000] {dag.py:2726} INFO - Sync 2 DAGs
[2023-09-13T08:01:07.382+0000] {logging_mixin.py:149} INFO - [2023-09-13T08:01:07.382+0000] {dag.py:3490} INFO - Setting next_dagrun for example_subdag_operator.section-1 to None, run_after=None
[2023-09-13T08:01:07.389+0000] {logging_mixin.py:149} INFO - [2023-09-13T08:01:07.389+0000] {dag.py:3490} INFO - Setting next_dagrun for example_subdag_operator.section-2 to None, run_after=None
[2023-09-13T08:01:07.456+0000] {processor.py:178} INFO - Processing /home/airflow/.local/lib/python3.7/site-packages/airflow/example_dags/example_subdag_operator.py took 0.685 seconds
[2023-09-13T08:01:39.158+0000] {processor.py:156} INFO - Started process (PID=376) to work on /home/airflow/.local/lib/python3.7/site-packages/airflow/example_dags/example_subdag_operator.py
[2023-09-13T08:01:39.164+0000] {processor.py:799} INFO - Processing file /home/airflow/.local/lib/python3.7/site-packages/airflow/example_dags/example_subdag_operator.py for tasks to queue
[2023-09-13T08:01:39.167+0000] {logging_mixin.py:149} INFO - [2023-09-13T08:01:39.167+0000] {dagbag.py:541} INFO - Filling up the DagBag from /home/airflow/.local/lib/python3.7/site-packages/airflow/example_dags/example_subdag_operator.py
[2023-09-13T08:01:39.345+0000] {processor.py:809} INFO - DAG(s) dict_keys(['example_subdag_operator.section-1', 'example_subdag_operator.section-2', 'example_subdag_operator']) retrieved from /home/airflow/.local/lib/python3.7/site-packages/airflow/example_dags/example_subdag_operator.py
[2023-09-13T08:01:39.512+0000] {logging_mixin.py:149} INFO - [2023-09-13T08:01:39.511+0000] {dag.py:2726} INFO - Sync 3 DAGs
[2023-09-13T08:01:39.758+0000] {logging_mixin.py:149} INFO - [2023-09-13T08:01:39.757+0000] {dag.py:3490} INFO - Setting next_dagrun for example_subdag_operator to 2022-01-01T00:00:00+00:00, run_after=2022-01-01T00:00:00+00:00
[2023-09-13T08:01:39.806+0000] {logging_mixin.py:149} INFO - [2023-09-13T08:01:39.805+0000] {dag.py:3490} INFO - Setting next_dagrun for example_subdag_operator.section-1 to None, run_after=None
[2023-09-13T08:01:39.820+0000] {logging_mixin.py:149} INFO - [2023-09-13T08:01:39.819+0000] {dag.py:3490} INFO - Setting next_dagrun for example_subdag_operator.section-2 to None, run_after=None
[2023-09-13T08:01:39.915+0000] {logging_mixin.py:149} INFO - [2023-09-13T08:01:39.915+0000] {dag.py:2726} INFO - Sync 2 DAGs
[2023-09-13T08:01:39.984+0000] {logging_mixin.py:149} INFO - [2023-09-13T08:01:39.983+0000] {dag.py:3490} INFO - Setting next_dagrun for example_subdag_operator.section-1 to None, run_after=None
[2023-09-13T08:01:39.993+0000] {logging_mixin.py:149} INFO - [2023-09-13T08:01:39.993+0000] {dag.py:3490} INFO - Setting next_dagrun for example_subdag_operator.section-2 to None, run_after=None
[2023-09-13T08:01:40.109+0000] {processor.py:178} INFO - Processing /home/airflow/.local/lib/python3.7/site-packages/airflow/example_dags/example_subdag_operator.py took 0.969 seconds
[2023-09-13T08:02:10.479+0000] {processor.py:156} INFO - Started process (PID=436) to work on /home/airflow/.local/lib/python3.7/site-packages/airflow/example_dags/example_subdag_operator.py
[2023-09-13T08:02:10.481+0000] {processor.py:799} INFO - Processing file /home/airflow/.local/lib/python3.7/site-packages/airflow/example_dags/example_subdag_operator.py for tasks to queue
[2023-09-13T08:02:10.483+0000] {logging_mixin.py:149} INFO - [2023-09-13T08:02:10.483+0000] {dagbag.py:541} INFO - Filling up the DagBag from /home/airflow/.local/lib/python3.7/site-packages/airflow/example_dags/example_subdag_operator.py
[2023-09-13T08:02:10.529+0000] {processor.py:809} INFO - DAG(s) dict_keys(['example_subdag_operator.section-1', 'example_subdag_operator.section-2', 'example_subdag_operator']) retrieved from /home/airflow/.local/lib/python3.7/site-packages/airflow/example_dags/example_subdag_operator.py
[2023-09-13T08:02:10.565+0000] {logging_mixin.py:149} INFO - [2023-09-13T08:02:10.564+0000] {dag.py:2726} INFO - Sync 3 DAGs
[2023-09-13T08:02:10.625+0000] {logging_mixin.py:149} INFO - [2023-09-13T08:02:10.625+0000] {dag.py:3490} INFO - Setting next_dagrun for example_subdag_operator to 2022-01-01T00:00:00+00:00, run_after=2022-01-01T00:00:00+00:00
[2023-09-13T08:02:10.634+0000] {logging_mixin.py:149} INFO - [2023-09-13T08:02:10.634+0000] {dag.py:3490} INFO - Setting next_dagrun for example_subdag_operator.section-1 to None, run_after=None
[2023-09-13T08:02:10.638+0000] {logging_mixin.py:149} INFO - [2023-09-13T08:02:10.638+0000] {dag.py:3490} INFO - Setting next_dagrun for example_subdag_operator.section-2 to None, run_after=None
[2023-09-13T08:02:10.659+0000] {logging_mixin.py:149} INFO - [2023-09-13T08:02:10.658+0000] {dag.py:2726} INFO - Sync 2 DAGs
[2023-09-13T08:02:10.673+0000] {logging_mixin.py:149} INFO - [2023-09-13T08:02:10.672+0000] {dag.py:3490} INFO - Setting next_dagrun for example_subdag_operator.section-1 to None, run_after=None
[2023-09-13T08:02:10.675+0000] {logging_mixin.py:149} INFO - [2023-09-13T08:02:10.675+0000] {dag.py:3490} INFO - Setting next_dagrun for example_subdag_operator.section-2 to None, run_after=None
[2023-09-13T08:02:10.702+0000] {processor.py:178} INFO - Processing /home/airflow/.local/lib/python3.7/site-packages/airflow/example_dags/example_subdag_operator.py took 0.228 seconds
[2023-09-13T08:02:41.468+0000] {processor.py:156} INFO - Started process (PID=503) to work on /home/airflow/.local/lib/python3.7/site-packages/airflow/example_dags/example_subdag_operator.py
[2023-09-13T08:02:41.478+0000] {processor.py:799} INFO - Processing file /home/airflow/.local/lib/python3.7/site-packages/airflow/example_dags/example_subdag_operator.py for tasks to queue
[2023-09-13T08:02:41.480+0000] {logging_mixin.py:149} INFO - [2023-09-13T08:02:41.480+0000] {dagbag.py:541} INFO - Filling up the DagBag from /home/airflow/.local/lib/python3.7/site-packages/airflow/example_dags/example_subdag_operator.py
[2023-09-13T08:02:41.552+0000] {processor.py:809} INFO - DAG(s) dict_keys(['example_subdag_operator.section-1', 'example_subdag_operator.section-2', 'example_subdag_operator']) retrieved from /home/airflow/.local/lib/python3.7/site-packages/airflow/example_dags/example_subdag_operator.py
[2023-09-13T08:02:41.637+0000] {logging_mixin.py:149} INFO - [2023-09-13T08:02:41.637+0000] {dag.py:2726} INFO - Sync 3 DAGs
[2023-09-13T08:02:41.717+0000] {logging_mixin.py:149} INFO - [2023-09-13T08:02:41.716+0000] {dag.py:3490} INFO - Setting next_dagrun for example_subdag_operator to 2022-01-01T00:00:00+00:00, run_after=2022-01-01T00:00:00+00:00
[2023-09-13T08:02:41.727+0000] {logging_mixin.py:149} INFO - [2023-09-13T08:02:41.727+0000] {dag.py:3490} INFO - Setting next_dagrun for example_subdag_operator.section-1 to None, run_after=None
[2023-09-13T08:02:41.732+0000] {logging_mixin.py:149} INFO - [2023-09-13T08:02:41.732+0000] {dag.py:3490} INFO - Setting next_dagrun for example_subdag_operator.section-2 to None, run_after=None
[2023-09-13T08:02:41.749+0000] {logging_mixin.py:149} INFO - [2023-09-13T08:02:41.749+0000] {dag.py:2726} INFO - Sync 2 DAGs
[2023-09-13T08:02:41.765+0000] {logging_mixin.py:149} INFO - [2023-09-13T08:02:41.765+0000] {dag.py:3490} INFO - Setting next_dagrun for example_subdag_operator.section-1 to None, run_after=None
[2023-09-13T08:02:41.767+0000] {logging_mixin.py:149} INFO - [2023-09-13T08:02:41.767+0000] {dag.py:3490} INFO - Setting next_dagrun for example_subdag_operator.section-2 to None, run_after=None
[2023-09-13T08:02:41.797+0000] {processor.py:178} INFO - Processing /home/airflow/.local/lib/python3.7/site-packages/airflow/example_dags/example_subdag_operator.py took 0.335 seconds
[2023-09-13T08:03:12.184+0000] {processor.py:156} INFO - Started process (PID=563) to work on /home/airflow/.local/lib/python3.7/site-packages/airflow/example_dags/example_subdag_operator.py
[2023-09-13T08:03:12.187+0000] {processor.py:799} INFO - Processing file /home/airflow/.local/lib/python3.7/site-packages/airflow/example_dags/example_subdag_operator.py for tasks to queue
[2023-09-13T08:03:12.192+0000] {logging_mixin.py:149} INFO - [2023-09-13T08:03:12.192+0000] {dagbag.py:541} INFO - Filling up the DagBag from /home/airflow/.local/lib/python3.7/site-packages/airflow/example_dags/example_subdag_operator.py
[2023-09-13T08:03:12.347+0000] {processor.py:809} INFO - DAG(s) dict_keys(['example_subdag_operator.section-1', 'example_subdag_operator.section-2', 'example_subdag_operator']) retrieved from /home/airflow/.local/lib/python3.7/site-packages/airflow/example_dags/example_subdag_operator.py
[2023-09-13T08:03:12.483+0000] {logging_mixin.py:149} INFO - [2023-09-13T08:03:12.482+0000] {dag.py:2726} INFO - Sync 3 DAGs
[2023-09-13T08:03:12.629+0000] {logging_mixin.py:149} INFO - [2023-09-13T08:03:12.629+0000] {dag.py:3490} INFO - Setting next_dagrun for example_subdag_operator to 2022-01-01T00:00:00+00:00, run_after=2022-01-01T00:00:00+00:00
[2023-09-13T08:03:12.652+0000] {logging_mixin.py:149} INFO - [2023-09-13T08:03:12.651+0000] {dag.py:3490} INFO - Setting next_dagrun for example_subdag_operator.section-1 to None, run_after=None
[2023-09-13T08:03:12.659+0000] {logging_mixin.py:149} INFO - [2023-09-13T08:03:12.658+0000] {dag.py:3490} INFO - Setting next_dagrun for example_subdag_operator.section-2 to None, run_after=None
[2023-09-13T08:03:12.698+0000] {logging_mixin.py:149} INFO - [2023-09-13T08:03:12.697+0000] {dag.py:2726} INFO - Sync 2 DAGs
[2023-09-13T08:03:12.728+0000] {logging_mixin.py:149} INFO - [2023-09-13T08:03:12.728+0000] {dag.py:3490} INFO - Setting next_dagrun for example_subdag_operator.section-1 to None, run_after=None
[2023-09-13T08:03:12.738+0000] {logging_mixin.py:149} INFO - [2023-09-13T08:03:12.738+0000] {dag.py:3490} INFO - Setting next_dagrun for example_subdag_operator.section-2 to None, run_after=None
[2023-09-13T08:03:12.812+0000] {processor.py:178} INFO - Processing /home/airflow/.local/lib/python3.7/site-packages/airflow/example_dags/example_subdag_operator.py took 0.648 seconds
[2023-09-13T08:03:43.679+0000] {processor.py:156} INFO - Started process (PID=624) to work on /home/airflow/.local/lib/python3.7/site-packages/airflow/example_dags/example_subdag_operator.py
[2023-09-13T08:03:43.682+0000] {processor.py:799} INFO - Processing file /home/airflow/.local/lib/python3.7/site-packages/airflow/example_dags/example_subdag_operator.py for tasks to queue
[2023-09-13T08:03:43.685+0000] {logging_mixin.py:149} INFO - [2023-09-13T08:03:43.684+0000] {dagbag.py:541} INFO - Filling up the DagBag from /home/airflow/.local/lib/python3.7/site-packages/airflow/example_dags/example_subdag_operator.py
[2023-09-13T08:03:43.772+0000] {processor.py:809} INFO - DAG(s) dict_keys(['example_subdag_operator.section-1', 'example_subdag_operator.section-2', 'example_subdag_operator']) retrieved from /home/airflow/.local/lib/python3.7/site-packages/airflow/example_dags/example_subdag_operator.py
[2023-09-13T08:03:43.844+0000] {logging_mixin.py:149} INFO - [2023-09-13T08:03:43.843+0000] {dag.py:2726} INFO - Sync 3 DAGs
[2023-09-13T08:03:43.962+0000] {logging_mixin.py:149} INFO - [2023-09-13T08:03:43.961+0000] {dag.py:3490} INFO - Setting next_dagrun for example_subdag_operator to 2022-01-01T00:00:00+00:00, run_after=2022-01-01T00:00:00+00:00
[2023-09-13T08:03:43.977+0000] {logging_mixin.py:149} INFO - [2023-09-13T08:03:43.976+0000] {dag.py:3490} INFO - Setting next_dagrun for example_subdag_operator.section-1 to None, run_after=None
[2023-09-13T08:03:43.984+0000] {logging_mixin.py:149} INFO - [2023-09-13T08:03:43.984+0000] {dag.py:3490} INFO - Setting next_dagrun for example_subdag_operator.section-2 to None, run_after=None
[2023-09-13T08:03:44.020+0000] {logging_mixin.py:149} INFO - [2023-09-13T08:03:44.020+0000] {dag.py:2726} INFO - Sync 2 DAGs
[2023-09-13T08:03:44.063+0000] {logging_mixin.py:149} INFO - [2023-09-13T08:03:44.062+0000] {dag.py:3490} INFO - Setting next_dagrun for example_subdag_operator.section-1 to None, run_after=None
[2023-09-13T08:03:44.066+0000] {logging_mixin.py:149} INFO - [2023-09-13T08:03:44.065+0000] {dag.py:3490} INFO - Setting next_dagrun for example_subdag_operator.section-2 to None, run_after=None
[2023-09-13T08:03:44.126+0000] {processor.py:178} INFO - Processing /home/airflow/.local/lib/python3.7/site-packages/airflow/example_dags/example_subdag_operator.py took 0.460 seconds
[2023-09-13T08:04:14.966+0000] {processor.py:156} INFO - Started process (PID=684) to work on /home/airflow/.local/lib/python3.7/site-packages/airflow/example_dags/example_subdag_operator.py
[2023-09-13T08:04:14.969+0000] {processor.py:799} INFO - Processing file /home/airflow/.local/lib/python3.7/site-packages/airflow/example_dags/example_subdag_operator.py for tasks to queue
[2023-09-13T08:04:14.973+0000] {logging_mixin.py:149} INFO - [2023-09-13T08:04:14.972+0000] {dagbag.py:541} INFO - Filling up the DagBag from /home/airflow/.local/lib/python3.7/site-packages/airflow/example_dags/example_subdag_operator.py
[2023-09-13T08:04:15.086+0000] {processor.py:809} INFO - DAG(s) dict_keys(['example_subdag_operator.section-1', 'example_subdag_operator.section-2', 'example_subdag_operator']) retrieved from /home/airflow/.local/lib/python3.7/site-packages/airflow/example_dags/example_subdag_operator.py
[2023-09-13T08:04:15.191+0000] {logging_mixin.py:149} INFO - [2023-09-13T08:04:15.190+0000] {dag.py:2726} INFO - Sync 3 DAGs
[2023-09-13T08:04:15.322+0000] {logging_mixin.py:149} INFO - [2023-09-13T08:04:15.322+0000] {dag.py:3490} INFO - Setting next_dagrun for example_subdag_operator to 2022-01-01T00:00:00+00:00, run_after=2022-01-01T00:00:00+00:00
[2023-09-13T08:04:15.343+0000] {logging_mixin.py:149} INFO - [2023-09-13T08:04:15.343+0000] {dag.py:3490} INFO - Setting next_dagrun for example_subdag_operator.section-1 to None, run_after=None
[2023-09-13T08:04:15.358+0000] {logging_mixin.py:149} INFO - [2023-09-13T08:04:15.358+0000] {dag.py:3490} INFO - Setting next_dagrun for example_subdag_operator.section-2 to None, run_after=None
[2023-09-13T08:04:15.407+0000] {logging_mixin.py:149} INFO - [2023-09-13T08:04:15.407+0000] {dag.py:2726} INFO - Sync 2 DAGs
[2023-09-13T08:04:15.438+0000] {logging_mixin.py:149} INFO - [2023-09-13T08:04:15.438+0000] {dag.py:3490} INFO - Setting next_dagrun for example_subdag_operator.section-1 to None, run_after=None
[2023-09-13T08:04:15.445+0000] {logging_mixin.py:149} INFO - [2023-09-13T08:04:15.442+0000] {dag.py:3490} INFO - Setting next_dagrun for example_subdag_operator.section-2 to None, run_after=None
[2023-09-13T08:04:15.514+0000] {processor.py:178} INFO - Processing /home/airflow/.local/lib/python3.7/site-packages/airflow/example_dags/example_subdag_operator.py took 0.565 seconds
[2023-09-13T08:04:45.934+0000] {processor.py:156} INFO - Started process (PID=743) to work on /home/airflow/.local/lib/python3.7/site-packages/airflow/example_dags/example_subdag_operator.py
[2023-09-13T08:04:45.937+0000] {processor.py:799} INFO - Processing file /home/airflow/.local/lib/python3.7/site-packages/airflow/example_dags/example_subdag_operator.py for tasks to queue
[2023-09-13T08:04:45.940+0000] {logging_mixin.py:149} INFO - [2023-09-13T08:04:45.939+0000] {dagbag.py:541} INFO - Filling up the DagBag from /home/airflow/.local/lib/python3.7/site-packages/airflow/example_dags/example_subdag_operator.py
[2023-09-13T08:04:46.016+0000] {processor.py:809} INFO - DAG(s) dict_keys(['example_subdag_operator.section-1', 'example_subdag_operator.section-2', 'example_subdag_operator']) retrieved from /home/airflow/.local/lib/python3.7/site-packages/airflow/example_dags/example_subdag_operator.py
[2023-09-13T08:04:46.090+0000] {logging_mixin.py:149} INFO - [2023-09-13T08:04:46.090+0000] {dag.py:2726} INFO - Sync 3 DAGs
[2023-09-13T08:04:46.197+0000] {logging_mixin.py:149} INFO - [2023-09-13T08:04:46.196+0000] {dag.py:3490} INFO - Setting next_dagrun for example_subdag_operator to 2022-01-01T00:00:00+00:00, run_after=2022-01-01T00:00:00+00:00
[2023-09-13T08:04:46.211+0000] {logging_mixin.py:149} INFO - [2023-09-13T08:04:46.211+0000] {dag.py:3490} INFO - Setting next_dagrun for example_subdag_operator.section-1 to None, run_after=None
[2023-09-13T08:04:46.222+0000] {logging_mixin.py:149} INFO - [2023-09-13T08:04:46.221+0000] {dag.py:3490} INFO - Setting next_dagrun for example_subdag_operator.section-2 to None, run_after=None
[2023-09-13T08:04:46.259+0000] {logging_mixin.py:149} INFO - [2023-09-13T08:04:46.258+0000] {dag.py:2726} INFO - Sync 2 DAGs
[2023-09-13T08:04:46.285+0000] {logging_mixin.py:149} INFO - [2023-09-13T08:04:46.284+0000] {dag.py:3490} INFO - Setting next_dagrun for example_subdag_operator.section-1 to None, run_after=None
[2023-09-13T08:04:46.293+0000] {logging_mixin.py:149} INFO - [2023-09-13T08:04:46.293+0000] {dag.py:3490} INFO - Setting next_dagrun for example_subdag_operator.section-2 to None, run_after=None
[2023-09-13T08:04:46.347+0000] {processor.py:178} INFO - Processing /home/airflow/.local/lib/python3.7/site-packages/airflow/example_dags/example_subdag_operator.py took 0.423 seconds
[2023-09-13T08:05:16.479+0000] {processor.py:156} INFO - Started process (PID=804) to work on /home/airflow/.local/lib/python3.7/site-packages/airflow/example_dags/example_subdag_operator.py
[2023-09-13T08:05:16.482+0000] {processor.py:799} INFO - Processing file /home/airflow/.local/lib/python3.7/site-packages/airflow/example_dags/example_subdag_operator.py for tasks to queue
[2023-09-13T08:05:16.485+0000] {logging_mixin.py:149} INFO - [2023-09-13T08:05:16.485+0000] {dagbag.py:541} INFO - Filling up the DagBag from /home/airflow/.local/lib/python3.7/site-packages/airflow/example_dags/example_subdag_operator.py
[2023-09-13T08:05:16.543+0000] {processor.py:809} INFO - DAG(s) dict_keys(['example_subdag_operator.section-1', 'example_subdag_operator.section-2', 'example_subdag_operator']) retrieved from /home/airflow/.local/lib/python3.7/site-packages/airflow/example_dags/example_subdag_operator.py
[2023-09-13T08:05:16.591+0000] {logging_mixin.py:149} INFO - [2023-09-13T08:05:16.591+0000] {dag.py:2726} INFO - Sync 3 DAGs
[2023-09-13T08:05:16.647+0000] {logging_mixin.py:149} INFO - [2023-09-13T08:05:16.646+0000] {dag.py:3490} INFO - Setting next_dagrun for example_subdag_operator to 2022-01-01T00:00:00+00:00, run_after=2022-01-01T00:00:00+00:00
[2023-09-13T08:05:16.655+0000] {logging_mixin.py:149} INFO - [2023-09-13T08:05:16.655+0000] {dag.py:3490} INFO - Setting next_dagrun for example_subdag_operator.section-1 to None, run_after=None
[2023-09-13T08:05:16.659+0000] {logging_mixin.py:149} INFO - [2023-09-13T08:05:16.659+0000] {dag.py:3490} INFO - Setting next_dagrun for example_subdag_operator.section-2 to None, run_after=None
[2023-09-13T08:05:16.680+0000] {logging_mixin.py:149} INFO - [2023-09-13T08:05:16.679+0000] {dag.py:2726} INFO - Sync 2 DAGs
[2023-09-13T08:05:16.694+0000] {logging_mixin.py:149} INFO - [2023-09-13T08:05:16.694+0000] {dag.py:3490} INFO - Setting next_dagrun for example_subdag_operator.section-1 to None, run_after=None
[2023-09-13T08:05:16.696+0000] {logging_mixin.py:149} INFO - [2023-09-13T08:05:16.696+0000] {dag.py:3490} INFO - Setting next_dagrun for example_subdag_operator.section-2 to None, run_after=None
[2023-09-13T08:05:16.782+0000] {processor.py:178} INFO - Processing /home/airflow/.local/lib/python3.7/site-packages/airflow/example_dags/example_subdag_operator.py took 0.311 seconds
[2023-09-13T08:05:52.409+0000] {processor.py:156} INFO - Started process (PID=864) to work on /home/airflow/.local/lib/python3.7/site-packages/airflow/example_dags/example_subdag_operator.py
[2023-09-13T08:05:52.415+0000] {processor.py:799} INFO - Processing file /home/airflow/.local/lib/python3.7/site-packages/airflow/example_dags/example_subdag_operator.py for tasks to queue
[2023-09-13T08:05:52.430+0000] {logging_mixin.py:149} INFO - [2023-09-13T08:05:52.429+0000] {dagbag.py:541} INFO - Filling up the DagBag from /home/airflow/.local/lib/python3.7/site-packages/airflow/example_dags/example_subdag_operator.py
[2023-09-13T08:05:52.609+0000] {processor.py:809} INFO - DAG(s) dict_keys(['example_subdag_operator.section-1', 'example_subdag_operator.section-2', 'example_subdag_operator']) retrieved from /home/airflow/.local/lib/python3.7/site-packages/airflow/example_dags/example_subdag_operator.py
[2023-09-13T08:05:52.793+0000] {logging_mixin.py:149} INFO - [2023-09-13T08:05:52.793+0000] {dag.py:2726} INFO - Sync 3 DAGs
[2023-09-13T08:05:52.993+0000] {logging_mixin.py:149} INFO - [2023-09-13T08:05:52.992+0000] {dag.py:3490} INFO - Setting next_dagrun for example_subdag_operator to 2022-01-01T00:00:00+00:00, run_after=2022-01-01T00:00:00+00:00
[2023-09-13T08:05:53.016+0000] {logging_mixin.py:149} INFO - [2023-09-13T08:05:53.015+0000] {dag.py:3490} INFO - Setting next_dagrun for example_subdag_operator.section-1 to None, run_after=None
[2023-09-13T08:05:53.029+0000] {logging_mixin.py:149} INFO - [2023-09-13T08:05:53.029+0000] {dag.py:3490} INFO - Setting next_dagrun for example_subdag_operator.section-2 to None, run_after=None
[2023-09-13T08:05:53.096+0000] {logging_mixin.py:149} INFO - [2023-09-13T08:05:53.095+0000] {dag.py:2726} INFO - Sync 2 DAGs
[2023-09-13T08:05:53.164+0000] {logging_mixin.py:149} INFO - [2023-09-13T08:05:53.163+0000] {dag.py:3490} INFO - Setting next_dagrun for example_subdag_operator.section-1 to None, run_after=None
[2023-09-13T08:05:53.167+0000] {logging_mixin.py:149} INFO - [2023-09-13T08:05:53.167+0000] {dag.py:3490} INFO - Setting next_dagrun for example_subdag_operator.section-2 to None, run_after=None
[2023-09-13T08:05:53.244+0000] {processor.py:178} INFO - Processing /home/airflow/.local/lib/python3.7/site-packages/airflow/example_dags/example_subdag_operator.py took 0.855 seconds
[2023-09-13T08:06:24.239+0000] {processor.py:156} INFO - Started process (PID=924) to work on /home/airflow/.local/lib/python3.7/site-packages/airflow/example_dags/example_subdag_operator.py
[2023-09-13T08:06:24.241+0000] {processor.py:799} INFO - Processing file /home/airflow/.local/lib/python3.7/site-packages/airflow/example_dags/example_subdag_operator.py for tasks to queue
[2023-09-13T08:06:24.243+0000] {logging_mixin.py:149} INFO - [2023-09-13T08:06:24.243+0000] {dagbag.py:541} INFO - Filling up the DagBag from /home/airflow/.local/lib/python3.7/site-packages/airflow/example_dags/example_subdag_operator.py
[2023-09-13T08:06:24.305+0000] {processor.py:809} INFO - DAG(s) dict_keys(['example_subdag_operator.section-1', 'example_subdag_operator.section-2', 'example_subdag_operator']) retrieved from /home/airflow/.local/lib/python3.7/site-packages/airflow/example_dags/example_subdag_operator.py
[2023-09-13T08:06:24.356+0000] {logging_mixin.py:149} INFO - [2023-09-13T08:06:24.355+0000] {dag.py:2726} INFO - Sync 3 DAGs
[2023-09-13T08:06:24.425+0000] {logging_mixin.py:149} INFO - [2023-09-13T08:06:24.424+0000] {dag.py:3490} INFO - Setting next_dagrun for example_subdag_operator to 2022-01-01T00:00:00+00:00, run_after=2022-01-01T00:00:00+00:00
[2023-09-13T08:06:24.437+0000] {logging_mixin.py:149} INFO - [2023-09-13T08:06:24.436+0000] {dag.py:3490} INFO - Setting next_dagrun for example_subdag_operator.section-1 to None, run_after=None
[2023-09-13T08:06:24.443+0000] {logging_mixin.py:149} INFO - [2023-09-13T08:06:24.443+0000] {dag.py:3490} INFO - Setting next_dagrun for example_subdag_operator.section-2 to None, run_after=None
[2023-09-13T08:06:24.461+0000] {logging_mixin.py:149} INFO - [2023-09-13T08:06:24.461+0000] {dag.py:2726} INFO - Sync 2 DAGs
[2023-09-13T08:06:24.482+0000] {logging_mixin.py:149} INFO - [2023-09-13T08:06:24.482+0000] {dag.py:3490} INFO - Setting next_dagrun for example_subdag_operator.section-1 to None, run_after=None
[2023-09-13T08:06:24.484+0000] {logging_mixin.py:149} INFO - [2023-09-13T08:06:24.484+0000] {dag.py:3490} INFO - Setting next_dagrun for example_subdag_operator.section-2 to None, run_after=None
[2023-09-13T08:06:24.516+0000] {processor.py:178} INFO - Processing /home/airflow/.local/lib/python3.7/site-packages/airflow/example_dags/example_subdag_operator.py took 0.283 seconds
[2023-09-13T08:06:55.528+0000] {processor.py:156} INFO - Started process (PID=985) to work on /home/airflow/.local/lib/python3.7/site-packages/airflow/example_dags/example_subdag_operator.py
[2023-09-13T08:06:55.560+0000] {processor.py:799} INFO - Processing file /home/airflow/.local/lib/python3.7/site-packages/airflow/example_dags/example_subdag_operator.py for tasks to queue
[2023-09-13T08:06:55.603+0000] {logging_mixin.py:149} INFO - [2023-09-13T08:06:55.603+0000] {dagbag.py:541} INFO - Filling up the DagBag from /home/airflow/.local/lib/python3.7/site-packages/airflow/example_dags/example_subdag_operator.py
[2023-09-13T08:06:55.797+0000] {processor.py:809} INFO - DAG(s) dict_keys(['example_subdag_operator.section-1', 'example_subdag_operator.section-2', 'example_subdag_operator']) retrieved from /home/airflow/.local/lib/python3.7/site-packages/airflow/example_dags/example_subdag_operator.py
[2023-09-13T08:06:55.997+0000] {logging_mixin.py:149} INFO - [2023-09-13T08:06:55.997+0000] {dag.py:2726} INFO - Sync 3 DAGs
[2023-09-13T08:06:56.244+0000] {logging_mixin.py:149} INFO - [2023-09-13T08:06:56.243+0000] {dag.py:3490} INFO - Setting next_dagrun for example_subdag_operator to 2022-01-01T00:00:00+00:00, run_after=2022-01-01T00:00:00+00:00
[2023-09-13T08:06:56.278+0000] {logging_mixin.py:149} INFO - [2023-09-13T08:06:56.278+0000] {dag.py:3490} INFO - Setting next_dagrun for example_subdag_operator.section-1 to None, run_after=None
[2023-09-13T08:06:56.332+0000] {logging_mixin.py:149} INFO - [2023-09-13T08:06:56.332+0000] {dag.py:3490} INFO - Setting next_dagrun for example_subdag_operator.section-2 to None, run_after=None
[2023-09-13T08:06:56.407+0000] {logging_mixin.py:149} INFO - [2023-09-13T08:06:56.407+0000] {dag.py:2726} INFO - Sync 2 DAGs
[2023-09-13T08:06:56.462+0000] {logging_mixin.py:149} INFO - [2023-09-13T08:06:56.461+0000] {dag.py:3490} INFO - Setting next_dagrun for example_subdag_operator.section-1 to None, run_after=None
[2023-09-13T08:06:56.498+0000] {logging_mixin.py:149} INFO - [2023-09-13T08:06:56.498+0000] {dag.py:3490} INFO - Setting next_dagrun for example_subdag_operator.section-2 to None, run_after=None
[2023-09-13T08:06:56.594+0000] {processor.py:178} INFO - Processing /home/airflow/.local/lib/python3.7/site-packages/airflow/example_dags/example_subdag_operator.py took 1.085 seconds
[2023-09-13T08:07:27.206+0000] {processor.py:156} INFO - Started process (PID=1045) to work on /home/airflow/.local/lib/python3.7/site-packages/airflow/example_dags/example_subdag_operator.py
[2023-09-13T08:07:27.209+0000] {processor.py:799} INFO - Processing file /home/airflow/.local/lib/python3.7/site-packages/airflow/example_dags/example_subdag_operator.py for tasks to queue
[2023-09-13T08:07:27.212+0000] {logging_mixin.py:149} INFO - [2023-09-13T08:07:27.211+0000] {dagbag.py:541} INFO - Filling up the DagBag from /home/airflow/.local/lib/python3.7/site-packages/airflow/example_dags/example_subdag_operator.py
[2023-09-13T08:07:27.287+0000] {processor.py:809} INFO - DAG(s) dict_keys(['example_subdag_operator.section-1', 'example_subdag_operator.section-2', 'example_subdag_operator']) retrieved from /home/airflow/.local/lib/python3.7/site-packages/airflow/example_dags/example_subdag_operator.py
[2023-09-13T08:07:27.350+0000] {logging_mixin.py:149} INFO - [2023-09-13T08:07:27.349+0000] {dag.py:2726} INFO - Sync 3 DAGs
[2023-09-13T08:07:27.516+0000] {logging_mixin.py:149} INFO - [2023-09-13T08:07:27.505+0000] {dag.py:3490} INFO - Setting next_dagrun for example_subdag_operator to 2022-01-01T00:00:00+00:00, run_after=2022-01-01T00:00:00+00:00
[2023-09-13T08:07:27.538+0000] {logging_mixin.py:149} INFO - [2023-09-13T08:07:27.537+0000] {dag.py:3490} INFO - Setting next_dagrun for example_subdag_operator.section-1 to None, run_after=None
[2023-09-13T08:07:27.557+0000] {logging_mixin.py:149} INFO - [2023-09-13T08:07:27.556+0000] {dag.py:3490} INFO - Setting next_dagrun for example_subdag_operator.section-2 to None, run_after=None
[2023-09-13T08:07:27.644+0000] {logging_mixin.py:149} INFO - [2023-09-13T08:07:27.644+0000] {dag.py:2726} INFO - Sync 2 DAGs
[2023-09-13T08:07:27.694+0000] {logging_mixin.py:149} INFO - [2023-09-13T08:07:27.693+0000] {dag.py:3490} INFO - Setting next_dagrun for example_subdag_operator.section-1 to None, run_after=None
[2023-09-13T08:07:27.699+0000] {logging_mixin.py:149} INFO - [2023-09-13T08:07:27.698+0000] {dag.py:3490} INFO - Setting next_dagrun for example_subdag_operator.section-2 to None, run_after=None
[2023-09-13T08:07:27.785+0000] {processor.py:178} INFO - Processing /home/airflow/.local/lib/python3.7/site-packages/airflow/example_dags/example_subdag_operator.py took 0.587 seconds
[2023-09-13T08:07:58.180+0000] {processor.py:156} INFO - Started process (PID=1106) to work on /home/airflow/.local/lib/python3.7/site-packages/airflow/example_dags/example_subdag_operator.py
[2023-09-13T08:07:58.183+0000] {processor.py:799} INFO - Processing file /home/airflow/.local/lib/python3.7/site-packages/airflow/example_dags/example_subdag_operator.py for tasks to queue
[2023-09-13T08:07:58.186+0000] {logging_mixin.py:149} INFO - [2023-09-13T08:07:58.186+0000] {dagbag.py:541} INFO - Filling up the DagBag from /home/airflow/.local/lib/python3.7/site-packages/airflow/example_dags/example_subdag_operator.py
[2023-09-13T08:07:58.310+0000] {processor.py:809} INFO - DAG(s) dict_keys(['example_subdag_operator.section-1', 'example_subdag_operator.section-2', 'example_subdag_operator']) retrieved from /home/airflow/.local/lib/python3.7/site-packages/airflow/example_dags/example_subdag_operator.py
[2023-09-13T08:07:58.356+0000] {logging_mixin.py:149} INFO - [2023-09-13T08:07:58.356+0000] {dag.py:2726} INFO - Sync 3 DAGs
[2023-09-13T08:07:58.408+0000] {logging_mixin.py:149} INFO - [2023-09-13T08:07:58.408+0000] {dag.py:3490} INFO - Setting next_dagrun for example_subdag_operator to 2022-01-01T00:00:00+00:00, run_after=2022-01-01T00:00:00+00:00
[2023-09-13T08:07:58.415+0000] {logging_mixin.py:149} INFO - [2023-09-13T08:07:58.415+0000] {dag.py:3490} INFO - Setting next_dagrun for example_subdag_operator.section-1 to None, run_after=None
[2023-09-13T08:07:58.419+0000] {logging_mixin.py:149} INFO - [2023-09-13T08:07:58.419+0000] {dag.py:3490} INFO - Setting next_dagrun for example_subdag_operator.section-2 to None, run_after=None
[2023-09-13T08:07:58.442+0000] {logging_mixin.py:149} INFO - [2023-09-13T08:07:58.441+0000] {dag.py:2726} INFO - Sync 2 DAGs
[2023-09-13T08:07:58.457+0000] {logging_mixin.py:149} INFO - [2023-09-13T08:07:58.457+0000] {dag.py:3490} INFO - Setting next_dagrun for example_subdag_operator.section-1 to None, run_after=None
[2023-09-13T08:07:58.459+0000] {logging_mixin.py:149} INFO - [2023-09-13T08:07:58.459+0000] {dag.py:3490} INFO - Setting next_dagrun for example_subdag_operator.section-2 to None, run_after=None
[2023-09-13T08:07:58.505+0000] {processor.py:178} INFO - Processing /home/airflow/.local/lib/python3.7/site-packages/airflow/example_dags/example_subdag_operator.py took 0.339 seconds
[2023-09-13T08:08:28.697+0000] {processor.py:156} INFO - Started process (PID=1168) to work on /home/airflow/.local/lib/python3.7/site-packages/airflow/example_dags/example_subdag_operator.py
[2023-09-13T08:08:28.700+0000] {processor.py:799} INFO - Processing file /home/airflow/.local/lib/python3.7/site-packages/airflow/example_dags/example_subdag_operator.py for tasks to queue
[2023-09-13T08:08:28.703+0000] {logging_mixin.py:149} INFO - [2023-09-13T08:08:28.702+0000] {dagbag.py:541} INFO - Filling up the DagBag from /home/airflow/.local/lib/python3.7/site-packages/airflow/example_dags/example_subdag_operator.py
[2023-09-13T08:08:28.770+0000] {processor.py:809} INFO - DAG(s) dict_keys(['example_subdag_operator.section-1', 'example_subdag_operator.section-2', 'example_subdag_operator']) retrieved from /home/airflow/.local/lib/python3.7/site-packages/airflow/example_dags/example_subdag_operator.py
[2023-09-13T08:08:28.843+0000] {logging_mixin.py:149} INFO - [2023-09-13T08:08:28.842+0000] {dag.py:2726} INFO - Sync 3 DAGs
[2023-09-13T08:08:28.919+0000] {logging_mixin.py:149} INFO - [2023-09-13T08:08:28.918+0000] {dag.py:3490} INFO - Setting next_dagrun for example_subdag_operator to 2022-01-01T00:00:00+00:00, run_after=2022-01-01T00:00:00+00:00
[2023-09-13T08:08:28.933+0000] {logging_mixin.py:149} INFO - [2023-09-13T08:08:28.932+0000] {dag.py:3490} INFO - Setting next_dagrun for example_subdag_operator.section-1 to None, run_after=None
[2023-09-13T08:08:28.937+0000] {logging_mixin.py:149} INFO - [2023-09-13T08:08:28.937+0000] {dag.py:3490} INFO - Setting next_dagrun for example_subdag_operator.section-2 to None, run_after=None
[2023-09-13T08:08:28.968+0000] {logging_mixin.py:149} INFO - [2023-09-13T08:08:28.967+0000] {dag.py:2726} INFO - Sync 2 DAGs
[2023-09-13T08:08:28.992+0000] {logging_mixin.py:149} INFO - [2023-09-13T08:08:28.992+0000] {dag.py:3490} INFO - Setting next_dagrun for example_subdag_operator.section-1 to None, run_after=None
[2023-09-13T08:08:28.995+0000] {logging_mixin.py:149} INFO - [2023-09-13T08:08:28.994+0000] {dag.py:3490} INFO - Setting next_dagrun for example_subdag_operator.section-2 to None, run_after=None
[2023-09-13T08:08:29.034+0000] {processor.py:178} INFO - Processing /home/airflow/.local/lib/python3.7/site-packages/airflow/example_dags/example_subdag_operator.py took 0.345 seconds
[2023-09-13T08:08:59.710+0000] {processor.py:156} INFO - Started process (PID=1228) to work on /home/airflow/.local/lib/python3.7/site-packages/airflow/example_dags/example_subdag_operator.py
[2023-09-13T08:08:59.716+0000] {processor.py:799} INFO - Processing file /home/airflow/.local/lib/python3.7/site-packages/airflow/example_dags/example_subdag_operator.py for tasks to queue
[2023-09-13T08:08:59.721+0000] {logging_mixin.py:149} INFO - [2023-09-13T08:08:59.720+0000] {dagbag.py:541} INFO - Filling up the DagBag from /home/airflow/.local/lib/python3.7/site-packages/airflow/example_dags/example_subdag_operator.py
[2023-09-13T08:08:59.881+0000] {processor.py:809} INFO - DAG(s) dict_keys(['example_subdag_operator.section-1', 'example_subdag_operator.section-2', 'example_subdag_operator']) retrieved from /home/airflow/.local/lib/python3.7/site-packages/airflow/example_dags/example_subdag_operator.py
[2023-09-13T08:09:00.000+0000] {logging_mixin.py:149} INFO - [2023-09-13T08:09:00.000+0000] {dag.py:2726} INFO - Sync 3 DAGs
[2023-09-13T08:09:00.181+0000] {logging_mixin.py:149} INFO - [2023-09-13T08:09:00.180+0000] {dag.py:3490} INFO - Setting next_dagrun for example_subdag_operator to 2022-01-01T00:00:00+00:00, run_after=2022-01-01T00:00:00+00:00
[2023-09-13T08:09:00.220+0000] {logging_mixin.py:149} INFO - [2023-09-13T08:09:00.210+0000] {dag.py:3490} INFO - Setting next_dagrun for example_subdag_operator.section-1 to None, run_after=None
[2023-09-13T08:09:00.231+0000] {logging_mixin.py:149} INFO - [2023-09-13T08:09:00.231+0000] {dag.py:3490} INFO - Setting next_dagrun for example_subdag_operator.section-2 to None, run_after=None
[2023-09-13T08:09:00.280+0000] {logging_mixin.py:149} INFO - [2023-09-13T08:09:00.280+0000] {dag.py:2726} INFO - Sync 2 DAGs
[2023-09-13T08:09:00.315+0000] {logging_mixin.py:149} INFO - [2023-09-13T08:09:00.314+0000] {dag.py:3490} INFO - Setting next_dagrun for example_subdag_operator.section-1 to None, run_after=None
[2023-09-13T08:09:00.317+0000] {logging_mixin.py:149} INFO - [2023-09-13T08:09:00.317+0000] {dag.py:3490} INFO - Setting next_dagrun for example_subdag_operator.section-2 to None, run_after=None
[2023-09-13T08:09:00.363+0000] {processor.py:178} INFO - Processing /home/airflow/.local/lib/python3.7/site-packages/airflow/example_dags/example_subdag_operator.py took 0.661 seconds
[2023-09-13T08:09:31.268+0000] {processor.py:156} INFO - Started process (PID=1288) to work on /home/airflow/.local/lib/python3.7/site-packages/airflow/example_dags/example_subdag_operator.py
[2023-09-13T08:09:31.271+0000] {processor.py:799} INFO - Processing file /home/airflow/.local/lib/python3.7/site-packages/airflow/example_dags/example_subdag_operator.py for tasks to queue
[2023-09-13T08:09:31.273+0000] {logging_mixin.py:149} INFO - [2023-09-13T08:09:31.273+0000] {dagbag.py:541} INFO - Filling up the DagBag from /home/airflow/.local/lib/python3.7/site-packages/airflow/example_dags/example_subdag_operator.py
[2023-09-13T08:09:31.328+0000] {processor.py:809} INFO - DAG(s) dict_keys(['example_subdag_operator.section-1', 'example_subdag_operator.section-2', 'example_subdag_operator']) retrieved from /home/airflow/.local/lib/python3.7/site-packages/airflow/example_dags/example_subdag_operator.py
[2023-09-13T08:09:31.371+0000] {logging_mixin.py:149} INFO - [2023-09-13T08:09:31.371+0000] {dag.py:2726} INFO - Sync 3 DAGs
[2023-09-13T08:09:31.424+0000] {logging_mixin.py:149} INFO - [2023-09-13T08:09:31.423+0000] {dag.py:3490} INFO - Setting next_dagrun for example_subdag_operator to 2022-01-01T00:00:00+00:00, run_after=2022-01-01T00:00:00+00:00
[2023-09-13T08:09:31.431+0000] {logging_mixin.py:149} INFO - [2023-09-13T08:09:31.431+0000] {dag.py:3490} INFO - Setting next_dagrun for example_subdag_operator.section-1 to None, run_after=None
[2023-09-13T08:09:31.435+0000] {logging_mixin.py:149} INFO - [2023-09-13T08:09:31.435+0000] {dag.py:3490} INFO - Setting next_dagrun for example_subdag_operator.section-2 to None, run_after=None
[2023-09-13T08:09:31.450+0000] {logging_mixin.py:149} INFO - [2023-09-13T08:09:31.449+0000] {dag.py:2726} INFO - Sync 2 DAGs
[2023-09-13T08:09:31.466+0000] {logging_mixin.py:149} INFO - [2023-09-13T08:09:31.465+0000] {dag.py:3490} INFO - Setting next_dagrun for example_subdag_operator.section-1 to None, run_after=None
[2023-09-13T08:09:31.467+0000] {logging_mixin.py:149} INFO - [2023-09-13T08:09:31.467+0000] {dag.py:3490} INFO - Setting next_dagrun for example_subdag_operator.section-2 to None, run_after=None
[2023-09-13T08:09:31.506+0000] {processor.py:178} INFO - Processing /home/airflow/.local/lib/python3.7/site-packages/airflow/example_dags/example_subdag_operator.py took 0.244 seconds
[2023-09-13T08:10:01.600+0000] {processor.py:156} INFO - Started process (PID=1348) to work on /home/airflow/.local/lib/python3.7/site-packages/airflow/example_dags/example_subdag_operator.py
[2023-09-13T08:10:01.602+0000] {processor.py:799} INFO - Processing file /home/airflow/.local/lib/python3.7/site-packages/airflow/example_dags/example_subdag_operator.py for tasks to queue
[2023-09-13T08:10:01.605+0000] {logging_mixin.py:149} INFO - [2023-09-13T08:10:01.605+0000] {dagbag.py:541} INFO - Filling up the DagBag from /home/airflow/.local/lib/python3.7/site-packages/airflow/example_dags/example_subdag_operator.py
[2023-09-13T08:10:01.667+0000] {processor.py:809} INFO - DAG(s) dict_keys(['example_subdag_operator.section-1', 'example_subdag_operator.section-2', 'example_subdag_operator']) retrieved from /home/airflow/.local/lib/python3.7/site-packages/airflow/example_dags/example_subdag_operator.py
[2023-09-13T08:10:01.706+0000] {logging_mixin.py:149} INFO - [2023-09-13T08:10:01.705+0000] {dag.py:2726} INFO - Sync 3 DAGs
[2023-09-13T08:10:01.760+0000] {logging_mixin.py:149} INFO - [2023-09-13T08:10:01.760+0000] {dag.py:3490} INFO - Setting next_dagrun for example_subdag_operator to 2022-01-01T00:00:00+00:00, run_after=2022-01-01T00:00:00+00:00
[2023-09-13T08:10:01.769+0000] {logging_mixin.py:149} INFO - [2023-09-13T08:10:01.769+0000] {dag.py:3490} INFO - Setting next_dagrun for example_subdag_operator.section-1 to None, run_after=None
[2023-09-13T08:10:01.773+0000] {logging_mixin.py:149} INFO - [2023-09-13T08:10:01.772+0000] {dag.py:3490} INFO - Setting next_dagrun for example_subdag_operator.section-2 to None, run_after=None
[2023-09-13T08:10:01.790+0000] {logging_mixin.py:149} INFO - [2023-09-13T08:10:01.789+0000] {dag.py:2726} INFO - Sync 2 DAGs
[2023-09-13T08:10:01.804+0000] {logging_mixin.py:149} INFO - [2023-09-13T08:10:01.803+0000] {dag.py:3490} INFO - Setting next_dagrun for example_subdag_operator.section-1 to None, run_after=None
[2023-09-13T08:10:01.806+0000] {logging_mixin.py:149} INFO - [2023-09-13T08:10:01.806+0000] {dag.py:3490} INFO - Setting next_dagrun for example_subdag_operator.section-2 to None, run_after=None
[2023-09-13T08:10:01.842+0000] {processor.py:178} INFO - Processing /home/airflow/.local/lib/python3.7/site-packages/airflow/example_dags/example_subdag_operator.py took 0.247 seconds
[2023-09-13T08:10:32.097+0000] {processor.py:156} INFO - Started process (PID=1408) to work on /home/airflow/.local/lib/python3.7/site-packages/airflow/example_dags/example_subdag_operator.py
[2023-09-13T08:10:32.099+0000] {processor.py:799} INFO - Processing file /home/airflow/.local/lib/python3.7/site-packages/airflow/example_dags/example_subdag_operator.py for tasks to queue
[2023-09-13T08:10:32.102+0000] {logging_mixin.py:149} INFO - [2023-09-13T08:10:32.101+0000] {dagbag.py:541} INFO - Filling up the DagBag from /home/airflow/.local/lib/python3.7/site-packages/airflow/example_dags/example_subdag_operator.py
[2023-09-13T08:10:32.165+0000] {processor.py:809} INFO - DAG(s) dict_keys(['example_subdag_operator.section-1', 'example_subdag_operator.section-2', 'example_subdag_operator']) retrieved from /home/airflow/.local/lib/python3.7/site-packages/airflow/example_dags/example_subdag_operator.py
[2023-09-13T08:10:32.205+0000] {logging_mixin.py:149} INFO - [2023-09-13T08:10:32.204+0000] {dag.py:2726} INFO - Sync 3 DAGs
[2023-09-13T08:10:32.265+0000] {logging_mixin.py:149} INFO - [2023-09-13T08:10:32.265+0000] {dag.py:3490} INFO - Setting next_dagrun for example_subdag_operator to 2022-01-01T00:00:00+00:00, run_after=2022-01-01T00:00:00+00:00
[2023-09-13T08:10:32.275+0000] {logging_mixin.py:149} INFO - [2023-09-13T08:10:32.275+0000] {dag.py:3490} INFO - Setting next_dagrun for example_subdag_operator.section-1 to None, run_after=None
[2023-09-13T08:10:32.279+0000] {logging_mixin.py:149} INFO - [2023-09-13T08:10:32.279+0000] {dag.py:3490} INFO - Setting next_dagrun for example_subdag_operator.section-2 to None, run_after=None
[2023-09-13T08:10:32.294+0000] {logging_mixin.py:149} INFO - [2023-09-13T08:10:32.293+0000] {dag.py:2726} INFO - Sync 2 DAGs
[2023-09-13T08:10:32.307+0000] {logging_mixin.py:149} INFO - [2023-09-13T08:10:32.307+0000] {dag.py:3490} INFO - Setting next_dagrun for example_subdag_operator.section-1 to None, run_after=None
[2023-09-13T08:10:32.310+0000] {logging_mixin.py:149} INFO - [2023-09-13T08:10:32.309+0000] {dag.py:3490} INFO - Setting next_dagrun for example_subdag_operator.section-2 to None, run_after=None
[2023-09-13T08:10:32.331+0000] {processor.py:178} INFO - Processing /home/airflow/.local/lib/python3.7/site-packages/airflow/example_dags/example_subdag_operator.py took 0.241 seconds
[2023-09-13T08:11:02.640+0000] {processor.py:156} INFO - Started process (PID=1470) to work on /home/airflow/.local/lib/python3.7/site-packages/airflow/example_dags/example_subdag_operator.py
[2023-09-13T08:11:02.643+0000] {processor.py:799} INFO - Processing file /home/airflow/.local/lib/python3.7/site-packages/airflow/example_dags/example_subdag_operator.py for tasks to queue
[2023-09-13T08:11:02.646+0000] {logging_mixin.py:149} INFO - [2023-09-13T08:11:02.645+0000] {dagbag.py:541} INFO - Filling up the DagBag from /home/airflow/.local/lib/python3.7/site-packages/airflow/example_dags/example_subdag_operator.py
[2023-09-13T08:11:02.705+0000] {processor.py:809} INFO - DAG(s) dict_keys(['example_subdag_operator.section-1', 'example_subdag_operator.section-2', 'example_subdag_operator']) retrieved from /home/airflow/.local/lib/python3.7/site-packages/airflow/example_dags/example_subdag_operator.py
[2023-09-13T08:11:02.754+0000] {logging_mixin.py:149} INFO - [2023-09-13T08:11:02.754+0000] {dag.py:2726} INFO - Sync 3 DAGs
[2023-09-13T08:11:02.814+0000] {logging_mixin.py:149} INFO - [2023-09-13T08:11:02.814+0000] {dag.py:3490} INFO - Setting next_dagrun for example_subdag_operator to 2022-01-01T00:00:00+00:00, run_after=2022-01-01T00:00:00+00:00
[2023-09-13T08:11:02.825+0000] {logging_mixin.py:149} INFO - [2023-09-13T08:11:02.825+0000] {dag.py:3490} INFO - Setting next_dagrun for example_subdag_operator.section-1 to None, run_after=None
[2023-09-13T08:11:02.829+0000] {logging_mixin.py:149} INFO - [2023-09-13T08:11:02.829+0000] {dag.py:3490} INFO - Setting next_dagrun for example_subdag_operator.section-2 to None, run_after=None
[2023-09-13T08:11:02.855+0000] {logging_mixin.py:149} INFO - [2023-09-13T08:11:02.855+0000] {dag.py:2726} INFO - Sync 2 DAGs
[2023-09-13T08:11:02.879+0000] {logging_mixin.py:149} INFO - [2023-09-13T08:11:02.879+0000] {dag.py:3490} INFO - Setting next_dagrun for example_subdag_operator.section-1 to None, run_after=None
[2023-09-13T08:11:02.882+0000] {logging_mixin.py:149} INFO - [2023-09-13T08:11:02.881+0000] {dag.py:3490} INFO - Setting next_dagrun for example_subdag_operator.section-2 to None, run_after=None
[2023-09-13T08:11:02.910+0000] {processor.py:178} INFO - Processing /home/airflow/.local/lib/python3.7/site-packages/airflow/example_dags/example_subdag_operator.py took 0.276 seconds
[2023-09-13T08:11:33.876+0000] {processor.py:156} INFO - Started process (PID=1530) to work on /home/airflow/.local/lib/python3.7/site-packages/airflow/example_dags/example_subdag_operator.py
[2023-09-13T08:11:33.879+0000] {processor.py:799} INFO - Processing file /home/airflow/.local/lib/python3.7/site-packages/airflow/example_dags/example_subdag_operator.py for tasks to queue
[2023-09-13T08:11:33.881+0000] {logging_mixin.py:149} INFO - [2023-09-13T08:11:33.881+0000] {dagbag.py:541} INFO - Filling up the DagBag from /home/airflow/.local/lib/python3.7/site-packages/airflow/example_dags/example_subdag_operator.py
[2023-09-13T08:11:33.939+0000] {processor.py:809} INFO - DAG(s) dict_keys(['example_subdag_operator.section-1', 'example_subdag_operator.section-2', 'example_subdag_operator']) retrieved from /home/airflow/.local/lib/python3.7/site-packages/airflow/example_dags/example_subdag_operator.py
[2023-09-13T08:11:33.981+0000] {logging_mixin.py:149} INFO - [2023-09-13T08:11:33.981+0000] {dag.py:2726} INFO - Sync 3 DAGs
[2023-09-13T08:11:34.045+0000] {logging_mixin.py:149} INFO - [2023-09-13T08:11:34.044+0000] {dag.py:3490} INFO - Setting next_dagrun for example_subdag_operator to 2022-01-01T00:00:00+00:00, run_after=2022-01-01T00:00:00+00:00
[2023-09-13T08:11:34.062+0000] {logging_mixin.py:149} INFO - [2023-09-13T08:11:34.061+0000] {dag.py:3490} INFO - Setting next_dagrun for example_subdag_operator.section-1 to None, run_after=None
[2023-09-13T08:11:34.067+0000] {logging_mixin.py:149} INFO - [2023-09-13T08:11:34.066+0000] {dag.py:3490} INFO - Setting next_dagrun for example_subdag_operator.section-2 to None, run_after=None
[2023-09-13T08:11:34.096+0000] {logging_mixin.py:149} INFO - [2023-09-13T08:11:34.096+0000] {dag.py:2726} INFO - Sync 2 DAGs
[2023-09-13T08:11:34.115+0000] {logging_mixin.py:149} INFO - [2023-09-13T08:11:34.114+0000] {dag.py:3490} INFO - Setting next_dagrun for example_subdag_operator.section-1 to None, run_after=None
[2023-09-13T08:11:34.118+0000] {logging_mixin.py:149} INFO - [2023-09-13T08:11:34.117+0000] {dag.py:3490} INFO - Setting next_dagrun for example_subdag_operator.section-2 to None, run_after=None
[2023-09-13T08:11:34.151+0000] {processor.py:178} INFO - Processing /home/airflow/.local/lib/python3.7/site-packages/airflow/example_dags/example_subdag_operator.py took 0.283 seconds
[2023-09-13T08:12:04.328+0000] {processor.py:156} INFO - Started process (PID=1590) to work on /home/airflow/.local/lib/python3.7/site-packages/airflow/example_dags/example_subdag_operator.py
[2023-09-13T08:12:04.331+0000] {processor.py:799} INFO - Processing file /home/airflow/.local/lib/python3.7/site-packages/airflow/example_dags/example_subdag_operator.py for tasks to queue
[2023-09-13T08:12:04.333+0000] {logging_mixin.py:149} INFO - [2023-09-13T08:12:04.332+0000] {dagbag.py:541} INFO - Filling up the DagBag from /home/airflow/.local/lib/python3.7/site-packages/airflow/example_dags/example_subdag_operator.py
[2023-09-13T08:12:04.374+0000] {processor.py:809} INFO - DAG(s) dict_keys(['example_subdag_operator.section-1', 'example_subdag_operator.section-2', 'example_subdag_operator']) retrieved from /home/airflow/.local/lib/python3.7/site-packages/airflow/example_dags/example_subdag_operator.py
[2023-09-13T08:12:04.402+0000] {logging_mixin.py:149} INFO - [2023-09-13T08:12:04.401+0000] {dag.py:2726} INFO - Sync 3 DAGs
[2023-09-13T08:12:04.432+0000] {logging_mixin.py:149} INFO - [2023-09-13T08:12:04.432+0000] {dag.py:3490} INFO - Setting next_dagrun for example_subdag_operator to 2022-01-01T00:00:00+00:00, run_after=2022-01-01T00:00:00+00:00
[2023-09-13T08:12:04.437+0000] {logging_mixin.py:149} INFO - [2023-09-13T08:12:04.437+0000] {dag.py:3490} INFO - Setting next_dagrun for example_subdag_operator.section-1 to None, run_after=None
[2023-09-13T08:12:04.440+0000] {logging_mixin.py:149} INFO - [2023-09-13T08:12:04.439+0000] {dag.py:3490} INFO - Setting next_dagrun for example_subdag_operator.section-2 to None, run_after=None
[2023-09-13T08:12:04.449+0000] {logging_mixin.py:149} INFO - [2023-09-13T08:12:04.449+0000] {dag.py:2726} INFO - Sync 2 DAGs
[2023-09-13T08:12:04.457+0000] {logging_mixin.py:149} INFO - [2023-09-13T08:12:04.457+0000] {dag.py:3490} INFO - Setting next_dagrun for example_subdag_operator.section-1 to None, run_after=None
[2023-09-13T08:12:04.458+0000] {logging_mixin.py:149} INFO - [2023-09-13T08:12:04.458+0000] {dag.py:3490} INFO - Setting next_dagrun for example_subdag_operator.section-2 to None, run_after=None
[2023-09-13T08:12:04.482+0000] {processor.py:178} INFO - Processing /home/airflow/.local/lib/python3.7/site-packages/airflow/example_dags/example_subdag_operator.py took 0.158 seconds
[2023-09-13T08:12:34.804+0000] {processor.py:156} INFO - Started process (PID=1650) to work on /home/airflow/.local/lib/python3.7/site-packages/airflow/example_dags/example_subdag_operator.py
[2023-09-13T08:12:34.807+0000] {processor.py:799} INFO - Processing file /home/airflow/.local/lib/python3.7/site-packages/airflow/example_dags/example_subdag_operator.py for tasks to queue
[2023-09-13T08:12:34.809+0000] {logging_mixin.py:149} INFO - [2023-09-13T08:12:34.809+0000] {dagbag.py:541} INFO - Filling up the DagBag from /home/airflow/.local/lib/python3.7/site-packages/airflow/example_dags/example_subdag_operator.py
[2023-09-13T08:12:34.851+0000] {processor.py:809} INFO - DAG(s) dict_keys(['example_subdag_operator.section-1', 'example_subdag_operator.section-2', 'example_subdag_operator']) retrieved from /home/airflow/.local/lib/python3.7/site-packages/airflow/example_dags/example_subdag_operator.py
[2023-09-13T08:12:34.886+0000] {logging_mixin.py:149} INFO - [2023-09-13T08:12:34.886+0000] {dag.py:2726} INFO - Sync 3 DAGs
[2023-09-13T08:12:34.941+0000] {logging_mixin.py:149} INFO - [2023-09-13T08:12:34.941+0000] {dag.py:3490} INFO - Setting next_dagrun for example_subdag_operator to 2022-01-01T00:00:00+00:00, run_after=2022-01-01T00:00:00+00:00
[2023-09-13T08:12:34.951+0000] {logging_mixin.py:149} INFO - [2023-09-13T08:12:34.951+0000] {dag.py:3490} INFO - Setting next_dagrun for example_subdag_operator.section-1 to None, run_after=None
[2023-09-13T08:12:34.955+0000] {logging_mixin.py:149} INFO - [2023-09-13T08:12:34.955+0000] {dag.py:3490} INFO - Setting next_dagrun for example_subdag_operator.section-2 to None, run_after=None
[2023-09-13T08:12:34.971+0000] {logging_mixin.py:149} INFO - [2023-09-13T08:12:34.971+0000] {dag.py:2726} INFO - Sync 2 DAGs
[2023-09-13T08:12:34.985+0000] {logging_mixin.py:149} INFO - [2023-09-13T08:12:34.985+0000] {dag.py:3490} INFO - Setting next_dagrun for example_subdag_operator.section-1 to None, run_after=None
[2023-09-13T08:12:34.987+0000] {logging_mixin.py:149} INFO - [2023-09-13T08:12:34.986+0000] {dag.py:3490} INFO - Setting next_dagrun for example_subdag_operator.section-2 to None, run_after=None
[2023-09-13T08:12:35.021+0000] {processor.py:178} INFO - Processing /home/airflow/.local/lib/python3.7/site-packages/airflow/example_dags/example_subdag_operator.py took 0.222 seconds
[2023-09-13T09:26:12.373+0000] {processor.py:156} INFO - Started process (PID=69) to work on /home/airflow/.local/lib/python3.7/site-packages/airflow/example_dags/example_subdag_operator.py
[2023-09-13T09:26:12.375+0000] {processor.py:799} INFO - Processing file /home/airflow/.local/lib/python3.7/site-packages/airflow/example_dags/example_subdag_operator.py for tasks to queue
[2023-09-13T09:26:12.376+0000] {logging_mixin.py:149} INFO - [2023-09-13T09:26:12.376+0000] {dagbag.py:541} INFO - Filling up the DagBag from /home/airflow/.local/lib/python3.7/site-packages/airflow/example_dags/example_subdag_operator.py
[2023-09-13T09:26:12.412+0000] {processor.py:809} INFO - DAG(s) dict_keys(['example_subdag_operator.section-1', 'example_subdag_operator.section-2', 'example_subdag_operator']) retrieved from /home/airflow/.local/lib/python3.7/site-packages/airflow/example_dags/example_subdag_operator.py
[2023-09-13T09:26:12.448+0000] {logging_mixin.py:149} INFO - [2023-09-13T09:26:12.448+0000] {dag.py:2726} INFO - Sync 3 DAGs
[2023-09-13T09:26:12.492+0000] {logging_mixin.py:149} INFO - [2023-09-13T09:26:12.492+0000] {dag.py:3490} INFO - Setting next_dagrun for example_subdag_operator to 2022-01-01T00:00:00+00:00, run_after=2022-01-01T00:00:00+00:00
[2023-09-13T09:26:12.499+0000] {logging_mixin.py:149} INFO - [2023-09-13T09:26:12.499+0000] {dag.py:3490} INFO - Setting next_dagrun for example_subdag_operator.section-1 to None, run_after=None
[2023-09-13T09:26:12.503+0000] {logging_mixin.py:149} INFO - [2023-09-13T09:26:12.502+0000] {dag.py:3490} INFO - Setting next_dagrun for example_subdag_operator.section-2 to None, run_after=None
[2023-09-13T09:26:12.518+0000] {logging_mixin.py:149} INFO - [2023-09-13T09:26:12.517+0000] {dag.py:2726} INFO - Sync 2 DAGs
[2023-09-13T09:26:12.529+0000] {logging_mixin.py:149} INFO - [2023-09-13T09:26:12.528+0000] {dag.py:3490} INFO - Setting next_dagrun for example_subdag_operator.section-1 to None, run_after=None
[2023-09-13T09:26:12.530+0000] {logging_mixin.py:149} INFO - [2023-09-13T09:26:12.529+0000] {dag.py:3490} INFO - Setting next_dagrun for example_subdag_operator.section-2 to None, run_after=None
[2023-09-13T09:26:12.549+0000] {processor.py:178} INFO - Processing /home/airflow/.local/lib/python3.7/site-packages/airflow/example_dags/example_subdag_operator.py took 0.180 seconds
