[2023-09-13T07:58:56.625+0000] {processor.py:156} INFO - Started process (PID=72) to work on /home/airflow/.local/lib/python3.7/site-packages/airflow/example_dags/example_trigger_controller_dag.py
[2023-09-13T07:58:56.628+0000] {processor.py:799} INFO - Processing file /home/airflow/.local/lib/python3.7/site-packages/airflow/example_dags/example_trigger_controller_dag.py for tasks to queue
[2023-09-13T07:58:56.632+0000] {logging_mixin.py:149} INFO - [2023-09-13T07:58:56.631+0000] {dagbag.py:541} INFO - Filling up the DagBag from /home/airflow/.local/lib/python3.7/site-packages/airflow/example_dags/example_trigger_controller_dag.py
[2023-09-13T07:58:56.645+0000] {processor.py:809} INFO - DAG(s) dict_keys(['example_trigger_controller_dag']) retrieved from /home/airflow/.local/lib/python3.7/site-packages/airflow/example_dags/example_trigger_controller_dag.py
[2023-09-13T07:58:56.714+0000] {logging_mixin.py:149} INFO - [2023-09-13T07:58:56.714+0000] {dag.py:2726} INFO - Sync 1 DAGs
[2023-09-13T07:58:56.778+0000] {logging_mixin.py:149} INFO - [2023-09-13T07:58:56.778+0000] {dag.py:3490} INFO - Setting next_dagrun for example_trigger_controller_dag to 2021-01-01T00:00:00+00:00, run_after=2021-01-01T00:00:00+00:00
[2023-09-13T07:58:56.837+0000] {processor.py:178} INFO - Processing /home/airflow/.local/lib/python3.7/site-packages/airflow/example_dags/example_trigger_controller_dag.py took 0.223 seconds
[2023-09-13T07:59:27.200+0000] {processor.py:156} INFO - Started process (PID=131) to work on /home/airflow/.local/lib/python3.7/site-packages/airflow/example_dags/example_trigger_controller_dag.py
[2023-09-13T07:59:27.204+0000] {processor.py:799} INFO - Processing file /home/airflow/.local/lib/python3.7/site-packages/airflow/example_dags/example_trigger_controller_dag.py for tasks to queue
[2023-09-13T07:59:27.206+0000] {logging_mixin.py:149} INFO - [2023-09-13T07:59:27.206+0000] {dagbag.py:541} INFO - Filling up the DagBag from /home/airflow/.local/lib/python3.7/site-packages/airflow/example_dags/example_trigger_controller_dag.py
[2023-09-13T07:59:27.218+0000] {processor.py:809} INFO - DAG(s) dict_keys(['example_trigger_controller_dag']) retrieved from /home/airflow/.local/lib/python3.7/site-packages/airflow/example_dags/example_trigger_controller_dag.py
[2023-09-13T07:59:27.262+0000] {logging_mixin.py:149} INFO - [2023-09-13T07:59:27.261+0000] {dag.py:2726} INFO - Sync 1 DAGs
[2023-09-13T07:59:27.313+0000] {logging_mixin.py:149} INFO - [2023-09-13T07:59:27.313+0000] {dag.py:3490} INFO - Setting next_dagrun for example_trigger_controller_dag to 2021-01-01T00:00:00+00:00, run_after=2021-01-01T00:00:00+00:00
[2023-09-13T07:59:27.351+0000] {processor.py:178} INFO - Processing /home/airflow/.local/lib/python3.7/site-packages/airflow/example_dags/example_trigger_controller_dag.py took 0.159 seconds
[2023-09-13T08:00:00.587+0000] {processor.py:156} INFO - Started process (PID=192) to work on /home/airflow/.local/lib/python3.7/site-packages/airflow/example_dags/example_trigger_controller_dag.py
[2023-09-13T08:00:00.590+0000] {processor.py:799} INFO - Processing file /home/airflow/.local/lib/python3.7/site-packages/airflow/example_dags/example_trigger_controller_dag.py for tasks to queue
[2023-09-13T08:00:00.594+0000] {logging_mixin.py:149} INFO - [2023-09-13T08:00:00.593+0000] {dagbag.py:541} INFO - Filling up the DagBag from /home/airflow/.local/lib/python3.7/site-packages/airflow/example_dags/example_trigger_controller_dag.py
[2023-09-13T08:00:00.602+0000] {processor.py:809} INFO - DAG(s) dict_keys(['example_trigger_controller_dag']) retrieved from /home/airflow/.local/lib/python3.7/site-packages/airflow/example_dags/example_trigger_controller_dag.py
[2023-09-13T08:00:00.663+0000] {logging_mixin.py:149} INFO - [2023-09-13T08:00:00.662+0000] {dag.py:2726} INFO - Sync 1 DAGs
[2023-09-13T08:00:00.921+0000] {logging_mixin.py:149} INFO - [2023-09-13T08:00:00.921+0000] {dag.py:3490} INFO - Setting next_dagrun for example_trigger_controller_dag to 2021-01-01T00:00:00+00:00, run_after=2021-01-01T00:00:00+00:00
[2023-09-13T08:00:00.970+0000] {processor.py:178} INFO - Processing /home/airflow/.local/lib/python3.7/site-packages/airflow/example_dags/example_trigger_controller_dag.py took 0.388 seconds
[2023-09-13T08:00:31.211+0000] {processor.py:156} INFO - Started process (PID=252) to work on /home/airflow/.local/lib/python3.7/site-packages/airflow/example_dags/example_trigger_controller_dag.py
[2023-09-13T08:00:31.216+0000] {processor.py:799} INFO - Processing file /home/airflow/.local/lib/python3.7/site-packages/airflow/example_dags/example_trigger_controller_dag.py for tasks to queue
[2023-09-13T08:00:31.219+0000] {logging_mixin.py:149} INFO - [2023-09-13T08:00:31.219+0000] {dagbag.py:541} INFO - Filling up the DagBag from /home/airflow/.local/lib/python3.7/site-packages/airflow/example_dags/example_trigger_controller_dag.py
[2023-09-13T08:00:31.234+0000] {processor.py:809} INFO - DAG(s) dict_keys(['example_trigger_controller_dag']) retrieved from /home/airflow/.local/lib/python3.7/site-packages/airflow/example_dags/example_trigger_controller_dag.py
[2023-09-13T08:00:31.329+0000] {logging_mixin.py:149} INFO - [2023-09-13T08:00:31.328+0000] {dag.py:2726} INFO - Sync 1 DAGs
[2023-09-13T08:00:31.431+0000] {logging_mixin.py:149} INFO - [2023-09-13T08:00:31.430+0000] {dag.py:3490} INFO - Setting next_dagrun for example_trigger_controller_dag to 2021-01-01T00:00:00+00:00, run_after=2021-01-01T00:00:00+00:00
[2023-09-13T08:00:31.509+0000] {processor.py:178} INFO - Processing /home/airflow/.local/lib/python3.7/site-packages/airflow/example_dags/example_trigger_controller_dag.py took 0.311 seconds
[2023-09-13T08:01:04.834+0000] {processor.py:156} INFO - Started process (PID=312) to work on /home/airflow/.local/lib/python3.7/site-packages/airflow/example_dags/example_trigger_controller_dag.py
[2023-09-13T08:01:04.864+0000] {processor.py:799} INFO - Processing file /home/airflow/.local/lib/python3.7/site-packages/airflow/example_dags/example_trigger_controller_dag.py for tasks to queue
[2023-09-13T08:01:04.877+0000] {logging_mixin.py:149} INFO - [2023-09-13T08:01:04.876+0000] {dagbag.py:541} INFO - Filling up the DagBag from /home/airflow/.local/lib/python3.7/site-packages/airflow/example_dags/example_trigger_controller_dag.py
[2023-09-13T08:01:04.912+0000] {processor.py:809} INFO - DAG(s) dict_keys(['example_trigger_controller_dag']) retrieved from /home/airflow/.local/lib/python3.7/site-packages/airflow/example_dags/example_trigger_controller_dag.py
[2023-09-13T08:01:05.074+0000] {logging_mixin.py:149} INFO - [2023-09-13T08:01:05.073+0000] {dag.py:2726} INFO - Sync 1 DAGs
[2023-09-13T08:01:05.236+0000] {logging_mixin.py:149} INFO - [2023-09-13T08:01:05.236+0000] {dag.py:3490} INFO - Setting next_dagrun for example_trigger_controller_dag to 2021-01-01T00:00:00+00:00, run_after=2021-01-01T00:00:00+00:00
[2023-09-13T08:01:05.385+0000] {processor.py:178} INFO - Processing /home/airflow/.local/lib/python3.7/site-packages/airflow/example_dags/example_trigger_controller_dag.py took 0.570 seconds
[2023-09-13T08:01:35.970+0000] {processor.py:156} INFO - Started process (PID=371) to work on /home/airflow/.local/lib/python3.7/site-packages/airflow/example_dags/example_trigger_controller_dag.py
[2023-09-13T08:01:35.986+0000] {processor.py:799} INFO - Processing file /home/airflow/.local/lib/python3.7/site-packages/airflow/example_dags/example_trigger_controller_dag.py for tasks to queue
[2023-09-13T08:01:36.022+0000] {logging_mixin.py:149} INFO - [2023-09-13T08:01:36.021+0000] {dagbag.py:541} INFO - Filling up the DagBag from /home/airflow/.local/lib/python3.7/site-packages/airflow/example_dags/example_trigger_controller_dag.py
[2023-09-13T08:01:36.073+0000] {processor.py:809} INFO - DAG(s) dict_keys(['example_trigger_controller_dag']) retrieved from /home/airflow/.local/lib/python3.7/site-packages/airflow/example_dags/example_trigger_controller_dag.py
[2023-09-13T08:01:36.247+0000] {logging_mixin.py:149} INFO - [2023-09-13T08:01:36.246+0000] {dag.py:2726} INFO - Sync 1 DAGs
[2023-09-13T08:01:36.467+0000] {logging_mixin.py:149} INFO - [2023-09-13T08:01:36.466+0000] {dag.py:3490} INFO - Setting next_dagrun for example_trigger_controller_dag to 2021-01-01T00:00:00+00:00, run_after=2021-01-01T00:00:00+00:00
[2023-09-13T08:01:36.642+0000] {processor.py:178} INFO - Processing /home/airflow/.local/lib/python3.7/site-packages/airflow/example_dags/example_trigger_controller_dag.py took 0.690 seconds
[2023-09-13T08:02:07.361+0000] {processor.py:156} INFO - Started process (PID=431) to work on /home/airflow/.local/lib/python3.7/site-packages/airflow/example_dags/example_trigger_controller_dag.py
[2023-09-13T08:02:07.364+0000] {processor.py:799} INFO - Processing file /home/airflow/.local/lib/python3.7/site-packages/airflow/example_dags/example_trigger_controller_dag.py for tasks to queue
[2023-09-13T08:02:07.366+0000] {logging_mixin.py:149} INFO - [2023-09-13T08:02:07.366+0000] {dagbag.py:541} INFO - Filling up the DagBag from /home/airflow/.local/lib/python3.7/site-packages/airflow/example_dags/example_trigger_controller_dag.py
[2023-09-13T08:02:07.374+0000] {processor.py:809} INFO - DAG(s) dict_keys(['example_trigger_controller_dag']) retrieved from /home/airflow/.local/lib/python3.7/site-packages/airflow/example_dags/example_trigger_controller_dag.py
[2023-09-13T08:02:07.414+0000] {logging_mixin.py:149} INFO - [2023-09-13T08:02:07.414+0000] {dag.py:2726} INFO - Sync 1 DAGs
[2023-09-13T08:02:07.460+0000] {logging_mixin.py:149} INFO - [2023-09-13T08:02:07.460+0000] {dag.py:3490} INFO - Setting next_dagrun for example_trigger_controller_dag to 2021-01-01T00:00:00+00:00, run_after=2021-01-01T00:00:00+00:00
[2023-09-13T08:02:07.507+0000] {processor.py:178} INFO - Processing /home/airflow/.local/lib/python3.7/site-packages/airflow/example_dags/example_trigger_controller_dag.py took 0.150 seconds
[2023-09-13T08:02:38.324+0000] {processor.py:156} INFO - Started process (PID=491) to work on /home/airflow/.local/lib/python3.7/site-packages/airflow/example_dags/example_trigger_controller_dag.py
[2023-09-13T08:02:38.327+0000] {processor.py:799} INFO - Processing file /home/airflow/.local/lib/python3.7/site-packages/airflow/example_dags/example_trigger_controller_dag.py for tasks to queue
[2023-09-13T08:02:38.329+0000] {logging_mixin.py:149} INFO - [2023-09-13T08:02:38.329+0000] {dagbag.py:541} INFO - Filling up the DagBag from /home/airflow/.local/lib/python3.7/site-packages/airflow/example_dags/example_trigger_controller_dag.py
[2023-09-13T08:02:38.340+0000] {processor.py:809} INFO - DAG(s) dict_keys(['example_trigger_controller_dag']) retrieved from /home/airflow/.local/lib/python3.7/site-packages/airflow/example_dags/example_trigger_controller_dag.py
[2023-09-13T08:02:38.395+0000] {logging_mixin.py:149} INFO - [2023-09-13T08:02:38.395+0000] {dag.py:2726} INFO - Sync 1 DAGs
[2023-09-13T08:02:38.461+0000] {logging_mixin.py:149} INFO - [2023-09-13T08:02:38.460+0000] {dag.py:3490} INFO - Setting next_dagrun for example_trigger_controller_dag to 2021-01-01T00:00:00+00:00, run_after=2021-01-01T00:00:00+00:00
[2023-09-13T08:02:38.515+0000] {processor.py:178} INFO - Processing /home/airflow/.local/lib/python3.7/site-packages/airflow/example_dags/example_trigger_controller_dag.py took 0.197 seconds
[2023-09-13T08:03:10.114+0000] {processor.py:156} INFO - Started process (PID=551) to work on /home/airflow/.local/lib/python3.7/site-packages/airflow/example_dags/example_trigger_controller_dag.py
[2023-09-13T08:03:10.119+0000] {processor.py:799} INFO - Processing file /home/airflow/.local/lib/python3.7/site-packages/airflow/example_dags/example_trigger_controller_dag.py for tasks to queue
[2023-09-13T08:03:10.124+0000] {logging_mixin.py:149} INFO - [2023-09-13T08:03:10.124+0000] {dagbag.py:541} INFO - Filling up the DagBag from /home/airflow/.local/lib/python3.7/site-packages/airflow/example_dags/example_trigger_controller_dag.py
[2023-09-13T08:03:10.137+0000] {processor.py:809} INFO - DAG(s) dict_keys(['example_trigger_controller_dag']) retrieved from /home/airflow/.local/lib/python3.7/site-packages/airflow/example_dags/example_trigger_controller_dag.py
[2023-09-13T08:03:10.227+0000] {logging_mixin.py:149} INFO - [2023-09-13T08:03:10.227+0000] {dag.py:2726} INFO - Sync 1 DAGs
[2023-09-13T08:03:10.328+0000] {logging_mixin.py:149} INFO - [2023-09-13T08:03:10.328+0000] {dag.py:3490} INFO - Setting next_dagrun for example_trigger_controller_dag to 2021-01-01T00:00:00+00:00, run_after=2021-01-01T00:00:00+00:00
[2023-09-13T08:03:10.403+0000] {processor.py:178} INFO - Processing /home/airflow/.local/lib/python3.7/site-packages/airflow/example_dags/example_trigger_controller_dag.py took 0.296 seconds
[2023-09-13T08:03:42.044+0000] {processor.py:156} INFO - Started process (PID=618) to work on /home/airflow/.local/lib/python3.7/site-packages/airflow/example_dags/example_trigger_controller_dag.py
[2023-09-13T08:03:42.048+0000] {processor.py:799} INFO - Processing file /home/airflow/.local/lib/python3.7/site-packages/airflow/example_dags/example_trigger_controller_dag.py for tasks to queue
[2023-09-13T08:03:42.051+0000] {logging_mixin.py:149} INFO - [2023-09-13T08:03:42.051+0000] {dagbag.py:541} INFO - Filling up the DagBag from /home/airflow/.local/lib/python3.7/site-packages/airflow/example_dags/example_trigger_controller_dag.py
[2023-09-13T08:03:42.069+0000] {processor.py:809} INFO - DAG(s) dict_keys(['example_trigger_controller_dag']) retrieved from /home/airflow/.local/lib/python3.7/site-packages/airflow/example_dags/example_trigger_controller_dag.py
[2023-09-13T08:03:42.163+0000] {logging_mixin.py:149} INFO - [2023-09-13T08:03:42.163+0000] {dag.py:2726} INFO - Sync 1 DAGs
[2023-09-13T08:03:42.268+0000] {logging_mixin.py:149} INFO - [2023-09-13T08:03:42.268+0000] {dag.py:3490} INFO - Setting next_dagrun for example_trigger_controller_dag to 2021-01-01T00:00:00+00:00, run_after=2021-01-01T00:00:00+00:00
[2023-09-13T08:03:42.359+0000] {processor.py:178} INFO - Processing /home/airflow/.local/lib/python3.7/site-packages/airflow/example_dags/example_trigger_controller_dag.py took 0.329 seconds
[2023-09-13T08:04:13.586+0000] {processor.py:156} INFO - Started process (PID=679) to work on /home/airflow/.local/lib/python3.7/site-packages/airflow/example_dags/example_trigger_controller_dag.py
[2023-09-13T08:04:13.592+0000] {processor.py:799} INFO - Processing file /home/airflow/.local/lib/python3.7/site-packages/airflow/example_dags/example_trigger_controller_dag.py for tasks to queue
[2023-09-13T08:04:13.599+0000] {logging_mixin.py:149} INFO - [2023-09-13T08:04:13.599+0000] {dagbag.py:541} INFO - Filling up the DagBag from /home/airflow/.local/lib/python3.7/site-packages/airflow/example_dags/example_trigger_controller_dag.py
[2023-09-13T08:04:13.621+0000] {processor.py:809} INFO - DAG(s) dict_keys(['example_trigger_controller_dag']) retrieved from /home/airflow/.local/lib/python3.7/site-packages/airflow/example_dags/example_trigger_controller_dag.py
[2023-09-13T08:04:13.726+0000] {logging_mixin.py:149} INFO - [2023-09-13T08:04:13.723+0000] {dag.py:2726} INFO - Sync 1 DAGs
[2023-09-13T08:04:13.860+0000] {logging_mixin.py:149} INFO - [2023-09-13T08:04:13.860+0000] {dag.py:3490} INFO - Setting next_dagrun for example_trigger_controller_dag to 2021-01-01T00:00:00+00:00, run_after=2021-01-01T00:00:00+00:00
[2023-09-13T08:04:13.994+0000] {processor.py:178} INFO - Processing /home/airflow/.local/lib/python3.7/site-packages/airflow/example_dags/example_trigger_controller_dag.py took 0.425 seconds
[2023-09-13T08:04:44.183+0000] {processor.py:156} INFO - Started process (PID=739) to work on /home/airflow/.local/lib/python3.7/site-packages/airflow/example_dags/example_trigger_controller_dag.py
[2023-09-13T08:04:44.186+0000] {processor.py:799} INFO - Processing file /home/airflow/.local/lib/python3.7/site-packages/airflow/example_dags/example_trigger_controller_dag.py for tasks to queue
[2023-09-13T08:04:44.189+0000] {logging_mixin.py:149} INFO - [2023-09-13T08:04:44.188+0000] {dagbag.py:541} INFO - Filling up the DagBag from /home/airflow/.local/lib/python3.7/site-packages/airflow/example_dags/example_trigger_controller_dag.py
[2023-09-13T08:04:44.200+0000] {processor.py:809} INFO - DAG(s) dict_keys(['example_trigger_controller_dag']) retrieved from /home/airflow/.local/lib/python3.7/site-packages/airflow/example_dags/example_trigger_controller_dag.py
[2023-09-13T08:04:44.277+0000] {logging_mixin.py:149} INFO - [2023-09-13T08:04:44.276+0000] {dag.py:2726} INFO - Sync 1 DAGs
[2023-09-13T08:04:44.364+0000] {logging_mixin.py:149} INFO - [2023-09-13T08:04:44.363+0000] {dag.py:3490} INFO - Setting next_dagrun for example_trigger_controller_dag to 2021-01-01T00:00:00+00:00, run_after=2021-01-01T00:00:00+00:00
[2023-09-13T08:04:44.439+0000] {processor.py:178} INFO - Processing /home/airflow/.local/lib/python3.7/site-packages/airflow/example_dags/example_trigger_controller_dag.py took 0.264 seconds
[2023-09-13T08:05:14.606+0000] {processor.py:156} INFO - Started process (PID=800) to work on /home/airflow/.local/lib/python3.7/site-packages/airflow/example_dags/example_trigger_controller_dag.py
[2023-09-13T08:05:14.609+0000] {processor.py:799} INFO - Processing file /home/airflow/.local/lib/python3.7/site-packages/airflow/example_dags/example_trigger_controller_dag.py for tasks to queue
[2023-09-13T08:05:14.612+0000] {logging_mixin.py:149} INFO - [2023-09-13T08:05:14.612+0000] {dagbag.py:541} INFO - Filling up the DagBag from /home/airflow/.local/lib/python3.7/site-packages/airflow/example_dags/example_trigger_controller_dag.py
[2023-09-13T08:05:14.632+0000] {processor.py:809} INFO - DAG(s) dict_keys(['example_trigger_controller_dag']) retrieved from /home/airflow/.local/lib/python3.7/site-packages/airflow/example_dags/example_trigger_controller_dag.py
[2023-09-13T08:05:14.718+0000] {logging_mixin.py:149} INFO - [2023-09-13T08:05:14.718+0000] {dag.py:2726} INFO - Sync 1 DAGs
[2023-09-13T08:05:14.856+0000] {logging_mixin.py:149} INFO - [2023-09-13T08:05:14.855+0000] {dag.py:3490} INFO - Setting next_dagrun for example_trigger_controller_dag to 2021-01-01T00:00:00+00:00, run_after=2021-01-01T00:00:00+00:00
[2023-09-13T08:05:14.978+0000] {processor.py:178} INFO - Processing /home/airflow/.local/lib/python3.7/site-packages/airflow/example_dags/example_trigger_controller_dag.py took 0.381 seconds
[2023-09-13T08:05:50.911+0000] {processor.py:156} INFO - Started process (PID=860) to work on /home/airflow/.local/lib/python3.7/site-packages/airflow/example_dags/example_trigger_controller_dag.py
[2023-09-13T08:05:50.917+0000] {processor.py:799} INFO - Processing file /home/airflow/.local/lib/python3.7/site-packages/airflow/example_dags/example_trigger_controller_dag.py for tasks to queue
[2023-09-13T08:05:50.922+0000] {logging_mixin.py:149} INFO - [2023-09-13T08:05:50.922+0000] {dagbag.py:541} INFO - Filling up the DagBag from /home/airflow/.local/lib/python3.7/site-packages/airflow/example_dags/example_trigger_controller_dag.py
[2023-09-13T08:05:50.942+0000] {processor.py:809} INFO - DAG(s) dict_keys(['example_trigger_controller_dag']) retrieved from /home/airflow/.local/lib/python3.7/site-packages/airflow/example_dags/example_trigger_controller_dag.py
[2023-09-13T08:05:51.110+0000] {logging_mixin.py:149} INFO - [2023-09-13T08:05:51.109+0000] {dag.py:2726} INFO - Sync 1 DAGs
[2023-09-13T08:05:51.325+0000] {logging_mixin.py:149} INFO - [2023-09-13T08:05:51.325+0000] {dag.py:3490} INFO - Setting next_dagrun for example_trigger_controller_dag to 2021-01-01T00:00:00+00:00, run_after=2021-01-01T00:00:00+00:00
[2023-09-13T08:05:51.457+0000] {processor.py:178} INFO - Processing /home/airflow/.local/lib/python3.7/site-packages/airflow/example_dags/example_trigger_controller_dag.py took 0.558 seconds
[2023-09-13T08:06:21.634+0000] {processor.py:156} INFO - Started process (PID=920) to work on /home/airflow/.local/lib/python3.7/site-packages/airflow/example_dags/example_trigger_controller_dag.py
[2023-09-13T08:06:21.637+0000] {processor.py:799} INFO - Processing file /home/airflow/.local/lib/python3.7/site-packages/airflow/example_dags/example_trigger_controller_dag.py for tasks to queue
[2023-09-13T08:06:21.642+0000] {logging_mixin.py:149} INFO - [2023-09-13T08:06:21.642+0000] {dagbag.py:541} INFO - Filling up the DagBag from /home/airflow/.local/lib/python3.7/site-packages/airflow/example_dags/example_trigger_controller_dag.py
[2023-09-13T08:06:21.652+0000] {processor.py:809} INFO - DAG(s) dict_keys(['example_trigger_controller_dag']) retrieved from /home/airflow/.local/lib/python3.7/site-packages/airflow/example_dags/example_trigger_controller_dag.py
[2023-09-13T08:06:21.710+0000] {logging_mixin.py:149} INFO - [2023-09-13T08:06:21.710+0000] {dag.py:2726} INFO - Sync 1 DAGs
[2023-09-13T08:06:21.768+0000] {logging_mixin.py:149} INFO - [2023-09-13T08:06:21.768+0000] {dag.py:3490} INFO - Setting next_dagrun for example_trigger_controller_dag to 2021-01-01T00:00:00+00:00, run_after=2021-01-01T00:00:00+00:00
[2023-09-13T08:06:21.843+0000] {processor.py:178} INFO - Processing /home/airflow/.local/lib/python3.7/site-packages/airflow/example_dags/example_trigger_controller_dag.py took 0.216 seconds
[2023-09-13T08:06:51.929+0000] {processor.py:156} INFO - Started process (PID=980) to work on /home/airflow/.local/lib/python3.7/site-packages/airflow/example_dags/example_trigger_controller_dag.py
[2023-09-13T08:06:51.932+0000] {processor.py:799} INFO - Processing file /home/airflow/.local/lib/python3.7/site-packages/airflow/example_dags/example_trigger_controller_dag.py for tasks to queue
[2023-09-13T08:06:51.935+0000] {logging_mixin.py:149} INFO - [2023-09-13T08:06:51.934+0000] {dagbag.py:541} INFO - Filling up the DagBag from /home/airflow/.local/lib/python3.7/site-packages/airflow/example_dags/example_trigger_controller_dag.py
[2023-09-13T08:06:51.947+0000] {processor.py:809} INFO - DAG(s) dict_keys(['example_trigger_controller_dag']) retrieved from /home/airflow/.local/lib/python3.7/site-packages/airflow/example_dags/example_trigger_controller_dag.py
[2023-09-13T08:06:52.025+0000] {logging_mixin.py:149} INFO - [2023-09-13T08:06:52.024+0000] {dag.py:2726} INFO - Sync 1 DAGs
[2023-09-13T08:06:52.108+0000] {logging_mixin.py:149} INFO - [2023-09-13T08:06:52.107+0000] {dag.py:3490} INFO - Setting next_dagrun for example_trigger_controller_dag to 2021-01-01T00:00:00+00:00, run_after=2021-01-01T00:00:00+00:00
[2023-09-13T08:06:52.213+0000] {processor.py:178} INFO - Processing /home/airflow/.local/lib/python3.7/site-packages/airflow/example_dags/example_trigger_controller_dag.py took 0.290 seconds
[2023-09-13T08:07:23.142+0000] {processor.py:156} INFO - Started process (PID=1040) to work on /home/airflow/.local/lib/python3.7/site-packages/airflow/example_dags/example_trigger_controller_dag.py
[2023-09-13T08:07:23.145+0000] {processor.py:799} INFO - Processing file /home/airflow/.local/lib/python3.7/site-packages/airflow/example_dags/example_trigger_controller_dag.py for tasks to queue
[2023-09-13T08:07:23.147+0000] {logging_mixin.py:149} INFO - [2023-09-13T08:07:23.147+0000] {dagbag.py:541} INFO - Filling up the DagBag from /home/airflow/.local/lib/python3.7/site-packages/airflow/example_dags/example_trigger_controller_dag.py
[2023-09-13T08:07:23.160+0000] {processor.py:809} INFO - DAG(s) dict_keys(['example_trigger_controller_dag']) retrieved from /home/airflow/.local/lib/python3.7/site-packages/airflow/example_dags/example_trigger_controller_dag.py
[2023-09-13T08:07:23.235+0000] {logging_mixin.py:149} INFO - [2023-09-13T08:07:23.235+0000] {dag.py:2726} INFO - Sync 1 DAGs
[2023-09-13T08:07:23.316+0000] {logging_mixin.py:149} INFO - [2023-09-13T08:07:23.315+0000] {dag.py:3490} INFO - Setting next_dagrun for example_trigger_controller_dag to 2021-01-01T00:00:00+00:00, run_after=2021-01-01T00:00:00+00:00
[2023-09-13T08:07:23.378+0000] {processor.py:178} INFO - Processing /home/airflow/.local/lib/python3.7/site-packages/airflow/example_dags/example_trigger_controller_dag.py took 0.246 seconds
[2023-09-13T08:07:53.852+0000] {processor.py:156} INFO - Started process (PID=1100) to work on /home/airflow/.local/lib/python3.7/site-packages/airflow/example_dags/example_trigger_controller_dag.py
[2023-09-13T08:07:53.855+0000] {processor.py:799} INFO - Processing file /home/airflow/.local/lib/python3.7/site-packages/airflow/example_dags/example_trigger_controller_dag.py for tasks to queue
[2023-09-13T08:07:53.858+0000] {logging_mixin.py:149} INFO - [2023-09-13T08:07:53.857+0000] {dagbag.py:541} INFO - Filling up the DagBag from /home/airflow/.local/lib/python3.7/site-packages/airflow/example_dags/example_trigger_controller_dag.py
[2023-09-13T08:07:53.871+0000] {processor.py:809} INFO - DAG(s) dict_keys(['example_trigger_controller_dag']) retrieved from /home/airflow/.local/lib/python3.7/site-packages/airflow/example_dags/example_trigger_controller_dag.py
[2023-09-13T08:07:53.942+0000] {logging_mixin.py:149} INFO - [2023-09-13T08:07:53.942+0000] {dag.py:2726} INFO - Sync 1 DAGs
[2023-09-13T08:07:54.035+0000] {logging_mixin.py:149} INFO - [2023-09-13T08:07:54.035+0000] {dag.py:3490} INFO - Setting next_dagrun for example_trigger_controller_dag to 2021-01-01T00:00:00+00:00, run_after=2021-01-01T00:00:00+00:00
[2023-09-13T08:07:54.099+0000] {processor.py:178} INFO - Processing /home/airflow/.local/lib/python3.7/site-packages/airflow/example_dags/example_trigger_controller_dag.py took 0.254 seconds
[2023-09-13T08:08:25.248+0000] {processor.py:156} INFO - Started process (PID=1160) to work on /home/airflow/.local/lib/python3.7/site-packages/airflow/example_dags/example_trigger_controller_dag.py
[2023-09-13T08:08:25.251+0000] {processor.py:799} INFO - Processing file /home/airflow/.local/lib/python3.7/site-packages/airflow/example_dags/example_trigger_controller_dag.py for tasks to queue
[2023-09-13T08:08:25.254+0000] {logging_mixin.py:149} INFO - [2023-09-13T08:08:25.253+0000] {dagbag.py:541} INFO - Filling up the DagBag from /home/airflow/.local/lib/python3.7/site-packages/airflow/example_dags/example_trigger_controller_dag.py
[2023-09-13T08:08:25.264+0000] {processor.py:809} INFO - DAG(s) dict_keys(['example_trigger_controller_dag']) retrieved from /home/airflow/.local/lib/python3.7/site-packages/airflow/example_dags/example_trigger_controller_dag.py
[2023-09-13T08:08:25.330+0000] {logging_mixin.py:149} INFO - [2023-09-13T08:08:25.329+0000] {dag.py:2726} INFO - Sync 1 DAGs
[2023-09-13T08:08:25.413+0000] {logging_mixin.py:149} INFO - [2023-09-13T08:08:25.412+0000] {dag.py:3490} INFO - Setting next_dagrun for example_trigger_controller_dag to 2021-01-01T00:00:00+00:00, run_after=2021-01-01T00:00:00+00:00
[2023-09-13T08:08:25.498+0000] {processor.py:178} INFO - Processing /home/airflow/.local/lib/python3.7/site-packages/airflow/example_dags/example_trigger_controller_dag.py took 0.259 seconds
[2023-09-13T08:08:57.406+0000] {processor.py:156} INFO - Started process (PID=1220) to work on /home/airflow/.local/lib/python3.7/site-packages/airflow/example_dags/example_trigger_controller_dag.py
[2023-09-13T08:08:57.417+0000] {processor.py:799} INFO - Processing file /home/airflow/.local/lib/python3.7/site-packages/airflow/example_dags/example_trigger_controller_dag.py for tasks to queue
[2023-09-13T08:08:57.423+0000] {logging_mixin.py:149} INFO - [2023-09-13T08:08:57.423+0000] {dagbag.py:541} INFO - Filling up the DagBag from /home/airflow/.local/lib/python3.7/site-packages/airflow/example_dags/example_trigger_controller_dag.py
[2023-09-13T08:08:57.441+0000] {processor.py:809} INFO - DAG(s) dict_keys(['example_trigger_controller_dag']) retrieved from /home/airflow/.local/lib/python3.7/site-packages/airflow/example_dags/example_trigger_controller_dag.py
[2023-09-13T08:08:57.587+0000] {logging_mixin.py:149} INFO - [2023-09-13T08:08:57.587+0000] {dag.py:2726} INFO - Sync 1 DAGs
[2023-09-13T08:08:57.727+0000] {logging_mixin.py:149} INFO - [2023-09-13T08:08:57.727+0000] {dag.py:3490} INFO - Setting next_dagrun for example_trigger_controller_dag to 2021-01-01T00:00:00+00:00, run_after=2021-01-01T00:00:00+00:00
[2023-09-13T08:08:57.858+0000] {processor.py:178} INFO - Processing /home/airflow/.local/lib/python3.7/site-packages/airflow/example_dags/example_trigger_controller_dag.py took 0.460 seconds
[2023-09-13T08:09:28.393+0000] {processor.py:156} INFO - Started process (PID=1280) to work on /home/airflow/.local/lib/python3.7/site-packages/airflow/example_dags/example_trigger_controller_dag.py
[2023-09-13T08:09:28.396+0000] {processor.py:799} INFO - Processing file /home/airflow/.local/lib/python3.7/site-packages/airflow/example_dags/example_trigger_controller_dag.py for tasks to queue
[2023-09-13T08:09:28.398+0000] {logging_mixin.py:149} INFO - [2023-09-13T08:09:28.398+0000] {dagbag.py:541} INFO - Filling up the DagBag from /home/airflow/.local/lib/python3.7/site-packages/airflow/example_dags/example_trigger_controller_dag.py
[2023-09-13T08:09:28.407+0000] {processor.py:809} INFO - DAG(s) dict_keys(['example_trigger_controller_dag']) retrieved from /home/airflow/.local/lib/python3.7/site-packages/airflow/example_dags/example_trigger_controller_dag.py
[2023-09-13T08:09:28.461+0000] {logging_mixin.py:149} INFO - [2023-09-13T08:09:28.460+0000] {dag.py:2726} INFO - Sync 1 DAGs
[2023-09-13T08:09:28.541+0000] {logging_mixin.py:149} INFO - [2023-09-13T08:09:28.541+0000] {dag.py:3490} INFO - Setting next_dagrun for example_trigger_controller_dag to 2021-01-01T00:00:00+00:00, run_after=2021-01-01T00:00:00+00:00
[2023-09-13T08:09:28.603+0000] {processor.py:178} INFO - Processing /home/airflow/.local/lib/python3.7/site-packages/airflow/example_dags/example_trigger_controller_dag.py took 0.217 seconds
[2023-09-13T08:09:59.268+0000] {processor.py:156} INFO - Started process (PID=1340) to work on /home/airflow/.local/lib/python3.7/site-packages/airflow/example_dags/example_trigger_controller_dag.py
[2023-09-13T08:09:59.271+0000] {processor.py:799} INFO - Processing file /home/airflow/.local/lib/python3.7/site-packages/airflow/example_dags/example_trigger_controller_dag.py for tasks to queue
[2023-09-13T08:09:59.273+0000] {logging_mixin.py:149} INFO - [2023-09-13T08:09:59.273+0000] {dagbag.py:541} INFO - Filling up the DagBag from /home/airflow/.local/lib/python3.7/site-packages/airflow/example_dags/example_trigger_controller_dag.py
[2023-09-13T08:09:59.283+0000] {processor.py:809} INFO - DAG(s) dict_keys(['example_trigger_controller_dag']) retrieved from /home/airflow/.local/lib/python3.7/site-packages/airflow/example_dags/example_trigger_controller_dag.py
[2023-09-13T08:09:59.330+0000] {logging_mixin.py:149} INFO - [2023-09-13T08:09:59.330+0000] {dag.py:2726} INFO - Sync 1 DAGs
[2023-09-13T08:09:59.383+0000] {logging_mixin.py:149} INFO - [2023-09-13T08:09:59.382+0000] {dag.py:3490} INFO - Setting next_dagrun for example_trigger_controller_dag to 2021-01-01T00:00:00+00:00, run_after=2021-01-01T00:00:00+00:00
[2023-09-13T08:09:59.431+0000] {processor.py:178} INFO - Processing /home/airflow/.local/lib/python3.7/site-packages/airflow/example_dags/example_trigger_controller_dag.py took 0.169 seconds
[2023-09-13T08:10:29.671+0000] {processor.py:156} INFO - Started process (PID=1400) to work on /home/airflow/.local/lib/python3.7/site-packages/airflow/example_dags/example_trigger_controller_dag.py
[2023-09-13T08:10:29.674+0000] {processor.py:799} INFO - Processing file /home/airflow/.local/lib/python3.7/site-packages/airflow/example_dags/example_trigger_controller_dag.py for tasks to queue
[2023-09-13T08:10:29.677+0000] {logging_mixin.py:149} INFO - [2023-09-13T08:10:29.677+0000] {dagbag.py:541} INFO - Filling up the DagBag from /home/airflow/.local/lib/python3.7/site-packages/airflow/example_dags/example_trigger_controller_dag.py
[2023-09-13T08:10:29.689+0000] {processor.py:809} INFO - DAG(s) dict_keys(['example_trigger_controller_dag']) retrieved from /home/airflow/.local/lib/python3.7/site-packages/airflow/example_dags/example_trigger_controller_dag.py
[2023-09-13T08:10:29.750+0000] {logging_mixin.py:149} INFO - [2023-09-13T08:10:29.749+0000] {dag.py:2726} INFO - Sync 1 DAGs
[2023-09-13T08:10:29.812+0000] {logging_mixin.py:149} INFO - [2023-09-13T08:10:29.812+0000] {dag.py:3490} INFO - Setting next_dagrun for example_trigger_controller_dag to 2021-01-01T00:00:00+00:00, run_after=2021-01-01T00:00:00+00:00
[2023-09-13T08:10:29.865+0000] {processor.py:178} INFO - Processing /home/airflow/.local/lib/python3.7/site-packages/airflow/example_dags/example_trigger_controller_dag.py took 0.202 seconds
[2023-09-13T08:11:00.114+0000] {processor.py:156} INFO - Started process (PID=1460) to work on /home/airflow/.local/lib/python3.7/site-packages/airflow/example_dags/example_trigger_controller_dag.py
[2023-09-13T08:11:00.118+0000] {processor.py:799} INFO - Processing file /home/airflow/.local/lib/python3.7/site-packages/airflow/example_dags/example_trigger_controller_dag.py for tasks to queue
[2023-09-13T08:11:00.123+0000] {logging_mixin.py:149} INFO - [2023-09-13T08:11:00.122+0000] {dagbag.py:541} INFO - Filling up the DagBag from /home/airflow/.local/lib/python3.7/site-packages/airflow/example_dags/example_trigger_controller_dag.py
[2023-09-13T08:11:00.148+0000] {processor.py:809} INFO - DAG(s) dict_keys(['example_trigger_controller_dag']) retrieved from /home/airflow/.local/lib/python3.7/site-packages/airflow/example_dags/example_trigger_controller_dag.py
[2023-09-13T08:11:00.252+0000] {logging_mixin.py:149} INFO - [2023-09-13T08:11:00.250+0000] {dag.py:2726} INFO - Sync 1 DAGs
[2023-09-13T08:11:00.342+0000] {logging_mixin.py:149} INFO - [2023-09-13T08:11:00.342+0000] {dag.py:3490} INFO - Setting next_dagrun for example_trigger_controller_dag to 2021-01-01T00:00:00+00:00, run_after=2021-01-01T00:00:00+00:00
[2023-09-13T08:11:00.390+0000] {processor.py:178} INFO - Processing /home/airflow/.local/lib/python3.7/site-packages/airflow/example_dags/example_trigger_controller_dag.py took 0.290 seconds
[2023-09-13T08:11:30.615+0000] {processor.py:156} INFO - Started process (PID=1520) to work on /home/airflow/.local/lib/python3.7/site-packages/airflow/example_dags/example_trigger_controller_dag.py
[2023-09-13T08:11:30.617+0000] {processor.py:799} INFO - Processing file /home/airflow/.local/lib/python3.7/site-packages/airflow/example_dags/example_trigger_controller_dag.py for tasks to queue
[2023-09-13T08:11:30.619+0000] {logging_mixin.py:149} INFO - [2023-09-13T08:11:30.619+0000] {dagbag.py:541} INFO - Filling up the DagBag from /home/airflow/.local/lib/python3.7/site-packages/airflow/example_dags/example_trigger_controller_dag.py
[2023-09-13T08:11:30.627+0000] {processor.py:809} INFO - DAG(s) dict_keys(['example_trigger_controller_dag']) retrieved from /home/airflow/.local/lib/python3.7/site-packages/airflow/example_dags/example_trigger_controller_dag.py
[2023-09-13T08:11:30.682+0000] {logging_mixin.py:149} INFO - [2023-09-13T08:11:30.682+0000] {dag.py:2726} INFO - Sync 1 DAGs
[2023-09-13T08:11:30.746+0000] {logging_mixin.py:149} INFO - [2023-09-13T08:11:30.745+0000] {dag.py:3490} INFO - Setting next_dagrun for example_trigger_controller_dag to 2021-01-01T00:00:00+00:00, run_after=2021-01-01T00:00:00+00:00
[2023-09-13T08:11:30.791+0000] {processor.py:178} INFO - Processing /home/airflow/.local/lib/python3.7/site-packages/airflow/example_dags/example_trigger_controller_dag.py took 0.183 seconds
[2023-09-13T08:12:01.458+0000] {processor.py:156} INFO - Started process (PID=1580) to work on /home/airflow/.local/lib/python3.7/site-packages/airflow/example_dags/example_trigger_controller_dag.py
[2023-09-13T08:12:01.460+0000] {processor.py:799} INFO - Processing file /home/airflow/.local/lib/python3.7/site-packages/airflow/example_dags/example_trigger_controller_dag.py for tasks to queue
[2023-09-13T08:12:01.462+0000] {logging_mixin.py:149} INFO - [2023-09-13T08:12:01.462+0000] {dagbag.py:541} INFO - Filling up the DagBag from /home/airflow/.local/lib/python3.7/site-packages/airflow/example_dags/example_trigger_controller_dag.py
[2023-09-13T08:12:01.471+0000] {processor.py:809} INFO - DAG(s) dict_keys(['example_trigger_controller_dag']) retrieved from /home/airflow/.local/lib/python3.7/site-packages/airflow/example_dags/example_trigger_controller_dag.py
[2023-09-13T08:12:01.531+0000] {logging_mixin.py:149} INFO - [2023-09-13T08:12:01.531+0000] {dag.py:2726} INFO - Sync 1 DAGs
[2023-09-13T08:12:01.588+0000] {logging_mixin.py:149} INFO - [2023-09-13T08:12:01.587+0000] {dag.py:3490} INFO - Setting next_dagrun for example_trigger_controller_dag to 2021-01-01T00:00:00+00:00, run_after=2021-01-01T00:00:00+00:00
[2023-09-13T08:12:01.629+0000] {processor.py:178} INFO - Processing /home/airflow/.local/lib/python3.7/site-packages/airflow/example_dags/example_trigger_controller_dag.py took 0.177 seconds
[2023-09-13T08:12:32.577+0000] {processor.py:156} INFO - Started process (PID=1640) to work on /home/airflow/.local/lib/python3.7/site-packages/airflow/example_dags/example_trigger_controller_dag.py
[2023-09-13T08:12:32.580+0000] {processor.py:799} INFO - Processing file /home/airflow/.local/lib/python3.7/site-packages/airflow/example_dags/example_trigger_controller_dag.py for tasks to queue
[2023-09-13T08:12:32.582+0000] {logging_mixin.py:149} INFO - [2023-09-13T08:12:32.582+0000] {dagbag.py:541} INFO - Filling up the DagBag from /home/airflow/.local/lib/python3.7/site-packages/airflow/example_dags/example_trigger_controller_dag.py
[2023-09-13T08:12:32.590+0000] {processor.py:809} INFO - DAG(s) dict_keys(['example_trigger_controller_dag']) retrieved from /home/airflow/.local/lib/python3.7/site-packages/airflow/example_dags/example_trigger_controller_dag.py
[2023-09-13T08:12:32.632+0000] {logging_mixin.py:149} INFO - [2023-09-13T08:12:32.632+0000] {dag.py:2726} INFO - Sync 1 DAGs
[2023-09-13T08:12:32.676+0000] {logging_mixin.py:149} INFO - [2023-09-13T08:12:32.676+0000] {dag.py:3490} INFO - Setting next_dagrun for example_trigger_controller_dag to 2021-01-01T00:00:00+00:00, run_after=2021-01-01T00:00:00+00:00
[2023-09-13T08:12:32.709+0000] {processor.py:178} INFO - Processing /home/airflow/.local/lib/python3.7/site-packages/airflow/example_dags/example_trigger_controller_dag.py took 0.137 seconds
[2023-09-13T09:26:11.831+0000] {processor.py:156} INFO - Started process (PID=65) to work on /home/airflow/.local/lib/python3.7/site-packages/airflow/example_dags/example_trigger_controller_dag.py
[2023-09-13T09:26:11.833+0000] {processor.py:799} INFO - Processing file /home/airflow/.local/lib/python3.7/site-packages/airflow/example_dags/example_trigger_controller_dag.py for tasks to queue
[2023-09-13T09:26:11.836+0000] {logging_mixin.py:149} INFO - [2023-09-13T09:26:11.835+0000] {dagbag.py:541} INFO - Filling up the DagBag from /home/airflow/.local/lib/python3.7/site-packages/airflow/example_dags/example_trigger_controller_dag.py
[2023-09-13T09:26:11.845+0000] {processor.py:809} INFO - DAG(s) dict_keys(['example_trigger_controller_dag']) retrieved from /home/airflow/.local/lib/python3.7/site-packages/airflow/example_dags/example_trigger_controller_dag.py
[2023-09-13T09:26:11.881+0000] {logging_mixin.py:149} INFO - [2023-09-13T09:26:11.880+0000] {dag.py:2726} INFO - Sync 1 DAGs
[2023-09-13T09:26:11.914+0000] {logging_mixin.py:149} INFO - [2023-09-13T09:26:11.914+0000] {dag.py:3490} INFO - Setting next_dagrun for example_trigger_controller_dag to 2021-01-01T00:00:00+00:00, run_after=2021-01-01T00:00:00+00:00
[2023-09-13T09:26:11.944+0000] {processor.py:178} INFO - Processing /home/airflow/.local/lib/python3.7/site-packages/airflow/example_dags/example_trigger_controller_dag.py took 0.118 seconds
