[2023-09-13T07:58:51.261+0000] {processor.py:156} INFO - Started process (PID=48) to work on /home/airflow/.local/lib/python3.7/site-packages/airflow/example_dags/example_datasets.py
[2023-09-13T07:58:51.266+0000] {processor.py:799} INFO - Processing file /home/airflow/.local/lib/python3.7/site-packages/airflow/example_dags/example_datasets.py for tasks to queue
[2023-09-13T07:58:51.270+0000] {logging_mixin.py:149} INFO - [2023-09-13T07:58:51.269+0000] {dagbag.py:541} INFO - Filling up the DagBag from /home/airflow/.local/lib/python3.7/site-packages/airflow/example_dags/example_datasets.py
[2023-09-13T07:58:51.322+0000] {processor.py:809} INFO - DAG(s) dict_keys(['dataset_consumes_1_never_scheduled', 'dataset_produces_2', 'dataset_produces_1', 'dataset_consumes_1', 'dataset_consumes_1_and_2', 'dataset_consumes_unknown_never_scheduled']) retrieved from /home/airflow/.local/lib/python3.7/site-packages/airflow/example_dags/example_datasets.py
[2023-09-13T07:58:51.743+0000] {logging_mixin.py:149} INFO - [2023-09-13T07:58:51.743+0000] {dag.py:2726} INFO - Sync 6 DAGs
[2023-09-13T07:58:51.850+0000] {logging_mixin.py:149} INFO - [2023-09-13T07:58:51.849+0000] {dag.py:3490} INFO - Setting next_dagrun for dataset_consumes_1 to None, run_after=None
[2023-09-13T07:58:51.859+0000] {logging_mixin.py:149} INFO - [2023-09-13T07:58:51.859+0000] {dag.py:3490} INFO - Setting next_dagrun for dataset_consumes_1_and_2 to None, run_after=None
[2023-09-13T07:58:51.864+0000] {logging_mixin.py:149} INFO - [2023-09-13T07:58:51.864+0000] {dag.py:3490} INFO - Setting next_dagrun for dataset_consumes_1_never_scheduled to None, run_after=None
[2023-09-13T07:58:51.870+0000] {logging_mixin.py:149} INFO - [2023-09-13T07:58:51.869+0000] {dag.py:3490} INFO - Setting next_dagrun for dataset_consumes_unknown_never_scheduled to None, run_after=None
[2023-09-13T07:58:51.881+0000] {logging_mixin.py:149} INFO - [2023-09-13T07:58:51.881+0000] {dag.py:3490} INFO - Setting next_dagrun for dataset_produces_1 to 2023-09-12T00:00:00+00:00, run_after=2023-09-13T00:00:00+00:00
[2023-09-13T07:58:51.891+0000] {logging_mixin.py:149} INFO - [2023-09-13T07:58:51.891+0000] {dag.py:3490} INFO - Setting next_dagrun for dataset_produces_2 to None, run_after=None
[2023-09-13T07:58:52.092+0000] {processor.py:178} INFO - Processing /home/airflow/.local/lib/python3.7/site-packages/airflow/example_dags/example_datasets.py took 0.843 seconds
[2023-09-13T07:59:22.552+0000] {processor.py:156} INFO - Started process (PID=109) to work on /home/airflow/.local/lib/python3.7/site-packages/airflow/example_dags/example_datasets.py
[2023-09-13T07:59:22.557+0000] {processor.py:799} INFO - Processing file /home/airflow/.local/lib/python3.7/site-packages/airflow/example_dags/example_datasets.py for tasks to queue
[2023-09-13T07:59:22.562+0000] {logging_mixin.py:149} INFO - [2023-09-13T07:59:22.561+0000] {dagbag.py:541} INFO - Filling up the DagBag from /home/airflow/.local/lib/python3.7/site-packages/airflow/example_dags/example_datasets.py
[2023-09-13T07:59:22.590+0000] {processor.py:809} INFO - DAG(s) dict_keys(['dataset_consumes_1_and_2', 'dataset_produces_2', 'dataset_consumes_unknown_never_scheduled', 'dataset_produces_1', 'dataset_consumes_1_never_scheduled', 'dataset_consumes_1']) retrieved from /home/airflow/.local/lib/python3.7/site-packages/airflow/example_dags/example_datasets.py
[2023-09-13T07:59:22.761+0000] {logging_mixin.py:149} INFO - [2023-09-13T07:59:22.760+0000] {dag.py:2726} INFO - Sync 6 DAGs
[2023-09-13T07:59:22.914+0000] {logging_mixin.py:149} INFO - [2023-09-13T07:59:22.914+0000] {dag.py:3490} INFO - Setting next_dagrun for dataset_consumes_1 to None, run_after=None
[2023-09-13T07:59:22.933+0000] {logging_mixin.py:149} INFO - [2023-09-13T07:59:22.932+0000] {dag.py:3490} INFO - Setting next_dagrun for dataset_consumes_1_and_2 to None, run_after=None
[2023-09-13T07:59:22.938+0000] {logging_mixin.py:149} INFO - [2023-09-13T07:59:22.938+0000] {dag.py:3490} INFO - Setting next_dagrun for dataset_consumes_1_never_scheduled to None, run_after=None
[2023-09-13T07:59:22.946+0000] {logging_mixin.py:149} INFO - [2023-09-13T07:59:22.945+0000] {dag.py:3490} INFO - Setting next_dagrun for dataset_consumes_unknown_never_scheduled to None, run_after=None
[2023-09-13T07:59:22.960+0000] {logging_mixin.py:149} INFO - [2023-09-13T07:59:22.959+0000] {dag.py:3490} INFO - Setting next_dagrun for dataset_produces_1 to 2023-09-12T00:00:00+00:00, run_after=2023-09-13T00:00:00+00:00
[2023-09-13T07:59:22.974+0000] {logging_mixin.py:149} INFO - [2023-09-13T07:59:22.973+0000] {dag.py:3490} INFO - Setting next_dagrun for dataset_produces_2 to None, run_after=None
[2023-09-13T07:59:23.142+0000] {processor.py:178} INFO - Processing /home/airflow/.local/lib/python3.7/site-packages/airflow/example_dags/example_datasets.py took 0.601 seconds
[2023-09-13T07:59:53.322+0000] {processor.py:156} INFO - Started process (PID=168) to work on /home/airflow/.local/lib/python3.7/site-packages/airflow/example_dags/example_datasets.py
[2023-09-13T07:59:53.327+0000] {processor.py:799} INFO - Processing file /home/airflow/.local/lib/python3.7/site-packages/airflow/example_dags/example_datasets.py for tasks to queue
[2023-09-13T07:59:53.331+0000] {logging_mixin.py:149} INFO - [2023-09-13T07:59:53.330+0000] {dagbag.py:541} INFO - Filling up the DagBag from /home/airflow/.local/lib/python3.7/site-packages/airflow/example_dags/example_datasets.py
[2023-09-13T07:59:53.368+0000] {processor.py:809} INFO - DAG(s) dict_keys(['dataset_produces_2', 'dataset_consumes_1_never_scheduled', 'dataset_produces_1', 'dataset_consumes_1_and_2', 'dataset_consumes_1', 'dataset_consumes_unknown_never_scheduled']) retrieved from /home/airflow/.local/lib/python3.7/site-packages/airflow/example_dags/example_datasets.py
[2023-09-13T07:59:53.517+0000] {logging_mixin.py:149} INFO - [2023-09-13T07:59:53.517+0000] {dag.py:2726} INFO - Sync 6 DAGs
[2023-09-13T07:59:53.791+0000] {logging_mixin.py:149} INFO - [2023-09-13T07:59:53.791+0000] {dag.py:3490} INFO - Setting next_dagrun for dataset_consumes_1 to None, run_after=None
[2023-09-13T07:59:53.802+0000] {logging_mixin.py:149} INFO - [2023-09-13T07:59:53.801+0000] {dag.py:3490} INFO - Setting next_dagrun for dataset_consumes_1_and_2 to None, run_after=None
[2023-09-13T07:59:53.806+0000] {logging_mixin.py:149} INFO - [2023-09-13T07:59:53.806+0000] {dag.py:3490} INFO - Setting next_dagrun for dataset_consumes_1_never_scheduled to None, run_after=None
[2023-09-13T07:59:53.811+0000] {logging_mixin.py:149} INFO - [2023-09-13T07:59:53.811+0000] {dag.py:3490} INFO - Setting next_dagrun for dataset_consumes_unknown_never_scheduled to None, run_after=None
[2023-09-13T07:59:53.822+0000] {logging_mixin.py:149} INFO - [2023-09-13T07:59:53.821+0000] {dag.py:3490} INFO - Setting next_dagrun for dataset_produces_1 to 2023-09-12T00:00:00+00:00, run_after=2023-09-13T00:00:00+00:00
[2023-09-13T07:59:53.828+0000] {logging_mixin.py:149} INFO - [2023-09-13T07:59:53.827+0000] {dag.py:3490} INFO - Setting next_dagrun for dataset_produces_2 to None, run_after=None
[2023-09-13T07:59:53.936+0000] {processor.py:178} INFO - Processing /home/airflow/.local/lib/python3.7/site-packages/airflow/example_dags/example_datasets.py took 0.624 seconds
[2023-09-13T08:00:24.542+0000] {processor.py:156} INFO - Started process (PID=228) to work on /home/airflow/.local/lib/python3.7/site-packages/airflow/example_dags/example_datasets.py
[2023-09-13T08:00:24.545+0000] {processor.py:799} INFO - Processing file /home/airflow/.local/lib/python3.7/site-packages/airflow/example_dags/example_datasets.py for tasks to queue
[2023-09-13T08:00:24.547+0000] {logging_mixin.py:149} INFO - [2023-09-13T08:00:24.547+0000] {dagbag.py:541} INFO - Filling up the DagBag from /home/airflow/.local/lib/python3.7/site-packages/airflow/example_dags/example_datasets.py
[2023-09-13T08:00:24.571+0000] {processor.py:809} INFO - DAG(s) dict_keys(['dataset_consumes_1', 'dataset_consumes_unknown_never_scheduled', 'dataset_produces_1', 'dataset_consumes_1_never_scheduled', 'dataset_produces_2', 'dataset_consumes_1_and_2']) retrieved from /home/airflow/.local/lib/python3.7/site-packages/airflow/example_dags/example_datasets.py
[2023-09-13T08:00:24.832+0000] {logging_mixin.py:149} INFO - [2023-09-13T08:00:24.831+0000] {dag.py:2726} INFO - Sync 6 DAGs
[2023-09-13T08:00:24.877+0000] {logging_mixin.py:149} INFO - [2023-09-13T08:00:24.876+0000] {dag.py:3490} INFO - Setting next_dagrun for dataset_consumes_1 to None, run_after=None
[2023-09-13T08:00:24.883+0000] {logging_mixin.py:149} INFO - [2023-09-13T08:00:24.883+0000] {dag.py:3490} INFO - Setting next_dagrun for dataset_consumes_1_and_2 to None, run_after=None
[2023-09-13T08:00:24.887+0000] {logging_mixin.py:149} INFO - [2023-09-13T08:00:24.886+0000] {dag.py:3490} INFO - Setting next_dagrun for dataset_consumes_1_never_scheduled to None, run_after=None
[2023-09-13T08:00:24.890+0000] {logging_mixin.py:149} INFO - [2023-09-13T08:00:24.890+0000] {dag.py:3490} INFO - Setting next_dagrun for dataset_consumes_unknown_never_scheduled to None, run_after=None
[2023-09-13T08:00:24.895+0000] {logging_mixin.py:149} INFO - [2023-09-13T08:00:24.895+0000] {dag.py:3490} INFO - Setting next_dagrun for dataset_produces_1 to 2023-09-12T00:00:00+00:00, run_after=2023-09-13T00:00:00+00:00
[2023-09-13T08:00:24.899+0000] {logging_mixin.py:149} INFO - [2023-09-13T08:00:24.899+0000] {dag.py:3490} INFO - Setting next_dagrun for dataset_produces_2 to None, run_after=None
[2023-09-13T08:00:24.986+0000] {processor.py:178} INFO - Processing /home/airflow/.local/lib/python3.7/site-packages/airflow/example_dags/example_datasets.py took 0.448 seconds
[2023-09-13T08:00:55.448+0000] {processor.py:156} INFO - Started process (PID=288) to work on /home/airflow/.local/lib/python3.7/site-packages/airflow/example_dags/example_datasets.py
[2023-09-13T08:00:55.452+0000] {processor.py:799} INFO - Processing file /home/airflow/.local/lib/python3.7/site-packages/airflow/example_dags/example_datasets.py for tasks to queue
[2023-09-13T08:00:55.456+0000] {logging_mixin.py:149} INFO - [2023-09-13T08:00:55.455+0000] {dagbag.py:541} INFO - Filling up the DagBag from /home/airflow/.local/lib/python3.7/site-packages/airflow/example_dags/example_datasets.py
[2023-09-13T08:00:55.501+0000] {processor.py:809} INFO - DAG(s) dict_keys(['dataset_consumes_1_and_2', 'dataset_consumes_unknown_never_scheduled', 'dataset_produces_1', 'dataset_consumes_1_never_scheduled', 'dataset_produces_2', 'dataset_consumes_1']) retrieved from /home/airflow/.local/lib/python3.7/site-packages/airflow/example_dags/example_datasets.py
[2023-09-13T08:00:55.705+0000] {logging_mixin.py:149} INFO - [2023-09-13T08:00:55.705+0000] {dag.py:2726} INFO - Sync 6 DAGs
[2023-09-13T08:00:55.858+0000] {logging_mixin.py:149} INFO - [2023-09-13T08:00:55.858+0000] {dag.py:3490} INFO - Setting next_dagrun for dataset_consumes_1 to None, run_after=None
[2023-09-13T08:00:55.881+0000] {logging_mixin.py:149} INFO - [2023-09-13T08:00:55.881+0000] {dag.py:3490} INFO - Setting next_dagrun for dataset_consumes_1_and_2 to None, run_after=None
[2023-09-13T08:00:55.892+0000] {logging_mixin.py:149} INFO - [2023-09-13T08:00:55.891+0000] {dag.py:3490} INFO - Setting next_dagrun for dataset_consumes_1_never_scheduled to None, run_after=None
[2023-09-13T08:00:55.904+0000] {logging_mixin.py:149} INFO - [2023-09-13T08:00:55.903+0000] {dag.py:3490} INFO - Setting next_dagrun for dataset_consumes_unknown_never_scheduled to None, run_after=None
[2023-09-13T08:00:55.922+0000] {logging_mixin.py:149} INFO - [2023-09-13T08:00:55.922+0000] {dag.py:3490} INFO - Setting next_dagrun for dataset_produces_1 to 2023-09-12T00:00:00+00:00, run_after=2023-09-13T00:00:00+00:00
[2023-09-13T08:00:55.929+0000] {logging_mixin.py:149} INFO - [2023-09-13T08:00:55.929+0000] {dag.py:3490} INFO - Setting next_dagrun for dataset_produces_2 to None, run_after=None
[2023-09-13T08:00:56.135+0000] {processor.py:178} INFO - Processing /home/airflow/.local/lib/python3.7/site-packages/airflow/example_dags/example_datasets.py took 0.697 seconds
[2023-09-13T08:01:26.239+0000] {processor.py:156} INFO - Started process (PID=349) to work on /home/airflow/.local/lib/python3.7/site-packages/airflow/example_dags/example_datasets.py
[2023-09-13T08:01:26.242+0000] {processor.py:799} INFO - Processing file /home/airflow/.local/lib/python3.7/site-packages/airflow/example_dags/example_datasets.py for tasks to queue
[2023-09-13T08:01:26.245+0000] {logging_mixin.py:149} INFO - [2023-09-13T08:01:26.245+0000] {dagbag.py:541} INFO - Filling up the DagBag from /home/airflow/.local/lib/python3.7/site-packages/airflow/example_dags/example_datasets.py
[2023-09-13T08:01:26.273+0000] {processor.py:809} INFO - DAG(s) dict_keys(['dataset_consumes_unknown_never_scheduled', 'dataset_consumes_1_never_scheduled', 'dataset_consumes_1', 'dataset_produces_1', 'dataset_produces_2', 'dataset_consumes_1_and_2']) retrieved from /home/airflow/.local/lib/python3.7/site-packages/airflow/example_dags/example_datasets.py
[2023-09-13T08:01:26.414+0000] {logging_mixin.py:149} INFO - [2023-09-13T08:01:26.413+0000] {dag.py:2726} INFO - Sync 6 DAGs
[2023-09-13T08:01:26.550+0000] {logging_mixin.py:149} INFO - [2023-09-13T08:01:26.549+0000] {dag.py:3490} INFO - Setting next_dagrun for dataset_consumes_1 to None, run_after=None
[2023-09-13T08:01:26.568+0000] {logging_mixin.py:149} INFO - [2023-09-13T08:01:26.568+0000] {dag.py:3490} INFO - Setting next_dagrun for dataset_consumes_1_and_2 to None, run_after=None
[2023-09-13T08:01:26.580+0000] {logging_mixin.py:149} INFO - [2023-09-13T08:01:26.578+0000] {dag.py:3490} INFO - Setting next_dagrun for dataset_consumes_1_never_scheduled to None, run_after=None
[2023-09-13T08:01:26.586+0000] {logging_mixin.py:149} INFO - [2023-09-13T08:01:26.585+0000] {dag.py:3490} INFO - Setting next_dagrun for dataset_consumes_unknown_never_scheduled to None, run_after=None
[2023-09-13T08:01:26.608+0000] {logging_mixin.py:149} INFO - [2023-09-13T08:01:26.607+0000] {dag.py:3490} INFO - Setting next_dagrun for dataset_produces_1 to 2023-09-12T00:00:00+00:00, run_after=2023-09-13T00:00:00+00:00
[2023-09-13T08:01:26.618+0000] {logging_mixin.py:149} INFO - [2023-09-13T08:01:26.617+0000] {dag.py:3490} INFO - Setting next_dagrun for dataset_produces_2 to None, run_after=None
[2023-09-13T08:01:26.833+0000] {processor.py:178} INFO - Processing /home/airflow/.local/lib/python3.7/site-packages/airflow/example_dags/example_datasets.py took 0.602 seconds
[2023-09-13T08:01:58.792+0000] {processor.py:156} INFO - Started process (PID=407) to work on /home/airflow/.local/lib/python3.7/site-packages/airflow/example_dags/example_datasets.py
[2023-09-13T08:01:58.816+0000] {processor.py:799} INFO - Processing file /home/airflow/.local/lib/python3.7/site-packages/airflow/example_dags/example_datasets.py for tasks to queue
[2023-09-13T08:01:58.834+0000] {logging_mixin.py:149} INFO - [2023-09-13T08:01:58.834+0000] {dagbag.py:541} INFO - Filling up the DagBag from /home/airflow/.local/lib/python3.7/site-packages/airflow/example_dags/example_datasets.py
[2023-09-13T08:01:58.906+0000] {processor.py:809} INFO - DAG(s) dict_keys(['dataset_consumes_unknown_never_scheduled', 'dataset_consumes_1', 'dataset_produces_2', 'dataset_consumes_1_never_scheduled', 'dataset_consumes_1_and_2', 'dataset_produces_1']) retrieved from /home/airflow/.local/lib/python3.7/site-packages/airflow/example_dags/example_datasets.py
[2023-09-13T08:01:59.249+0000] {logging_mixin.py:149} INFO - [2023-09-13T08:01:59.248+0000] {dag.py:2726} INFO - Sync 6 DAGs
[2023-09-13T08:01:59.427+0000] {logging_mixin.py:149} INFO - [2023-09-13T08:01:59.427+0000] {dag.py:3490} INFO - Setting next_dagrun for dataset_consumes_1 to None, run_after=None
[2023-09-13T08:01:59.462+0000] {logging_mixin.py:149} INFO - [2023-09-13T08:01:59.461+0000] {dag.py:3490} INFO - Setting next_dagrun for dataset_consumes_1_and_2 to None, run_after=None
[2023-09-13T08:01:59.478+0000] {logging_mixin.py:149} INFO - [2023-09-13T08:01:59.477+0000] {dag.py:3490} INFO - Setting next_dagrun for dataset_consumes_1_never_scheduled to None, run_after=None
[2023-09-13T08:01:59.493+0000] {logging_mixin.py:149} INFO - [2023-09-13T08:01:59.492+0000] {dag.py:3490} INFO - Setting next_dagrun for dataset_consumes_unknown_never_scheduled to None, run_after=None
[2023-09-13T08:01:59.515+0000] {logging_mixin.py:149} INFO - [2023-09-13T08:01:59.515+0000] {dag.py:3490} INFO - Setting next_dagrun for dataset_produces_1 to 2023-09-12T00:00:00+00:00, run_after=2023-09-13T00:00:00+00:00
[2023-09-13T08:01:59.529+0000] {logging_mixin.py:149} INFO - [2023-09-13T08:01:59.529+0000] {dag.py:3490} INFO - Setting next_dagrun for dataset_produces_2 to None, run_after=None
[2023-09-13T08:01:59.790+0000] {processor.py:178} INFO - Processing /home/airflow/.local/lib/python3.7/site-packages/airflow/example_dags/example_datasets.py took 1.017 seconds
[2023-09-13T08:02:29.901+0000] {processor.py:156} INFO - Started process (PID=467) to work on /home/airflow/.local/lib/python3.7/site-packages/airflow/example_dags/example_datasets.py
[2023-09-13T08:02:29.904+0000] {processor.py:799} INFO - Processing file /home/airflow/.local/lib/python3.7/site-packages/airflow/example_dags/example_datasets.py for tasks to queue
[2023-09-13T08:02:29.906+0000] {logging_mixin.py:149} INFO - [2023-09-13T08:02:29.906+0000] {dagbag.py:541} INFO - Filling up the DagBag from /home/airflow/.local/lib/python3.7/site-packages/airflow/example_dags/example_datasets.py
[2023-09-13T08:02:29.928+0000] {processor.py:809} INFO - DAG(s) dict_keys(['dataset_consumes_1_never_scheduled', 'dataset_consumes_1_and_2', 'dataset_consumes_unknown_never_scheduled', 'dataset_produces_2', 'dataset_consumes_1', 'dataset_produces_1']) retrieved from /home/airflow/.local/lib/python3.7/site-packages/airflow/example_dags/example_datasets.py
[2023-09-13T08:02:30.065+0000] {logging_mixin.py:149} INFO - [2023-09-13T08:02:30.064+0000] {dag.py:2726} INFO - Sync 6 DAGs
[2023-09-13T08:02:30.174+0000] {logging_mixin.py:149} INFO - [2023-09-13T08:02:30.173+0000] {dag.py:3490} INFO - Setting next_dagrun for dataset_consumes_1 to None, run_after=None
[2023-09-13T08:02:30.218+0000] {logging_mixin.py:149} INFO - [2023-09-13T08:02:30.217+0000] {dag.py:3490} INFO - Setting next_dagrun for dataset_consumes_1_and_2 to None, run_after=None
[2023-09-13T08:02:30.239+0000] {logging_mixin.py:149} INFO - [2023-09-13T08:02:30.238+0000] {dag.py:3490} INFO - Setting next_dagrun for dataset_consumes_1_never_scheduled to None, run_after=None
[2023-09-13T08:02:30.253+0000] {logging_mixin.py:149} INFO - [2023-09-13T08:02:30.252+0000] {dag.py:3490} INFO - Setting next_dagrun for dataset_consumes_unknown_never_scheduled to None, run_after=None
[2023-09-13T08:02:30.265+0000] {logging_mixin.py:149} INFO - [2023-09-13T08:02:30.265+0000] {dag.py:3490} INFO - Setting next_dagrun for dataset_produces_1 to 2023-09-12T00:00:00+00:00, run_after=2023-09-13T00:00:00+00:00
[2023-09-13T08:02:30.278+0000] {logging_mixin.py:149} INFO - [2023-09-13T08:02:30.277+0000] {dag.py:3490} INFO - Setting next_dagrun for dataset_produces_2 to None, run_after=None
[2023-09-13T08:02:30.390+0000] {processor.py:178} INFO - Processing /home/airflow/.local/lib/python3.7/site-packages/airflow/example_dags/example_datasets.py took 0.500 seconds
[2023-09-13T08:03:00.744+0000] {processor.py:156} INFO - Started process (PID=527) to work on /home/airflow/.local/lib/python3.7/site-packages/airflow/example_dags/example_datasets.py
[2023-09-13T08:03:00.751+0000] {processor.py:799} INFO - Processing file /home/airflow/.local/lib/python3.7/site-packages/airflow/example_dags/example_datasets.py for tasks to queue
[2023-09-13T08:03:00.759+0000] {logging_mixin.py:149} INFO - [2023-09-13T08:03:00.758+0000] {dagbag.py:541} INFO - Filling up the DagBag from /home/airflow/.local/lib/python3.7/site-packages/airflow/example_dags/example_datasets.py
[2023-09-13T08:03:00.802+0000] {processor.py:809} INFO - DAG(s) dict_keys(['dataset_produces_2', 'dataset_produces_1', 'dataset_consumes_unknown_never_scheduled', 'dataset_consumes_1_and_2', 'dataset_consumes_1_never_scheduled', 'dataset_consumes_1']) retrieved from /home/airflow/.local/lib/python3.7/site-packages/airflow/example_dags/example_datasets.py
[2023-09-13T08:03:01.065+0000] {logging_mixin.py:149} INFO - [2023-09-13T08:03:01.065+0000] {dag.py:2726} INFO - Sync 6 DAGs
[2023-09-13T08:03:01.279+0000] {logging_mixin.py:149} INFO - [2023-09-13T08:03:01.279+0000] {dag.py:3490} INFO - Setting next_dagrun for dataset_consumes_1 to None, run_after=None
[2023-09-13T08:03:01.313+0000] {logging_mixin.py:149} INFO - [2023-09-13T08:03:01.313+0000] {dag.py:3490} INFO - Setting next_dagrun for dataset_consumes_1_and_2 to None, run_after=None
[2023-09-13T08:03:01.337+0000] {logging_mixin.py:149} INFO - [2023-09-13T08:03:01.337+0000] {dag.py:3490} INFO - Setting next_dagrun for dataset_consumes_1_never_scheduled to None, run_after=None
[2023-09-13T08:03:01.354+0000] {logging_mixin.py:149} INFO - [2023-09-13T08:03:01.353+0000] {dag.py:3490} INFO - Setting next_dagrun for dataset_consumes_unknown_never_scheduled to None, run_after=None
[2023-09-13T08:03:01.386+0000] {logging_mixin.py:149} INFO - [2023-09-13T08:03:01.386+0000] {dag.py:3490} INFO - Setting next_dagrun for dataset_produces_1 to 2023-09-12T00:00:00+00:00, run_after=2023-09-13T00:00:00+00:00
[2023-09-13T08:03:01.401+0000] {logging_mixin.py:149} INFO - [2023-09-13T08:03:01.400+0000] {dag.py:3490} INFO - Setting next_dagrun for dataset_produces_2 to None, run_after=None
[2023-09-13T08:03:01.649+0000] {processor.py:178} INFO - Processing /home/airflow/.local/lib/python3.7/site-packages/airflow/example_dags/example_datasets.py took 0.912 seconds
[2023-09-13T08:03:31.853+0000] {processor.py:156} INFO - Started process (PID=588) to work on /home/airflow/.local/lib/python3.7/site-packages/airflow/example_dags/example_datasets.py
[2023-09-13T08:03:31.857+0000] {processor.py:799} INFO - Processing file /home/airflow/.local/lib/python3.7/site-packages/airflow/example_dags/example_datasets.py for tasks to queue
[2023-09-13T08:03:31.864+0000] {logging_mixin.py:149} INFO - [2023-09-13T08:03:31.864+0000] {dagbag.py:541} INFO - Filling up the DagBag from /home/airflow/.local/lib/python3.7/site-packages/airflow/example_dags/example_datasets.py
[2023-09-13T08:03:31.913+0000] {processor.py:809} INFO - DAG(s) dict_keys(['dataset_consumes_1', 'dataset_consumes_1_never_scheduled', 'dataset_produces_2', 'dataset_consumes_1_and_2', 'dataset_consumes_unknown_never_scheduled', 'dataset_produces_1']) retrieved from /home/airflow/.local/lib/python3.7/site-packages/airflow/example_dags/example_datasets.py
[2023-09-13T08:03:32.142+0000] {logging_mixin.py:149} INFO - [2023-09-13T08:03:32.142+0000] {dag.py:2726} INFO - Sync 6 DAGs
[2023-09-13T08:03:32.324+0000] {logging_mixin.py:149} INFO - [2023-09-13T08:03:32.323+0000] {dag.py:3490} INFO - Setting next_dagrun for dataset_consumes_1 to None, run_after=None
[2023-09-13T08:03:32.346+0000] {logging_mixin.py:149} INFO - [2023-09-13T08:03:32.345+0000] {dag.py:3490} INFO - Setting next_dagrun for dataset_consumes_1_and_2 to None, run_after=None
[2023-09-13T08:03:32.374+0000] {logging_mixin.py:149} INFO - [2023-09-13T08:03:32.374+0000] {dag.py:3490} INFO - Setting next_dagrun for dataset_consumes_1_never_scheduled to None, run_after=None
[2023-09-13T08:03:32.385+0000] {logging_mixin.py:149} INFO - [2023-09-13T08:03:32.384+0000] {dag.py:3490} INFO - Setting next_dagrun for dataset_consumes_unknown_never_scheduled to None, run_after=None
[2023-09-13T08:03:32.408+0000] {logging_mixin.py:149} INFO - [2023-09-13T08:03:32.407+0000] {dag.py:3490} INFO - Setting next_dagrun for dataset_produces_1 to 2023-09-12T00:00:00+00:00, run_after=2023-09-13T00:00:00+00:00
[2023-09-13T08:03:32.413+0000] {logging_mixin.py:149} INFO - [2023-09-13T08:03:32.413+0000] {dag.py:3490} INFO - Setting next_dagrun for dataset_produces_2 to None, run_after=None
[2023-09-13T08:03:32.609+0000] {processor.py:178} INFO - Processing /home/airflow/.local/lib/python3.7/site-packages/airflow/example_dags/example_datasets.py took 0.775 seconds
[2023-09-13T08:04:03.402+0000] {processor.py:156} INFO - Started process (PID=648) to work on /home/airflow/.local/lib/python3.7/site-packages/airflow/example_dags/example_datasets.py
[2023-09-13T08:04:03.405+0000] {processor.py:799} INFO - Processing file /home/airflow/.local/lib/python3.7/site-packages/airflow/example_dags/example_datasets.py for tasks to queue
[2023-09-13T08:04:03.409+0000] {logging_mixin.py:149} INFO - [2023-09-13T08:04:03.409+0000] {dagbag.py:541} INFO - Filling up the DagBag from /home/airflow/.local/lib/python3.7/site-packages/airflow/example_dags/example_datasets.py
[2023-09-13T08:04:03.435+0000] {processor.py:809} INFO - DAG(s) dict_keys(['dataset_consumes_1_and_2', 'dataset_consumes_unknown_never_scheduled', 'dataset_consumes_1_never_scheduled', 'dataset_produces_2', 'dataset_consumes_1', 'dataset_produces_1']) retrieved from /home/airflow/.local/lib/python3.7/site-packages/airflow/example_dags/example_datasets.py
[2023-09-13T08:04:03.577+0000] {logging_mixin.py:149} INFO - [2023-09-13T08:04:03.577+0000] {dag.py:2726} INFO - Sync 6 DAGs
[2023-09-13T08:04:03.670+0000] {logging_mixin.py:149} INFO - [2023-09-13T08:04:03.669+0000] {dag.py:3490} INFO - Setting next_dagrun for dataset_consumes_1 to None, run_after=None
[2023-09-13T08:04:03.682+0000] {logging_mixin.py:149} INFO - [2023-09-13T08:04:03.682+0000] {dag.py:3490} INFO - Setting next_dagrun for dataset_consumes_1_and_2 to None, run_after=None
[2023-09-13T08:04:03.687+0000] {logging_mixin.py:149} INFO - [2023-09-13T08:04:03.686+0000] {dag.py:3490} INFO - Setting next_dagrun for dataset_consumes_1_never_scheduled to None, run_after=None
[2023-09-13T08:04:03.692+0000] {logging_mixin.py:149} INFO - [2023-09-13T08:04:03.692+0000] {dag.py:3490} INFO - Setting next_dagrun for dataset_consumes_unknown_never_scheduled to None, run_after=None
[2023-09-13T08:04:03.702+0000] {logging_mixin.py:149} INFO - [2023-09-13T08:04:03.701+0000] {dag.py:3490} INFO - Setting next_dagrun for dataset_produces_1 to 2023-09-12T00:00:00+00:00, run_after=2023-09-13T00:00:00+00:00
[2023-09-13T08:04:03.707+0000] {logging_mixin.py:149} INFO - [2023-09-13T08:04:03.707+0000] {dag.py:3490} INFO - Setting next_dagrun for dataset_produces_2 to None, run_after=None
[2023-09-13T08:04:03.836+0000] {processor.py:178} INFO - Processing /home/airflow/.local/lib/python3.7/site-packages/airflow/example_dags/example_datasets.py took 0.449 seconds
[2023-09-13T08:04:34.296+0000] {processor.py:156} INFO - Started process (PID=708) to work on /home/airflow/.local/lib/python3.7/site-packages/airflow/example_dags/example_datasets.py
[2023-09-13T08:04:34.314+0000] {processor.py:799} INFO - Processing file /home/airflow/.local/lib/python3.7/site-packages/airflow/example_dags/example_datasets.py for tasks to queue
[2023-09-13T08:04:34.332+0000] {logging_mixin.py:149} INFO - [2023-09-13T08:04:34.332+0000] {dagbag.py:541} INFO - Filling up the DagBag from /home/airflow/.local/lib/python3.7/site-packages/airflow/example_dags/example_datasets.py
[2023-09-13T08:04:34.466+0000] {processor.py:809} INFO - DAG(s) dict_keys(['dataset_produces_2', 'dataset_produces_1', 'dataset_consumes_1_never_scheduled', 'dataset_consumes_1_and_2', 'dataset_consumes_1', 'dataset_consumes_unknown_never_scheduled']) retrieved from /home/airflow/.local/lib/python3.7/site-packages/airflow/example_dags/example_datasets.py
[2023-09-13T08:04:34.893+0000] {logging_mixin.py:149} INFO - [2023-09-13T08:04:34.892+0000] {dag.py:2726} INFO - Sync 6 DAGs
[2023-09-13T08:04:35.063+0000] {logging_mixin.py:149} INFO - [2023-09-13T08:04:35.062+0000] {dag.py:3490} INFO - Setting next_dagrun for dataset_consumes_1 to None, run_after=None
[2023-09-13T08:04:35.091+0000] {logging_mixin.py:149} INFO - [2023-09-13T08:04:35.091+0000] {dag.py:3490} INFO - Setting next_dagrun for dataset_consumes_1_and_2 to None, run_after=None
[2023-09-13T08:04:35.100+0000] {logging_mixin.py:149} INFO - [2023-09-13T08:04:35.099+0000] {dag.py:3490} INFO - Setting next_dagrun for dataset_consumes_1_never_scheduled to None, run_after=None
[2023-09-13T08:04:35.119+0000] {logging_mixin.py:149} INFO - [2023-09-13T08:04:35.118+0000] {dag.py:3490} INFO - Setting next_dagrun for dataset_consumes_unknown_never_scheduled to None, run_after=None
[2023-09-13T08:04:35.147+0000] {logging_mixin.py:149} INFO - [2023-09-13T08:04:35.136+0000] {dag.py:3490} INFO - Setting next_dagrun for dataset_produces_1 to 2023-09-12T00:00:00+00:00, run_after=2023-09-13T00:00:00+00:00
[2023-09-13T08:04:35.153+0000] {logging_mixin.py:149} INFO - [2023-09-13T08:04:35.152+0000] {dag.py:3490} INFO - Setting next_dagrun for dataset_produces_2 to None, run_after=None
[2023-09-13T08:04:35.397+0000] {processor.py:178} INFO - Processing /home/airflow/.local/lib/python3.7/site-packages/airflow/example_dags/example_datasets.py took 1.136 seconds
[2023-09-13T08:05:06.009+0000] {processor.py:156} INFO - Started process (PID=768) to work on /home/airflow/.local/lib/python3.7/site-packages/airflow/example_dags/example_datasets.py
[2023-09-13T08:05:06.018+0000] {processor.py:799} INFO - Processing file /home/airflow/.local/lib/python3.7/site-packages/airflow/example_dags/example_datasets.py for tasks to queue
[2023-09-13T08:05:06.024+0000] {logging_mixin.py:149} INFO - [2023-09-13T08:05:06.023+0000] {dagbag.py:541} INFO - Filling up the DagBag from /home/airflow/.local/lib/python3.7/site-packages/airflow/example_dags/example_datasets.py
[2023-09-13T08:05:06.081+0000] {processor.py:809} INFO - DAG(s) dict_keys(['dataset_consumes_unknown_never_scheduled', 'dataset_produces_1', 'dataset_consumes_1_never_scheduled', 'dataset_produces_2', 'dataset_consumes_1', 'dataset_consumes_1_and_2']) retrieved from /home/airflow/.local/lib/python3.7/site-packages/airflow/example_dags/example_datasets.py
[2023-09-13T08:05:06.300+0000] {logging_mixin.py:149} INFO - [2023-09-13T08:05:06.300+0000] {dag.py:2726} INFO - Sync 6 DAGs
[2023-09-13T08:05:06.439+0000] {logging_mixin.py:149} INFO - [2023-09-13T08:05:06.439+0000] {dag.py:3490} INFO - Setting next_dagrun for dataset_consumes_1 to None, run_after=None
[2023-09-13T08:05:06.451+0000] {logging_mixin.py:149} INFO - [2023-09-13T08:05:06.451+0000] {dag.py:3490} INFO - Setting next_dagrun for dataset_consumes_1_and_2 to None, run_after=None
[2023-09-13T08:05:06.456+0000] {logging_mixin.py:149} INFO - [2023-09-13T08:05:06.456+0000] {dag.py:3490} INFO - Setting next_dagrun for dataset_consumes_1_never_scheduled to None, run_after=None
[2023-09-13T08:05:06.465+0000] {logging_mixin.py:149} INFO - [2023-09-13T08:05:06.464+0000] {dag.py:3490} INFO - Setting next_dagrun for dataset_consumes_unknown_never_scheduled to None, run_after=None
[2023-09-13T08:05:06.477+0000] {logging_mixin.py:149} INFO - [2023-09-13T08:05:06.477+0000] {dag.py:3490} INFO - Setting next_dagrun for dataset_produces_1 to 2023-09-12T00:00:00+00:00, run_after=2023-09-13T00:00:00+00:00
[2023-09-13T08:05:06.485+0000] {logging_mixin.py:149} INFO - [2023-09-13T08:05:06.485+0000] {dag.py:3490} INFO - Setting next_dagrun for dataset_produces_2 to None, run_after=None
[2023-09-13T08:05:06.676+0000] {processor.py:178} INFO - Processing /home/airflow/.local/lib/python3.7/site-packages/airflow/example_dags/example_datasets.py took 0.682 seconds
[2023-09-13T08:05:37.553+0000] {processor.py:156} INFO - Started process (PID=829) to work on /home/airflow/.local/lib/python3.7/site-packages/airflow/example_dags/example_datasets.py
[2023-09-13T08:05:37.557+0000] {processor.py:799} INFO - Processing file /home/airflow/.local/lib/python3.7/site-packages/airflow/example_dags/example_datasets.py for tasks to queue
[2023-09-13T08:05:37.563+0000] {logging_mixin.py:149} INFO - [2023-09-13T08:05:37.562+0000] {dagbag.py:541} INFO - Filling up the DagBag from /home/airflow/.local/lib/python3.7/site-packages/airflow/example_dags/example_datasets.py
[2023-09-13T08:05:37.655+0000] {processor.py:809} INFO - DAG(s) dict_keys(['dataset_produces_1', 'dataset_consumes_1', 'dataset_consumes_1_never_scheduled', 'dataset_consumes_unknown_never_scheduled', 'dataset_produces_2', 'dataset_consumes_1_and_2']) retrieved from /home/airflow/.local/lib/python3.7/site-packages/airflow/example_dags/example_datasets.py
[2023-09-13T08:05:38.006+0000] {logging_mixin.py:149} INFO - [2023-09-13T08:05:38.005+0000] {dag.py:2726} INFO - Sync 6 DAGs
[2023-09-13T08:05:38.224+0000] {logging_mixin.py:149} INFO - [2023-09-13T08:05:38.224+0000] {dag.py:3490} INFO - Setting next_dagrun for dataset_consumes_1 to None, run_after=None
[2023-09-13T08:05:38.284+0000] {logging_mixin.py:149} INFO - [2023-09-13T08:05:38.283+0000] {dag.py:3490} INFO - Setting next_dagrun for dataset_consumes_1_and_2 to None, run_after=None
[2023-09-13T08:05:38.301+0000] {logging_mixin.py:149} INFO - [2023-09-13T08:05:38.300+0000] {dag.py:3490} INFO - Setting next_dagrun for dataset_consumes_1_never_scheduled to None, run_after=None
[2023-09-13T08:05:38.316+0000] {logging_mixin.py:149} INFO - [2023-09-13T08:05:38.315+0000] {dag.py:3490} INFO - Setting next_dagrun for dataset_consumes_unknown_never_scheduled to None, run_after=None
[2023-09-13T08:05:38.339+0000] {logging_mixin.py:149} INFO - [2023-09-13T08:05:38.338+0000] {dag.py:3490} INFO - Setting next_dagrun for dataset_produces_1 to 2023-09-12T00:00:00+00:00, run_after=2023-09-13T00:00:00+00:00
[2023-09-13T08:05:38.353+0000] {logging_mixin.py:149} INFO - [2023-09-13T08:05:38.353+0000] {dag.py:3490} INFO - Setting next_dagrun for dataset_produces_2 to None, run_after=None
[2023-09-13T08:05:38.644+0000] {processor.py:178} INFO - Processing /home/airflow/.local/lib/python3.7/site-packages/airflow/example_dags/example_datasets.py took 1.110 seconds
[2023-09-13T08:06:09.470+0000] {processor.py:156} INFO - Started process (PID=889) to work on /home/airflow/.local/lib/python3.7/site-packages/airflow/example_dags/example_datasets.py
[2023-09-13T08:06:09.484+0000] {processor.py:799} INFO - Processing file /home/airflow/.local/lib/python3.7/site-packages/airflow/example_dags/example_datasets.py for tasks to queue
[2023-09-13T08:06:09.516+0000] {logging_mixin.py:149} INFO - [2023-09-13T08:06:09.516+0000] {dagbag.py:541} INFO - Filling up the DagBag from /home/airflow/.local/lib/python3.7/site-packages/airflow/example_dags/example_datasets.py
[2023-09-13T08:06:09.588+0000] {processor.py:809} INFO - DAG(s) dict_keys(['dataset_consumes_1', 'dataset_produces_1', 'dataset_consumes_1_and_2', 'dataset_consumes_unknown_never_scheduled', 'dataset_produces_2', 'dataset_consumes_1_never_scheduled']) retrieved from /home/airflow/.local/lib/python3.7/site-packages/airflow/example_dags/example_datasets.py
[2023-09-13T08:06:09.893+0000] {logging_mixin.py:149} INFO - [2023-09-13T08:06:09.893+0000] {dag.py:2726} INFO - Sync 6 DAGs
[2023-09-13T08:06:10.049+0000] {logging_mixin.py:149} INFO - [2023-09-13T08:06:10.048+0000] {dag.py:3490} INFO - Setting next_dagrun for dataset_consumes_1 to None, run_after=None
[2023-09-13T08:06:10.069+0000] {logging_mixin.py:149} INFO - [2023-09-13T08:06:10.068+0000] {dag.py:3490} INFO - Setting next_dagrun for dataset_consumes_1_and_2 to None, run_after=None
[2023-09-13T08:06:10.098+0000] {logging_mixin.py:149} INFO - [2023-09-13T08:06:10.097+0000] {dag.py:3490} INFO - Setting next_dagrun for dataset_consumes_1_never_scheduled to None, run_after=None
[2023-09-13T08:06:10.113+0000] {logging_mixin.py:149} INFO - [2023-09-13T08:06:10.113+0000] {dag.py:3490} INFO - Setting next_dagrun for dataset_consumes_unknown_never_scheduled to None, run_after=None
[2023-09-13T08:06:10.140+0000] {logging_mixin.py:149} INFO - [2023-09-13T08:06:10.140+0000] {dag.py:3490} INFO - Setting next_dagrun for dataset_produces_1 to 2023-09-12T00:00:00+00:00, run_after=2023-09-13T00:00:00+00:00
[2023-09-13T08:06:10.156+0000] {logging_mixin.py:149} INFO - [2023-09-13T08:06:10.156+0000] {dag.py:3490} INFO - Setting next_dagrun for dataset_produces_2 to None, run_after=None
[2023-09-13T08:06:10.363+0000] {processor.py:178} INFO - Processing /home/airflow/.local/lib/python3.7/site-packages/airflow/example_dags/example_datasets.py took 0.909 seconds
[2023-09-13T08:06:41.353+0000] {processor.py:156} INFO - Started process (PID=949) to work on /home/airflow/.local/lib/python3.7/site-packages/airflow/example_dags/example_datasets.py
[2023-09-13T08:06:41.356+0000] {processor.py:799} INFO - Processing file /home/airflow/.local/lib/python3.7/site-packages/airflow/example_dags/example_datasets.py for tasks to queue
[2023-09-13T08:06:41.359+0000] {logging_mixin.py:149} INFO - [2023-09-13T08:06:41.358+0000] {dagbag.py:541} INFO - Filling up the DagBag from /home/airflow/.local/lib/python3.7/site-packages/airflow/example_dags/example_datasets.py
[2023-09-13T08:06:41.394+0000] {processor.py:809} INFO - DAG(s) dict_keys(['dataset_consumes_1_never_scheduled', 'dataset_consumes_1_and_2', 'dataset_produces_1', 'dataset_consumes_1', 'dataset_consumes_unknown_never_scheduled', 'dataset_produces_2']) retrieved from /home/airflow/.local/lib/python3.7/site-packages/airflow/example_dags/example_datasets.py
[2023-09-13T08:06:41.553+0000] {logging_mixin.py:149} INFO - [2023-09-13T08:06:41.553+0000] {dag.py:2726} INFO - Sync 6 DAGs
[2023-09-13T08:06:41.646+0000] {logging_mixin.py:149} INFO - [2023-09-13T08:06:41.646+0000] {dag.py:3490} INFO - Setting next_dagrun for dataset_consumes_1 to None, run_after=None
[2023-09-13T08:06:41.666+0000] {logging_mixin.py:149} INFO - [2023-09-13T08:06:41.665+0000] {dag.py:3490} INFO - Setting next_dagrun for dataset_consumes_1_and_2 to None, run_after=None
[2023-09-13T08:06:41.678+0000] {logging_mixin.py:149} INFO - [2023-09-13T08:06:41.676+0000] {dag.py:3490} INFO - Setting next_dagrun for dataset_consumes_1_never_scheduled to None, run_after=None
[2023-09-13T08:06:41.684+0000] {logging_mixin.py:149} INFO - [2023-09-13T08:06:41.683+0000] {dag.py:3490} INFO - Setting next_dagrun for dataset_consumes_unknown_never_scheduled to None, run_after=None
[2023-09-13T08:06:41.700+0000] {logging_mixin.py:149} INFO - [2023-09-13T08:06:41.699+0000] {dag.py:3490} INFO - Setting next_dagrun for dataset_produces_1 to 2023-09-12T00:00:00+00:00, run_after=2023-09-13T00:00:00+00:00
[2023-09-13T08:06:41.708+0000] {logging_mixin.py:149} INFO - [2023-09-13T08:06:41.706+0000] {dag.py:3490} INFO - Setting next_dagrun for dataset_produces_2 to None, run_after=None
[2023-09-13T08:06:41.896+0000] {processor.py:178} INFO - Processing /home/airflow/.local/lib/python3.7/site-packages/airflow/example_dags/example_datasets.py took 0.554 seconds
[2023-09-13T08:07:12.246+0000] {processor.py:156} INFO - Started process (PID=1009) to work on /home/airflow/.local/lib/python3.7/site-packages/airflow/example_dags/example_datasets.py
[2023-09-13T08:07:12.251+0000] {processor.py:799} INFO - Processing file /home/airflow/.local/lib/python3.7/site-packages/airflow/example_dags/example_datasets.py for tasks to queue
[2023-09-13T08:07:12.256+0000] {logging_mixin.py:149} INFO - [2023-09-13T08:07:12.256+0000] {dagbag.py:541} INFO - Filling up the DagBag from /home/airflow/.local/lib/python3.7/site-packages/airflow/example_dags/example_datasets.py
[2023-09-13T08:07:12.289+0000] {processor.py:809} INFO - DAG(s) dict_keys(['dataset_consumes_1_and_2', 'dataset_consumes_unknown_never_scheduled', 'dataset_produces_2', 'dataset_produces_1', 'dataset_consumes_1', 'dataset_consumes_1_never_scheduled']) retrieved from /home/airflow/.local/lib/python3.7/site-packages/airflow/example_dags/example_datasets.py
[2023-09-13T08:07:12.446+0000] {logging_mixin.py:149} INFO - [2023-09-13T08:07:12.445+0000] {dag.py:2726} INFO - Sync 6 DAGs
[2023-09-13T08:07:12.550+0000] {logging_mixin.py:149} INFO - [2023-09-13T08:07:12.547+0000] {dag.py:3490} INFO - Setting next_dagrun for dataset_consumes_1 to None, run_after=None
[2023-09-13T08:07:12.564+0000] {logging_mixin.py:149} INFO - [2023-09-13T08:07:12.564+0000] {dag.py:3490} INFO - Setting next_dagrun for dataset_consumes_1_and_2 to None, run_after=None
[2023-09-13T08:07:12.573+0000] {logging_mixin.py:149} INFO - [2023-09-13T08:07:12.573+0000] {dag.py:3490} INFO - Setting next_dagrun for dataset_consumes_1_never_scheduled to None, run_after=None
[2023-09-13T08:07:12.579+0000] {logging_mixin.py:149} INFO - [2023-09-13T08:07:12.578+0000] {dag.py:3490} INFO - Setting next_dagrun for dataset_consumes_unknown_never_scheduled to None, run_after=None
[2023-09-13T08:07:12.597+0000] {logging_mixin.py:149} INFO - [2023-09-13T08:07:12.596+0000] {dag.py:3490} INFO - Setting next_dagrun for dataset_produces_1 to 2023-09-12T00:00:00+00:00, run_after=2023-09-13T00:00:00+00:00
[2023-09-13T08:07:12.607+0000] {logging_mixin.py:149} INFO - [2023-09-13T08:07:12.607+0000] {dag.py:3490} INFO - Setting next_dagrun for dataset_produces_2 to None, run_after=None
[2023-09-13T08:07:12.759+0000] {processor.py:178} INFO - Processing /home/airflow/.local/lib/python3.7/site-packages/airflow/example_dags/example_datasets.py took 0.521 seconds
[2023-09-13T08:07:43.202+0000] {processor.py:156} INFO - Started process (PID=1070) to work on /home/airflow/.local/lib/python3.7/site-packages/airflow/example_dags/example_datasets.py
[2023-09-13T08:07:43.206+0000] {processor.py:799} INFO - Processing file /home/airflow/.local/lib/python3.7/site-packages/airflow/example_dags/example_datasets.py for tasks to queue
[2023-09-13T08:07:43.209+0000] {logging_mixin.py:149} INFO - [2023-09-13T08:07:43.208+0000] {dagbag.py:541} INFO - Filling up the DagBag from /home/airflow/.local/lib/python3.7/site-packages/airflow/example_dags/example_datasets.py
[2023-09-13T08:07:43.239+0000] {processor.py:809} INFO - DAG(s) dict_keys(['dataset_produces_1', 'dataset_produces_2', 'dataset_consumes_1', 'dataset_consumes_1_never_scheduled', 'dataset_consumes_1_and_2', 'dataset_consumes_unknown_never_scheduled']) retrieved from /home/airflow/.local/lib/python3.7/site-packages/airflow/example_dags/example_datasets.py
[2023-09-13T08:07:43.345+0000] {logging_mixin.py:149} INFO - [2023-09-13T08:07:43.345+0000] {dag.py:2726} INFO - Sync 6 DAGs
[2023-09-13T08:07:43.413+0000] {logging_mixin.py:149} INFO - [2023-09-13T08:07:43.413+0000] {dag.py:3490} INFO - Setting next_dagrun for dataset_consumes_1 to None, run_after=None
[2023-09-13T08:07:43.426+0000] {logging_mixin.py:149} INFO - [2023-09-13T08:07:43.426+0000] {dag.py:3490} INFO - Setting next_dagrun for dataset_consumes_1_and_2 to None, run_after=None
[2023-09-13T08:07:43.430+0000] {logging_mixin.py:149} INFO - [2023-09-13T08:07:43.430+0000] {dag.py:3490} INFO - Setting next_dagrun for dataset_consumes_1_never_scheduled to None, run_after=None
[2023-09-13T08:07:43.434+0000] {logging_mixin.py:149} INFO - [2023-09-13T08:07:43.434+0000] {dag.py:3490} INFO - Setting next_dagrun for dataset_consumes_unknown_never_scheduled to None, run_after=None
[2023-09-13T08:07:43.444+0000] {logging_mixin.py:149} INFO - [2023-09-13T08:07:43.444+0000] {dag.py:3490} INFO - Setting next_dagrun for dataset_produces_1 to 2023-09-12T00:00:00+00:00, run_after=2023-09-13T00:00:00+00:00
[2023-09-13T08:07:43.449+0000] {logging_mixin.py:149} INFO - [2023-09-13T08:07:43.448+0000] {dag.py:3490} INFO - Setting next_dagrun for dataset_produces_2 to None, run_after=None
[2023-09-13T08:07:43.559+0000] {processor.py:178} INFO - Processing /home/airflow/.local/lib/python3.7/site-packages/airflow/example_dags/example_datasets.py took 0.365 seconds
[2023-09-13T08:08:13.792+0000] {processor.py:156} INFO - Started process (PID=1131) to work on /home/airflow/.local/lib/python3.7/site-packages/airflow/example_dags/example_datasets.py
[2023-09-13T08:08:13.795+0000] {processor.py:799} INFO - Processing file /home/airflow/.local/lib/python3.7/site-packages/airflow/example_dags/example_datasets.py for tasks to queue
[2023-09-13T08:08:13.798+0000] {logging_mixin.py:149} INFO - [2023-09-13T08:08:13.797+0000] {dagbag.py:541} INFO - Filling up the DagBag from /home/airflow/.local/lib/python3.7/site-packages/airflow/example_dags/example_datasets.py
[2023-09-13T08:08:13.816+0000] {processor.py:809} INFO - DAG(s) dict_keys(['dataset_consumes_1', 'dataset_consumes_1_and_2', 'dataset_consumes_unknown_never_scheduled', 'dataset_produces_1', 'dataset_consumes_1_never_scheduled', 'dataset_produces_2']) retrieved from /home/airflow/.local/lib/python3.7/site-packages/airflow/example_dags/example_datasets.py
[2023-09-13T08:08:13.958+0000] {logging_mixin.py:149} INFO - [2023-09-13T08:08:13.957+0000] {dag.py:2726} INFO - Sync 6 DAGs
[2023-09-13T08:08:14.035+0000] {logging_mixin.py:149} INFO - [2023-09-13T08:08:14.034+0000] {dag.py:3490} INFO - Setting next_dagrun for dataset_consumes_1 to None, run_after=None
[2023-09-13T08:08:14.046+0000] {logging_mixin.py:149} INFO - [2023-09-13T08:08:14.045+0000] {dag.py:3490} INFO - Setting next_dagrun for dataset_consumes_1_and_2 to None, run_after=None
[2023-09-13T08:08:14.050+0000] {logging_mixin.py:149} INFO - [2023-09-13T08:08:14.050+0000] {dag.py:3490} INFO - Setting next_dagrun for dataset_consumes_1_never_scheduled to None, run_after=None
[2023-09-13T08:08:14.056+0000] {logging_mixin.py:149} INFO - [2023-09-13T08:08:14.056+0000] {dag.py:3490} INFO - Setting next_dagrun for dataset_consumes_unknown_never_scheduled to None, run_after=None
[2023-09-13T08:08:14.069+0000] {logging_mixin.py:149} INFO - [2023-09-13T08:08:14.069+0000] {dag.py:3490} INFO - Setting next_dagrun for dataset_produces_1 to 2023-09-12T00:00:00+00:00, run_after=2023-09-13T00:00:00+00:00
[2023-09-13T08:08:14.075+0000] {logging_mixin.py:149} INFO - [2023-09-13T08:08:14.074+0000] {dag.py:3490} INFO - Setting next_dagrun for dataset_produces_2 to None, run_after=None
[2023-09-13T08:08:14.169+0000] {processor.py:178} INFO - Processing /home/airflow/.local/lib/python3.7/site-packages/airflow/example_dags/example_datasets.py took 0.384 seconds
[2023-09-13T08:08:44.470+0000] {processor.py:156} INFO - Started process (PID=1196) to work on /home/airflow/.local/lib/python3.7/site-packages/airflow/example_dags/example_datasets.py
[2023-09-13T08:08:44.484+0000] {processor.py:799} INFO - Processing file /home/airflow/.local/lib/python3.7/site-packages/airflow/example_dags/example_datasets.py for tasks to queue
[2023-09-13T08:08:44.498+0000] {logging_mixin.py:149} INFO - [2023-09-13T08:08:44.497+0000] {dagbag.py:541} INFO - Filling up the DagBag from /home/airflow/.local/lib/python3.7/site-packages/airflow/example_dags/example_datasets.py
[2023-09-13T08:08:44.582+0000] {processor.py:809} INFO - DAG(s) dict_keys(['dataset_consumes_1_and_2', 'dataset_produces_2', 'dataset_consumes_unknown_never_scheduled', 'dataset_consumes_1', 'dataset_produces_1', 'dataset_consumes_1_never_scheduled']) retrieved from /home/airflow/.local/lib/python3.7/site-packages/airflow/example_dags/example_datasets.py
[2023-09-13T08:08:44.903+0000] {logging_mixin.py:149} INFO - [2023-09-13T08:08:44.902+0000] {dag.py:2726} INFO - Sync 6 DAGs
[2023-09-13T08:08:45.067+0000] {logging_mixin.py:149} INFO - [2023-09-13T08:08:45.067+0000] {dag.py:3490} INFO - Setting next_dagrun for dataset_consumes_1 to None, run_after=None
[2023-09-13T08:08:45.091+0000] {logging_mixin.py:149} INFO - [2023-09-13T08:08:45.090+0000] {dag.py:3490} INFO - Setting next_dagrun for dataset_consumes_1_and_2 to None, run_after=None
[2023-09-13T08:08:45.106+0000] {logging_mixin.py:149} INFO - [2023-09-13T08:08:45.106+0000] {dag.py:3490} INFO - Setting next_dagrun for dataset_consumes_1_never_scheduled to None, run_after=None
[2023-09-13T08:08:45.115+0000] {logging_mixin.py:149} INFO - [2023-09-13T08:08:45.112+0000] {dag.py:3490} INFO - Setting next_dagrun for dataset_consumes_unknown_never_scheduled to None, run_after=None
[2023-09-13T08:08:45.142+0000] {logging_mixin.py:149} INFO - [2023-09-13T08:08:45.142+0000] {dag.py:3490} INFO - Setting next_dagrun for dataset_produces_1 to 2023-09-12T00:00:00+00:00, run_after=2023-09-13T00:00:00+00:00
[2023-09-13T08:08:45.166+0000] {logging_mixin.py:149} INFO - [2023-09-13T08:08:45.166+0000] {dag.py:3490} INFO - Setting next_dagrun for dataset_produces_2 to None, run_after=None
[2023-09-13T08:08:45.441+0000] {processor.py:178} INFO - Processing /home/airflow/.local/lib/python3.7/site-packages/airflow/example_dags/example_datasets.py took 0.980 seconds
[2023-09-13T08:09:15.730+0000] {processor.py:156} INFO - Started process (PID=1256) to work on /home/airflow/.local/lib/python3.7/site-packages/airflow/example_dags/example_datasets.py
[2023-09-13T08:09:15.733+0000] {processor.py:799} INFO - Processing file /home/airflow/.local/lib/python3.7/site-packages/airflow/example_dags/example_datasets.py for tasks to queue
[2023-09-13T08:09:15.736+0000] {logging_mixin.py:149} INFO - [2023-09-13T08:09:15.735+0000] {dagbag.py:541} INFO - Filling up the DagBag from /home/airflow/.local/lib/python3.7/site-packages/airflow/example_dags/example_datasets.py
[2023-09-13T08:09:15.767+0000] {processor.py:809} INFO - DAG(s) dict_keys(['dataset_consumes_1_never_scheduled', 'dataset_consumes_unknown_never_scheduled', 'dataset_consumes_1', 'dataset_produces_2', 'dataset_consumes_1_and_2', 'dataset_produces_1']) retrieved from /home/airflow/.local/lib/python3.7/site-packages/airflow/example_dags/example_datasets.py
[2023-09-13T08:09:15.895+0000] {logging_mixin.py:149} INFO - [2023-09-13T08:09:15.894+0000] {dag.py:2726} INFO - Sync 6 DAGs
[2023-09-13T08:09:16.005+0000] {logging_mixin.py:149} INFO - [2023-09-13T08:09:16.005+0000] {dag.py:3490} INFO - Setting next_dagrun for dataset_consumes_1 to None, run_after=None
[2023-09-13T08:09:16.017+0000] {logging_mixin.py:149} INFO - [2023-09-13T08:09:16.017+0000] {dag.py:3490} INFO - Setting next_dagrun for dataset_consumes_1_and_2 to None, run_after=None
[2023-09-13T08:09:16.022+0000] {logging_mixin.py:149} INFO - [2023-09-13T08:09:16.022+0000] {dag.py:3490} INFO - Setting next_dagrun for dataset_consumes_1_never_scheduled to None, run_after=None
[2023-09-13T08:09:16.028+0000] {logging_mixin.py:149} INFO - [2023-09-13T08:09:16.028+0000] {dag.py:3490} INFO - Setting next_dagrun for dataset_consumes_unknown_never_scheduled to None, run_after=None
[2023-09-13T08:09:16.045+0000] {logging_mixin.py:149} INFO - [2023-09-13T08:09:16.041+0000] {dag.py:3490} INFO - Setting next_dagrun for dataset_produces_1 to 2023-09-12T00:00:00+00:00, run_after=2023-09-13T00:00:00+00:00
[2023-09-13T08:09:16.051+0000] {logging_mixin.py:149} INFO - [2023-09-13T08:09:16.050+0000] {dag.py:3490} INFO - Setting next_dagrun for dataset_produces_2 to None, run_after=None
[2023-09-13T08:09:16.196+0000] {processor.py:178} INFO - Processing /home/airflow/.local/lib/python3.7/site-packages/airflow/example_dags/example_datasets.py took 0.473 seconds
[2023-09-13T08:09:46.458+0000] {processor.py:156} INFO - Started process (PID=1316) to work on /home/airflow/.local/lib/python3.7/site-packages/airflow/example_dags/example_datasets.py
[2023-09-13T08:09:46.461+0000] {processor.py:799} INFO - Processing file /home/airflow/.local/lib/python3.7/site-packages/airflow/example_dags/example_datasets.py for tasks to queue
[2023-09-13T08:09:46.463+0000] {logging_mixin.py:149} INFO - [2023-09-13T08:09:46.463+0000] {dagbag.py:541} INFO - Filling up the DagBag from /home/airflow/.local/lib/python3.7/site-packages/airflow/example_dags/example_datasets.py
[2023-09-13T08:09:46.511+0000] {processor.py:809} INFO - DAG(s) dict_keys(['dataset_produces_2', 'dataset_consumes_1', 'dataset_consumes_1_and_2', 'dataset_produces_1', 'dataset_consumes_1_never_scheduled', 'dataset_consumes_unknown_never_scheduled']) retrieved from /home/airflow/.local/lib/python3.7/site-packages/airflow/example_dags/example_datasets.py
[2023-09-13T08:09:46.712+0000] {logging_mixin.py:149} INFO - [2023-09-13T08:09:46.711+0000] {dag.py:2726} INFO - Sync 6 DAGs
[2023-09-13T08:09:46.778+0000] {logging_mixin.py:149} INFO - [2023-09-13T08:09:46.777+0000] {dag.py:3490} INFO - Setting next_dagrun for dataset_consumes_1 to None, run_after=None
[2023-09-13T08:09:46.791+0000] {logging_mixin.py:149} INFO - [2023-09-13T08:09:46.790+0000] {dag.py:3490} INFO - Setting next_dagrun for dataset_consumes_1_and_2 to None, run_after=None
[2023-09-13T08:09:46.795+0000] {logging_mixin.py:149} INFO - [2023-09-13T08:09:46.795+0000] {dag.py:3490} INFO - Setting next_dagrun for dataset_consumes_1_never_scheduled to None, run_after=None
[2023-09-13T08:09:46.800+0000] {logging_mixin.py:149} INFO - [2023-09-13T08:09:46.800+0000] {dag.py:3490} INFO - Setting next_dagrun for dataset_consumes_unknown_never_scheduled to None, run_after=None
[2023-09-13T08:09:46.807+0000] {logging_mixin.py:149} INFO - [2023-09-13T08:09:46.806+0000] {dag.py:3490} INFO - Setting next_dagrun for dataset_produces_1 to 2023-09-12T00:00:00+00:00, run_after=2023-09-13T00:00:00+00:00
[2023-09-13T08:09:46.810+0000] {logging_mixin.py:149} INFO - [2023-09-13T08:09:46.810+0000] {dag.py:3490} INFO - Setting next_dagrun for dataset_produces_2 to None, run_after=None
[2023-09-13T08:09:46.902+0000] {processor.py:178} INFO - Processing /home/airflow/.local/lib/python3.7/site-packages/airflow/example_dags/example_datasets.py took 0.452 seconds
[2023-09-13T08:10:17.129+0000] {processor.py:156} INFO - Started process (PID=1377) to work on /home/airflow/.local/lib/python3.7/site-packages/airflow/example_dags/example_datasets.py
[2023-09-13T08:10:17.131+0000] {processor.py:799} INFO - Processing file /home/airflow/.local/lib/python3.7/site-packages/airflow/example_dags/example_datasets.py for tasks to queue
[2023-09-13T08:10:17.134+0000] {logging_mixin.py:149} INFO - [2023-09-13T08:10:17.133+0000] {dagbag.py:541} INFO - Filling up the DagBag from /home/airflow/.local/lib/python3.7/site-packages/airflow/example_dags/example_datasets.py
[2023-09-13T08:10:17.163+0000] {processor.py:809} INFO - DAG(s) dict_keys(['dataset_consumes_1_and_2', 'dataset_consumes_1', 'dataset_consumes_unknown_never_scheduled', 'dataset_consumes_1_never_scheduled', 'dataset_produces_1', 'dataset_produces_2']) retrieved from /home/airflow/.local/lib/python3.7/site-packages/airflow/example_dags/example_datasets.py
[2023-09-13T08:10:17.256+0000] {logging_mixin.py:149} INFO - [2023-09-13T08:10:17.256+0000] {dag.py:2726} INFO - Sync 6 DAGs
[2023-09-13T08:10:17.324+0000] {logging_mixin.py:149} INFO - [2023-09-13T08:10:17.323+0000] {dag.py:3490} INFO - Setting next_dagrun for dataset_consumes_1 to None, run_after=None
[2023-09-13T08:10:17.332+0000] {logging_mixin.py:149} INFO - [2023-09-13T08:10:17.332+0000] {dag.py:3490} INFO - Setting next_dagrun for dataset_consumes_1_and_2 to None, run_after=None
[2023-09-13T08:10:17.338+0000] {logging_mixin.py:149} INFO - [2023-09-13T08:10:17.338+0000] {dag.py:3490} INFO - Setting next_dagrun for dataset_consumes_1_never_scheduled to None, run_after=None
[2023-09-13T08:10:17.342+0000] {logging_mixin.py:149} INFO - [2023-09-13T08:10:17.342+0000] {dag.py:3490} INFO - Setting next_dagrun for dataset_consumes_unknown_never_scheduled to None, run_after=None
[2023-09-13T08:10:17.349+0000] {logging_mixin.py:149} INFO - [2023-09-13T08:10:17.349+0000] {dag.py:3490} INFO - Setting next_dagrun for dataset_produces_1 to 2023-09-12T00:00:00+00:00, run_after=2023-09-13T00:00:00+00:00
[2023-09-13T08:10:17.353+0000] {logging_mixin.py:149} INFO - [2023-09-13T08:10:17.353+0000] {dag.py:3490} INFO - Setting next_dagrun for dataset_produces_2 to None, run_after=None
[2023-09-13T08:10:17.439+0000] {processor.py:178} INFO - Processing /home/airflow/.local/lib/python3.7/site-packages/airflow/example_dags/example_datasets.py took 0.319 seconds
[2023-09-13T08:10:47.674+0000] {processor.py:156} INFO - Started process (PID=1438) to work on /home/airflow/.local/lib/python3.7/site-packages/airflow/example_dags/example_datasets.py
[2023-09-13T08:10:47.677+0000] {processor.py:799} INFO - Processing file /home/airflow/.local/lib/python3.7/site-packages/airflow/example_dags/example_datasets.py for tasks to queue
[2023-09-13T08:10:47.680+0000] {logging_mixin.py:149} INFO - [2023-09-13T08:10:47.680+0000] {dagbag.py:541} INFO - Filling up the DagBag from /home/airflow/.local/lib/python3.7/site-packages/airflow/example_dags/example_datasets.py
[2023-09-13T08:10:47.709+0000] {processor.py:809} INFO - DAG(s) dict_keys(['dataset_consumes_1_and_2', 'dataset_consumes_1_never_scheduled', 'dataset_produces_2', 'dataset_consumes_unknown_never_scheduled', 'dataset_produces_1', 'dataset_consumes_1']) retrieved from /home/airflow/.local/lib/python3.7/site-packages/airflow/example_dags/example_datasets.py
[2023-09-13T08:10:47.894+0000] {logging_mixin.py:149} INFO - [2023-09-13T08:10:47.894+0000] {dag.py:2726} INFO - Sync 6 DAGs
[2023-09-13T08:10:48.016+0000] {logging_mixin.py:149} INFO - [2023-09-13T08:10:48.015+0000] {dag.py:3490} INFO - Setting next_dagrun for dataset_consumes_1 to None, run_after=None
[2023-09-13T08:10:48.034+0000] {logging_mixin.py:149} INFO - [2023-09-13T08:10:48.033+0000] {dag.py:3490} INFO - Setting next_dagrun for dataset_consumes_1_and_2 to None, run_after=None
[2023-09-13T08:10:48.057+0000] {logging_mixin.py:149} INFO - [2023-09-13T08:10:48.056+0000] {dag.py:3490} INFO - Setting next_dagrun for dataset_consumes_1_never_scheduled to None, run_after=None
[2023-09-13T08:10:48.063+0000] {logging_mixin.py:149} INFO - [2023-09-13T08:10:48.063+0000] {dag.py:3490} INFO - Setting next_dagrun for dataset_consumes_unknown_never_scheduled to None, run_after=None
[2023-09-13T08:10:48.078+0000] {logging_mixin.py:149} INFO - [2023-09-13T08:10:48.077+0000] {dag.py:3490} INFO - Setting next_dagrun for dataset_produces_1 to 2023-09-12T00:00:00+00:00, run_after=2023-09-13T00:00:00+00:00
[2023-09-13T08:10:48.083+0000] {logging_mixin.py:149} INFO - [2023-09-13T08:10:48.083+0000] {dag.py:3490} INFO - Setting next_dagrun for dataset_produces_2 to None, run_after=None
[2023-09-13T08:10:48.241+0000] {processor.py:178} INFO - Processing /home/airflow/.local/lib/python3.7/site-packages/airflow/example_dags/example_datasets.py took 0.575 seconds
[2023-09-13T08:11:18.707+0000] {processor.py:156} INFO - Started process (PID=1498) to work on /home/airflow/.local/lib/python3.7/site-packages/airflow/example_dags/example_datasets.py
[2023-09-13T08:11:18.710+0000] {processor.py:799} INFO - Processing file /home/airflow/.local/lib/python3.7/site-packages/airflow/example_dags/example_datasets.py for tasks to queue
[2023-09-13T08:11:18.712+0000] {logging_mixin.py:149} INFO - [2023-09-13T08:11:18.712+0000] {dagbag.py:541} INFO - Filling up the DagBag from /home/airflow/.local/lib/python3.7/site-packages/airflow/example_dags/example_datasets.py
[2023-09-13T08:11:18.736+0000] {processor.py:809} INFO - DAG(s) dict_keys(['dataset_consumes_1', 'dataset_produces_2', 'dataset_produces_1', 'dataset_consumes_unknown_never_scheduled', 'dataset_consumes_1_and_2', 'dataset_consumes_1_never_scheduled']) retrieved from /home/airflow/.local/lib/python3.7/site-packages/airflow/example_dags/example_datasets.py
[2023-09-13T08:11:18.833+0000] {logging_mixin.py:149} INFO - [2023-09-13T08:11:18.833+0000] {dag.py:2726} INFO - Sync 6 DAGs
[2023-09-13T08:11:18.899+0000] {logging_mixin.py:149} INFO - [2023-09-13T08:11:18.899+0000] {dag.py:3490} INFO - Setting next_dagrun for dataset_consumes_1 to None, run_after=None
[2023-09-13T08:11:18.914+0000] {logging_mixin.py:149} INFO - [2023-09-13T08:11:18.911+0000] {dag.py:3490} INFO - Setting next_dagrun for dataset_consumes_1_and_2 to None, run_after=None
[2023-09-13T08:11:18.921+0000] {logging_mixin.py:149} INFO - [2023-09-13T08:11:18.921+0000] {dag.py:3490} INFO - Setting next_dagrun for dataset_consumes_1_never_scheduled to None, run_after=None
[2023-09-13T08:11:18.929+0000] {logging_mixin.py:149} INFO - [2023-09-13T08:11:18.929+0000] {dag.py:3490} INFO - Setting next_dagrun for dataset_consumes_unknown_never_scheduled to None, run_after=None
[2023-09-13T08:11:18.945+0000] {logging_mixin.py:149} INFO - [2023-09-13T08:11:18.945+0000] {dag.py:3490} INFO - Setting next_dagrun for dataset_produces_1 to 2023-09-12T00:00:00+00:00, run_after=2023-09-13T00:00:00+00:00
[2023-09-13T08:11:18.949+0000] {logging_mixin.py:149} INFO - [2023-09-13T08:11:18.949+0000] {dag.py:3490} INFO - Setting next_dagrun for dataset_produces_2 to None, run_after=None
[2023-09-13T08:11:19.088+0000] {processor.py:178} INFO - Processing /home/airflow/.local/lib/python3.7/site-packages/airflow/example_dags/example_datasets.py took 0.387 seconds
[2023-09-13T08:11:49.659+0000] {processor.py:156} INFO - Started process (PID=1558) to work on /home/airflow/.local/lib/python3.7/site-packages/airflow/example_dags/example_datasets.py
[2023-09-13T08:11:49.662+0000] {processor.py:799} INFO - Processing file /home/airflow/.local/lib/python3.7/site-packages/airflow/example_dags/example_datasets.py for tasks to queue
[2023-09-13T08:11:49.665+0000] {logging_mixin.py:149} INFO - [2023-09-13T08:11:49.664+0000] {dagbag.py:541} INFO - Filling up the DagBag from /home/airflow/.local/lib/python3.7/site-packages/airflow/example_dags/example_datasets.py
[2023-09-13T08:11:49.687+0000] {processor.py:809} INFO - DAG(s) dict_keys(['dataset_consumes_1', 'dataset_consumes_1_and_2', 'dataset_consumes_unknown_never_scheduled', 'dataset_produces_1', 'dataset_produces_2', 'dataset_consumes_1_never_scheduled']) retrieved from /home/airflow/.local/lib/python3.7/site-packages/airflow/example_dags/example_datasets.py
[2023-09-13T08:11:49.798+0000] {logging_mixin.py:149} INFO - [2023-09-13T08:11:49.797+0000] {dag.py:2726} INFO - Sync 6 DAGs
[2023-09-13T08:11:49.866+0000] {logging_mixin.py:149} INFO - [2023-09-13T08:11:49.865+0000] {dag.py:3490} INFO - Setting next_dagrun for dataset_consumes_1 to None, run_after=None
[2023-09-13T08:11:49.877+0000] {logging_mixin.py:149} INFO - [2023-09-13T08:11:49.877+0000] {dag.py:3490} INFO - Setting next_dagrun for dataset_consumes_1_and_2 to None, run_after=None
[2023-09-13T08:11:49.882+0000] {logging_mixin.py:149} INFO - [2023-09-13T08:11:49.882+0000] {dag.py:3490} INFO - Setting next_dagrun for dataset_consumes_1_never_scheduled to None, run_after=None
[2023-09-13T08:11:49.887+0000] {logging_mixin.py:149} INFO - [2023-09-13T08:11:49.887+0000] {dag.py:3490} INFO - Setting next_dagrun for dataset_consumes_unknown_never_scheduled to None, run_after=None
[2023-09-13T08:11:49.895+0000] {logging_mixin.py:149} INFO - [2023-09-13T08:11:49.894+0000] {dag.py:3490} INFO - Setting next_dagrun for dataset_produces_1 to 2023-09-12T00:00:00+00:00, run_after=2023-09-13T00:00:00+00:00
[2023-09-13T08:11:49.900+0000] {logging_mixin.py:149} INFO - [2023-09-13T08:11:49.899+0000] {dag.py:3490} INFO - Setting next_dagrun for dataset_produces_2 to None, run_after=None
[2023-09-13T08:11:49.989+0000] {processor.py:178} INFO - Processing /home/airflow/.local/lib/python3.7/site-packages/airflow/example_dags/example_datasets.py took 0.337 seconds
[2023-09-13T08:12:20.286+0000] {processor.py:156} INFO - Started process (PID=1610) to work on /home/airflow/.local/lib/python3.7/site-packages/airflow/example_dags/example_datasets.py
[2023-09-13T08:12:20.288+0000] {processor.py:799} INFO - Processing file /home/airflow/.local/lib/python3.7/site-packages/airflow/example_dags/example_datasets.py for tasks to queue
[2023-09-13T08:12:20.290+0000] {logging_mixin.py:149} INFO - [2023-09-13T08:12:20.290+0000] {dagbag.py:541} INFO - Filling up the DagBag from /home/airflow/.local/lib/python3.7/site-packages/airflow/example_dags/example_datasets.py
[2023-09-13T08:12:20.323+0000] {processor.py:809} INFO - DAG(s) dict_keys(['dataset_consumes_1', 'dataset_consumes_1_and_2', 'dataset_produces_2', 'dataset_consumes_unknown_never_scheduled', 'dataset_produces_1', 'dataset_consumes_1_never_scheduled']) retrieved from /home/airflow/.local/lib/python3.7/site-packages/airflow/example_dags/example_datasets.py
[2023-09-13T08:12:20.427+0000] {logging_mixin.py:149} INFO - [2023-09-13T08:12:20.427+0000] {dag.py:2726} INFO - Sync 6 DAGs
[2023-09-13T08:12:20.486+0000] {logging_mixin.py:149} INFO - [2023-09-13T08:12:20.485+0000] {dag.py:3490} INFO - Setting next_dagrun for dataset_consumes_1 to None, run_after=None
[2023-09-13T08:12:20.495+0000] {logging_mixin.py:149} INFO - [2023-09-13T08:12:20.495+0000] {dag.py:3490} INFO - Setting next_dagrun for dataset_consumes_1_and_2 to None, run_after=None
[2023-09-13T08:12:20.499+0000] {logging_mixin.py:149} INFO - [2023-09-13T08:12:20.499+0000] {dag.py:3490} INFO - Setting next_dagrun for dataset_consumes_1_never_scheduled to None, run_after=None
[2023-09-13T08:12:20.504+0000] {logging_mixin.py:149} INFO - [2023-09-13T08:12:20.503+0000] {dag.py:3490} INFO - Setting next_dagrun for dataset_consumes_unknown_never_scheduled to None, run_after=None
[2023-09-13T08:12:20.518+0000] {logging_mixin.py:149} INFO - [2023-09-13T08:12:20.518+0000] {dag.py:3490} INFO - Setting next_dagrun for dataset_produces_1 to 2023-09-12T00:00:00+00:00, run_after=2023-09-13T00:00:00+00:00
[2023-09-13T08:12:20.522+0000] {logging_mixin.py:149} INFO - [2023-09-13T08:12:20.522+0000] {dag.py:3490} INFO - Setting next_dagrun for dataset_produces_2 to None, run_after=None
[2023-09-13T08:12:20.588+0000] {processor.py:178} INFO - Processing /home/airflow/.local/lib/python3.7/site-packages/airflow/example_dags/example_datasets.py took 0.313 seconds
[2023-09-13T08:12:50.665+0000] {processor.py:156} INFO - Started process (PID=1669) to work on /home/airflow/.local/lib/python3.7/site-packages/airflow/example_dags/example_datasets.py
[2023-09-13T08:12:50.668+0000] {processor.py:799} INFO - Processing file /home/airflow/.local/lib/python3.7/site-packages/airflow/example_dags/example_datasets.py for tasks to queue
[2023-09-13T08:12:50.670+0000] {logging_mixin.py:149} INFO - [2023-09-13T08:12:50.669+0000] {dagbag.py:541} INFO - Filling up the DagBag from /home/airflow/.local/lib/python3.7/site-packages/airflow/example_dags/example_datasets.py
[2023-09-13T08:12:50.683+0000] {processor.py:809} INFO - DAG(s) dict_keys(['dataset_consumes_1_and_2', 'dataset_consumes_1_never_scheduled', 'dataset_consumes_1', 'dataset_consumes_unknown_never_scheduled', 'dataset_produces_2', 'dataset_produces_1']) retrieved from /home/airflow/.local/lib/python3.7/site-packages/airflow/example_dags/example_datasets.py
[2023-09-13T08:12:50.762+0000] {logging_mixin.py:149} INFO - [2023-09-13T08:12:50.761+0000] {dag.py:2726} INFO - Sync 6 DAGs
[2023-09-13T08:12:50.818+0000] {logging_mixin.py:149} INFO - [2023-09-13T08:12:50.817+0000] {dag.py:3490} INFO - Setting next_dagrun for dataset_consumes_1 to None, run_after=None
[2023-09-13T08:12:50.828+0000] {logging_mixin.py:149} INFO - [2023-09-13T08:12:50.827+0000] {dag.py:3490} INFO - Setting next_dagrun for dataset_consumes_1_and_2 to None, run_after=None
[2023-09-13T08:12:50.832+0000] {logging_mixin.py:149} INFO - [2023-09-13T08:12:50.832+0000] {dag.py:3490} INFO - Setting next_dagrun for dataset_consumes_1_never_scheduled to None, run_after=None
[2023-09-13T08:12:50.836+0000] {logging_mixin.py:149} INFO - [2023-09-13T08:12:50.835+0000] {dag.py:3490} INFO - Setting next_dagrun for dataset_consumes_unknown_never_scheduled to None, run_after=None
[2023-09-13T08:12:50.845+0000] {logging_mixin.py:149} INFO - [2023-09-13T08:12:50.844+0000] {dag.py:3490} INFO - Setting next_dagrun for dataset_produces_1 to 2023-09-12T00:00:00+00:00, run_after=2023-09-13T00:00:00+00:00
[2023-09-13T08:12:50.848+0000] {logging_mixin.py:149} INFO - [2023-09-13T08:12:50.848+0000] {dag.py:3490} INFO - Setting next_dagrun for dataset_produces_2 to None, run_after=None
[2023-09-13T08:12:50.918+0000] {processor.py:178} INFO - Processing /home/airflow/.local/lib/python3.7/site-packages/airflow/example_dags/example_datasets.py took 0.258 seconds
[2023-09-13T09:26:09.135+0000] {processor.py:156} INFO - Started process (PID=41) to work on /home/airflow/.local/lib/python3.7/site-packages/airflow/example_dags/example_datasets.py
[2023-09-13T09:26:09.137+0000] {processor.py:799} INFO - Processing file /home/airflow/.local/lib/python3.7/site-packages/airflow/example_dags/example_datasets.py for tasks to queue
[2023-09-13T09:26:09.138+0000] {logging_mixin.py:149} INFO - [2023-09-13T09:26:09.138+0000] {dagbag.py:541} INFO - Filling up the DagBag from /home/airflow/.local/lib/python3.7/site-packages/airflow/example_dags/example_datasets.py
[2023-09-13T09:26:09.157+0000] {processor.py:809} INFO - DAG(s) dict_keys(['dataset_consumes_1_and_2', 'dataset_consumes_1_never_scheduled', 'dataset_produces_1', 'dataset_consumes_1', 'dataset_produces_2', 'dataset_consumes_unknown_never_scheduled']) retrieved from /home/airflow/.local/lib/python3.7/site-packages/airflow/example_dags/example_datasets.py
[2023-09-13T09:26:09.290+0000] {logging_mixin.py:149} INFO - [2023-09-13T09:26:09.290+0000] {dag.py:2726} INFO - Sync 6 DAGs
[2023-09-13T09:26:09.321+0000] {logging_mixin.py:149} INFO - [2023-09-13T09:26:09.320+0000] {dag.py:3490} INFO - Setting next_dagrun for dataset_consumes_1 to None, run_after=None
[2023-09-13T09:26:09.325+0000] {logging_mixin.py:149} INFO - [2023-09-13T09:26:09.325+0000] {dag.py:3490} INFO - Setting next_dagrun for dataset_consumes_1_and_2 to None, run_after=None
[2023-09-13T09:26:09.327+0000] {logging_mixin.py:149} INFO - [2023-09-13T09:26:09.327+0000] {dag.py:3490} INFO - Setting next_dagrun for dataset_consumes_1_never_scheduled to None, run_after=None
[2023-09-13T09:26:09.330+0000] {logging_mixin.py:149} INFO - [2023-09-13T09:26:09.330+0000] {dag.py:3490} INFO - Setting next_dagrun for dataset_consumes_unknown_never_scheduled to None, run_after=None
[2023-09-13T09:26:09.334+0000] {logging_mixin.py:149} INFO - [2023-09-13T09:26:09.334+0000] {dag.py:3490} INFO - Setting next_dagrun for dataset_produces_1 to 2023-09-12T00:00:00+00:00, run_after=2023-09-13T00:00:00+00:00
[2023-09-13T09:26:09.336+0000] {logging_mixin.py:149} INFO - [2023-09-13T09:26:09.336+0000] {dag.py:3490} INFO - Setting next_dagrun for dataset_produces_2 to None, run_after=None
[2023-09-13T09:26:09.383+0000] {processor.py:178} INFO - Processing /home/airflow/.local/lib/python3.7/site-packages/airflow/example_dags/example_datasets.py took 0.253 seconds
