[2023-09-13T07:58:52.231+0000] {processor.py:156} INFO - Started process (PID=51) to work on /home/airflow/.local/lib/python3.7/site-packages/airflow/example_dags/example_sensors.py
[2023-09-13T07:58:52.234+0000] {processor.py:799} INFO - Processing file /home/airflow/.local/lib/python3.7/site-packages/airflow/example_dags/example_sensors.py for tasks to queue
[2023-09-13T07:58:52.237+0000] {logging_mixin.py:149} INFO - [2023-09-13T07:58:52.237+0000] {dagbag.py:541} INFO - Filling up the DagBag from /home/airflow/.local/lib/python3.7/site-packages/airflow/example_dags/example_sensors.py
[2023-09-13T07:58:52.298+0000] {processor.py:809} INFO - DAG(s) dict_keys(['example_sensors']) retrieved from /home/airflow/.local/lib/python3.7/site-packages/airflow/example_dags/example_sensors.py
[2023-09-13T07:58:52.412+0000] {logging_mixin.py:149} INFO - [2023-09-13T07:58:52.412+0000] {dag.py:2726} INFO - Sync 1 DAGs
[2023-09-13T07:58:52.524+0000] {logging_mixin.py:149} INFO - [2023-09-13T07:58:52.523+0000] {dag.py:3490} INFO - Setting next_dagrun for example_sensors to None, run_after=None
[2023-09-13T07:58:52.590+0000] {processor.py:178} INFO - Processing /home/airflow/.local/lib/python3.7/site-packages/airflow/example_dags/example_sensors.py took 0.369 seconds
[2023-09-13T07:59:23.309+0000] {processor.py:156} INFO - Started process (PID=111) to work on /home/airflow/.local/lib/python3.7/site-packages/airflow/example_dags/example_sensors.py
[2023-09-13T07:59:23.312+0000] {processor.py:799} INFO - Processing file /home/airflow/.local/lib/python3.7/site-packages/airflow/example_dags/example_sensors.py for tasks to queue
[2023-09-13T07:59:23.314+0000] {logging_mixin.py:149} INFO - [2023-09-13T07:59:23.314+0000] {dagbag.py:541} INFO - Filling up the DagBag from /home/airflow/.local/lib/python3.7/site-packages/airflow/example_dags/example_sensors.py
[2023-09-13T07:59:23.340+0000] {processor.py:809} INFO - DAG(s) dict_keys(['example_sensors']) retrieved from /home/airflow/.local/lib/python3.7/site-packages/airflow/example_dags/example_sensors.py
[2023-09-13T07:59:23.435+0000] {logging_mixin.py:149} INFO - [2023-09-13T07:59:23.435+0000] {dag.py:2726} INFO - Sync 1 DAGs
[2023-09-13T07:59:23.499+0000] {logging_mixin.py:149} INFO - [2023-09-13T07:59:23.499+0000] {dag.py:3490} INFO - Setting next_dagrun for example_sensors to None, run_after=None
[2023-09-13T07:59:23.553+0000] {processor.py:178} INFO - Processing /home/airflow/.local/lib/python3.7/site-packages/airflow/example_dags/example_sensors.py took 0.252 seconds
[2023-09-13T07:59:54.707+0000] {processor.py:156} INFO - Started process (PID=171) to work on /home/airflow/.local/lib/python3.7/site-packages/airflow/example_dags/example_sensors.py
[2023-09-13T07:59:54.712+0000] {processor.py:799} INFO - Processing file /home/airflow/.local/lib/python3.7/site-packages/airflow/example_dags/example_sensors.py for tasks to queue
[2023-09-13T07:59:54.716+0000] {logging_mixin.py:149} INFO - [2023-09-13T07:59:54.715+0000] {dagbag.py:541} INFO - Filling up the DagBag from /home/airflow/.local/lib/python3.7/site-packages/airflow/example_dags/example_sensors.py
[2023-09-13T07:59:54.760+0000] {processor.py:809} INFO - DAG(s) dict_keys(['example_sensors']) retrieved from /home/airflow/.local/lib/python3.7/site-packages/airflow/example_dags/example_sensors.py
[2023-09-13T07:59:54.875+0000] {logging_mixin.py:149} INFO - [2023-09-13T07:59:54.874+0000] {dag.py:2726} INFO - Sync 1 DAGs
[2023-09-13T07:59:55.203+0000] {logging_mixin.py:149} INFO - [2023-09-13T07:59:55.203+0000] {dag.py:3490} INFO - Setting next_dagrun for example_sensors to None, run_after=None
[2023-09-13T07:59:55.255+0000] {processor.py:178} INFO - Processing /home/airflow/.local/lib/python3.7/site-packages/airflow/example_dags/example_sensors.py took 0.560 seconds
[2023-09-13T08:00:25.351+0000] {processor.py:156} INFO - Started process (PID=231) to work on /home/airflow/.local/lib/python3.7/site-packages/airflow/example_dags/example_sensors.py
[2023-09-13T08:00:25.353+0000] {processor.py:799} INFO - Processing file /home/airflow/.local/lib/python3.7/site-packages/airflow/example_dags/example_sensors.py for tasks to queue
[2023-09-13T08:00:25.356+0000] {logging_mixin.py:149} INFO - [2023-09-13T08:00:25.355+0000] {dagbag.py:541} INFO - Filling up the DagBag from /home/airflow/.local/lib/python3.7/site-packages/airflow/example_dags/example_sensors.py
[2023-09-13T08:00:25.547+0000] {processor.py:809} INFO - DAG(s) dict_keys(['example_sensors']) retrieved from /home/airflow/.local/lib/python3.7/site-packages/airflow/example_dags/example_sensors.py
[2023-09-13T08:00:25.598+0000] {logging_mixin.py:149} INFO - [2023-09-13T08:00:25.598+0000] {dag.py:2726} INFO - Sync 1 DAGs
[2023-09-13T08:00:25.648+0000] {logging_mixin.py:149} INFO - [2023-09-13T08:00:25.647+0000] {dag.py:3490} INFO - Setting next_dagrun for example_sensors to None, run_after=None
[2023-09-13T08:00:25.685+0000] {processor.py:178} INFO - Processing /home/airflow/.local/lib/python3.7/site-packages/airflow/example_dags/example_sensors.py took 0.340 seconds
[2023-09-13T08:00:55.929+0000] {processor.py:156} INFO - Started process (PID=290) to work on /home/airflow/.local/lib/python3.7/site-packages/airflow/example_dags/example_sensors.py
[2023-09-13T08:00:55.937+0000] {processor.py:799} INFO - Processing file /home/airflow/.local/lib/python3.7/site-packages/airflow/example_dags/example_sensors.py for tasks to queue
[2023-09-13T08:00:55.958+0000] {logging_mixin.py:149} INFO - [2023-09-13T08:00:55.958+0000] {dagbag.py:541} INFO - Filling up the DagBag from /home/airflow/.local/lib/python3.7/site-packages/airflow/example_dags/example_sensors.py
[2023-09-13T08:00:56.022+0000] {processor.py:809} INFO - DAG(s) dict_keys(['example_sensors']) retrieved from /home/airflow/.local/lib/python3.7/site-packages/airflow/example_dags/example_sensors.py
[2023-09-13T08:00:56.168+0000] {logging_mixin.py:149} INFO - [2023-09-13T08:00:56.167+0000] {dag.py:2726} INFO - Sync 1 DAGs
[2023-09-13T08:00:56.304+0000] {logging_mixin.py:149} INFO - [2023-09-13T08:00:56.304+0000] {dag.py:3490} INFO - Setting next_dagrun for example_sensors to None, run_after=None
[2023-09-13T08:00:56.442+0000] {processor.py:178} INFO - Processing /home/airflow/.local/lib/python3.7/site-packages/airflow/example_dags/example_sensors.py took 0.522 seconds
[2023-09-13T08:01:26.976+0000] {processor.py:156} INFO - Started process (PID=350) to work on /home/airflow/.local/lib/python3.7/site-packages/airflow/example_dags/example_sensors.py
[2023-09-13T08:01:26.980+0000] {processor.py:799} INFO - Processing file /home/airflow/.local/lib/python3.7/site-packages/airflow/example_dags/example_sensors.py for tasks to queue
[2023-09-13T08:01:26.984+0000] {logging_mixin.py:149} INFO - [2023-09-13T08:01:26.983+0000] {dagbag.py:541} INFO - Filling up the DagBag from /home/airflow/.local/lib/python3.7/site-packages/airflow/example_dags/example_sensors.py
[2023-09-13T08:01:27.033+0000] {processor.py:809} INFO - DAG(s) dict_keys(['example_sensors']) retrieved from /home/airflow/.local/lib/python3.7/site-packages/airflow/example_dags/example_sensors.py
[2023-09-13T08:01:27.122+0000] {logging_mixin.py:149} INFO - [2023-09-13T08:01:27.122+0000] {dag.py:2726} INFO - Sync 1 DAGs
[2023-09-13T08:01:27.211+0000] {logging_mixin.py:149} INFO - [2023-09-13T08:01:27.210+0000] {dag.py:3490} INFO - Setting next_dagrun for example_sensors to None, run_after=None
[2023-09-13T08:01:27.273+0000] {processor.py:178} INFO - Processing /home/airflow/.local/lib/python3.7/site-packages/airflow/example_dags/example_sensors.py took 0.310 seconds
[2023-09-13T08:01:59.939+0000] {processor.py:156} INFO - Started process (PID=410) to work on /home/airflow/.local/lib/python3.7/site-packages/airflow/example_dags/example_sensors.py
[2023-09-13T08:01:59.952+0000] {processor.py:799} INFO - Processing file /home/airflow/.local/lib/python3.7/site-packages/airflow/example_dags/example_sensors.py for tasks to queue
[2023-09-13T08:01:59.955+0000] {logging_mixin.py:149} INFO - [2023-09-13T08:01:59.955+0000] {dagbag.py:541} INFO - Filling up the DagBag from /home/airflow/.local/lib/python3.7/site-packages/airflow/example_dags/example_sensors.py
[2023-09-13T08:02:00.027+0000] {processor.py:809} INFO - DAG(s) dict_keys(['example_sensors']) retrieved from /home/airflow/.local/lib/python3.7/site-packages/airflow/example_dags/example_sensors.py
[2023-09-13T08:02:00.191+0000] {logging_mixin.py:149} INFO - [2023-09-13T08:02:00.190+0000] {dag.py:2726} INFO - Sync 1 DAGs
[2023-09-13T08:02:00.339+0000] {logging_mixin.py:149} INFO - [2023-09-13T08:02:00.339+0000] {dag.py:3490} INFO - Setting next_dagrun for example_sensors to None, run_after=None
[2023-09-13T08:02:00.460+0000] {processor.py:178} INFO - Processing /home/airflow/.local/lib/python3.7/site-packages/airflow/example_dags/example_sensors.py took 0.529 seconds
[2023-09-13T08:02:30.626+0000] {processor.py:156} INFO - Started process (PID=471) to work on /home/airflow/.local/lib/python3.7/site-packages/airflow/example_dags/example_sensors.py
[2023-09-13T08:02:30.629+0000] {processor.py:799} INFO - Processing file /home/airflow/.local/lib/python3.7/site-packages/airflow/example_dags/example_sensors.py for tasks to queue
[2023-09-13T08:02:30.633+0000] {logging_mixin.py:149} INFO - [2023-09-13T08:02:30.633+0000] {dagbag.py:541} INFO - Filling up the DagBag from /home/airflow/.local/lib/python3.7/site-packages/airflow/example_dags/example_sensors.py
[2023-09-13T08:02:30.661+0000] {processor.py:809} INFO - DAG(s) dict_keys(['example_sensors']) retrieved from /home/airflow/.local/lib/python3.7/site-packages/airflow/example_dags/example_sensors.py
[2023-09-13T08:02:30.758+0000] {logging_mixin.py:149} INFO - [2023-09-13T08:02:30.758+0000] {dag.py:2726} INFO - Sync 1 DAGs
[2023-09-13T08:02:30.837+0000] {logging_mixin.py:149} INFO - [2023-09-13T08:02:30.837+0000] {dag.py:3490} INFO - Setting next_dagrun for example_sensors to None, run_after=None
[2023-09-13T08:02:30.906+0000] {processor.py:178} INFO - Processing /home/airflow/.local/lib/python3.7/site-packages/airflow/example_dags/example_sensors.py took 0.289 seconds
[2023-09-13T08:03:02.683+0000] {processor.py:156} INFO - Started process (PID=531) to work on /home/airflow/.local/lib/python3.7/site-packages/airflow/example_dags/example_sensors.py
[2023-09-13T08:03:02.692+0000] {processor.py:799} INFO - Processing file /home/airflow/.local/lib/python3.7/site-packages/airflow/example_dags/example_sensors.py for tasks to queue
[2023-09-13T08:03:02.696+0000] {logging_mixin.py:149} INFO - [2023-09-13T08:03:02.695+0000] {dagbag.py:541} INFO - Filling up the DagBag from /home/airflow/.local/lib/python3.7/site-packages/airflow/example_dags/example_sensors.py
[2023-09-13T08:03:02.739+0000] {processor.py:809} INFO - DAG(s) dict_keys(['example_sensors']) retrieved from /home/airflow/.local/lib/python3.7/site-packages/airflow/example_dags/example_sensors.py
[2023-09-13T08:03:02.854+0000] {logging_mixin.py:149} INFO - [2023-09-13T08:03:02.853+0000] {dag.py:2726} INFO - Sync 1 DAGs
[2023-09-13T08:03:02.993+0000] {logging_mixin.py:149} INFO - [2023-09-13T08:03:02.993+0000] {dag.py:3490} INFO - Setting next_dagrun for example_sensors to None, run_after=None
[2023-09-13T08:03:03.099+0000] {processor.py:178} INFO - Processing /home/airflow/.local/lib/python3.7/site-packages/airflow/example_dags/example_sensors.py took 0.425 seconds
[2023-09-13T08:03:33.467+0000] {processor.py:156} INFO - Started process (PID=591) to work on /home/airflow/.local/lib/python3.7/site-packages/airflow/example_dags/example_sensors.py
[2023-09-13T08:03:33.478+0000] {processor.py:799} INFO - Processing file /home/airflow/.local/lib/python3.7/site-packages/airflow/example_dags/example_sensors.py for tasks to queue
[2023-09-13T08:03:33.487+0000] {logging_mixin.py:149} INFO - [2023-09-13T08:03:33.486+0000] {dagbag.py:541} INFO - Filling up the DagBag from /home/airflow/.local/lib/python3.7/site-packages/airflow/example_dags/example_sensors.py
[2023-09-13T08:03:33.539+0000] {processor.py:809} INFO - DAG(s) dict_keys(['example_sensors']) retrieved from /home/airflow/.local/lib/python3.7/site-packages/airflow/example_dags/example_sensors.py
[2023-09-13T08:03:33.687+0000] {logging_mixin.py:149} INFO - [2023-09-13T08:03:33.686+0000] {dag.py:2726} INFO - Sync 1 DAGs
[2023-09-13T08:03:33.845+0000] {logging_mixin.py:149} INFO - [2023-09-13T08:03:33.845+0000] {dag.py:3490} INFO - Setting next_dagrun for example_sensors to None, run_after=None
[2023-09-13T08:03:33.967+0000] {processor.py:178} INFO - Processing /home/airflow/.local/lib/python3.7/site-packages/airflow/example_dags/example_sensors.py took 0.510 seconds
[2023-09-13T08:04:04.247+0000] {processor.py:156} INFO - Started process (PID=652) to work on /home/airflow/.local/lib/python3.7/site-packages/airflow/example_dags/example_sensors.py
[2023-09-13T08:04:04.251+0000] {processor.py:799} INFO - Processing file /home/airflow/.local/lib/python3.7/site-packages/airflow/example_dags/example_sensors.py for tasks to queue
[2023-09-13T08:04:04.254+0000] {logging_mixin.py:149} INFO - [2023-09-13T08:04:04.253+0000] {dagbag.py:541} INFO - Filling up the DagBag from /home/airflow/.local/lib/python3.7/site-packages/airflow/example_dags/example_sensors.py
[2023-09-13T08:04:04.284+0000] {processor.py:809} INFO - DAG(s) dict_keys(['example_sensors']) retrieved from /home/airflow/.local/lib/python3.7/site-packages/airflow/example_dags/example_sensors.py
[2023-09-13T08:04:04.369+0000] {logging_mixin.py:149} INFO - [2023-09-13T08:04:04.368+0000] {dag.py:2726} INFO - Sync 1 DAGs
[2023-09-13T08:04:04.445+0000] {logging_mixin.py:149} INFO - [2023-09-13T08:04:04.445+0000] {dag.py:3490} INFO - Setting next_dagrun for example_sensors to None, run_after=None
[2023-09-13T08:04:04.502+0000] {processor.py:178} INFO - Processing /home/airflow/.local/lib/python3.7/site-packages/airflow/example_dags/example_sensors.py took 0.264 seconds
[2023-09-13T08:04:35.607+0000] {processor.py:156} INFO - Started process (PID=711) to work on /home/airflow/.local/lib/python3.7/site-packages/airflow/example_dags/example_sensors.py
[2023-09-13T08:04:35.610+0000] {processor.py:799} INFO - Processing file /home/airflow/.local/lib/python3.7/site-packages/airflow/example_dags/example_sensors.py for tasks to queue
[2023-09-13T08:04:35.614+0000] {logging_mixin.py:149} INFO - [2023-09-13T08:04:35.614+0000] {dagbag.py:541} INFO - Filling up the DagBag from /home/airflow/.local/lib/python3.7/site-packages/airflow/example_dags/example_sensors.py
[2023-09-13T08:04:35.669+0000] {processor.py:809} INFO - DAG(s) dict_keys(['example_sensors']) retrieved from /home/airflow/.local/lib/python3.7/site-packages/airflow/example_dags/example_sensors.py
[2023-09-13T08:04:35.857+0000] {logging_mixin.py:149} INFO - [2023-09-13T08:04:35.857+0000] {dag.py:2726} INFO - Sync 1 DAGs
[2023-09-13T08:04:36.048+0000] {logging_mixin.py:149} INFO - [2023-09-13T08:04:36.047+0000] {dag.py:3490} INFO - Setting next_dagrun for example_sensors to None, run_after=None
[2023-09-13T08:04:36.180+0000] {processor.py:178} INFO - Processing /home/airflow/.local/lib/python3.7/site-packages/airflow/example_dags/example_sensors.py took 0.590 seconds
[2023-09-13T08:05:06.812+0000] {processor.py:156} INFO - Started process (PID=771) to work on /home/airflow/.local/lib/python3.7/site-packages/airflow/example_dags/example_sensors.py
[2023-09-13T08:05:06.818+0000] {processor.py:799} INFO - Processing file /home/airflow/.local/lib/python3.7/site-packages/airflow/example_dags/example_sensors.py for tasks to queue
[2023-09-13T08:05:06.824+0000] {logging_mixin.py:149} INFO - [2023-09-13T08:05:06.824+0000] {dagbag.py:541} INFO - Filling up the DagBag from /home/airflow/.local/lib/python3.7/site-packages/airflow/example_dags/example_sensors.py
[2023-09-13T08:05:06.900+0000] {processor.py:809} INFO - DAG(s) dict_keys(['example_sensors']) retrieved from /home/airflow/.local/lib/python3.7/site-packages/airflow/example_dags/example_sensors.py
[2023-09-13T08:05:07.066+0000] {logging_mixin.py:149} INFO - [2023-09-13T08:05:07.066+0000] {dag.py:2726} INFO - Sync 1 DAGs
[2023-09-13T08:05:07.215+0000] {logging_mixin.py:149} INFO - [2023-09-13T08:05:07.214+0000] {dag.py:3490} INFO - Setting next_dagrun for example_sensors to None, run_after=None
[2023-09-13T08:05:07.384+0000] {processor.py:178} INFO - Processing /home/airflow/.local/lib/python3.7/site-packages/airflow/example_dags/example_sensors.py took 0.581 seconds
[2023-09-13T08:05:39.071+0000] {processor.py:156} INFO - Started process (PID=833) to work on /home/airflow/.local/lib/python3.7/site-packages/airflow/example_dags/example_sensors.py
[2023-09-13T08:05:39.076+0000] {processor.py:799} INFO - Processing file /home/airflow/.local/lib/python3.7/site-packages/airflow/example_dags/example_sensors.py for tasks to queue
[2023-09-13T08:05:39.083+0000] {logging_mixin.py:149} INFO - [2023-09-13T08:05:39.083+0000] {dagbag.py:541} INFO - Filling up the DagBag from /home/airflow/.local/lib/python3.7/site-packages/airflow/example_dags/example_sensors.py
[2023-09-13T08:05:39.152+0000] {processor.py:809} INFO - DAG(s) dict_keys(['example_sensors']) retrieved from /home/airflow/.local/lib/python3.7/site-packages/airflow/example_dags/example_sensors.py
[2023-09-13T08:05:39.346+0000] {logging_mixin.py:149} INFO - [2023-09-13T08:05:39.346+0000] {dag.py:2726} INFO - Sync 1 DAGs
[2023-09-13T08:05:39.527+0000] {logging_mixin.py:149} INFO - [2023-09-13T08:05:39.526+0000] {dag.py:3490} INFO - Setting next_dagrun for example_sensors to None, run_after=None
[2023-09-13T08:05:39.766+0000] {processor.py:178} INFO - Processing /home/airflow/.local/lib/python3.7/site-packages/airflow/example_dags/example_sensors.py took 0.715 seconds
[2023-09-13T08:06:11.580+0000] {processor.py:156} INFO - Started process (PID=893) to work on /home/airflow/.local/lib/python3.7/site-packages/airflow/example_dags/example_sensors.py
[2023-09-13T08:06:11.584+0000] {processor.py:799} INFO - Processing file /home/airflow/.local/lib/python3.7/site-packages/airflow/example_dags/example_sensors.py for tasks to queue
[2023-09-13T08:06:11.589+0000] {logging_mixin.py:149} INFO - [2023-09-13T08:06:11.588+0000] {dagbag.py:541} INFO - Filling up the DagBag from /home/airflow/.local/lib/python3.7/site-packages/airflow/example_dags/example_sensors.py
[2023-09-13T08:06:11.637+0000] {processor.py:809} INFO - DAG(s) dict_keys(['example_sensors']) retrieved from /home/airflow/.local/lib/python3.7/site-packages/airflow/example_dags/example_sensors.py
[2023-09-13T08:06:11.806+0000] {logging_mixin.py:149} INFO - [2023-09-13T08:06:11.806+0000] {dag.py:2726} INFO - Sync 1 DAGs
[2023-09-13T08:06:12.005+0000] {logging_mixin.py:149} INFO - [2023-09-13T08:06:12.004+0000] {dag.py:3490} INFO - Setting next_dagrun for example_sensors to None, run_after=None
[2023-09-13T08:06:12.126+0000] {processor.py:178} INFO - Processing /home/airflow/.local/lib/python3.7/site-packages/airflow/example_dags/example_sensors.py took 0.553 seconds
[2023-09-13T08:06:42.467+0000] {processor.py:156} INFO - Started process (PID=953) to work on /home/airflow/.local/lib/python3.7/site-packages/airflow/example_dags/example_sensors.py
[2023-09-13T08:06:42.470+0000] {processor.py:799} INFO - Processing file /home/airflow/.local/lib/python3.7/site-packages/airflow/example_dags/example_sensors.py for tasks to queue
[2023-09-13T08:06:42.476+0000] {logging_mixin.py:149} INFO - [2023-09-13T08:06:42.475+0000] {dagbag.py:541} INFO - Filling up the DagBag from /home/airflow/.local/lib/python3.7/site-packages/airflow/example_dags/example_sensors.py
[2023-09-13T08:06:42.524+0000] {processor.py:809} INFO - DAG(s) dict_keys(['example_sensors']) retrieved from /home/airflow/.local/lib/python3.7/site-packages/airflow/example_dags/example_sensors.py
[2023-09-13T08:06:42.604+0000] {logging_mixin.py:149} INFO - [2023-09-13T08:06:42.603+0000] {dag.py:2726} INFO - Sync 1 DAGs
[2023-09-13T08:06:42.693+0000] {logging_mixin.py:149} INFO - [2023-09-13T08:06:42.693+0000] {dag.py:3490} INFO - Setting next_dagrun for example_sensors to None, run_after=None
[2023-09-13T08:06:42.752+0000] {processor.py:178} INFO - Processing /home/airflow/.local/lib/python3.7/site-packages/airflow/example_dags/example_sensors.py took 0.300 seconds
[2023-09-13T08:07:13.700+0000] {processor.py:156} INFO - Started process (PID=1020) to work on /home/airflow/.local/lib/python3.7/site-packages/airflow/example_dags/example_sensors.py
[2023-09-13T08:07:13.708+0000] {processor.py:799} INFO - Processing file /home/airflow/.local/lib/python3.7/site-packages/airflow/example_dags/example_sensors.py for tasks to queue
[2023-09-13T08:07:13.710+0000] {logging_mixin.py:149} INFO - [2023-09-13T08:07:13.710+0000] {dagbag.py:541} INFO - Filling up the DagBag from /home/airflow/.local/lib/python3.7/site-packages/airflow/example_dags/example_sensors.py
[2023-09-13T08:07:13.736+0000] {processor.py:809} INFO - DAG(s) dict_keys(['example_sensors']) retrieved from /home/airflow/.local/lib/python3.7/site-packages/airflow/example_dags/example_sensors.py
[2023-09-13T08:07:13.825+0000] {logging_mixin.py:149} INFO - [2023-09-13T08:07:13.824+0000] {dag.py:2726} INFO - Sync 1 DAGs
[2023-09-13T08:07:13.918+0000] {logging_mixin.py:149} INFO - [2023-09-13T08:07:13.917+0000] {dag.py:3490} INFO - Setting next_dagrun for example_sensors to None, run_after=None
[2023-09-13T08:07:13.978+0000] {processor.py:178} INFO - Processing /home/airflow/.local/lib/python3.7/site-packages/airflow/example_dags/example_sensors.py took 0.287 seconds
[2023-09-13T08:07:44.676+0000] {processor.py:156} INFO - Started process (PID=1080) to work on /home/airflow/.local/lib/python3.7/site-packages/airflow/example_dags/example_sensors.py
[2023-09-13T08:07:44.679+0000] {processor.py:799} INFO - Processing file /home/airflow/.local/lib/python3.7/site-packages/airflow/example_dags/example_sensors.py for tasks to queue
[2023-09-13T08:07:44.681+0000] {logging_mixin.py:149} INFO - [2023-09-13T08:07:44.681+0000] {dagbag.py:541} INFO - Filling up the DagBag from /home/airflow/.local/lib/python3.7/site-packages/airflow/example_dags/example_sensors.py
[2023-09-13T08:07:44.711+0000] {processor.py:809} INFO - DAG(s) dict_keys(['example_sensors']) retrieved from /home/airflow/.local/lib/python3.7/site-packages/airflow/example_dags/example_sensors.py
[2023-09-13T08:07:44.794+0000] {logging_mixin.py:149} INFO - [2023-09-13T08:07:44.794+0000] {dag.py:2726} INFO - Sync 1 DAGs
[2023-09-13T08:07:44.871+0000] {logging_mixin.py:149} INFO - [2023-09-13T08:07:44.870+0000] {dag.py:3490} INFO - Setting next_dagrun for example_sensors to None, run_after=None
[2023-09-13T08:07:44.938+0000] {processor.py:178} INFO - Processing /home/airflow/.local/lib/python3.7/site-packages/airflow/example_dags/example_sensors.py took 0.270 seconds
[2023-09-13T08:08:15.283+0000] {processor.py:156} INFO - Started process (PID=1140) to work on /home/airflow/.local/lib/python3.7/site-packages/airflow/example_dags/example_sensors.py
[2023-09-13T08:08:15.286+0000] {processor.py:799} INFO - Processing file /home/airflow/.local/lib/python3.7/site-packages/airflow/example_dags/example_sensors.py for tasks to queue
[2023-09-13T08:08:15.288+0000] {logging_mixin.py:149} INFO - [2023-09-13T08:08:15.288+0000] {dagbag.py:541} INFO - Filling up the DagBag from /home/airflow/.local/lib/python3.7/site-packages/airflow/example_dags/example_sensors.py
[2023-09-13T08:08:15.313+0000] {processor.py:809} INFO - DAG(s) dict_keys(['example_sensors']) retrieved from /home/airflow/.local/lib/python3.7/site-packages/airflow/example_dags/example_sensors.py
[2023-09-13T08:08:15.416+0000] {logging_mixin.py:149} INFO - [2023-09-13T08:08:15.415+0000] {dag.py:2726} INFO - Sync 1 DAGs
[2023-09-13T08:08:15.505+0000] {logging_mixin.py:149} INFO - [2023-09-13T08:08:15.505+0000] {dag.py:3490} INFO - Setting next_dagrun for example_sensors to None, run_after=None
[2023-09-13T08:08:15.589+0000] {processor.py:178} INFO - Processing /home/airflow/.local/lib/python3.7/site-packages/airflow/example_dags/example_sensors.py took 0.312 seconds
[2023-09-13T08:08:45.810+0000] {processor.py:156} INFO - Started process (PID=1200) to work on /home/airflow/.local/lib/python3.7/site-packages/airflow/example_dags/example_sensors.py
[2023-09-13T08:08:45.814+0000] {processor.py:799} INFO - Processing file /home/airflow/.local/lib/python3.7/site-packages/airflow/example_dags/example_sensors.py for tasks to queue
[2023-09-13T08:08:45.817+0000] {logging_mixin.py:149} INFO - [2023-09-13T08:08:45.816+0000] {dagbag.py:541} INFO - Filling up the DagBag from /home/airflow/.local/lib/python3.7/site-packages/airflow/example_dags/example_sensors.py
[2023-09-13T08:08:45.868+0000] {processor.py:809} INFO - DAG(s) dict_keys(['example_sensors']) retrieved from /home/airflow/.local/lib/python3.7/site-packages/airflow/example_dags/example_sensors.py
[2023-09-13T08:08:46.062+0000] {logging_mixin.py:149} INFO - [2023-09-13T08:08:46.061+0000] {dag.py:2726} INFO - Sync 1 DAGs
[2023-09-13T08:08:46.309+0000] {logging_mixin.py:149} INFO - [2023-09-13T08:08:46.300+0000] {dag.py:3490} INFO - Setting next_dagrun for example_sensors to None, run_after=None
[2023-09-13T08:08:46.437+0000] {processor.py:178} INFO - Processing /home/airflow/.local/lib/python3.7/site-packages/airflow/example_dags/example_sensors.py took 0.644 seconds
[2023-09-13T08:09:16.605+0000] {processor.py:156} INFO - Started process (PID=1260) to work on /home/airflow/.local/lib/python3.7/site-packages/airflow/example_dags/example_sensors.py
[2023-09-13T08:09:16.607+0000] {processor.py:799} INFO - Processing file /home/airflow/.local/lib/python3.7/site-packages/airflow/example_dags/example_sensors.py for tasks to queue
[2023-09-13T08:09:16.610+0000] {logging_mixin.py:149} INFO - [2023-09-13T08:09:16.610+0000] {dagbag.py:541} INFO - Filling up the DagBag from /home/airflow/.local/lib/python3.7/site-packages/airflow/example_dags/example_sensors.py
[2023-09-13T08:09:16.638+0000] {processor.py:809} INFO - DAG(s) dict_keys(['example_sensors']) retrieved from /home/airflow/.local/lib/python3.7/site-packages/airflow/example_dags/example_sensors.py
[2023-09-13T08:09:16.698+0000] {logging_mixin.py:149} INFO - [2023-09-13T08:09:16.697+0000] {dag.py:2726} INFO - Sync 1 DAGs
[2023-09-13T08:09:16.749+0000] {logging_mixin.py:149} INFO - [2023-09-13T08:09:16.749+0000] {dag.py:3490} INFO - Setting next_dagrun for example_sensors to None, run_after=None
[2023-09-13T08:09:16.799+0000] {processor.py:178} INFO - Processing /home/airflow/.local/lib/python3.7/site-packages/airflow/example_dags/example_sensors.py took 0.201 seconds
[2023-09-13T08:09:47.365+0000] {processor.py:156} INFO - Started process (PID=1320) to work on /home/airflow/.local/lib/python3.7/site-packages/airflow/example_dags/example_sensors.py
[2023-09-13T08:09:47.369+0000] {processor.py:799} INFO - Processing file /home/airflow/.local/lib/python3.7/site-packages/airflow/example_dags/example_sensors.py for tasks to queue
[2023-09-13T08:09:47.371+0000] {logging_mixin.py:149} INFO - [2023-09-13T08:09:47.371+0000] {dagbag.py:541} INFO - Filling up the DagBag from /home/airflow/.local/lib/python3.7/site-packages/airflow/example_dags/example_sensors.py
[2023-09-13T08:09:47.392+0000] {processor.py:809} INFO - DAG(s) dict_keys(['example_sensors']) retrieved from /home/airflow/.local/lib/python3.7/site-packages/airflow/example_dags/example_sensors.py
[2023-09-13T08:09:47.458+0000] {logging_mixin.py:149} INFO - [2023-09-13T08:09:47.457+0000] {dag.py:2726} INFO - Sync 1 DAGs
[2023-09-13T08:09:47.513+0000] {logging_mixin.py:149} INFO - [2023-09-13T08:09:47.512+0000] {dag.py:3490} INFO - Setting next_dagrun for example_sensors to None, run_after=None
[2023-09-13T08:09:47.552+0000] {processor.py:178} INFO - Processing /home/airflow/.local/lib/python3.7/site-packages/airflow/example_dags/example_sensors.py took 0.196 seconds
[2023-09-13T08:10:17.755+0000] {processor.py:156} INFO - Started process (PID=1380) to work on /home/airflow/.local/lib/python3.7/site-packages/airflow/example_dags/example_sensors.py
[2023-09-13T08:10:17.757+0000] {processor.py:799} INFO - Processing file /home/airflow/.local/lib/python3.7/site-packages/airflow/example_dags/example_sensors.py for tasks to queue
[2023-09-13T08:10:17.760+0000] {logging_mixin.py:149} INFO - [2023-09-13T08:10:17.759+0000] {dagbag.py:541} INFO - Filling up the DagBag from /home/airflow/.local/lib/python3.7/site-packages/airflow/example_dags/example_sensors.py
[2023-09-13T08:10:17.784+0000] {processor.py:809} INFO - DAG(s) dict_keys(['example_sensors']) retrieved from /home/airflow/.local/lib/python3.7/site-packages/airflow/example_dags/example_sensors.py
[2023-09-13T08:10:17.855+0000] {logging_mixin.py:149} INFO - [2023-09-13T08:10:17.855+0000] {dag.py:2726} INFO - Sync 1 DAGs
[2023-09-13T08:10:17.912+0000] {logging_mixin.py:149} INFO - [2023-09-13T08:10:17.912+0000] {dag.py:3490} INFO - Setting next_dagrun for example_sensors to None, run_after=None
[2023-09-13T08:10:17.953+0000] {processor.py:178} INFO - Processing /home/airflow/.local/lib/python3.7/site-packages/airflow/example_dags/example_sensors.py took 0.206 seconds
[2023-09-13T08:10:48.482+0000] {processor.py:156} INFO - Started process (PID=1441) to work on /home/airflow/.local/lib/python3.7/site-packages/airflow/example_dags/example_sensors.py
[2023-09-13T08:10:48.485+0000] {processor.py:799} INFO - Processing file /home/airflow/.local/lib/python3.7/site-packages/airflow/example_dags/example_sensors.py for tasks to queue
[2023-09-13T08:10:48.489+0000] {logging_mixin.py:149} INFO - [2023-09-13T08:10:48.489+0000] {dagbag.py:541} INFO - Filling up the DagBag from /home/airflow/.local/lib/python3.7/site-packages/airflow/example_dags/example_sensors.py
[2023-09-13T08:10:48.525+0000] {processor.py:809} INFO - DAG(s) dict_keys(['example_sensors']) retrieved from /home/airflow/.local/lib/python3.7/site-packages/airflow/example_dags/example_sensors.py
[2023-09-13T08:10:48.628+0000] {logging_mixin.py:149} INFO - [2023-09-13T08:10:48.627+0000] {dag.py:2726} INFO - Sync 1 DAGs
[2023-09-13T08:10:48.713+0000] {logging_mixin.py:149} INFO - [2023-09-13T08:10:48.712+0000] {dag.py:3490} INFO - Setting next_dagrun for example_sensors to None, run_after=None
[2023-09-13T08:10:48.773+0000] {processor.py:178} INFO - Processing /home/airflow/.local/lib/python3.7/site-packages/airflow/example_dags/example_sensors.py took 0.304 seconds
[2023-09-13T08:11:19.528+0000] {processor.py:156} INFO - Started process (PID=1501) to work on /home/airflow/.local/lib/python3.7/site-packages/airflow/example_dags/example_sensors.py
[2023-09-13T08:11:19.532+0000] {processor.py:799} INFO - Processing file /home/airflow/.local/lib/python3.7/site-packages/airflow/example_dags/example_sensors.py for tasks to queue
[2023-09-13T08:11:19.537+0000] {logging_mixin.py:149} INFO - [2023-09-13T08:11:19.536+0000] {dagbag.py:541} INFO - Filling up the DagBag from /home/airflow/.local/lib/python3.7/site-packages/airflow/example_dags/example_sensors.py
[2023-09-13T08:11:19.575+0000] {processor.py:809} INFO - DAG(s) dict_keys(['example_sensors']) retrieved from /home/airflow/.local/lib/python3.7/site-packages/airflow/example_dags/example_sensors.py
[2023-09-13T08:11:19.685+0000] {logging_mixin.py:149} INFO - [2023-09-13T08:11:19.684+0000] {dag.py:2726} INFO - Sync 1 DAGs
[2023-09-13T08:11:19.748+0000] {logging_mixin.py:149} INFO - [2023-09-13T08:11:19.748+0000] {dag.py:3490} INFO - Setting next_dagrun for example_sensors to None, run_after=None
[2023-09-13T08:11:19.812+0000] {processor.py:178} INFO - Processing /home/airflow/.local/lib/python3.7/site-packages/airflow/example_dags/example_sensors.py took 0.292 seconds
[2023-09-13T08:11:50.214+0000] {processor.py:156} INFO - Started process (PID=1561) to work on /home/airflow/.local/lib/python3.7/site-packages/airflow/example_dags/example_sensors.py
[2023-09-13T08:11:50.217+0000] {processor.py:799} INFO - Processing file /home/airflow/.local/lib/python3.7/site-packages/airflow/example_dags/example_sensors.py for tasks to queue
[2023-09-13T08:11:50.221+0000] {logging_mixin.py:149} INFO - [2023-09-13T08:11:50.221+0000] {dagbag.py:541} INFO - Filling up the DagBag from /home/airflow/.local/lib/python3.7/site-packages/airflow/example_dags/example_sensors.py
[2023-09-13T08:11:50.255+0000] {processor.py:809} INFO - DAG(s) dict_keys(['example_sensors']) retrieved from /home/airflow/.local/lib/python3.7/site-packages/airflow/example_dags/example_sensors.py
[2023-09-13T08:11:50.330+0000] {logging_mixin.py:149} INFO - [2023-09-13T08:11:50.329+0000] {dag.py:2726} INFO - Sync 1 DAGs
[2023-09-13T08:11:50.390+0000] {logging_mixin.py:149} INFO - [2023-09-13T08:11:50.390+0000] {dag.py:3490} INFO - Setting next_dagrun for example_sensors to None, run_after=None
[2023-09-13T08:11:50.441+0000] {processor.py:178} INFO - Processing /home/airflow/.local/lib/python3.7/site-packages/airflow/example_dags/example_sensors.py took 0.235 seconds
[2023-09-13T08:12:20.966+0000] {processor.py:156} INFO - Started process (PID=1621) to work on /home/airflow/.local/lib/python3.7/site-packages/airflow/example_dags/example_sensors.py
[2023-09-13T08:12:20.968+0000] {processor.py:799} INFO - Processing file /home/airflow/.local/lib/python3.7/site-packages/airflow/example_dags/example_sensors.py for tasks to queue
[2023-09-13T08:12:20.970+0000] {logging_mixin.py:149} INFO - [2023-09-13T08:12:20.970+0000] {dagbag.py:541} INFO - Filling up the DagBag from /home/airflow/.local/lib/python3.7/site-packages/airflow/example_dags/example_sensors.py
[2023-09-13T08:12:20.992+0000] {processor.py:809} INFO - DAG(s) dict_keys(['example_sensors']) retrieved from /home/airflow/.local/lib/python3.7/site-packages/airflow/example_dags/example_sensors.py
[2023-09-13T08:12:21.058+0000] {logging_mixin.py:149} INFO - [2023-09-13T08:12:21.058+0000] {dag.py:2726} INFO - Sync 1 DAGs
[2023-09-13T08:12:21.113+0000] {logging_mixin.py:149} INFO - [2023-09-13T08:12:21.112+0000] {dag.py:3490} INFO - Setting next_dagrun for example_sensors to None, run_after=None
[2023-09-13T08:12:21.167+0000] {processor.py:178} INFO - Processing /home/airflow/.local/lib/python3.7/site-packages/airflow/example_dags/example_sensors.py took 0.207 seconds
[2023-09-13T08:12:51.921+0000] {processor.py:156} INFO - Started process (PID=1681) to work on /home/airflow/.local/lib/python3.7/site-packages/airflow/example_dags/example_sensors.py
[2023-09-13T08:12:51.925+0000] {processor.py:799} INFO - Processing file /home/airflow/.local/lib/python3.7/site-packages/airflow/example_dags/example_sensors.py for tasks to queue
[2023-09-13T08:12:51.929+0000] {logging_mixin.py:149} INFO - [2023-09-13T08:12:51.929+0000] {dagbag.py:541} INFO - Filling up the DagBag from /home/airflow/.local/lib/python3.7/site-packages/airflow/example_dags/example_sensors.py
[2023-09-13T08:12:51.958+0000] {processor.py:809} INFO - DAG(s) dict_keys(['example_sensors']) retrieved from /home/airflow/.local/lib/python3.7/site-packages/airflow/example_dags/example_sensors.py
[2023-09-13T08:12:52.045+0000] {logging_mixin.py:149} INFO - [2023-09-13T08:12:52.044+0000] {dag.py:2726} INFO - Sync 1 DAGs
[2023-09-13T08:12:52.152+0000] {logging_mixin.py:149} INFO - [2023-09-13T08:12:52.152+0000] {dag.py:3490} INFO - Setting next_dagrun for example_sensors to None, run_after=None
[2023-09-13T08:12:52.236+0000] {processor.py:178} INFO - Processing /home/airflow/.local/lib/python3.7/site-packages/airflow/example_dags/example_sensors.py took 0.323 seconds
[2023-09-13T09:26:09.612+0000] {processor.py:156} INFO - Started process (PID=44) to work on /home/airflow/.local/lib/python3.7/site-packages/airflow/example_dags/example_sensors.py
[2023-09-13T09:26:09.613+0000] {processor.py:799} INFO - Processing file /home/airflow/.local/lib/python3.7/site-packages/airflow/example_dags/example_sensors.py for tasks to queue
[2023-09-13T09:26:09.615+0000] {logging_mixin.py:149} INFO - [2023-09-13T09:26:09.615+0000] {dagbag.py:541} INFO - Filling up the DagBag from /home/airflow/.local/lib/python3.7/site-packages/airflow/example_dags/example_sensors.py
[2023-09-13T09:26:09.631+0000] {processor.py:809} INFO - DAG(s) dict_keys(['example_sensors']) retrieved from /home/airflow/.local/lib/python3.7/site-packages/airflow/example_dags/example_sensors.py
[2023-09-13T09:26:09.678+0000] {logging_mixin.py:149} INFO - [2023-09-13T09:26:09.678+0000] {dag.py:2726} INFO - Sync 1 DAGs
[2023-09-13T09:26:09.710+0000] {logging_mixin.py:149} INFO - [2023-09-13T09:26:09.710+0000] {dag.py:3490} INFO - Setting next_dagrun for example_sensors to None, run_after=None
[2023-09-13T09:26:09.734+0000] {processor.py:178} INFO - Processing /home/airflow/.local/lib/python3.7/site-packages/airflow/example_dags/example_sensors.py took 0.126 seconds
