[2023-09-13T07:58:57.856+0000] {processor.py:156} INFO - Started process (PID=77) to work on /home/airflow/.local/lib/python3.7/site-packages/airflow/example_dags/example_external_task_marker_dag.py
[2023-09-13T07:58:57.871+0000] {processor.py:799} INFO - Processing file /home/airflow/.local/lib/python3.7/site-packages/airflow/example_dags/example_external_task_marker_dag.py for tasks to queue
[2023-09-13T07:58:57.876+0000] {logging_mixin.py:149} INFO - [2023-09-13T07:58:57.875+0000] {dagbag.py:541} INFO - Filling up the DagBag from /home/airflow/.local/lib/python3.7/site-packages/airflow/example_dags/example_external_task_marker_dag.py
[2023-09-13T07:58:57.898+0000] {processor.py:809} INFO - DAG(s) dict_keys(['example_external_task_marker_child', 'example_external_task_marker_parent']) retrieved from /home/airflow/.local/lib/python3.7/site-packages/airflow/example_dags/example_external_task_marker_dag.py
[2023-09-13T07:58:58.180+0000] {logging_mixin.py:149} INFO - [2023-09-13T07:58:58.179+0000] {dag.py:2726} INFO - Sync 2 DAGs
[2023-09-13T07:58:58.333+0000] {logging_mixin.py:149} INFO - [2023-09-13T07:58:58.332+0000] {dag.py:3490} INFO - Setting next_dagrun for example_external_task_marker_child to None, run_after=None
[2023-09-13T07:58:58.355+0000] {logging_mixin.py:149} INFO - [2023-09-13T07:58:58.355+0000] {dag.py:3490} INFO - Setting next_dagrun for example_external_task_marker_parent to None, run_after=None
[2023-09-13T07:58:58.417+0000] {processor.py:178} INFO - Processing /home/airflow/.local/lib/python3.7/site-packages/airflow/example_dags/example_external_task_marker_dag.py took 0.582 seconds
[2023-09-13T07:59:28.529+0000] {processor.py:156} INFO - Started process (PID=137) to work on /home/airflow/.local/lib/python3.7/site-packages/airflow/example_dags/example_external_task_marker_dag.py
[2023-09-13T07:59:28.531+0000] {processor.py:799} INFO - Processing file /home/airflow/.local/lib/python3.7/site-packages/airflow/example_dags/example_external_task_marker_dag.py for tasks to queue
[2023-09-13T07:59:28.533+0000] {logging_mixin.py:149} INFO - [2023-09-13T07:59:28.533+0000] {dagbag.py:541} INFO - Filling up the DagBag from /home/airflow/.local/lib/python3.7/site-packages/airflow/example_dags/example_external_task_marker_dag.py
[2023-09-13T07:59:28.544+0000] {processor.py:809} INFO - DAG(s) dict_keys(['example_external_task_marker_parent', 'example_external_task_marker_child']) retrieved from /home/airflow/.local/lib/python3.7/site-packages/airflow/example_dags/example_external_task_marker_dag.py
[2023-09-13T07:59:28.595+0000] {logging_mixin.py:149} INFO - [2023-09-13T07:59:28.594+0000] {dag.py:2726} INFO - Sync 2 DAGs
[2023-09-13T07:59:28.649+0000] {logging_mixin.py:149} INFO - [2023-09-13T07:59:28.649+0000] {dag.py:3490} INFO - Setting next_dagrun for example_external_task_marker_child to None, run_after=None
[2023-09-13T07:59:28.659+0000] {logging_mixin.py:149} INFO - [2023-09-13T07:59:28.658+0000] {dag.py:3490} INFO - Setting next_dagrun for example_external_task_marker_parent to None, run_after=None
[2023-09-13T07:59:28.702+0000] {processor.py:178} INFO - Processing /home/airflow/.local/lib/python3.7/site-packages/airflow/example_dags/example_external_task_marker_dag.py took 0.178 seconds
[2023-09-13T08:00:01.931+0000] {processor.py:156} INFO - Started process (PID=197) to work on /home/airflow/.local/lib/python3.7/site-packages/airflow/example_dags/example_external_task_marker_dag.py
[2023-09-13T08:00:01.935+0000] {processor.py:799} INFO - Processing file /home/airflow/.local/lib/python3.7/site-packages/airflow/example_dags/example_external_task_marker_dag.py for tasks to queue
[2023-09-13T08:00:01.938+0000] {logging_mixin.py:149} INFO - [2023-09-13T08:00:01.938+0000] {dagbag.py:541} INFO - Filling up the DagBag from /home/airflow/.local/lib/python3.7/site-packages/airflow/example_dags/example_external_task_marker_dag.py
[2023-09-13T08:00:01.953+0000] {processor.py:809} INFO - DAG(s) dict_keys(['example_external_task_marker_child', 'example_external_task_marker_parent']) retrieved from /home/airflow/.local/lib/python3.7/site-packages/airflow/example_dags/example_external_task_marker_dag.py
[2023-09-13T08:00:02.035+0000] {logging_mixin.py:149} INFO - [2023-09-13T08:00:02.034+0000] {dag.py:2726} INFO - Sync 2 DAGs
[2023-09-13T08:00:02.290+0000] {logging_mixin.py:149} INFO - [2023-09-13T08:00:02.289+0000] {dag.py:3490} INFO - Setting next_dagrun for example_external_task_marker_child to None, run_after=None
[2023-09-13T08:00:02.301+0000] {logging_mixin.py:149} INFO - [2023-09-13T08:00:02.301+0000] {dag.py:3490} INFO - Setting next_dagrun for example_external_task_marker_parent to None, run_after=None
[2023-09-13T08:00:02.354+0000] {processor.py:178} INFO - Processing /home/airflow/.local/lib/python3.7/site-packages/airflow/example_dags/example_external_task_marker_dag.py took 0.430 seconds
[2023-09-13T08:00:33.247+0000] {processor.py:156} INFO - Started process (PID=257) to work on /home/airflow/.local/lib/python3.7/site-packages/airflow/example_dags/example_external_task_marker_dag.py
[2023-09-13T08:00:33.250+0000] {processor.py:799} INFO - Processing file /home/airflow/.local/lib/python3.7/site-packages/airflow/example_dags/example_external_task_marker_dag.py for tasks to queue
[2023-09-13T08:00:33.255+0000] {logging_mixin.py:149} INFO - [2023-09-13T08:00:33.255+0000] {dagbag.py:541} INFO - Filling up the DagBag from /home/airflow/.local/lib/python3.7/site-packages/airflow/example_dags/example_external_task_marker_dag.py
[2023-09-13T08:00:33.276+0000] {processor.py:809} INFO - DAG(s) dict_keys(['example_external_task_marker_parent', 'example_external_task_marker_child']) retrieved from /home/airflow/.local/lib/python3.7/site-packages/airflow/example_dags/example_external_task_marker_dag.py
[2023-09-13T08:00:33.370+0000] {logging_mixin.py:149} INFO - [2023-09-13T08:00:33.369+0000] {dag.py:2726} INFO - Sync 2 DAGs
[2023-09-13T08:00:33.468+0000] {logging_mixin.py:149} INFO - [2023-09-13T08:00:33.468+0000] {dag.py:3490} INFO - Setting next_dagrun for example_external_task_marker_child to None, run_after=None
[2023-09-13T08:00:33.479+0000] {logging_mixin.py:149} INFO - [2023-09-13T08:00:33.478+0000] {dag.py:3490} INFO - Setting next_dagrun for example_external_task_marker_parent to None, run_after=None
[2023-09-13T08:00:33.537+0000] {processor.py:178} INFO - Processing /home/airflow/.local/lib/python3.7/site-packages/airflow/example_dags/example_external_task_marker_dag.py took 0.300 seconds
[2023-09-13T08:01:07.144+0000] {processor.py:156} INFO - Started process (PID=317) to work on /home/airflow/.local/lib/python3.7/site-packages/airflow/example_dags/example_external_task_marker_dag.py
[2023-09-13T08:01:07.153+0000] {processor.py:799} INFO - Processing file /home/airflow/.local/lib/python3.7/site-packages/airflow/example_dags/example_external_task_marker_dag.py for tasks to queue
[2023-09-13T08:01:07.157+0000] {logging_mixin.py:149} INFO - [2023-09-13T08:01:07.156+0000] {dagbag.py:541} INFO - Filling up the DagBag from /home/airflow/.local/lib/python3.7/site-packages/airflow/example_dags/example_external_task_marker_dag.py
[2023-09-13T08:01:07.206+0000] {processor.py:809} INFO - DAG(s) dict_keys(['example_external_task_marker_child', 'example_external_task_marker_parent']) retrieved from /home/airflow/.local/lib/python3.7/site-packages/airflow/example_dags/example_external_task_marker_dag.py
[2023-09-13T08:01:07.357+0000] {logging_mixin.py:149} INFO - [2023-09-13T08:01:07.356+0000] {dag.py:2726} INFO - Sync 2 DAGs
[2023-09-13T08:01:07.490+0000] {logging_mixin.py:149} INFO - [2023-09-13T08:01:07.489+0000] {dag.py:3490} INFO - Setting next_dagrun for example_external_task_marker_child to None, run_after=None
[2023-09-13T08:01:07.506+0000] {logging_mixin.py:149} INFO - [2023-09-13T08:01:07.505+0000] {dag.py:3490} INFO - Setting next_dagrun for example_external_task_marker_parent to None, run_after=None
[2023-09-13T08:01:07.612+0000] {processor.py:178} INFO - Processing /home/airflow/.local/lib/python3.7/site-packages/airflow/example_dags/example_external_task_marker_dag.py took 0.484 seconds
[2023-09-13T08:01:39.363+0000] {processor.py:156} INFO - Started process (PID=377) to work on /home/airflow/.local/lib/python3.7/site-packages/airflow/example_dags/example_external_task_marker_dag.py
[2023-09-13T08:01:39.366+0000] {processor.py:799} INFO - Processing file /home/airflow/.local/lib/python3.7/site-packages/airflow/example_dags/example_external_task_marker_dag.py for tasks to queue
[2023-09-13T08:01:39.369+0000] {logging_mixin.py:149} INFO - [2023-09-13T08:01:39.369+0000] {dagbag.py:541} INFO - Filling up the DagBag from /home/airflow/.local/lib/python3.7/site-packages/airflow/example_dags/example_external_task_marker_dag.py
[2023-09-13T08:01:39.395+0000] {processor.py:809} INFO - DAG(s) dict_keys(['example_external_task_marker_child', 'example_external_task_marker_parent']) retrieved from /home/airflow/.local/lib/python3.7/site-packages/airflow/example_dags/example_external_task_marker_dag.py
[2023-09-13T08:01:39.587+0000] {logging_mixin.py:149} INFO - [2023-09-13T08:01:39.586+0000] {dag.py:2726} INFO - Sync 2 DAGs
[2023-09-13T08:01:39.713+0000] {logging_mixin.py:149} INFO - [2023-09-13T08:01:39.713+0000] {dag.py:3490} INFO - Setting next_dagrun for example_external_task_marker_child to None, run_after=None
[2023-09-13T08:01:39.734+0000] {logging_mixin.py:149} INFO - [2023-09-13T08:01:39.733+0000] {dag.py:3490} INFO - Setting next_dagrun for example_external_task_marker_parent to None, run_after=None
[2023-09-13T08:01:39.865+0000] {processor.py:178} INFO - Processing /home/airflow/.local/lib/python3.7/site-packages/airflow/example_dags/example_external_task_marker_dag.py took 0.521 seconds
[2023-09-13T08:02:10.478+0000] {processor.py:156} INFO - Started process (PID=437) to work on /home/airflow/.local/lib/python3.7/site-packages/airflow/example_dags/example_external_task_marker_dag.py
[2023-09-13T08:02:10.481+0000] {processor.py:799} INFO - Processing file /home/airflow/.local/lib/python3.7/site-packages/airflow/example_dags/example_external_task_marker_dag.py for tasks to queue
[2023-09-13T08:02:10.483+0000] {logging_mixin.py:149} INFO - [2023-09-13T08:02:10.483+0000] {dagbag.py:541} INFO - Filling up the DagBag from /home/airflow/.local/lib/python3.7/site-packages/airflow/example_dags/example_external_task_marker_dag.py
[2023-09-13T08:02:10.494+0000] {processor.py:809} INFO - DAG(s) dict_keys(['example_external_task_marker_parent', 'example_external_task_marker_child']) retrieved from /home/airflow/.local/lib/python3.7/site-packages/airflow/example_dags/example_external_task_marker_dag.py
[2023-09-13T08:02:10.545+0000] {logging_mixin.py:149} INFO - [2023-09-13T08:02:10.545+0000] {dag.py:2726} INFO - Sync 2 DAGs
[2023-09-13T08:02:10.597+0000] {logging_mixin.py:149} INFO - [2023-09-13T08:02:10.597+0000] {dag.py:3490} INFO - Setting next_dagrun for example_external_task_marker_child to None, run_after=None
[2023-09-13T08:02:10.605+0000] {logging_mixin.py:149} INFO - [2023-09-13T08:02:10.605+0000] {dag.py:3490} INFO - Setting next_dagrun for example_external_task_marker_parent to None, run_after=None
[2023-09-13T08:02:10.648+0000] {processor.py:178} INFO - Processing /home/airflow/.local/lib/python3.7/site-packages/airflow/example_dags/example_external_task_marker_dag.py took 0.175 seconds
[2023-09-13T08:02:41.468+0000] {processor.py:156} INFO - Started process (PID=504) to work on /home/airflow/.local/lib/python3.7/site-packages/airflow/example_dags/example_external_task_marker_dag.py
[2023-09-13T08:02:41.477+0000] {processor.py:799} INFO - Processing file /home/airflow/.local/lib/python3.7/site-packages/airflow/example_dags/example_external_task_marker_dag.py for tasks to queue
[2023-09-13T08:02:41.479+0000] {logging_mixin.py:149} INFO - [2023-09-13T08:02:41.479+0000] {dagbag.py:541} INFO - Filling up the DagBag from /home/airflow/.local/lib/python3.7/site-packages/airflow/example_dags/example_external_task_marker_dag.py
[2023-09-13T08:02:41.496+0000] {processor.py:809} INFO - DAG(s) dict_keys(['example_external_task_marker_child', 'example_external_task_marker_parent']) retrieved from /home/airflow/.local/lib/python3.7/site-packages/airflow/example_dags/example_external_task_marker_dag.py
[2023-09-13T08:02:41.597+0000] {logging_mixin.py:149} INFO - [2023-09-13T08:02:41.597+0000] {dag.py:2726} INFO - Sync 2 DAGs
[2023-09-13T08:02:41.703+0000] {logging_mixin.py:149} INFO - [2023-09-13T08:02:41.702+0000] {dag.py:3490} INFO - Setting next_dagrun for example_external_task_marker_child to None, run_after=None
[2023-09-13T08:02:41.711+0000] {logging_mixin.py:149} INFO - [2023-09-13T08:02:41.711+0000] {dag.py:3490} INFO - Setting next_dagrun for example_external_task_marker_parent to None, run_after=None
[2023-09-13T08:02:41.756+0000] {processor.py:178} INFO - Processing /home/airflow/.local/lib/python3.7/site-packages/airflow/example_dags/example_external_task_marker_dag.py took 0.294 seconds
[2023-09-13T08:03:12.574+0000] {processor.py:156} INFO - Started process (PID=564) to work on /home/airflow/.local/lib/python3.7/site-packages/airflow/example_dags/example_external_task_marker_dag.py
[2023-09-13T08:03:12.578+0000] {processor.py:799} INFO - Processing file /home/airflow/.local/lib/python3.7/site-packages/airflow/example_dags/example_external_task_marker_dag.py for tasks to queue
[2023-09-13T08:03:12.581+0000] {logging_mixin.py:149} INFO - [2023-09-13T08:03:12.581+0000] {dagbag.py:541} INFO - Filling up the DagBag from /home/airflow/.local/lib/python3.7/site-packages/airflow/example_dags/example_external_task_marker_dag.py
[2023-09-13T08:03:12.619+0000] {processor.py:809} INFO - DAG(s) dict_keys(['example_external_task_marker_child', 'example_external_task_marker_parent']) retrieved from /home/airflow/.local/lib/python3.7/site-packages/airflow/example_dags/example_external_task_marker_dag.py
[2023-09-13T08:03:12.756+0000] {logging_mixin.py:149} INFO - [2023-09-13T08:03:12.754+0000] {dag.py:2726} INFO - Sync 2 DAGs
[2023-09-13T08:03:12.876+0000] {logging_mixin.py:149} INFO - [2023-09-13T08:03:12.875+0000] {dag.py:3490} INFO - Setting next_dagrun for example_external_task_marker_child to None, run_after=None
[2023-09-13T08:03:12.894+0000] {logging_mixin.py:149} INFO - [2023-09-13T08:03:12.893+0000] {dag.py:3490} INFO - Setting next_dagrun for example_external_task_marker_parent to None, run_after=None
[2023-09-13T08:03:12.986+0000] {processor.py:178} INFO - Processing /home/airflow/.local/lib/python3.7/site-packages/airflow/example_dags/example_external_task_marker_dag.py took 0.430 seconds
[2023-09-13T08:03:44.339+0000] {processor.py:156} INFO - Started process (PID=625) to work on /home/airflow/.local/lib/python3.7/site-packages/airflow/example_dags/example_external_task_marker_dag.py
[2023-09-13T08:03:44.344+0000] {processor.py:799} INFO - Processing file /home/airflow/.local/lib/python3.7/site-packages/airflow/example_dags/example_external_task_marker_dag.py for tasks to queue
[2023-09-13T08:03:44.351+0000] {logging_mixin.py:149} INFO - [2023-09-13T08:03:44.347+0000] {dagbag.py:541} INFO - Filling up the DagBag from /home/airflow/.local/lib/python3.7/site-packages/airflow/example_dags/example_external_task_marker_dag.py
[2023-09-13T08:03:44.378+0000] {processor.py:809} INFO - DAG(s) dict_keys(['example_external_task_marker_child', 'example_external_task_marker_parent']) retrieved from /home/airflow/.local/lib/python3.7/site-packages/airflow/example_dags/example_external_task_marker_dag.py
[2023-09-13T08:03:44.534+0000] {logging_mixin.py:149} INFO - [2023-09-13T08:03:44.533+0000] {dag.py:2726} INFO - Sync 2 DAGs
[2023-09-13T08:03:44.671+0000] {logging_mixin.py:149} INFO - [2023-09-13T08:03:44.671+0000] {dag.py:3490} INFO - Setting next_dagrun for example_external_task_marker_child to None, run_after=None
[2023-09-13T08:03:44.690+0000] {logging_mixin.py:149} INFO - [2023-09-13T08:03:44.690+0000] {dag.py:3490} INFO - Setting next_dagrun for example_external_task_marker_parent to None, run_after=None
[2023-09-13T08:03:44.775+0000] {processor.py:178} INFO - Processing /home/airflow/.local/lib/python3.7/site-packages/airflow/example_dags/example_external_task_marker_dag.py took 0.447 seconds
[2023-09-13T08:04:15.634+0000] {processor.py:156} INFO - Started process (PID=685) to work on /home/airflow/.local/lib/python3.7/site-packages/airflow/example_dags/example_external_task_marker_dag.py
[2023-09-13T08:04:15.639+0000] {processor.py:799} INFO - Processing file /home/airflow/.local/lib/python3.7/site-packages/airflow/example_dags/example_external_task_marker_dag.py for tasks to queue
[2023-09-13T08:04:15.645+0000] {logging_mixin.py:149} INFO - [2023-09-13T08:04:15.642+0000] {dagbag.py:541} INFO - Filling up the DagBag from /home/airflow/.local/lib/python3.7/site-packages/airflow/example_dags/example_external_task_marker_dag.py
[2023-09-13T08:04:15.667+0000] {processor.py:809} INFO - DAG(s) dict_keys(['example_external_task_marker_parent', 'example_external_task_marker_child']) retrieved from /home/airflow/.local/lib/python3.7/site-packages/airflow/example_dags/example_external_task_marker_dag.py
[2023-09-13T08:04:15.824+0000] {logging_mixin.py:149} INFO - [2023-09-13T08:04:15.823+0000] {dag.py:2726} INFO - Sync 2 DAGs
[2023-09-13T08:04:15.954+0000] {logging_mixin.py:149} INFO - [2023-09-13T08:04:15.954+0000] {dag.py:3490} INFO - Setting next_dagrun for example_external_task_marker_child to None, run_after=None
[2023-09-13T08:04:15.972+0000] {logging_mixin.py:149} INFO - [2023-09-13T08:04:15.971+0000] {dag.py:3490} INFO - Setting next_dagrun for example_external_task_marker_parent to None, run_after=None
[2023-09-13T08:04:16.090+0000] {processor.py:178} INFO - Processing /home/airflow/.local/lib/python3.7/site-packages/airflow/example_dags/example_external_task_marker_dag.py took 0.483 seconds
[2023-09-13T08:04:46.492+0000] {processor.py:156} INFO - Started process (PID=745) to work on /home/airflow/.local/lib/python3.7/site-packages/airflow/example_dags/example_external_task_marker_dag.py
[2023-09-13T08:04:46.496+0000] {processor.py:799} INFO - Processing file /home/airflow/.local/lib/python3.7/site-packages/airflow/example_dags/example_external_task_marker_dag.py for tasks to queue
[2023-09-13T08:04:46.499+0000] {logging_mixin.py:149} INFO - [2023-09-13T08:04:46.499+0000] {dagbag.py:541} INFO - Filling up the DagBag from /home/airflow/.local/lib/python3.7/site-packages/airflow/example_dags/example_external_task_marker_dag.py
[2023-09-13T08:04:46.531+0000] {processor.py:809} INFO - DAG(s) dict_keys(['example_external_task_marker_parent', 'example_external_task_marker_child']) retrieved from /home/airflow/.local/lib/python3.7/site-packages/airflow/example_dags/example_external_task_marker_dag.py
[2023-09-13T08:04:46.659+0000] {logging_mixin.py:149} INFO - [2023-09-13T08:04:46.658+0000] {dag.py:2726} INFO - Sync 2 DAGs
[2023-09-13T08:04:46.785+0000] {logging_mixin.py:149} INFO - [2023-09-13T08:04:46.784+0000] {dag.py:3490} INFO - Setting next_dagrun for example_external_task_marker_child to None, run_after=None
[2023-09-13T08:04:46.798+0000] {logging_mixin.py:149} INFO - [2023-09-13T08:04:46.797+0000] {dag.py:3490} INFO - Setting next_dagrun for example_external_task_marker_parent to None, run_after=None
[2023-09-13T08:04:46.876+0000] {processor.py:178} INFO - Processing /home/airflow/.local/lib/python3.7/site-packages/airflow/example_dags/example_external_task_marker_dag.py took 0.398 seconds
[2023-09-13T08:05:17.805+0000] {processor.py:156} INFO - Started process (PID=805) to work on /home/airflow/.local/lib/python3.7/site-packages/airflow/example_dags/example_external_task_marker_dag.py
[2023-09-13T08:05:17.808+0000] {processor.py:799} INFO - Processing file /home/airflow/.local/lib/python3.7/site-packages/airflow/example_dags/example_external_task_marker_dag.py for tasks to queue
[2023-09-13T08:05:17.827+0000] {logging_mixin.py:149} INFO - [2023-09-13T08:05:17.823+0000] {dagbag.py:541} INFO - Filling up the DagBag from /home/airflow/.local/lib/python3.7/site-packages/airflow/example_dags/example_external_task_marker_dag.py
[2023-09-13T08:05:17.876+0000] {processor.py:809} INFO - DAG(s) dict_keys(['example_external_task_marker_child', 'example_external_task_marker_parent']) retrieved from /home/airflow/.local/lib/python3.7/site-packages/airflow/example_dags/example_external_task_marker_dag.py
[2023-09-13T08:05:18.048+0000] {logging_mixin.py:149} INFO - [2023-09-13T08:05:18.047+0000] {dag.py:2726} INFO - Sync 2 DAGs
[2023-09-13T08:05:18.175+0000] {logging_mixin.py:149} INFO - [2023-09-13T08:05:18.175+0000] {dag.py:3490} INFO - Setting next_dagrun for example_external_task_marker_child to None, run_after=None
[2023-09-13T08:05:18.195+0000] {logging_mixin.py:149} INFO - [2023-09-13T08:05:18.194+0000] {dag.py:3490} INFO - Setting next_dagrun for example_external_task_marker_parent to None, run_after=None
[2023-09-13T08:05:18.309+0000] {processor.py:178} INFO - Processing /home/airflow/.local/lib/python3.7/site-packages/airflow/example_dags/example_external_task_marker_dag.py took 0.520 seconds
[2023-09-13T08:05:52.922+0000] {processor.py:156} INFO - Started process (PID=865) to work on /home/airflow/.local/lib/python3.7/site-packages/airflow/example_dags/example_external_task_marker_dag.py
[2023-09-13T08:05:52.931+0000] {processor.py:799} INFO - Processing file /home/airflow/.local/lib/python3.7/site-packages/airflow/example_dags/example_external_task_marker_dag.py for tasks to queue
[2023-09-13T08:05:52.935+0000] {logging_mixin.py:149} INFO - [2023-09-13T08:05:52.935+0000] {dagbag.py:541} INFO - Filling up the DagBag from /home/airflow/.local/lib/python3.7/site-packages/airflow/example_dags/example_external_task_marker_dag.py
[2023-09-13T08:05:52.969+0000] {processor.py:809} INFO - DAG(s) dict_keys(['example_external_task_marker_child', 'example_external_task_marker_parent']) retrieved from /home/airflow/.local/lib/python3.7/site-packages/airflow/example_dags/example_external_task_marker_dag.py
[2023-09-13T08:05:53.157+0000] {logging_mixin.py:149} INFO - [2023-09-13T08:05:53.157+0000] {dag.py:2726} INFO - Sync 2 DAGs
[2023-09-13T08:05:53.382+0000] {logging_mixin.py:149} INFO - [2023-09-13T08:05:53.381+0000] {dag.py:3490} INFO - Setting next_dagrun for example_external_task_marker_child to None, run_after=None
[2023-09-13T08:05:53.405+0000] {logging_mixin.py:149} INFO - [2023-09-13T08:05:53.404+0000] {dag.py:3490} INFO - Setting next_dagrun for example_external_task_marker_parent to None, run_after=None
[2023-09-13T08:05:53.527+0000] {processor.py:178} INFO - Processing /home/airflow/.local/lib/python3.7/site-packages/airflow/example_dags/example_external_task_marker_dag.py took 0.622 seconds
[2023-09-13T08:06:24.238+0000] {processor.py:156} INFO - Started process (PID=925) to work on /home/airflow/.local/lib/python3.7/site-packages/airflow/example_dags/example_external_task_marker_dag.py
[2023-09-13T08:06:24.241+0000] {processor.py:799} INFO - Processing file /home/airflow/.local/lib/python3.7/site-packages/airflow/example_dags/example_external_task_marker_dag.py for tasks to queue
[2023-09-13T08:06:24.243+0000] {logging_mixin.py:149} INFO - [2023-09-13T08:06:24.243+0000] {dagbag.py:541} INFO - Filling up the DagBag from /home/airflow/.local/lib/python3.7/site-packages/airflow/example_dags/example_external_task_marker_dag.py
[2023-09-13T08:06:24.258+0000] {processor.py:809} INFO - DAG(s) dict_keys(['example_external_task_marker_child', 'example_external_task_marker_parent']) retrieved from /home/airflow/.local/lib/python3.7/site-packages/airflow/example_dags/example_external_task_marker_dag.py
[2023-09-13T08:06:24.326+0000] {logging_mixin.py:149} INFO - [2023-09-13T08:06:24.325+0000] {dag.py:2726} INFO - Sync 2 DAGs
[2023-09-13T08:06:24.407+0000] {logging_mixin.py:149} INFO - [2023-09-13T08:06:24.406+0000] {dag.py:3490} INFO - Setting next_dagrun for example_external_task_marker_child to None, run_after=None
[2023-09-13T08:06:24.416+0000] {logging_mixin.py:149} INFO - [2023-09-13T08:06:24.416+0000] {dag.py:3490} INFO - Setting next_dagrun for example_external_task_marker_parent to None, run_after=None
[2023-09-13T08:06:24.461+0000] {processor.py:178} INFO - Processing /home/airflow/.local/lib/python3.7/site-packages/airflow/example_dags/example_external_task_marker_dag.py took 0.229 seconds
[2023-09-13T08:06:54.682+0000] {processor.py:156} INFO - Started process (PID=984) to work on /home/airflow/.local/lib/python3.7/site-packages/airflow/example_dags/example_external_task_marker_dag.py
[2023-09-13T08:06:54.688+0000] {processor.py:799} INFO - Processing file /home/airflow/.local/lib/python3.7/site-packages/airflow/example_dags/example_external_task_marker_dag.py for tasks to queue
[2023-09-13T08:06:54.692+0000] {logging_mixin.py:149} INFO - [2023-09-13T08:06:54.691+0000] {dagbag.py:541} INFO - Filling up the DagBag from /home/airflow/.local/lib/python3.7/site-packages/airflow/example_dags/example_external_task_marker_dag.py
[2023-09-13T08:06:54.724+0000] {processor.py:809} INFO - DAG(s) dict_keys(['example_external_task_marker_child', 'example_external_task_marker_parent']) retrieved from /home/airflow/.local/lib/python3.7/site-packages/airflow/example_dags/example_external_task_marker_dag.py
[2023-09-13T08:06:54.890+0000] {logging_mixin.py:149} INFO - [2023-09-13T08:06:54.889+0000] {dag.py:2726} INFO - Sync 2 DAGs
[2023-09-13T08:06:55.119+0000] {logging_mixin.py:149} INFO - [2023-09-13T08:06:55.108+0000] {dag.py:3490} INFO - Setting next_dagrun for example_external_task_marker_child to None, run_after=None
[2023-09-13T08:06:55.154+0000] {logging_mixin.py:149} INFO - [2023-09-13T08:06:55.153+0000] {dag.py:3490} INFO - Setting next_dagrun for example_external_task_marker_parent to None, run_after=None
[2023-09-13T08:06:55.293+0000] {processor.py:178} INFO - Processing /home/airflow/.local/lib/python3.7/site-packages/airflow/example_dags/example_external_task_marker_dag.py took 0.629 seconds
[2023-09-13T08:07:25.944+0000] {processor.py:156} INFO - Started process (PID=1044) to work on /home/airflow/.local/lib/python3.7/site-packages/airflow/example_dags/example_external_task_marker_dag.py
[2023-09-13T08:07:25.946+0000] {processor.py:799} INFO - Processing file /home/airflow/.local/lib/python3.7/site-packages/airflow/example_dags/example_external_task_marker_dag.py for tasks to queue
[2023-09-13T08:07:25.950+0000] {logging_mixin.py:149} INFO - [2023-09-13T08:07:25.949+0000] {dagbag.py:541} INFO - Filling up the DagBag from /home/airflow/.local/lib/python3.7/site-packages/airflow/example_dags/example_external_task_marker_dag.py
[2023-09-13T08:07:25.966+0000] {processor.py:809} INFO - DAG(s) dict_keys(['example_external_task_marker_parent', 'example_external_task_marker_child']) retrieved from /home/airflow/.local/lib/python3.7/site-packages/airflow/example_dags/example_external_task_marker_dag.py
[2023-09-13T08:07:26.056+0000] {logging_mixin.py:149} INFO - [2023-09-13T08:07:26.056+0000] {dag.py:2726} INFO - Sync 2 DAGs
[2023-09-13T08:07:26.146+0000] {logging_mixin.py:149} INFO - [2023-09-13T08:07:26.146+0000] {dag.py:3490} INFO - Setting next_dagrun for example_external_task_marker_child to None, run_after=None
[2023-09-13T08:07:26.155+0000] {logging_mixin.py:149} INFO - [2023-09-13T08:07:26.154+0000] {dag.py:3490} INFO - Setting next_dagrun for example_external_task_marker_parent to None, run_after=None
[2023-09-13T08:07:26.203+0000] {processor.py:178} INFO - Processing /home/airflow/.local/lib/python3.7/site-packages/airflow/example_dags/example_external_task_marker_dag.py took 0.268 seconds
[2023-09-13T08:07:56.536+0000] {processor.py:156} INFO - Started process (PID=1104) to work on /home/airflow/.local/lib/python3.7/site-packages/airflow/example_dags/example_external_task_marker_dag.py
[2023-09-13T08:07:56.539+0000] {processor.py:799} INFO - Processing file /home/airflow/.local/lib/python3.7/site-packages/airflow/example_dags/example_external_task_marker_dag.py for tasks to queue
[2023-09-13T08:07:56.541+0000] {logging_mixin.py:149} INFO - [2023-09-13T08:07:56.541+0000] {dagbag.py:541} INFO - Filling up the DagBag from /home/airflow/.local/lib/python3.7/site-packages/airflow/example_dags/example_external_task_marker_dag.py
[2023-09-13T08:07:56.557+0000] {processor.py:809} INFO - DAG(s) dict_keys(['example_external_task_marker_child', 'example_external_task_marker_parent']) retrieved from /home/airflow/.local/lib/python3.7/site-packages/airflow/example_dags/example_external_task_marker_dag.py
[2023-09-13T08:07:56.622+0000] {logging_mixin.py:149} INFO - [2023-09-13T08:07:56.622+0000] {dag.py:2726} INFO - Sync 2 DAGs
[2023-09-13T08:07:56.678+0000] {logging_mixin.py:149} INFO - [2023-09-13T08:07:56.677+0000] {dag.py:3490} INFO - Setting next_dagrun for example_external_task_marker_child to None, run_after=None
[2023-09-13T08:07:56.687+0000] {logging_mixin.py:149} INFO - [2023-09-13T08:07:56.686+0000] {dag.py:3490} INFO - Setting next_dagrun for example_external_task_marker_parent to None, run_after=None
[2023-09-13T08:07:56.738+0000] {processor.py:178} INFO - Processing /home/airflow/.local/lib/python3.7/site-packages/airflow/example_dags/example_external_task_marker_dag.py took 0.209 seconds
[2023-09-13T08:08:26.966+0000] {processor.py:156} INFO - Started process (PID=1164) to work on /home/airflow/.local/lib/python3.7/site-packages/airflow/example_dags/example_external_task_marker_dag.py
[2023-09-13T08:08:26.969+0000] {processor.py:799} INFO - Processing file /home/airflow/.local/lib/python3.7/site-packages/airflow/example_dags/example_external_task_marker_dag.py for tasks to queue
[2023-09-13T08:08:26.972+0000] {logging_mixin.py:149} INFO - [2023-09-13T08:08:26.972+0000] {dagbag.py:541} INFO - Filling up the DagBag from /home/airflow/.local/lib/python3.7/site-packages/airflow/example_dags/example_external_task_marker_dag.py
[2023-09-13T08:08:26.997+0000] {processor.py:809} INFO - DAG(s) dict_keys(['example_external_task_marker_parent', 'example_external_task_marker_child']) retrieved from /home/airflow/.local/lib/python3.7/site-packages/airflow/example_dags/example_external_task_marker_dag.py
[2023-09-13T08:08:27.097+0000] {logging_mixin.py:149} INFO - [2023-09-13T08:08:27.096+0000] {dag.py:2726} INFO - Sync 2 DAGs
[2023-09-13T08:08:27.184+0000] {logging_mixin.py:149} INFO - [2023-09-13T08:08:27.184+0000] {dag.py:3490} INFO - Setting next_dagrun for example_external_task_marker_child to None, run_after=None
[2023-09-13T08:08:27.195+0000] {logging_mixin.py:149} INFO - [2023-09-13T08:08:27.194+0000] {dag.py:3490} INFO - Setting next_dagrun for example_external_task_marker_parent to None, run_after=None
[2023-09-13T08:08:27.270+0000] {processor.py:178} INFO - Processing /home/airflow/.local/lib/python3.7/site-packages/airflow/example_dags/example_external_task_marker_dag.py took 0.321 seconds
[2023-09-13T08:08:58.903+0000] {processor.py:156} INFO - Started process (PID=1224) to work on /home/airflow/.local/lib/python3.7/site-packages/airflow/example_dags/example_external_task_marker_dag.py
[2023-09-13T08:08:58.912+0000] {processor.py:799} INFO - Processing file /home/airflow/.local/lib/python3.7/site-packages/airflow/example_dags/example_external_task_marker_dag.py for tasks to queue
[2023-09-13T08:08:58.916+0000] {logging_mixin.py:149} INFO - [2023-09-13T08:08:58.916+0000] {dagbag.py:541} INFO - Filling up the DagBag from /home/airflow/.local/lib/python3.7/site-packages/airflow/example_dags/example_external_task_marker_dag.py
[2023-09-13T08:08:58.955+0000] {processor.py:809} INFO - DAG(s) dict_keys(['example_external_task_marker_child', 'example_external_task_marker_parent']) retrieved from /home/airflow/.local/lib/python3.7/site-packages/airflow/example_dags/example_external_task_marker_dag.py
[2023-09-13T08:08:59.128+0000] {logging_mixin.py:149} INFO - [2023-09-13T08:08:59.127+0000] {dag.py:2726} INFO - Sync 2 DAGs
[2023-09-13T08:08:59.300+0000] {logging_mixin.py:149} INFO - [2023-09-13T08:08:59.299+0000] {dag.py:3490} INFO - Setting next_dagrun for example_external_task_marker_child to None, run_after=None
[2023-09-13T08:08:59.317+0000] {logging_mixin.py:149} INFO - [2023-09-13T08:08:59.316+0000] {dag.py:3490} INFO - Setting next_dagrun for example_external_task_marker_parent to None, run_after=None
[2023-09-13T08:08:59.390+0000] {processor.py:178} INFO - Processing /home/airflow/.local/lib/python3.7/site-packages/airflow/example_dags/example_external_task_marker_dag.py took 0.495 seconds
[2023-09-13T08:09:29.692+0000] {processor.py:156} INFO - Started process (PID=1284) to work on /home/airflow/.local/lib/python3.7/site-packages/airflow/example_dags/example_external_task_marker_dag.py
[2023-09-13T08:09:29.694+0000] {processor.py:799} INFO - Processing file /home/airflow/.local/lib/python3.7/site-packages/airflow/example_dags/example_external_task_marker_dag.py for tasks to queue
[2023-09-13T08:09:29.696+0000] {logging_mixin.py:149} INFO - [2023-09-13T08:09:29.696+0000] {dagbag.py:541} INFO - Filling up the DagBag from /home/airflow/.local/lib/python3.7/site-packages/airflow/example_dags/example_external_task_marker_dag.py
[2023-09-13T08:09:29.708+0000] {processor.py:809} INFO - DAG(s) dict_keys(['example_external_task_marker_child', 'example_external_task_marker_parent']) retrieved from /home/airflow/.local/lib/python3.7/site-packages/airflow/example_dags/example_external_task_marker_dag.py
[2023-09-13T08:09:29.766+0000] {logging_mixin.py:149} INFO - [2023-09-13T08:09:29.766+0000] {dag.py:2726} INFO - Sync 2 DAGs
[2023-09-13T08:09:29.808+0000] {logging_mixin.py:149} INFO - [2023-09-13T08:09:29.808+0000] {dag.py:3490} INFO - Setting next_dagrun for example_external_task_marker_child to None, run_after=None
[2023-09-13T08:09:29.819+0000] {logging_mixin.py:149} INFO - [2023-09-13T08:09:29.818+0000] {dag.py:3490} INFO - Setting next_dagrun for example_external_task_marker_parent to None, run_after=None
[2023-09-13T08:09:29.859+0000] {processor.py:178} INFO - Processing /home/airflow/.local/lib/python3.7/site-packages/airflow/example_dags/example_external_task_marker_dag.py took 0.177 seconds
[2023-09-13T08:09:59.996+0000] {processor.py:156} INFO - Started process (PID=1344) to work on /home/airflow/.local/lib/python3.7/site-packages/airflow/example_dags/example_external_task_marker_dag.py
[2023-09-13T08:10:00.003+0000] {processor.py:799} INFO - Processing file /home/airflow/.local/lib/python3.7/site-packages/airflow/example_dags/example_external_task_marker_dag.py for tasks to queue
[2023-09-13T08:10:00.007+0000] {logging_mixin.py:149} INFO - [2023-09-13T08:10:00.007+0000] {dagbag.py:541} INFO - Filling up the DagBag from /home/airflow/.local/lib/python3.7/site-packages/airflow/example_dags/example_external_task_marker_dag.py
[2023-09-13T08:10:00.033+0000] {processor.py:809} INFO - DAG(s) dict_keys(['example_external_task_marker_parent', 'example_external_task_marker_child']) retrieved from /home/airflow/.local/lib/python3.7/site-packages/airflow/example_dags/example_external_task_marker_dag.py
[2023-09-13T08:10:00.119+0000] {logging_mixin.py:149} INFO - [2023-09-13T08:10:00.119+0000] {dag.py:2726} INFO - Sync 2 DAGs
[2023-09-13T08:10:00.177+0000] {logging_mixin.py:149} INFO - [2023-09-13T08:10:00.177+0000] {dag.py:3490} INFO - Setting next_dagrun for example_external_task_marker_child to None, run_after=None
[2023-09-13T08:10:00.186+0000] {logging_mixin.py:149} INFO - [2023-09-13T08:10:00.185+0000] {dag.py:3490} INFO - Setting next_dagrun for example_external_task_marker_parent to None, run_after=None
[2023-09-13T08:10:00.236+0000] {processor.py:178} INFO - Processing /home/airflow/.local/lib/python3.7/site-packages/airflow/example_dags/example_external_task_marker_dag.py took 0.248 seconds
[2023-09-13T08:10:30.563+0000] {processor.py:156} INFO - Started process (PID=1404) to work on /home/airflow/.local/lib/python3.7/site-packages/airflow/example_dags/example_external_task_marker_dag.py
[2023-09-13T08:10:30.567+0000] {processor.py:799} INFO - Processing file /home/airflow/.local/lib/python3.7/site-packages/airflow/example_dags/example_external_task_marker_dag.py for tasks to queue
[2023-09-13T08:10:30.570+0000] {logging_mixin.py:149} INFO - [2023-09-13T08:10:30.570+0000] {dagbag.py:541} INFO - Filling up the DagBag from /home/airflow/.local/lib/python3.7/site-packages/airflow/example_dags/example_external_task_marker_dag.py
[2023-09-13T08:10:30.583+0000] {processor.py:809} INFO - DAG(s) dict_keys(['example_external_task_marker_child', 'example_external_task_marker_parent']) retrieved from /home/airflow/.local/lib/python3.7/site-packages/airflow/example_dags/example_external_task_marker_dag.py
[2023-09-13T08:10:30.657+0000] {logging_mixin.py:149} INFO - [2023-09-13T08:10:30.656+0000] {dag.py:2726} INFO - Sync 2 DAGs
[2023-09-13T08:10:30.722+0000] {logging_mixin.py:149} INFO - [2023-09-13T08:10:30.722+0000] {dag.py:3490} INFO - Setting next_dagrun for example_external_task_marker_child to None, run_after=None
[2023-09-13T08:10:30.734+0000] {logging_mixin.py:149} INFO - [2023-09-13T08:10:30.734+0000] {dag.py:3490} INFO - Setting next_dagrun for example_external_task_marker_parent to None, run_after=None
[2023-09-13T08:10:30.783+0000] {processor.py:178} INFO - Processing /home/airflow/.local/lib/python3.7/site-packages/airflow/example_dags/example_external_task_marker_dag.py took 0.228 seconds
[2023-09-13T08:11:01.515+0000] {processor.py:156} INFO - Started process (PID=1465) to work on /home/airflow/.local/lib/python3.7/site-packages/airflow/example_dags/example_external_task_marker_dag.py
[2023-09-13T08:11:01.518+0000] {processor.py:799} INFO - Processing file /home/airflow/.local/lib/python3.7/site-packages/airflow/example_dags/example_external_task_marker_dag.py for tasks to queue
[2023-09-13T08:11:01.521+0000] {logging_mixin.py:149} INFO - [2023-09-13T08:11:01.521+0000] {dagbag.py:541} INFO - Filling up the DagBag from /home/airflow/.local/lib/python3.7/site-packages/airflow/example_dags/example_external_task_marker_dag.py
[2023-09-13T08:11:01.538+0000] {processor.py:809} INFO - DAG(s) dict_keys(['example_external_task_marker_parent', 'example_external_task_marker_child']) retrieved from /home/airflow/.local/lib/python3.7/site-packages/airflow/example_dags/example_external_task_marker_dag.py
[2023-09-13T08:11:01.611+0000] {logging_mixin.py:149} INFO - [2023-09-13T08:11:01.610+0000] {dag.py:2726} INFO - Sync 2 DAGs
[2023-09-13T08:11:01.682+0000] {logging_mixin.py:149} INFO - [2023-09-13T08:11:01.681+0000] {dag.py:3490} INFO - Setting next_dagrun for example_external_task_marker_child to None, run_after=None
[2023-09-13T08:11:01.693+0000] {logging_mixin.py:149} INFO - [2023-09-13T08:11:01.693+0000] {dag.py:3490} INFO - Setting next_dagrun for example_external_task_marker_parent to None, run_after=None
[2023-09-13T08:11:01.746+0000] {processor.py:178} INFO - Processing /home/airflow/.local/lib/python3.7/site-packages/airflow/example_dags/example_external_task_marker_dag.py took 0.242 seconds
[2023-09-13T08:11:31.913+0000] {processor.py:156} INFO - Started process (PID=1525) to work on /home/airflow/.local/lib/python3.7/site-packages/airflow/example_dags/example_external_task_marker_dag.py
[2023-09-13T08:11:31.916+0000] {processor.py:799} INFO - Processing file /home/airflow/.local/lib/python3.7/site-packages/airflow/example_dags/example_external_task_marker_dag.py for tasks to queue
[2023-09-13T08:11:31.919+0000] {logging_mixin.py:149} INFO - [2023-09-13T08:11:31.918+0000] {dagbag.py:541} INFO - Filling up the DagBag from /home/airflow/.local/lib/python3.7/site-packages/airflow/example_dags/example_external_task_marker_dag.py
[2023-09-13T08:11:31.931+0000] {processor.py:809} INFO - DAG(s) dict_keys(['example_external_task_marker_child', 'example_external_task_marker_parent']) retrieved from /home/airflow/.local/lib/python3.7/site-packages/airflow/example_dags/example_external_task_marker_dag.py
[2023-09-13T08:11:32.006+0000] {logging_mixin.py:149} INFO - [2023-09-13T08:11:32.005+0000] {dag.py:2726} INFO - Sync 2 DAGs
[2023-09-13T08:11:32.078+0000] {logging_mixin.py:149} INFO - [2023-09-13T08:11:32.077+0000] {dag.py:3490} INFO - Setting next_dagrun for example_external_task_marker_child to None, run_after=None
[2023-09-13T08:11:32.090+0000] {logging_mixin.py:149} INFO - [2023-09-13T08:11:32.090+0000] {dag.py:3490} INFO - Setting next_dagrun for example_external_task_marker_parent to None, run_after=None
[2023-09-13T08:11:32.152+0000] {processor.py:178} INFO - Processing /home/airflow/.local/lib/python3.7/site-packages/airflow/example_dags/example_external_task_marker_dag.py took 0.246 seconds
[2023-09-13T08:12:02.290+0000] {processor.py:156} INFO - Started process (PID=1584) to work on /home/airflow/.local/lib/python3.7/site-packages/airflow/example_dags/example_external_task_marker_dag.py
[2023-09-13T08:12:02.294+0000] {processor.py:799} INFO - Processing file /home/airflow/.local/lib/python3.7/site-packages/airflow/example_dags/example_external_task_marker_dag.py for tasks to queue
[2023-09-13T08:12:02.296+0000] {logging_mixin.py:149} INFO - [2023-09-13T08:12:02.296+0000] {dagbag.py:541} INFO - Filling up the DagBag from /home/airflow/.local/lib/python3.7/site-packages/airflow/example_dags/example_external_task_marker_dag.py
[2023-09-13T08:12:02.310+0000] {processor.py:809} INFO - DAG(s) dict_keys(['example_external_task_marker_parent', 'example_external_task_marker_child']) retrieved from /home/airflow/.local/lib/python3.7/site-packages/airflow/example_dags/example_external_task_marker_dag.py
[2023-09-13T08:12:02.388+0000] {logging_mixin.py:149} INFO - [2023-09-13T08:12:02.387+0000] {dag.py:2726} INFO - Sync 2 DAGs
[2023-09-13T08:12:02.443+0000] {logging_mixin.py:149} INFO - [2023-09-13T08:12:02.443+0000] {dag.py:3490} INFO - Setting next_dagrun for example_external_task_marker_child to None, run_after=None
[2023-09-13T08:12:02.454+0000] {logging_mixin.py:149} INFO - [2023-09-13T08:12:02.453+0000] {dag.py:3490} INFO - Setting next_dagrun for example_external_task_marker_parent to None, run_after=None
[2023-09-13T08:12:02.510+0000] {processor.py:178} INFO - Processing /home/airflow/.local/lib/python3.7/site-packages/airflow/example_dags/example_external_task_marker_dag.py took 0.229 seconds
[2023-09-13T08:12:33.105+0000] {processor.py:156} INFO - Started process (PID=1644) to work on /home/airflow/.local/lib/python3.7/site-packages/airflow/example_dags/example_external_task_marker_dag.py
[2023-09-13T08:12:33.109+0000] {processor.py:799} INFO - Processing file /home/airflow/.local/lib/python3.7/site-packages/airflow/example_dags/example_external_task_marker_dag.py for tasks to queue
[2023-09-13T08:12:33.112+0000] {logging_mixin.py:149} INFO - [2023-09-13T08:12:33.111+0000] {dagbag.py:541} INFO - Filling up the DagBag from /home/airflow/.local/lib/python3.7/site-packages/airflow/example_dags/example_external_task_marker_dag.py
[2023-09-13T08:12:33.127+0000] {processor.py:809} INFO - DAG(s) dict_keys(['example_external_task_marker_parent', 'example_external_task_marker_child']) retrieved from /home/airflow/.local/lib/python3.7/site-packages/airflow/example_dags/example_external_task_marker_dag.py
[2023-09-13T08:12:33.197+0000] {logging_mixin.py:149} INFO - [2023-09-13T08:12:33.197+0000] {dag.py:2726} INFO - Sync 2 DAGs
[2023-09-13T08:12:33.261+0000] {logging_mixin.py:149} INFO - [2023-09-13T08:12:33.260+0000] {dag.py:3490} INFO - Setting next_dagrun for example_external_task_marker_child to None, run_after=None
[2023-09-13T08:12:33.271+0000] {logging_mixin.py:149} INFO - [2023-09-13T08:12:33.271+0000] {dag.py:3490} INFO - Setting next_dagrun for example_external_task_marker_parent to None, run_after=None
[2023-09-13T08:12:33.309+0000] {processor.py:178} INFO - Processing /home/airflow/.local/lib/python3.7/site-packages/airflow/example_dags/example_external_task_marker_dag.py took 0.215 seconds
[2023-09-13T09:26:12.505+0000] {processor.py:156} INFO - Started process (PID=70) to work on /home/airflow/.local/lib/python3.7/site-packages/airflow/example_dags/example_external_task_marker_dag.py
[2023-09-13T09:26:12.507+0000] {processor.py:799} INFO - Processing file /home/airflow/.local/lib/python3.7/site-packages/airflow/example_dags/example_external_task_marker_dag.py for tasks to queue
[2023-09-13T09:26:12.509+0000] {logging_mixin.py:149} INFO - [2023-09-13T09:26:12.508+0000] {dagbag.py:541} INFO - Filling up the DagBag from /home/airflow/.local/lib/python3.7/site-packages/airflow/example_dags/example_external_task_marker_dag.py
[2023-09-13T09:26:12.516+0000] {processor.py:809} INFO - DAG(s) dict_keys(['example_external_task_marker_parent', 'example_external_task_marker_child']) retrieved from /home/airflow/.local/lib/python3.7/site-packages/airflow/example_dags/example_external_task_marker_dag.py
[2023-09-13T09:26:12.611+0000] {logging_mixin.py:149} INFO - [2023-09-13T09:26:12.611+0000] {dag.py:2726} INFO - Sync 2 DAGs
[2023-09-13T09:26:12.640+0000] {logging_mixin.py:149} INFO - [2023-09-13T09:26:12.640+0000] {dag.py:3490} INFO - Setting next_dagrun for example_external_task_marker_child to None, run_after=None
[2023-09-13T09:26:12.645+0000] {logging_mixin.py:149} INFO - [2023-09-13T09:26:12.645+0000] {dag.py:3490} INFO - Setting next_dagrun for example_external_task_marker_parent to None, run_after=None
[2023-09-13T09:26:12.672+0000] {processor.py:178} INFO - Processing /home/airflow/.local/lib/python3.7/site-packages/airflow/example_dags/example_external_task_marker_dag.py took 0.172 seconds
