[2023-09-13T07:58:51.807+0000] {processor.py:156} INFO - Started process (PID=50) to work on /home/airflow/.local/lib/python3.7/site-packages/airflow/example_dags/example_skip_dag.py
[2023-09-13T07:58:51.811+0000] {processor.py:799} INFO - Processing file /home/airflow/.local/lib/python3.7/site-packages/airflow/example_dags/example_skip_dag.py for tasks to queue
[2023-09-13T07:58:51.815+0000] {logging_mixin.py:149} INFO - [2023-09-13T07:58:51.814+0000] {dagbag.py:541} INFO - Filling up the DagBag from /home/airflow/.local/lib/python3.7/site-packages/airflow/example_dags/example_skip_dag.py
[2023-09-13T07:58:51.858+0000] {processor.py:809} INFO - DAG(s) dict_keys(['example_skip_dag']) retrieved from /home/airflow/.local/lib/python3.7/site-packages/airflow/example_dags/example_skip_dag.py
[2023-09-13T07:58:51.969+0000] {logging_mixin.py:149} INFO - [2023-09-13T07:58:51.968+0000] {dag.py:2726} INFO - Sync 1 DAGs
[2023-09-13T07:58:52.084+0000] {logging_mixin.py:149} INFO - [2023-09-13T07:58:52.083+0000] {dag.py:3490} INFO - Setting next_dagrun for example_skip_dag to 2023-09-12T07:58:52.082914+00:00, run_after=2023-09-13T07:58:52.082914+00:00
[2023-09-13T07:58:52.169+0000] {processor.py:178} INFO - Processing /home/airflow/.local/lib/python3.7/site-packages/airflow/example_dags/example_skip_dag.py took 0.371 seconds
[2023-09-13T07:59:23.238+0000] {processor.py:156} INFO - Started process (PID=110) to work on /home/airflow/.local/lib/python3.7/site-packages/airflow/example_dags/example_skip_dag.py
[2023-09-13T07:59:23.240+0000] {processor.py:799} INFO - Processing file /home/airflow/.local/lib/python3.7/site-packages/airflow/example_dags/example_skip_dag.py for tasks to queue
[2023-09-13T07:59:23.244+0000] {logging_mixin.py:149} INFO - [2023-09-13T07:59:23.243+0000] {dagbag.py:541} INFO - Filling up the DagBag from /home/airflow/.local/lib/python3.7/site-packages/airflow/example_dags/example_skip_dag.py
[2023-09-13T07:59:23.265+0000] {processor.py:809} INFO - DAG(s) dict_keys(['example_skip_dag']) retrieved from /home/airflow/.local/lib/python3.7/site-packages/airflow/example_dags/example_skip_dag.py
[2023-09-13T07:59:23.362+0000] {logging_mixin.py:149} INFO - [2023-09-13T07:59:23.362+0000] {dag.py:2726} INFO - Sync 1 DAGs
[2023-09-13T07:59:23.440+0000] {logging_mixin.py:149} INFO - [2023-09-13T07:59:23.440+0000] {dag.py:3490} INFO - Setting next_dagrun for example_skip_dag to 2023-09-12T07:59:23.439278+00:00, run_after=2023-09-13T07:59:23.439278+00:00
[2023-09-13T07:59:23.501+0000] {processor.py:178} INFO - Processing /home/airflow/.local/lib/python3.7/site-packages/airflow/example_dags/example_skip_dag.py took 0.274 seconds
[2023-09-13T07:59:54.019+0000] {processor.py:156} INFO - Started process (PID=170) to work on /home/airflow/.local/lib/python3.7/site-packages/airflow/example_dags/example_skip_dag.py
[2023-09-13T07:59:54.023+0000] {processor.py:799} INFO - Processing file /home/airflow/.local/lib/python3.7/site-packages/airflow/example_dags/example_skip_dag.py for tasks to queue
[2023-09-13T07:59:54.028+0000] {logging_mixin.py:149} INFO - [2023-09-13T07:59:54.028+0000] {dagbag.py:541} INFO - Filling up the DagBag from /home/airflow/.local/lib/python3.7/site-packages/airflow/example_dags/example_skip_dag.py
[2023-09-13T07:59:54.057+0000] {processor.py:809} INFO - DAG(s) dict_keys(['example_skip_dag']) retrieved from /home/airflow/.local/lib/python3.7/site-packages/airflow/example_dags/example_skip_dag.py
[2023-09-13T07:59:54.141+0000] {logging_mixin.py:149} INFO - [2023-09-13T07:59:54.140+0000] {dag.py:2726} INFO - Sync 1 DAGs
[2023-09-13T07:59:54.522+0000] {logging_mixin.py:149} INFO - [2023-09-13T07:59:54.522+0000] {dag.py:3490} INFO - Setting next_dagrun for example_skip_dag to 2023-09-12T07:59:54.521507+00:00, run_after=2023-09-13T07:59:54.521507+00:00
[2023-09-13T07:59:54.611+0000] {processor.py:178} INFO - Processing /home/airflow/.local/lib/python3.7/site-packages/airflow/example_dags/example_skip_dag.py took 0.601 seconds
[2023-09-13T08:00:24.942+0000] {processor.py:156} INFO - Started process (PID=229) to work on /home/airflow/.local/lib/python3.7/site-packages/airflow/example_dags/example_skip_dag.py
[2023-09-13T08:00:24.945+0000] {processor.py:799} INFO - Processing file /home/airflow/.local/lib/python3.7/site-packages/airflow/example_dags/example_skip_dag.py for tasks to queue
[2023-09-13T08:00:24.948+0000] {logging_mixin.py:149} INFO - [2023-09-13T08:00:24.947+0000] {dagbag.py:541} INFO - Filling up the DagBag from /home/airflow/.local/lib/python3.7/site-packages/airflow/example_dags/example_skip_dag.py
[2023-09-13T08:00:24.960+0000] {processor.py:809} INFO - DAG(s) dict_keys(['example_skip_dag']) retrieved from /home/airflow/.local/lib/python3.7/site-packages/airflow/example_dags/example_skip_dag.py
[2023-09-13T08:00:25.180+0000] {logging_mixin.py:149} INFO - [2023-09-13T08:00:25.179+0000] {dag.py:2726} INFO - Sync 1 DAGs
[2023-09-13T08:00:25.225+0000] {logging_mixin.py:149} INFO - [2023-09-13T08:00:25.224+0000] {dag.py:3490} INFO - Setting next_dagrun for example_skip_dag to 2023-09-12T08:00:25.224593+00:00, run_after=2023-09-13T08:00:25.224593+00:00
[2023-09-13T08:00:25.272+0000] {processor.py:178} INFO - Processing /home/airflow/.local/lib/python3.7/site-packages/airflow/example_dags/example_skip_dag.py took 0.334 seconds
[2023-09-13T08:00:55.434+0000] {processor.py:156} INFO - Started process (PID=289) to work on /home/airflow/.local/lib/python3.7/site-packages/airflow/example_dags/example_skip_dag.py
[2023-09-13T08:00:55.445+0000] {processor.py:799} INFO - Processing file /home/airflow/.local/lib/python3.7/site-packages/airflow/example_dags/example_skip_dag.py for tasks to queue
[2023-09-13T08:00:55.449+0000] {logging_mixin.py:149} INFO - [2023-09-13T08:00:55.448+0000] {dagbag.py:541} INFO - Filling up the DagBag from /home/airflow/.local/lib/python3.7/site-packages/airflow/example_dags/example_skip_dag.py
[2023-09-13T08:00:55.479+0000] {processor.py:809} INFO - DAG(s) dict_keys(['example_skip_dag']) retrieved from /home/airflow/.local/lib/python3.7/site-packages/airflow/example_dags/example_skip_dag.py
[2023-09-13T08:00:55.589+0000] {logging_mixin.py:149} INFO - [2023-09-13T08:00:55.588+0000] {dag.py:2726} INFO - Sync 1 DAGs
[2023-09-13T08:00:55.700+0000] {logging_mixin.py:149} INFO - [2023-09-13T08:00:55.699+0000] {dag.py:3490} INFO - Setting next_dagrun for example_skip_dag to 2023-09-12T08:00:55.699058+00:00, run_after=2023-09-13T08:00:55.699058+00:00
[2023-09-13T08:00:55.802+0000] {processor.py:178} INFO - Processing /home/airflow/.local/lib/python3.7/site-packages/airflow/example_dags/example_skip_dag.py took 0.377 seconds
[2023-09-13T08:01:26.017+0000] {processor.py:156} INFO - Started process (PID=348) to work on /home/airflow/.local/lib/python3.7/site-packages/airflow/example_dags/example_skip_dag.py
[2023-09-13T08:01:26.020+0000] {processor.py:799} INFO - Processing file /home/airflow/.local/lib/python3.7/site-packages/airflow/example_dags/example_skip_dag.py for tasks to queue
[2023-09-13T08:01:26.027+0000] {logging_mixin.py:149} INFO - [2023-09-13T08:01:26.026+0000] {dagbag.py:541} INFO - Filling up the DagBag from /home/airflow/.local/lib/python3.7/site-packages/airflow/example_dags/example_skip_dag.py
[2023-09-13T08:01:26.047+0000] {processor.py:809} INFO - DAG(s) dict_keys(['example_skip_dag']) retrieved from /home/airflow/.local/lib/python3.7/site-packages/airflow/example_dags/example_skip_dag.py
[2023-09-13T08:01:26.121+0000] {logging_mixin.py:149} INFO - [2023-09-13T08:01:26.121+0000] {dag.py:2726} INFO - Sync 1 DAGs
[2023-09-13T08:01:26.236+0000] {logging_mixin.py:149} INFO - [2023-09-13T08:01:26.236+0000] {dag.py:3490} INFO - Setting next_dagrun for example_skip_dag to 2023-09-12T08:01:26.235756+00:00, run_after=2023-09-13T08:01:26.235756+00:00
[2023-09-13T08:01:26.302+0000] {processor.py:178} INFO - Processing /home/airflow/.local/lib/python3.7/site-packages/airflow/example_dags/example_skip_dag.py took 0.296 seconds
[2023-09-13T08:01:59.676+0000] {processor.py:156} INFO - Started process (PID=409) to work on /home/airflow/.local/lib/python3.7/site-packages/airflow/example_dags/example_skip_dag.py
[2023-09-13T08:01:59.680+0000] {processor.py:799} INFO - Processing file /home/airflow/.local/lib/python3.7/site-packages/airflow/example_dags/example_skip_dag.py for tasks to queue
[2023-09-13T08:01:59.684+0000] {logging_mixin.py:149} INFO - [2023-09-13T08:01:59.684+0000] {dagbag.py:541} INFO - Filling up the DagBag from /home/airflow/.local/lib/python3.7/site-packages/airflow/example_dags/example_skip_dag.py
[2023-09-13T08:01:59.724+0000] {processor.py:809} INFO - DAG(s) dict_keys(['example_skip_dag']) retrieved from /home/airflow/.local/lib/python3.7/site-packages/airflow/example_dags/example_skip_dag.py
[2023-09-13T08:01:59.896+0000] {logging_mixin.py:149} INFO - [2023-09-13T08:01:59.895+0000] {dag.py:2726} INFO - Sync 1 DAGs
[2023-09-13T08:02:00.056+0000] {logging_mixin.py:149} INFO - [2023-09-13T08:02:00.056+0000] {dag.py:3490} INFO - Setting next_dagrun for example_skip_dag to 2023-09-12T08:02:00.055607+00:00, run_after=2023-09-13T08:02:00.055607+00:00
[2023-09-13T08:02:00.191+0000] {processor.py:178} INFO - Processing /home/airflow/.local/lib/python3.7/site-packages/airflow/example_dags/example_skip_dag.py took 0.534 seconds
[2023-09-13T08:02:30.373+0000] {processor.py:156} INFO - Started process (PID=469) to work on /home/airflow/.local/lib/python3.7/site-packages/airflow/example_dags/example_skip_dag.py
[2023-09-13T08:02:30.377+0000] {processor.py:799} INFO - Processing file /home/airflow/.local/lib/python3.7/site-packages/airflow/example_dags/example_skip_dag.py for tasks to queue
[2023-09-13T08:02:30.380+0000] {logging_mixin.py:149} INFO - [2023-09-13T08:02:30.379+0000] {dagbag.py:541} INFO - Filling up the DagBag from /home/airflow/.local/lib/python3.7/site-packages/airflow/example_dags/example_skip_dag.py
[2023-09-13T08:02:30.396+0000] {processor.py:809} INFO - DAG(s) dict_keys(['example_skip_dag']) retrieved from /home/airflow/.local/lib/python3.7/site-packages/airflow/example_dags/example_skip_dag.py
[2023-09-13T08:02:30.468+0000] {logging_mixin.py:149} INFO - [2023-09-13T08:02:30.466+0000] {dag.py:2726} INFO - Sync 1 DAGs
[2023-09-13T08:02:30.575+0000] {logging_mixin.py:149} INFO - [2023-09-13T08:02:30.574+0000] {dag.py:3490} INFO - Setting next_dagrun for example_skip_dag to 2023-09-12T08:02:30.574131+00:00, run_after=2023-09-13T08:02:30.574131+00:00
[2023-09-13T08:02:30.648+0000] {processor.py:178} INFO - Processing /home/airflow/.local/lib/python3.7/site-packages/airflow/example_dags/example_skip_dag.py took 0.288 seconds
[2023-09-13T08:03:01.956+0000] {processor.py:156} INFO - Started process (PID=530) to work on /home/airflow/.local/lib/python3.7/site-packages/airflow/example_dags/example_skip_dag.py
[2023-09-13T08:03:01.960+0000] {processor.py:799} INFO - Processing file /home/airflow/.local/lib/python3.7/site-packages/airflow/example_dags/example_skip_dag.py for tasks to queue
[2023-09-13T08:03:01.968+0000] {logging_mixin.py:149} INFO - [2023-09-13T08:03:01.968+0000] {dagbag.py:541} INFO - Filling up the DagBag from /home/airflow/.local/lib/python3.7/site-packages/airflow/example_dags/example_skip_dag.py
[2023-09-13T08:03:02.004+0000] {processor.py:809} INFO - DAG(s) dict_keys(['example_skip_dag']) retrieved from /home/airflow/.local/lib/python3.7/site-packages/airflow/example_dags/example_skip_dag.py
[2023-09-13T08:03:02.121+0000] {logging_mixin.py:149} INFO - [2023-09-13T08:03:02.117+0000] {dag.py:2726} INFO - Sync 1 DAGs
[2023-09-13T08:03:02.232+0000] {logging_mixin.py:149} INFO - [2023-09-13T08:03:02.231+0000] {dag.py:3490} INFO - Setting next_dagrun for example_skip_dag to 2023-09-12T08:03:02.231092+00:00, run_after=2023-09-13T08:03:02.231092+00:00
[2023-09-13T08:03:02.371+0000] {processor.py:178} INFO - Processing /home/airflow/.local/lib/python3.7/site-packages/airflow/example_dags/example_skip_dag.py took 0.424 seconds
[2023-09-13T08:03:32.705+0000] {processor.py:156} INFO - Started process (PID=589) to work on /home/airflow/.local/lib/python3.7/site-packages/airflow/example_dags/example_skip_dag.py
[2023-09-13T08:03:32.711+0000] {processor.py:799} INFO - Processing file /home/airflow/.local/lib/python3.7/site-packages/airflow/example_dags/example_skip_dag.py for tasks to queue
[2023-09-13T08:03:32.714+0000] {logging_mixin.py:149} INFO - [2023-09-13T08:03:32.714+0000] {dagbag.py:541} INFO - Filling up the DagBag from /home/airflow/.local/lib/python3.7/site-packages/airflow/example_dags/example_skip_dag.py
[2023-09-13T08:03:32.749+0000] {processor.py:809} INFO - DAG(s) dict_keys(['example_skip_dag']) retrieved from /home/airflow/.local/lib/python3.7/site-packages/airflow/example_dags/example_skip_dag.py
[2023-09-13T08:03:32.889+0000] {logging_mixin.py:149} INFO - [2023-09-13T08:03:32.888+0000] {dag.py:2726} INFO - Sync 1 DAGs
[2023-09-13T08:03:33.033+0000] {logging_mixin.py:149} INFO - [2023-09-13T08:03:33.032+0000] {dag.py:3490} INFO - Setting next_dagrun for example_skip_dag to 2023-09-12T08:03:33.032330+00:00, run_after=2023-09-13T08:03:33.032330+00:00
[2023-09-13T08:03:33.166+0000] {processor.py:178} INFO - Processing /home/airflow/.local/lib/python3.7/site-packages/airflow/example_dags/example_skip_dag.py took 0.470 seconds
[2023-09-13T08:04:03.838+0000] {processor.py:156} INFO - Started process (PID=650) to work on /home/airflow/.local/lib/python3.7/site-packages/airflow/example_dags/example_skip_dag.py
[2023-09-13T08:04:03.843+0000] {processor.py:799} INFO - Processing file /home/airflow/.local/lib/python3.7/site-packages/airflow/example_dags/example_skip_dag.py for tasks to queue
[2023-09-13T08:04:03.846+0000] {logging_mixin.py:149} INFO - [2023-09-13T08:04:03.846+0000] {dagbag.py:541} INFO - Filling up the DagBag from /home/airflow/.local/lib/python3.7/site-packages/airflow/example_dags/example_skip_dag.py
[2023-09-13T08:04:03.874+0000] {processor.py:809} INFO - DAG(s) dict_keys(['example_skip_dag']) retrieved from /home/airflow/.local/lib/python3.7/site-packages/airflow/example_dags/example_skip_dag.py
[2023-09-13T08:04:03.948+0000] {logging_mixin.py:149} INFO - [2023-09-13T08:04:03.947+0000] {dag.py:2726} INFO - Sync 1 DAGs
[2023-09-13T08:04:04.051+0000] {logging_mixin.py:149} INFO - [2023-09-13T08:04:04.051+0000] {dag.py:3490} INFO - Setting next_dagrun for example_skip_dag to 2023-09-12T08:04:04.050884+00:00, run_after=2023-09-13T08:04:04.050884+00:00
[2023-09-13T08:04:04.113+0000] {processor.py:178} INFO - Processing /home/airflow/.local/lib/python3.7/site-packages/airflow/example_dags/example_skip_dag.py took 0.292 seconds
[2023-09-13T08:04:35.462+0000] {processor.py:156} INFO - Started process (PID=710) to work on /home/airflow/.local/lib/python3.7/site-packages/airflow/example_dags/example_skip_dag.py
[2023-09-13T08:04:35.470+0000] {processor.py:799} INFO - Processing file /home/airflow/.local/lib/python3.7/site-packages/airflow/example_dags/example_skip_dag.py for tasks to queue
[2023-09-13T08:04:35.476+0000] {logging_mixin.py:149} INFO - [2023-09-13T08:04:35.474+0000] {dagbag.py:541} INFO - Filling up the DagBag from /home/airflow/.local/lib/python3.7/site-packages/airflow/example_dags/example_skip_dag.py
[2023-09-13T08:04:35.520+0000] {processor.py:809} INFO - DAG(s) dict_keys(['example_skip_dag']) retrieved from /home/airflow/.local/lib/python3.7/site-packages/airflow/example_dags/example_skip_dag.py
[2023-09-13T08:04:35.657+0000] {logging_mixin.py:149} INFO - [2023-09-13T08:04:35.651+0000] {dag.py:2726} INFO - Sync 1 DAGs
[2023-09-13T08:04:35.808+0000] {logging_mixin.py:149} INFO - [2023-09-13T08:04:35.808+0000] {dag.py:3490} INFO - Setting next_dagrun for example_skip_dag to 2023-09-12T08:04:35.803586+00:00, run_after=2023-09-13T08:04:35.803586+00:00
[2023-09-13T08:04:35.942+0000] {processor.py:178} INFO - Processing /home/airflow/.local/lib/python3.7/site-packages/airflow/example_dags/example_skip_dag.py took 0.502 seconds
[2023-09-13T08:05:06.642+0000] {processor.py:156} INFO - Started process (PID=770) to work on /home/airflow/.local/lib/python3.7/site-packages/airflow/example_dags/example_skip_dag.py
[2023-09-13T08:05:06.646+0000] {processor.py:799} INFO - Processing file /home/airflow/.local/lib/python3.7/site-packages/airflow/example_dags/example_skip_dag.py for tasks to queue
[2023-09-13T08:05:06.649+0000] {logging_mixin.py:149} INFO - [2023-09-13T08:05:06.648+0000] {dagbag.py:541} INFO - Filling up the DagBag from /home/airflow/.local/lib/python3.7/site-packages/airflow/example_dags/example_skip_dag.py
[2023-09-13T08:05:06.671+0000] {processor.py:809} INFO - DAG(s) dict_keys(['example_skip_dag']) retrieved from /home/airflow/.local/lib/python3.7/site-packages/airflow/example_dags/example_skip_dag.py
[2023-09-13T08:05:06.803+0000] {logging_mixin.py:149} INFO - [2023-09-13T08:05:06.802+0000] {dag.py:2726} INFO - Sync 1 DAGs
[2023-09-13T08:05:06.938+0000] {logging_mixin.py:149} INFO - [2023-09-13T08:05:06.938+0000] {dag.py:3490} INFO - Setting next_dagrun for example_skip_dag to 2023-09-12T08:05:06.937622+00:00, run_after=2023-09-13T08:05:06.937622+00:00
[2023-09-13T08:05:07.032+0000] {processor.py:178} INFO - Processing /home/airflow/.local/lib/python3.7/site-packages/airflow/example_dags/example_skip_dag.py took 0.406 seconds
[2023-09-13T08:05:38.629+0000] {processor.py:156} INFO - Started process (PID=831) to work on /home/airflow/.local/lib/python3.7/site-packages/airflow/example_dags/example_skip_dag.py
[2023-09-13T08:05:38.632+0000] {processor.py:799} INFO - Processing file /home/airflow/.local/lib/python3.7/site-packages/airflow/example_dags/example_skip_dag.py for tasks to queue
[2023-09-13T08:05:38.639+0000] {logging_mixin.py:149} INFO - [2023-09-13T08:05:38.638+0000] {dagbag.py:541} INFO - Filling up the DagBag from /home/airflow/.local/lib/python3.7/site-packages/airflow/example_dags/example_skip_dag.py
[2023-09-13T08:05:38.681+0000] {processor.py:809} INFO - DAG(s) dict_keys(['example_skip_dag']) retrieved from /home/airflow/.local/lib/python3.7/site-packages/airflow/example_dags/example_skip_dag.py
[2023-09-13T08:05:38.802+0000] {logging_mixin.py:149} INFO - [2023-09-13T08:05:38.801+0000] {dag.py:2726} INFO - Sync 1 DAGs
[2023-09-13T08:05:38.976+0000] {logging_mixin.py:149} INFO - [2023-09-13T08:05:38.975+0000] {dag.py:3490} INFO - Setting next_dagrun for example_skip_dag to 2023-09-12T08:05:38.974730+00:00, run_after=2023-09-13T08:05:38.974730+00:00
[2023-09-13T08:05:39.105+0000] {processor.py:178} INFO - Processing /home/airflow/.local/lib/python3.7/site-packages/airflow/example_dags/example_skip_dag.py took 0.493 seconds
[2023-09-13T08:06:10.686+0000] {processor.py:156} INFO - Started process (PID=891) to work on /home/airflow/.local/lib/python3.7/site-packages/airflow/example_dags/example_skip_dag.py
[2023-09-13T08:06:10.713+0000] {processor.py:799} INFO - Processing file /home/airflow/.local/lib/python3.7/site-packages/airflow/example_dags/example_skip_dag.py for tasks to queue
[2023-09-13T08:06:10.727+0000] {logging_mixin.py:149} INFO - [2023-09-13T08:06:10.727+0000] {dagbag.py:541} INFO - Filling up the DagBag from /home/airflow/.local/lib/python3.7/site-packages/airflow/example_dags/example_skip_dag.py
[2023-09-13T08:06:10.799+0000] {processor.py:809} INFO - DAG(s) dict_keys(['example_skip_dag']) retrieved from /home/airflow/.local/lib/python3.7/site-packages/airflow/example_dags/example_skip_dag.py
[2023-09-13T08:06:10.947+0000] {logging_mixin.py:149} INFO - [2023-09-13T08:06:10.946+0000] {dag.py:2726} INFO - Sync 1 DAGs
[2023-09-13T08:06:11.103+0000] {logging_mixin.py:149} INFO - [2023-09-13T08:06:11.102+0000] {dag.py:3490} INFO - Setting next_dagrun for example_skip_dag to 2023-09-12T08:06:11.102465+00:00, run_after=2023-09-13T08:06:11.102465+00:00
[2023-09-13T08:06:11.230+0000] {processor.py:178} INFO - Processing /home/airflow/.local/lib/python3.7/site-packages/airflow/example_dags/example_skip_dag.py took 0.555 seconds
[2023-09-13T08:06:41.859+0000] {processor.py:156} INFO - Started process (PID=951) to work on /home/airflow/.local/lib/python3.7/site-packages/airflow/example_dags/example_skip_dag.py
[2023-09-13T08:06:41.868+0000] {processor.py:799} INFO - Processing file /home/airflow/.local/lib/python3.7/site-packages/airflow/example_dags/example_skip_dag.py for tasks to queue
[2023-09-13T08:06:41.879+0000] {logging_mixin.py:149} INFO - [2023-09-13T08:06:41.878+0000] {dagbag.py:541} INFO - Filling up the DagBag from /home/airflow/.local/lib/python3.7/site-packages/airflow/example_dags/example_skip_dag.py
[2023-09-13T08:06:41.905+0000] {processor.py:809} INFO - DAG(s) dict_keys(['example_skip_dag']) retrieved from /home/airflow/.local/lib/python3.7/site-packages/airflow/example_dags/example_skip_dag.py
[2023-09-13T08:06:42.032+0000] {logging_mixin.py:149} INFO - [2023-09-13T08:06:42.028+0000] {dag.py:2726} INFO - Sync 1 DAGs
[2023-09-13T08:06:42.149+0000] {logging_mixin.py:149} INFO - [2023-09-13T08:06:42.148+0000] {dag.py:3490} INFO - Setting next_dagrun for example_skip_dag to 2023-09-12T08:06:42.147980+00:00, run_after=2023-09-13T08:06:42.147980+00:00
[2023-09-13T08:06:42.242+0000] {processor.py:178} INFO - Processing /home/airflow/.local/lib/python3.7/site-packages/airflow/example_dags/example_skip_dag.py took 0.400 seconds
[2023-09-13T08:07:12.944+0000] {processor.py:156} INFO - Started process (PID=1012) to work on /home/airflow/.local/lib/python3.7/site-packages/airflow/example_dags/example_skip_dag.py
[2023-09-13T08:07:12.947+0000] {processor.py:799} INFO - Processing file /home/airflow/.local/lib/python3.7/site-packages/airflow/example_dags/example_skip_dag.py for tasks to queue
[2023-09-13T08:07:12.951+0000] {logging_mixin.py:149} INFO - [2023-09-13T08:07:12.951+0000] {dagbag.py:541} INFO - Filling up the DagBag from /home/airflow/.local/lib/python3.7/site-packages/airflow/example_dags/example_skip_dag.py
[2023-09-13T08:07:12.971+0000] {processor.py:809} INFO - DAG(s) dict_keys(['example_skip_dag']) retrieved from /home/airflow/.local/lib/python3.7/site-packages/airflow/example_dags/example_skip_dag.py
[2023-09-13T08:07:13.158+0000] {logging_mixin.py:149} INFO - [2023-09-13T08:07:13.157+0000] {dag.py:2726} INFO - Sync 1 DAGs
[2023-09-13T08:07:13.360+0000] {logging_mixin.py:149} INFO - [2023-09-13T08:07:13.359+0000] {dag.py:3490} INFO - Setting next_dagrun for example_skip_dag to 2023-09-12T08:07:13.357740+00:00, run_after=2023-09-13T08:07:13.357740+00:00
[2023-09-13T08:07:13.536+0000] {processor.py:178} INFO - Processing /home/airflow/.local/lib/python3.7/site-packages/airflow/example_dags/example_skip_dag.py took 0.607 seconds
[2023-09-13T08:07:43.681+0000] {processor.py:156} INFO - Started process (PID=1072) to work on /home/airflow/.local/lib/python3.7/site-packages/airflow/example_dags/example_skip_dag.py
[2023-09-13T08:07:43.684+0000] {processor.py:799} INFO - Processing file /home/airflow/.local/lib/python3.7/site-packages/airflow/example_dags/example_skip_dag.py for tasks to queue
[2023-09-13T08:07:43.689+0000] {logging_mixin.py:149} INFO - [2023-09-13T08:07:43.688+0000] {dagbag.py:541} INFO - Filling up the DagBag from /home/airflow/.local/lib/python3.7/site-packages/airflow/example_dags/example_skip_dag.py
[2023-09-13T08:07:43.710+0000] {processor.py:809} INFO - DAG(s) dict_keys(['example_skip_dag']) retrieved from /home/airflow/.local/lib/python3.7/site-packages/airflow/example_dags/example_skip_dag.py
[2023-09-13T08:07:43.775+0000] {logging_mixin.py:149} INFO - [2023-09-13T08:07:43.775+0000] {dag.py:2726} INFO - Sync 1 DAGs
[2023-09-13T08:07:43.840+0000] {logging_mixin.py:149} INFO - [2023-09-13T08:07:43.840+0000] {dag.py:3490} INFO - Setting next_dagrun for example_skip_dag to 2023-09-12T08:07:43.839913+00:00, run_after=2023-09-13T08:07:43.839913+00:00
[2023-09-13T08:07:43.911+0000] {processor.py:178} INFO - Processing /home/airflow/.local/lib/python3.7/site-packages/airflow/example_dags/example_skip_dag.py took 0.238 seconds
[2023-09-13T08:08:14.290+0000] {processor.py:156} INFO - Started process (PID=1139) to work on /home/airflow/.local/lib/python3.7/site-packages/airflow/example_dags/example_skip_dag.py
[2023-09-13T08:08:14.293+0000] {processor.py:799} INFO - Processing file /home/airflow/.local/lib/python3.7/site-packages/airflow/example_dags/example_skip_dag.py for tasks to queue
[2023-09-13T08:08:14.296+0000] {logging_mixin.py:149} INFO - [2023-09-13T08:08:14.296+0000] {dagbag.py:541} INFO - Filling up the DagBag from /home/airflow/.local/lib/python3.7/site-packages/airflow/example_dags/example_skip_dag.py
[2023-09-13T08:08:14.312+0000] {processor.py:809} INFO - DAG(s) dict_keys(['example_skip_dag']) retrieved from /home/airflow/.local/lib/python3.7/site-packages/airflow/example_dags/example_skip_dag.py
[2023-09-13T08:08:14.369+0000] {logging_mixin.py:149} INFO - [2023-09-13T08:08:14.368+0000] {dag.py:2726} INFO - Sync 1 DAGs
[2023-09-13T08:08:14.435+0000] {logging_mixin.py:149} INFO - [2023-09-13T08:08:14.435+0000] {dag.py:3490} INFO - Setting next_dagrun for example_skip_dag to 2023-09-12T08:08:14.434948+00:00, run_after=2023-09-13T08:08:14.434948+00:00
[2023-09-13T08:08:14.484+0000] {processor.py:178} INFO - Processing /home/airflow/.local/lib/python3.7/site-packages/airflow/example_dags/example_skip_dag.py took 0.201 seconds
[2023-09-13T08:08:45.733+0000] {processor.py:156} INFO - Started process (PID=1199) to work on /home/airflow/.local/lib/python3.7/site-packages/airflow/example_dags/example_skip_dag.py
[2023-09-13T08:08:45.736+0000] {processor.py:799} INFO - Processing file /home/airflow/.local/lib/python3.7/site-packages/airflow/example_dags/example_skip_dag.py for tasks to queue
[2023-09-13T08:08:45.739+0000] {logging_mixin.py:149} INFO - [2023-09-13T08:08:45.739+0000] {dagbag.py:541} INFO - Filling up the DagBag from /home/airflow/.local/lib/python3.7/site-packages/airflow/example_dags/example_skip_dag.py
[2023-09-13T08:08:45.770+0000] {processor.py:809} INFO - DAG(s) dict_keys(['example_skip_dag']) retrieved from /home/airflow/.local/lib/python3.7/site-packages/airflow/example_dags/example_skip_dag.py
[2023-09-13T08:08:45.891+0000] {logging_mixin.py:149} INFO - [2023-09-13T08:08:45.890+0000] {dag.py:2726} INFO - Sync 1 DAGs
[2023-09-13T08:08:46.078+0000] {logging_mixin.py:149} INFO - [2023-09-13T08:08:46.078+0000] {dag.py:3490} INFO - Setting next_dagrun for example_skip_dag to 2023-09-12T08:08:46.067525+00:00, run_after=2023-09-13T08:08:46.067525+00:00
[2023-09-13T08:08:46.246+0000] {processor.py:178} INFO - Processing /home/airflow/.local/lib/python3.7/site-packages/airflow/example_dags/example_skip_dag.py took 0.532 seconds
[2023-09-13T08:09:16.394+0000] {processor.py:156} INFO - Started process (PID=1259) to work on /home/airflow/.local/lib/python3.7/site-packages/airflow/example_dags/example_skip_dag.py
[2023-09-13T08:09:16.397+0000] {processor.py:799} INFO - Processing file /home/airflow/.local/lib/python3.7/site-packages/airflow/example_dags/example_skip_dag.py for tasks to queue
[2023-09-13T08:09:16.400+0000] {logging_mixin.py:149} INFO - [2023-09-13T08:09:16.400+0000] {dagbag.py:541} INFO - Filling up the DagBag from /home/airflow/.local/lib/python3.7/site-packages/airflow/example_dags/example_skip_dag.py
[2023-09-13T08:09:16.419+0000] {processor.py:809} INFO - DAG(s) dict_keys(['example_skip_dag']) retrieved from /home/airflow/.local/lib/python3.7/site-packages/airflow/example_dags/example_skip_dag.py
[2023-09-13T08:09:16.487+0000] {logging_mixin.py:149} INFO - [2023-09-13T08:09:16.485+0000] {dag.py:2726} INFO - Sync 1 DAGs
[2023-09-13T08:09:16.563+0000] {logging_mixin.py:149} INFO - [2023-09-13T08:09:16.562+0000] {dag.py:3490} INFO - Setting next_dagrun for example_skip_dag to 2023-09-12T08:09:16.561987+00:00, run_after=2023-09-13T08:09:16.561987+00:00
[2023-09-13T08:09:16.619+0000] {processor.py:178} INFO - Processing /home/airflow/.local/lib/python3.7/site-packages/airflow/example_dags/example_skip_dag.py took 0.236 seconds
[2023-09-13T08:09:47.032+0000] {processor.py:156} INFO - Started process (PID=1319) to work on /home/airflow/.local/lib/python3.7/site-packages/airflow/example_dags/example_skip_dag.py
[2023-09-13T08:09:47.036+0000] {processor.py:799} INFO - Processing file /home/airflow/.local/lib/python3.7/site-packages/airflow/example_dags/example_skip_dag.py for tasks to queue
[2023-09-13T08:09:47.038+0000] {logging_mixin.py:149} INFO - [2023-09-13T08:09:47.038+0000] {dagbag.py:541} INFO - Filling up the DagBag from /home/airflow/.local/lib/python3.7/site-packages/airflow/example_dags/example_skip_dag.py
[2023-09-13T08:09:47.053+0000] {processor.py:809} INFO - DAG(s) dict_keys(['example_skip_dag']) retrieved from /home/airflow/.local/lib/python3.7/site-packages/airflow/example_dags/example_skip_dag.py
[2023-09-13T08:09:47.115+0000] {logging_mixin.py:149} INFO - [2023-09-13T08:09:47.115+0000] {dag.py:2726} INFO - Sync 1 DAGs
[2023-09-13T08:09:47.187+0000] {logging_mixin.py:149} INFO - [2023-09-13T08:09:47.186+0000] {dag.py:3490} INFO - Setting next_dagrun for example_skip_dag to 2023-09-12T08:09:47.186350+00:00, run_after=2023-09-13T08:09:47.186350+00:00
[2023-09-13T08:09:47.236+0000] {processor.py:178} INFO - Processing /home/airflow/.local/lib/python3.7/site-packages/airflow/example_dags/example_skip_dag.py took 0.210 seconds
[2023-09-13T08:10:17.422+0000] {processor.py:156} INFO - Started process (PID=1379) to work on /home/airflow/.local/lib/python3.7/site-packages/airflow/example_dags/example_skip_dag.py
[2023-09-13T08:10:17.425+0000] {processor.py:799} INFO - Processing file /home/airflow/.local/lib/python3.7/site-packages/airflow/example_dags/example_skip_dag.py for tasks to queue
[2023-09-13T08:10:17.428+0000] {logging_mixin.py:149} INFO - [2023-09-13T08:10:17.427+0000] {dagbag.py:541} INFO - Filling up the DagBag from /home/airflow/.local/lib/python3.7/site-packages/airflow/example_dags/example_skip_dag.py
[2023-09-13T08:10:17.444+0000] {processor.py:809} INFO - DAG(s) dict_keys(['example_skip_dag']) retrieved from /home/airflow/.local/lib/python3.7/site-packages/airflow/example_dags/example_skip_dag.py
[2023-09-13T08:10:17.527+0000] {logging_mixin.py:149} INFO - [2023-09-13T08:10:17.526+0000] {dag.py:2726} INFO - Sync 1 DAGs
[2023-09-13T08:10:17.585+0000] {logging_mixin.py:149} INFO - [2023-09-13T08:10:17.585+0000] {dag.py:3490} INFO - Setting next_dagrun for example_skip_dag to 2023-09-12T08:10:17.585073+00:00, run_after=2023-09-13T08:10:17.585073+00:00
[2023-09-13T08:10:17.631+0000] {processor.py:178} INFO - Processing /home/airflow/.local/lib/python3.7/site-packages/airflow/example_dags/example_skip_dag.py took 0.216 seconds
[2023-09-13T08:10:48.326+0000] {processor.py:156} INFO - Started process (PID=1440) to work on /home/airflow/.local/lib/python3.7/site-packages/airflow/example_dags/example_skip_dag.py
[2023-09-13T08:10:48.329+0000] {processor.py:799} INFO - Processing file /home/airflow/.local/lib/python3.7/site-packages/airflow/example_dags/example_skip_dag.py for tasks to queue
[2023-09-13T08:10:48.331+0000] {logging_mixin.py:149} INFO - [2023-09-13T08:10:48.331+0000] {dagbag.py:541} INFO - Filling up the DagBag from /home/airflow/.local/lib/python3.7/site-packages/airflow/example_dags/example_skip_dag.py
[2023-09-13T08:10:48.353+0000] {processor.py:809} INFO - DAG(s) dict_keys(['example_skip_dag']) retrieved from /home/airflow/.local/lib/python3.7/site-packages/airflow/example_dags/example_skip_dag.py
[2023-09-13T08:10:48.439+0000] {logging_mixin.py:149} INFO - [2023-09-13T08:10:48.439+0000] {dag.py:2726} INFO - Sync 1 DAGs
[2023-09-13T08:10:48.555+0000] {logging_mixin.py:149} INFO - [2023-09-13T08:10:48.555+0000] {dag.py:3490} INFO - Setting next_dagrun for example_skip_dag to 2023-09-12T08:10:48.553562+00:00, run_after=2023-09-13T08:10:48.553562+00:00
[2023-09-13T08:10:48.641+0000] {processor.py:178} INFO - Processing /home/airflow/.local/lib/python3.7/site-packages/airflow/example_dags/example_skip_dag.py took 0.321 seconds
[2023-09-13T08:11:19.180+0000] {processor.py:156} INFO - Started process (PID=1500) to work on /home/airflow/.local/lib/python3.7/site-packages/airflow/example_dags/example_skip_dag.py
[2023-09-13T08:11:19.182+0000] {processor.py:799} INFO - Processing file /home/airflow/.local/lib/python3.7/site-packages/airflow/example_dags/example_skip_dag.py for tasks to queue
[2023-09-13T08:11:19.187+0000] {logging_mixin.py:149} INFO - [2023-09-13T08:11:19.186+0000] {dagbag.py:541} INFO - Filling up the DagBag from /home/airflow/.local/lib/python3.7/site-packages/airflow/example_dags/example_skip_dag.py
[2023-09-13T08:11:19.206+0000] {processor.py:809} INFO - DAG(s) dict_keys(['example_skip_dag']) retrieved from /home/airflow/.local/lib/python3.7/site-packages/airflow/example_dags/example_skip_dag.py
[2023-09-13T08:11:19.284+0000] {logging_mixin.py:149} INFO - [2023-09-13T08:11:19.284+0000] {dag.py:2726} INFO - Sync 1 DAGs
[2023-09-13T08:11:19.346+0000] {logging_mixin.py:149} INFO - [2023-09-13T08:11:19.345+0000] {dag.py:3490} INFO - Setting next_dagrun for example_skip_dag to 2023-09-12T08:11:19.344955+00:00, run_after=2023-09-13T08:11:19.344955+00:00
[2023-09-13T08:11:19.396+0000] {processor.py:178} INFO - Processing /home/airflow/.local/lib/python3.7/site-packages/airflow/example_dags/example_skip_dag.py took 0.225 seconds
[2023-09-13T08:11:50.061+0000] {processor.py:156} INFO - Started process (PID=1560) to work on /home/airflow/.local/lib/python3.7/site-packages/airflow/example_dags/example_skip_dag.py
[2023-09-13T08:11:50.064+0000] {processor.py:799} INFO - Processing file /home/airflow/.local/lib/python3.7/site-packages/airflow/example_dags/example_skip_dag.py for tasks to queue
[2023-09-13T08:11:50.067+0000] {logging_mixin.py:149} INFO - [2023-09-13T08:11:50.066+0000] {dagbag.py:541} INFO - Filling up the DagBag from /home/airflow/.local/lib/python3.7/site-packages/airflow/example_dags/example_skip_dag.py
[2023-09-13T08:11:50.092+0000] {processor.py:809} INFO - DAG(s) dict_keys(['example_skip_dag']) retrieved from /home/airflow/.local/lib/python3.7/site-packages/airflow/example_dags/example_skip_dag.py
[2023-09-13T08:11:50.171+0000] {logging_mixin.py:149} INFO - [2023-09-13T08:11:50.171+0000] {dag.py:2726} INFO - Sync 1 DAGs
[2023-09-13T08:11:50.263+0000] {logging_mixin.py:149} INFO - [2023-09-13T08:11:50.262+0000] {dag.py:3490} INFO - Setting next_dagrun for example_skip_dag to 2023-09-12T08:11:50.262253+00:00, run_after=2023-09-13T08:11:50.262253+00:00
[2023-09-13T08:11:50.321+0000] {processor.py:178} INFO - Processing /home/airflow/.local/lib/python3.7/site-packages/airflow/example_dags/example_skip_dag.py took 0.268 seconds
[2023-09-13T08:12:20.886+0000] {processor.py:156} INFO - Started process (PID=1620) to work on /home/airflow/.local/lib/python3.7/site-packages/airflow/example_dags/example_skip_dag.py
[2023-09-13T08:12:20.889+0000] {processor.py:799} INFO - Processing file /home/airflow/.local/lib/python3.7/site-packages/airflow/example_dags/example_skip_dag.py for tasks to queue
[2023-09-13T08:12:20.891+0000] {logging_mixin.py:149} INFO - [2023-09-13T08:12:20.890+0000] {dagbag.py:541} INFO - Filling up the DagBag from /home/airflow/.local/lib/python3.7/site-packages/airflow/example_dags/example_skip_dag.py
[2023-09-13T08:12:20.903+0000] {processor.py:809} INFO - DAG(s) dict_keys(['example_skip_dag']) retrieved from /home/airflow/.local/lib/python3.7/site-packages/airflow/example_dags/example_skip_dag.py
[2023-09-13T08:12:20.949+0000] {logging_mixin.py:149} INFO - [2023-09-13T08:12:20.948+0000] {dag.py:2726} INFO - Sync 1 DAGs
[2023-09-13T08:12:21.002+0000] {logging_mixin.py:149} INFO - [2023-09-13T08:12:21.001+0000] {dag.py:3490} INFO - Setting next_dagrun for example_skip_dag to 2023-09-12T08:12:21.000824+00:00, run_after=2023-09-13T08:12:21.000824+00:00
[2023-09-13T08:12:21.051+0000] {processor.py:178} INFO - Processing /home/airflow/.local/lib/python3.7/site-packages/airflow/example_dags/example_skip_dag.py took 0.170 seconds
[2023-09-13T08:12:51.488+0000] {processor.py:156} INFO - Started process (PID=1679) to work on /home/airflow/.local/lib/python3.7/site-packages/airflow/example_dags/example_skip_dag.py
[2023-09-13T08:12:51.495+0000] {processor.py:799} INFO - Processing file /home/airflow/.local/lib/python3.7/site-packages/airflow/example_dags/example_skip_dag.py for tasks to queue
[2023-09-13T08:12:51.499+0000] {logging_mixin.py:149} INFO - [2023-09-13T08:12:51.498+0000] {dagbag.py:541} INFO - Filling up the DagBag from /home/airflow/.local/lib/python3.7/site-packages/airflow/example_dags/example_skip_dag.py
[2023-09-13T08:12:51.535+0000] {processor.py:809} INFO - DAG(s) dict_keys(['example_skip_dag']) retrieved from /home/airflow/.local/lib/python3.7/site-packages/airflow/example_dags/example_skip_dag.py
[2023-09-13T08:12:51.652+0000] {logging_mixin.py:149} INFO - [2023-09-13T08:12:51.651+0000] {dag.py:2726} INFO - Sync 1 DAGs
[2023-09-13T08:12:51.754+0000] {logging_mixin.py:149} INFO - [2023-09-13T08:12:51.753+0000] {dag.py:3490} INFO - Setting next_dagrun for example_skip_dag to 2023-09-12T08:12:51.753249+00:00, run_after=2023-09-13T08:12:51.753249+00:00
[2023-09-13T08:12:51.834+0000] {processor.py:178} INFO - Processing /home/airflow/.local/lib/python3.7/site-packages/airflow/example_dags/example_skip_dag.py took 0.355 seconds
[2023-09-13T09:26:09.444+0000] {processor.py:156} INFO - Started process (PID=43) to work on /home/airflow/.local/lib/python3.7/site-packages/airflow/example_dags/example_skip_dag.py
[2023-09-13T09:26:09.446+0000] {processor.py:799} INFO - Processing file /home/airflow/.local/lib/python3.7/site-packages/airflow/example_dags/example_skip_dag.py for tasks to queue
[2023-09-13T09:26:09.447+0000] {logging_mixin.py:149} INFO - [2023-09-13T09:26:09.447+0000] {dagbag.py:541} INFO - Filling up the DagBag from /home/airflow/.local/lib/python3.7/site-packages/airflow/example_dags/example_skip_dag.py
[2023-09-13T09:26:09.459+0000] {processor.py:809} INFO - DAG(s) dict_keys(['example_skip_dag']) retrieved from /home/airflow/.local/lib/python3.7/site-packages/airflow/example_dags/example_skip_dag.py
[2023-09-13T09:26:09.499+0000] {logging_mixin.py:149} INFO - [2023-09-13T09:26:09.498+0000] {dag.py:2726} INFO - Sync 1 DAGs
[2023-09-13T09:26:09.538+0000] {logging_mixin.py:149} INFO - [2023-09-13T09:26:09.538+0000] {dag.py:3490} INFO - Setting next_dagrun for example_skip_dag to 2023-09-12T09:26:09.538118+00:00, run_after=2023-09-13T09:26:09.538118+00:00
[2023-09-13T09:26:09.568+0000] {processor.py:178} INFO - Processing /home/airflow/.local/lib/python3.7/site-packages/airflow/example_dags/example_skip_dag.py took 0.127 seconds
