[2023-09-13T07:58:54.998+0000] {processor.py:156} INFO - Started process (PID=64) to work on /home/airflow/.local/lib/python3.7/site-packages/airflow/example_dags/example_branch_operator.py
[2023-09-13T07:58:55.004+0000] {processor.py:799} INFO - Processing file /home/airflow/.local/lib/python3.7/site-packages/airflow/example_dags/example_branch_operator.py for tasks to queue
[2023-09-13T07:58:55.007+0000] {logging_mixin.py:149} INFO - [2023-09-13T07:58:55.006+0000] {dagbag.py:541} INFO - Filling up the DagBag from /home/airflow/.local/lib/python3.7/site-packages/airflow/example_dags/example_branch_operator.py
[2023-09-13T07:58:55.054+0000] {processor.py:809} INFO - DAG(s) dict_keys(['example_branch_operator']) retrieved from /home/airflow/.local/lib/python3.7/site-packages/airflow/example_dags/example_branch_operator.py
[2023-09-13T07:58:55.165+0000] {logging_mixin.py:149} INFO - [2023-09-13T07:58:55.164+0000] {dag.py:2726} INFO - Sync 1 DAGs
[2023-09-13T07:58:55.238+0000] {logging_mixin.py:149} INFO - [2023-09-13T07:58:55.237+0000] {dag.py:3490} INFO - Setting next_dagrun for example_branch_operator to 2023-09-12T00:00:00+00:00, run_after=2023-09-13T00:00:00+00:00
[2023-09-13T07:58:55.291+0000] {processor.py:178} INFO - Processing /home/airflow/.local/lib/python3.7/site-packages/airflow/example_dags/example_branch_operator.py took 0.302 seconds
[2023-09-13T07:59:25.446+0000] {processor.py:156} INFO - Started process (PID=124) to work on /home/airflow/.local/lib/python3.7/site-packages/airflow/example_dags/example_branch_operator.py
[2023-09-13T07:59:25.448+0000] {processor.py:799} INFO - Processing file /home/airflow/.local/lib/python3.7/site-packages/airflow/example_dags/example_branch_operator.py for tasks to queue
[2023-09-13T07:59:25.451+0000] {logging_mixin.py:149} INFO - [2023-09-13T07:59:25.450+0000] {dagbag.py:541} INFO - Filling up the DagBag from /home/airflow/.local/lib/python3.7/site-packages/airflow/example_dags/example_branch_operator.py
[2023-09-13T07:59:25.469+0000] {processor.py:809} INFO - DAG(s) dict_keys(['example_branch_operator']) retrieved from /home/airflow/.local/lib/python3.7/site-packages/airflow/example_dags/example_branch_operator.py
[2023-09-13T07:59:25.527+0000] {logging_mixin.py:149} INFO - [2023-09-13T07:59:25.526+0000] {dag.py:2726} INFO - Sync 1 DAGs
[2023-09-13T07:59:25.579+0000] {logging_mixin.py:149} INFO - [2023-09-13T07:59:25.579+0000] {dag.py:3490} INFO - Setting next_dagrun for example_branch_operator to 2023-09-12T00:00:00+00:00, run_after=2023-09-13T00:00:00+00:00
[2023-09-13T07:59:25.624+0000] {processor.py:178} INFO - Processing /home/airflow/.local/lib/python3.7/site-packages/airflow/example_dags/example_branch_operator.py took 0.185 seconds
[2023-09-13T07:59:58.134+0000] {processor.py:156} INFO - Started process (PID=184) to work on /home/airflow/.local/lib/python3.7/site-packages/airflow/example_dags/example_branch_operator.py
[2023-09-13T07:59:58.137+0000] {processor.py:799} INFO - Processing file /home/airflow/.local/lib/python3.7/site-packages/airflow/example_dags/example_branch_operator.py for tasks to queue
[2023-09-13T07:59:58.139+0000] {logging_mixin.py:149} INFO - [2023-09-13T07:59:58.139+0000] {dagbag.py:541} INFO - Filling up the DagBag from /home/airflow/.local/lib/python3.7/site-packages/airflow/example_dags/example_branch_operator.py
[2023-09-13T07:59:58.159+0000] {processor.py:809} INFO - DAG(s) dict_keys(['example_branch_operator']) retrieved from /home/airflow/.local/lib/python3.7/site-packages/airflow/example_dags/example_branch_operator.py
[2023-09-13T07:59:58.217+0000] {logging_mixin.py:149} INFO - [2023-09-13T07:59:58.216+0000] {dag.py:2726} INFO - Sync 1 DAGs
[2023-09-13T07:59:58.466+0000] {logging_mixin.py:149} INFO - [2023-09-13T07:59:58.466+0000] {dag.py:3490} INFO - Setting next_dagrun for example_branch_operator to 2023-09-12T00:00:00+00:00, run_after=2023-09-13T00:00:00+00:00
[2023-09-13T07:59:58.507+0000] {processor.py:178} INFO - Processing /home/airflow/.local/lib/python3.7/site-packages/airflow/example_dags/example_branch_operator.py took 0.379 seconds
[2023-09-13T08:00:29.402+0000] {processor.py:156} INFO - Started process (PID=244) to work on /home/airflow/.local/lib/python3.7/site-packages/airflow/example_dags/example_branch_operator.py
[2023-09-13T08:00:29.407+0000] {processor.py:799} INFO - Processing file /home/airflow/.local/lib/python3.7/site-packages/airflow/example_dags/example_branch_operator.py for tasks to queue
[2023-09-13T08:00:29.412+0000] {logging_mixin.py:149} INFO - [2023-09-13T08:00:29.411+0000] {dagbag.py:541} INFO - Filling up the DagBag from /home/airflow/.local/lib/python3.7/site-packages/airflow/example_dags/example_branch_operator.py
[2023-09-13T08:00:29.447+0000] {processor.py:809} INFO - DAG(s) dict_keys(['example_branch_operator']) retrieved from /home/airflow/.local/lib/python3.7/site-packages/airflow/example_dags/example_branch_operator.py
[2023-09-13T08:00:29.534+0000] {logging_mixin.py:149} INFO - [2023-09-13T08:00:29.533+0000] {dag.py:2726} INFO - Sync 1 DAGs
[2023-09-13T08:00:29.635+0000] {logging_mixin.py:149} INFO - [2023-09-13T08:00:29.634+0000] {dag.py:3490} INFO - Setting next_dagrun for example_branch_operator to 2023-09-12T00:00:00+00:00, run_after=2023-09-13T00:00:00+00:00
[2023-09-13T08:00:29.723+0000] {processor.py:178} INFO - Processing /home/airflow/.local/lib/python3.7/site-packages/airflow/example_dags/example_branch_operator.py took 0.332 seconds
[2023-09-13T08:01:01.880+0000] {processor.py:156} INFO - Started process (PID=304) to work on /home/airflow/.local/lib/python3.7/site-packages/airflow/example_dags/example_branch_operator.py
[2023-09-13T08:01:01.885+0000] {processor.py:799} INFO - Processing file /home/airflow/.local/lib/python3.7/site-packages/airflow/example_dags/example_branch_operator.py for tasks to queue
[2023-09-13T08:01:01.894+0000] {logging_mixin.py:149} INFO - [2023-09-13T08:01:01.894+0000] {dagbag.py:541} INFO - Filling up the DagBag from /home/airflow/.local/lib/python3.7/site-packages/airflow/example_dags/example_branch_operator.py
[2023-09-13T08:01:01.926+0000] {processor.py:809} INFO - DAG(s) dict_keys(['example_branch_operator']) retrieved from /home/airflow/.local/lib/python3.7/site-packages/airflow/example_dags/example_branch_operator.py
[2023-09-13T08:01:02.079+0000] {logging_mixin.py:149} INFO - [2023-09-13T08:01:02.078+0000] {dag.py:2726} INFO - Sync 1 DAGs
[2023-09-13T08:01:02.232+0000] {logging_mixin.py:149} INFO - [2023-09-13T08:01:02.231+0000] {dag.py:3490} INFO - Setting next_dagrun for example_branch_operator to 2023-09-12T00:00:00+00:00, run_after=2023-09-13T00:00:00+00:00
[2023-09-13T08:01:02.391+0000] {processor.py:178} INFO - Processing /home/airflow/.local/lib/python3.7/site-packages/airflow/example_dags/example_branch_operator.py took 0.517 seconds
[2023-09-13T08:01:32.843+0000] {processor.py:156} INFO - Started process (PID=364) to work on /home/airflow/.local/lib/python3.7/site-packages/airflow/example_dags/example_branch_operator.py
[2023-09-13T08:01:32.856+0000] {processor.py:799} INFO - Processing file /home/airflow/.local/lib/python3.7/site-packages/airflow/example_dags/example_branch_operator.py for tasks to queue
[2023-09-13T08:01:32.860+0000] {logging_mixin.py:149} INFO - [2023-09-13T08:01:32.860+0000] {dagbag.py:541} INFO - Filling up the DagBag from /home/airflow/.local/lib/python3.7/site-packages/airflow/example_dags/example_branch_operator.py
[2023-09-13T08:01:32.924+0000] {processor.py:809} INFO - DAG(s) dict_keys(['example_branch_operator']) retrieved from /home/airflow/.local/lib/python3.7/site-packages/airflow/example_dags/example_branch_operator.py
[2023-09-13T08:01:33.124+0000] {logging_mixin.py:149} INFO - [2023-09-13T08:01:33.123+0000] {dag.py:2726} INFO - Sync 1 DAGs
[2023-09-13T08:01:33.311+0000] {logging_mixin.py:149} INFO - [2023-09-13T08:01:33.310+0000] {dag.py:3490} INFO - Setting next_dagrun for example_branch_operator to 2023-09-12T00:00:00+00:00, run_after=2023-09-13T00:00:00+00:00
[2023-09-13T08:01:33.459+0000] {processor.py:178} INFO - Processing /home/airflow/.local/lib/python3.7/site-packages/airflow/example_dags/example_branch_operator.py took 0.634 seconds
[2023-09-13T08:02:04.385+0000] {processor.py:156} INFO - Started process (PID=424) to work on /home/airflow/.local/lib/python3.7/site-packages/airflow/example_dags/example_branch_operator.py
[2023-09-13T08:02:04.388+0000] {processor.py:799} INFO - Processing file /home/airflow/.local/lib/python3.7/site-packages/airflow/example_dags/example_branch_operator.py for tasks to queue
[2023-09-13T08:02:04.391+0000] {logging_mixin.py:149} INFO - [2023-09-13T08:02:04.390+0000] {dagbag.py:541} INFO - Filling up the DagBag from /home/airflow/.local/lib/python3.7/site-packages/airflow/example_dags/example_branch_operator.py
[2023-09-13T08:02:04.420+0000] {processor.py:809} INFO - DAG(s) dict_keys(['example_branch_operator']) retrieved from /home/airflow/.local/lib/python3.7/site-packages/airflow/example_dags/example_branch_operator.py
[2023-09-13T08:02:04.514+0000] {logging_mixin.py:149} INFO - [2023-09-13T08:02:04.514+0000] {dag.py:2726} INFO - Sync 1 DAGs
[2023-09-13T08:02:04.603+0000] {logging_mixin.py:149} INFO - [2023-09-13T08:02:04.602+0000] {dag.py:3490} INFO - Setting next_dagrun for example_branch_operator to 2023-09-12T00:00:00+00:00, run_after=2023-09-13T00:00:00+00:00
[2023-09-13T08:02:04.659+0000] {processor.py:178} INFO - Processing /home/airflow/.local/lib/python3.7/site-packages/airflow/example_dags/example_branch_operator.py took 0.283 seconds
[2023-09-13T08:02:35.056+0000] {processor.py:156} INFO - Started process (PID=484) to work on /home/airflow/.local/lib/python3.7/site-packages/airflow/example_dags/example_branch_operator.py
[2023-09-13T08:02:35.062+0000] {processor.py:799} INFO - Processing file /home/airflow/.local/lib/python3.7/site-packages/airflow/example_dags/example_branch_operator.py for tasks to queue
[2023-09-13T08:02:35.067+0000] {logging_mixin.py:149} INFO - [2023-09-13T08:02:35.065+0000] {dagbag.py:541} INFO - Filling up the DagBag from /home/airflow/.local/lib/python3.7/site-packages/airflow/example_dags/example_branch_operator.py
[2023-09-13T08:02:35.114+0000] {processor.py:809} INFO - DAG(s) dict_keys(['example_branch_operator']) retrieved from /home/airflow/.local/lib/python3.7/site-packages/airflow/example_dags/example_branch_operator.py
[2023-09-13T08:02:35.243+0000] {logging_mixin.py:149} INFO - [2023-09-13T08:02:35.241+0000] {dag.py:2726} INFO - Sync 1 DAGs
[2023-09-13T08:02:35.306+0000] {logging_mixin.py:149} INFO - [2023-09-13T08:02:35.306+0000] {dag.py:3490} INFO - Setting next_dagrun for example_branch_operator to 2023-09-12T00:00:00+00:00, run_after=2023-09-13T00:00:00+00:00
[2023-09-13T08:02:35.353+0000] {processor.py:178} INFO - Processing /home/airflow/.local/lib/python3.7/site-packages/airflow/example_dags/example_branch_operator.py took 0.307 seconds
[2023-09-13T08:03:08.266+0000] {processor.py:156} INFO - Started process (PID=544) to work on /home/airflow/.local/lib/python3.7/site-packages/airflow/example_dags/example_branch_operator.py
[2023-09-13T08:03:08.274+0000] {processor.py:799} INFO - Processing file /home/airflow/.local/lib/python3.7/site-packages/airflow/example_dags/example_branch_operator.py for tasks to queue
[2023-09-13T08:03:08.279+0000] {logging_mixin.py:149} INFO - [2023-09-13T08:03:08.278+0000] {dagbag.py:541} INFO - Filling up the DagBag from /home/airflow/.local/lib/python3.7/site-packages/airflow/example_dags/example_branch_operator.py
[2023-09-13T08:03:08.322+0000] {processor.py:809} INFO - DAG(s) dict_keys(['example_branch_operator']) retrieved from /home/airflow/.local/lib/python3.7/site-packages/airflow/example_dags/example_branch_operator.py
[2023-09-13T08:03:08.428+0000] {logging_mixin.py:149} INFO - [2023-09-13T08:03:08.428+0000] {dag.py:2726} INFO - Sync 1 DAGs
[2023-09-13T08:03:08.548+0000] {logging_mixin.py:149} INFO - [2023-09-13T08:03:08.547+0000] {dag.py:3490} INFO - Setting next_dagrun for example_branch_operator to 2023-09-12T00:00:00+00:00, run_after=2023-09-13T00:00:00+00:00
[2023-09-13T08:03:08.640+0000] {processor.py:178} INFO - Processing /home/airflow/.local/lib/python3.7/site-packages/airflow/example_dags/example_branch_operator.py took 0.387 seconds
[2023-09-13T08:03:39.818+0000] {processor.py:156} INFO - Started process (PID=604) to work on /home/airflow/.local/lib/python3.7/site-packages/airflow/example_dags/example_branch_operator.py
[2023-09-13T08:03:39.827+0000] {processor.py:799} INFO - Processing file /home/airflow/.local/lib/python3.7/site-packages/airflow/example_dags/example_branch_operator.py for tasks to queue
[2023-09-13T08:03:39.848+0000] {logging_mixin.py:149} INFO - [2023-09-13T08:03:39.848+0000] {dagbag.py:541} INFO - Filling up the DagBag from /home/airflow/.local/lib/python3.7/site-packages/airflow/example_dags/example_branch_operator.py
[2023-09-13T08:03:39.926+0000] {processor.py:809} INFO - DAG(s) dict_keys(['example_branch_operator']) retrieved from /home/airflow/.local/lib/python3.7/site-packages/airflow/example_dags/example_branch_operator.py
[2023-09-13T08:03:40.067+0000] {logging_mixin.py:149} INFO - [2023-09-13T08:03:40.067+0000] {dag.py:2726} INFO - Sync 1 DAGs
[2023-09-13T08:03:40.251+0000] {logging_mixin.py:149} INFO - [2023-09-13T08:03:40.250+0000] {dag.py:3490} INFO - Setting next_dagrun for example_branch_operator to 2023-09-12T00:00:00+00:00, run_after=2023-09-13T00:00:00+00:00
[2023-09-13T08:03:40.397+0000] {processor.py:178} INFO - Processing /home/airflow/.local/lib/python3.7/site-packages/airflow/example_dags/example_branch_operator.py took 0.611 seconds
[2023-09-13T08:04:11.464+0000] {processor.py:156} INFO - Started process (PID=665) to work on /home/airflow/.local/lib/python3.7/site-packages/airflow/example_dags/example_branch_operator.py
[2023-09-13T08:04:11.467+0000] {processor.py:799} INFO - Processing file /home/airflow/.local/lib/python3.7/site-packages/airflow/example_dags/example_branch_operator.py for tasks to queue
[2023-09-13T08:04:11.469+0000] {logging_mixin.py:149} INFO - [2023-09-13T08:04:11.469+0000] {dagbag.py:541} INFO - Filling up the DagBag from /home/airflow/.local/lib/python3.7/site-packages/airflow/example_dags/example_branch_operator.py
[2023-09-13T08:04:11.508+0000] {processor.py:809} INFO - DAG(s) dict_keys(['example_branch_operator']) retrieved from /home/airflow/.local/lib/python3.7/site-packages/airflow/example_dags/example_branch_operator.py
[2023-09-13T08:04:11.590+0000] {logging_mixin.py:149} INFO - [2023-09-13T08:04:11.589+0000] {dag.py:2726} INFO - Sync 1 DAGs
[2023-09-13T08:04:11.682+0000] {logging_mixin.py:149} INFO - [2023-09-13T08:04:11.682+0000] {dag.py:3490} INFO - Setting next_dagrun for example_branch_operator to 2023-09-12T00:00:00+00:00, run_after=2023-09-13T00:00:00+00:00
[2023-09-13T08:04:11.758+0000] {processor.py:178} INFO - Processing /home/airflow/.local/lib/python3.7/site-packages/airflow/example_dags/example_branch_operator.py took 0.307 seconds
[2023-09-13T08:04:42.310+0000] {processor.py:156} INFO - Started process (PID=727) to work on /home/airflow/.local/lib/python3.7/site-packages/airflow/example_dags/example_branch_operator.py
[2023-09-13T08:04:42.314+0000] {processor.py:799} INFO - Processing file /home/airflow/.local/lib/python3.7/site-packages/airflow/example_dags/example_branch_operator.py for tasks to queue
[2023-09-13T08:04:42.319+0000] {logging_mixin.py:149} INFO - [2023-09-13T08:04:42.319+0000] {dagbag.py:541} INFO - Filling up the DagBag from /home/airflow/.local/lib/python3.7/site-packages/airflow/example_dags/example_branch_operator.py
[2023-09-13T08:04:42.354+0000] {processor.py:809} INFO - DAG(s) dict_keys(['example_branch_operator']) retrieved from /home/airflow/.local/lib/python3.7/site-packages/airflow/example_dags/example_branch_operator.py
[2023-09-13T08:04:42.437+0000] {logging_mixin.py:149} INFO - [2023-09-13T08:04:42.437+0000] {dag.py:2726} INFO - Sync 1 DAGs
[2023-09-13T08:04:42.517+0000] {logging_mixin.py:149} INFO - [2023-09-13T08:04:42.517+0000] {dag.py:3490} INFO - Setting next_dagrun for example_branch_operator to 2023-09-12T00:00:00+00:00, run_after=2023-09-13T00:00:00+00:00
[2023-09-13T08:04:42.593+0000] {processor.py:178} INFO - Processing /home/airflow/.local/lib/python3.7/site-packages/airflow/example_dags/example_branch_operator.py took 0.289 seconds
[2023-09-13T08:05:13.253+0000] {processor.py:156} INFO - Started process (PID=793) to work on /home/airflow/.local/lib/python3.7/site-packages/airflow/example_dags/example_branch_operator.py
[2023-09-13T08:05:13.258+0000] {processor.py:799} INFO - Processing file /home/airflow/.local/lib/python3.7/site-packages/airflow/example_dags/example_branch_operator.py for tasks to queue
[2023-09-13T08:05:13.263+0000] {logging_mixin.py:149} INFO - [2023-09-13T08:05:13.262+0000] {dagbag.py:541} INFO - Filling up the DagBag from /home/airflow/.local/lib/python3.7/site-packages/airflow/example_dags/example_branch_operator.py
[2023-09-13T08:05:13.314+0000] {processor.py:809} INFO - DAG(s) dict_keys(['example_branch_operator']) retrieved from /home/airflow/.local/lib/python3.7/site-packages/airflow/example_dags/example_branch_operator.py
[2023-09-13T08:05:13.468+0000] {logging_mixin.py:149} INFO - [2023-09-13T08:05:13.467+0000] {dag.py:2726} INFO - Sync 1 DAGs
[2023-09-13T08:05:13.561+0000] {logging_mixin.py:149} INFO - [2023-09-13T08:05:13.560+0000] {dag.py:3490} INFO - Setting next_dagrun for example_branch_operator to 2023-09-12T00:00:00+00:00, run_after=2023-09-13T00:00:00+00:00
[2023-09-13T08:05:13.630+0000] {processor.py:178} INFO - Processing /home/airflow/.local/lib/python3.7/site-packages/airflow/example_dags/example_branch_operator.py took 0.386 seconds
[2023-09-13T08:05:47.874+0000] {processor.py:156} INFO - Started process (PID=853) to work on /home/airflow/.local/lib/python3.7/site-packages/airflow/example_dags/example_branch_operator.py
[2023-09-13T08:05:47.895+0000] {processor.py:799} INFO - Processing file /home/airflow/.local/lib/python3.7/site-packages/airflow/example_dags/example_branch_operator.py for tasks to queue
[2023-09-13T08:05:47.912+0000] {logging_mixin.py:149} INFO - [2023-09-13T08:05:47.911+0000] {dagbag.py:541} INFO - Filling up the DagBag from /home/airflow/.local/lib/python3.7/site-packages/airflow/example_dags/example_branch_operator.py
[2023-09-13T08:05:47.986+0000] {processor.py:809} INFO - DAG(s) dict_keys(['example_branch_operator']) retrieved from /home/airflow/.local/lib/python3.7/site-packages/airflow/example_dags/example_branch_operator.py
[2023-09-13T08:05:48.141+0000] {logging_mixin.py:149} INFO - [2023-09-13T08:05:48.141+0000] {dag.py:2726} INFO - Sync 1 DAGs
[2023-09-13T08:05:48.343+0000] {logging_mixin.py:149} INFO - [2023-09-13T08:05:48.342+0000] {dag.py:3490} INFO - Setting next_dagrun for example_branch_operator to 2023-09-12T00:00:00+00:00, run_after=2023-09-13T00:00:00+00:00
[2023-09-13T08:05:48.506+0000] {processor.py:178} INFO - Processing /home/airflow/.local/lib/python3.7/site-packages/airflow/example_dags/example_branch_operator.py took 0.651 seconds
[2023-09-13T08:06:18.799+0000] {processor.py:156} INFO - Started process (PID=913) to work on /home/airflow/.local/lib/python3.7/site-packages/airflow/example_dags/example_branch_operator.py
[2023-09-13T08:06:18.802+0000] {processor.py:799} INFO - Processing file /home/airflow/.local/lib/python3.7/site-packages/airflow/example_dags/example_branch_operator.py for tasks to queue
[2023-09-13T08:06:18.805+0000] {logging_mixin.py:149} INFO - [2023-09-13T08:06:18.805+0000] {dagbag.py:541} INFO - Filling up the DagBag from /home/airflow/.local/lib/python3.7/site-packages/airflow/example_dags/example_branch_operator.py
[2023-09-13T08:06:18.832+0000] {processor.py:809} INFO - DAG(s) dict_keys(['example_branch_operator']) retrieved from /home/airflow/.local/lib/python3.7/site-packages/airflow/example_dags/example_branch_operator.py
[2023-09-13T08:06:18.897+0000] {logging_mixin.py:149} INFO - [2023-09-13T08:06:18.897+0000] {dag.py:2726} INFO - Sync 1 DAGs
[2023-09-13T08:06:18.960+0000] {logging_mixin.py:149} INFO - [2023-09-13T08:06:18.960+0000] {dag.py:3490} INFO - Setting next_dagrun for example_branch_operator to 2023-09-12T00:00:00+00:00, run_after=2023-09-13T00:00:00+00:00
[2023-09-13T08:06:19.012+0000] {processor.py:178} INFO - Processing /home/airflow/.local/lib/python3.7/site-packages/airflow/example_dags/example_branch_operator.py took 0.225 seconds
[2023-09-13T08:06:49.792+0000] {processor.py:156} INFO - Started process (PID=973) to work on /home/airflow/.local/lib/python3.7/site-packages/airflow/example_dags/example_branch_operator.py
[2023-09-13T08:06:49.796+0000] {processor.py:799} INFO - Processing file /home/airflow/.local/lib/python3.7/site-packages/airflow/example_dags/example_branch_operator.py for tasks to queue
[2023-09-13T08:06:49.800+0000] {logging_mixin.py:149} INFO - [2023-09-13T08:06:49.800+0000] {dagbag.py:541} INFO - Filling up the DagBag from /home/airflow/.local/lib/python3.7/site-packages/airflow/example_dags/example_branch_operator.py
[2023-09-13T08:06:49.835+0000] {processor.py:809} INFO - DAG(s) dict_keys(['example_branch_operator']) retrieved from /home/airflow/.local/lib/python3.7/site-packages/airflow/example_dags/example_branch_operator.py
[2023-09-13T08:06:49.940+0000] {logging_mixin.py:149} INFO - [2023-09-13T08:06:49.939+0000] {dag.py:2726} INFO - Sync 1 DAGs
[2023-09-13T08:06:50.077+0000] {logging_mixin.py:149} INFO - [2023-09-13T08:06:50.077+0000] {dag.py:3490} INFO - Setting next_dagrun for example_branch_operator to 2023-09-12T00:00:00+00:00, run_after=2023-09-13T00:00:00+00:00
[2023-09-13T08:06:50.184+0000] {processor.py:178} INFO - Processing /home/airflow/.local/lib/python3.7/site-packages/airflow/example_dags/example_branch_operator.py took 0.403 seconds
[2023-09-13T08:07:20.540+0000] {processor.py:156} INFO - Started process (PID=1032) to work on /home/airflow/.local/lib/python3.7/site-packages/airflow/example_dags/example_branch_operator.py
[2023-09-13T08:07:20.546+0000] {processor.py:799} INFO - Processing file /home/airflow/.local/lib/python3.7/site-packages/airflow/example_dags/example_branch_operator.py for tasks to queue
[2023-09-13T08:07:20.550+0000] {logging_mixin.py:149} INFO - [2023-09-13T08:07:20.549+0000] {dagbag.py:541} INFO - Filling up the DagBag from /home/airflow/.local/lib/python3.7/site-packages/airflow/example_dags/example_branch_operator.py
[2023-09-13T08:07:20.572+0000] {processor.py:809} INFO - DAG(s) dict_keys(['example_branch_operator']) retrieved from /home/airflow/.local/lib/python3.7/site-packages/airflow/example_dags/example_branch_operator.py
[2023-09-13T08:07:20.635+0000] {logging_mixin.py:149} INFO - [2023-09-13T08:07:20.635+0000] {dag.py:2726} INFO - Sync 1 DAGs
[2023-09-13T08:07:20.705+0000] {logging_mixin.py:149} INFO - [2023-09-13T08:07:20.704+0000] {dag.py:3490} INFO - Setting next_dagrun for example_branch_operator to 2023-09-12T00:00:00+00:00, run_after=2023-09-13T00:00:00+00:00
[2023-09-13T08:07:20.774+0000] {processor.py:178} INFO - Processing /home/airflow/.local/lib/python3.7/site-packages/airflow/example_dags/example_branch_operator.py took 0.243 seconds
[2023-09-13T08:07:50.920+0000] {processor.py:156} INFO - Started process (PID=1092) to work on /home/airflow/.local/lib/python3.7/site-packages/airflow/example_dags/example_branch_operator.py
[2023-09-13T08:07:50.923+0000] {processor.py:799} INFO - Processing file /home/airflow/.local/lib/python3.7/site-packages/airflow/example_dags/example_branch_operator.py for tasks to queue
[2023-09-13T08:07:50.926+0000] {logging_mixin.py:149} INFO - [2023-09-13T08:07:50.926+0000] {dagbag.py:541} INFO - Filling up the DagBag from /home/airflow/.local/lib/python3.7/site-packages/airflow/example_dags/example_branch_operator.py
[2023-09-13T08:07:50.951+0000] {processor.py:809} INFO - DAG(s) dict_keys(['example_branch_operator']) retrieved from /home/airflow/.local/lib/python3.7/site-packages/airflow/example_dags/example_branch_operator.py
[2023-09-13T08:07:51.030+0000] {logging_mixin.py:149} INFO - [2023-09-13T08:07:51.029+0000] {dag.py:2726} INFO - Sync 1 DAGs
[2023-09-13T08:07:51.108+0000] {logging_mixin.py:149} INFO - [2023-09-13T08:07:51.108+0000] {dag.py:3490} INFO - Setting next_dagrun for example_branch_operator to 2023-09-12T00:00:00+00:00, run_after=2023-09-13T00:00:00+00:00
[2023-09-13T08:07:51.170+0000] {processor.py:178} INFO - Processing /home/airflow/.local/lib/python3.7/site-packages/airflow/example_dags/example_branch_operator.py took 0.260 seconds
[2023-09-13T08:08:21.560+0000] {processor.py:156} INFO - Started process (PID=1152) to work on /home/airflow/.local/lib/python3.7/site-packages/airflow/example_dags/example_branch_operator.py
[2023-09-13T08:08:21.563+0000] {processor.py:799} INFO - Processing file /home/airflow/.local/lib/python3.7/site-packages/airflow/example_dags/example_branch_operator.py for tasks to queue
[2023-09-13T08:08:21.566+0000] {logging_mixin.py:149} INFO - [2023-09-13T08:08:21.566+0000] {dagbag.py:541} INFO - Filling up the DagBag from /home/airflow/.local/lib/python3.7/site-packages/airflow/example_dags/example_branch_operator.py
[2023-09-13T08:08:21.591+0000] {processor.py:809} INFO - DAG(s) dict_keys(['example_branch_operator']) retrieved from /home/airflow/.local/lib/python3.7/site-packages/airflow/example_dags/example_branch_operator.py
[2023-09-13T08:08:21.659+0000] {logging_mixin.py:149} INFO - [2023-09-13T08:08:21.659+0000] {dag.py:2726} INFO - Sync 1 DAGs
[2023-09-13T08:08:21.730+0000] {logging_mixin.py:149} INFO - [2023-09-13T08:08:21.730+0000] {dag.py:3490} INFO - Setting next_dagrun for example_branch_operator to 2023-09-12T00:00:00+00:00, run_after=2023-09-13T00:00:00+00:00
[2023-09-13T08:08:21.785+0000] {processor.py:178} INFO - Processing /home/airflow/.local/lib/python3.7/site-packages/airflow/example_dags/example_branch_operator.py took 0.234 seconds
[2023-09-13T08:08:51.961+0000] {processor.py:156} INFO - Started process (PID=1212) to work on /home/airflow/.local/lib/python3.7/site-packages/airflow/example_dags/example_branch_operator.py
[2023-09-13T08:08:51.966+0000] {processor.py:799} INFO - Processing file /home/airflow/.local/lib/python3.7/site-packages/airflow/example_dags/example_branch_operator.py for tasks to queue
[2023-09-13T08:08:52.021+0000] {logging_mixin.py:149} INFO - [2023-09-13T08:08:52.020+0000] {dagbag.py:541} INFO - Filling up the DagBag from /home/airflow/.local/lib/python3.7/site-packages/airflow/example_dags/example_branch_operator.py
[2023-09-13T08:08:52.097+0000] {processor.py:809} INFO - DAG(s) dict_keys(['example_branch_operator']) retrieved from /home/airflow/.local/lib/python3.7/site-packages/airflow/example_dags/example_branch_operator.py
[2023-09-13T08:08:52.304+0000] {logging_mixin.py:149} INFO - [2023-09-13T08:08:52.303+0000] {dag.py:2726} INFO - Sync 1 DAGs
[2023-09-13T08:08:52.543+0000] {logging_mixin.py:149} INFO - [2023-09-13T08:08:52.543+0000] {dag.py:3490} INFO - Setting next_dagrun for example_branch_operator to 2023-09-12T00:00:00+00:00, run_after=2023-09-13T00:00:00+00:00
[2023-09-13T08:08:52.699+0000] {processor.py:178} INFO - Processing /home/airflow/.local/lib/python3.7/site-packages/airflow/example_dags/example_branch_operator.py took 0.759 seconds
[2023-09-13T08:09:23.210+0000] {processor.py:156} INFO - Started process (PID=1272) to work on /home/airflow/.local/lib/python3.7/site-packages/airflow/example_dags/example_branch_operator.py
[2023-09-13T08:09:23.213+0000] {processor.py:799} INFO - Processing file /home/airflow/.local/lib/python3.7/site-packages/airflow/example_dags/example_branch_operator.py for tasks to queue
[2023-09-13T08:09:23.215+0000] {logging_mixin.py:149} INFO - [2023-09-13T08:09:23.215+0000] {dagbag.py:541} INFO - Filling up the DagBag from /home/airflow/.local/lib/python3.7/site-packages/airflow/example_dags/example_branch_operator.py
[2023-09-13T08:09:23.234+0000] {processor.py:809} INFO - DAG(s) dict_keys(['example_branch_operator']) retrieved from /home/airflow/.local/lib/python3.7/site-packages/airflow/example_dags/example_branch_operator.py
[2023-09-13T08:09:23.287+0000] {logging_mixin.py:149} INFO - [2023-09-13T08:09:23.287+0000] {dag.py:2726} INFO - Sync 1 DAGs
[2023-09-13T08:09:23.355+0000] {logging_mixin.py:149} INFO - [2023-09-13T08:09:23.355+0000] {dag.py:3490} INFO - Setting next_dagrun for example_branch_operator to 2023-09-12T00:00:00+00:00, run_after=2023-09-13T00:00:00+00:00
[2023-09-13T08:09:23.411+0000] {processor.py:178} INFO - Processing /home/airflow/.local/lib/python3.7/site-packages/airflow/example_dags/example_branch_operator.py took 0.209 seconds
[2023-09-13T08:09:53.710+0000] {processor.py:156} INFO - Started process (PID=1332) to work on /home/airflow/.local/lib/python3.7/site-packages/airflow/example_dags/example_branch_operator.py
[2023-09-13T08:09:53.713+0000] {processor.py:799} INFO - Processing file /home/airflow/.local/lib/python3.7/site-packages/airflow/example_dags/example_branch_operator.py for tasks to queue
[2023-09-13T08:09:53.716+0000] {logging_mixin.py:149} INFO - [2023-09-13T08:09:53.715+0000] {dagbag.py:541} INFO - Filling up the DagBag from /home/airflow/.local/lib/python3.7/site-packages/airflow/example_dags/example_branch_operator.py
[2023-09-13T08:09:53.737+0000] {processor.py:809} INFO - DAG(s) dict_keys(['example_branch_operator']) retrieved from /home/airflow/.local/lib/python3.7/site-packages/airflow/example_dags/example_branch_operator.py
[2023-09-13T08:09:53.792+0000] {logging_mixin.py:149} INFO - [2023-09-13T08:09:53.792+0000] {dag.py:2726} INFO - Sync 1 DAGs
[2023-09-13T08:09:53.861+0000] {logging_mixin.py:149} INFO - [2023-09-13T08:09:53.860+0000] {dag.py:3490} INFO - Setting next_dagrun for example_branch_operator to 2023-09-12T00:00:00+00:00, run_after=2023-09-13T00:00:00+00:00
[2023-09-13T08:09:53.906+0000] {processor.py:178} INFO - Processing /home/airflow/.local/lib/python3.7/site-packages/airflow/example_dags/example_branch_operator.py took 0.202 seconds
[2023-09-13T08:10:24.233+0000] {processor.py:156} INFO - Started process (PID=1392) to work on /home/airflow/.local/lib/python3.7/site-packages/airflow/example_dags/example_branch_operator.py
[2023-09-13T08:10:24.238+0000] {processor.py:799} INFO - Processing file /home/airflow/.local/lib/python3.7/site-packages/airflow/example_dags/example_branch_operator.py for tasks to queue
[2023-09-13T08:10:24.241+0000] {logging_mixin.py:149} INFO - [2023-09-13T08:10:24.241+0000] {dagbag.py:541} INFO - Filling up the DagBag from /home/airflow/.local/lib/python3.7/site-packages/airflow/example_dags/example_branch_operator.py
[2023-09-13T08:10:24.264+0000] {processor.py:809} INFO - DAG(s) dict_keys(['example_branch_operator']) retrieved from /home/airflow/.local/lib/python3.7/site-packages/airflow/example_dags/example_branch_operator.py
[2023-09-13T08:10:24.321+0000] {logging_mixin.py:149} INFO - [2023-09-13T08:10:24.321+0000] {dag.py:2726} INFO - Sync 1 DAGs
[2023-09-13T08:10:24.381+0000] {logging_mixin.py:149} INFO - [2023-09-13T08:10:24.381+0000] {dag.py:3490} INFO - Setting next_dagrun for example_branch_operator to 2023-09-12T00:00:00+00:00, run_after=2023-09-13T00:00:00+00:00
[2023-09-13T08:10:24.424+0000] {processor.py:178} INFO - Processing /home/airflow/.local/lib/python3.7/site-packages/airflow/example_dags/example_branch_operator.py took 0.202 seconds
[2023-09-13T08:10:54.680+0000] {processor.py:156} INFO - Started process (PID=1453) to work on /home/airflow/.local/lib/python3.7/site-packages/airflow/example_dags/example_branch_operator.py
[2023-09-13T08:10:54.682+0000] {processor.py:799} INFO - Processing file /home/airflow/.local/lib/python3.7/site-packages/airflow/example_dags/example_branch_operator.py for tasks to queue
[2023-09-13T08:10:54.685+0000] {logging_mixin.py:149} INFO - [2023-09-13T08:10:54.685+0000] {dagbag.py:541} INFO - Filling up the DagBag from /home/airflow/.local/lib/python3.7/site-packages/airflow/example_dags/example_branch_operator.py
[2023-09-13T08:10:54.720+0000] {processor.py:809} INFO - DAG(s) dict_keys(['example_branch_operator']) retrieved from /home/airflow/.local/lib/python3.7/site-packages/airflow/example_dags/example_branch_operator.py
[2023-09-13T08:10:54.814+0000] {logging_mixin.py:149} INFO - [2023-09-13T08:10:54.813+0000] {dag.py:2726} INFO - Sync 1 DAGs
[2023-09-13T08:10:54.925+0000] {logging_mixin.py:149} INFO - [2023-09-13T08:10:54.925+0000] {dag.py:3490} INFO - Setting next_dagrun for example_branch_operator to 2023-09-12T00:00:00+00:00, run_after=2023-09-13T00:00:00+00:00
[2023-09-13T08:10:55.001+0000] {processor.py:178} INFO - Processing /home/airflow/.local/lib/python3.7/site-packages/airflow/example_dags/example_branch_operator.py took 0.330 seconds
[2023-09-13T08:11:25.137+0000] {processor.py:156} INFO - Started process (PID=1513) to work on /home/airflow/.local/lib/python3.7/site-packages/airflow/example_dags/example_branch_operator.py
[2023-09-13T08:11:25.140+0000] {processor.py:799} INFO - Processing file /home/airflow/.local/lib/python3.7/site-packages/airflow/example_dags/example_branch_operator.py for tasks to queue
[2023-09-13T08:11:25.145+0000] {logging_mixin.py:149} INFO - [2023-09-13T08:11:25.144+0000] {dagbag.py:541} INFO - Filling up the DagBag from /home/airflow/.local/lib/python3.7/site-packages/airflow/example_dags/example_branch_operator.py
[2023-09-13T08:11:25.172+0000] {processor.py:809} INFO - DAG(s) dict_keys(['example_branch_operator']) retrieved from /home/airflow/.local/lib/python3.7/site-packages/airflow/example_dags/example_branch_operator.py
[2023-09-13T08:11:25.282+0000] {logging_mixin.py:149} INFO - [2023-09-13T08:11:25.281+0000] {dag.py:2726} INFO - Sync 1 DAGs
[2023-09-13T08:11:25.382+0000] {logging_mixin.py:149} INFO - [2023-09-13T08:11:25.382+0000] {dag.py:3490} INFO - Setting next_dagrun for example_branch_operator to 2023-09-12T00:00:00+00:00, run_after=2023-09-13T00:00:00+00:00
[2023-09-13T08:11:25.436+0000] {processor.py:178} INFO - Processing /home/airflow/.local/lib/python3.7/site-packages/airflow/example_dags/example_branch_operator.py took 0.307 seconds
[2023-09-13T08:11:55.830+0000] {processor.py:156} INFO - Started process (PID=1573) to work on /home/airflow/.local/lib/python3.7/site-packages/airflow/example_dags/example_branch_operator.py
[2023-09-13T08:11:55.836+0000] {processor.py:799} INFO - Processing file /home/airflow/.local/lib/python3.7/site-packages/airflow/example_dags/example_branch_operator.py for tasks to queue
[2023-09-13T08:11:55.840+0000] {logging_mixin.py:149} INFO - [2023-09-13T08:11:55.839+0000] {dagbag.py:541} INFO - Filling up the DagBag from /home/airflow/.local/lib/python3.7/site-packages/airflow/example_dags/example_branch_operator.py
[2023-09-13T08:11:55.868+0000] {processor.py:809} INFO - DAG(s) dict_keys(['example_branch_operator']) retrieved from /home/airflow/.local/lib/python3.7/site-packages/airflow/example_dags/example_branch_operator.py
[2023-09-13T08:11:55.936+0000] {logging_mixin.py:149} INFO - [2023-09-13T08:11:55.936+0000] {dag.py:2726} INFO - Sync 1 DAGs
[2023-09-13T08:11:55.987+0000] {logging_mixin.py:149} INFO - [2023-09-13T08:11:55.987+0000] {dag.py:3490} INFO - Setting next_dagrun for example_branch_operator to 2023-09-12T00:00:00+00:00, run_after=2023-09-13T00:00:00+00:00
[2023-09-13T08:11:56.034+0000] {processor.py:178} INFO - Processing /home/airflow/.local/lib/python3.7/site-packages/airflow/example_dags/example_branch_operator.py took 0.212 seconds
[2023-09-13T08:12:26.401+0000] {processor.py:156} INFO - Started process (PID=1633) to work on /home/airflow/.local/lib/python3.7/site-packages/airflow/example_dags/example_branch_operator.py
[2023-09-13T08:12:26.414+0000] {processor.py:799} INFO - Processing file /home/airflow/.local/lib/python3.7/site-packages/airflow/example_dags/example_branch_operator.py for tasks to queue
[2023-09-13T08:12:26.417+0000] {logging_mixin.py:149} INFO - [2023-09-13T08:12:26.417+0000] {dagbag.py:541} INFO - Filling up the DagBag from /home/airflow/.local/lib/python3.7/site-packages/airflow/example_dags/example_branch_operator.py
[2023-09-13T08:12:26.443+0000] {processor.py:809} INFO - DAG(s) dict_keys(['example_branch_operator']) retrieved from /home/airflow/.local/lib/python3.7/site-packages/airflow/example_dags/example_branch_operator.py
[2023-09-13T08:12:26.537+0000] {logging_mixin.py:149} INFO - [2023-09-13T08:12:26.537+0000] {dag.py:2726} INFO - Sync 1 DAGs
[2023-09-13T08:12:26.597+0000] {logging_mixin.py:149} INFO - [2023-09-13T08:12:26.596+0000] {dag.py:3490} INFO - Setting next_dagrun for example_branch_operator to 2023-09-12T00:00:00+00:00, run_after=2023-09-13T00:00:00+00:00
[2023-09-13T08:12:26.640+0000] {processor.py:178} INFO - Processing /home/airflow/.local/lib/python3.7/site-packages/airflow/example_dags/example_branch_operator.py took 0.257 seconds
[2023-09-13T09:26:11.019+0000] {processor.py:156} INFO - Started process (PID=57) to work on /home/airflow/.local/lib/python3.7/site-packages/airflow/example_dags/example_branch_operator.py
[2023-09-13T09:26:11.020+0000] {processor.py:799} INFO - Processing file /home/airflow/.local/lib/python3.7/site-packages/airflow/example_dags/example_branch_operator.py for tasks to queue
[2023-09-13T09:26:11.022+0000] {logging_mixin.py:149} INFO - [2023-09-13T09:26:11.022+0000] {dagbag.py:541} INFO - Filling up the DagBag from /home/airflow/.local/lib/python3.7/site-packages/airflow/example_dags/example_branch_operator.py
[2023-09-13T09:26:11.039+0000] {processor.py:809} INFO - DAG(s) dict_keys(['example_branch_operator']) retrieved from /home/airflow/.local/lib/python3.7/site-packages/airflow/example_dags/example_branch_operator.py
[2023-09-13T09:26:11.089+0000] {logging_mixin.py:149} INFO - [2023-09-13T09:26:11.089+0000] {dag.py:2726} INFO - Sync 1 DAGs
[2023-09-13T09:26:11.137+0000] {logging_mixin.py:149} INFO - [2023-09-13T09:26:11.137+0000] {dag.py:3490} INFO - Setting next_dagrun for example_branch_operator to 2023-09-12T00:00:00+00:00, run_after=2023-09-13T00:00:00+00:00
[2023-09-13T09:26:11.163+0000] {processor.py:178} INFO - Processing /home/airflow/.local/lib/python3.7/site-packages/airflow/example_dags/example_branch_operator.py took 0.149 seconds
