[2023-09-13T07:58:46.997+0000] {processor.py:156} INFO - Started process (PID=39) to work on /home/airflow/.local/lib/python3.7/site-packages/airflow/example_dags/example_params_ui_tutorial.py
[2023-09-13T07:58:47.001+0000] {processor.py:799} INFO - Processing file /home/airflow/.local/lib/python3.7/site-packages/airflow/example_dags/example_params_ui_tutorial.py for tasks to queue
[2023-09-13T07:58:47.004+0000] {logging_mixin.py:149} INFO - [2023-09-13T07:58:47.004+0000] {dagbag.py:541} INFO - Filling up the DagBag from /home/airflow/.local/lib/python3.7/site-packages/airflow/example_dags/example_params_ui_tutorial.py
[2023-09-13T07:58:47.262+0000] {processor.py:809} INFO - DAG(s) dict_keys(['example_params_ui_tutorial']) retrieved from /home/airflow/.local/lib/python3.7/site-packages/airflow/example_dags/example_params_ui_tutorial.py
[2023-09-13T07:58:47.927+0000] {logging_mixin.py:149} INFO - [2023-09-13T07:58:47.926+0000] {dag.py:2726} INFO - Sync 1 DAGs
[2023-09-13T07:58:48.058+0000] {logging_mixin.py:149} INFO - [2023-09-13T07:58:48.058+0000] {dag.py:3490} INFO - Setting next_dagrun for example_params_ui_tutorial to None, run_after=None
[2023-09-13T07:58:48.201+0000] {processor.py:178} INFO - Processing /home/airflow/.local/lib/python3.7/site-packages/airflow/example_dags/example_params_ui_tutorial.py took 1.213 seconds
[2023-09-13T07:59:18.515+0000] {processor.py:156} INFO - Started process (PID=99) to work on /home/airflow/.local/lib/python3.7/site-packages/airflow/example_dags/example_params_ui_tutorial.py
[2023-09-13T07:59:18.518+0000] {processor.py:799} INFO - Processing file /home/airflow/.local/lib/python3.7/site-packages/airflow/example_dags/example_params_ui_tutorial.py for tasks to queue
[2023-09-13T07:59:18.521+0000] {logging_mixin.py:149} INFO - [2023-09-13T07:59:18.521+0000] {dagbag.py:541} INFO - Filling up the DagBag from /home/airflow/.local/lib/python3.7/site-packages/airflow/example_dags/example_params_ui_tutorial.py
[2023-09-13T07:59:18.644+0000] {processor.py:809} INFO - DAG(s) dict_keys(['example_params_ui_tutorial']) retrieved from /home/airflow/.local/lib/python3.7/site-packages/airflow/example_dags/example_params_ui_tutorial.py
[2023-09-13T07:59:18.863+0000] {logging_mixin.py:149} INFO - [2023-09-13T07:59:18.863+0000] {dag.py:2726} INFO - Sync 1 DAGs
[2023-09-13T07:59:18.951+0000] {logging_mixin.py:149} INFO - [2023-09-13T07:59:18.951+0000] {dag.py:3490} INFO - Setting next_dagrun for example_params_ui_tutorial to None, run_after=None
[2023-09-13T07:59:19.032+0000] {processor.py:178} INFO - Processing /home/airflow/.local/lib/python3.7/site-packages/airflow/example_dags/example_params_ui_tutorial.py took 0.526 seconds
[2023-09-13T07:59:49.308+0000] {processor.py:156} INFO - Started process (PID=159) to work on /home/airflow/.local/lib/python3.7/site-packages/airflow/example_dags/example_params_ui_tutorial.py
[2023-09-13T07:59:49.311+0000] {processor.py:799} INFO - Processing file /home/airflow/.local/lib/python3.7/site-packages/airflow/example_dags/example_params_ui_tutorial.py for tasks to queue
[2023-09-13T07:59:49.314+0000] {logging_mixin.py:149} INFO - [2023-09-13T07:59:49.313+0000] {dagbag.py:541} INFO - Filling up the DagBag from /home/airflow/.local/lib/python3.7/site-packages/airflow/example_dags/example_params_ui_tutorial.py
[2023-09-13T07:59:49.408+0000] {processor.py:809} INFO - DAG(s) dict_keys(['example_params_ui_tutorial']) retrieved from /home/airflow/.local/lib/python3.7/site-packages/airflow/example_dags/example_params_ui_tutorial.py
[2023-09-13T07:59:49.554+0000] {logging_mixin.py:149} INFO - [2023-09-13T07:59:49.554+0000] {dag.py:2726} INFO - Sync 1 DAGs
[2023-09-13T07:59:49.752+0000] {logging_mixin.py:149} INFO - [2023-09-13T07:59:49.752+0000] {dag.py:3490} INFO - Setting next_dagrun for example_params_ui_tutorial to None, run_after=None
[2023-09-13T07:59:49.795+0000] {processor.py:178} INFO - Processing /home/airflow/.local/lib/python3.7/site-packages/airflow/example_dags/example_params_ui_tutorial.py took 0.492 seconds
[2023-09-13T08:00:19.886+0000] {processor.py:156} INFO - Started process (PID=219) to work on /home/airflow/.local/lib/python3.7/site-packages/airflow/example_dags/example_params_ui_tutorial.py
[2023-09-13T08:00:19.888+0000] {processor.py:799} INFO - Processing file /home/airflow/.local/lib/python3.7/site-packages/airflow/example_dags/example_params_ui_tutorial.py for tasks to queue
[2023-09-13T08:00:19.891+0000] {logging_mixin.py:149} INFO - [2023-09-13T08:00:19.891+0000] {dagbag.py:541} INFO - Filling up the DagBag from /home/airflow/.local/lib/python3.7/site-packages/airflow/example_dags/example_params_ui_tutorial.py
[2023-09-13T08:00:20.145+0000] {processor.py:809} INFO - DAG(s) dict_keys(['example_params_ui_tutorial']) retrieved from /home/airflow/.local/lib/python3.7/site-packages/airflow/example_dags/example_params_ui_tutorial.py
[2023-09-13T08:00:20.277+0000] {logging_mixin.py:149} INFO - [2023-09-13T08:00:20.276+0000] {dag.py:2726} INFO - Sync 1 DAGs
[2023-09-13T08:00:20.326+0000] {logging_mixin.py:149} INFO - [2023-09-13T08:00:20.325+0000] {dag.py:3490} INFO - Setting next_dagrun for example_params_ui_tutorial to None, run_after=None
[2023-09-13T08:00:20.368+0000] {processor.py:178} INFO - Processing /home/airflow/.local/lib/python3.7/site-packages/airflow/example_dags/example_params_ui_tutorial.py took 0.487 seconds
[2023-09-13T08:00:51.194+0000] {processor.py:156} INFO - Started process (PID=279) to work on /home/airflow/.local/lib/python3.7/site-packages/airflow/example_dags/example_params_ui_tutorial.py
[2023-09-13T08:00:51.197+0000] {processor.py:799} INFO - Processing file /home/airflow/.local/lib/python3.7/site-packages/airflow/example_dags/example_params_ui_tutorial.py for tasks to queue
[2023-09-13T08:00:51.200+0000] {logging_mixin.py:149} INFO - [2023-09-13T08:00:51.199+0000] {dagbag.py:541} INFO - Filling up the DagBag from /home/airflow/.local/lib/python3.7/site-packages/airflow/example_dags/example_params_ui_tutorial.py
[2023-09-13T08:00:51.301+0000] {processor.py:809} INFO - DAG(s) dict_keys(['example_params_ui_tutorial']) retrieved from /home/airflow/.local/lib/python3.7/site-packages/airflow/example_dags/example_params_ui_tutorial.py
[2023-09-13T08:00:51.503+0000] {logging_mixin.py:149} INFO - [2023-09-13T08:00:51.503+0000] {dag.py:2726} INFO - Sync 1 DAGs
[2023-09-13T08:00:51.589+0000] {logging_mixin.py:149} INFO - [2023-09-13T08:00:51.589+0000] {dag.py:3490} INFO - Setting next_dagrun for example_params_ui_tutorial to None, run_after=None
[2023-09-13T08:00:51.711+0000] {processor.py:178} INFO - Processing /home/airflow/.local/lib/python3.7/site-packages/airflow/example_dags/example_params_ui_tutorial.py took 0.525 seconds
[2023-09-13T08:01:21.914+0000] {processor.py:156} INFO - Started process (PID=339) to work on /home/airflow/.local/lib/python3.7/site-packages/airflow/example_dags/example_params_ui_tutorial.py
[2023-09-13T08:01:21.917+0000] {processor.py:799} INFO - Processing file /home/airflow/.local/lib/python3.7/site-packages/airflow/example_dags/example_params_ui_tutorial.py for tasks to queue
[2023-09-13T08:01:21.920+0000] {logging_mixin.py:149} INFO - [2023-09-13T08:01:21.919+0000] {dagbag.py:541} INFO - Filling up the DagBag from /home/airflow/.local/lib/python3.7/site-packages/airflow/example_dags/example_params_ui_tutorial.py
[2023-09-13T08:01:22.168+0000] {processor.py:809} INFO - DAG(s) dict_keys(['example_params_ui_tutorial']) retrieved from /home/airflow/.local/lib/python3.7/site-packages/airflow/example_dags/example_params_ui_tutorial.py
[2023-09-13T08:01:22.580+0000] {logging_mixin.py:149} INFO - [2023-09-13T08:01:22.580+0000] {dag.py:2726} INFO - Sync 1 DAGs
[2023-09-13T08:01:22.715+0000] {logging_mixin.py:149} INFO - [2023-09-13T08:01:22.714+0000] {dag.py:3490} INFO - Setting next_dagrun for example_params_ui_tutorial to None, run_after=None
[2023-09-13T08:01:22.817+0000] {processor.py:178} INFO - Processing /home/airflow/.local/lib/python3.7/site-packages/airflow/example_dags/example_params_ui_tutorial.py took 0.920 seconds
[2023-09-13T08:01:53.353+0000] {processor.py:156} INFO - Started process (PID=399) to work on /home/airflow/.local/lib/python3.7/site-packages/airflow/example_dags/example_params_ui_tutorial.py
[2023-09-13T08:01:53.373+0000] {processor.py:799} INFO - Processing file /home/airflow/.local/lib/python3.7/site-packages/airflow/example_dags/example_params_ui_tutorial.py for tasks to queue
[2023-09-13T08:01:53.382+0000] {logging_mixin.py:149} INFO - [2023-09-13T08:01:53.382+0000] {dagbag.py:541} INFO - Filling up the DagBag from /home/airflow/.local/lib/python3.7/site-packages/airflow/example_dags/example_params_ui_tutorial.py
[2023-09-13T08:01:53.742+0000] {processor.py:809} INFO - DAG(s) dict_keys(['example_params_ui_tutorial']) retrieved from /home/airflow/.local/lib/python3.7/site-packages/airflow/example_dags/example_params_ui_tutorial.py
[2023-09-13T08:01:54.284+0000] {logging_mixin.py:149} INFO - [2023-09-13T08:01:54.281+0000] {dag.py:2726} INFO - Sync 1 DAGs
[2023-09-13T08:01:54.410+0000] {logging_mixin.py:149} INFO - [2023-09-13T08:01:54.406+0000] {dag.py:3490} INFO - Setting next_dagrun for example_params_ui_tutorial to None, run_after=None
[2023-09-13T08:01:54.519+0000] {processor.py:178} INFO - Processing /home/airflow/.local/lib/python3.7/site-packages/airflow/example_dags/example_params_ui_tutorial.py took 1.182 seconds
[2023-09-13T08:02:25.027+0000] {processor.py:156} INFO - Started process (PID=459) to work on /home/airflow/.local/lib/python3.7/site-packages/airflow/example_dags/example_params_ui_tutorial.py
[2023-09-13T08:02:25.040+0000] {processor.py:799} INFO - Processing file /home/airflow/.local/lib/python3.7/site-packages/airflow/example_dags/example_params_ui_tutorial.py for tasks to queue
[2023-09-13T08:02:25.046+0000] {logging_mixin.py:149} INFO - [2023-09-13T08:02:25.045+0000] {dagbag.py:541} INFO - Filling up the DagBag from /home/airflow/.local/lib/python3.7/site-packages/airflow/example_dags/example_params_ui_tutorial.py
[2023-09-13T08:02:25.219+0000] {processor.py:809} INFO - DAG(s) dict_keys(['example_params_ui_tutorial']) retrieved from /home/airflow/.local/lib/python3.7/site-packages/airflow/example_dags/example_params_ui_tutorial.py
[2023-09-13T08:02:25.492+0000] {logging_mixin.py:149} INFO - [2023-09-13T08:02:25.492+0000] {dag.py:2726} INFO - Sync 1 DAGs
[2023-09-13T08:02:25.581+0000] {logging_mixin.py:149} INFO - [2023-09-13T08:02:25.580+0000] {dag.py:3490} INFO - Setting next_dagrun for example_params_ui_tutorial to None, run_after=None
[2023-09-13T08:02:25.658+0000] {processor.py:178} INFO - Processing /home/airflow/.local/lib/python3.7/site-packages/airflow/example_dags/example_params_ui_tutorial.py took 0.649 seconds
[2023-09-13T08:02:56.385+0000] {processor.py:156} INFO - Started process (PID=519) to work on /home/airflow/.local/lib/python3.7/site-packages/airflow/example_dags/example_params_ui_tutorial.py
[2023-09-13T08:02:56.425+0000] {processor.py:799} INFO - Processing file /home/airflow/.local/lib/python3.7/site-packages/airflow/example_dags/example_params_ui_tutorial.py for tasks to queue
[2023-09-13T08:02:56.443+0000] {logging_mixin.py:149} INFO - [2023-09-13T08:02:56.442+0000] {dagbag.py:541} INFO - Filling up the DagBag from /home/airflow/.local/lib/python3.7/site-packages/airflow/example_dags/example_params_ui_tutorial.py
[2023-09-13T08:02:56.936+0000] {processor.py:809} INFO - DAG(s) dict_keys(['example_params_ui_tutorial']) retrieved from /home/airflow/.local/lib/python3.7/site-packages/airflow/example_dags/example_params_ui_tutorial.py
[2023-09-13T08:02:57.625+0000] {logging_mixin.py:149} INFO - [2023-09-13T08:02:57.624+0000] {dag.py:2726} INFO - Sync 1 DAGs
[2023-09-13T08:02:57.841+0000] {logging_mixin.py:149} INFO - [2023-09-13T08:02:57.841+0000] {dag.py:3490} INFO - Setting next_dagrun for example_params_ui_tutorial to None, run_after=None
[2023-09-13T08:02:58.071+0000] {processor.py:178} INFO - Processing /home/airflow/.local/lib/python3.7/site-packages/airflow/example_dags/example_params_ui_tutorial.py took 1.706 seconds
[2023-09-13T08:03:28.769+0000] {processor.py:156} INFO - Started process (PID=580) to work on /home/airflow/.local/lib/python3.7/site-packages/airflow/example_dags/example_params_ui_tutorial.py
[2023-09-13T08:03:28.777+0000] {processor.py:799} INFO - Processing file /home/airflow/.local/lib/python3.7/site-packages/airflow/example_dags/example_params_ui_tutorial.py for tasks to queue
[2023-09-13T08:03:28.783+0000] {logging_mixin.py:149} INFO - [2023-09-13T08:03:28.782+0000] {dagbag.py:541} INFO - Filling up the DagBag from /home/airflow/.local/lib/python3.7/site-packages/airflow/example_dags/example_params_ui_tutorial.py
[2023-09-13T08:03:29.118+0000] {processor.py:809} INFO - DAG(s) dict_keys(['example_params_ui_tutorial']) retrieved from /home/airflow/.local/lib/python3.7/site-packages/airflow/example_dags/example_params_ui_tutorial.py
[2023-09-13T08:03:29.600+0000] {logging_mixin.py:149} INFO - [2023-09-13T08:03:29.599+0000] {dag.py:2726} INFO - Sync 1 DAGs
[2023-09-13T08:03:29.754+0000] {logging_mixin.py:149} INFO - [2023-09-13T08:03:29.753+0000] {dag.py:3490} INFO - Setting next_dagrun for example_params_ui_tutorial to None, run_after=None
[2023-09-13T08:03:29.868+0000] {processor.py:178} INFO - Processing /home/airflow/.local/lib/python3.7/site-packages/airflow/example_dags/example_params_ui_tutorial.py took 1.113 seconds
[2023-09-13T08:04:00.270+0000] {processor.py:156} INFO - Started process (PID=642) to work on /home/airflow/.local/lib/python3.7/site-packages/airflow/example_dags/example_params_ui_tutorial.py
[2023-09-13T08:04:00.274+0000] {processor.py:799} INFO - Processing file /home/airflow/.local/lib/python3.7/site-packages/airflow/example_dags/example_params_ui_tutorial.py for tasks to queue
[2023-09-13T08:04:00.277+0000] {logging_mixin.py:149} INFO - [2023-09-13T08:04:00.277+0000] {dagbag.py:541} INFO - Filling up the DagBag from /home/airflow/.local/lib/python3.7/site-packages/airflow/example_dags/example_params_ui_tutorial.py
[2023-09-13T08:04:00.415+0000] {processor.py:809} INFO - DAG(s) dict_keys(['example_params_ui_tutorial']) retrieved from /home/airflow/.local/lib/python3.7/site-packages/airflow/example_dags/example_params_ui_tutorial.py
[2023-09-13T08:04:00.635+0000] {logging_mixin.py:149} INFO - [2023-09-13T08:04:00.634+0000] {dag.py:2726} INFO - Sync 1 DAGs
[2023-09-13T08:04:00.712+0000] {logging_mixin.py:149} INFO - [2023-09-13T08:04:00.712+0000] {dag.py:3490} INFO - Setting next_dagrun for example_params_ui_tutorial to None, run_after=None
[2023-09-13T08:04:00.783+0000] {processor.py:178} INFO - Processing /home/airflow/.local/lib/python3.7/site-packages/airflow/example_dags/example_params_ui_tutorial.py took 0.523 seconds
[2023-09-13T08:04:31.186+0000] {processor.py:156} INFO - Started process (PID=702) to work on /home/airflow/.local/lib/python3.7/site-packages/airflow/example_dags/example_params_ui_tutorial.py
[2023-09-13T08:04:31.194+0000] {processor.py:799} INFO - Processing file /home/airflow/.local/lib/python3.7/site-packages/airflow/example_dags/example_params_ui_tutorial.py for tasks to queue
[2023-09-13T08:04:31.198+0000] {logging_mixin.py:149} INFO - [2023-09-13T08:04:31.197+0000] {dagbag.py:541} INFO - Filling up the DagBag from /home/airflow/.local/lib/python3.7/site-packages/airflow/example_dags/example_params_ui_tutorial.py
[2023-09-13T08:04:31.578+0000] {processor.py:809} INFO - DAG(s) dict_keys(['example_params_ui_tutorial']) retrieved from /home/airflow/.local/lib/python3.7/site-packages/airflow/example_dags/example_params_ui_tutorial.py
[2023-09-13T08:04:32.104+0000] {logging_mixin.py:149} INFO - [2023-09-13T08:04:32.103+0000] {dag.py:2726} INFO - Sync 1 DAGs
[2023-09-13T08:04:32.290+0000] {logging_mixin.py:149} INFO - [2023-09-13T08:04:32.289+0000] {dag.py:3490} INFO - Setting next_dagrun for example_params_ui_tutorial to None, run_after=None
[2023-09-13T08:04:32.396+0000] {processor.py:178} INFO - Processing /home/airflow/.local/lib/python3.7/site-packages/airflow/example_dags/example_params_ui_tutorial.py took 1.247 seconds
[2023-09-13T08:05:03.027+0000] {processor.py:156} INFO - Started process (PID=762) to work on /home/airflow/.local/lib/python3.7/site-packages/airflow/example_dags/example_params_ui_tutorial.py
[2023-09-13T08:05:03.032+0000] {processor.py:799} INFO - Processing file /home/airflow/.local/lib/python3.7/site-packages/airflow/example_dags/example_params_ui_tutorial.py for tasks to queue
[2023-09-13T08:05:03.035+0000] {logging_mixin.py:149} INFO - [2023-09-13T08:05:03.034+0000] {dagbag.py:541} INFO - Filling up the DagBag from /home/airflow/.local/lib/python3.7/site-packages/airflow/example_dags/example_params_ui_tutorial.py
[2023-09-13T08:05:03.179+0000] {processor.py:809} INFO - DAG(s) dict_keys(['example_params_ui_tutorial']) retrieved from /home/airflow/.local/lib/python3.7/site-packages/airflow/example_dags/example_params_ui_tutorial.py
[2023-09-13T08:05:03.401+0000] {logging_mixin.py:149} INFO - [2023-09-13T08:05:03.400+0000] {dag.py:2726} INFO - Sync 1 DAGs
[2023-09-13T08:05:03.498+0000] {logging_mixin.py:149} INFO - [2023-09-13T08:05:03.497+0000] {dag.py:3490} INFO - Setting next_dagrun for example_params_ui_tutorial to None, run_after=None
[2023-09-13T08:05:03.566+0000] {processor.py:178} INFO - Processing /home/airflow/.local/lib/python3.7/site-packages/airflow/example_dags/example_params_ui_tutorial.py took 0.554 seconds
[2023-09-13T08:05:34.098+0000] {processor.py:156} INFO - Started process (PID=824) to work on /home/airflow/.local/lib/python3.7/site-packages/airflow/example_dags/example_params_ui_tutorial.py
[2023-09-13T08:05:34.101+0000] {processor.py:799} INFO - Processing file /home/airflow/.local/lib/python3.7/site-packages/airflow/example_dags/example_params_ui_tutorial.py for tasks to queue
[2023-09-13T08:05:34.104+0000] {logging_mixin.py:149} INFO - [2023-09-13T08:05:34.103+0000] {dagbag.py:541} INFO - Filling up the DagBag from /home/airflow/.local/lib/python3.7/site-packages/airflow/example_dags/example_params_ui_tutorial.py
[2023-09-13T08:05:34.263+0000] {processor.py:809} INFO - DAG(s) dict_keys(['example_params_ui_tutorial']) retrieved from /home/airflow/.local/lib/python3.7/site-packages/airflow/example_dags/example_params_ui_tutorial.py
[2023-09-13T08:05:34.537+0000] {logging_mixin.py:149} INFO - [2023-09-13T08:05:34.537+0000] {dag.py:2726} INFO - Sync 1 DAGs
[2023-09-13T08:05:34.701+0000] {logging_mixin.py:149} INFO - [2023-09-13T08:05:34.700+0000] {dag.py:3490} INFO - Setting next_dagrun for example_params_ui_tutorial to None, run_after=None
[2023-09-13T08:05:34.815+0000] {processor.py:178} INFO - Processing /home/airflow/.local/lib/python3.7/site-packages/airflow/example_dags/example_params_ui_tutorial.py took 0.726 seconds
[2023-09-13T08:06:05.115+0000] {processor.py:156} INFO - Started process (PID=883) to work on /home/airflow/.local/lib/python3.7/site-packages/airflow/example_dags/example_params_ui_tutorial.py
[2023-09-13T08:06:05.128+0000] {processor.py:799} INFO - Processing file /home/airflow/.local/lib/python3.7/site-packages/airflow/example_dags/example_params_ui_tutorial.py for tasks to queue
[2023-09-13T08:06:05.140+0000] {logging_mixin.py:149} INFO - [2023-09-13T08:06:05.140+0000] {dagbag.py:541} INFO - Filling up the DagBag from /home/airflow/.local/lib/python3.7/site-packages/airflow/example_dags/example_params_ui_tutorial.py
[2023-09-13T08:06:05.455+0000] {processor.py:809} INFO - DAG(s) dict_keys(['example_params_ui_tutorial']) retrieved from /home/airflow/.local/lib/python3.7/site-packages/airflow/example_dags/example_params_ui_tutorial.py
[2023-09-13T08:06:05.941+0000] {logging_mixin.py:149} INFO - [2023-09-13T08:06:05.941+0000] {dag.py:2726} INFO - Sync 1 DAGs
[2023-09-13T08:06:06.103+0000] {logging_mixin.py:149} INFO - [2023-09-13T08:06:06.093+0000] {dag.py:3490} INFO - Setting next_dagrun for example_params_ui_tutorial to None, run_after=None
[2023-09-13T08:06:06.194+0000] {processor.py:178} INFO - Processing /home/airflow/.local/lib/python3.7/site-packages/airflow/example_dags/example_params_ui_tutorial.py took 1.095 seconds
[2023-09-13T08:06:36.409+0000] {processor.py:156} INFO - Started process (PID=943) to work on /home/airflow/.local/lib/python3.7/site-packages/airflow/example_dags/example_params_ui_tutorial.py
[2023-09-13T08:06:36.412+0000] {processor.py:799} INFO - Processing file /home/airflow/.local/lib/python3.7/site-packages/airflow/example_dags/example_params_ui_tutorial.py for tasks to queue
[2023-09-13T08:06:36.415+0000] {logging_mixin.py:149} INFO - [2023-09-13T08:06:36.415+0000] {dagbag.py:541} INFO - Filling up the DagBag from /home/airflow/.local/lib/python3.7/site-packages/airflow/example_dags/example_params_ui_tutorial.py
[2023-09-13T08:06:36.499+0000] {processor.py:809} INFO - DAG(s) dict_keys(['example_params_ui_tutorial']) retrieved from /home/airflow/.local/lib/python3.7/site-packages/airflow/example_dags/example_params_ui_tutorial.py
[2023-09-13T08:06:36.663+0000] {logging_mixin.py:149} INFO - [2023-09-13T08:06:36.663+0000] {dag.py:2726} INFO - Sync 1 DAGs
[2023-09-13T08:06:36.717+0000] {logging_mixin.py:149} INFO - [2023-09-13T08:06:36.717+0000] {dag.py:3490} INFO - Setting next_dagrun for example_params_ui_tutorial to None, run_after=None
[2023-09-13T08:06:36.763+0000] {processor.py:178} INFO - Processing /home/airflow/.local/lib/python3.7/site-packages/airflow/example_dags/example_params_ui_tutorial.py took 0.359 seconds
[2023-09-13T08:07:07.633+0000] {processor.py:156} INFO - Started process (PID=1003) to work on /home/airflow/.local/lib/python3.7/site-packages/airflow/example_dags/example_params_ui_tutorial.py
[2023-09-13T08:07:07.638+0000] {processor.py:799} INFO - Processing file /home/airflow/.local/lib/python3.7/site-packages/airflow/example_dags/example_params_ui_tutorial.py for tasks to queue
[2023-09-13T08:07:07.643+0000] {logging_mixin.py:149} INFO - [2023-09-13T08:07:07.641+0000] {dagbag.py:541} INFO - Filling up the DagBag from /home/airflow/.local/lib/python3.7/site-packages/airflow/example_dags/example_params_ui_tutorial.py
[2023-09-13T08:07:08.017+0000] {processor.py:809} INFO - DAG(s) dict_keys(['example_params_ui_tutorial']) retrieved from /home/airflow/.local/lib/python3.7/site-packages/airflow/example_dags/example_params_ui_tutorial.py
[2023-09-13T08:07:08.581+0000] {logging_mixin.py:149} INFO - [2023-09-13T08:07:08.581+0000] {dag.py:2726} INFO - Sync 1 DAGs
[2023-09-13T08:07:08.726+0000] {logging_mixin.py:149} INFO - [2023-09-13T08:07:08.725+0000] {dag.py:3490} INFO - Setting next_dagrun for example_params_ui_tutorial to None, run_after=None
[2023-09-13T08:07:08.836+0000] {processor.py:178} INFO - Processing /home/airflow/.local/lib/python3.7/site-packages/airflow/example_dags/example_params_ui_tutorial.py took 1.213 seconds
[2023-09-13T08:07:39.406+0000] {processor.py:156} INFO - Started process (PID=1065) to work on /home/airflow/.local/lib/python3.7/site-packages/airflow/example_dags/example_params_ui_tutorial.py
[2023-09-13T08:07:39.410+0000] {processor.py:799} INFO - Processing file /home/airflow/.local/lib/python3.7/site-packages/airflow/example_dags/example_params_ui_tutorial.py for tasks to queue
[2023-09-13T08:07:39.413+0000] {logging_mixin.py:149} INFO - [2023-09-13T08:07:39.413+0000] {dagbag.py:541} INFO - Filling up the DagBag from /home/airflow/.local/lib/python3.7/site-packages/airflow/example_dags/example_params_ui_tutorial.py
[2023-09-13T08:07:39.535+0000] {processor.py:809} INFO - DAG(s) dict_keys(['example_params_ui_tutorial']) retrieved from /home/airflow/.local/lib/python3.7/site-packages/airflow/example_dags/example_params_ui_tutorial.py
[2023-09-13T08:07:39.731+0000] {logging_mixin.py:149} INFO - [2023-09-13T08:07:39.730+0000] {dag.py:2726} INFO - Sync 1 DAGs
[2023-09-13T08:07:39.796+0000] {logging_mixin.py:149} INFO - [2023-09-13T08:07:39.796+0000] {dag.py:3490} INFO - Setting next_dagrun for example_params_ui_tutorial to None, run_after=None
[2023-09-13T08:07:39.849+0000] {processor.py:178} INFO - Processing /home/airflow/.local/lib/python3.7/site-packages/airflow/example_dags/example_params_ui_tutorial.py took 0.449 seconds
[2023-09-13T08:08:10.441+0000] {processor.py:156} INFO - Started process (PID=1125) to work on /home/airflow/.local/lib/python3.7/site-packages/airflow/example_dags/example_params_ui_tutorial.py
[2023-09-13T08:08:10.446+0000] {processor.py:799} INFO - Processing file /home/airflow/.local/lib/python3.7/site-packages/airflow/example_dags/example_params_ui_tutorial.py for tasks to queue
[2023-09-13T08:08:10.449+0000] {logging_mixin.py:149} INFO - [2023-09-13T08:08:10.448+0000] {dagbag.py:541} INFO - Filling up the DagBag from /home/airflow/.local/lib/python3.7/site-packages/airflow/example_dags/example_params_ui_tutorial.py
[2023-09-13T08:08:10.579+0000] {processor.py:809} INFO - DAG(s) dict_keys(['example_params_ui_tutorial']) retrieved from /home/airflow/.local/lib/python3.7/site-packages/airflow/example_dags/example_params_ui_tutorial.py
[2023-09-13T08:08:10.830+0000] {logging_mixin.py:149} INFO - [2023-09-13T08:08:10.830+0000] {dag.py:2726} INFO - Sync 1 DAGs
[2023-09-13T08:08:10.934+0000] {logging_mixin.py:149} INFO - [2023-09-13T08:08:10.934+0000] {dag.py:3490} INFO - Setting next_dagrun for example_params_ui_tutorial to None, run_after=None
[2023-09-13T08:08:10.999+0000] {processor.py:178} INFO - Processing /home/airflow/.local/lib/python3.7/site-packages/airflow/example_dags/example_params_ui_tutorial.py took 0.568 seconds
[2023-09-13T08:08:41.839+0000] {processor.py:156} INFO - Started process (PID=1186) to work on /home/airflow/.local/lib/python3.7/site-packages/airflow/example_dags/example_params_ui_tutorial.py
[2023-09-13T08:08:41.866+0000] {processor.py:799} INFO - Processing file /home/airflow/.local/lib/python3.7/site-packages/airflow/example_dags/example_params_ui_tutorial.py for tasks to queue
[2023-09-13T08:08:41.901+0000] {logging_mixin.py:149} INFO - [2023-09-13T08:08:41.901+0000] {dagbag.py:541} INFO - Filling up the DagBag from /home/airflow/.local/lib/python3.7/site-packages/airflow/example_dags/example_params_ui_tutorial.py
[2023-09-13T08:08:42.341+0000] {processor.py:809} INFO - DAG(s) dict_keys(['example_params_ui_tutorial']) retrieved from /home/airflow/.local/lib/python3.7/site-packages/airflow/example_dags/example_params_ui_tutorial.py
[2023-09-13T08:08:42.967+0000] {logging_mixin.py:149} INFO - [2023-09-13T08:08:42.957+0000] {dag.py:2726} INFO - Sync 1 DAGs
[2023-09-13T08:08:43.248+0000] {logging_mixin.py:149} INFO - [2023-09-13T08:08:43.248+0000] {dag.py:3490} INFO - Setting next_dagrun for example_params_ui_tutorial to None, run_after=None
[2023-09-13T08:08:43.404+0000] {processor.py:178} INFO - Processing /home/airflow/.local/lib/python3.7/site-packages/airflow/example_dags/example_params_ui_tutorial.py took 1.585 seconds
[2023-09-13T08:09:13.757+0000] {processor.py:156} INFO - Started process (PID=1247) to work on /home/airflow/.local/lib/python3.7/site-packages/airflow/example_dags/example_params_ui_tutorial.py
[2023-09-13T08:09:13.759+0000] {processor.py:799} INFO - Processing file /home/airflow/.local/lib/python3.7/site-packages/airflow/example_dags/example_params_ui_tutorial.py for tasks to queue
[2023-09-13T08:09:13.763+0000] {logging_mixin.py:149} INFO - [2023-09-13T08:09:13.763+0000] {dagbag.py:541} INFO - Filling up the DagBag from /home/airflow/.local/lib/python3.7/site-packages/airflow/example_dags/example_params_ui_tutorial.py
[2023-09-13T08:09:13.855+0000] {processor.py:809} INFO - DAG(s) dict_keys(['example_params_ui_tutorial']) retrieved from /home/airflow/.local/lib/python3.7/site-packages/airflow/example_dags/example_params_ui_tutorial.py
[2023-09-13T08:09:14.003+0000] {logging_mixin.py:149} INFO - [2023-09-13T08:09:14.002+0000] {dag.py:2726} INFO - Sync 1 DAGs
[2023-09-13T08:09:14.064+0000] {logging_mixin.py:149} INFO - [2023-09-13T08:09:14.064+0000] {dag.py:3490} INFO - Setting next_dagrun for example_params_ui_tutorial to None, run_after=None
[2023-09-13T08:09:14.128+0000] {processor.py:178} INFO - Processing /home/airflow/.local/lib/python3.7/site-packages/airflow/example_dags/example_params_ui_tutorial.py took 0.380 seconds
[2023-09-13T08:09:44.589+0000] {processor.py:156} INFO - Started process (PID=1314) to work on /home/airflow/.local/lib/python3.7/site-packages/airflow/example_dags/example_params_ui_tutorial.py
[2023-09-13T08:09:44.592+0000] {processor.py:799} INFO - Processing file /home/airflow/.local/lib/python3.7/site-packages/airflow/example_dags/example_params_ui_tutorial.py for tasks to queue
[2023-09-13T08:09:44.594+0000] {logging_mixin.py:149} INFO - [2023-09-13T08:09:44.593+0000] {dagbag.py:541} INFO - Filling up the DagBag from /home/airflow/.local/lib/python3.7/site-packages/airflow/example_dags/example_params_ui_tutorial.py
[2023-09-13T08:09:44.692+0000] {processor.py:809} INFO - DAG(s) dict_keys(['example_params_ui_tutorial']) retrieved from /home/airflow/.local/lib/python3.7/site-packages/airflow/example_dags/example_params_ui_tutorial.py
[2023-09-13T08:09:44.843+0000] {logging_mixin.py:149} INFO - [2023-09-13T08:09:44.842+0000] {dag.py:2726} INFO - Sync 1 DAGs
[2023-09-13T08:09:44.883+0000] {logging_mixin.py:149} INFO - [2023-09-13T08:09:44.883+0000] {dag.py:3490} INFO - Setting next_dagrun for example_params_ui_tutorial to None, run_after=None
[2023-09-13T08:09:44.931+0000] {processor.py:178} INFO - Processing /home/airflow/.local/lib/python3.7/site-packages/airflow/example_dags/example_params_ui_tutorial.py took 0.347 seconds
[2023-09-13T08:10:15.477+0000] {processor.py:156} INFO - Started process (PID=1374) to work on /home/airflow/.local/lib/python3.7/site-packages/airflow/example_dags/example_params_ui_tutorial.py
[2023-09-13T08:10:15.485+0000] {processor.py:799} INFO - Processing file /home/airflow/.local/lib/python3.7/site-packages/airflow/example_dags/example_params_ui_tutorial.py for tasks to queue
[2023-09-13T08:10:15.488+0000] {logging_mixin.py:149} INFO - [2023-09-13T08:10:15.488+0000] {dagbag.py:541} INFO - Filling up the DagBag from /home/airflow/.local/lib/python3.7/site-packages/airflow/example_dags/example_params_ui_tutorial.py
[2023-09-13T08:10:15.582+0000] {processor.py:809} INFO - DAG(s) dict_keys(['example_params_ui_tutorial']) retrieved from /home/airflow/.local/lib/python3.7/site-packages/airflow/example_dags/example_params_ui_tutorial.py
[2023-09-13T08:10:15.748+0000] {logging_mixin.py:149} INFO - [2023-09-13T08:10:15.748+0000] {dag.py:2726} INFO - Sync 1 DAGs
[2023-09-13T08:10:15.808+0000] {logging_mixin.py:149} INFO - [2023-09-13T08:10:15.807+0000] {dag.py:3490} INFO - Setting next_dagrun for example_params_ui_tutorial to None, run_after=None
[2023-09-13T08:10:15.860+0000] {processor.py:178} INFO - Processing /home/airflow/.local/lib/python3.7/site-packages/airflow/example_dags/example_params_ui_tutorial.py took 0.392 seconds
[2023-09-13T08:10:46.360+0000] {processor.py:156} INFO - Started process (PID=1434) to work on /home/airflow/.local/lib/python3.7/site-packages/airflow/example_dags/example_params_ui_tutorial.py
[2023-09-13T08:10:46.394+0000] {processor.py:799} INFO - Processing file /home/airflow/.local/lib/python3.7/site-packages/airflow/example_dags/example_params_ui_tutorial.py for tasks to queue
[2023-09-13T08:10:46.410+0000] {logging_mixin.py:149} INFO - [2023-09-13T08:10:46.410+0000] {dagbag.py:541} INFO - Filling up the DagBag from /home/airflow/.local/lib/python3.7/site-packages/airflow/example_dags/example_params_ui_tutorial.py
[2023-09-13T08:10:46.683+0000] {processor.py:809} INFO - DAG(s) dict_keys(['example_params_ui_tutorial']) retrieved from /home/airflow/.local/lib/python3.7/site-packages/airflow/example_dags/example_params_ui_tutorial.py
[2023-09-13T08:10:46.977+0000] {logging_mixin.py:149} INFO - [2023-09-13T08:10:46.977+0000] {dag.py:2726} INFO - Sync 1 DAGs
[2023-09-13T08:10:47.078+0000] {logging_mixin.py:149} INFO - [2023-09-13T08:10:47.078+0000] {dag.py:3490} INFO - Setting next_dagrun for example_params_ui_tutorial to None, run_after=None
[2023-09-13T08:10:47.161+0000] {processor.py:178} INFO - Processing /home/airflow/.local/lib/python3.7/site-packages/airflow/example_dags/example_params_ui_tutorial.py took 0.832 seconds
[2023-09-13T08:11:17.296+0000] {processor.py:156} INFO - Started process (PID=1486) to work on /home/airflow/.local/lib/python3.7/site-packages/airflow/example_dags/example_params_ui_tutorial.py
[2023-09-13T08:11:17.299+0000] {processor.py:799} INFO - Processing file /home/airflow/.local/lib/python3.7/site-packages/airflow/example_dags/example_params_ui_tutorial.py for tasks to queue
[2023-09-13T08:11:17.301+0000] {logging_mixin.py:149} INFO - [2023-09-13T08:11:17.301+0000] {dagbag.py:541} INFO - Filling up the DagBag from /home/airflow/.local/lib/python3.7/site-packages/airflow/example_dags/example_params_ui_tutorial.py
[2023-09-13T08:11:17.381+0000] {processor.py:809} INFO - DAG(s) dict_keys(['example_params_ui_tutorial']) retrieved from /home/airflow/.local/lib/python3.7/site-packages/airflow/example_dags/example_params_ui_tutorial.py
[2023-09-13T08:11:17.558+0000] {logging_mixin.py:149} INFO - [2023-09-13T08:11:17.557+0000] {dag.py:2726} INFO - Sync 1 DAGs
[2023-09-13T08:11:17.624+0000] {logging_mixin.py:149} INFO - [2023-09-13T08:11:17.624+0000] {dag.py:3490} INFO - Setting next_dagrun for example_params_ui_tutorial to None, run_after=None
[2023-09-13T08:11:17.666+0000] {processor.py:178} INFO - Processing /home/airflow/.local/lib/python3.7/site-packages/airflow/example_dags/example_params_ui_tutorial.py took 0.378 seconds
[2023-09-13T08:11:48.609+0000] {processor.py:156} INFO - Started process (PID=1546) to work on /home/airflow/.local/lib/python3.7/site-packages/airflow/example_dags/example_params_ui_tutorial.py
[2023-09-13T08:11:48.612+0000] {processor.py:799} INFO - Processing file /home/airflow/.local/lib/python3.7/site-packages/airflow/example_dags/example_params_ui_tutorial.py for tasks to queue
[2023-09-13T08:11:48.616+0000] {logging_mixin.py:149} INFO - [2023-09-13T08:11:48.615+0000] {dagbag.py:541} INFO - Filling up the DagBag from /home/airflow/.local/lib/python3.7/site-packages/airflow/example_dags/example_params_ui_tutorial.py
[2023-09-13T08:11:48.748+0000] {processor.py:809} INFO - DAG(s) dict_keys(['example_params_ui_tutorial']) retrieved from /home/airflow/.local/lib/python3.7/site-packages/airflow/example_dags/example_params_ui_tutorial.py
[2023-09-13T08:11:48.985+0000] {logging_mixin.py:149} INFO - [2023-09-13T08:11:48.984+0000] {dag.py:2726} INFO - Sync 1 DAGs
[2023-09-13T08:11:49.056+0000] {logging_mixin.py:149} INFO - [2023-09-13T08:11:49.056+0000] {dag.py:3490} INFO - Setting next_dagrun for example_params_ui_tutorial to None, run_after=None
[2023-09-13T08:11:49.131+0000] {processor.py:178} INFO - Processing /home/airflow/.local/lib/python3.7/site-packages/airflow/example_dags/example_params_ui_tutorial.py took 0.531 seconds
[2023-09-13T08:12:19.889+0000] {processor.py:156} INFO - Started process (PID=1607) to work on /home/airflow/.local/lib/python3.7/site-packages/airflow/example_dags/example_params_ui_tutorial.py
[2023-09-13T08:12:19.892+0000] {processor.py:799} INFO - Processing file /home/airflow/.local/lib/python3.7/site-packages/airflow/example_dags/example_params_ui_tutorial.py for tasks to queue
[2023-09-13T08:12:19.897+0000] {logging_mixin.py:149} INFO - [2023-09-13T08:12:19.896+0000] {dagbag.py:541} INFO - Filling up the DagBag from /home/airflow/.local/lib/python3.7/site-packages/airflow/example_dags/example_params_ui_tutorial.py
[2023-09-13T08:12:19.973+0000] {processor.py:809} INFO - DAG(s) dict_keys(['example_params_ui_tutorial']) retrieved from /home/airflow/.local/lib/python3.7/site-packages/airflow/example_dags/example_params_ui_tutorial.py
[2023-09-13T08:12:20.102+0000] {logging_mixin.py:149} INFO - [2023-09-13T08:12:20.101+0000] {dag.py:2726} INFO - Sync 1 DAGs
[2023-09-13T08:12:20.162+0000] {logging_mixin.py:149} INFO - [2023-09-13T08:12:20.161+0000] {dag.py:3490} INFO - Setting next_dagrun for example_params_ui_tutorial to None, run_after=None
[2023-09-13T08:12:20.211+0000] {processor.py:178} INFO - Processing /home/airflow/.local/lib/python3.7/site-packages/airflow/example_dags/example_params_ui_tutorial.py took 0.328 seconds
[2023-09-13T08:12:50.320+0000] {processor.py:156} INFO - Started process (PID=1667) to work on /home/airflow/.local/lib/python3.7/site-packages/airflow/example_dags/example_params_ui_tutorial.py
[2023-09-13T08:12:50.324+0000] {processor.py:799} INFO - Processing file /home/airflow/.local/lib/python3.7/site-packages/airflow/example_dags/example_params_ui_tutorial.py for tasks to queue
[2023-09-13T08:12:50.328+0000] {logging_mixin.py:149} INFO - [2023-09-13T08:12:50.327+0000] {dagbag.py:541} INFO - Filling up the DagBag from /home/airflow/.local/lib/python3.7/site-packages/airflow/example_dags/example_params_ui_tutorial.py
[2023-09-13T08:12:50.404+0000] {processor.py:809} INFO - DAG(s) dict_keys(['example_params_ui_tutorial']) retrieved from /home/airflow/.local/lib/python3.7/site-packages/airflow/example_dags/example_params_ui_tutorial.py
[2023-09-13T08:12:50.548+0000] {logging_mixin.py:149} INFO - [2023-09-13T08:12:50.548+0000] {dag.py:2726} INFO - Sync 1 DAGs
[2023-09-13T08:12:50.592+0000] {logging_mixin.py:149} INFO - [2023-09-13T08:12:50.592+0000] {dag.py:3490} INFO - Setting next_dagrun for example_params_ui_tutorial to None, run_after=None
[2023-09-13T08:12:50.639+0000] {processor.py:178} INFO - Processing /home/airflow/.local/lib/python3.7/site-packages/airflow/example_dags/example_params_ui_tutorial.py took 0.327 seconds
[2023-09-13T09:26:07.695+0000] {processor.py:156} INFO - Started process (PID=32) to work on /home/airflow/.local/lib/python3.7/site-packages/airflow/example_dags/example_params_ui_tutorial.py
[2023-09-13T09:26:07.697+0000] {processor.py:799} INFO - Processing file /home/airflow/.local/lib/python3.7/site-packages/airflow/example_dags/example_params_ui_tutorial.py for tasks to queue
[2023-09-13T09:26:07.699+0000] {logging_mixin.py:149} INFO - [2023-09-13T09:26:07.699+0000] {dagbag.py:541} INFO - Filling up the DagBag from /home/airflow/.local/lib/python3.7/site-packages/airflow/example_dags/example_params_ui_tutorial.py
[2023-09-13T09:26:07.796+0000] {processor.py:809} INFO - DAG(s) dict_keys(['example_params_ui_tutorial']) retrieved from /home/airflow/.local/lib/python3.7/site-packages/airflow/example_dags/example_params_ui_tutorial.py
[2023-09-13T09:26:07.936+0000] {logging_mixin.py:149} INFO - [2023-09-13T09:26:07.936+0000] {dag.py:2726} INFO - Sync 1 DAGs
[2023-09-13T09:26:07.974+0000] {logging_mixin.py:149} INFO - [2023-09-13T09:26:07.974+0000] {dag.py:3490} INFO - Setting next_dagrun for example_params_ui_tutorial to None, run_after=None
[2023-09-13T09:26:08.005+0000] {processor.py:178} INFO - Processing /home/airflow/.local/lib/python3.7/site-packages/airflow/example_dags/example_params_ui_tutorial.py took 0.316 seconds
