[2023-09-13T07:58:54.134+0000] {processor.py:156} INFO - Started process (PID=60) to work on /home/airflow/.local/lib/python3.7/site-packages/airflow/example_dags/tutorial_taskflow_api.py
[2023-09-13T07:58:54.141+0000] {processor.py:799} INFO - Processing file /home/airflow/.local/lib/python3.7/site-packages/airflow/example_dags/tutorial_taskflow_api.py for tasks to queue
[2023-09-13T07:58:54.145+0000] {logging_mixin.py:149} INFO - [2023-09-13T07:58:54.144+0000] {dagbag.py:541} INFO - Filling up the DagBag from /home/airflow/.local/lib/python3.7/site-packages/airflow/example_dags/tutorial_taskflow_api.py
[2023-09-13T07:58:54.179+0000] {processor.py:809} INFO - DAG(s) dict_keys(['tutorial_taskflow_api']) retrieved from /home/airflow/.local/lib/python3.7/site-packages/airflow/example_dags/tutorial_taskflow_api.py
[2023-09-13T07:58:54.282+0000] {logging_mixin.py:149} INFO - [2023-09-13T07:58:54.282+0000] {dag.py:2726} INFO - Sync 1 DAGs
[2023-09-13T07:58:54.373+0000] {logging_mixin.py:149} INFO - [2023-09-13T07:58:54.372+0000] {dag.py:3490} INFO - Setting next_dagrun for tutorial_taskflow_api to None, run_after=None
[2023-09-13T07:58:54.434+0000] {processor.py:178} INFO - Processing /home/airflow/.local/lib/python3.7/site-packages/airflow/example_dags/tutorial_taskflow_api.py took 0.315 seconds
[2023-09-13T07:59:24.750+0000] {processor.py:156} INFO - Started process (PID=120) to work on /home/airflow/.local/lib/python3.7/site-packages/airflow/example_dags/tutorial_taskflow_api.py
[2023-09-13T07:59:24.753+0000] {processor.py:799} INFO - Processing file /home/airflow/.local/lib/python3.7/site-packages/airflow/example_dags/tutorial_taskflow_api.py for tasks to queue
[2023-09-13T07:59:24.756+0000] {logging_mixin.py:149} INFO - [2023-09-13T07:59:24.755+0000] {dagbag.py:541} INFO - Filling up the DagBag from /home/airflow/.local/lib/python3.7/site-packages/airflow/example_dags/tutorial_taskflow_api.py
[2023-09-13T07:59:24.770+0000] {processor.py:809} INFO - DAG(s) dict_keys(['tutorial_taskflow_api']) retrieved from /home/airflow/.local/lib/python3.7/site-packages/airflow/example_dags/tutorial_taskflow_api.py
[2023-09-13T07:59:24.834+0000] {logging_mixin.py:149} INFO - [2023-09-13T07:59:24.834+0000] {dag.py:2726} INFO - Sync 1 DAGs
[2023-09-13T07:59:24.900+0000] {logging_mixin.py:149} INFO - [2023-09-13T07:59:24.899+0000] {dag.py:3490} INFO - Setting next_dagrun for tutorial_taskflow_api to None, run_after=None
[2023-09-13T07:59:24.953+0000] {processor.py:178} INFO - Processing /home/airflow/.local/lib/python3.7/site-packages/airflow/example_dags/tutorial_taskflow_api.py took 0.210 seconds
[2023-09-13T07:59:56.984+0000] {processor.py:156} INFO - Started process (PID=180) to work on /home/airflow/.local/lib/python3.7/site-packages/airflow/example_dags/tutorial_taskflow_api.py
[2023-09-13T07:59:56.987+0000] {processor.py:799} INFO - Processing file /home/airflow/.local/lib/python3.7/site-packages/airflow/example_dags/tutorial_taskflow_api.py for tasks to queue
[2023-09-13T07:59:56.990+0000] {logging_mixin.py:149} INFO - [2023-09-13T07:59:56.990+0000] {dagbag.py:541} INFO - Filling up the DagBag from /home/airflow/.local/lib/python3.7/site-packages/airflow/example_dags/tutorial_taskflow_api.py
[2023-09-13T07:59:57.005+0000] {processor.py:809} INFO - DAG(s) dict_keys(['tutorial_taskflow_api']) retrieved from /home/airflow/.local/lib/python3.7/site-packages/airflow/example_dags/tutorial_taskflow_api.py
[2023-09-13T07:59:57.072+0000] {logging_mixin.py:149} INFO - [2023-09-13T07:59:57.071+0000] {dag.py:2726} INFO - Sync 1 DAGs
[2023-09-13T07:59:57.358+0000] {logging_mixin.py:149} INFO - [2023-09-13T07:59:57.358+0000] {dag.py:3490} INFO - Setting next_dagrun for tutorial_taskflow_api to None, run_after=None
[2023-09-13T07:59:57.419+0000] {processor.py:178} INFO - Processing /home/airflow/.local/lib/python3.7/site-packages/airflow/example_dags/tutorial_taskflow_api.py took 0.442 seconds
[2023-09-13T08:00:28.138+0000] {processor.py:156} INFO - Started process (PID=240) to work on /home/airflow/.local/lib/python3.7/site-packages/airflow/example_dags/tutorial_taskflow_api.py
[2023-09-13T08:00:28.140+0000] {processor.py:799} INFO - Processing file /home/airflow/.local/lib/python3.7/site-packages/airflow/example_dags/tutorial_taskflow_api.py for tasks to queue
[2023-09-13T08:00:28.143+0000] {logging_mixin.py:149} INFO - [2023-09-13T08:00:28.142+0000] {dagbag.py:541} INFO - Filling up the DagBag from /home/airflow/.local/lib/python3.7/site-packages/airflow/example_dags/tutorial_taskflow_api.py
[2023-09-13T08:00:28.157+0000] {processor.py:809} INFO - DAG(s) dict_keys(['tutorial_taskflow_api']) retrieved from /home/airflow/.local/lib/python3.7/site-packages/airflow/example_dags/tutorial_taskflow_api.py
[2023-09-13T08:00:28.212+0000] {logging_mixin.py:149} INFO - [2023-09-13T08:00:28.211+0000] {dag.py:2726} INFO - Sync 1 DAGs
[2023-09-13T08:00:28.273+0000] {logging_mixin.py:149} INFO - [2023-09-13T08:00:28.272+0000] {dag.py:3490} INFO - Setting next_dagrun for tutorial_taskflow_api to None, run_after=None
[2023-09-13T08:00:28.320+0000] {processor.py:178} INFO - Processing /home/airflow/.local/lib/python3.7/site-packages/airflow/example_dags/tutorial_taskflow_api.py took 0.189 seconds
[2023-09-13T08:01:00.600+0000] {processor.py:156} INFO - Started process (PID=300) to work on /home/airflow/.local/lib/python3.7/site-packages/airflow/example_dags/tutorial_taskflow_api.py
[2023-09-13T08:01:00.605+0000] {processor.py:799} INFO - Processing file /home/airflow/.local/lib/python3.7/site-packages/airflow/example_dags/tutorial_taskflow_api.py for tasks to queue
[2023-09-13T08:01:00.609+0000] {logging_mixin.py:149} INFO - [2023-09-13T08:01:00.608+0000] {dagbag.py:541} INFO - Filling up the DagBag from /home/airflow/.local/lib/python3.7/site-packages/airflow/example_dags/tutorial_taskflow_api.py
[2023-09-13T08:01:00.630+0000] {processor.py:809} INFO - DAG(s) dict_keys(['tutorial_taskflow_api']) retrieved from /home/airflow/.local/lib/python3.7/site-packages/airflow/example_dags/tutorial_taskflow_api.py
[2023-09-13T08:01:00.761+0000] {logging_mixin.py:149} INFO - [2023-09-13T08:01:00.761+0000] {dag.py:2726} INFO - Sync 1 DAGs
[2023-09-13T08:01:00.902+0000] {logging_mixin.py:149} INFO - [2023-09-13T08:01:00.901+0000] {dag.py:3490} INFO - Setting next_dagrun for tutorial_taskflow_api to None, run_after=None
[2023-09-13T08:01:01.014+0000] {processor.py:178} INFO - Processing /home/airflow/.local/lib/python3.7/site-packages/airflow/example_dags/tutorial_taskflow_api.py took 0.431 seconds
[2023-09-13T08:01:31.265+0000] {processor.py:156} INFO - Started process (PID=360) to work on /home/airflow/.local/lib/python3.7/site-packages/airflow/example_dags/tutorial_taskflow_api.py
[2023-09-13T08:01:31.273+0000] {processor.py:799} INFO - Processing file /home/airflow/.local/lib/python3.7/site-packages/airflow/example_dags/tutorial_taskflow_api.py for tasks to queue
[2023-09-13T08:01:31.275+0000] {logging_mixin.py:149} INFO - [2023-09-13T08:01:31.275+0000] {dagbag.py:541} INFO - Filling up the DagBag from /home/airflow/.local/lib/python3.7/site-packages/airflow/example_dags/tutorial_taskflow_api.py
[2023-09-13T08:01:31.299+0000] {processor.py:809} INFO - DAG(s) dict_keys(['tutorial_taskflow_api']) retrieved from /home/airflow/.local/lib/python3.7/site-packages/airflow/example_dags/tutorial_taskflow_api.py
[2023-09-13T08:01:31.408+0000] {logging_mixin.py:149} INFO - [2023-09-13T08:01:31.405+0000] {dag.py:2726} INFO - Sync 1 DAGs
[2023-09-13T08:01:31.601+0000] {logging_mixin.py:149} INFO - [2023-09-13T08:01:31.601+0000] {dag.py:3490} INFO - Setting next_dagrun for tutorial_taskflow_api to None, run_after=None
[2023-09-13T08:01:31.735+0000] {processor.py:178} INFO - Processing /home/airflow/.local/lib/python3.7/site-packages/airflow/example_dags/tutorial_taskflow_api.py took 0.482 seconds
[2023-09-13T08:02:03.508+0000] {processor.py:156} INFO - Started process (PID=420) to work on /home/airflow/.local/lib/python3.7/site-packages/airflow/example_dags/tutorial_taskflow_api.py
[2023-09-13T08:02:03.511+0000] {processor.py:799} INFO - Processing file /home/airflow/.local/lib/python3.7/site-packages/airflow/example_dags/tutorial_taskflow_api.py for tasks to queue
[2023-09-13T08:02:03.514+0000] {logging_mixin.py:149} INFO - [2023-09-13T08:02:03.514+0000] {dagbag.py:541} INFO - Filling up the DagBag from /home/airflow/.local/lib/python3.7/site-packages/airflow/example_dags/tutorial_taskflow_api.py
[2023-09-13T08:02:03.545+0000] {processor.py:809} INFO - DAG(s) dict_keys(['tutorial_taskflow_api']) retrieved from /home/airflow/.local/lib/python3.7/site-packages/airflow/example_dags/tutorial_taskflow_api.py
[2023-09-13T08:02:03.636+0000] {logging_mixin.py:149} INFO - [2023-09-13T08:02:03.636+0000] {dag.py:2726} INFO - Sync 1 DAGs
[2023-09-13T08:02:03.745+0000] {logging_mixin.py:149} INFO - [2023-09-13T08:02:03.745+0000] {dag.py:3490} INFO - Setting next_dagrun for tutorial_taskflow_api to None, run_after=None
[2023-09-13T08:02:03.822+0000] {processor.py:178} INFO - Processing /home/airflow/.local/lib/python3.7/site-packages/airflow/example_dags/tutorial_taskflow_api.py took 0.324 seconds
[2023-09-13T08:02:33.963+0000] {processor.py:156} INFO - Started process (PID=480) to work on /home/airflow/.local/lib/python3.7/site-packages/airflow/example_dags/tutorial_taskflow_api.py
[2023-09-13T08:02:33.966+0000] {processor.py:799} INFO - Processing file /home/airflow/.local/lib/python3.7/site-packages/airflow/example_dags/tutorial_taskflow_api.py for tasks to queue
[2023-09-13T08:02:33.969+0000] {logging_mixin.py:149} INFO - [2023-09-13T08:02:33.969+0000] {dagbag.py:541} INFO - Filling up the DagBag from /home/airflow/.local/lib/python3.7/site-packages/airflow/example_dags/tutorial_taskflow_api.py
[2023-09-13T08:02:33.981+0000] {processor.py:809} INFO - DAG(s) dict_keys(['tutorial_taskflow_api']) retrieved from /home/airflow/.local/lib/python3.7/site-packages/airflow/example_dags/tutorial_taskflow_api.py
[2023-09-13T08:02:34.031+0000] {logging_mixin.py:149} INFO - [2023-09-13T08:02:34.031+0000] {dag.py:2726} INFO - Sync 1 DAGs
[2023-09-13T08:02:34.080+0000] {logging_mixin.py:149} INFO - [2023-09-13T08:02:34.079+0000] {dag.py:3490} INFO - Setting next_dagrun for tutorial_taskflow_api to None, run_after=None
[2023-09-13T08:02:34.123+0000] {processor.py:178} INFO - Processing /home/airflow/.local/lib/python3.7/site-packages/airflow/example_dags/tutorial_taskflow_api.py took 0.168 seconds
[2023-09-13T08:03:07.196+0000] {processor.py:156} INFO - Started process (PID=540) to work on /home/airflow/.local/lib/python3.7/site-packages/airflow/example_dags/tutorial_taskflow_api.py
[2023-09-13T08:03:07.200+0000] {processor.py:799} INFO - Processing file /home/airflow/.local/lib/python3.7/site-packages/airflow/example_dags/tutorial_taskflow_api.py for tasks to queue
[2023-09-13T08:03:07.204+0000] {logging_mixin.py:149} INFO - [2023-09-13T08:03:07.204+0000] {dagbag.py:541} INFO - Filling up the DagBag from /home/airflow/.local/lib/python3.7/site-packages/airflow/example_dags/tutorial_taskflow_api.py
[2023-09-13T08:03:07.233+0000] {processor.py:809} INFO - DAG(s) dict_keys(['tutorial_taskflow_api']) retrieved from /home/airflow/.local/lib/python3.7/site-packages/airflow/example_dags/tutorial_taskflow_api.py
[2023-09-13T08:03:07.368+0000] {logging_mixin.py:149} INFO - [2023-09-13T08:03:07.368+0000] {dag.py:2726} INFO - Sync 1 DAGs
[2023-09-13T08:03:07.528+0000] {logging_mixin.py:149} INFO - [2023-09-13T08:03:07.527+0000] {dag.py:3490} INFO - Setting next_dagrun for tutorial_taskflow_api to None, run_after=None
[2023-09-13T08:03:07.638+0000] {processor.py:178} INFO - Processing /home/airflow/.local/lib/python3.7/site-packages/airflow/example_dags/tutorial_taskflow_api.py took 0.453 seconds
[2023-09-13T08:03:38.547+0000] {processor.py:156} INFO - Started process (PID=600) to work on /home/airflow/.local/lib/python3.7/site-packages/airflow/example_dags/tutorial_taskflow_api.py
[2023-09-13T08:03:38.560+0000] {processor.py:799} INFO - Processing file /home/airflow/.local/lib/python3.7/site-packages/airflow/example_dags/tutorial_taskflow_api.py for tasks to queue
[2023-09-13T08:03:38.564+0000] {logging_mixin.py:149} INFO - [2023-09-13T08:03:38.563+0000] {dagbag.py:541} INFO - Filling up the DagBag from /home/airflow/.local/lib/python3.7/site-packages/airflow/example_dags/tutorial_taskflow_api.py
[2023-09-13T08:03:38.605+0000] {processor.py:809} INFO - DAG(s) dict_keys(['tutorial_taskflow_api']) retrieved from /home/airflow/.local/lib/python3.7/site-packages/airflow/example_dags/tutorial_taskflow_api.py
[2023-09-13T08:03:38.724+0000] {logging_mixin.py:149} INFO - [2023-09-13T08:03:38.723+0000] {dag.py:2726} INFO - Sync 1 DAGs
[2023-09-13T08:03:38.895+0000] {logging_mixin.py:149} INFO - [2023-09-13T08:03:38.894+0000] {dag.py:3490} INFO - Setting next_dagrun for tutorial_taskflow_api to None, run_after=None
[2023-09-13T08:03:39.000+0000] {processor.py:178} INFO - Processing /home/airflow/.local/lib/python3.7/site-packages/airflow/example_dags/tutorial_taskflow_api.py took 0.463 seconds
[2023-09-13T08:04:09.679+0000] {processor.py:156} INFO - Started process (PID=661) to work on /home/airflow/.local/lib/python3.7/site-packages/airflow/example_dags/tutorial_taskflow_api.py
[2023-09-13T08:04:09.687+0000] {processor.py:799} INFO - Processing file /home/airflow/.local/lib/python3.7/site-packages/airflow/example_dags/tutorial_taskflow_api.py for tasks to queue
[2023-09-13T08:04:09.690+0000] {logging_mixin.py:149} INFO - [2023-09-13T08:04:09.690+0000] {dagbag.py:541} INFO - Filling up the DagBag from /home/airflow/.local/lib/python3.7/site-packages/airflow/example_dags/tutorial_taskflow_api.py
[2023-09-13T08:04:09.711+0000] {processor.py:809} INFO - DAG(s) dict_keys(['tutorial_taskflow_api']) retrieved from /home/airflow/.local/lib/python3.7/site-packages/airflow/example_dags/tutorial_taskflow_api.py
[2023-09-13T08:04:09.825+0000] {logging_mixin.py:149} INFO - [2023-09-13T08:04:09.824+0000] {dag.py:2726} INFO - Sync 1 DAGs
[2023-09-13T08:04:10.048+0000] {logging_mixin.py:149} INFO - [2023-09-13T08:04:10.047+0000] {dag.py:3490} INFO - Setting next_dagrun for tutorial_taskflow_api to None, run_after=None
[2023-09-13T08:04:10.216+0000] {processor.py:178} INFO - Processing /home/airflow/.local/lib/python3.7/site-packages/airflow/example_dags/tutorial_taskflow_api.py took 0.549 seconds
[2023-09-13T08:04:40.777+0000] {processor.py:156} INFO - Started process (PID=721) to work on /home/airflow/.local/lib/python3.7/site-packages/airflow/example_dags/tutorial_taskflow_api.py
[2023-09-13T08:04:40.779+0000] {processor.py:799} INFO - Processing file /home/airflow/.local/lib/python3.7/site-packages/airflow/example_dags/tutorial_taskflow_api.py for tasks to queue
[2023-09-13T08:04:40.787+0000] {logging_mixin.py:149} INFO - [2023-09-13T08:04:40.786+0000] {dagbag.py:541} INFO - Filling up the DagBag from /home/airflow/.local/lib/python3.7/site-packages/airflow/example_dags/tutorial_taskflow_api.py
[2023-09-13T08:04:40.813+0000] {processor.py:809} INFO - DAG(s) dict_keys(['tutorial_taskflow_api']) retrieved from /home/airflow/.local/lib/python3.7/site-packages/airflow/example_dags/tutorial_taskflow_api.py
[2023-09-13T08:04:40.910+0000] {logging_mixin.py:149} INFO - [2023-09-13T08:04:40.909+0000] {dag.py:2726} INFO - Sync 1 DAGs
[2023-09-13T08:04:41.010+0000] {logging_mixin.py:149} INFO - [2023-09-13T08:04:41.009+0000] {dag.py:3490} INFO - Setting next_dagrun for tutorial_taskflow_api to None, run_after=None
[2023-09-13T08:04:41.097+0000] {processor.py:178} INFO - Processing /home/airflow/.local/lib/python3.7/site-packages/airflow/example_dags/tutorial_taskflow_api.py took 0.334 seconds
[2023-09-13T08:05:11.382+0000] {processor.py:156} INFO - Started process (PID=780) to work on /home/airflow/.local/lib/python3.7/site-packages/airflow/example_dags/tutorial_taskflow_api.py
[2023-09-13T08:05:11.393+0000] {processor.py:799} INFO - Processing file /home/airflow/.local/lib/python3.7/site-packages/airflow/example_dags/tutorial_taskflow_api.py for tasks to queue
[2023-09-13T08:05:11.396+0000] {logging_mixin.py:149} INFO - [2023-09-13T08:05:11.396+0000] {dagbag.py:541} INFO - Filling up the DagBag from /home/airflow/.local/lib/python3.7/site-packages/airflow/example_dags/tutorial_taskflow_api.py
[2023-09-13T08:05:11.436+0000] {processor.py:809} INFO - DAG(s) dict_keys(['tutorial_taskflow_api']) retrieved from /home/airflow/.local/lib/python3.7/site-packages/airflow/example_dags/tutorial_taskflow_api.py
[2023-09-13T08:05:11.561+0000] {logging_mixin.py:149} INFO - [2023-09-13T08:05:11.560+0000] {dag.py:2726} INFO - Sync 1 DAGs
[2023-09-13T08:05:11.679+0000] {logging_mixin.py:149} INFO - [2023-09-13T08:05:11.678+0000] {dag.py:3490} INFO - Setting next_dagrun for tutorial_taskflow_api to None, run_after=None
[2023-09-13T08:05:11.810+0000] {processor.py:178} INFO - Processing /home/airflow/.local/lib/python3.7/site-packages/airflow/example_dags/tutorial_taskflow_api.py took 0.435 seconds
[2023-09-13T08:05:44.274+0000] {processor.py:156} INFO - Started process (PID=848) to work on /home/airflow/.local/lib/python3.7/site-packages/airflow/example_dags/tutorial_taskflow_api.py
[2023-09-13T08:05:44.280+0000] {processor.py:799} INFO - Processing file /home/airflow/.local/lib/python3.7/site-packages/airflow/example_dags/tutorial_taskflow_api.py for tasks to queue
[2023-09-13T08:05:44.313+0000] {logging_mixin.py:149} INFO - [2023-09-13T08:05:44.312+0000] {dagbag.py:541} INFO - Filling up the DagBag from /home/airflow/.local/lib/python3.7/site-packages/airflow/example_dags/tutorial_taskflow_api.py
[2023-09-13T08:05:44.353+0000] {processor.py:809} INFO - DAG(s) dict_keys(['tutorial_taskflow_api']) retrieved from /home/airflow/.local/lib/python3.7/site-packages/airflow/example_dags/tutorial_taskflow_api.py
[2023-09-13T08:05:44.527+0000] {logging_mixin.py:149} INFO - [2023-09-13T08:05:44.526+0000] {dag.py:2726} INFO - Sync 1 DAGs
[2023-09-13T08:05:44.720+0000] {logging_mixin.py:149} INFO - [2023-09-13T08:05:44.720+0000] {dag.py:3490} INFO - Setting next_dagrun for tutorial_taskflow_api to None, run_after=None
[2023-09-13T08:05:44.855+0000] {processor.py:178} INFO - Processing /home/airflow/.local/lib/python3.7/site-packages/airflow/example_dags/tutorial_taskflow_api.py took 0.601 seconds
[2023-09-13T08:06:15.260+0000] {processor.py:156} INFO - Started process (PID=908) to work on /home/airflow/.local/lib/python3.7/site-packages/airflow/example_dags/tutorial_taskflow_api.py
[2023-09-13T08:06:15.263+0000] {processor.py:799} INFO - Processing file /home/airflow/.local/lib/python3.7/site-packages/airflow/example_dags/tutorial_taskflow_api.py for tasks to queue
[2023-09-13T08:06:15.270+0000] {logging_mixin.py:149} INFO - [2023-09-13T08:06:15.269+0000] {dagbag.py:541} INFO - Filling up the DagBag from /home/airflow/.local/lib/python3.7/site-packages/airflow/example_dags/tutorial_taskflow_api.py
[2023-09-13T08:06:15.293+0000] {processor.py:809} INFO - DAG(s) dict_keys(['tutorial_taskflow_api']) retrieved from /home/airflow/.local/lib/python3.7/site-packages/airflow/example_dags/tutorial_taskflow_api.py
[2023-09-13T08:06:15.358+0000] {logging_mixin.py:149} INFO - [2023-09-13T08:06:15.358+0000] {dag.py:2726} INFO - Sync 1 DAGs
[2023-09-13T08:06:15.432+0000] {logging_mixin.py:149} INFO - [2023-09-13T08:06:15.432+0000] {dag.py:3490} INFO - Setting next_dagrun for tutorial_taskflow_api to None, run_after=None
[2023-09-13T08:06:15.501+0000] {processor.py:178} INFO - Processing /home/airflow/.local/lib/python3.7/site-packages/airflow/example_dags/tutorial_taskflow_api.py took 0.249 seconds
[2023-09-13T08:06:45.924+0000] {processor.py:156} INFO - Started process (PID=968) to work on /home/airflow/.local/lib/python3.7/site-packages/airflow/example_dags/tutorial_taskflow_api.py
[2023-09-13T08:06:45.927+0000] {processor.py:799} INFO - Processing file /home/airflow/.local/lib/python3.7/site-packages/airflow/example_dags/tutorial_taskflow_api.py for tasks to queue
[2023-09-13T08:06:45.931+0000] {logging_mixin.py:149} INFO - [2023-09-13T08:06:45.930+0000] {dagbag.py:541} INFO - Filling up the DagBag from /home/airflow/.local/lib/python3.7/site-packages/airflow/example_dags/tutorial_taskflow_api.py
[2023-09-13T08:06:45.973+0000] {processor.py:809} INFO - DAG(s) dict_keys(['tutorial_taskflow_api']) retrieved from /home/airflow/.local/lib/python3.7/site-packages/airflow/example_dags/tutorial_taskflow_api.py
[2023-09-13T08:06:46.071+0000] {logging_mixin.py:149} INFO - [2023-09-13T08:06:46.071+0000] {dag.py:2726} INFO - Sync 1 DAGs
[2023-09-13T08:06:46.195+0000] {logging_mixin.py:149} INFO - [2023-09-13T08:06:46.194+0000] {dag.py:3490} INFO - Setting next_dagrun for tutorial_taskflow_api to None, run_after=None
[2023-09-13T08:06:46.280+0000] {processor.py:178} INFO - Processing /home/airflow/.local/lib/python3.7/site-packages/airflow/example_dags/tutorial_taskflow_api.py took 0.375 seconds
[2023-09-13T08:07:16.560+0000] {processor.py:156} INFO - Started process (PID=1028) to work on /home/airflow/.local/lib/python3.7/site-packages/airflow/example_dags/tutorial_taskflow_api.py
[2023-09-13T08:07:16.563+0000] {processor.py:799} INFO - Processing file /home/airflow/.local/lib/python3.7/site-packages/airflow/example_dags/tutorial_taskflow_api.py for tasks to queue
[2023-09-13T08:07:16.566+0000] {logging_mixin.py:149} INFO - [2023-09-13T08:07:16.566+0000] {dagbag.py:541} INFO - Filling up the DagBag from /home/airflow/.local/lib/python3.7/site-packages/airflow/example_dags/tutorial_taskflow_api.py
[2023-09-13T08:07:16.597+0000] {processor.py:809} INFO - DAG(s) dict_keys(['tutorial_taskflow_api']) retrieved from /home/airflow/.local/lib/python3.7/site-packages/airflow/example_dags/tutorial_taskflow_api.py
[2023-09-13T08:07:16.731+0000] {logging_mixin.py:149} INFO - [2023-09-13T08:07:16.731+0000] {dag.py:2726} INFO - Sync 1 DAGs
[2023-09-13T08:07:16.844+0000] {logging_mixin.py:149} INFO - [2023-09-13T08:07:16.844+0000] {dag.py:3490} INFO - Setting next_dagrun for tutorial_taskflow_api to None, run_after=None
[2023-09-13T08:07:16.930+0000] {processor.py:178} INFO - Processing /home/airflow/.local/lib/python3.7/site-packages/airflow/example_dags/tutorial_taskflow_api.py took 0.386 seconds
[2023-09-13T08:07:47.778+0000] {processor.py:156} INFO - Started process (PID=1088) to work on /home/airflow/.local/lib/python3.7/site-packages/airflow/example_dags/tutorial_taskflow_api.py
[2023-09-13T08:07:47.781+0000] {processor.py:799} INFO - Processing file /home/airflow/.local/lib/python3.7/site-packages/airflow/example_dags/tutorial_taskflow_api.py for tasks to queue
[2023-09-13T08:07:47.783+0000] {logging_mixin.py:149} INFO - [2023-09-13T08:07:47.783+0000] {dagbag.py:541} INFO - Filling up the DagBag from /home/airflow/.local/lib/python3.7/site-packages/airflow/example_dags/tutorial_taskflow_api.py
[2023-09-13T08:07:47.802+0000] {processor.py:809} INFO - DAG(s) dict_keys(['tutorial_taskflow_api']) retrieved from /home/airflow/.local/lib/python3.7/site-packages/airflow/example_dags/tutorial_taskflow_api.py
[2023-09-13T08:07:47.856+0000] {logging_mixin.py:149} INFO - [2023-09-13T08:07:47.856+0000] {dag.py:2726} INFO - Sync 1 DAGs
[2023-09-13T08:07:47.936+0000] {logging_mixin.py:149} INFO - [2023-09-13T08:07:47.935+0000] {dag.py:3490} INFO - Setting next_dagrun for tutorial_taskflow_api to None, run_after=None
[2023-09-13T08:07:48.010+0000] {processor.py:178} INFO - Processing /home/airflow/.local/lib/python3.7/site-packages/airflow/example_dags/tutorial_taskflow_api.py took 0.238 seconds
[2023-09-13T08:08:18.743+0000] {processor.py:156} INFO - Started process (PID=1148) to work on /home/airflow/.local/lib/python3.7/site-packages/airflow/example_dags/tutorial_taskflow_api.py
[2023-09-13T08:08:18.747+0000] {processor.py:799} INFO - Processing file /home/airflow/.local/lib/python3.7/site-packages/airflow/example_dags/tutorial_taskflow_api.py for tasks to queue
[2023-09-13T08:08:18.752+0000] {logging_mixin.py:149} INFO - [2023-09-13T08:08:18.751+0000] {dagbag.py:541} INFO - Filling up the DagBag from /home/airflow/.local/lib/python3.7/site-packages/airflow/example_dags/tutorial_taskflow_api.py
[2023-09-13T08:08:18.769+0000] {processor.py:809} INFO - DAG(s) dict_keys(['tutorial_taskflow_api']) retrieved from /home/airflow/.local/lib/python3.7/site-packages/airflow/example_dags/tutorial_taskflow_api.py
[2023-09-13T08:08:18.850+0000] {logging_mixin.py:149} INFO - [2023-09-13T08:08:18.849+0000] {dag.py:2726} INFO - Sync 1 DAGs
[2023-09-13T08:08:18.943+0000] {logging_mixin.py:149} INFO - [2023-09-13T08:08:18.942+0000] {dag.py:3490} INFO - Setting next_dagrun for tutorial_taskflow_api to None, run_after=None
[2023-09-13T08:08:19.012+0000] {processor.py:178} INFO - Processing /home/airflow/.local/lib/python3.7/site-packages/airflow/example_dags/tutorial_taskflow_api.py took 0.278 seconds
[2023-09-13T08:08:49.276+0000] {processor.py:156} INFO - Started process (PID=1208) to work on /home/airflow/.local/lib/python3.7/site-packages/airflow/example_dags/tutorial_taskflow_api.py
[2023-09-13T08:08:49.279+0000] {processor.py:799} INFO - Processing file /home/airflow/.local/lib/python3.7/site-packages/airflow/example_dags/tutorial_taskflow_api.py for tasks to queue
[2023-09-13T08:08:49.281+0000] {logging_mixin.py:149} INFO - [2023-09-13T08:08:49.281+0000] {dagbag.py:541} INFO - Filling up the DagBag from /home/airflow/.local/lib/python3.7/site-packages/airflow/example_dags/tutorial_taskflow_api.py
[2023-09-13T08:08:49.296+0000] {processor.py:809} INFO - DAG(s) dict_keys(['tutorial_taskflow_api']) retrieved from /home/airflow/.local/lib/python3.7/site-packages/airflow/example_dags/tutorial_taskflow_api.py
[2023-09-13T08:08:49.341+0000] {logging_mixin.py:149} INFO - [2023-09-13T08:08:49.340+0000] {dag.py:2726} INFO - Sync 1 DAGs
[2023-09-13T08:08:49.423+0000] {logging_mixin.py:149} INFO - [2023-09-13T08:08:49.423+0000] {dag.py:3490} INFO - Setting next_dagrun for tutorial_taskflow_api to None, run_after=None
[2023-09-13T08:08:49.472+0000] {processor.py:178} INFO - Processing /home/airflow/.local/lib/python3.7/site-packages/airflow/example_dags/tutorial_taskflow_api.py took 0.203 seconds
[2023-09-13T08:09:19.890+0000] {processor.py:156} INFO - Started process (PID=1268) to work on /home/airflow/.local/lib/python3.7/site-packages/airflow/example_dags/tutorial_taskflow_api.py
[2023-09-13T08:09:19.893+0000] {processor.py:799} INFO - Processing file /home/airflow/.local/lib/python3.7/site-packages/airflow/example_dags/tutorial_taskflow_api.py for tasks to queue
[2023-09-13T08:09:19.896+0000] {logging_mixin.py:149} INFO - [2023-09-13T08:09:19.895+0000] {dagbag.py:541} INFO - Filling up the DagBag from /home/airflow/.local/lib/python3.7/site-packages/airflow/example_dags/tutorial_taskflow_api.py
[2023-09-13T08:09:19.912+0000] {processor.py:809} INFO - DAG(s) dict_keys(['tutorial_taskflow_api']) retrieved from /home/airflow/.local/lib/python3.7/site-packages/airflow/example_dags/tutorial_taskflow_api.py
[2023-09-13T08:09:19.972+0000] {logging_mixin.py:149} INFO - [2023-09-13T08:09:19.972+0000] {dag.py:2726} INFO - Sync 1 DAGs
[2023-09-13T08:09:20.032+0000] {logging_mixin.py:149} INFO - [2023-09-13T08:09:20.032+0000] {dag.py:3490} INFO - Setting next_dagrun for tutorial_taskflow_api to None, run_after=None
[2023-09-13T08:09:20.090+0000] {processor.py:178} INFO - Processing /home/airflow/.local/lib/python3.7/site-packages/airflow/example_dags/tutorial_taskflow_api.py took 0.210 seconds
[2023-09-13T08:09:50.371+0000] {processor.py:156} INFO - Started process (PID=1328) to work on /home/airflow/.local/lib/python3.7/site-packages/airflow/example_dags/tutorial_taskflow_api.py
[2023-09-13T08:09:50.373+0000] {processor.py:799} INFO - Processing file /home/airflow/.local/lib/python3.7/site-packages/airflow/example_dags/tutorial_taskflow_api.py for tasks to queue
[2023-09-13T08:09:50.376+0000] {logging_mixin.py:149} INFO - [2023-09-13T08:09:50.375+0000] {dagbag.py:541} INFO - Filling up the DagBag from /home/airflow/.local/lib/python3.7/site-packages/airflow/example_dags/tutorial_taskflow_api.py
[2023-09-13T08:09:50.390+0000] {processor.py:809} INFO - DAG(s) dict_keys(['tutorial_taskflow_api']) retrieved from /home/airflow/.local/lib/python3.7/site-packages/airflow/example_dags/tutorial_taskflow_api.py
[2023-09-13T08:09:50.451+0000] {logging_mixin.py:149} INFO - [2023-09-13T08:09:50.451+0000] {dag.py:2726} INFO - Sync 1 DAGs
[2023-09-13T08:09:50.536+0000] {logging_mixin.py:149} INFO - [2023-09-13T08:09:50.536+0000] {dag.py:3490} INFO - Setting next_dagrun for tutorial_taskflow_api to None, run_after=None
[2023-09-13T08:09:50.590+0000] {processor.py:178} INFO - Processing /home/airflow/.local/lib/python3.7/site-packages/airflow/example_dags/tutorial_taskflow_api.py took 0.225 seconds
[2023-09-13T08:10:20.891+0000] {processor.py:156} INFO - Started process (PID=1388) to work on /home/airflow/.local/lib/python3.7/site-packages/airflow/example_dags/tutorial_taskflow_api.py
[2023-09-13T08:10:20.893+0000] {processor.py:799} INFO - Processing file /home/airflow/.local/lib/python3.7/site-packages/airflow/example_dags/tutorial_taskflow_api.py for tasks to queue
[2023-09-13T08:10:20.896+0000] {logging_mixin.py:149} INFO - [2023-09-13T08:10:20.896+0000] {dagbag.py:541} INFO - Filling up the DagBag from /home/airflow/.local/lib/python3.7/site-packages/airflow/example_dags/tutorial_taskflow_api.py
[2023-09-13T08:10:20.914+0000] {processor.py:809} INFO - DAG(s) dict_keys(['tutorial_taskflow_api']) retrieved from /home/airflow/.local/lib/python3.7/site-packages/airflow/example_dags/tutorial_taskflow_api.py
[2023-09-13T08:10:20.970+0000] {logging_mixin.py:149} INFO - [2023-09-13T08:10:20.970+0000] {dag.py:2726} INFO - Sync 1 DAGs
[2023-09-13T08:10:21.039+0000] {logging_mixin.py:149} INFO - [2023-09-13T08:10:21.039+0000] {dag.py:3490} INFO - Setting next_dagrun for tutorial_taskflow_api to None, run_after=None
[2023-09-13T08:10:21.096+0000] {processor.py:178} INFO - Processing /home/airflow/.local/lib/python3.7/site-packages/airflow/example_dags/tutorial_taskflow_api.py took 0.210 seconds
[2023-09-13T08:10:51.275+0000] {processor.py:156} INFO - Started process (PID=1449) to work on /home/airflow/.local/lib/python3.7/site-packages/airflow/example_dags/tutorial_taskflow_api.py
[2023-09-13T08:10:51.278+0000] {processor.py:799} INFO - Processing file /home/airflow/.local/lib/python3.7/site-packages/airflow/example_dags/tutorial_taskflow_api.py for tasks to queue
[2023-09-13T08:10:51.281+0000] {logging_mixin.py:149} INFO - [2023-09-13T08:10:51.280+0000] {dagbag.py:541} INFO - Filling up the DagBag from /home/airflow/.local/lib/python3.7/site-packages/airflow/example_dags/tutorial_taskflow_api.py
[2023-09-13T08:10:51.297+0000] {processor.py:809} INFO - DAG(s) dict_keys(['tutorial_taskflow_api']) retrieved from /home/airflow/.local/lib/python3.7/site-packages/airflow/example_dags/tutorial_taskflow_api.py
[2023-09-13T08:10:51.362+0000] {logging_mixin.py:149} INFO - [2023-09-13T08:10:51.361+0000] {dag.py:2726} INFO - Sync 1 DAGs
[2023-09-13T08:10:51.449+0000] {logging_mixin.py:149} INFO - [2023-09-13T08:10:51.448+0000] {dag.py:3490} INFO - Setting next_dagrun for tutorial_taskflow_api to None, run_after=None
[2023-09-13T08:10:51.518+0000] {processor.py:178} INFO - Processing /home/airflow/.local/lib/python3.7/site-packages/airflow/example_dags/tutorial_taskflow_api.py took 0.251 seconds
[2023-09-13T08:11:21.659+0000] {processor.py:156} INFO - Started process (PID=1509) to work on /home/airflow/.local/lib/python3.7/site-packages/airflow/example_dags/tutorial_taskflow_api.py
[2023-09-13T08:11:21.662+0000] {processor.py:799} INFO - Processing file /home/airflow/.local/lib/python3.7/site-packages/airflow/example_dags/tutorial_taskflow_api.py for tasks to queue
[2023-09-13T08:11:21.665+0000] {logging_mixin.py:149} INFO - [2023-09-13T08:11:21.665+0000] {dagbag.py:541} INFO - Filling up the DagBag from /home/airflow/.local/lib/python3.7/site-packages/airflow/example_dags/tutorial_taskflow_api.py
[2023-09-13T08:11:21.679+0000] {processor.py:809} INFO - DAG(s) dict_keys(['tutorial_taskflow_api']) retrieved from /home/airflow/.local/lib/python3.7/site-packages/airflow/example_dags/tutorial_taskflow_api.py
[2023-09-13T08:11:21.747+0000] {logging_mixin.py:149} INFO - [2023-09-13T08:11:21.746+0000] {dag.py:2726} INFO - Sync 1 DAGs
[2023-09-13T08:11:21.826+0000] {logging_mixin.py:149} INFO - [2023-09-13T08:11:21.826+0000] {dag.py:3490} INFO - Setting next_dagrun for tutorial_taskflow_api to None, run_after=None
[2023-09-13T08:11:21.893+0000] {processor.py:178} INFO - Processing /home/airflow/.local/lib/python3.7/site-packages/airflow/example_dags/tutorial_taskflow_api.py took 0.243 seconds
[2023-09-13T08:11:52.324+0000] {processor.py:156} INFO - Started process (PID=1569) to work on /home/airflow/.local/lib/python3.7/site-packages/airflow/example_dags/tutorial_taskflow_api.py
[2023-09-13T08:11:52.327+0000] {processor.py:799} INFO - Processing file /home/airflow/.local/lib/python3.7/site-packages/airflow/example_dags/tutorial_taskflow_api.py for tasks to queue
[2023-09-13T08:11:52.330+0000] {logging_mixin.py:149} INFO - [2023-09-13T08:11:52.330+0000] {dagbag.py:541} INFO - Filling up the DagBag from /home/airflow/.local/lib/python3.7/site-packages/airflow/example_dags/tutorial_taskflow_api.py
[2023-09-13T08:11:52.346+0000] {processor.py:809} INFO - DAG(s) dict_keys(['tutorial_taskflow_api']) retrieved from /home/airflow/.local/lib/python3.7/site-packages/airflow/example_dags/tutorial_taskflow_api.py
[2023-09-13T08:11:52.439+0000] {logging_mixin.py:149} INFO - [2023-09-13T08:11:52.439+0000] {dag.py:2726} INFO - Sync 1 DAGs
[2023-09-13T08:11:52.610+0000] {logging_mixin.py:149} INFO - [2023-09-13T08:11:52.610+0000] {dag.py:3490} INFO - Setting next_dagrun for tutorial_taskflow_api to None, run_after=None
[2023-09-13T08:11:52.707+0000] {processor.py:178} INFO - Processing /home/airflow/.local/lib/python3.7/site-packages/airflow/example_dags/tutorial_taskflow_api.py took 0.390 seconds
[2023-09-13T08:12:22.984+0000] {processor.py:156} INFO - Started process (PID=1629) to work on /home/airflow/.local/lib/python3.7/site-packages/airflow/example_dags/tutorial_taskflow_api.py
[2023-09-13T08:12:22.986+0000] {processor.py:799} INFO - Processing file /home/airflow/.local/lib/python3.7/site-packages/airflow/example_dags/tutorial_taskflow_api.py for tasks to queue
[2023-09-13T08:12:22.990+0000] {logging_mixin.py:149} INFO - [2023-09-13T08:12:22.990+0000] {dagbag.py:541} INFO - Filling up the DagBag from /home/airflow/.local/lib/python3.7/site-packages/airflow/example_dags/tutorial_taskflow_api.py
[2023-09-13T08:12:23.007+0000] {processor.py:809} INFO - DAG(s) dict_keys(['tutorial_taskflow_api']) retrieved from /home/airflow/.local/lib/python3.7/site-packages/airflow/example_dags/tutorial_taskflow_api.py
[2023-09-13T08:12:23.074+0000] {logging_mixin.py:149} INFO - [2023-09-13T08:12:23.073+0000] {dag.py:2726} INFO - Sync 1 DAGs
[2023-09-13T08:12:23.136+0000] {logging_mixin.py:149} INFO - [2023-09-13T08:12:23.136+0000] {dag.py:3490} INFO - Setting next_dagrun for tutorial_taskflow_api to None, run_after=None
[2023-09-13T08:12:23.192+0000] {processor.py:178} INFO - Processing /home/airflow/.local/lib/python3.7/site-packages/airflow/example_dags/tutorial_taskflow_api.py took 0.218 seconds
[2023-09-13T08:12:53.812+0000] {processor.py:156} INFO - Started process (PID=1689) to work on /home/airflow/.local/lib/python3.7/site-packages/airflow/example_dags/tutorial_taskflow_api.py
[2023-09-13T08:12:53.815+0000] {processor.py:799} INFO - Processing file /home/airflow/.local/lib/python3.7/site-packages/airflow/example_dags/tutorial_taskflow_api.py for tasks to queue
[2023-09-13T08:12:53.819+0000] {logging_mixin.py:149} INFO - [2023-09-13T08:12:53.818+0000] {dagbag.py:541} INFO - Filling up the DagBag from /home/airflow/.local/lib/python3.7/site-packages/airflow/example_dags/tutorial_taskflow_api.py
[2023-09-13T08:12:53.840+0000] {processor.py:809} INFO - DAG(s) dict_keys(['tutorial_taskflow_api']) retrieved from /home/airflow/.local/lib/python3.7/site-packages/airflow/example_dags/tutorial_taskflow_api.py
[2023-09-13T08:12:53.932+0000] {logging_mixin.py:149} INFO - [2023-09-13T08:12:53.931+0000] {dag.py:2726} INFO - Sync 1 DAGs
[2023-09-13T08:12:54.059+0000] {logging_mixin.py:149} INFO - [2023-09-13T08:12:54.058+0000] {dag.py:3490} INFO - Setting next_dagrun for tutorial_taskflow_api to None, run_after=None
[2023-09-13T08:12:54.174+0000] {processor.py:178} INFO - Processing /home/airflow/.local/lib/python3.7/site-packages/airflow/example_dags/tutorial_taskflow_api.py took 0.371 seconds
[2023-09-13T09:26:10.407+0000] {processor.py:156} INFO - Started process (PID=53) to work on /home/airflow/.local/lib/python3.7/site-packages/airflow/example_dags/tutorial_taskflow_api.py
[2023-09-13T09:26:10.409+0000] {processor.py:799} INFO - Processing file /home/airflow/.local/lib/python3.7/site-packages/airflow/example_dags/tutorial_taskflow_api.py for tasks to queue
[2023-09-13T09:26:10.410+0000] {logging_mixin.py:149} INFO - [2023-09-13T09:26:10.410+0000] {dagbag.py:541} INFO - Filling up the DagBag from /home/airflow/.local/lib/python3.7/site-packages/airflow/example_dags/tutorial_taskflow_api.py
[2023-09-13T09:26:10.424+0000] {processor.py:809} INFO - DAG(s) dict_keys(['tutorial_taskflow_api']) retrieved from /home/airflow/.local/lib/python3.7/site-packages/airflow/example_dags/tutorial_taskflow_api.py
[2023-09-13T09:26:10.473+0000] {logging_mixin.py:149} INFO - [2023-09-13T09:26:10.473+0000] {dag.py:2726} INFO - Sync 1 DAGs
[2023-09-13T09:26:10.518+0000] {logging_mixin.py:149} INFO - [2023-09-13T09:26:10.517+0000] {dag.py:3490} INFO - Setting next_dagrun for tutorial_taskflow_api to None, run_after=None
[2023-09-13T09:26:10.550+0000] {processor.py:178} INFO - Processing /home/airflow/.local/lib/python3.7/site-packages/airflow/example_dags/tutorial_taskflow_api.py took 0.147 seconds
