[2023-09-13T07:58:53.047+0000] {processor.py:156} INFO - Started process (PID=55) to work on /home/airflow/.local/lib/python3.7/site-packages/airflow/example_dags/tutorial.py
[2023-09-13T07:58:53.051+0000] {processor.py:799} INFO - Processing file /home/airflow/.local/lib/python3.7/site-packages/airflow/example_dags/tutorial.py for tasks to queue
[2023-09-13T07:58:53.054+0000] {logging_mixin.py:149} INFO - [2023-09-13T07:58:53.054+0000] {dagbag.py:541} INFO - Filling up the DagBag from /home/airflow/.local/lib/python3.7/site-packages/airflow/example_dags/tutorial.py
[2023-09-13T07:58:53.087+0000] {processor.py:809} INFO - DAG(s) dict_keys(['tutorial']) retrieved from /home/airflow/.local/lib/python3.7/site-packages/airflow/example_dags/tutorial.py
[2023-09-13T07:58:53.183+0000] {logging_mixin.py:149} INFO - [2023-09-13T07:58:53.183+0000] {dag.py:2726} INFO - Sync 1 DAGs
[2023-09-13T07:58:53.271+0000] {logging_mixin.py:149} INFO - [2023-09-13T07:58:53.271+0000] {dag.py:3490} INFO - Setting next_dagrun for tutorial to 2023-09-12T07:58:53.270438+00:00, run_after=2023-09-13T07:58:53.270438+00:00
[2023-09-13T07:58:53.333+0000] {processor.py:178} INFO - Processing /home/airflow/.local/lib/python3.7/site-packages/airflow/example_dags/tutorial.py took 0.304 seconds
[2023-09-13T07:59:24.055+0000] {processor.py:156} INFO - Started process (PID=115) to work on /home/airflow/.local/lib/python3.7/site-packages/airflow/example_dags/tutorial.py
[2023-09-13T07:59:24.058+0000] {processor.py:799} INFO - Processing file /home/airflow/.local/lib/python3.7/site-packages/airflow/example_dags/tutorial.py for tasks to queue
[2023-09-13T07:59:24.061+0000] {logging_mixin.py:149} INFO - [2023-09-13T07:59:24.061+0000] {dagbag.py:541} INFO - Filling up the DagBag from /home/airflow/.local/lib/python3.7/site-packages/airflow/example_dags/tutorial.py
[2023-09-13T07:59:24.076+0000] {processor.py:809} INFO - DAG(s) dict_keys(['tutorial']) retrieved from /home/airflow/.local/lib/python3.7/site-packages/airflow/example_dags/tutorial.py
[2023-09-13T07:59:24.129+0000] {logging_mixin.py:149} INFO - [2023-09-13T07:59:24.128+0000] {dag.py:2726} INFO - Sync 1 DAGs
[2023-09-13T07:59:24.200+0000] {logging_mixin.py:149} INFO - [2023-09-13T07:59:24.199+0000] {dag.py:3490} INFO - Setting next_dagrun for tutorial to 2023-09-12T07:59:24.199232+00:00, run_after=2023-09-13T07:59:24.199232+00:00
[2023-09-13T07:59:24.246+0000] {processor.py:178} INFO - Processing /home/airflow/.local/lib/python3.7/site-packages/airflow/example_dags/tutorial.py took 0.199 seconds
[2023-09-13T07:59:55.772+0000] {processor.py:156} INFO - Started process (PID=175) to work on /home/airflow/.local/lib/python3.7/site-packages/airflow/example_dags/tutorial.py
[2023-09-13T07:59:55.775+0000] {processor.py:799} INFO - Processing file /home/airflow/.local/lib/python3.7/site-packages/airflow/example_dags/tutorial.py for tasks to queue
[2023-09-13T07:59:55.777+0000] {logging_mixin.py:149} INFO - [2023-09-13T07:59:55.777+0000] {dagbag.py:541} INFO - Filling up the DagBag from /home/airflow/.local/lib/python3.7/site-packages/airflow/example_dags/tutorial.py
[2023-09-13T07:59:55.793+0000] {processor.py:809} INFO - DAG(s) dict_keys(['tutorial']) retrieved from /home/airflow/.local/lib/python3.7/site-packages/airflow/example_dags/tutorial.py
[2023-09-13T07:59:55.855+0000] {logging_mixin.py:149} INFO - [2023-09-13T07:59:55.855+0000] {dag.py:2726} INFO - Sync 1 DAGs
[2023-09-13T07:59:56.096+0000] {logging_mixin.py:149} INFO - [2023-09-13T07:59:56.096+0000] {dag.py:3490} INFO - Setting next_dagrun for tutorial to 2023-09-12T07:59:56.096038+00:00, run_after=2023-09-13T07:59:56.096038+00:00
[2023-09-13T07:59:56.146+0000] {processor.py:178} INFO - Processing /home/airflow/.local/lib/python3.7/site-packages/airflow/example_dags/tutorial.py took 0.381 seconds
[2023-09-13T08:00:26.703+0000] {processor.py:156} INFO - Started process (PID=235) to work on /home/airflow/.local/lib/python3.7/site-packages/airflow/example_dags/tutorial.py
[2023-09-13T08:00:26.706+0000] {processor.py:799} INFO - Processing file /home/airflow/.local/lib/python3.7/site-packages/airflow/example_dags/tutorial.py for tasks to queue
[2023-09-13T08:00:26.709+0000] {logging_mixin.py:149} INFO - [2023-09-13T08:00:26.708+0000] {dagbag.py:541} INFO - Filling up the DagBag from /home/airflow/.local/lib/python3.7/site-packages/airflow/example_dags/tutorial.py
[2023-09-13T08:00:26.724+0000] {processor.py:809} INFO - DAG(s) dict_keys(['tutorial']) retrieved from /home/airflow/.local/lib/python3.7/site-packages/airflow/example_dags/tutorial.py
[2023-09-13T08:00:26.772+0000] {logging_mixin.py:149} INFO - [2023-09-13T08:00:26.772+0000] {dag.py:2726} INFO - Sync 1 DAGs
[2023-09-13T08:00:26.825+0000] {logging_mixin.py:149} INFO - [2023-09-13T08:00:26.825+0000] {dag.py:3490} INFO - Setting next_dagrun for tutorial to 2023-09-12T08:00:26.824820+00:00, run_after=2023-09-13T08:00:26.824820+00:00
[2023-09-13T08:00:26.874+0000] {processor.py:178} INFO - Processing /home/airflow/.local/lib/python3.7/site-packages/airflow/example_dags/tutorial.py took 0.178 seconds
[2023-09-13T08:00:58.457+0000] {processor.py:156} INFO - Started process (PID=295) to work on /home/airflow/.local/lib/python3.7/site-packages/airflow/example_dags/tutorial.py
[2023-09-13T08:00:58.485+0000] {processor.py:799} INFO - Processing file /home/airflow/.local/lib/python3.7/site-packages/airflow/example_dags/tutorial.py for tasks to queue
[2023-09-13T08:00:58.502+0000] {logging_mixin.py:149} INFO - [2023-09-13T08:00:58.502+0000] {dagbag.py:541} INFO - Filling up the DagBag from /home/airflow/.local/lib/python3.7/site-packages/airflow/example_dags/tutorial.py
[2023-09-13T08:00:58.557+0000] {processor.py:809} INFO - DAG(s) dict_keys(['tutorial']) retrieved from /home/airflow/.local/lib/python3.7/site-packages/airflow/example_dags/tutorial.py
[2023-09-13T08:00:58.733+0000] {logging_mixin.py:149} INFO - [2023-09-13T08:00:58.733+0000] {dag.py:2726} INFO - Sync 1 DAGs
[2023-09-13T08:00:58.900+0000] {logging_mixin.py:149} INFO - [2023-09-13T08:00:58.899+0000] {dag.py:3490} INFO - Setting next_dagrun for tutorial to 2023-09-12T08:00:58.899029+00:00, run_after=2023-09-13T08:00:58.899029+00:00
[2023-09-13T08:00:59.030+0000] {processor.py:178} INFO - Processing /home/airflow/.local/lib/python3.7/site-packages/airflow/example_dags/tutorial.py took 0.587 seconds
[2023-09-13T08:01:29.507+0000] {processor.py:156} INFO - Started process (PID=355) to work on /home/airflow/.local/lib/python3.7/site-packages/airflow/example_dags/tutorial.py
[2023-09-13T08:01:29.512+0000] {processor.py:799} INFO - Processing file /home/airflow/.local/lib/python3.7/site-packages/airflow/example_dags/tutorial.py for tasks to queue
[2023-09-13T08:01:29.515+0000] {logging_mixin.py:149} INFO - [2023-09-13T08:01:29.515+0000] {dagbag.py:541} INFO - Filling up the DagBag from /home/airflow/.local/lib/python3.7/site-packages/airflow/example_dags/tutorial.py
[2023-09-13T08:01:29.531+0000] {processor.py:809} INFO - DAG(s) dict_keys(['tutorial']) retrieved from /home/airflow/.local/lib/python3.7/site-packages/airflow/example_dags/tutorial.py
[2023-09-13T08:01:29.615+0000] {logging_mixin.py:149} INFO - [2023-09-13T08:01:29.614+0000] {dag.py:2726} INFO - Sync 1 DAGs
[2023-09-13T08:01:29.681+0000] {logging_mixin.py:149} INFO - [2023-09-13T08:01:29.681+0000] {dag.py:3490} INFO - Setting next_dagrun for tutorial to 2023-09-12T08:01:29.681191+00:00, run_after=2023-09-13T08:01:29.681191+00:00
[2023-09-13T08:01:29.720+0000] {processor.py:178} INFO - Processing /home/airflow/.local/lib/python3.7/site-packages/airflow/example_dags/tutorial.py took 0.219 seconds
[2023-09-13T08:02:02.255+0000] {processor.py:156} INFO - Started process (PID=415) to work on /home/airflow/.local/lib/python3.7/site-packages/airflow/example_dags/tutorial.py
[2023-09-13T08:02:02.260+0000] {processor.py:799} INFO - Processing file /home/airflow/.local/lib/python3.7/site-packages/airflow/example_dags/tutorial.py for tasks to queue
[2023-09-13T08:02:02.273+0000] {logging_mixin.py:149} INFO - [2023-09-13T08:02:02.272+0000] {dagbag.py:541} INFO - Filling up the DagBag from /home/airflow/.local/lib/python3.7/site-packages/airflow/example_dags/tutorial.py
[2023-09-13T08:02:02.291+0000] {processor.py:809} INFO - DAG(s) dict_keys(['tutorial']) retrieved from /home/airflow/.local/lib/python3.7/site-packages/airflow/example_dags/tutorial.py
[2023-09-13T08:02:02.399+0000] {logging_mixin.py:149} INFO - [2023-09-13T08:02:02.399+0000] {dag.py:2726} INFO - Sync 1 DAGs
[2023-09-13T08:02:02.519+0000] {logging_mixin.py:149} INFO - [2023-09-13T08:02:02.517+0000] {dag.py:3490} INFO - Setting next_dagrun for tutorial to 2023-09-12T08:02:02.514868+00:00, run_after=2023-09-13T08:02:02.514868+00:00
[2023-09-13T08:02:02.607+0000] {processor.py:178} INFO - Processing /home/airflow/.local/lib/python3.7/site-packages/airflow/example_dags/tutorial.py took 0.359 seconds
[2023-09-13T08:02:32.746+0000] {processor.py:156} INFO - Started process (PID=475) to work on /home/airflow/.local/lib/python3.7/site-packages/airflow/example_dags/tutorial.py
[2023-09-13T08:02:32.749+0000] {processor.py:799} INFO - Processing file /home/airflow/.local/lib/python3.7/site-packages/airflow/example_dags/tutorial.py for tasks to queue
[2023-09-13T08:02:32.752+0000] {logging_mixin.py:149} INFO - [2023-09-13T08:02:32.751+0000] {dagbag.py:541} INFO - Filling up the DagBag from /home/airflow/.local/lib/python3.7/site-packages/airflow/example_dags/tutorial.py
[2023-09-13T08:02:32.767+0000] {processor.py:809} INFO - DAG(s) dict_keys(['tutorial']) retrieved from /home/airflow/.local/lib/python3.7/site-packages/airflow/example_dags/tutorial.py
[2023-09-13T08:02:32.825+0000] {logging_mixin.py:149} INFO - [2023-09-13T08:02:32.824+0000] {dag.py:2726} INFO - Sync 1 DAGs
[2023-09-13T08:02:32.895+0000] {logging_mixin.py:149} INFO - [2023-09-13T08:02:32.894+0000] {dag.py:3490} INFO - Setting next_dagrun for tutorial to 2023-09-12T08:02:32.894371+00:00, run_after=2023-09-13T08:02:32.894371+00:00
[2023-09-13T08:02:32.944+0000] {processor.py:178} INFO - Processing /home/airflow/.local/lib/python3.7/site-packages/airflow/example_dags/tutorial.py took 0.206 seconds
[2023-09-13T08:03:04.172+0000] {processor.py:156} INFO - Started process (PID=535) to work on /home/airflow/.local/lib/python3.7/site-packages/airflow/example_dags/tutorial.py
[2023-09-13T08:03:04.189+0000] {processor.py:799} INFO - Processing file /home/airflow/.local/lib/python3.7/site-packages/airflow/example_dags/tutorial.py for tasks to queue
[2023-09-13T08:03:04.227+0000] {logging_mixin.py:149} INFO - [2023-09-13T08:03:04.226+0000] {dagbag.py:541} INFO - Filling up the DagBag from /home/airflow/.local/lib/python3.7/site-packages/airflow/example_dags/tutorial.py
[2023-09-13T08:03:04.284+0000] {processor.py:809} INFO - DAG(s) dict_keys(['tutorial']) retrieved from /home/airflow/.local/lib/python3.7/site-packages/airflow/example_dags/tutorial.py
[2023-09-13T08:03:04.425+0000] {logging_mixin.py:149} INFO - [2023-09-13T08:03:04.424+0000] {dag.py:2726} INFO - Sync 1 DAGs
[2023-09-13T08:03:04.579+0000] {logging_mixin.py:149} INFO - [2023-09-13T08:03:04.578+0000] {dag.py:3490} INFO - Setting next_dagrun for tutorial to 2023-09-12T08:03:04.576005+00:00, run_after=2023-09-13T08:03:04.576005+00:00
[2023-09-13T08:03:04.711+0000] {processor.py:178} INFO - Processing /home/airflow/.local/lib/python3.7/site-packages/airflow/example_dags/tutorial.py took 0.552 seconds
[2023-09-13T08:03:35.253+0000] {processor.py:156} INFO - Started process (PID=594) to work on /home/airflow/.local/lib/python3.7/site-packages/airflow/example_dags/tutorial.py
[2023-09-13T08:03:35.271+0000] {processor.py:799} INFO - Processing file /home/airflow/.local/lib/python3.7/site-packages/airflow/example_dags/tutorial.py for tasks to queue
[2023-09-13T08:03:35.303+0000] {logging_mixin.py:149} INFO - [2023-09-13T08:03:35.302+0000] {dagbag.py:541} INFO - Filling up the DagBag from /home/airflow/.local/lib/python3.7/site-packages/airflow/example_dags/tutorial.py
[2023-09-13T08:03:35.351+0000] {processor.py:809} INFO - DAG(s) dict_keys(['tutorial']) retrieved from /home/airflow/.local/lib/python3.7/site-packages/airflow/example_dags/tutorial.py
[2023-09-13T08:03:35.479+0000] {logging_mixin.py:149} INFO - [2023-09-13T08:03:35.479+0000] {dag.py:2726} INFO - Sync 1 DAGs
[2023-09-13T08:03:35.649+0000] {logging_mixin.py:149} INFO - [2023-09-13T08:03:35.645+0000] {dag.py:3490} INFO - Setting next_dagrun for tutorial to 2023-09-12T08:03:35.644988+00:00, run_after=2023-09-13T08:03:35.644988+00:00
[2023-09-13T08:03:35.771+0000] {processor.py:178} INFO - Processing /home/airflow/.local/lib/python3.7/site-packages/airflow/example_dags/tutorial.py took 0.526 seconds
[2023-09-13T08:04:06.246+0000] {processor.py:156} INFO - Started process (PID=655) to work on /home/airflow/.local/lib/python3.7/site-packages/airflow/example_dags/tutorial.py
[2023-09-13T08:04:06.249+0000] {processor.py:799} INFO - Processing file /home/airflow/.local/lib/python3.7/site-packages/airflow/example_dags/tutorial.py for tasks to queue
[2023-09-13T08:04:06.252+0000] {logging_mixin.py:149} INFO - [2023-09-13T08:04:06.252+0000] {dagbag.py:541} INFO - Filling up the DagBag from /home/airflow/.local/lib/python3.7/site-packages/airflow/example_dags/tutorial.py
[2023-09-13T08:04:06.270+0000] {processor.py:809} INFO - DAG(s) dict_keys(['tutorial']) retrieved from /home/airflow/.local/lib/python3.7/site-packages/airflow/example_dags/tutorial.py
[2023-09-13T08:04:06.332+0000] {logging_mixin.py:149} INFO - [2023-09-13T08:04:06.332+0000] {dag.py:2726} INFO - Sync 1 DAGs
[2023-09-13T08:04:06.408+0000] {logging_mixin.py:149} INFO - [2023-09-13T08:04:06.408+0000] {dag.py:3490} INFO - Setting next_dagrun for tutorial to 2023-09-12T08:04:06.408195+00:00, run_after=2023-09-13T08:04:06.408195+00:00
[2023-09-13T08:04:06.488+0000] {processor.py:178} INFO - Processing /home/airflow/.local/lib/python3.7/site-packages/airflow/example_dags/tutorial.py took 0.253 seconds
[2023-09-13T08:04:37.360+0000] {processor.py:156} INFO - Started process (PID=715) to work on /home/airflow/.local/lib/python3.7/site-packages/airflow/example_dags/tutorial.py
[2023-09-13T08:04:37.364+0000] {processor.py:799} INFO - Processing file /home/airflow/.local/lib/python3.7/site-packages/airflow/example_dags/tutorial.py for tasks to queue
[2023-09-13T08:04:37.367+0000] {logging_mixin.py:149} INFO - [2023-09-13T08:04:37.367+0000] {dagbag.py:541} INFO - Filling up the DagBag from /home/airflow/.local/lib/python3.7/site-packages/airflow/example_dags/tutorial.py
[2023-09-13T08:04:37.398+0000] {processor.py:809} INFO - DAG(s) dict_keys(['tutorial']) retrieved from /home/airflow/.local/lib/python3.7/site-packages/airflow/example_dags/tutorial.py
[2023-09-13T08:04:37.475+0000] {logging_mixin.py:149} INFO - [2023-09-13T08:04:37.475+0000] {dag.py:2726} INFO - Sync 1 DAGs
[2023-09-13T08:04:37.592+0000] {logging_mixin.py:149} INFO - [2023-09-13T08:04:37.591+0000] {dag.py:3490} INFO - Setting next_dagrun for tutorial to 2023-09-12T08:04:37.590737+00:00, run_after=2023-09-13T08:04:37.590737+00:00
[2023-09-13T08:04:37.687+0000] {processor.py:178} INFO - Processing /home/airflow/.local/lib/python3.7/site-packages/airflow/example_dags/tutorial.py took 0.349 seconds
[2023-09-13T08:05:08.202+0000] {processor.py:156} INFO - Started process (PID=775) to work on /home/airflow/.local/lib/python3.7/site-packages/airflow/example_dags/tutorial.py
[2023-09-13T08:05:08.211+0000] {processor.py:799} INFO - Processing file /home/airflow/.local/lib/python3.7/site-packages/airflow/example_dags/tutorial.py for tasks to queue
[2023-09-13T08:05:08.214+0000] {logging_mixin.py:149} INFO - [2023-09-13T08:05:08.213+0000] {dagbag.py:541} INFO - Filling up the DagBag from /home/airflow/.local/lib/python3.7/site-packages/airflow/example_dags/tutorial.py
[2023-09-13T08:05:08.234+0000] {processor.py:809} INFO - DAG(s) dict_keys(['tutorial']) retrieved from /home/airflow/.local/lib/python3.7/site-packages/airflow/example_dags/tutorial.py
[2023-09-13T08:05:08.332+0000] {logging_mixin.py:149} INFO - [2023-09-13T08:05:08.332+0000] {dag.py:2726} INFO - Sync 1 DAGs
[2023-09-13T08:05:08.482+0000] {logging_mixin.py:149} INFO - [2023-09-13T08:05:08.470+0000] {dag.py:3490} INFO - Setting next_dagrun for tutorial to 2023-09-12T08:05:08.470295+00:00, run_after=2023-09-13T08:05:08.470295+00:00
[2023-09-13T08:05:08.583+0000] {processor.py:178} INFO - Processing /home/airflow/.local/lib/python3.7/site-packages/airflow/example_dags/tutorial.py took 0.389 seconds
[2023-09-13T08:05:41.653+0000] {processor.py:156} INFO - Started process (PID=836) to work on /home/airflow/.local/lib/python3.7/site-packages/airflow/example_dags/tutorial.py
[2023-09-13T08:05:41.679+0000] {processor.py:799} INFO - Processing file /home/airflow/.local/lib/python3.7/site-packages/airflow/example_dags/tutorial.py for tasks to queue
[2023-09-13T08:05:41.715+0000] {logging_mixin.py:149} INFO - [2023-09-13T08:05:41.715+0000] {dagbag.py:541} INFO - Filling up the DagBag from /home/airflow/.local/lib/python3.7/site-packages/airflow/example_dags/tutorial.py
[2023-09-13T08:05:41.941+0000] {processor.py:809} INFO - DAG(s) dict_keys(['tutorial']) retrieved from /home/airflow/.local/lib/python3.7/site-packages/airflow/example_dags/tutorial.py
[2023-09-13T08:05:42.238+0000] {logging_mixin.py:149} INFO - [2023-09-13T08:05:42.237+0000] {dag.py:2726} INFO - Sync 1 DAGs
[2023-09-13T08:05:42.448+0000] {logging_mixin.py:149} INFO - [2023-09-13T08:05:42.447+0000] {dag.py:3490} INFO - Setting next_dagrun for tutorial to 2023-09-12T08:05:42.446891+00:00, run_after=2023-09-13T08:05:42.446891+00:00
[2023-09-13T08:05:42.619+0000] {processor.py:178} INFO - Processing /home/airflow/.local/lib/python3.7/site-packages/airflow/example_dags/tutorial.py took 0.985 seconds
[2023-09-13T08:06:12.847+0000] {processor.py:156} INFO - Started process (PID=896) to work on /home/airflow/.local/lib/python3.7/site-packages/airflow/example_dags/tutorial.py
[2023-09-13T08:06:12.871+0000] {processor.py:799} INFO - Processing file /home/airflow/.local/lib/python3.7/site-packages/airflow/example_dags/tutorial.py for tasks to queue
[2023-09-13T08:06:12.878+0000] {logging_mixin.py:149} INFO - [2023-09-13T08:06:12.878+0000] {dagbag.py:541} INFO - Filling up the DagBag from /home/airflow/.local/lib/python3.7/site-packages/airflow/example_dags/tutorial.py
[2023-09-13T08:06:12.938+0000] {processor.py:809} INFO - DAG(s) dict_keys(['tutorial']) retrieved from /home/airflow/.local/lib/python3.7/site-packages/airflow/example_dags/tutorial.py
[2023-09-13T08:06:13.123+0000] {logging_mixin.py:149} INFO - [2023-09-13T08:06:13.123+0000] {dag.py:2726} INFO - Sync 1 DAGs
[2023-09-13T08:06:13.245+0000] {logging_mixin.py:149} INFO - [2023-09-13T08:06:13.244+0000] {dag.py:3490} INFO - Setting next_dagrun for tutorial to 2023-09-12T08:06:13.244307+00:00, run_after=2023-09-13T08:06:13.244307+00:00
[2023-09-13T08:06:13.329+0000] {processor.py:178} INFO - Processing /home/airflow/.local/lib/python3.7/site-packages/airflow/example_dags/tutorial.py took 0.496 seconds
[2023-09-13T08:06:43.568+0000] {processor.py:156} INFO - Started process (PID=964) to work on /home/airflow/.local/lib/python3.7/site-packages/airflow/example_dags/tutorial.py
[2023-09-13T08:06:43.572+0000] {processor.py:799} INFO - Processing file /home/airflow/.local/lib/python3.7/site-packages/airflow/example_dags/tutorial.py for tasks to queue
[2023-09-13T08:06:43.575+0000] {logging_mixin.py:149} INFO - [2023-09-13T08:06:43.575+0000] {dagbag.py:541} INFO - Filling up the DagBag from /home/airflow/.local/lib/python3.7/site-packages/airflow/example_dags/tutorial.py
[2023-09-13T08:06:43.602+0000] {processor.py:809} INFO - DAG(s) dict_keys(['tutorial']) retrieved from /home/airflow/.local/lib/python3.7/site-packages/airflow/example_dags/tutorial.py
[2023-09-13T08:06:43.698+0000] {logging_mixin.py:149} INFO - [2023-09-13T08:06:43.697+0000] {dag.py:2726} INFO - Sync 1 DAGs
[2023-09-13T08:06:43.857+0000] {logging_mixin.py:149} INFO - [2023-09-13T08:06:43.856+0000] {dag.py:3490} INFO - Setting next_dagrun for tutorial to 2023-09-12T08:06:43.856216+00:00, run_after=2023-09-13T08:06:43.856216+00:00
[2023-09-13T08:06:43.957+0000] {processor.py:178} INFO - Processing /home/airflow/.local/lib/python3.7/site-packages/airflow/example_dags/tutorial.py took 0.399 seconds
[2023-09-13T08:07:14.558+0000] {processor.py:156} INFO - Started process (PID=1024) to work on /home/airflow/.local/lib/python3.7/site-packages/airflow/example_dags/tutorial.py
[2023-09-13T08:07:14.561+0000] {processor.py:799} INFO - Processing file /home/airflow/.local/lib/python3.7/site-packages/airflow/example_dags/tutorial.py for tasks to queue
[2023-09-13T08:07:14.566+0000] {logging_mixin.py:149} INFO - [2023-09-13T08:07:14.565+0000] {dagbag.py:541} INFO - Filling up the DagBag from /home/airflow/.local/lib/python3.7/site-packages/airflow/example_dags/tutorial.py
[2023-09-13T08:07:14.583+0000] {processor.py:809} INFO - DAG(s) dict_keys(['tutorial']) retrieved from /home/airflow/.local/lib/python3.7/site-packages/airflow/example_dags/tutorial.py
[2023-09-13T08:07:14.651+0000] {logging_mixin.py:149} INFO - [2023-09-13T08:07:14.651+0000] {dag.py:2726} INFO - Sync 1 DAGs
[2023-09-13T08:07:14.723+0000] {logging_mixin.py:149} INFO - [2023-09-13T08:07:14.722+0000] {dag.py:3490} INFO - Setting next_dagrun for tutorial to 2023-09-12T08:07:14.722081+00:00, run_after=2023-09-13T08:07:14.722081+00:00
[2023-09-13T08:07:14.797+0000] {processor.py:178} INFO - Processing /home/airflow/.local/lib/python3.7/site-packages/airflow/example_dags/tutorial.py took 0.247 seconds
[2023-09-13T08:07:45.336+0000] {processor.py:156} INFO - Started process (PID=1084) to work on /home/airflow/.local/lib/python3.7/site-packages/airflow/example_dags/tutorial.py
[2023-09-13T08:07:45.340+0000] {processor.py:799} INFO - Processing file /home/airflow/.local/lib/python3.7/site-packages/airflow/example_dags/tutorial.py for tasks to queue
[2023-09-13T08:07:45.342+0000] {logging_mixin.py:149} INFO - [2023-09-13T08:07:45.342+0000] {dagbag.py:541} INFO - Filling up the DagBag from /home/airflow/.local/lib/python3.7/site-packages/airflow/example_dags/tutorial.py
[2023-09-13T08:07:45.354+0000] {processor.py:809} INFO - DAG(s) dict_keys(['tutorial']) retrieved from /home/airflow/.local/lib/python3.7/site-packages/airflow/example_dags/tutorial.py
[2023-09-13T08:07:45.406+0000] {logging_mixin.py:149} INFO - [2023-09-13T08:07:45.406+0000] {dag.py:2726} INFO - Sync 1 DAGs
[2023-09-13T08:07:45.457+0000] {logging_mixin.py:149} INFO - [2023-09-13T08:07:45.456+0000] {dag.py:3490} INFO - Setting next_dagrun for tutorial to 2023-09-12T08:07:45.456357+00:00, run_after=2023-09-13T08:07:45.456357+00:00
[2023-09-13T08:07:45.521+0000] {processor.py:178} INFO - Processing /home/airflow/.local/lib/python3.7/site-packages/airflow/example_dags/tutorial.py took 0.195 seconds
[2023-09-13T08:08:16.122+0000] {processor.py:156} INFO - Started process (PID=1143) to work on /home/airflow/.local/lib/python3.7/site-packages/airflow/example_dags/tutorial.py
[2023-09-13T08:08:16.135+0000] {processor.py:799} INFO - Processing file /home/airflow/.local/lib/python3.7/site-packages/airflow/example_dags/tutorial.py for tasks to queue
[2023-09-13T08:08:16.148+0000] {logging_mixin.py:149} INFO - [2023-09-13T08:08:16.145+0000] {dagbag.py:541} INFO - Filling up the DagBag from /home/airflow/.local/lib/python3.7/site-packages/airflow/example_dags/tutorial.py
[2023-09-13T08:08:16.191+0000] {processor.py:809} INFO - DAG(s) dict_keys(['tutorial']) retrieved from /home/airflow/.local/lib/python3.7/site-packages/airflow/example_dags/tutorial.py
[2023-09-13T08:08:16.269+0000] {logging_mixin.py:149} INFO - [2023-09-13T08:08:16.269+0000] {dag.py:2726} INFO - Sync 1 DAGs
[2023-09-13T08:08:16.369+0000] {logging_mixin.py:149} INFO - [2023-09-13T08:08:16.368+0000] {dag.py:3490} INFO - Setting next_dagrun for tutorial to 2023-09-12T08:08:16.366894+00:00, run_after=2023-09-13T08:08:16.366894+00:00
[2023-09-13T08:08:16.444+0000] {processor.py:178} INFO - Processing /home/airflow/.local/lib/python3.7/site-packages/airflow/example_dags/tutorial.py took 0.349 seconds
[2023-09-13T08:08:47.554+0000] {processor.py:156} INFO - Started process (PID=1204) to work on /home/airflow/.local/lib/python3.7/site-packages/airflow/example_dags/tutorial.py
[2023-09-13T08:08:47.557+0000] {processor.py:799} INFO - Processing file /home/airflow/.local/lib/python3.7/site-packages/airflow/example_dags/tutorial.py for tasks to queue
[2023-09-13T08:08:47.567+0000] {logging_mixin.py:149} INFO - [2023-09-13T08:08:47.566+0000] {dagbag.py:541} INFO - Filling up the DagBag from /home/airflow/.local/lib/python3.7/site-packages/airflow/example_dags/tutorial.py
[2023-09-13T08:08:47.583+0000] {processor.py:809} INFO - DAG(s) dict_keys(['tutorial']) retrieved from /home/airflow/.local/lib/python3.7/site-packages/airflow/example_dags/tutorial.py
[2023-09-13T08:08:47.641+0000] {logging_mixin.py:149} INFO - [2023-09-13T08:08:47.641+0000] {dag.py:2726} INFO - Sync 1 DAGs
[2023-09-13T08:08:47.702+0000] {logging_mixin.py:149} INFO - [2023-09-13T08:08:47.702+0000] {dag.py:3490} INFO - Setting next_dagrun for tutorial to 2023-09-12T08:08:47.701845+00:00, run_after=2023-09-13T08:08:47.701845+00:00
[2023-09-13T08:08:47.775+0000] {processor.py:178} INFO - Processing /home/airflow/.local/lib/python3.7/site-packages/airflow/example_dags/tutorial.py took 0.229 seconds
[2023-09-13T08:09:18.326+0000] {processor.py:156} INFO - Started process (PID=1264) to work on /home/airflow/.local/lib/python3.7/site-packages/airflow/example_dags/tutorial.py
[2023-09-13T08:09:18.328+0000] {processor.py:799} INFO - Processing file /home/airflow/.local/lib/python3.7/site-packages/airflow/example_dags/tutorial.py for tasks to queue
[2023-09-13T08:09:18.330+0000] {logging_mixin.py:149} INFO - [2023-09-13T08:09:18.330+0000] {dagbag.py:541} INFO - Filling up the DagBag from /home/airflow/.local/lib/python3.7/site-packages/airflow/example_dags/tutorial.py
[2023-09-13T08:09:18.343+0000] {processor.py:809} INFO - DAG(s) dict_keys(['tutorial']) retrieved from /home/airflow/.local/lib/python3.7/site-packages/airflow/example_dags/tutorial.py
[2023-09-13T08:09:18.396+0000] {logging_mixin.py:149} INFO - [2023-09-13T08:09:18.396+0000] {dag.py:2726} INFO - Sync 1 DAGs
[2023-09-13T08:09:18.455+0000] {logging_mixin.py:149} INFO - [2023-09-13T08:09:18.455+0000] {dag.py:3490} INFO - Setting next_dagrun for tutorial to 2023-09-12T08:09:18.454424+00:00, run_after=2023-09-13T08:09:18.454424+00:00
[2023-09-13T08:09:18.513+0000] {processor.py:178} INFO - Processing /home/airflow/.local/lib/python3.7/site-packages/airflow/example_dags/tutorial.py took 0.192 seconds
[2023-09-13T08:09:48.664+0000] {processor.py:156} INFO - Started process (PID=1324) to work on /home/airflow/.local/lib/python3.7/site-packages/airflow/example_dags/tutorial.py
[2023-09-13T08:09:48.667+0000] {processor.py:799} INFO - Processing file /home/airflow/.local/lib/python3.7/site-packages/airflow/example_dags/tutorial.py for tasks to queue
[2023-09-13T08:09:48.669+0000] {logging_mixin.py:149} INFO - [2023-09-13T08:09:48.669+0000] {dagbag.py:541} INFO - Filling up the DagBag from /home/airflow/.local/lib/python3.7/site-packages/airflow/example_dags/tutorial.py
[2023-09-13T08:09:48.687+0000] {processor.py:809} INFO - DAG(s) dict_keys(['tutorial']) retrieved from /home/airflow/.local/lib/python3.7/site-packages/airflow/example_dags/tutorial.py
[2023-09-13T08:09:48.754+0000] {logging_mixin.py:149} INFO - [2023-09-13T08:09:48.754+0000] {dag.py:2726} INFO - Sync 1 DAGs
[2023-09-13T08:09:48.812+0000] {logging_mixin.py:149} INFO - [2023-09-13T08:09:48.811+0000] {dag.py:3490} INFO - Setting next_dagrun for tutorial to 2023-09-12T08:09:48.811456+00:00, run_after=2023-09-13T08:09:48.811456+00:00
[2023-09-13T08:09:48.876+0000] {processor.py:178} INFO - Processing /home/airflow/.local/lib/python3.7/site-packages/airflow/example_dags/tutorial.py took 0.219 seconds
[2023-09-13T08:10:19.057+0000] {processor.py:156} INFO - Started process (PID=1384) to work on /home/airflow/.local/lib/python3.7/site-packages/airflow/example_dags/tutorial.py
[2023-09-13T08:10:19.060+0000] {processor.py:799} INFO - Processing file /home/airflow/.local/lib/python3.7/site-packages/airflow/example_dags/tutorial.py for tasks to queue
[2023-09-13T08:10:19.063+0000] {logging_mixin.py:149} INFO - [2023-09-13T08:10:19.063+0000] {dagbag.py:541} INFO - Filling up the DagBag from /home/airflow/.local/lib/python3.7/site-packages/airflow/example_dags/tutorial.py
[2023-09-13T08:10:19.075+0000] {processor.py:809} INFO - DAG(s) dict_keys(['tutorial']) retrieved from /home/airflow/.local/lib/python3.7/site-packages/airflow/example_dags/tutorial.py
[2023-09-13T08:10:19.137+0000] {logging_mixin.py:149} INFO - [2023-09-13T08:10:19.137+0000] {dag.py:2726} INFO - Sync 1 DAGs
[2023-09-13T08:10:19.221+0000] {logging_mixin.py:149} INFO - [2023-09-13T08:10:19.220+0000] {dag.py:3490} INFO - Setting next_dagrun for tutorial to 2023-09-12T08:10:19.220212+00:00, run_after=2023-09-13T08:10:19.220212+00:00
[2023-09-13T08:10:19.276+0000] {processor.py:178} INFO - Processing /home/airflow/.local/lib/python3.7/site-packages/airflow/example_dags/tutorial.py took 0.225 seconds
[2023-09-13T08:10:50.146+0000] {processor.py:156} INFO - Started process (PID=1444) to work on /home/airflow/.local/lib/python3.7/site-packages/airflow/example_dags/tutorial.py
[2023-09-13T08:10:50.149+0000] {processor.py:799} INFO - Processing file /home/airflow/.local/lib/python3.7/site-packages/airflow/example_dags/tutorial.py for tasks to queue
[2023-09-13T08:10:50.153+0000] {logging_mixin.py:149} INFO - [2023-09-13T08:10:50.152+0000] {dagbag.py:541} INFO - Filling up the DagBag from /home/airflow/.local/lib/python3.7/site-packages/airflow/example_dags/tutorial.py
[2023-09-13T08:10:50.174+0000] {processor.py:809} INFO - DAG(s) dict_keys(['tutorial']) retrieved from /home/airflow/.local/lib/python3.7/site-packages/airflow/example_dags/tutorial.py
[2023-09-13T08:10:50.243+0000] {logging_mixin.py:149} INFO - [2023-09-13T08:10:50.242+0000] {dag.py:2726} INFO - Sync 1 DAGs
[2023-09-13T08:10:50.318+0000] {logging_mixin.py:149} INFO - [2023-09-13T08:10:50.318+0000] {dag.py:3490} INFO - Setting next_dagrun for tutorial to 2023-09-12T08:10:50.317759+00:00, run_after=2023-09-13T08:10:50.317759+00:00
[2023-09-13T08:10:50.386+0000] {processor.py:178} INFO - Processing /home/airflow/.local/lib/python3.7/site-packages/airflow/example_dags/tutorial.py took 0.254 seconds
[2023-09-13T08:11:20.785+0000] {processor.py:156} INFO - Started process (PID=1504) to work on /home/airflow/.local/lib/python3.7/site-packages/airflow/example_dags/tutorial.py
[2023-09-13T08:11:20.788+0000] {processor.py:799} INFO - Processing file /home/airflow/.local/lib/python3.7/site-packages/airflow/example_dags/tutorial.py for tasks to queue
[2023-09-13T08:11:20.790+0000] {logging_mixin.py:149} INFO - [2023-09-13T08:11:20.790+0000] {dagbag.py:541} INFO - Filling up the DagBag from /home/airflow/.local/lib/python3.7/site-packages/airflow/example_dags/tutorial.py
[2023-09-13T08:11:20.804+0000] {processor.py:809} INFO - DAG(s) dict_keys(['tutorial']) retrieved from /home/airflow/.local/lib/python3.7/site-packages/airflow/example_dags/tutorial.py
[2023-09-13T08:11:20.865+0000] {logging_mixin.py:149} INFO - [2023-09-13T08:11:20.864+0000] {dag.py:2726} INFO - Sync 1 DAGs
[2023-09-13T08:11:20.934+0000] {logging_mixin.py:149} INFO - [2023-09-13T08:11:20.934+0000] {dag.py:3490} INFO - Setting next_dagrun for tutorial to 2023-09-12T08:11:20.933636+00:00, run_after=2023-09-13T08:11:20.933636+00:00
[2023-09-13T08:11:20.990+0000] {processor.py:178} INFO - Processing /home/airflow/.local/lib/python3.7/site-packages/airflow/example_dags/tutorial.py took 0.214 seconds
[2023-09-13T08:11:51.640+0000] {processor.py:156} INFO - Started process (PID=1564) to work on /home/airflow/.local/lib/python3.7/site-packages/airflow/example_dags/tutorial.py
[2023-09-13T08:11:51.643+0000] {processor.py:799} INFO - Processing file /home/airflow/.local/lib/python3.7/site-packages/airflow/example_dags/tutorial.py for tasks to queue
[2023-09-13T08:11:51.645+0000] {logging_mixin.py:149} INFO - [2023-09-13T08:11:51.645+0000] {dagbag.py:541} INFO - Filling up the DagBag from /home/airflow/.local/lib/python3.7/site-packages/airflow/example_dags/tutorial.py
[2023-09-13T08:11:51.658+0000] {processor.py:809} INFO - DAG(s) dict_keys(['tutorial']) retrieved from /home/airflow/.local/lib/python3.7/site-packages/airflow/example_dags/tutorial.py
[2023-09-13T08:11:51.709+0000] {logging_mixin.py:149} INFO - [2023-09-13T08:11:51.709+0000] {dag.py:2726} INFO - Sync 1 DAGs
[2023-09-13T08:11:51.767+0000] {logging_mixin.py:149} INFO - [2023-09-13T08:11:51.767+0000] {dag.py:3490} INFO - Setting next_dagrun for tutorial to 2023-09-12T08:11:51.766798+00:00, run_after=2023-09-13T08:11:51.766798+00:00
[2023-09-13T08:11:51.814+0000] {processor.py:178} INFO - Processing /home/airflow/.local/lib/python3.7/site-packages/airflow/example_dags/tutorial.py took 0.182 seconds
[2023-09-13T08:12:22.399+0000] {processor.py:156} INFO - Started process (PID=1624) to work on /home/airflow/.local/lib/python3.7/site-packages/airflow/example_dags/tutorial.py
[2023-09-13T08:12:22.401+0000] {processor.py:799} INFO - Processing file /home/airflow/.local/lib/python3.7/site-packages/airflow/example_dags/tutorial.py for tasks to queue
[2023-09-13T08:12:22.404+0000] {logging_mixin.py:149} INFO - [2023-09-13T08:12:22.403+0000] {dagbag.py:541} INFO - Filling up the DagBag from /home/airflow/.local/lib/python3.7/site-packages/airflow/example_dags/tutorial.py
[2023-09-13T08:12:22.414+0000] {processor.py:809} INFO - DAG(s) dict_keys(['tutorial']) retrieved from /home/airflow/.local/lib/python3.7/site-packages/airflow/example_dags/tutorial.py
[2023-09-13T08:12:22.454+0000] {logging_mixin.py:149} INFO - [2023-09-13T08:12:22.454+0000] {dag.py:2726} INFO - Sync 1 DAGs
[2023-09-13T08:12:22.512+0000] {logging_mixin.py:149} INFO - [2023-09-13T08:12:22.512+0000] {dag.py:3490} INFO - Setting next_dagrun for tutorial to 2023-09-12T08:12:22.511676+00:00, run_after=2023-09-13T08:12:22.511676+00:00
[2023-09-13T08:12:22.550+0000] {processor.py:178} INFO - Processing /home/airflow/.local/lib/python3.7/site-packages/airflow/example_dags/tutorial.py took 0.156 seconds
[2023-09-13T08:12:52.811+0000] {processor.py:156} INFO - Started process (PID=1684) to work on /home/airflow/.local/lib/python3.7/site-packages/airflow/example_dags/tutorial.py
[2023-09-13T08:12:52.814+0000] {processor.py:799} INFO - Processing file /home/airflow/.local/lib/python3.7/site-packages/airflow/example_dags/tutorial.py for tasks to queue
[2023-09-13T08:12:52.817+0000] {logging_mixin.py:149} INFO - [2023-09-13T08:12:52.816+0000] {dagbag.py:541} INFO - Filling up the DagBag from /home/airflow/.local/lib/python3.7/site-packages/airflow/example_dags/tutorial.py
[2023-09-13T08:12:52.836+0000] {processor.py:809} INFO - DAG(s) dict_keys(['tutorial']) retrieved from /home/airflow/.local/lib/python3.7/site-packages/airflow/example_dags/tutorial.py
[2023-09-13T08:12:52.897+0000] {logging_mixin.py:149} INFO - [2023-09-13T08:12:52.896+0000] {dag.py:2726} INFO - Sync 1 DAGs
[2023-09-13T08:12:52.960+0000] {logging_mixin.py:149} INFO - [2023-09-13T08:12:52.960+0000] {dag.py:3490} INFO - Setting next_dagrun for tutorial to 2023-09-12T08:12:52.959957+00:00, run_after=2023-09-13T08:12:52.959957+00:00
[2023-09-13T08:12:53.020+0000] {processor.py:178} INFO - Processing /home/airflow/.local/lib/python3.7/site-packages/airflow/example_dags/tutorial.py took 0.217 seconds
[2023-09-13T09:26:09.930+0000] {processor.py:156} INFO - Started process (PID=48) to work on /home/airflow/.local/lib/python3.7/site-packages/airflow/example_dags/tutorial.py
[2023-09-13T09:26:09.933+0000] {processor.py:799} INFO - Processing file /home/airflow/.local/lib/python3.7/site-packages/airflow/example_dags/tutorial.py for tasks to queue
[2023-09-13T09:26:09.935+0000] {logging_mixin.py:149} INFO - [2023-09-13T09:26:09.935+0000] {dagbag.py:541} INFO - Filling up the DagBag from /home/airflow/.local/lib/python3.7/site-packages/airflow/example_dags/tutorial.py
[2023-09-13T09:26:09.949+0000] {processor.py:809} INFO - DAG(s) dict_keys(['tutorial']) retrieved from /home/airflow/.local/lib/python3.7/site-packages/airflow/example_dags/tutorial.py
[2023-09-13T09:26:10.000+0000] {logging_mixin.py:149} INFO - [2023-09-13T09:26:10.000+0000] {dag.py:2726} INFO - Sync 1 DAGs
[2023-09-13T09:26:10.050+0000] {logging_mixin.py:149} INFO - [2023-09-13T09:26:10.050+0000] {dag.py:3490} INFO - Setting next_dagrun for tutorial to 2023-09-12T09:26:10.050264+00:00, run_after=2023-09-13T09:26:10.050264+00:00
[2023-09-13T09:26:10.085+0000] {processor.py:178} INFO - Processing /home/airflow/.local/lib/python3.7/site-packages/airflow/example_dags/tutorial.py took 0.159 seconds
