[2023-09-13T07:58:53.252+0000] {processor.py:156} INFO - Started process (PID=56) to work on /home/airflow/.local/lib/python3.7/site-packages/airflow/example_dags/tutorial_dag.py
[2023-09-13T07:58:53.255+0000] {processor.py:799} INFO - Processing file /home/airflow/.local/lib/python3.7/site-packages/airflow/example_dags/tutorial_dag.py for tasks to queue
[2023-09-13T07:58:53.258+0000] {logging_mixin.py:149} INFO - [2023-09-13T07:58:53.258+0000] {dagbag.py:541} INFO - Filling up the DagBag from /home/airflow/.local/lib/python3.7/site-packages/airflow/example_dags/tutorial_dag.py
[2023-09-13T07:58:53.277+0000] {processor.py:809} INFO - DAG(s) dict_keys(['tutorial_dag']) retrieved from /home/airflow/.local/lib/python3.7/site-packages/airflow/example_dags/tutorial_dag.py
[2023-09-13T07:58:53.369+0000] {logging_mixin.py:149} INFO - [2023-09-13T07:58:53.369+0000] {dag.py:2726} INFO - Sync 1 DAGs
[2023-09-13T07:58:53.470+0000] {logging_mixin.py:149} INFO - [2023-09-13T07:58:53.469+0000] {dag.py:3490} INFO - Setting next_dagrun for tutorial_dag to None, run_after=None
[2023-09-13T07:58:53.547+0000] {processor.py:178} INFO - Processing /home/airflow/.local/lib/python3.7/site-packages/airflow/example_dags/tutorial_dag.py took 0.305 seconds
[2023-09-13T07:59:24.318+0000] {processor.py:156} INFO - Started process (PID=116) to work on /home/airflow/.local/lib/python3.7/site-packages/airflow/example_dags/tutorial_dag.py
[2023-09-13T07:59:24.321+0000] {processor.py:799} INFO - Processing file /home/airflow/.local/lib/python3.7/site-packages/airflow/example_dags/tutorial_dag.py for tasks to queue
[2023-09-13T07:59:24.323+0000] {logging_mixin.py:149} INFO - [2023-09-13T07:59:24.323+0000] {dagbag.py:541} INFO - Filling up the DagBag from /home/airflow/.local/lib/python3.7/site-packages/airflow/example_dags/tutorial_dag.py
[2023-09-13T07:59:24.334+0000] {processor.py:809} INFO - DAG(s) dict_keys(['tutorial_dag']) retrieved from /home/airflow/.local/lib/python3.7/site-packages/airflow/example_dags/tutorial_dag.py
[2023-09-13T07:59:24.385+0000] {logging_mixin.py:149} INFO - [2023-09-13T07:59:24.384+0000] {dag.py:2726} INFO - Sync 1 DAGs
[2023-09-13T07:59:24.451+0000] {logging_mixin.py:149} INFO - [2023-09-13T07:59:24.451+0000] {dag.py:3490} INFO - Setting next_dagrun for tutorial_dag to None, run_after=None
[2023-09-13T07:59:24.506+0000] {processor.py:178} INFO - Processing /home/airflow/.local/lib/python3.7/site-packages/airflow/example_dags/tutorial_dag.py took 0.196 seconds
[2023-09-13T07:59:55.859+0000] {processor.py:156} INFO - Started process (PID=176) to work on /home/airflow/.local/lib/python3.7/site-packages/airflow/example_dags/tutorial_dag.py
[2023-09-13T07:59:55.861+0000] {processor.py:799} INFO - Processing file /home/airflow/.local/lib/python3.7/site-packages/airflow/example_dags/tutorial_dag.py for tasks to queue
[2023-09-13T07:59:55.865+0000] {logging_mixin.py:149} INFO - [2023-09-13T07:59:55.865+0000] {dagbag.py:541} INFO - Filling up the DagBag from /home/airflow/.local/lib/python3.7/site-packages/airflow/example_dags/tutorial_dag.py
[2023-09-13T07:59:55.879+0000] {processor.py:809} INFO - DAG(s) dict_keys(['tutorial_dag']) retrieved from /home/airflow/.local/lib/python3.7/site-packages/airflow/example_dags/tutorial_dag.py
[2023-09-13T07:59:55.934+0000] {logging_mixin.py:149} INFO - [2023-09-13T07:59:55.933+0000] {dag.py:2726} INFO - Sync 1 DAGs
[2023-09-13T07:59:56.181+0000] {logging_mixin.py:149} INFO - [2023-09-13T07:59:56.180+0000] {dag.py:3490} INFO - Setting next_dagrun for tutorial_dag to None, run_after=None
[2023-09-13T07:59:56.225+0000] {processor.py:178} INFO - Processing /home/airflow/.local/lib/python3.7/site-packages/airflow/example_dags/tutorial_dag.py took 0.374 seconds
[2023-09-13T08:00:26.703+0000] {processor.py:156} INFO - Started process (PID=236) to work on /home/airflow/.local/lib/python3.7/site-packages/airflow/example_dags/tutorial_dag.py
[2023-09-13T08:00:26.706+0000] {processor.py:799} INFO - Processing file /home/airflow/.local/lib/python3.7/site-packages/airflow/example_dags/tutorial_dag.py for tasks to queue
[2023-09-13T08:00:26.709+0000] {logging_mixin.py:149} INFO - [2023-09-13T08:00:26.709+0000] {dagbag.py:541} INFO - Filling up the DagBag from /home/airflow/.local/lib/python3.7/site-packages/airflow/example_dags/tutorial_dag.py
[2023-09-13T08:00:26.719+0000] {processor.py:809} INFO - DAG(s) dict_keys(['tutorial_dag']) retrieved from /home/airflow/.local/lib/python3.7/site-packages/airflow/example_dags/tutorial_dag.py
[2023-09-13T08:00:26.773+0000] {logging_mixin.py:149} INFO - [2023-09-13T08:00:26.772+0000] {dag.py:2726} INFO - Sync 1 DAGs
[2023-09-13T08:00:26.836+0000] {logging_mixin.py:149} INFO - [2023-09-13T08:00:26.835+0000] {dag.py:3490} INFO - Setting next_dagrun for tutorial_dag to None, run_after=None
[2023-09-13T08:00:26.885+0000] {processor.py:178} INFO - Processing /home/airflow/.local/lib/python3.7/site-packages/airflow/example_dags/tutorial_dag.py took 0.189 seconds
[2023-09-13T08:00:59.300+0000] {processor.py:156} INFO - Started process (PID=296) to work on /home/airflow/.local/lib/python3.7/site-packages/airflow/example_dags/tutorial_dag.py
[2023-09-13T08:00:59.324+0000] {processor.py:799} INFO - Processing file /home/airflow/.local/lib/python3.7/site-packages/airflow/example_dags/tutorial_dag.py for tasks to queue
[2023-09-13T08:00:59.340+0000] {logging_mixin.py:149} INFO - [2023-09-13T08:00:59.340+0000] {dagbag.py:541} INFO - Filling up the DagBag from /home/airflow/.local/lib/python3.7/site-packages/airflow/example_dags/tutorial_dag.py
[2023-09-13T08:00:59.395+0000] {processor.py:809} INFO - DAG(s) dict_keys(['tutorial_dag']) retrieved from /home/airflow/.local/lib/python3.7/site-packages/airflow/example_dags/tutorial_dag.py
[2023-09-13T08:00:59.513+0000] {logging_mixin.py:149} INFO - [2023-09-13T08:00:59.513+0000] {dag.py:2726} INFO - Sync 1 DAGs
[2023-09-13T08:00:59.749+0000] {logging_mixin.py:149} INFO - [2023-09-13T08:00:59.748+0000] {dag.py:3490} INFO - Setting next_dagrun for tutorial_dag to None, run_after=None
[2023-09-13T08:00:59.900+0000] {processor.py:178} INFO - Processing /home/airflow/.local/lib/python3.7/site-packages/airflow/example_dags/tutorial_dag.py took 0.606 seconds
[2023-09-13T08:01:30.578+0000] {processor.py:156} INFO - Started process (PID=356) to work on /home/airflow/.local/lib/python3.7/site-packages/airflow/example_dags/tutorial_dag.py
[2023-09-13T08:01:30.582+0000] {processor.py:799} INFO - Processing file /home/airflow/.local/lib/python3.7/site-packages/airflow/example_dags/tutorial_dag.py for tasks to queue
[2023-09-13T08:01:30.584+0000] {logging_mixin.py:149} INFO - [2023-09-13T08:01:30.584+0000] {dagbag.py:541} INFO - Filling up the DagBag from /home/airflow/.local/lib/python3.7/site-packages/airflow/example_dags/tutorial_dag.py
[2023-09-13T08:01:30.599+0000] {processor.py:809} INFO - DAG(s) dict_keys(['tutorial_dag']) retrieved from /home/airflow/.local/lib/python3.7/site-packages/airflow/example_dags/tutorial_dag.py
[2023-09-13T08:01:30.698+0000] {logging_mixin.py:149} INFO - [2023-09-13T08:01:30.697+0000] {dag.py:2726} INFO - Sync 1 DAGs
[2023-09-13T08:01:30.796+0000] {logging_mixin.py:149} INFO - [2023-09-13T08:01:30.795+0000] {dag.py:3490} INFO - Setting next_dagrun for tutorial_dag to None, run_after=None
[2023-09-13T08:01:30.868+0000] {processor.py:178} INFO - Processing /home/airflow/.local/lib/python3.7/site-packages/airflow/example_dags/tutorial_dag.py took 0.297 seconds
[2023-09-13T08:02:02.685+0000] {processor.py:156} INFO - Started process (PID=416) to work on /home/airflow/.local/lib/python3.7/site-packages/airflow/example_dags/tutorial_dag.py
[2023-09-13T08:02:02.689+0000] {processor.py:799} INFO - Processing file /home/airflow/.local/lib/python3.7/site-packages/airflow/example_dags/tutorial_dag.py for tasks to queue
[2023-09-13T08:02:02.693+0000] {logging_mixin.py:149} INFO - [2023-09-13T08:02:02.692+0000] {dagbag.py:541} INFO - Filling up the DagBag from /home/airflow/.local/lib/python3.7/site-packages/airflow/example_dags/tutorial_dag.py
[2023-09-13T08:02:02.713+0000] {processor.py:809} INFO - DAG(s) dict_keys(['tutorial_dag']) retrieved from /home/airflow/.local/lib/python3.7/site-packages/airflow/example_dags/tutorial_dag.py
[2023-09-13T08:02:02.819+0000] {logging_mixin.py:149} INFO - [2023-09-13T08:02:02.816+0000] {dag.py:2726} INFO - Sync 1 DAGs
[2023-09-13T08:02:02.941+0000] {logging_mixin.py:149} INFO - [2023-09-13T08:02:02.940+0000] {dag.py:3490} INFO - Setting next_dagrun for tutorial_dag to None, run_after=None
[2023-09-13T08:02:03.038+0000] {processor.py:178} INFO - Processing /home/airflow/.local/lib/python3.7/site-packages/airflow/example_dags/tutorial_dag.py took 0.371 seconds
[2023-09-13T08:02:33.135+0000] {processor.py:156} INFO - Started process (PID=477) to work on /home/airflow/.local/lib/python3.7/site-packages/airflow/example_dags/tutorial_dag.py
[2023-09-13T08:02:33.139+0000] {processor.py:799} INFO - Processing file /home/airflow/.local/lib/python3.7/site-packages/airflow/example_dags/tutorial_dag.py for tasks to queue
[2023-09-13T08:02:33.141+0000] {logging_mixin.py:149} INFO - [2023-09-13T08:02:33.141+0000] {dagbag.py:541} INFO - Filling up the DagBag from /home/airflow/.local/lib/python3.7/site-packages/airflow/example_dags/tutorial_dag.py
[2023-09-13T08:02:33.149+0000] {processor.py:809} INFO - DAG(s) dict_keys(['tutorial_dag']) retrieved from /home/airflow/.local/lib/python3.7/site-packages/airflow/example_dags/tutorial_dag.py
[2023-09-13T08:02:33.203+0000] {logging_mixin.py:149} INFO - [2023-09-13T08:02:33.202+0000] {dag.py:2726} INFO - Sync 1 DAGs
[2023-09-13T08:02:33.264+0000] {logging_mixin.py:149} INFO - [2023-09-13T08:02:33.264+0000] {dag.py:3490} INFO - Setting next_dagrun for tutorial_dag to None, run_after=None
[2023-09-13T08:02:33.311+0000] {processor.py:178} INFO - Processing /home/airflow/.local/lib/python3.7/site-packages/airflow/example_dags/tutorial_dag.py took 0.182 seconds
[2023-09-13T08:03:05.220+0000] {processor.py:156} INFO - Started process (PID=536) to work on /home/airflow/.local/lib/python3.7/site-packages/airflow/example_dags/tutorial_dag.py
[2023-09-13T08:03:05.230+0000] {processor.py:799} INFO - Processing file /home/airflow/.local/lib/python3.7/site-packages/airflow/example_dags/tutorial_dag.py for tasks to queue
[2023-09-13T08:03:05.234+0000] {logging_mixin.py:149} INFO - [2023-09-13T08:03:05.234+0000] {dagbag.py:541} INFO - Filling up the DagBag from /home/airflow/.local/lib/python3.7/site-packages/airflow/example_dags/tutorial_dag.py
[2023-09-13T08:03:05.254+0000] {processor.py:809} INFO - DAG(s) dict_keys(['tutorial_dag']) retrieved from /home/airflow/.local/lib/python3.7/site-packages/airflow/example_dags/tutorial_dag.py
[2023-09-13T08:03:05.370+0000] {logging_mixin.py:149} INFO - [2023-09-13T08:03:05.369+0000] {dag.py:2726} INFO - Sync 1 DAGs
[2023-09-13T08:03:05.502+0000] {logging_mixin.py:149} INFO - [2023-09-13T08:03:05.501+0000] {dag.py:3490} INFO - Setting next_dagrun for tutorial_dag to None, run_after=None
[2023-09-13T08:03:05.681+0000] {processor.py:178} INFO - Processing /home/airflow/.local/lib/python3.7/site-packages/airflow/example_dags/tutorial_dag.py took 0.469 seconds
[2023-09-13T08:03:36.025+0000] {processor.py:156} INFO - Started process (PID=596) to work on /home/airflow/.local/lib/python3.7/site-packages/airflow/example_dags/tutorial_dag.py
[2023-09-13T08:03:36.063+0000] {processor.py:799} INFO - Processing file /home/airflow/.local/lib/python3.7/site-packages/airflow/example_dags/tutorial_dag.py for tasks to queue
[2023-09-13T08:03:36.092+0000] {logging_mixin.py:149} INFO - [2023-09-13T08:03:36.091+0000] {dagbag.py:541} INFO - Filling up the DagBag from /home/airflow/.local/lib/python3.7/site-packages/airflow/example_dags/tutorial_dag.py
[2023-09-13T08:03:36.155+0000] {processor.py:809} INFO - DAG(s) dict_keys(['tutorial_dag']) retrieved from /home/airflow/.local/lib/python3.7/site-packages/airflow/example_dags/tutorial_dag.py
[2023-09-13T08:03:36.346+0000] {logging_mixin.py:149} INFO - [2023-09-13T08:03:36.345+0000] {dag.py:2726} INFO - Sync 1 DAGs
[2023-09-13T08:03:36.537+0000] {logging_mixin.py:149} INFO - [2023-09-13T08:03:36.536+0000] {dag.py:3490} INFO - Setting next_dagrun for tutorial_dag to None, run_after=None
[2023-09-13T08:03:36.712+0000] {processor.py:178} INFO - Processing /home/airflow/.local/lib/python3.7/site-packages/airflow/example_dags/tutorial_dag.py took 0.706 seconds
[2023-09-13T08:04:07.340+0000] {processor.py:156} INFO - Started process (PID=656) to work on /home/airflow/.local/lib/python3.7/site-packages/airflow/example_dags/tutorial_dag.py
[2023-09-13T08:04:07.342+0000] {processor.py:799} INFO - Processing file /home/airflow/.local/lib/python3.7/site-packages/airflow/example_dags/tutorial_dag.py for tasks to queue
[2023-09-13T08:04:07.348+0000] {logging_mixin.py:149} INFO - [2023-09-13T08:04:07.348+0000] {dagbag.py:541} INFO - Filling up the DagBag from /home/airflow/.local/lib/python3.7/site-packages/airflow/example_dags/tutorial_dag.py
[2023-09-13T08:04:07.363+0000] {processor.py:809} INFO - DAG(s) dict_keys(['tutorial_dag']) retrieved from /home/airflow/.local/lib/python3.7/site-packages/airflow/example_dags/tutorial_dag.py
[2023-09-13T08:04:07.458+0000] {logging_mixin.py:149} INFO - [2023-09-13T08:04:07.457+0000] {dag.py:2726} INFO - Sync 1 DAGs
[2023-09-13T08:04:07.568+0000] {logging_mixin.py:149} INFO - [2023-09-13T08:04:07.568+0000] {dag.py:3490} INFO - Setting next_dagrun for tutorial_dag to None, run_after=None
[2023-09-13T08:04:07.626+0000] {processor.py:178} INFO - Processing /home/airflow/.local/lib/python3.7/site-packages/airflow/example_dags/tutorial_dag.py took 0.296 seconds
[2023-09-13T08:04:37.854+0000] {processor.py:156} INFO - Started process (PID=717) to work on /home/airflow/.local/lib/python3.7/site-packages/airflow/example_dags/tutorial_dag.py
[2023-09-13T08:04:37.858+0000] {processor.py:799} INFO - Processing file /home/airflow/.local/lib/python3.7/site-packages/airflow/example_dags/tutorial_dag.py for tasks to queue
[2023-09-13T08:04:37.862+0000] {logging_mixin.py:149} INFO - [2023-09-13T08:04:37.861+0000] {dagbag.py:541} INFO - Filling up the DagBag from /home/airflow/.local/lib/python3.7/site-packages/airflow/example_dags/tutorial_dag.py
[2023-09-13T08:04:37.878+0000] {processor.py:809} INFO - DAG(s) dict_keys(['tutorial_dag']) retrieved from /home/airflow/.local/lib/python3.7/site-packages/airflow/example_dags/tutorial_dag.py
[2023-09-13T08:04:37.978+0000] {logging_mixin.py:149} INFO - [2023-09-13T08:04:37.977+0000] {dag.py:2726} INFO - Sync 1 DAGs
[2023-09-13T08:04:38.072+0000] {logging_mixin.py:149} INFO - [2023-09-13T08:04:38.072+0000] {dag.py:3490} INFO - Setting next_dagrun for tutorial_dag to None, run_after=None
[2023-09-13T08:04:38.151+0000] {processor.py:178} INFO - Processing /home/airflow/.local/lib/python3.7/site-packages/airflow/example_dags/tutorial_dag.py took 0.312 seconds
[2023-09-13T08:05:09.118+0000] {processor.py:156} INFO - Started process (PID=777) to work on /home/airflow/.local/lib/python3.7/site-packages/airflow/example_dags/tutorial_dag.py
[2023-09-13T08:05:09.126+0000] {processor.py:799} INFO - Processing file /home/airflow/.local/lib/python3.7/site-packages/airflow/example_dags/tutorial_dag.py for tasks to queue
[2023-09-13T08:05:09.131+0000] {logging_mixin.py:149} INFO - [2023-09-13T08:05:09.131+0000] {dagbag.py:541} INFO - Filling up the DagBag from /home/airflow/.local/lib/python3.7/site-packages/airflow/example_dags/tutorial_dag.py
[2023-09-13T08:05:09.151+0000] {processor.py:809} INFO - DAG(s) dict_keys(['tutorial_dag']) retrieved from /home/airflow/.local/lib/python3.7/site-packages/airflow/example_dags/tutorial_dag.py
[2023-09-13T08:05:09.273+0000] {logging_mixin.py:149} INFO - [2023-09-13T08:05:09.272+0000] {dag.py:2726} INFO - Sync 1 DAGs
[2023-09-13T08:05:09.500+0000] {logging_mixin.py:149} INFO - [2023-09-13T08:05:09.490+0000] {dag.py:3490} INFO - Setting next_dagrun for tutorial_dag to None, run_after=None
[2023-09-13T08:05:09.614+0000] {processor.py:178} INFO - Processing /home/airflow/.local/lib/python3.7/site-packages/airflow/example_dags/tutorial_dag.py took 0.513 seconds
[2023-09-13T08:05:42.448+0000] {processor.py:156} INFO - Started process (PID=838) to work on /home/airflow/.local/lib/python3.7/site-packages/airflow/example_dags/tutorial_dag.py
[2023-09-13T08:05:42.451+0000] {processor.py:799} INFO - Processing file /home/airflow/.local/lib/python3.7/site-packages/airflow/example_dags/tutorial_dag.py for tasks to queue
[2023-09-13T08:05:42.467+0000] {logging_mixin.py:149} INFO - [2023-09-13T08:05:42.467+0000] {dagbag.py:541} INFO - Filling up the DagBag from /home/airflow/.local/lib/python3.7/site-packages/airflow/example_dags/tutorial_dag.py
[2023-09-13T08:05:42.556+0000] {processor.py:809} INFO - DAG(s) dict_keys(['tutorial_dag']) retrieved from /home/airflow/.local/lib/python3.7/site-packages/airflow/example_dags/tutorial_dag.py
[2023-09-13T08:05:42.888+0000] {logging_mixin.py:149} INFO - [2023-09-13T08:05:42.877+0000] {dag.py:2726} INFO - Sync 1 DAGs
[2023-09-13T08:05:43.150+0000] {logging_mixin.py:149} INFO - [2023-09-13T08:05:43.149+0000] {dag.py:3490} INFO - Setting next_dagrun for tutorial_dag to None, run_after=None
[2023-09-13T08:05:43.328+0000] {processor.py:178} INFO - Processing /home/airflow/.local/lib/python3.7/site-packages/airflow/example_dags/tutorial_dag.py took 0.901 seconds
[2023-09-13T08:06:14.275+0000] {processor.py:156} INFO - Started process (PID=905) to work on /home/airflow/.local/lib/python3.7/site-packages/airflow/example_dags/tutorial_dag.py
[2023-09-13T08:06:14.286+0000] {processor.py:799} INFO - Processing file /home/airflow/.local/lib/python3.7/site-packages/airflow/example_dags/tutorial_dag.py for tasks to queue
[2023-09-13T08:06:14.289+0000] {logging_mixin.py:149} INFO - [2023-09-13T08:06:14.289+0000] {dagbag.py:541} INFO - Filling up the DagBag from /home/airflow/.local/lib/python3.7/site-packages/airflow/example_dags/tutorial_dag.py
[2023-09-13T08:06:14.302+0000] {processor.py:809} INFO - DAG(s) dict_keys(['tutorial_dag']) retrieved from /home/airflow/.local/lib/python3.7/site-packages/airflow/example_dags/tutorial_dag.py
[2023-09-13T08:06:14.420+0000] {logging_mixin.py:149} INFO - [2023-09-13T08:06:14.419+0000] {dag.py:2726} INFO - Sync 1 DAGs
[2023-09-13T08:06:14.551+0000] {logging_mixin.py:149} INFO - [2023-09-13T08:06:14.551+0000] {dag.py:3490} INFO - Setting next_dagrun for tutorial_dag to None, run_after=None
[2023-09-13T08:06:14.653+0000] {processor.py:178} INFO - Processing /home/airflow/.local/lib/python3.7/site-packages/airflow/example_dags/tutorial_dag.py took 0.387 seconds
[2023-09-13T08:06:44.894+0000] {processor.py:156} INFO - Started process (PID=965) to work on /home/airflow/.local/lib/python3.7/site-packages/airflow/example_dags/tutorial_dag.py
[2023-09-13T08:06:44.897+0000] {processor.py:799} INFO - Processing file /home/airflow/.local/lib/python3.7/site-packages/airflow/example_dags/tutorial_dag.py for tasks to queue
[2023-09-13T08:06:44.900+0000] {logging_mixin.py:149} INFO - [2023-09-13T08:06:44.899+0000] {dagbag.py:541} INFO - Filling up the DagBag from /home/airflow/.local/lib/python3.7/site-packages/airflow/example_dags/tutorial_dag.py
[2023-09-13T08:06:44.926+0000] {processor.py:809} INFO - DAG(s) dict_keys(['tutorial_dag']) retrieved from /home/airflow/.local/lib/python3.7/site-packages/airflow/example_dags/tutorial_dag.py
[2023-09-13T08:06:45.067+0000] {logging_mixin.py:149} INFO - [2023-09-13T08:06:45.057+0000] {dag.py:2726} INFO - Sync 1 DAGs
[2023-09-13T08:06:45.201+0000] {logging_mixin.py:149} INFO - [2023-09-13T08:06:45.200+0000] {dag.py:3490} INFO - Setting next_dagrun for tutorial_dag to None, run_after=None
[2023-09-13T08:06:45.311+0000] {processor.py:178} INFO - Processing /home/airflow/.local/lib/python3.7/site-packages/airflow/example_dags/tutorial_dag.py took 0.428 seconds
[2023-09-13T08:07:15.569+0000] {processor.py:156} INFO - Started process (PID=1025) to work on /home/airflow/.local/lib/python3.7/site-packages/airflow/example_dags/tutorial_dag.py
[2023-09-13T08:07:15.572+0000] {processor.py:799} INFO - Processing file /home/airflow/.local/lib/python3.7/site-packages/airflow/example_dags/tutorial_dag.py for tasks to queue
[2023-09-13T08:07:15.575+0000] {logging_mixin.py:149} INFO - [2023-09-13T08:07:15.574+0000] {dagbag.py:541} INFO - Filling up the DagBag from /home/airflow/.local/lib/python3.7/site-packages/airflow/example_dags/tutorial_dag.py
[2023-09-13T08:07:15.591+0000] {processor.py:809} INFO - DAG(s) dict_keys(['tutorial_dag']) retrieved from /home/airflow/.local/lib/python3.7/site-packages/airflow/example_dags/tutorial_dag.py
[2023-09-13T08:07:15.684+0000] {logging_mixin.py:149} INFO - [2023-09-13T08:07:15.683+0000] {dag.py:2726} INFO - Sync 1 DAGs
[2023-09-13T08:07:15.821+0000] {logging_mixin.py:149} INFO - [2023-09-13T08:07:15.821+0000] {dag.py:3490} INFO - Setting next_dagrun for tutorial_dag to None, run_after=None
[2023-09-13T08:07:15.902+0000] {processor.py:178} INFO - Processing /home/airflow/.local/lib/python3.7/site-packages/airflow/example_dags/tutorial_dag.py took 0.340 seconds
[2023-09-13T08:07:46.421+0000] {processor.py:156} INFO - Started process (PID=1085) to work on /home/airflow/.local/lib/python3.7/site-packages/airflow/example_dags/tutorial_dag.py
[2023-09-13T08:07:46.424+0000] {processor.py:799} INFO - Processing file /home/airflow/.local/lib/python3.7/site-packages/airflow/example_dags/tutorial_dag.py for tasks to queue
[2023-09-13T08:07:46.427+0000] {logging_mixin.py:149} INFO - [2023-09-13T08:07:46.427+0000] {dagbag.py:541} INFO - Filling up the DagBag from /home/airflow/.local/lib/python3.7/site-packages/airflow/example_dags/tutorial_dag.py
[2023-09-13T08:07:46.441+0000] {processor.py:809} INFO - DAG(s) dict_keys(['tutorial_dag']) retrieved from /home/airflow/.local/lib/python3.7/site-packages/airflow/example_dags/tutorial_dag.py
[2023-09-13T08:07:46.499+0000] {logging_mixin.py:149} INFO - [2023-09-13T08:07:46.499+0000] {dag.py:2726} INFO - Sync 1 DAGs
[2023-09-13T08:07:46.570+0000] {logging_mixin.py:149} INFO - [2023-09-13T08:07:46.569+0000] {dag.py:3490} INFO - Setting next_dagrun for tutorial_dag to None, run_after=None
[2023-09-13T08:07:46.622+0000] {processor.py:178} INFO - Processing /home/airflow/.local/lib/python3.7/site-packages/airflow/example_dags/tutorial_dag.py took 0.209 seconds
[2023-09-13T08:08:17.360+0000] {processor.py:156} INFO - Started process (PID=1145) to work on /home/airflow/.local/lib/python3.7/site-packages/airflow/example_dags/tutorial_dag.py
[2023-09-13T08:08:17.363+0000] {processor.py:799} INFO - Processing file /home/airflow/.local/lib/python3.7/site-packages/airflow/example_dags/tutorial_dag.py for tasks to queue
[2023-09-13T08:08:17.365+0000] {logging_mixin.py:149} INFO - [2023-09-13T08:08:17.365+0000] {dagbag.py:541} INFO - Filling up the DagBag from /home/airflow/.local/lib/python3.7/site-packages/airflow/example_dags/tutorial_dag.py
[2023-09-13T08:08:17.380+0000] {processor.py:809} INFO - DAG(s) dict_keys(['tutorial_dag']) retrieved from /home/airflow/.local/lib/python3.7/site-packages/airflow/example_dags/tutorial_dag.py
[2023-09-13T08:08:17.458+0000] {logging_mixin.py:149} INFO - [2023-09-13T08:08:17.458+0000] {dag.py:2726} INFO - Sync 1 DAGs
[2023-09-13T08:08:17.529+0000] {logging_mixin.py:149} INFO - [2023-09-13T08:08:17.528+0000] {dag.py:3490} INFO - Setting next_dagrun for tutorial_dag to None, run_after=None
[2023-09-13T08:08:17.597+0000] {processor.py:178} INFO - Processing /home/airflow/.local/lib/python3.7/site-packages/airflow/example_dags/tutorial_dag.py took 0.248 seconds
[2023-09-13T08:08:47.867+0000] {processor.py:156} INFO - Started process (PID=1205) to work on /home/airflow/.local/lib/python3.7/site-packages/airflow/example_dags/tutorial_dag.py
[2023-09-13T08:08:47.876+0000] {processor.py:799} INFO - Processing file /home/airflow/.local/lib/python3.7/site-packages/airflow/example_dags/tutorial_dag.py for tasks to queue
[2023-09-13T08:08:47.880+0000] {logging_mixin.py:149} INFO - [2023-09-13T08:08:47.880+0000] {dagbag.py:541} INFO - Filling up the DagBag from /home/airflow/.local/lib/python3.7/site-packages/airflow/example_dags/tutorial_dag.py
[2023-09-13T08:08:47.893+0000] {processor.py:809} INFO - DAG(s) dict_keys(['tutorial_dag']) retrieved from /home/airflow/.local/lib/python3.7/site-packages/airflow/example_dags/tutorial_dag.py
[2023-09-13T08:08:47.953+0000] {logging_mixin.py:149} INFO - [2023-09-13T08:08:47.952+0000] {dag.py:2726} INFO - Sync 1 DAGs
[2023-09-13T08:08:48.035+0000] {logging_mixin.py:149} INFO - [2023-09-13T08:08:48.034+0000] {dag.py:3490} INFO - Setting next_dagrun for tutorial_dag to None, run_after=None
[2023-09-13T08:08:48.099+0000] {processor.py:178} INFO - Processing /home/airflow/.local/lib/python3.7/site-packages/airflow/example_dags/tutorial_dag.py took 0.241 seconds
[2023-09-13T08:09:18.441+0000] {processor.py:156} INFO - Started process (PID=1265) to work on /home/airflow/.local/lib/python3.7/site-packages/airflow/example_dags/tutorial_dag.py
[2023-09-13T08:09:18.444+0000] {processor.py:799} INFO - Processing file /home/airflow/.local/lib/python3.7/site-packages/airflow/example_dags/tutorial_dag.py for tasks to queue
[2023-09-13T08:09:18.447+0000] {logging_mixin.py:149} INFO - [2023-09-13T08:09:18.447+0000] {dagbag.py:541} INFO - Filling up the DagBag from /home/airflow/.local/lib/python3.7/site-packages/airflow/example_dags/tutorial_dag.py
[2023-09-13T08:09:18.458+0000] {processor.py:809} INFO - DAG(s) dict_keys(['tutorial_dag']) retrieved from /home/airflow/.local/lib/python3.7/site-packages/airflow/example_dags/tutorial_dag.py
[2023-09-13T08:09:18.525+0000] {logging_mixin.py:149} INFO - [2023-09-13T08:09:18.522+0000] {dag.py:2726} INFO - Sync 1 DAGs
[2023-09-13T08:09:18.589+0000] {logging_mixin.py:149} INFO - [2023-09-13T08:09:18.589+0000] {dag.py:3490} INFO - Setting next_dagrun for tutorial_dag to None, run_after=None
[2023-09-13T08:09:18.642+0000] {processor.py:178} INFO - Processing /home/airflow/.local/lib/python3.7/site-packages/airflow/example_dags/tutorial_dag.py took 0.206 seconds
[2023-09-13T08:09:48.956+0000] {processor.py:156} INFO - Started process (PID=1325) to work on /home/airflow/.local/lib/python3.7/site-packages/airflow/example_dags/tutorial_dag.py
[2023-09-13T08:09:48.965+0000] {processor.py:799} INFO - Processing file /home/airflow/.local/lib/python3.7/site-packages/airflow/example_dags/tutorial_dag.py for tasks to queue
[2023-09-13T08:09:48.969+0000] {logging_mixin.py:149} INFO - [2023-09-13T08:09:48.968+0000] {dagbag.py:541} INFO - Filling up the DagBag from /home/airflow/.local/lib/python3.7/site-packages/airflow/example_dags/tutorial_dag.py
[2023-09-13T08:09:48.990+0000] {processor.py:809} INFO - DAG(s) dict_keys(['tutorial_dag']) retrieved from /home/airflow/.local/lib/python3.7/site-packages/airflow/example_dags/tutorial_dag.py
[2023-09-13T08:09:49.061+0000] {logging_mixin.py:149} INFO - [2023-09-13T08:09:49.061+0000] {dag.py:2726} INFO - Sync 1 DAGs
[2023-09-13T08:09:49.133+0000] {logging_mixin.py:149} INFO - [2023-09-13T08:09:49.133+0000] {dag.py:3490} INFO - Setting next_dagrun for tutorial_dag to None, run_after=None
[2023-09-13T08:09:49.193+0000] {processor.py:178} INFO - Processing /home/airflow/.local/lib/python3.7/site-packages/airflow/example_dags/tutorial_dag.py took 0.243 seconds
[2023-09-13T08:10:19.355+0000] {processor.py:156} INFO - Started process (PID=1385) to work on /home/airflow/.local/lib/python3.7/site-packages/airflow/example_dags/tutorial_dag.py
[2023-09-13T08:10:19.358+0000] {processor.py:799} INFO - Processing file /home/airflow/.local/lib/python3.7/site-packages/airflow/example_dags/tutorial_dag.py for tasks to queue
[2023-09-13T08:10:19.361+0000] {logging_mixin.py:149} INFO - [2023-09-13T08:10:19.360+0000] {dagbag.py:541} INFO - Filling up the DagBag from /home/airflow/.local/lib/python3.7/site-packages/airflow/example_dags/tutorial_dag.py
[2023-09-13T08:10:19.371+0000] {processor.py:809} INFO - DAG(s) dict_keys(['tutorial_dag']) retrieved from /home/airflow/.local/lib/python3.7/site-packages/airflow/example_dags/tutorial_dag.py
[2023-09-13T08:10:19.431+0000] {logging_mixin.py:149} INFO - [2023-09-13T08:10:19.430+0000] {dag.py:2726} INFO - Sync 1 DAGs
[2023-09-13T08:10:19.498+0000] {logging_mixin.py:149} INFO - [2023-09-13T08:10:19.497+0000] {dag.py:3490} INFO - Setting next_dagrun for tutorial_dag to None, run_after=None
[2023-09-13T08:10:19.560+0000] {processor.py:178} INFO - Processing /home/airflow/.local/lib/python3.7/site-packages/airflow/example_dags/tutorial_dag.py took 0.212 seconds
[2023-09-13T08:10:50.481+0000] {processor.py:156} INFO - Started process (PID=1445) to work on /home/airflow/.local/lib/python3.7/site-packages/airflow/example_dags/tutorial_dag.py
[2023-09-13T08:10:50.486+0000] {processor.py:799} INFO - Processing file /home/airflow/.local/lib/python3.7/site-packages/airflow/example_dags/tutorial_dag.py for tasks to queue
[2023-09-13T08:10:50.489+0000] {logging_mixin.py:149} INFO - [2023-09-13T08:10:50.489+0000] {dagbag.py:541} INFO - Filling up the DagBag from /home/airflow/.local/lib/python3.7/site-packages/airflow/example_dags/tutorial_dag.py
[2023-09-13T08:10:50.510+0000] {processor.py:809} INFO - DAG(s) dict_keys(['tutorial_dag']) retrieved from /home/airflow/.local/lib/python3.7/site-packages/airflow/example_dags/tutorial_dag.py
[2023-09-13T08:10:50.593+0000] {logging_mixin.py:149} INFO - [2023-09-13T08:10:50.592+0000] {dag.py:2726} INFO - Sync 1 DAGs
[2023-09-13T08:10:50.681+0000] {logging_mixin.py:149} INFO - [2023-09-13T08:10:50.681+0000] {dag.py:3490} INFO - Setting next_dagrun for tutorial_dag to None, run_after=None
[2023-09-13T08:10:50.749+0000] {processor.py:178} INFO - Processing /home/airflow/.local/lib/python3.7/site-packages/airflow/example_dags/tutorial_dag.py took 0.277 seconds
[2023-09-13T08:11:21.018+0000] {processor.py:156} INFO - Started process (PID=1505) to work on /home/airflow/.local/lib/python3.7/site-packages/airflow/example_dags/tutorial_dag.py
[2023-09-13T08:11:21.021+0000] {processor.py:799} INFO - Processing file /home/airflow/.local/lib/python3.7/site-packages/airflow/example_dags/tutorial_dag.py for tasks to queue
[2023-09-13T08:11:21.024+0000] {logging_mixin.py:149} INFO - [2023-09-13T08:11:21.023+0000] {dagbag.py:541} INFO - Filling up the DagBag from /home/airflow/.local/lib/python3.7/site-packages/airflow/example_dags/tutorial_dag.py
[2023-09-13T08:11:21.035+0000] {processor.py:809} INFO - DAG(s) dict_keys(['tutorial_dag']) retrieved from /home/airflow/.local/lib/python3.7/site-packages/airflow/example_dags/tutorial_dag.py
[2023-09-13T08:11:21.113+0000] {logging_mixin.py:149} INFO - [2023-09-13T08:11:21.113+0000] {dag.py:2726} INFO - Sync 1 DAGs
[2023-09-13T08:11:21.201+0000] {logging_mixin.py:149} INFO - [2023-09-13T08:11:21.201+0000] {dag.py:3490} INFO - Setting next_dagrun for tutorial_dag to None, run_after=None
[2023-09-13T08:11:21.262+0000] {processor.py:178} INFO - Processing /home/airflow/.local/lib/python3.7/site-packages/airflow/example_dags/tutorial_dag.py took 0.251 seconds
[2023-09-13T08:11:51.806+0000] {processor.py:156} INFO - Started process (PID=1565) to work on /home/airflow/.local/lib/python3.7/site-packages/airflow/example_dags/tutorial_dag.py
[2023-09-13T08:11:51.809+0000] {processor.py:799} INFO - Processing file /home/airflow/.local/lib/python3.7/site-packages/airflow/example_dags/tutorial_dag.py for tasks to queue
[2023-09-13T08:11:51.811+0000] {logging_mixin.py:149} INFO - [2023-09-13T08:11:51.811+0000] {dagbag.py:541} INFO - Filling up the DagBag from /home/airflow/.local/lib/python3.7/site-packages/airflow/example_dags/tutorial_dag.py
[2023-09-13T08:11:51.820+0000] {processor.py:809} INFO - DAG(s) dict_keys(['tutorial_dag']) retrieved from /home/airflow/.local/lib/python3.7/site-packages/airflow/example_dags/tutorial_dag.py
[2023-09-13T08:11:51.883+0000] {logging_mixin.py:149} INFO - [2023-09-13T08:11:51.883+0000] {dag.py:2726} INFO - Sync 1 DAGs
[2023-09-13T08:11:51.939+0000] {logging_mixin.py:149} INFO - [2023-09-13T08:11:51.939+0000] {dag.py:3490} INFO - Setting next_dagrun for tutorial_dag to None, run_after=None
[2023-09-13T08:11:51.985+0000] {processor.py:178} INFO - Processing /home/airflow/.local/lib/python3.7/site-packages/airflow/example_dags/tutorial_dag.py took 0.185 seconds
[2023-09-13T08:12:22.560+0000] {processor.py:156} INFO - Started process (PID=1625) to work on /home/airflow/.local/lib/python3.7/site-packages/airflow/example_dags/tutorial_dag.py
[2023-09-13T08:12:22.563+0000] {processor.py:799} INFO - Processing file /home/airflow/.local/lib/python3.7/site-packages/airflow/example_dags/tutorial_dag.py for tasks to queue
[2023-09-13T08:12:22.566+0000] {logging_mixin.py:149} INFO - [2023-09-13T08:12:22.566+0000] {dagbag.py:541} INFO - Filling up the DagBag from /home/airflow/.local/lib/python3.7/site-packages/airflow/example_dags/tutorial_dag.py
[2023-09-13T08:12:22.575+0000] {processor.py:809} INFO - DAG(s) dict_keys(['tutorial_dag']) retrieved from /home/airflow/.local/lib/python3.7/site-packages/airflow/example_dags/tutorial_dag.py
[2023-09-13T08:12:22.615+0000] {logging_mixin.py:149} INFO - [2023-09-13T08:12:22.614+0000] {dag.py:2726} INFO - Sync 1 DAGs
[2023-09-13T08:12:22.672+0000] {logging_mixin.py:149} INFO - [2023-09-13T08:12:22.671+0000] {dag.py:3490} INFO - Setting next_dagrun for tutorial_dag to None, run_after=None
[2023-09-13T08:12:22.725+0000] {processor.py:178} INFO - Processing /home/airflow/.local/lib/python3.7/site-packages/airflow/example_dags/tutorial_dag.py took 0.173 seconds
[2023-09-13T08:12:53.294+0000] {processor.py:156} INFO - Started process (PID=1686) to work on /home/airflow/.local/lib/python3.7/site-packages/airflow/example_dags/tutorial_dag.py
[2023-09-13T08:12:53.299+0000] {processor.py:799} INFO - Processing file /home/airflow/.local/lib/python3.7/site-packages/airflow/example_dags/tutorial_dag.py for tasks to queue
[2023-09-13T08:12:53.303+0000] {logging_mixin.py:149} INFO - [2023-09-13T08:12:53.303+0000] {dagbag.py:541} INFO - Filling up the DagBag from /home/airflow/.local/lib/python3.7/site-packages/airflow/example_dags/tutorial_dag.py
[2023-09-13T08:12:53.324+0000] {processor.py:809} INFO - DAG(s) dict_keys(['tutorial_dag']) retrieved from /home/airflow/.local/lib/python3.7/site-packages/airflow/example_dags/tutorial_dag.py
[2023-09-13T08:12:53.411+0000] {logging_mixin.py:149} INFO - [2023-09-13T08:12:53.410+0000] {dag.py:2726} INFO - Sync 1 DAGs
[2023-09-13T08:12:53.502+0000] {logging_mixin.py:149} INFO - [2023-09-13T08:12:53.501+0000] {dag.py:3490} INFO - Setting next_dagrun for tutorial_dag to None, run_after=None
[2023-09-13T08:12:53.577+0000] {processor.py:178} INFO - Processing /home/airflow/.local/lib/python3.7/site-packages/airflow/example_dags/tutorial_dag.py took 0.297 seconds
[2023-09-13T09:26:10.016+0000] {processor.py:156} INFO - Started process (PID=49) to work on /home/airflow/.local/lib/python3.7/site-packages/airflow/example_dags/tutorial_dag.py
[2023-09-13T09:26:10.018+0000] {processor.py:799} INFO - Processing file /home/airflow/.local/lib/python3.7/site-packages/airflow/example_dags/tutorial_dag.py for tasks to queue
[2023-09-13T09:26:10.020+0000] {logging_mixin.py:149} INFO - [2023-09-13T09:26:10.020+0000] {dagbag.py:541} INFO - Filling up the DagBag from /home/airflow/.local/lib/python3.7/site-packages/airflow/example_dags/tutorial_dag.py
[2023-09-13T09:26:10.033+0000] {processor.py:809} INFO - DAG(s) dict_keys(['tutorial_dag']) retrieved from /home/airflow/.local/lib/python3.7/site-packages/airflow/example_dags/tutorial_dag.py
[2023-09-13T09:26:10.075+0000] {logging_mixin.py:149} INFO - [2023-09-13T09:26:10.074+0000] {dag.py:2726} INFO - Sync 1 DAGs
[2023-09-13T09:26:10.120+0000] {logging_mixin.py:149} INFO - [2023-09-13T09:26:10.120+0000] {dag.py:3490} INFO - Setting next_dagrun for tutorial_dag to None, run_after=None
[2023-09-13T09:26:10.151+0000] {processor.py:178} INFO - Processing /home/airflow/.local/lib/python3.7/site-packages/airflow/example_dags/tutorial_dag.py took 0.141 seconds
